
*****DEFINITION*****
배고픔은 그녀로 하여금 도둑질을 하게 만들었다 Hunger drove her to steal.

-----------------------------------

*****DEFINITION*****
(도구) tool, kit, implement; (의학·과학 등의 실험에 쓰이는) instrument 인간이 동물과 다른 점은 도구를 사용한다는 것이다 Human beings differ from other animals in that humans use tools. 3개 뜻 더보기 : (도구) tool, kit, implement; (의학·과학 등의 실험에 쓰이는) instrument
道
길 도 1. 길 2. 도리(道理), 이치(理致) 3. 재주 4. 방법(方法), 술책(術策) 5. 근원(根源), 바탕 6. 기능(機能), 작용(作用) 7. 주의(主義), 사상(思想) 8. 제도(制度) 9. 기예(技藝) 10. 불교(佛敎) 11. 승려(僧侶)... [부수]辶(책받침) [총획]13획 [난이도]중학용, 읽기 7급II, 쓰기 6급
報道
보도
①일반(一般)에게 알리는 새로운 소식(消息) 　②새로운 소식(消息)을 일반(一般)에게 알림
道路
도로
사람이나 차가 다닐 수 있게 만든 길
軌道
궤도
①차가 지나다니는 길 　②물체(物體)가 일정(一定)한 힘에 의(依)해 움직이는 경로(經路)
道理
도리
①사람이 마땅히 행(行)해야 할 바른 길 　②사물(事物)의 정당(正當)한 이치(理致). 이(理). 방도(方道)와 사리(事理)

具
갖출 구 1. 갖추다, 갖추어지다 2. 구비하다(具備--) 3. 온전하다(穩全--), 족하다 4. 모두 5. 일일이 6. 자세히(仔細ㆍ子細-), 상세히 7. 함께, 다 같이 8. 차림 9. 그릇, 연장 10. 설비, 준비(準備) 11. 힘,... [부수]八(여덟팔) [총획]8획 [난이도]고등용, 읽기 5급II, 쓰기 4급II
具體的
구체적
사물(事物)이 뚜렷한 실체(實體)를 갖추고 실제(實際)의 형체(形體)ㆍ내용(內容)을 가지고 있는 모양(模樣)
道具
도구
①일에 쓰이는 여러 가지 연장, 제구(諸具) 　②불도(佛道)를 닦는 데 쓰는 기구(器具)의 총칭(總稱), 불상(佛像)ㆍ포단(布團)ㆍ바리때 등(等)
器具
기구
①＇세간ㆍ그릇ㆍ도구(道具)＇ 따위의 통틀어 일컬음. 집물(什物) 　②구조(構造)나 조작(操作) 따위가 간단(簡單)한 기계(機械)
具備
구비
①빠짐없이 차림 　②고루 갖추어 있음


-----------------------------------

*****DEFINITION*****
[명사] reconciliation (with/between) , [동사] reconcile (with), be reconciled (with), make up (with), make (one's) peace (with) 화해를 청하다 request[ask for] reconciliation
和
화할 화 1. 화하다(和--: 서로 뜻이 맞아 사이 좋은 상태가 되다) 2. 화목하다(和睦--) 3. 온화하다(溫和--) 4. 순하다(順--) 5. 화해하다(和解--) 6. 같다 7. 서로 응하다(應--) 8. 합치다(合--) 9. 허가하다(許可--)... [부수]口(입구) [총획]8획 [난이도]중학용, 읽기 6급II, 쓰기 5급II
緩和
완화
급박(急迫)하거나 긴장(緊張)된 상태(狀態)를 느슨하게 함
平和
평화
①평온(平穩)하고 화목(和睦)함 　②화합(和合)하고 안온(安穩)함 　③전쟁(戰爭)이 없이 세상(世上)이 평온(平穩)함
調和
조화
서로 잘 어울림
和解
화해
①다툼질을 서로 그치고 풂　②소송(訴訟) 또는 분쟁(紛爭) 당사자(當事者)가 서로 양보(讓步)하여 상호(相互) 간(間)의 분쟁(紛爭)을 그치기로 약속(約束)함으로써 성립(成立)하는 계약(契約)　③위장(胃腸)을...

解
풀 해 1. 풀다, 벗다, 깨닫다, 설명하다(說明--) 2. 풀이하다 3. 깨닫다 4. 통달하다(通達--) 5. 가르다, 분할하다(分割--), 떼어내다 6. 느슨해지다 7. 떨어지다, 빠지다 8. 벗기다 9. 흩어지다, 떠나가다 10.... [부수]角(뿔각) [총획]13획 [난이도]중학용, 읽기 4급II, 쓰기 3급II
解決
해결
①얽힌 일을 풀어 처리(處理)함 　②문제(問題)를 풀어서 결말(結末)을 지음 　③안어울림음을 어울림음으로 이끄는 일 따위
理解
이해
①사리(事理)를 분별(分別)하여 해석(解釋)함 　②깨달아 알아들음
解消
해소
어떤 상태(狀態)나 관계(關係)를 풀어 없앰
解弛
해이
마음의 긴장(緊張), 규율(規律) 등(等)이 풀리어 느즈러짐


-----------------------------------

*****DEFINITION*****
(희망) hope, bright future[prospect] 인생에 한 줄기 광명을 발견하다 find a ray[gleam] of hope in life
光
빛 광 1. 빛, 어둠을 물리치는 빛 2. 세월(歲月) 3. 기세(氣勢), 세력(勢力), 기운(눈에는 보이지 않으나 오관(五官)으로 느껴지는 현상) 4. 경치(景致), 풍경(風景) 5. 명예(名譽), 영예(榮譽) 6. 문화(文化),... [부수]儿(어진사람인발) [총획]6획 [난이도]중학용, 읽기 6급II, 쓰기 5급II
觀光
관광
다른 지방(地方)이나 나라의 명승(名勝)ㆍ고적(古蹟)과 풍속(風俗) 등(等)을 돌아다니며 구경하는 것
榮光
영광
경쟁(競爭)에서 이기거나, 남이 하지 못한 어려운 일을 해냈을 때의 빛나는 영예(榮譽)
觀光客
관광객
관광(觀光)하러 다니는 이
月光
월광
달빛. 달에서 비쳐 오는 빛

明
밝을 명 1. 밝다 2. 밝히다 3. 날새다 4. 나타나다, 명료(明瞭)하게 드러나다 5. 똑똑하다 6. 깨끗하다, 결백하다(潔白--) 7. 희다, 하얗다 8. 질서(秩序)가 서다 9. 갖추어지다 10. 높이다, 숭상하다(崇尙--),... [부수]日(날일) [총획]8획 [난이도]중학용, 읽기 6급II, 쓰기 5급II
說明
설명
①일정(一定)한 내용(內容)을 상대편(相對便)이 잘 알 수 있도록 풀어 밝힘, 또는 그 말 　②일정(一定)한 사물(事物)의 있는 그대로의 상태(狀態)를 밝힐 뿐만 아니라, 그것이 어떠한 법칙(法則)에 의(依)해서...
糾明
규명
자세(仔細)히 캐고 따져 사실(事實)을 밝힘
闡明
천명
사실(事實)이나 의사(意思)를 분명(分明)하게 드러내서 밝힘
透明
투명
①흐리지 않고 속까지 환히 트여 밝음 　②물체(物體)가 광선(光線)을 통과(通過)시킴. 빛은 물질(物質) 속을 지날 때 항상(恒常) 어느 정도(程度) 흡수(吸收)되는 데 그 정도(程度)가 약할 때를 이름


-----------------------------------

*****DEFINITION*****
19세기가 끝날 무렵에 toward the end of the 19th century

-----------------------------------

*****DEFINITION*****
(식물) a dodder, love vine

-----------------------------------

*****DEFINITION*****
a longing[yearning, craving] (for), an eager[earnest] desire (for), an ardent wish (for), thirst (for), lust (for, of), an aspiration, 갈망하다 long[crave, yearn] (for) , thirst (after, for), desire eagerly, be eager[anxious] (for) 남북 통일을 갈망하다 have intense aspirations for unification of North and South (Korea)
渴
목마를 갈,물 잦을 걸,물 거슬러 흐를 할 1. 목마르다 2. 갈증이 나다 3. 서두르다 4. 급하다(急--) 5. 갈증(渴症) a. 물이 잦다(액체가 속으로 스며들거나 점점 졸아들어 없어지다) (걸) b. 물이 마르다 (걸) c. 물이 거슬러 흐르다 (할) [부수]氵(삼수변) [총획]12획 [난이도]중학용, 읽기 3급, 쓰기 2급
枯渴
고갈
①(흐르거나 괴어 있던 물이)말라서 없어짐. 마름. 말라 붙음 　②(돈이나 물건(物件)ㆍ자료(資料)ㆍ자원(資源) 같은 것이)다하여 없어짐 　③(느끼는 충동이나 떠오르는 생각이)전혀 없어짐
渴求
갈구
몹시 애타게 구(求)하는 것
渴望
갈망
목마른 사람이 물을 찾듯이 간절(懇切)히 바람
渴症
갈증
①목이 말라 물이 먹고 싶은 느낌 　②갈급증(渴急症)의 준말

望
바랄 망,보름 망 1. 바라다, 기다리다 2. 기대하다(期待ㆍ企待--), 희망하다(希望--) 3. 그리워하다 4. 바라보다 5. 망보다(望--), 엿보다 6. 원망하다(怨望--), 책망하다(責望--) 7. 보름, 음력(陰曆) 매월 15일 8. 전망(展望),... [부수]月(달월) [총획]11획 [난이도]중학용, 읽기 5급II, 쓰기 4급II
展望
전망
①멀리 바라봄 　②또는 경치(景致) 　③앞날에 있어서의 일의 형세(形勢) 　④앞날을 내다봄
希望
희망
①앞일에 대(對)하여 기대(期待)를 가지고 바람 　②좋은 결과(結果)를 기대(期待)하는 마음 　③또는 밝은 전망(展望)
失望
실망
①희망(希望)을 잃어버림 　②일이 뜻대로 되지 않아 낙심(落心)함
絶望
절망
①모든 기대(期待)를 저버리고 체념(諦念)함 　②희망(希望)이 없음


-----------------------------------

*****DEFINITION*****
(formal) enmity (between), hostility (toward), antagonism (between), animosity, bad blood (between) 두 남자 사이의 반목과 대립은 여전히 남아 있다 The enmity[bad blood] between the two men still remains.
反
돌이킬 반,돌아올 반,어려울 번,삼갈 판 1. 돌이키다 2. 돌아오다, 되돌아가다 3. 되풀이하다, 반복하다(反復--) 4. 뒤집다, 뒤엎다 5. 배반하다(背反ㆍ背叛--) 6. 어기다, 어긋나다 7. 반대하다(反對--) 8. 물러나다, 후퇴하다(後退--) 9. 보... [부수]又(또우) [총획]4획 [난이도]중학용, 읽기 6급II, 쓰기 5급II
反撥
반발
①되받아서 퉁김 　②반향하여 받아들이지 아니함 　③떨어진 시세(時勢)가 갑자기 오름
反對
반대
①두 사물(事物)이 맞서 있는 상태(狀態) 　②무엇에 맞서서 거스름 　③사물(事物)의 위치(位置)ㆍ방향(方向)ㆍ순서(順序) 따위가 정상(正常)이 아니고 거꾸로 됨, 또는 그러한 상태(狀態) 　④어떤 ...
反駁
반박
①남의 의견(意見)에 반대(反對)하여 논박(論駁)함 　②또는, 남에게서 받은 비난(非難) 공격(攻擊)에 대(對)하여 도리어 논란(論難)함
反映
반영
①반사(反射)하여 비침 　②어떤 영향(影響)을 받아 사실(事實)로 나타냄

目
눈 목 1. 눈(감각 기관) 2. 눈빛, 시력(視力) 3. 견해(見解), 안목(眼目) 4. 요점(要點) 5. 옹이, 그루터기(풀이나 나무 따위의 아랫동아리) 6. 제목(題目), 표제(標題ㆍ表題) 7. 목록(目錄) 8. 조목(條目),... [부수]目(눈목) [총획]5획 [난이도]중학용, 읽기 6급, 쓰기 5급
目標
목표
①목적(目的)을 이루기 위(爲)하여 실제적(實際的) 대상(對象)으로 삼는 것 　②가서 닿을 곳 　③어떤 일을 이루어 내려는 시간(時間) 상(上)의 한계(限界)
目的
목적
①이루려 하는 일 　②또는, 나아가려고 하는 방향(方向)
注目
주목
①어떤 사물(事物)을 주의(注意)해서 봄 　②시선을 모아 봄
刮目
괄목
전(前)에 비하여 딴판으로 학식(學識) 등(等)이 부쩍 늘어서 눈을 비비고 다시 봄


-----------------------------------

*****DEFINITION*****
(춤) a wild dance, a boisterous dance 난무하다 dance boisterously[wildly] 2개 뜻 더보기 : (춤) a wild dance, a boisterous dance 난무하다 dance boisterously[wildly]
亂
어지러울 난,어지러울 란 1. 어지럽다 2. 어지럽히다, 손상시키다(損傷---) 3. 다스리다 4. 음란하다(淫亂--), 간음하다(姦淫--) 5. 무도하다(無道--), 포악하다(暴惡--) 6. (물을)건너다 7. 가득 차다, 널리 퍼지다 8. 난리(亂離),... [부수]乙(새을) [총획]13획 [난이도]고등용, 읽기 4급, 쓰기 3급
混亂
혼란
①갈피를 잡을 수 없이 어지러움 　②질서(秩序)가 없이 뒤얽힘
搖亂
요란
①시끄럽고 어지러움. 요양(擾攘) 　②암석(巖石)ㆍ지층(地層) 등(等)의 처음 생긴 장소(場所)에서 일어나는 습곡(褶曲) 운동(運動)이나 단층(斷層) 운동(運動) 　③저ㆍ고기압(高氣壓), 전선(前線), 뇌우(雷雨)...
攪亂
교란
뒤흔들어서 어지럽게 함
淫亂
음란
음탕(淫蕩)하고 난잡(亂雜)함

舞
춤 출 무 1. 춤 추다 2. 뛰어다니다, 날아다니다 3. 희롱하다(戱弄--) 4. 북돋다 5. 고무하다(鼓舞--), 부추기다 6. 조롱하다(操弄--) 7. 춤, 무용(舞踊) [부수]舛(어그러질천) [총획]14획 [난이도]중학용, 읽기 4급, 쓰기 3급
舞臺
무대
노래, 춤, 연극(演劇) 따위를 하기 위(爲)하여 마련된 곳. 마음껏 재주를 시험(試驗)하고 발휘(發揮)할 수 있게 된 판
鼓舞
고무
①북을 쳐 춤을 추게함 　②격려(激勵)하여 기세(氣勢)를 돋움, 부추겨 용기(勇氣)가 생기게 함
舞踊
무용
춤
僧舞
승무
불교적(佛敎的)인 색채(色彩)가 짙은 독무(獨舞)로, 장삼(長衫)을 걸치고 고깔을 쓰고 두 개의 북채(北菜)를 쥐고 장삼을 뿌려 가며 추는 춤. 중처럼 차리고 추는 춤


-----------------------------------

*****DEFINITION*****
the Korean Peninsula 한반도의 긴장을 완화하다 relieve[defuse; alleviate] tension on the Korean Peninsula
韓
한국 한,나라 한 1. 대한민국(大韓民國)의 약칭(略稱) 2. 나라의 이름 3. 대한제국(大韓帝國)의 약칭(略稱) 4. 삼한의 통칭(通稱) 5. 전국 칠웅의 하나 6. 주나라(周--)의 제후국(諸侯國) 7. 우물 난간(欄干ㆍ欄杆) [부수]韋(가죽위) [총획]17획 [난이도]중학용, 읽기 8급, 쓰기 6급II
韓國
한국
대한민국(大韓民國)의 약칭(略稱)
北韓
북한
①한강(漢江) 이북(以北)의 한국(韓國) 　②중부(中部) 이북(以北)의 한국(韓國). 북조선(北朝鮮) 　③해방(解放) 후(後) 삼팔선 이북(以北)의 한국(韓國). 이북(以北) 　④한국(韓國) 동란 후(後) 휴...
韓半島
한반도
＇우리나라＇를 지형적(地形的)으로 일컫는 말
大韓民國
대한민국
아시아 대륙(大陸) 동북부(東北部)의 한반도(韓半島)에 위치(位置)하고 있는 민주(民主) 공화국(共和國). 수도(首都)는 서울 특별시(特別市). ROK

半
반 반 1. 반, 절반(折半) 2. 가운데 3. 한창, 절정, 가장 4. 반신불수(半身不隨) 5. 조각, 떨어진 한 부분(部分) 6. 가장 7. 똑같이 둘로 나누다 8. 반쪽을 내다 [부수]十(열십) [총획]5획 [난이도]중학용, 읽기 6급II, 쓰기 5급II
折半
절반
①하나를 둘로 똑같이 나눔. 일반(一半)　②또는, 그 반(半)
韓半島
한반도
＇우리나라＇를 지형적(地形的)으로 일컫는 말
半導體
반도체
규소(硅素)나 게르마늄 따위처럼, 낮은 온도(溫度)에서는 거의 전기(電氣)를 통(通)하지 않으나 열(熱)을 받음에 따라 전기(電氣)를 잘 통(通)하는 물질(物質). 정류기(整流器), 트랜지스터 등(等) 중요(重要)한...
上半期
상반기
한 해나 어떤 일정(一定)한 기간(期間)을 둘로 나눈 그 앞의 반 동안

島
섬 도 1. 섬 [부수]山(뫼산) [총획]10획 [난이도]중학용, 읽기 5급, 쓰기 4급
獨島
독도
경북(慶北) 울릉군(鬱陵郡) 울릉읍(鬱陵邑) 독도리(獨島里)에 딸린 섬
韓半島
한반도
＇우리나라＇를 지형적(地形的)으로 일컫는 말
汝矣島
여의도
서울 영등포(永登浦)구(永登浦區) 여의도동에 딸린 한강(漢江)의 하중도(河中島). 한강(漢江)에 발달(發達)한 범람원으로 영등포(永登浦) 쪽에 작은 샛강이 있음
鬱陵島
울릉도
경상북도(慶尙北道) 동쪽 동해(東海) 상(上)에 있는 섬


-----------------------------------

*****DEFINITION*****
(집단·사상 등이 갈라져 나뉨) [명사] division, split, segmentation; (기독교 종파의) schism, [동사] divide, be divided, be split, be disunited, be torn, break up 위원회는 내부 갈등으로 분열되었다 The committee was divided by internal conflicts. 2개 뜻 더보기 : (집단·사상 등이 갈라져 나뉨) [명사] division, split, segmentation; (기독교 종파의) schism, [동사] divide, be divided, be split, be disunited, be torn, break up
分
나눌 분,푼 푼 1. 나누다 2. 나누어 주다, 베풀어 주다 3. 나누어지다, 몇 개의 부분(部分)으로 갈라지다 4. 구별하다(區別--), 명백(明白)하게 하다 5. 헤어지다, 떨어져 나가다 6. 구별(區別), 다름 7. 나누어 맡은... [부수]刀(칼도) [총획]4획 [난이도]중학용, 읽기 6급II, 쓰기 5급II
分析
분석
①어떤 사물(事物)을 이루고 있는 각 성분(成分), 요소(要素)를 갈라냄 　②물질(物質)을 이루고 있는 원소(元素)를 갈라내고 그 원소(元素)의 양의 비를 알아내는 일 　③개념(槪念)을 그 속성(屬性)이나...
充分
충분
분량(分量)이 적적(寂寂)하여 모자람이 없음
部分
부분
전체(全體)를 몇으로 나눈 것의 하나하나
大部分
대부분
①반이 훨씬 넘는 수효(數爻)나 분량(分量) 　②거의 모두

裂
찢을 렬,찢을 열 1. 찢다, 찢어지다 2. 쪼개다, 분할하다(分割--) 3. 터지다 4. 해지다, 무너지다 5. 마르다(옷감이나 재목 따위의 재료를 치수에 맞게 자르다), 재단하다(裁斷--) 6. 거열(車裂: 수레에 사지를 묶어 찢던... [부수]衣(옷의) [총획]12획 [난이도]고등용, 읽기 3급II, 쓰기 2급
龜裂
균열
①거북의 등에 있는 무늬처럼 갈라져서 터지는 것 　②친(親)한 사이에 틈이 생기는 일
分裂
분열
①찢어져 갈라짐 　②단체(團體)ㆍ집단(集團)이 여러 파로 갈라짐
決裂
결렬
①여러 갈래로 찢어짐 　②의견(意見)이 일치(一致)하지 아니하여 각각(各各) 헤어짐
分裂
분렬
분열(分裂)의 원말


-----------------------------------

*****DEFINITION*****
jealousy, envy 질시를 받다 be regarded with jealousy
嫉
미워할 질 1. 미워하다 2. 시새움하다 3. 투기하다(妬忌--) [부수]女(계집녀) [총획]13획 [난이도]읽기 1급, 쓰기 특급
嫉妬
질투
①자기(自己)가 사랑하는 이성(異性)이 다른 이성(異性)을 좋아하거나 호의적인 태도(態度)로 대하거나 하여 미움을 느끼고 분(憤)하게 여기는 것. 강샘 　②잘나거나 앞선 사람을 시기(猜忌)하고 미워하는...
嫉視
질시
흘겨 봄. 시기(猜忌)하여 봄. 투시(妬視)
嫉妒
질투
☞ 질투(嫉妬)
冒嫉
모질
☞ 모질(媢嫉)

視
볼 시 1. 보다 2. 엿보다 3. 보이다 4. 간주하다(看做--) 5. 맡아보다 6. 본받다 7. 성(姓)의 하나 [부수]見(볼견) [총획]12획 [난이도]중학용, 읽기 4급II, 쓰기 3급II
無視
무시
①존재(存在)나 있는 값어치를 알아주지 아니함 　②사람을 깔보거나 업신여김 　③눈여겨 보지 않음
監視
감시
①경계(警戒)하기 위(爲)하여 미리 감독(監督)하고 살피어 봄 　②주의(注意)하여 지킴
視角
시각
①보고 있는 물체(物體)의 양 끝에서 눈에 이르는 두 직선(直線)이 이루는 각 　②무엇을 보는 각도(角度). 보거나 생각하는 방향(方向)
視覺
시각
①빛의 자극(刺戟)을 받아 눈으로 느끼는 것 　②눈의 감각(感覺)


-----------------------------------

*****DEFINITION*****
hatred (of/for/toward), loathing (for/of), detestation, (formal) abhorrence (for), hate, loathe, detest, (formal) abhor 전쟁을 증오하다 have an abhorrence for war
憎
미울 증 1. 밉다 2. 미워하다 3. 미움받다 4. 밉살스럽다 5. 증오하다(憎惡--) 6. 가증스럽다(可憎---) 7. 미움 [부수]忄(심방변) [총획]15획 [난이도]고등용, 읽기 3급II, 쓰기 2급
憎惡
증오
몹시 미워함
愛憎
애증
사랑과 미워함
憎惡心
증오심
몹시 미워하는 마음
可憎
가증
①얄미움 　②밉살스러움

惡
미워할 오,악할 악 1. 미워하다 2. 헐뜯다 3. 부끄러워하다 4. 기피하다(忌避--) 5. 두려워하다 6. 불길하다(不吉--) 7. 불화하다(不和--) 8. 비방하다(誹謗--) 9. 싫어하다 10. 어찌 11. 어찌하여 12. 어느 13. 어디 a.... [부수]心(마음심) [총획]12획 [난이도]중학용, 읽기 5급II, 쓰기 4급II
惡化
악화
나쁘게 됨
劣惡
열악
품질(品質)ㆍ능력(能力) 따위가 몹시 떨어지고 나쁨
惡循環
악순환
①나쁜 현상(現象)이 끊임없이 되풀이되는 일 　②원인(原因)과 결과(結果)가 되풀이되어 한없이 악화(惡化)하는 일 　③인플레이션 말기(末期)에 물건값(物件-)이 오르면 삯이 오르고, 따라서 통화(通貨)가...
憎惡
증오
몹시 미워함


-----------------------------------

*****DEFINITION*****
ownership, (formal) possession, own, have, (formal) possess ~의 소유가 되다 come[fall] into one's hands
所
바 소 1. 바(일의 방법이나 방도) 2. 것 3. 곳, 일정(一定)한 곳이나 지역(地域) 4. 처소(處所) 5. 관아(官衙), 어떤 일을 처리(處理)하는 곳 6. 지위(地位), 자리, 위치(位置) 7. 장소(場所)를 세는 단위(單位)... [부수]戶(지게호) [총획]8획 [난이도]중학용, 읽기 7급, 쓰기 6급
所得
소득
①수입(收入)이 되는 이익(利益) 　②경제(經濟) 활동(活動)을 하는 주체(主體). 즉 개인(個人) 또는 법인(法人)이 일정(一定)한 기간(期間) 안에 생산(生産) 자원(資源)의 용역(用役)에 대(對)한 보수(報酬)로서...
所屬
소속
①일정(一定)한 기관(機關)이나 단체(團體)에 속(屬)함 　②또는 속하고 있는 것이나 그 속(屬)한 곳
憲法裁判所
헌법재판소
일반(一般) 법원(法院)과는 달리 법령(法令)의 위헌(違憲) 심사(審査), 헌법(憲法) 해석(解釋), 정당(政黨) 해산(解散), 탄핵(彈劾) 심판(審判) 따위에 관(關)한 일을 하도록 헌법(憲法)에 규정(規定)한...
場所
장소
어떤 일이 이루어지거나 일어나는 곳

有
있을 유 1. 있다 2. 존재하다(存在--) 3. 가지다, 소지하다(所持--) 4. 독차지하다(獨----) 5. 많다, 넉넉하다 6. 친(親)하게 지내다 7. 알다 8. 소유(所有) 9. 자재(資財), 소유물(所有物) 10. 경역(境域: 경계... [부수]月(달월) [총획]6획 [난이도]중학용, 읽기 7급, 쓰기 6급
有利
유리
①이익(利益)이 있음 　②이로움
有權者
유권자
①권리(權利)를 가진 자(者) 　②특(特)히, 선거권(選擧權)을 가진 자(者) 　③권력(權力)을 가진 자(者)
保有
보유
간직하고 있음
所有
소유
①가지고 있음 　②또는 그 물건(物件)


-----------------------------------

*****DEFINITION*****
[명사] distribution, circulation , [동사] be distributed 유통비를 줄이다 reduce[decrease; lower] distribution costs
流
흐를 유,흐를 류 1. 흐르다 2. 번져 퍼지다 3. 전하다(傳--) 4. 시간이 지나가다 5. 내치다 6. 귀양 보내다 7. 흐르게 하다 8. 흘리다 9. 구하다(求--) 10. 무리(모여서 뭉친 한 동아리) 11. 핏줄 12. 갈래 13. 분파(分派) [부수]氵(삼수변) [총획]10획 [난이도]중학용, 읽기 5급II, 쓰기 4급II
流通
유통
①거침없이 흘러 통(通)함. 세상(世上)에 널리 통용(通用)됨 　②(화폐(貨幣) 따위가) 세상(世上)에 널리 쓰이는 것 　③(상품(商品) 따위가) 생산자(生産者)ㆍ소비자(消費者)ㆍ수요자(需要者)에 도달...
交流
교류
①서로 주고받음 　②서로 뒤섞이어 흐름 　③전류(電流)가 일정(一定)한 시간(時間)마다 서로 반대(反對) 방향(方向)으로 흐르는 현상(現象) 　④문화(文化), 사상(思想) 따위의 조류(潮流)가 서로 섞이는...
漂流
표류
①물에 떠서 흘러감 　②정처 없이 돌아다님
流出
유출
①(액체(液體)가) 밖으로 흘러 나가거나 나오는 것 　②(중요(重要)한 것이)나라나 조직(組織)의 밖으로 나가 버리는 것

通
통할 통 1. 통하다(通--) 2. 내왕하다(來往--) 3. 알리다 4. 알다 5. 정을 통하다(通--) 6. 통(편지 따위를 세는 단위) [부수]辶(책받침) [총획]11획 [난이도]중학용, 읽기 6급, 쓰기 5급
普通
보통
특별(特別)한 것이 없이 널리 통(通)하여 예사(例事)로움. 당연(當然)함
通過
통과
①통하여 지나가거나 옴 　②관청(官廳)에 제출(提出)한 원서가 허가(許可)됨 　③의회(議會) 등(等)에 제출(提出)된 의안(議案)이 가결(可決)됨 　④전차(電車). 열차(列車). 버스 등(等)이 정거장에...
交通
교통
①막힘이 없이 서로 오가는 일 　②사람의 왕복(往復), 화물(貨物)의 운반(運搬), 의사(意思)의 전달(傳達) 등(等)의 총칭(總稱). 탈것을 이용(利用)하여 사람이나 짐이 한곳에서 다른 곳으로 오가는 일...
流通
유통
①거침없이 흘러 통(通)함. 세상(世上)에 널리 통용(通用)됨 　②(화폐(貨幣) 따위가) 세상(世上)에 널리 쓰이는 것 　③(상품(商品) 따위가) 생산자(生産者)ㆍ소비자(消費者)ㆍ수요자(需要者)에 도달...


-----------------------------------

*****DEFINITION*****
apostle, disciple 십이사도 the Twelve Apostles
使
하여금 사,부릴 사,보낼 시 1. 하여금 2. 가령(假令), 만일(萬一), 설사(設使) 3. 심부름꾼, 하인(下人) 4. 벼슬 이름 5. 사신(使臣) 6. 부리다 7. 시키다 8. 따르다, 순종하다(順從--) 9. 방종하다(放縱--), 제멋대로 하다 10. 쓰다,... [부수]亻(사람인변) [총획]8획 [난이도]중학용, 읽기 6급, 쓰기 5급
使用
사용
①물건(物件)을 씀 　②사람을 부리어 씀
勞使
노사
노무자(勞務者)와 고용주(雇用主)
大使
대사
특명(特命) 전권(全權) 대사(大使). 국가(國家)의 원수(元首)로부터 다른 국가(國家)의 원수(元首)에게 파견(派遣)되어 주재국(駐在國)에 대(對)하여 국가(國家)의 의사(意思)를 표시(表示)하는 제1급의...
行使
행사
①(어떤 사람에게, 또는 단체(團體)에 강제적(强制的)인 힘을) 따르게 하거나 굴복(屈服)하게 하기 위(爲)해 사용(使用)하는 것 　②(자기(自己)의 권리(權利)를) 실현(實現)되게 하는 것

徒
무리 도 1. 무리(모여서 뭉친 한 동아리), 동아리(같은 뜻을 가지고 모여서 한패를 이룬 무리) 2. 동류(同類) 3. 제자(弟子), 문하생(門下生) 4. 종(從), 하인(下人) 5. 일꾼, 인부(人夫) 6. 보졸(步卒), 보병(步兵)... [부수]彳(두인변) [총획]10획 [난이도]중학용, 읽기 4급, 쓰기 3급
門徒
문도
스승의 가르침을 받는 사람
信徒
신도
종교(宗敎)를 믿는 사람들
敎徒
교도
종교(宗敎)를 믿는 사람이나 그 무리
徒消
도소
헛되이 씀


-----------------------------------

*****DEFINITION*****
[형용사] famous (for), well-known (for), celebrated, famed (for), renowned (for/as), eminent 저명한 학자 a celebrated scholar
著
나타날 저,붙을 착 1. 나타나다, 나타내다 2. 분명하다(分明--) 3. 드러나다, 분명해지다(分明---) 4. 두드러지다 5. 그리다 6. 짓다, 저술하다(著述--) 7. 쌓다 8. 두다, 비축하다(備蓄--) 9. 세우다, 확립하다(確立--)... [부수]艹(초두머리) [총획]13획 [난이도]중학용, 읽기 3급II, 쓰기 2급
顯著
현저
①뚜렷이 심(甚)하게 드러남 　②드러나서 두드러짐
著作權
저작권
무체(無體) 재산권(財産權)의 한 가지. 저작물(著作物)을 저작자(著作者)가 독점적(獨占的)으로, 복제(複製), 반포(頒布), 연술(演述), 번역(飜譯), 흥행(興行), 상영(上映), 방송(放送) 등(等)으로 이...
著者
저자
책을 지은 사람
著述
저술
논문(論文)이나 책 등(等) 글을 써서 책을 만듦

名
이름 명 1. 이름 2. 평판(評判), 소문(所聞) 3. 외관(外觀), 외형(外形) 4. 명분(名分) 5. 공적(功績) 6. 글자, 문자(文字) 7. 이름나다, 훌륭하다 8. 이름하다, 지칭하다(指稱--) [부수]口(입구) [총획]6획 [난이도]중학용, 읽기 7급II, 쓰기 6급
名譽
명예
①세상(世上)에서 인정(認定) 받는 좋은 이름이나 자랑 　②어떤 직위(職位)나 직명(職名) 앞에 쓰이어 그 권위(權威)나 공로(功勞)를 존경(尊敬)하는 뜻으로 쓰이는 이름
名分
명분
명목(名目)이 구별(區別)된 대로 그 사이에 반드시 지켜야 할 도리(道理)나 분수(分數)
名節
명절
①명일을 중심(中心)으로 한 좋은 철 　②민속적(民俗的)으로 해마다 일정(一定)하게 지키어 즐기는 날. 설날, 대보름날, 한식날, 삼짇날, 파일날, 단오날(端午-), 유두날, 백중날, 한가위날, 구월(九月)...
名稱
명칭
사물(事物)이나 현상(現象)을 서로 다른 것 끼리 구별(區別)하여 부르는 이름


-----------------------------------

*****DEFINITION*****
[동사] keep, maintain 건강을 유지하다 keep[stay] fit
維
벼리 유 1. 벼리(그물 코를 꿴 굵은 줄ㆍ일이나 글의 뼈대가 되는 줄거리) 2. 바(밧줄) 3. 구석 4. 오직 5. 발어사(發語辭) 6. 조사(助詞) 7. 생각하다 8. 유지하다 9. 매다 [부수]糸(실사) [총획]14획 [난이도]고등용, 읽기 3급II, 쓰기 2급
維持
유지
①지탱(支撐)하여 감 　②또는 버티어 감
纖維
섬유
실 모양(模樣)으로 된 고분자(高分子) 물질(物質)
維新
유신
①모든 것이 개혁(改革)되어 새롭게 됨 　②묵은 제도(制度)를 아주 새롭게 고침
王維
왕유
(699~759). 중국(中國) 당(唐)나라 때의 시인(詩人). 화가(畫家). 남종문인화(南宗文人畫)의 시조(始祖). 자연(自然)을 소재(素材)로 한 오언절구에 뛰어났음. 중국(中國) 당(唐)나라 때 시인(詩人)으로...

持
가질 지 1. 가지다, (손에)쥐다, 잡다 2. 지니다 3. 버티다, 견디어내다, 대립하다(對立--) 4. 보전하다(保全--), 보존하다(保存--) 5. 지키다, 유지하다(維持--) 6. 균형(均衡)이 깨지지 아니하다, 형편(形便)에... [부수]扌(재방변) [총획]9획 [난이도]중학용, 읽기 4급, 쓰기 3급
維持
유지
①지탱(支撐)하여 감 　②또는 버티어 감
支持
지지
①붙들어서 버티는 것. 또는, 부지하여 지니는 것 　②개인(個人)이나 단체(團體) 등(等)의 주의(主義)ㆍ정책(政策) 등(等)에 찬동(贊同)하여 도와서 힘을 쓰는 것. 또는, 그 원조(援助) 　③(경제학(經濟學))...
持續
지속
①계속(繼續)해 지녀 나감 　②같은 상태(狀態)가 오래 계속(繼續)됨
持續的
지속적
오래 계속(繼續)되는 (것)


-----------------------------------

*****DEFINITION*****
somewhat, a little, a (little) bit, to a certain degree[extent] 그녀는 다소 피곤해 보였다 She looked somewhat tired.
多
많을 다 1. 많다 2. 낫다, 더 좋다, 뛰어나다 3. 아름답게 여기다 4. 많게 하다 5. 두텁다 6. 붇다, 늘어나다 7. 겹치다, 포개지다 8. (도량이)넓다 9. 중(重)히 여기다 10. 크다 11. 남다 12. 공훈(功勳), 전공(戰功)... [부수]夕(저녁석) [총획]6획 [난이도]중학용, 읽기 6급, 쓰기 5급
多樣
다양
①여러 가지 모양(模樣) 또는 양식(樣式) 　②모양(模樣)이나 양식(樣式)이 여러 가지임
多幸
다행
①운수(運數)가 좋음 　②일이 좋게 됨 　③뜻밖에 잘 됨
多數
다수
①수효(數爻)가 많음 　②또는, 많은 수효(數爻)
大多數
대다수
①대단히 많은 수 　②거의 다 　③전체수(全體數)의 거의 대부분(大部分)

少
적을 소,젊을 소 1. 적다, 많지 아니하다 2. 작다 3. 줄다, 적어지다 4. 적다고 여기다, 부족(不足)하다고 생각하다 5. 젊다 6. 비난하다, 헐뜯다, 경멸하다(輕蔑--) 7. 빠지다 8. 젊은이, 어린이 9. 버금, 장에 버금가는... [부수]小(작을소) [총획]4획 [난이도]중학용, 읽기 7급, 쓰기 6급
減少
감소
①줄어서 적어짐 　②덜어서 적게 함
些少
사소
①매우 적음 　②하찮음
多少
다소
①분량(分量)이나 정도(程度)의 많음과 적음 　②조금이긴 하지만 어느 정도(程度)
少數
소수
적은 수효(數爻)


-----------------------------------

*****DEFINITION*****
[형용사]; (행동 등이) violent, aggressive; (생각 등이) extreme 과격 시위를 벌이다 have a violent protest
過
지날 과,재앙 화 1. 지나다 2. (지나는 길에)들르다 3. 경과하다(經過--) 4. 왕래하다(往來--), 교제하다(交際--) 5. 초과하다(超過--) 6. 지나치다 7. (분수에)넘치다 8. 넘다 9. 나무라다 10. 보다, 돌이켜 보다 11.... [부수]辶(책받침) [총획]13획 [난이도]중학용, 읽기 5급II, 쓰기 4급II
過程
과정
일이 되어 가는 경로(經路)
過去
과거
①지나간 때 　②현재(現在)에 앞선 때 　③지난적 　④삼세(三世)의 하나로 출생(出生)하기 전(前). 전생(前生). 전세(前世) 　⑤하여 버린 동작(動作)을 보이는 어법(語法). ＇았＇, ＇었＇, ＇더＇의...
過剩
과잉
예정(豫定)한 수량(數量)이나 필요(必要)한 수량(數量)보다 많음. ＇지나침＇으로 순화
謝過
사과
잘못에 대(對)하여 용서(容恕)를 빎

激
격할 격 1. 격하다, 심하다(甚--: 정도가 지나치다) 2. 빠르다 3. 세차다 4. 격렬하다(激烈--) 5. (기가)높아지다 6. 과격하다(過激--), 직언하다(直言--) 7. (물결이)부딪쳐 흐르다 8. (물결이)부딪치다 9. (... [부수]氵(삼수변) [총획]16획 [난이도]고등용, 읽기 4급, 쓰기 3급
急激
급격
급(急)하고 격렬(激烈)함
激勵
격려
①몹시 장려(奬勵)함 　②마음이나 기운(氣運)을 북돋우어 힘쓰도록 함
過激
과격
지나치게 격렬(激烈)함
激烈
격렬
지극(至極)히 맹렬(猛烈)함


-----------------------------------

*****DEFINITION*****
[명사] realization, materialization, [동사] realize, materialize 정의사회를 구현하다 realize a society of justice
具
갖출 구 1. 갖추다, 갖추어지다 2. 구비하다(具備--) 3. 온전하다(穩全--), 족하다 4. 모두 5. 일일이 6. 자세히(仔細ㆍ子細-), 상세히 7. 함께, 다 같이 8. 차림 9. 그릇, 연장 10. 설비, 준비(準備) 11. 힘,... [부수]八(여덟팔) [총획]8획 [난이도]고등용, 읽기 5급II, 쓰기 4급II
具體的
구체적
사물(事物)이 뚜렷한 실체(實體)를 갖추고 실제(實際)의 형체(形體)ㆍ내용(內容)을 가지고 있는 모양(模樣)
道具
도구
①일에 쓰이는 여러 가지 연장, 제구(諸具) 　②불도(佛道)를 닦는 데 쓰는 기구(器具)의 총칭(總稱), 불상(佛像)ㆍ포단(布團)ㆍ바리때 등(等)
器具
기구
①＇세간ㆍ그릇ㆍ도구(道具)＇ 따위의 통틀어 일컬음. 집물(什物) 　②구조(構造)나 조작(操作) 따위가 간단(簡單)한 기계(機械)
具備
구비
①빠짐없이 차림 　②고루 갖추어 있음

現
나타날 현 1. 나타나다 2. 드러내다 3. 실재 4. 현금 5. 곧 6. 지금 7. 당장(當場) 8. 그 자리에서 9. 즉흥적으로 10. 임시로(臨時-) 11. 눈앞에 실제로 있는 12. 현재 지니고 있는 [부수]王(구슬옥변) [총획]11획 [난이도]중학용, 읽기 6급II, 쓰기 5급II
現在
현재
①지금 이때. 삼세(三世)의 하나. 지금 살아 있는 이 세상(世上) 　②말하고 있는 그때의 움직임이나 상태(狀態)를 나타내는 때매김 　③일반적(一般的) 진리(眞理), 늘 되풀이되는 버릇을 나타내기도...
現實
현실
현재(現在)의 사실(事實)이나 형편(形便)
現象
현상
①눈 앞에 나타나 보이는 사물(事物)의 형상(形狀) 　②본질(本質)이나 본체(本體)의 바깥으로 나타나는 상(象)
表現
표현
①나타냄. 또는 나타난 형상(形象ㆍ形像)이나 모양(模樣) 　②내면적(內面的) 과정(過程)의 감성(感性) 표시(表示). 심적(心的) 상태(狀態), 과정(過程) 또는 성격(性格), 지향(志向), 의미(意味) 등(等)...


-----------------------------------

*****DEFINITION*****
close, intimate 밀접한 관계가 있다 be closely connected[related] (with)
密
빽빽할 밀 1. 빽빽하다, 촘촘하다 2. 빈틈없다, 착 붙다 3. 자세하다, 꼼꼼하다 4. 가깝다, 가까이하다, 친하게 하다 5. 조용하다, 깊숙하다 6. 가깝다 7. 비밀(祕密)로 하다 8. 숨기다, 누설하지 아니하다 9. 은... [부수]宀(갓머리) [총획]11획 [난이도]중학용, 읽기 4급II, 쓰기 3급II
緻密
치밀
①자세(仔細)하고 꼼꼼함 　②썩 곱고 백빽함 　③피륙 등(等)이 배고 톡톡함
綿密
면밀
자세(仔細)하고도 빈틈이 없음
祕密
비밀
①남에게는 알려서는 안 되거나 드러내지 않아야 할 일 　②밝혀지지 않았거나 알려지지 않은 속내 　③숨기어 남에게 공개(公開)하지 않는 일
精密
정밀
①가늘고 촘촘함 　②아주 잘고 자세(仔細)함 　③정세(精細)하고 치밀(緻密)함

接
이을 접 1. 잇다 2. 접붙이다 3. 접하다 4. 홀레하다 5. 접촉하다(接觸--), 체험하다(體驗--), 견문하다(見聞--) 6. 사귀다, 교제하다(交際--) 7. 대접하다(待接--), 대우하다(待遇--) 8. 대답하다(對答--), 응... [부수]扌(재방변) [총획]11획 [난이도]중학용, 읽기 4급II, 쓰기 3급II
直接
직접
중간(中間)에 매개(媒介)나 거리(距離)ㆍ간격(間隔)이 없이 바로 접함
接近
접근
가까이 닿음
接觸
접촉
①맞붙어서 닿음 　②교섭(交涉)함. 촉접(觸接) 　③직각(直角) 좌표(座標) 상(上) 두 접한 곡선(曲線)이 한 접촉점(接觸點)에 있어서 그 미계수(微係數)가 일치(一致)하는 일. N위(位)의 접촉(接觸)을...
直接的
직접적
직접(直接)으로 하거나 되는 (것)


-----------------------------------
