
*****DEFINITION*****
(의학) weakness, sinking, debility, breakdown, enervation, emaciation, frailty, asthenia, 쇠약하다 weaken, grow weak, sink, be debilitated, be enervated, be emaciated, (be) worn out 쇠약한 weak
衰
쇠할 쇠,상옷 최,도롱이 사 1. 쇠하다(衰--) 2. 약하다(弱--) a. 상옷 (최) b. 줄다, 줄이다 (최) c. 도롱이(짚, 띠 따위로 엮어 허리나 어깨에 걸쳐 두르는 비옷) (사) [부수]衣(옷의) [총획]10획 [난이도]고등용, 읽기 3급II, 쓰기 2급
衰退
쇠퇴
①쇠하여 점차로 물러남 　②쇠하여 전보다 못해짐
衰弱
쇠약
몸이 쇠하여 약(弱)함
盛衰
성쇠
융성(隆盛)과 쇠망(衰亡)
衰殘
쇠잔
몹시 쇠하여 잔약(孱弱)함

弱
약할 약 1. 약하다(弱--) 2. 약하게 만들다 3. 약해지다 4. 쇠해지다 5. 수가 모자라다 6. 잃다 7. 패하다(敗--) 8. 침노하다(侵擄--: 불법으로 침범하다) 9. 날씬하다 10. 젊다 11. 약한 자 [부수]弓(활궁) [총획]10획 [난이도]중학용, 읽기 6급II, 쓰기 5급II
脆弱
취약
①무르고 약함 　②가냘픔
懦弱
나약
의지(意志)가 굳세지 못함
弱者
약자
힘이나 기능(機能)이 약한 사람이나 생물(生物) 또는 집단(集團)
弱化
약화
①약하여짐 　②또는, 약하게 함


-----------------------------------

*****DEFINITION*****
end, finish, be over; (회의·파티 등이) break up 학교는 3시에 파한다 School is over at three.
罷
마칠 파,고달플 피 1. 마치다 2. 그만두다 3. 놓다 4. 놓아주다 5. 내치다 6. 방면하다(放免--) 7. 물러가다 8. 덜다 a. 고달프다 (피) b. 둔하다(鈍--) (피) [부수]罒(그물망머리) [총획]15획 [난이도]고등용, 읽기 3급, 쓰기 2급
罷業
파업
①노동자(勞動者)가 노동(勞動) 조건(條件)을 개선(改善)하기 위(爲)해 단결(團結)하여 노동(勞動)을 하지 않음. 하던 일을 중지(中止)함 　②동맹(同盟) 파업(罷業)
罷免
파면
직무(職務)를 그만두게 함
總罷業
총파업
☞ 총동맹파업(總同盟罷業)
革罷
혁파
①낡아서 못 쓰게 된 것을 개혁(改革)하여 없앰　②기구(機構)ㆍ제도(制度)ㆍ법령(法令) 따위를 낡거나 문제(問題)가 있어 폐지(廢止)함


-----------------------------------

*****DEFINITION*****
monarch, (formal) sovereign; (왕) king; (여왕) queen 전제군주 an autocrat
君
임금 군 1. 임금, 영주(領主) 2. 남편(男便) 3. 부모(父母) 4. 아내 5. 군자(君子) 6. 어진 이, 현자(賢者) 7. 조상(祖上)의 경칭(敬稱) 8. 그대, 자네 9. 봉작(封爵) 10. 군 [부수]口(입구) [총획]7획 [난이도]중학용, 읽기 4급, 쓰기 3급
君臨
군림
①임금으로서 나라를 다스리는 것 　②어떤 분야(分野)나 세계(世界)에서 강력(强力)한 세력(勢力)이나 영향력(影響力)을 가지고 지배적(支配的)인 위치(位置)를 차지하는 것. 비유적(比喩的)인 말임
檀君
단군
한국(韓國)의 국조(國祖)로 받드는 태초(太初)의 임금. 환웅의 아들. 일종(一種)의 개국신(開國神)으로, 기원전(紀元前) 24세기(世紀) 경(頃) 아사달에 도읍(都邑)하여 단군(檀君) 조선(朝鮮)을 건국(...
家君
가군
①남에게 대(對)하여 자기(自己)의 아버지를 이르는 말. 돌아간 뒤에는 남에게 대(對)하여 선친(先親), 선인(先人)이라 이름 　②남에게 대(對)하여 자기(自己)의 남편(男便)을 이르는 말
先父君
선부군
선고(先考)의 높임말

主
임금 주,주인 주 1. 임금 2. 주인(主人), 임자, 소유주(所有主) 3. 우두머리 4. 상전(上典) 5. 여호와, 하느님, 알라(Allah) 6. 주체(主體) 7. 당사자(當事者), 관계자(關係者) 8. 결혼(結婚) 상대자(相對者) 9. 자신(自身)... [부수]丶(점주) [총획]5획 [난이도]중학용, 읽기 7급, 쓰기 6급
主張
주장
①자기(自己) 의견(意見)을 굳이 내세움 　②또는, 그 지설 　③주재(主宰)
主導
주도
주장(主將)이 되어 이끎
主要
주요
가장 소중(所重)하고 긴요(緊要)함
主宰
주재
①주장(主掌)하여 맡음 　②또는, 그 사람


-----------------------------------

*****DEFINITION*****
frequent 이 지역은 지진이 잦다 Earthquakes are frequent in this area.

-----------------------------------

*****DEFINITION*****
bad[nasty, foul] smell, (informal) stink; (썩는 냄새) stench 악취가 나다 smell bad
惡
악할 악,미워할 오 1. 악하다(惡--) 2. 나쁘다 3. 더럽다 4. 추하다(醜--) 5. 못생기다 6. 흉년(凶年) 들다 7. 병들다(病--), 앓다 8. 죄인(罪人)을 형벌(刑罰)로써 죽이다 9. 더러움, 추악(醜惡)함 10. 똥, 대변(大便) 11.... [부수]心(마음심) [총획]12획 [난이도]중학용, 읽기 5급II, 쓰기 4급II
惡化
악화
나쁘게 됨
劣惡
열악
품질(品質)ㆍ능력(能力) 따위가 몹시 떨어지고 나쁨
惡循環
악순환
①나쁜 현상(現象)이 끊임없이 되풀이되는 일 　②원인(原因)과 결과(結果)가 되풀이되어 한없이 악화(惡化)하는 일 　③인플레이션 말기(末期)에 물건값(物件-)이 오르면 삯이 오르고, 따라서 통화(通貨)가...
憎惡
증오
몹시 미워함

臭
냄새 취,맡을 후 1. 냄새 2. 구린내 3. 몹시 4. 심하게 5. 지독하게 6. 썩다 7. 더럽다 8. (사이가)나빠지다 9. 맡다 10. 더럽히다 11. 추악하다(醜惡--) 12. 평판이 나쁘다 13. 무가치하다(無價値--) a. (냄새를)맡다(=嗅)... [부수]自(스스로자) [총획]10획 [난이도]고등용, 읽기 3급, 쓰기 2급
惡臭
악취
①불쾌(不快)한 냄새 　②고약한 냄새
無臭
무취
냄새가 없음
香臭
향취
좋은 느낌을 주는 냄새
體臭
체취
①몸의 냄새 　②사람이나 작품(作品) 등(等)에서 풍기는 특유(特有)한 느낌


-----------------------------------

*****DEFINITION*****
grain, cereal (crops), (Brit) corn
穀
곡식 곡,어린아이 누 1. 곡식(穀食) 2. 녹(祿), 복록(福祿) 3. 녹미(祿米: 녹봉으로 받는 쌀) 4. 정성(精誠) 5. 기르다, 양육하다(養育--) 6. 살다, 생장하다(生長--) 7. 정성스럽다(精誠---) 8. 좋다 9. 길하다(吉--) 10.... [부수]禾(벼화) [총획]15획 [난이도]중학용, 읽기 4급, 쓰기 3급
穀雨
곡우
24절기(節氣)의 여섯째. 청명(淸明)과 입하(立夏) 사이에 드는 데, 양력(陽曆) 4월 20일이나 21 일이 됨
穀物
곡물
사람이 주식(主食)으로 하는 곡식(穀食), 쌀, 보리, 조, 콩 등(等)
穀食
곡식
벼, 보리, 밀, 조, 수수, 기장, 콩, 옥수수 따위를 통틀어 일컫는 말
穀間
곡간
곡식(穀食)을 넣어두는 곳간

食
밥 식,먹을 식,먹이 사,사람 이름 이 1. 밥 2. 음식(飮食) 3. 제사(祭祀) 4. 벌이 5. 생활(生活) 6. 생계 7. 먹다 8. 먹이다 9. 현혹케하다(眩惑---) 10. 지우다 a. 먹이, 밥 (사) b. 기르다 (사) c. 먹이다 (사) d. 양육하다(養育--) (사)... [부수]食(밥식) [총획]9획 [난이도]중학용, 읽기 7급II, 쓰기 6급
飮食
음식
먹는 것과 마시는 것
食糧
식량
먹을 양식(糧食)
飮食物
음식물
음식(飮食)으로서 만들어진 물질(物質). 음식(飮食)을 식욕(食慾)을 돋우는 먹는 대상(對象)으로서보다는, 물리적(物理的)ㆍ화학적(化學的)인 물질(物質)로서 가리키는 말임
食品
식품
☞ 식료품(食料品)


-----------------------------------

*****DEFINITION*****
fisherman
漁
고기 잡을 어 1. 고기 잡다 2. 빼앗다 3. 사냥하다 4. 약탈하다 5. 고기잡이 6. 어부 [부수]氵(삼수변) [총획]14획 [난이도]중학용, 읽기 5급, 쓰기 4급
漁夫
어부
고기잡이를 업으로 하는 사람
漁船
어선
고기잡이 하는 배
遠洋漁船
원양어선
구조(構造), 설비(設備)가 모두 외양(外洋)의 거친 파도(波濤)에 견딜 수 있도록 완전(完全)하며, 어획물(魚獲物)을 운반(運搬)하고 또 배안에서 처리(處理)할 수 있는 배
農漁村
농어촌
농촌(農村)과 어촌(漁村)

夫
지아비 부 1. 지아비 2. 남편(男便) 3. 사내, 장정 4. 일군, 노동일을 하는 남자(男子) 5. 군인(軍人), 병정(兵丁) 6. 선생, 사부 7. 부역(負役) 8. 100묘(畝)의 밭 9. 저, 3인칭 대명사(代名詞) 10. 대저(大抵:... [부수]大(큰대) [총획]4획 [난이도]중학용, 읽기 7급, 쓰기 6급
夫婦
부부
남편(男便)과 아내
工夫
공부
학문(學問)이나 기술(技術)을 닦는 일
夫人
부인
남의 아내의 높임말
閤夫人
합부인
남의 아내에 대(對)한 높임말


-----------------------------------

*****DEFINITION*****
[명사, 동사] sigh, groan, moan 탄식으로 하루하루를 보내다 sigh away one's days
歎
탄식할 탄 1. 탄식하다(歎息ㆍ嘆息--) 2. 한탄하다(恨歎ㆍ恨嘆--) 3. 읊다, 노래하다 4. 화답하다(和答--) 5. 칭찬하다(稱讚--) 6. 탄식(歎息ㆍ嘆息) 7. 한숨 [부수]欠(하품흠) [총획]15획 [난이도]고등용, 읽기 4급, 쓰기 3급
慨歎
개탄
의분(義憤)이 북받쳐 탄식(歎息)함
恨歎
한탄
원망(怨望)하거나 또는 뉘우침이 있을 때에 한숨짓는 탄식(歎息)
歎息
탄식
①한숨쉬며 한탄(恨歎)함 　②감탄(感歎)함
痛歎
통탄
①몹시 탄식(歎息ㆍ嘆息)함 　②또는 그런 탄식(歎息ㆍ嘆息)

息
쉴 식 1. 쉬다 2. 숨 쉬다, 호흡하다(呼吸--) 3. 생존하다(生存--) 4. 살다, 생활하다(生活--) 5. 번식하다(繁殖ㆍ蕃殖ㆍ蕃息--) 6. 자라다, 키우다 7. 그치다, 그만두다, 중지하다(中止--) 8. 망하다(亡--),... [부수]心(마음심) [총획]10획 [난이도]고등용, 읽기 4급II, 쓰기 3급II
消息
소식
①천지(天地) 시운(時運)이 돌고 돌아 자꾸 변화(變化)함. 일월(日月)의 내왕(來往). 때의 변천(變遷). 영고(榮枯)와 성쇠(盛衰). 풍신(風信) 　②안부(安否) 상황(狀況) 또는 새로이 생기는 사실(事實)...
子息
자식
①아들과 딸의 총칭(總稱) 　②남을 욕할 때 일컫는 말
棲息
서식
동물(動物)이 깃들여 삶
休息
휴식
하던 일을 멈추고 잠깐 동안 쉼


-----------------------------------

*****DEFINITION*****
(계산 값) numerical value, figure 정상 수치를 유지하다 stay within the normal range
數
셈 수,자주 삭,촘촘할 촉 1. 셈, 산법 2. 역법(曆法) 3. 일정(一定)한 수량(數量)이나 수효(數爻) 4. 등급(等級), 구분(區分) 5. 이치(理致), 도리(道理) 6. 규칙(規則), 예법(禮法) 7. 정세, 되어 가는 형편(形便) 8. 꾀, 책략(策略)... [부수]攵(등글월문) [총획]15획 [난이도]중학용, 읽기 7급, 쓰기 6급
數値
수치
계산(計算)하여 얻은 수(數)
額數
액수
①돈의 머릿수 　②인원(人員)의 수효(數爻)
多數
다수
①수효(數爻)가 많음 　②또는, 많은 수효(數爻)
相當數
상당수
①어지간히 많은 수(數) 　②어떠한 기준량(基準量)에 상당(相當)하는 수(數)

値
값 치 1. 값, 값어치, 가격(價格) 2. 가치에 상당하다(相當--), 가치가 있다, ~할 만하다 3. 걸맞다 4. 가지다, 지니다 5. 만나다, 때를 맞이하다, 즈음하다 6. 당하다(當--), 당번(當番)이 돌아오다 7. 꽂다,... [부수]亻(사람인변) [총획]10획 [난이도]고등용, 읽기 3급II, 쓰기 2급
價値
가치
①값, 값어치 　②욕망(慾望)을 충족(充足)시키는 재화(財貨)의 중요(重要) 정도(程度) 　③주관(主觀)의 뜻을 만족(滿足)시키는 객관적(客觀的) 당위(當爲)
數値
수치
계산(計算)하여 얻은 수(數)
價値觀
가치관
①가치(價値)에 관(關)한 견해(見解) 　②가치(價値)를 중심(中心)으로 보는 관점(觀點) 　③어떤 사물(事物)이나 대상(對象)이 지니고 있는 중요성(重要性) 　④의의(意義), 역할(役割) 등(等)에 대(對)한...
基準値
기준치
어떤 상태(狀態)를 판정(判定)하는 기준(基準)이 되는 수치(數値)


-----------------------------------

*****DEFINITION*****
descendant, posterity
後
뒤 후,임금 후 1. 뒤 2. 곁 3. 딸림 4. 아랫사람 5. 뒤떨어지다 6. 능력(能力) 따위가 뒤떨어지다 7. 뒤지다 8. 뒤서다 9. 늦다 10. 뒤로 미루다 11. 뒤로 돌리다 12. 뒤로 하다 13. 임금 14. 왕후(王后), 후비(后妃)... [부수]彳(두인변) [총획]9획 [난이도]중학용, 읽기 7급II, 쓰기 6급
以後
이후
①일정(一定)한 때로부터 그 뒤 　②이다음
午後
오후
①정오(正午)로부터 밤 열두 시까지의 동안 　②정오(正午)로부터 해가 질 때까지의 동안
後遺症
후유증
병을 앓고 난 뒤에도 남아 있는 병적(病的) 증세(症勢)
後續
후속
뒤를 이어 계속(繼續) 됨

裔
후손 예 1. 후손(後孫) 2. 자락, 옷단, 가선(-縇: 의복의 가장자리를 딴 헝겊으로 가늘게 싸서 돌린 선) 3. 가, 끝, 변방(邊方) 4. 오랑캐 5. 남다 [부수]衣(옷의) [총획]13획 [난이도]읽기 1급, 쓰기 특급
後裔
후예
핏줄을 이은 먼 후손(後孫)
胄裔
주예
☞ 후손(後孫)
來裔
내예
후세(後世)의 자손(子孫)
弓裔
궁예
후고구려(後高句麗)를 건국(建國)한 왕(재위(在位) 901∼918)


-----------------------------------

*****DEFINITION*****
(문학) 산에 올라 고하라
T
항렬 항,다닐 행 1. 항렬(行列) 2. 줄, 대열(隊列) 3. 열위(列位), 제위(諸位) 4. 항오(行伍), 군대(軍隊)의 대열(隊列) 5. 순서(順序), 차례(次例) 6. 같은 또래 7. 직업(職業) 8. 점포(店鋪), 가게 9. 깃촉 10. 의지(意志)가... [부수]行(다닐행) [총획]6획 [난이도]중학용, 읽기 6급, 쓰기 5급
破裂音
파열음
발음(發音) 방법(方法)에 의(依)한 음성(音聲) 분류(分類) 방법(方法)의 하나. 자음(子音)을 발음(發音)할 때 후두(喉頭) 위의 발음(發音) 기관(器官)의 어느 한 부분(部分)을 막고 숨을 그친 다음, 이를...
媒介變數
매개변수
각각(各各) 다른 변수(變數) 사이의 관계(關係)를 나타내기 위(爲)하여 쓰이는 변수(變數). 이를테면 방정식(方程式) x2t+1, y3t-4에서, t를 말함
振子
진자
한 정점(定點) 또는 한 정축(定軸)의 둘레를 일정(一定)한 주기(周期)로 진동(震動)하는 물체(物體). 단(單)진자ㆍ원추(圓錐) 진자ㆍ실체(實體)ㆍ복(複) 진자ㆍ용수철(龍鬚鐵) 진자 등(等)이 있음. 단진자가...
脇杖
협장
다리가 완전(完全)치 못한 사람이 걸음을 걸을 때에 겨드랑이에 대고 짚게 된 지팡이. ＇Y＇자 모양이나 ＇T＇자 모양으로 되어 있음. 목다리. 목발

e
클 대,큰 대,클 태,클 다 1. 크다, 심하다(甚--: 정도가 지나치다) 2. 높다, 존귀하다(尊貴--) 3. 훌륭하다, 뛰어나다 4. 자랑하다, 뽐내다, 교만하다(驕慢--) 5. 많다, 수효(數爻)가 많다 6. 중(重)히 여기다, 중요시하다(重要視--)... [부수]大(큰대) [총획]3획 [난이도]중학용, 읽기 8급, 쓰기 6급II
釜山廣域市 海雲臺區 APEC路
부산광역시 해운대구 APEC로
부산광역시(釜山廣域市) 해운대구(海雲臺區) APEC로(APEC路) (APEC-ro, Haeundae-gu, Busan)
補集合
보집합
집합(集合) A가 집합(集合) B의 부분(部分) 집합(集合)일 때, B에는 속하나 A에는 속하지 않는 모든 원으로 이루어지는 집합(集合)을 B에 대(對)한 A의 여집합(餘集合), 또는 B와 A와의 차라 하며, B-A로...
餘集合
여집합
집합(集合) A가 집합(集合) B의 부분(部分) 집합(集合)일 때, B에는 속하나 A에는 속하지 않은 모든 원으로 이루어지는 집합(集合)을 B에 대(對)한 A의 여집합(餘集合), 또는 B와 A와의 차라 하며 B-A로...
大小對當
대소대당
대당(對當) 관계(關係)의 일종(一種). 전칭(全稱) 긍정적(肯定的) 판단(判斷)(A)와 특칭(特稱) 긍정적(肯定的) 판단(判斷) (I)와의 대당(對當) 관계(關係) 및 전칭(全稱) 부정(否定) 판단(判斷) (E)와...

l
자주 삭,셈할 수,촘촘할 촉 1. 자주 2. 자주 하다 3. 여러 번 되풀이하다 4. 빨리 하다 5. 빠르다 6. 황급하다(遑急--) 7. 바삐 서두르다 8. 급(急)히 서둘러 하다 9. 다가서다 10. 접근하다(接近--) a. 셈, 산법 (수) b. 역법(曆法)... [부수]攵(등글월문) [총획]15획 [난이도]중학용, 읽기 7급, 쓰기 6급
振子
진자
한 정점(定點) 또는 한 정축(定軸)의 둘레를 일정(一定)한 주기(周期)로 진동(震動)하는 물체(物體). 단(單)진자ㆍ원추(圓錐) 진자ㆍ실체(實體)ㆍ복(複) 진자ㆍ용수철(龍鬚鐵) 진자 등(等)이 있음. 단진자가...
産學協同團體方式
산학협동단체방식
회사(會社)와 대학(大學)이 밀접(密接)한 관계(關係)를 맺고, 서로 편익(便益)을 제공(提供)하는 시스템. 그 내용(內容)은 우선 한 대학(大學)과 다수의 회사(會社)가 모여서 하나의 회원 조직(組織)을...
美國勞動總同盟
미국노동총동맹
1886년에 창립(創立)된 미국(美國)의 직업(職業) 별(別) 노동(勞動) 조합(組合) 연합체. 곰퍼스에 의(依)해 조직(組織)되었는데, 보수적(保守的)이고 협조적인 성격(性格)을 띠며, 8시간제 노동(勞動)의...
一定成分比法則
일정성분비법칙
1799년 프랑스의 화학자(化學者) 프루스트(Proust, J. L.)가 발견(發見)한, 화합물(化合物)에서 화합물(化合物)의 출처(出處)나 제법(製法)과는 무관(無關)하게 구성(構成) 원소(元素) 사이의 무게비는...

l
자주 삭,셈할 수,촘촘할 촉 1. 자주 2. 자주 하다 3. 여러 번 되풀이하다 4. 빨리 하다 5. 빠르다 6. 황급하다(遑急--) 7. 바삐 서두르다 8. 급(急)히 서둘러 하다 9. 다가서다 10. 접근하다(接近--) a. 셈, 산법 (수) b. 역법(曆法)... [부수]攵(등글월문) [총획]15획 [난이도]중학용, 읽기 7급, 쓰기 6급
振子
진자
한 정점(定點) 또는 한 정축(定軸)의 둘레를 일정(一定)한 주기(周期)로 진동(震動)하는 물체(物體). 단(單)진자ㆍ원추(圓錐) 진자ㆍ실체(實體)ㆍ복(複) 진자ㆍ용수철(龍鬚鐵) 진자 등(等)이 있음. 단진자가...
産學協同團體方式
산학협동단체방식
회사(會社)와 대학(大學)이 밀접(密接)한 관계(關係)를 맺고, 서로 편익(便益)을 제공(提供)하는 시스템. 그 내용(內容)은 우선 한 대학(大學)과 다수의 회사(會社)가 모여서 하나의 회원 조직(組織)을...
美國勞動總同盟
미국노동총동맹
1886년에 창립(創立)된 미국(美國)의 직업(職業) 별(別) 노동(勞動) 조합(組合) 연합체. 곰퍼스에 의(依)해 조직(組織)되었는데, 보수적(保守的)이고 협조적인 성격(性格)을 띠며, 8시간제 노동(勞動)의...
一定成分比法則
일정성분비법칙
1799년 프랑스의 화학자(化學者) 프루스트(Proust, J. L.)가 발견(發見)한, 화합물(化合物)에서 화합물(化合物)의 출처(出處)나 제법(製法)과는 무관(無關)하게 구성(構成) 원소(元素) 사이의 무게비는...


-----------------------------------

*****DEFINITION*****
everything 그는 매사에 적극적이다 He is quite assertive in everything he does.
每
매양 매 1. 매양, 늘 2. 마다 3. 비록 4. 탐내다(貪--) 5. (풀이)우거지다 [부수]毋(말무) [총획]7획 [난이도]중학용, 읽기 7급II, 쓰기 6급
每年
매년
①매해 　②하나하나의 모든 해
每日
매일
하루하루의 모든 날
每週
매주
①각 주 　②또는 주마다
每月
매월
매달. 다달이

事
일 사 1. 일 2. 직업(職業) 3. 재능(才能) 4. 공업(工業), 사업(事業) 5. 관직(官職), 벼슬 6. 국가(國家) 대사(大事) 7. 경치(景致), 흥치(興致) 8. 변고(變故), 사고(事故) 9. 벌(옷을 세는 단위) 10. 섬기다... [부수]亅(갈고리궐) [총획]8획 [난이도]중학용, 읽기 7급II, 쓰기 6급
事實
사실
①실제(實際)로 있었던 일, 또는 있는 일 　②법률(法律) 상(上)으로 효과(效果)를 내는 현상(現象)이나 경험(經驗) 　③생각하였거나 말한 일에 대(對)하여 현실(現實)로 이루어졌거나 일어난 일로서...
事件
사건
①뜻밖에 일어난 사고(事故) 　②사회적(社會的) 관심(關心)이나 주목(注目)을 끌 만한 일
事態
사태
①일이 되어 가는 형편(形便) 　②벌어진 일의 상태(狀態)
事例
사례
①일의 전례(前例) 　②일의 실례(實例)


-----------------------------------

*****DEFINITION*****
reed 인간은 생각하는 갈대다 Man is a thinking reed.

-----------------------------------

*****DEFINITION*****
[명사] (수산학) 장망
n
자주 삭,셈할 수,촘촘할 촉 1. 자주 2. 자주 하다 3. 여러 번 되풀이하다 4. 빨리 하다 5. 빠르다 6. 황급하다(遑急--) 7. 바삐 서두르다 8. 급(急)히 서둘러 하다 9. 다가서다 10. 접근하다(接近--) a. 셈, 산법 (수) b. 역법(曆法)... [부수]攵(등글월문) [총획]15획 [난이도]중학용, 읽기 7급, 쓰기 6급
次元
차원
①일반적(一般的)인 공간(空間)의 넓이의 정도(程度)를 나타내는 수(數). 직선(直線)은 1차원. 평면(平面)은 2차원(二次元), 통상(通常)의 공간(空間)은 3차원(三次元)이지만, n차원이나 무한(無限) 차원의...
窒素
질소
무색(無色)ㆍ무미(無味)ㆍ무취(無臭)의 기체(氣體) 원소(元素). 원소(元素) 기호(記號) N, 원자(原子) 번호(番號) 7, 원자량(原子量) 14.01. 공기(空氣)의 약 5분의 4를 차지함. 암모니아 합성(合成)의...
單相
단상
단상 교류(交流). 핵상(核相)의 하나. 세포(細胞)가 감수(減數) 분열(分裂)을 하여 염색체(染色體) 수(數)가 반수(半數)로 된 시기(時期)로부터 수정(受精)할 때까지의 핵의 상태(狀態). 배우자(配偶者...
幾何平均
기하평균
n개의 양수(陽數)에 대(對)하여 이들 전부(全部)의 곱의 n 제곱근(--根)

e
클 대,큰 대,클 태,클 다 1. 크다, 심하다(甚--: 정도가 지나치다) 2. 높다, 존귀하다(尊貴--) 3. 훌륭하다, 뛰어나다 4. 자랑하다, 뽐내다, 교만하다(驕慢--) 5. 많다, 수효(數爻)가 많다 6. 중(重)히 여기다, 중요시하다(重要視--)... [부수]大(큰대) [총획]3획 [난이도]중학용, 읽기 8급, 쓰기 6급II
釜山廣域市 海雲臺區 APEC路
부산광역시 해운대구 APEC로
부산광역시(釜山廣域市) 해운대구(海雲臺區) APEC로(APEC路) (APEC-ro, Haeundae-gu, Busan)
補集合
보집합
집합(集合) A가 집합(集合) B의 부분(部分) 집합(集合)일 때, B에는 속하나 A에는 속하지 않는 모든 원으로 이루어지는 집합(集合)을 B에 대(對)한 A의 여집합(餘集合), 또는 B와 A와의 차라 하며, B-A로...
餘集合
여집합
집합(集合) A가 집합(集合) B의 부분(部分) 집합(集合)일 때, B에는 속하나 A에는 속하지 않은 모든 원으로 이루어지는 집합(集合)을 B에 대(對)한 A의 여집합(餘集合), 또는 B와 A와의 차라 하며 B-A로...
大小對當
대소대당
대당(對當) 관계(關係)의 일종(一種). 전칭(全稱) 긍정적(肯定的) 판단(判斷)(A)와 특칭(特稱) 긍정적(肯定的) 판단(判斷) (I)와의 대당(對當) 관계(關係) 및 전칭(全稱) 부정(否定) 판단(判斷) (E)와...

t
항렬 항,다닐 행 1. 항렬(行列) 2. 줄, 대열(隊列) 3. 열위(列位), 제위(諸位) 4. 항오(行伍), 군대(軍隊)의 대열(隊列) 5. 순서(順序), 차례(次例) 6. 같은 또래 7. 직업(職業) 8. 점포(店鋪), 가게 9. 깃촉 10. 의지(意志)가... [부수]行(다닐행) [총획]6획 [난이도]중학용, 읽기 6급, 쓰기 5급
破裂音
파열음
발음(發音) 방법(方法)에 의(依)한 음성(音聲) 분류(分類) 방법(方法)의 하나. 자음(子音)을 발음(發音)할 때 후두(喉頭) 위의 발음(發音) 기관(器官)의 어느 한 부분(部分)을 막고 숨을 그친 다음, 이를...
媒介變數
매개변수
각각(各各) 다른 변수(變數) 사이의 관계(關係)를 나타내기 위(爲)하여 쓰이는 변수(變數). 이를테면 방정식(方程式) x2t+1, y3t-4에서, t를 말함
振子
진자
한 정점(定點) 또는 한 정축(定軸)의 둘레를 일정(一定)한 주기(周期)로 진동(震動)하는 물체(物體). 단(單)진자ㆍ원추(圓錐) 진자ㆍ실체(實體)ㆍ복(複) 진자ㆍ용수철(龍鬚鐵) 진자 등(等)이 있음. 단진자가...
脇杖
협장
다리가 완전(完全)치 못한 사람이 걸음을 걸을 때에 겨드랑이에 대고 짚게 된 지팡이. ＇Y＇자 모양이나 ＇T＇자 모양으로 되어 있음. 목다리. 목발


-----------------------------------

*****DEFINITION*****
center, the middle 중앙의 central 2개 뜻 더보기 : center, the middle
中
가운데 중 1. 가운데 2. 안, 속 3. 사이 4. 진행(進行) 5. 마음, 심중(心中) 6. 몸, 신체(身體) 7. 내장(內臟) 8. 중도(中途) 9. 절반(折半) 10. 장정(壯丁) 11. 관아의 장부(帳簿ㆍ賬簿), 안건(案件) 12. 가운데... [부수]丨(뚫을곤) [총획]4획 [난이도]중학용, 읽기 8급, 쓰기 6급II
中國
중국
①유라시아 대륙(大陸)의 동남부(東南部)를 차지하는 나라. 1949년 중화인민공화국(中華人民共和國)과 중화민국(中華民國)으로 분단됨. 차이나 　②중화인민공화국(中華人民共和國)
中斷
중단
①중도(中途)에서 끊어짐. 또는, 끊음 　②중도(中途)에서 단절(斷切)하여 이제까지의 효력(效力)을 잃게 함
集中
집중
①(어떤 일ㆍ현상(現象)ㆍ대상(對象) 등(等)이) 한 곳이나 한 대상(對象)에, 또는 한정(限定)된 짧은 시간(時間)에 몰리거나 쏠리게 함 　②(어떤 일에 정신(精神)을) 바짝 차리고 쏠리게 함 　③(어떤...
中心
중심
①한가운데, 복판 　②중요(重要)하고 기본(基本)이 되는 부분(部分), 줏대

央
가운데 앙,선명한 모양 영 1. 가운데 2. 중간, 절발 3. 재앙(災殃) 4. 넓은 모양 5. 선명한 모양 6. 온화한 모양 7. 다하다, 끝나다 8. 없어지다 9. 오래다 10. 멀다 11. 넓다 12. 온화하다(溫和--) 13. 요구하다(要求--), 원하다(願--) [부수]大(큰대) [총획]5획 [난이도]고등용, 읽기 3급II, 쓰기 2급
中央
중앙
①사방(四方)의 중심(中心)이 되는 곳, 가운데 　②중심(中心)이 되는 중요(重要)한 곳 　③서울. 수도(首都)
中央政府
중앙정부
지방(地方) 자치제(自治制)가 확립(確立)된 행정(行政) 제도(制度)에서 전국(全國)의 행정(行政)을 통할(統轄)하는 최고(最高) 기관(機關)
中央部
중앙부
중앙(中央)이나 중심부(中心部)에 해당(該當)하는 부분(部分)
中央黨
중앙당
당 중앙(中央) 위원회(委員會)를 지방(地方) 당 기관(機關)에 상대(相對)하여 이르는 말


-----------------------------------

*****DEFINITION*****
target, mark 표적을 맞히다 hit the target[mark]
標
표할 표 1. 표하다(表--) 2. 나타내다 3. 기록하다(記錄--) 4. 표(標)를 하다 5. 적다 6. 표(標: 같은 종류의 다른 사물과 분간할 수 있도록 하는 그 사물만의 두드러진 특징) 7. 가지 8. 나무의 끝 9. 높은 나무... [부수]木(나무목) [총획]15획 [난이도]고등용, 읽기 4급, 쓰기 3급
目標
목표
①목적(目的)을 이루기 위(爲)하여 실제적(實際的) 대상(對象)으로 삼는 것 　②가서 닿을 곳 　③어떤 일을 이루어 내려는 시간(時間) 상(上)의 한계(限界)
標榜
표방
①어떠한 명목(名目)을 붙여 주의(主義), 주장(主張)을 앞에 내세움 　②남의 선행(善行)을 칭찬(稱讚)하고 기록(記錄)하여 여러 사람에게 보임
標準
표준
①사물(事物)을 정(定)하는 목표(目標). 기준(基準) 　②타(他)의 규범(規範)이 되는 준칙(準則). 규격(規格). 준거(準據) 　③물리량(物理量) 측정(測定)을 위(爲)한 단위(單位)를 확립(確立)하기 위(爲)하여...
指標
지표
①방향(方向)을 가리키는 표지(標識) 　②상용 대수의 정수(整數) 부분(部分)

的
과녁 적 1. 과녁 2. 참, 진실(眞實) 3. 목표(目標), 표준(標準) 4. 맏아들(=嫡) 5. 연밥(蓮-: 연꽃의 열매) 6. 연지(臙脂: 입술이나 뺨에 찍는 붉은 빛깔의 염료) 7. 이마가 흰 말 8. 뾰족한 봉우리 9. ~의 10.... [부수]白(흰백) [총획]8획 [난이도]중학용, 읽기 5급II, 쓰기 4급II
積極的
적극적
사물(事物)에 대(對)하여 긍정(肯定)하고 능동적(能動的)인 것
具體的
구체적
사물(事物)이 뚜렷한 실체(實體)를 갖추고 실제(實際)의 형체(形體)ㆍ내용(內容)을 가지고 있는 모양(模樣)
肯定的
긍정적
①어떠한 사실(事實)에 대(對)하여 그렇다고 인정(認定)하거나 찬성(贊成)하는 (것) 　②또는, 그렇게 인정(認定)할 만하거나 찬성(贊成)할 만한 (것)
衝擊的
충격적
마음에 충격(衝擊)을 주거나 사회적(社會的)으로 충격(衝擊)을 주는 것


-----------------------------------

*****DEFINITION*****
(강론하는 곳) a lecture hall, an auditorium, (제사하는 곳) a memorial hall for Confucianist services to honor distinguished scholars and statesmen
書
글 서 1. 글, 글씨 2. 글자 3. 문장(文章) 4. 기록(記錄) 5. 서류 6. 편지(便紙ㆍ片紙) 7. 장부(帳簿ㆍ賬簿) 8. 쓰다 [부수]曰(가로왈) [총획]10획 [난이도]중학용, 읽기 6급II, 쓰기 5급II
敎科書
교과서
학교(學校)에서 가르치는 데 쓰는 책(冊)
報告書
보고서
보고(報告)하는 내용(內容)을 적은 문서(文書)
書翰
서한
편지(便紙). 　멀리 떨어져 있는 상대(相對)에게 소식(消息)이나 사연(辭緣)이나 용무(用務)를 알리거나 전(傳)하기 위(爲)해 일정(一定)한 격식(格式)에 따라 글로 쓴 것. 또는, 그 글. 세는 단위(單位)는...
讀書
독서
책을 그 내용(內容)과 뜻을 헤아리거나 이해(理解)하면서 읽는 것

院
집 원 1. 집 2. 담, 담장(-牆) 3. 절, 사원(寺院) 4. 마을 5. 뜰, 정원(庭園) 6. 관아(官衙), 관서(官署) 7. 기루(妓樓: 창기(娼妓)를 두고 영업하는 집) [부수]阝(좌부변) [총획]10획 [난이도]고등용, 읽기 5급, 쓰기 4급
法院
법원
소송(訴訟) 사건(事件)을 심판(審判)하는 국가(國家) 기관(機關). 　대법원(大法院), 고등법원(高等法院), 지방법원(地方法院)
病院
병원
①병든 사람을 진찰(診察), 치료(治療) 및 예방(豫防)하기 위(爲)하여 설비(設備)를 갖추어 놓은 곳 　②병든 사람 스무 명 이상(以上)을 수용(收容)하면서 치료(治療)할 수 있는 시설(施設)을 한 곳
大法院
대법원
사법 기관(機關)으로서 헌법(憲法)에 규정(規定)된 최고(最高)의 국가(國家) 기관(機關). 대법원장(大法院長)을 포함(包含)한 14명(名)의 대법관(大法官)으로 조직(組織)되며, 상고(上告) 사건(事件),...
監査院
감사원
국가(國家)의 세입(歲入), 세출(歲出)의 결산(決算) 및 공무원(公務員)의 직무(職務)에 관(關)한 감사(監査)를 행(行)하는, 대통령(大統領)에 직접(直接) 딸린 정부(政府) 기관(機關)


-----------------------------------
