
*****DEFINITION*****
(verbal/oral) promise, one's word , promise, make a (verbal) promise, give sb one's word 언약을 맺다 make a promise
言
말씀 언,화기애애할 은 1. 말씀, 말 2. 견해(見解), 의견(意見) 3. 글 4. 언론(言論) 5. 맹세(盟誓)의 말 6. 호령(號令) 7. 하소연(딱한 사정 따위를 간곡히 호소함) 8. 건의(建議), 계책(計策) 9. 허물, 잘못 10. 혐극(嫌隙:... [부수]言(말씀언) [총획]7획 [난이도]중학용, 읽기 6급, 쓰기 5급
言論
언론
①말로나 글로써 자기(自己)의 의사(意思)를 발표(發表)하는 일 　②또는, 그 말이나 글
宣言
선언
①어떤나라가 다른 나라에 대(對)하여 행(行)하는 일방적(一方的)인 의사(意思) 표시(表示)　②나라와 나라 사이, 사회(社會) 집단(集團) 사이 또는 개인(個人) 상호(相互) 간(間)의 결정(決定)을 대외...
發言
발언
①의견(意見)을 나타내는 말 　②의견(意見)으로 말을 함　③말을 꺼냄
言及
언급
①어떤 일과 관련(關聯)하여 말함 　②말이 어떤 문제(問題)에 미침

約
맺을 약,부절 요,기러기발 적 1. 맺다 2. 약속하다(約束--) 3. 묶다, 다발을 짓다 4. 검소(儉素)하게 하다, 줄이다 5. 오그라들다 6. 인색하다(吝嗇--), 아끼다 7. 멈추다, 말리다 8. 쇠하다(衰--) 9. 갖추다 10. 구부리다 11. 따르다,... [부수]糸(실사) [총획]9획 [난이도]중학용, 읽기 5급II, 쓰기 4급II
約束
약속
①언약(言約)하여 정(定)함 　②서로 언약(言約)한 내용(內容)
契約
계약
①법률(法律) 상(上)의 효과(效果)를 목적(目的)으로 두 사람 이상(以上)의 의사(意思)의 합치에 의(依)하여 성립(成立)하는 법률(法律) 행위(行爲). 일방(一方)이 이를 신청(申請)하고 상대방(相對方)이...
節約
절약
아끼어 씀
條約
조약
조목(條目)을 세워서 약정(約定)한 언약(言約)


-----------------------------------

*****DEFINITION*****
relation(s) (with/between), connection (with/between/to), association (with/between), be connected (with/to), be related (to), be concerned (with/in), be associated (with), be involved (in)
聯
연이을 연,연이을 련 1. 연잇다(連--), 잇닿다(서로 이어져 맞닿다) 2. 잇다, 연결하다(連結--) 3. 나란히 하다 4. 연계하다(連繫ㆍ聯繫--) 5. 합하다(合--) 6. 연(聯: 상대하는 두 구를 한 짝으로 일컬음) 7. 대(對), 대구(對句)... [부수]耳(귀이) [총획]17획 [난이도]고등용, 읽기 3급II, 쓰기 2급
關聯
관련
①어떤 일과 다른 일과의 사이에 인과적인 관계(關係)가 있음 　②연관(聯關)
聯合
연합
①일정(一定)한 테두리 안에서 공동(共同) 목적(目的)으로 둘 이상(以上)의 개별적(個別的)인 단체(團體)나 조직체(組織體)가 아울러서 하나를 이룸 　②두 가지 이상(以上)의 사물(事物)이 합(合)하여...
聯關
연관
사물(事物)이 서로 어울려서 의존(依存)하고 계약(契約)하며 전체(全體)를 이루는 관계(關係). 서로 관계(關係)를 맺어 매여 있음. 같은 염색체(染色體) 가운데 있는 두 가지 이상(以上)의 유전자(遺傳子)가...
蘇聯
소련
소비에트 사회주의(社會主義) 공화국(共和國) 연방(聯邦)

關
관계할 관,당길 완 1. 관계하다(關係--) 2. 닫다 3. 끄다 4. 가두다 5. 감금하다(監禁--) 6. 주다, 받다 7. 관문(關門) 8. 세관(稅關) 9. 기관(機關) 10. 빗장 11. 난관(難關) a. (시위를)당기다 (완) [부수]門(문문) [총획]19획 [난이도]중학용, 읽기 5급II, 쓰기 4급II
關聯
관련
①어떤 일과 다른 일과의 사이에 인과적인 관계(關係)가 있음 　②연관(聯關)
關係
관계
①둘 이상(以上)이 서로 걸림 　②서로 관련(關聯)이 있음 　③남녀(男女)의 성교(性交)
機關
기관
①물건(物件)을 활동(活動)시키는 장치(裝置)를 하여 놓은 기계(機械) 　②열에너지를 받아 이것을 기계적(機械的) 에너지로 하여 딴 데로 보내는 기계(機械) 장치(裝置). 곧 증기기관(蒸氣機關). 내연(內燃)...
關係者
관계자
어떤 일에 관계(關係)되는 사람


-----------------------------------

*****DEFINITION*****
disciplinary action, take disciplinary action 엄중한 징계를 내리다 take severe disciplinary action
懲
징계할 징 1. 징계하다(懲戒--) 2. 응징하다(膺懲--) 3. 벌주다(罰--) 4. 혼내 주다 5. 혼나다 6. 그치다 7. 그만두다 8. 징계(懲戒) 9. 응징(膺懲) [부수]心(마음심) [총획]19획 [난이도]고등용, 읽기 3급, 쓰기 2급
懲戒
징계
①자기(自己) 스스로 과거(過去)에 당(當)한 일을 돌아보고 뉘우치고 경계(警戒)함. 허물이나 잘못을 뉘우치도록 나무람 　②남을 장례(葬禮)에 삼가도록 하기 위(爲)하여 제재(制裁)를 가함
膺懲
응징
①잘못을 회개(悔改)하도록 징계(懲戒)함 　②적국(敵國)을 정복(征服)함
懲役
징역
①기결(旣決) 죄인(罪人)을 교도소(矯導所) 안에 구치하여 일정(一定) 기간(期間) 노역(勞役)에 복무(服務)시키는 자유형(自由刑)의 한 가지. 무기(無期)와 유기(有期)가 있음 　②조선(朝鮮) 광무(光武)...
懲罰
징벌
옳지 못한 행위(行爲)에 대(對)하여 법적 제재를 가함(벌줌ㆍ벌씌움), 또는 그 제재

戒
경계할 계 1. 경계하다(警戒--), 막아 지키다, 경비하다(警備--) 2. 조심하고 주의하다, 삼가다(몸가짐이나 언행을 조심하다) 3. 타이르다, 알리다 4. 이르다, 분부하다(分付ㆍ吩咐--) 5. 재계하다(齋戒--: 몸과... [부수]戈(창과) [총획]7획 [난이도]고등용, 읽기 4급, 쓰기 3급
警戒
경계
①잘못되는 일이 일어나지 않도록 미리 조심하는 것 　②잘못이 없도록 타일러 주의(注意)시키는 것
懲戒
징계
①자기(自己) 스스로 과거(過去)에 당(當)한 일을 돌아보고 뉘우치고 경계(警戒)함. 허물이나 잘못을 뉘우치도록 나무람 　②남을 장례(葬禮)에 삼가도록 하기 위(爲)하여 제재(制裁)를 가함
訓戒
훈계
타일러서 경계(警戒)함
警戒心
경계심
경계(警戒)하여 조심하는 마음


-----------------------------------

*****DEFINITION*****
miserable, dismal, (formal) wretched, (formal) pitiable 비참한 생활을 하다 lead a miserable[wretched] life
悲
슬플 비 1. 슬프다, 서럽다 2. 슬퍼하다, 마음을 아파하다 3. 슬픔, 비애 4. 동정(同情), 가엾이 여기는 마음, 가엾게 여겨 은혜(恩惠)를 베푸는 일 5. 가엾게 여겨 은혜(恩惠)를 베푸는 일 [부수]心(마음심) [총획]12획 [난이도]중학용, 읽기 4급II, 쓰기 3급II
悲劇
비극
①슬프고 비참(悲慘)한 세상(世上)이나 인생(人生)을 소재(素材)로 하여 죽음, 파멸(破滅), 패배(敗北), 고뇌(苦惱) 등(等) 불행(不幸)한 내용(內容)으로 된 연극(演劇) 　②인생(人生)에서 일어나는 ...
悲鳴
비명
갑작스러운 위험(危險)이나 두려움 때문에 지르는 외마디 소리
慈悲心
자비심
①사랑하고 가엽게 여기는 마음 　②중생(衆生)에게 자비(慈悲)를 베푸는 마음
悲嘆
비탄
☞ 비탄(悲歎)

慘
참혹할 참,우울해질 조 1. 참혹하다(慘酷--) 2. 혹독하다(酷毒--) 3. 비참하다(悲慘--) 4. 무자비하다(無慈悲--) 5. 아프다 6. 손상하다(損傷--) 7. 상하게 하다 8. 해치다 9. 쇠약해지다(衰弱---) 10. 수척해지다(瘦瘠---) 11.... [부수]忄(심방변) [총획]14획 [난이도]고등용, 읽기 3급, 쓰기 2급
慘憺
참담
①딱하고 슬픈 모양(模樣) 　②비참(悲慘)하고 가슴 아픈 모양(模樣) 　③얼굴에 독기(毒氣)가 있음
慘敗
참패
참혹(慘酷)하게 패(敗)함
慘事
참사
①비참(悲慘)한 일 　②참혹(慘酷)한 사건(事件)
悽慘
처참
끔찍스럽게 참혹(慘酷)함


-----------------------------------

*****DEFINITION*****
[형용사] valid, available, good, effective 내 제안은 아직도 유효합니다 My offer is still valid.
有
있을 유 1. 있다 2. 존재하다(存在--) 3. 가지다, 소지하다(所持--) 4. 독차지하다(獨----) 5. 많다, 넉넉하다 6. 친(親)하게 지내다 7. 알다 8. 소유(所有) 9. 자재(資財), 소유물(所有物) 10. 경역(境域: 경계... [부수]月(달월) [총획]6획 [난이도]중학용, 읽기 7급, 쓰기 6급
有利
유리
①이익(利益)이 있음 　②이로움
有權者
유권자
①권리(權利)를 가진 자(者) 　②특(特)히, 선거권(選擧權)을 가진 자(者) 　③권력(權力)을 가진 자(者)
保有
보유
간직하고 있음
所有
소유
①가지고 있음 　②또는 그 물건(物件)

效
본받을 효 1. 본받다 2. 배우다 3. 나타내다, 드러내다 4. 밝히다, 명백(明白)히 하다 5. 주다, 수여하다(授與--) 6. 드리다, 바치다 7. 힘쓰다 8. 아뢰다 9. 세다 10. 공(功), 공로(功勞) 11. 공효(功效: 공을 들인... [부수]攵(등글월문) [총획]10획 [난이도]중학용, 읽기 5급II, 쓰기 4급II
效果
효과
보람으로 나타나는 좋은 결과(結果)
實效性
실효성
실제(實際)의 효력(效力)을 가지는 성질(性質)
效率的
효율적
①기계(機械)로 한 일의 양(量)과 소비(消費)된 힘과의 비(比)가 잘 조화(調和)되어 있는 모양(模樣) 　②일반적(一般的)으로, 사용(使用)한 노력(努力)에 대(對)해 얻은 결과(結果) 쪽이 큰 모양(模樣)
無效
무효
①효력(效力)ㆍ효과(效果)ㆍ효험이 없음 　②법률(法律) 행위(行爲)가 그 목적한 효과(效果)를 내지 않음. 특히 사법(私法)에서, 당사자의 뜻한 법률(法律) 효과(效果)가 생기지 않는 것. 이를테면 착오(錯誤)에...


-----------------------------------

*****DEFINITION*****
(관념) concept, idea, notion, conception 기본 개념 a fundamental concept[notion] 2개 뜻 더보기 : (관념) concept, idea, notion, conception
槪
대개 개 1. 대개(大槪: 대부분) 2. 절개(節槪ㆍ節介) 3. 절조(節操: 절개와 지조를 아울러 이르는 말) 4. 대강(大綱), 대략(大略) 5. 평목 6. 평미레(平--: 말이나 되에 곡식을 담고 그 위를 평평하게 밀어 고르게... [부수]木(나무목) [총획]15획 [난이도]고등용, 읽기 3급II, 쓰기 2급
槪念
개념
①여러 관념(觀念) 속에서 공통(共通)된 요소(要素)를 추상(抽象)하여 종합(綜合)한 하나의 관념(觀念) 　②판단(判斷)의 결과(結果)로 얻어지며 판단(判斷)을 성립(成立)시키는 것으로 인간(人間)의 ...
節槪
절개
절의(節義)와 기개(氣槪), 신념(信念) 등(等)을 지키어 굽히지 않는 충실(充實)한 태도(態度)
大槪
대개
①대체의 사연(事緣) 　②대체의 줄거리 　③그저 웬 만한 정도(程度)로 중요(重要)한 부분(部分)만을 대강, 대강, 대부분(大部分), 대체로
槪括
개괄
①대충 추려 한데 뭉뚱그림 　②어떤 개념(槪念)의 외연(外延)으로 확대(擴大)하여 보다 많은 사물(事物)을 포괄(包括)하는 개념(槪念)을 만드는 일

念
생각 념,생각 염 1. 생각 2. 스물, 이십 3. 잠깐, 극히 짧은 시간(時間) 4. 생각하다, (마음에)두다 5. 기억하다(記憶--) 6. 외우다, 읊다, 암송하다(暗誦--) 7. 삼가다(몸가짐이나 언행을 조심하다) 8. 가엾게 여기다,... [부수]心(마음심) [총획]8획 [난이도]중학용, 읽기 5급II, 쓰기 4급II
槪念
개념
①여러 관념(觀念) 속에서 공통(共通)된 요소(要素)를 추상(抽象)하여 종합(綜合)한 하나의 관념(觀念) 　②판단(判斷)의 결과(結果)로 얻어지며 판단(判斷)을 성립(成立)시키는 것으로 인간(人間)의 ...
念慮
염려
①여러 가지로 헤아려 걱정하는 것 　②또는, 그 걱정
記念
기념
☞ 기념(紀念)
理念
이념
이성(理性)에 의(依)하여 얻어지는 최고(最高)의 개념(槪念). 생각, 의식(意識) 내용(內容)


-----------------------------------

*****DEFINITION*****
쌍방의 both
雙
두 쌍,쌍 쌍 1. 두, 둘 2. 한 쌍 3. 짝수 4. 밭의 면적(面積) 5. 돛(배 바닥에 세운 기둥에 매어 펴 올리고 내리고 할 수 있도록 만든 넓은 천) 6. 성(姓)의 하나 7. 견주다(어떠한 차이가 있는지 알기 위하여 서로... [부수]隹(새추) [총획]18획 [난이도]고등용, 읽기 3급II, 쓰기 2급
雙方
쌍방
양쪽
雙璧
쌍벽
①두 개의 구술. 쌍구슬 　②우열(優劣)이 없이 여럿 가운데에서 둘이 다 뛰어나게 훌륭한 존재(存在) 　③우열(優劣)의 차를 가릴 수없이 두 편이 모두 훌륭함
雙曲線
쌍곡선
①축의 한 점에 꼭지점(點)을 같이하고 맞서는 두 직원뿔을 한 평면(平面)으로 양쪽이 다 잘리게 자르는 때 그 잘린 면이 서로 맞선 꼴로 나타내는 두 곡선(曲線). 이것은 한 평면(平面) 위의 두 정점에서의...
雙球菌
쌍구균
둥근 세균(細菌)이 두 개씩 붙어서 고치 모양(模樣)을 하고 있는 균. 폐렴균(肺炎菌), 임균(淋菌) 따위

方
모 방,본뜰 방,괴물 망 1. 모, 네모 2. 방위(方位), 방향(方向) 3. 나라, 국가(國家) 4. 곳, 장소(場所) 5. 도리(道理), 의리(義理) 6. 방법(方法), 수단(手段) 7. 술법(術法), 방술(方術) 8. 처방, 약방문 9. 법(法), 규정(規定)... [부수]方(모방) [총획]4획 [난이도]중학용, 읽기 7급II, 쓰기 6급
方案
방안
일을 처리(處理)해 나갈 방법(方法)에 관(關)한 일
方針
방침
①앞으로 일을 치러 나갈 방향(方向)과 계획(計劃) 　②방위(方位)를 가리키는 자석의 바늘
方向
방향
①어떤 곳을 향한 쪽 　②어떤 움직임, 현상(現象), 뜻하는 바가 나아가는 목표(目標)가 되는 쪽
方法
방법
①일이나 연구(硏究) 등(等)을 해나가는 길이나 수단(手段) 　②일정(一定)한 목적(目的)을 이루기 위(爲)하여 취(取)하는 솜씨


-----------------------------------

*****DEFINITION*****
(신체 기관) liver 간 이식수술을 받다 receive a liver transplant 2개 뜻 더보기 : (신체 기관) liver
肝
간 간 1. 간(肝), 간장(肝臟) 2. 진심(眞心) 3. 충심(衷心: 마음속에서 우러나는 참된 마음) 4. 요긴함(要緊-) 5. 마음 6. 요긴하다(要緊--) [부수]月(육달월) [총획]7획 [난이도]고등용, 읽기 3급II, 쓰기 2급
肝臟
간장
간(肝). 가로막 바로 밑의 오른쪽에 있는 기관(器官)
肝炎
간염
간(肝)에 염증(炎症)이 생기는 질환(疾患)의 총칭(總稱)
肝膽
간담
①간과 쓸개 　②속마음
肝癌
간암
간에 생기는 암의 통칭(通稱). 처음부터 간에 생기는 원발성(原發性)의 경우(境遇)와 위암(胃癌)ㆍ장암(腸癌) 등(等)으로부터 옮아 일어나는 전이성(轉移性)의 경우(境遇)가 있음


-----------------------------------

*****DEFINITION*****
obligation duty,; (책임) responsibility, liability 법률상의 의무 legal obligation[responsibility]
義
옳을 의 1. 옳다, 의롭다 2. 바르다 3. 선량하다(善良--), 착하다 4. 순응하다(順應--) 5. 맺다 6. 해 넣다 7. 섞다, 혼합하다(混合--) 8. 간사하다(奸邪--: 마음이 바르지 않다), 옳지 않다 9. 의(義), 정의(正義),... [부수]羊(양양) [총획]13획 [난이도]중학용, 읽기 4급II, 쓰기 3급II
義務
의무
①일정(一定)한 사람에게 부과(賦課)되어 반드시 실행(實行)해야 하는 일 　②맡은 직분(職分)
講義
강의
글이나 학설(學說)의 뜻을 설명(說明)하여 가르침
國粹主義
국수주의
자기(自己) 나라의 고유(固有) 전통(傳統) 문화(文化)만이 우수(優秀)하다고 믿고 다른 나라의 문물(文物)을 지나치게 배척(排斥)하는 태도(態度)나 입장(立場)
民主主義
민주주의
인민(人民) 전체(全體)의 이익(利益)과 행복(幸福)을 기초(基礎)로 하여 행(行)하는 정치(政治) 상(上)의 주의(主義)

務
힘쓸 무,업신여길 모 1. 힘쓰다 2. 권면하다(勸勉--) 3. 구하다(求--), 찾아 얻다 4. 현혹되다(眩惑--) 5. 일, 업무(業務) 6. 공무(公務), 정사(政事) 7. 직무(職務) 8. 직업(職業), 직분(職分) 9. 반드시, 모름지기 a. 업신여기다... [부수]力(힘력) [총획]11획 [난이도]중학용, 읽기 4급II, 쓰기 3급II
公務員
공무원
국가(國家) 또는 지방공공단체(地方公共團體)의 사무(事務)를 담당(擔當)하는 사람으로 국가공무원(國家公務員), 지방공무원(地方公務員)이 있으며, 전자(前者)는 다시 별정직(別定職) 공무원(公務員)과...
業務
업무
직장(職場)에서 의무(義務)나 직분(職分)에 따라 맡아서 하는 일
勤務
근무
①(직장에 적을 두고) 직무(職務)에 종사(從事)하는 것 　②(일직(日直)ㆍ숙직(宿直)ㆍ당번 따위를) 맡아서 집행(執行)하는 것
義務
의무
①일정(一定)한 사람에게 부과(賦課)되어 반드시 실행(實行)해야 하는 일 　②맡은 직분(職分)


-----------------------------------

*****DEFINITION*****
(종이·문서 등을) [명사] destruction , [동사] destroy, shred 문서를 파기하다 destroy a document 3개 뜻 더보기 : (종이·문서 등을) [명사] destruction , [동사] destroy, shred
破
깨뜨릴 파,무너질 피 1. 깨뜨리다, 깨다 2. 부수다, 파괴하다(破壞--) 3. 째다, 가르다 4. 지우다, 패배시키다(敗北---) 5. (일을)망치다 6. 쪼개지다 7. 갈라지다 8. 흩뜨리다 9. 다하다, 남김이 없다 10. 깨짐, 깨는 일,... [부수]石(돌석) [총획]10획 [난이도]중학용, 읽기 4급II, 쓰기 3급II
破綻
파탄
①찢어지고 터짐　②일이 원만(圓滿)히 해결(解決)되지 않고 중도(中途)에서 그릇됨　③회사(會社) 등(等)이 정지(停止)로 됨
破壞
파괴
①깨뜨리어 헐어 버림. 깨뜨리어 기능(機能)을 잃게 함 　②남의 입론(立論)이나 주장(主張) 등(等)을 부인(否認)함
突破
돌파
ⓛ무찔러 깨뜨림. 뚫어 깨뜨림. 특(特)히 전투행위(戰鬪行爲)에서 적의 부대(部隊)나 함대(艦隊)를 정면으로 공격(攻擊)해서 분단(分斷)함 　②어떤 기준(基準)에 도달(到達)하여 그것을 넘음
突破口
돌파구
①견고(堅固)한 진지(陣地) 등(等)의 한쪽을 돌파하여 만든 공격로(攻擊路) 　②곤란(困難)한 문제(問題) 따위를 해결(解決)하는 실마리

棄
버릴 기 1. 버리다 2. 그만두다 3. 돌보지 않다 4. 꺼리어 멀리하다 5. 물리치다 6. 잊다 [부수]木(나무목) [총획]12획 [난이도]고등용, 읽기 3급, 쓰기 2급
抛棄
포기
①하던 일을 중도(中途)에 그만두어 버림 　②자기(自己)의 권리(權利)나 자격(資格)을 쓰지 않음
廢棄
폐기
①못 쓰게 된 것을 버림. 폐지(廢止)하여 방기함 　②조약(條約)을 당사자(當事者)의 의사(意思)에 의(依)하여 효력(效力)을 잃게 함
棄却
기각
①내버려 문제(問題) 삼지 않음. 어떤 사물(事物)을 버림 　②민사소송법(民事訴訟法) 상(上) 법원(法院)이 소송(訴訟) 당사자(當事者)의 신청(申請)의 내용(內容)을 종국적 재판(裁判)에서 이유(理由)...
遺棄
유기
①내버리고 돌아보지 않음 　②어떤 사람에 대(對)한 종래(從來)의 보호(保護)를 거부(拒否)하여, 그를 보호(保護)를 받지 못하는 상태(狀態)로 두는 일


-----------------------------------

*****DEFINITION*****
repeat 해를 거듭할수록 as years go by

-----------------------------------

*****DEFINITION*****
an aerodynamicist

-----------------------------------

*****DEFINITION*****
part, section; (분파) offshoot; (머리의) braid, (Brit) plait, pigtails 여러 갈래로 나뉘다 be divided into several parts[sections]

-----------------------------------

*****DEFINITION*****
(작용) function 이 휴대전화는 다양한 기능이 있다 This cellphone has various functions.
機
틀 기 1. 틀, 기계 2. 베틀 3. 기틀, 고동(기계 장치) 4. 재치 5. 기교(技巧) 6. 거짓 7. 허위 8. 기회(機會) 9. 때, 시기(時期) 10. 계기(契機) 11. 권세(權勢) 12. 갈림길, 분기점(分岐點) 13. 찌(글을 써서... [부수]木(나무목) [총획]16획 [난이도]고등용, 읽기 4급, 쓰기 3급
契機
계기
일이 일어나거나 결정(決定)되는 근거(根據)
機關
기관
①물건(物件)을 활동(活動)시키는 장치(裝置)를 하여 놓은 기계(機械) 　②열에너지를 받아 이것을 기계적(機械的) 에너지로 하여 딴 데로 보내는 기계(機械) 장치(裝置). 곧 증기기관(蒸氣機關). 내연(內燃)...
危機
위기
①위험(危險)한 고비 　②위험(危險)한 경우(境遇)
機會
기회
①공교(工巧)롭게 보람 있는 고비 　②기대(期待)하던 그때, 일을 하기에 적당(適當)한 시기(時期)

能
능할 능,견딜 내 1. 능하다(能--) 2. 능(能)히 할 수 있다 3. 기량(技倆ㆍ伎倆)을 보이다 4. 재능(才能)이 있다 5. 화목하게 지내다 6. ~할 수 있다 7. 응당 ~해야 한다 8. 능력(能力) 9. 재능(才能) 10. 인재(人才) 11.... [부수]月(육달월) [총획]10획 [난이도]중학용, 읽기 5급II, 쓰기 4급II
可能性
가능성
①가능(可能)한 성질(性質) 　②완성(完成)될 수 있는 성질(性質) 　③일정(一定)한 조건(條件) 밑에 현실적(現實的)이 될 수 있는 자격(資格)을 갖고 있는 일
能力
능력
①일을 감당(堪當)하거나 해결(解決)해 낼 수 있는 힘 　②어떤 일에 대(對)하여 요구(要求)되고 적당(適當)하다고 인정(認定)되는 자격(資格)
可能
가능
①할 수 있음 　②될 수 있음 　③사유(思惟) 상(上) 모순이 없음
機能
기능
①어느 기관(機關)이 그 기관(機關)으로써 작용(作用)할 수 있는 능력(能力) 또는 작용(作用) 　②작용(作用), 활동(活動)


-----------------------------------

*****DEFINITION*****
the future 훗날을 도모하다 plan for the future
後
뒤 후,임금 후 1. 뒤 2. 곁 3. 딸림 4. 아랫사람 5. 뒤떨어지다 6. 능력(能力) 따위가 뒤떨어지다 7. 뒤지다 8. 뒤서다 9. 늦다 10. 뒤로 미루다 11. 뒤로 돌리다 12. 뒤로 하다 13. 임금 14. 왕후(王后), 후비(后妃)... [부수]彳(두인변) [총획]9획 [난이도]중학용, 읽기 7급II, 쓰기 6급
以後
이후
①일정(一定)한 때로부터 그 뒤 　②이다음
午後
오후
①정오(正午)로부터 밤 열두 시까지의 동안 　②정오(正午)로부터 해가 질 때까지의 동안
後遺症
후유증
병을 앓고 난 뒤에도 남아 있는 병적(病的) 증세(症勢)
後續
후속
뒤를 이어 계속(繼續) 됨


-----------------------------------

*****DEFINITION*****
symbol; (그림, 도안) emblem, symbolic representation, symbolize, be symbolic of, stand for 비둘기는 평화의 상징이다 The dove is a symbol[emblem] of peace.
象
코끼리 상 1. 코끼리 2. 상아(象牙) 3. 꼴, 모양, 형상(形象ㆍ形像) 4. 얼굴 모양, 초상(肖像) 5. 법(法), 법제(法制) 6. 징후(徵候), 조짐(兆朕) 7. 도리(道理) 8. 점괘(占卦) 9. 통변(通辯) 10. 역법(曆法) 11.... [부수]豕(돼지시) [총획]12획 [난이도]고등용, 읽기 4급, 쓰기 3급
對象
대상
사람이 어떤 행위(行爲)를 할 때, 그 목적(目的)이 되는 사물(事物)이나 상대(相對)가 되는 사람
現象
현상
①눈 앞에 나타나 보이는 사물(事物)의 형상(形狀) 　②본질(本質)이나 본체(本體)의 바깥으로 나타나는 상(象)
象徵
상징
①추상적(抽象的)인 사물(事物)을 구체화(具體化)하는 것 　②또는, 그와 같이 나타나지는 것
抽象的
추상적
①낱낱의 사물(事物)에서 공통(共通)되는 屬性(속성)을 뽑아내어 종합(綜合)한 상태(狀態) 　②또는, 그것

徵
부를 징,음률 이름 치 1. 부르다 2. 징집하다(徵集--) 3. 소집하다(召集--) 4. 구하다(求--), 모집하다(募集--) 5. 거두다, 징수하다(徵收--) 6. 징계하다(懲戒--) 7. 밝히다 8. 증명하다(證明--), 검증하다(檢證--) 9. 이루다... [부수]彳(두인변) [총획]15획 [난이도]고등용, 읽기 3급II, 쓰기 2급
象徵
상징
①추상적(抽象的)인 사물(事物)을 구체화(具體化)하는 것 　②또는, 그와 같이 나타나지는 것
特徵
특징
①다른 것에 비겨서 특별(特別)히 눈에 뜨이는 점 　②벼슬을 시키려고 임금이 특별(特別)히 부름
象徵的
상징적
상징(象徵)의 성질(性質)을 띠는 것
徵收
징수
나라에서 세금(稅金)이나 그밖의 돈이나 물건(物件)을 거둬들임


-----------------------------------

*****DEFINITION*****
be divided

-----------------------------------
