
*****DEFINITION*****
clear, obvious, evident; (거짓말·변명 등이) transparent 뻔한 거짓말은 안 통한다 A(n) obvious[transparent] lie won't work.

-----------------------------------

*****DEFINITION*****
camouflage (드러내지 않도록 숨김)[동사] disguise, 상선으로 위장한 군함 a warship disguised as a merchant ship
僞
거짓 위,잘못 될 와 1. 거짓 2. 사투리(=訛) 3. 잘못 4. 작위(作爲: 의식적으로 꾸며서 하는 행위) 5. 속이다 6. 그릇 되게 바뀌다 7. 그런양 나타내 보이다 a. 잘못 되다 (와) b. 틀리다 (와) c. 고치다, 변화시키다(變化---)... [부수]亻(사람인변) [총획]14획 [난이도]고등용, 읽기 3급II, 쓰기 2급
僞幣
위폐
위조(僞造)한 화폐(貨幣), 지폐(紙幣)
虛僞
허위
①사실(事實)이 아닌 것을 사실(事實)처럼 꾸민 것 　②없는 사실(事實)을 거짓으로 꾸밈
眞僞
진위
정말과 거짓말. 진짜와 가짜
僞裝
위장
①본래(本來)의 속셈이나 모습이 드러나지 않도록 거짓으로 꾸미는 것. 또는, 그러한 수단(手段)이나 방법(方法) 　②병력(兵力)ㆍ장비(裝備)ㆍ시설(施設) 등(等) 공격(攻擊)의 대상물(對象物)이 적의...

裝
꾸밀 장 1. 꾸미다 2. 치장하다(治粧--) 3. 넣다 4. 묶다 5. 싣다, 적재하다(積載--) 6. 싸다 7. 간직하다 8. 흉내 내다 9. 행장(行裝), 옷차림 10. 옷, 의복(衣服) 11. 꾸밈, 장식(裝飾) 12. 짐, 짐보따리 [부수]衣(옷의) [총획]13획 [난이도]고등용, 읽기 4급, 쓰기 3급
裝置
장치
①차리어 둠. 어떤 목적(目的)에 따라서 기능(機能)을 발휘(發揮)할 수 있도록 기계(機械)나 도구(道具)를 그 장소(場所)에 정착시키는 것. 또는, 그 기계(機械)ㆍ도구(道具)ㆍ설비(設備) 　②만들어 둠...
裝備
장비
①비품이나 부속품(附屬品) 따위를 장치(裝置)하는 일 　②군대(軍隊)나 함정(艦艇) 따위의 무장(武裝) 　③갖추어 장식(裝飾)함. 꾸미어 갖춤
包裝
포장
물건(物件)을 싸서 꾸림
武裝
무장
①전투(戰鬪)를 할 수 있도록 갖추어 차린 장비(裝備). 　②전투(戰鬪)를 하기에 필요(必要)한 장비(裝備)를 갖추어 차림. 　③어떤 일을 하기에 필요(必要)한 마음의 자세(姿勢)나 기술(技術) 등(等)을...


-----------------------------------

*****DEFINITION*****
cause, bring about, lead to, result in; (좋지 않은 일을) (formal) give rise to 실패를 초래하다 cause[lead to; give rise to] a failure
招
부를 초,지적할 교,풍류 이름 소 1. 부르다, 손짓하다 2. 묶다, 결박하다(結縛--) 3. 얽어매다, 속박하다(束縛--) 4. 구하다(求--) 5. 나타내다, 밝히다 6. 흔들리다 7. (몸을)움직이다 8. 과녁 9. 별 이름 a. 지적하다(指摘--) (교) b.... [부수]扌(재방변) [총획]8획 [난이도]중학용, 읽기 4급, 쓰기 3급
招來
초래
①불러 옴 　②그렇게 되게 함 　③어떤 결과(結果)를 가져옴
招請
초청
청하여 불러들임
自招
자초
스스로 그러한 결과(結果)가 오게 함
招聘
초빙
①예(禮)를 갖춰 불러 맞아들임 　②초대(招待)함

來
올 래,올 내 1. 오다 2. 돌아오다 3. 부르다 4. 위로하다(慰勞--) 5. 이래 6. 그 이후(以後)로 7. 앞으로 8. 미래(未來) 9. 후세(後世) 10. 보리(볏과의 두해살이풀) [부수]人(사람인) [총획]8획 [난이도]중학용, 읽기 7급, 쓰기 6급
招來
초래
①불러 옴 　②그렇게 되게 함 　③어떤 결과(結果)를 가져옴
未來
미래
아직 오지 않은 때
來年
내년
올해의 다음 해, 명년(明年)
去來
거래
①금전(金錢)을 서로 대차(貸借)하거나 물건(物件)을 매매(賣買)하는 일 　②사건(事件)이 생기는 대로 하인(下人)이 상사(上司)에게 알리는 일 　③과거(過去)와 미래(未來)


-----------------------------------

*****DEFINITION*****
-----------------------------------

*****DEFINITION*****
[명사] ignorance; (어리석음) stupidity, [형용사] ignorant (of); (어리석다) stupid 자신의 무지를 드러내다 betray one's ignorance
無
없을 무 1. 없다 2. 아니다(=非) 3. 아니하다(=不) 4. 말다, 금지하다(禁止--) 5. ~하지 않다 6. 따지지 아니하다 7. ~아니 하겠느냐? 8. 무시하다(無視--), 업신여기다 9. ~에 관계없이(關係--) 10. ~를 막론(莫論)하고... [부수]灬(연화발) [총획]12획 [난이도]중학용, 읽기 5급, 쓰기 4급
無視
무시
①존재(存在)나 있는 값어치를 알아주지 아니함 　②사람을 깔보거나 업신여김 　③눈여겨 보지 않음
無責任
무책임
①책임(責任)이 없음 　②책임감(責任感)이 없음
無條件
무조건
어떤 일을 함에 있어서 아무런 조건(條件)이 없음
無關
무관
관계(關係)가 없음

知
알 지 1. 알다 2. 알리다, 알게 하다 3. 나타내다, 드러내다 4. 맡다, 주재하다(主宰--) 5. 주관하다(主管--) 6. 대접하다(待接--) 7. 사귀다 8. (병이)낫다 9. 사귐 10. 친한 친구(親舊) 11. (나를)알아주는... [부수]矢(화살시) [총획]8획 [난이도]중학용, 읽기 5급II, 쓰기 4급II
知識
지식
①어떤 대상(對象)을 연구(硏究)하거나 배우거나 또는 실천(實踐)을 통(通)해 얻은 명확(明確)한 인식(認識)이나 이해(理解) 　②알고 있는 내용(內容)이나 사물(事物) 　③(철학(哲學)) 인식(認識)에...
周知
주지
여러 사람이 어떤 사실(事實)을 널리 아는 것
道知事
도지사
한 도의 행정(行政) 사무(事務)를 맡아보는 지방(地方) 장관(長官)
知慧
지혜
①사물(事物)의 도리(道理)나 선악(善惡) 따위를 잘 분별(分別)하는 마음의 작용(作用). 슬기 　②불교(佛敎)에서, 미혹(迷惑)을 끊고 부처의 진정(眞正)한 깨달음을 얻는 힘을 이르는 말


-----------------------------------

*****DEFINITION*****
-----------------------------------

*****DEFINITION*****
(건물·도시 등을) [명사] destruction, demolition , [동사] destroy, demolish, ravage, devastate, wreck 폭도들이 대사관 건물을 파괴했다 Mobs destroyed the embassy building. 3개 뜻 더보기 : (건물·도시 등을) [명사] destruction, demolition , [동사] destroy, demolish, ravage, devastate, wreck
破
깨뜨릴 파,무너질 피 1. 깨뜨리다, 깨다 2. 부수다, 파괴하다(破壞--) 3. 째다, 가르다 4. 지우다, 패배시키다(敗北---) 5. (일을)망치다 6. 쪼개지다 7. 갈라지다 8. 흩뜨리다 9. 다하다, 남김이 없다 10. 깨짐, 깨는 일,... [부수]石(돌석) [총획]10획 [난이도]중학용, 읽기 4급II, 쓰기 3급II
破綻
파탄
①찢어지고 터짐　②일이 원만(圓滿)히 해결(解決)되지 않고 중도(中途)에서 그릇됨　③회사(會社) 등(等)이 정지(停止)로 됨
破壞
파괴
①깨뜨리어 헐어 버림. 깨뜨리어 기능(機能)을 잃게 함 　②남의 입론(立論)이나 주장(主張) 등(等)을 부인(否認)함
突破
돌파
ⓛ무찔러 깨뜨림. 뚫어 깨뜨림. 특(特)히 전투행위(戰鬪行爲)에서 적의 부대(部隊)나 함대(艦隊)를 정면으로 공격(攻擊)해서 분단(分斷)함 　②어떤 기준(基準)에 도달(到達)하여 그것을 넘음
突破口
돌파구
①견고(堅固)한 진지(陣地) 등(等)의 한쪽을 돌파하여 만든 공격로(攻擊路) 　②곤란(困難)한 문제(問題) 따위를 해결(解決)하는 실마리

壞
무너질 괴,앓을 회 1. 무너지다 2. 무너뜨리다 3. 허물어지다 4. 파괴하다 5. 망가지다(부서지거나 찌그러져 못 쓰게 되다) 6. 고장나다(故障--) 7. 악하다(惡--) 8. 나쁘다 9. 썩다 10. 나쁜 생각 11. 못된 수작(酬酌) 12.... [부수]土(흙토) [총획]19획 [난이도]고등용, 읽기 3급II, 쓰기 2급
崩壞
붕괴
①허물어져 무너짐　②(물리학(物理學)) 방사성(放射性) 원자핵(原子核)이 방사선(放射線)을 내며 다른 종의 원자(原子)로 변화(變化)하는 현상(現象) 　③(물리학(物理學)) 소립자(素粒子)가 자발적(...
破壞
파괴
①깨뜨리어 헐어 버림. 깨뜨리어 기능(機能)을 잃게 함 　②남의 입론(立論)이나 주장(主張) 등(等)을 부인(否認)함
壞苦
괴고
고고(苦苦). 행고(行苦)와 더불어 삼고(三苦)의 한 가지. 즐거운 일이 어그러져서 받는 고통(苦痛)
壞決
괴결
무너짐. 무너뜨림


-----------------------------------

*****DEFINITION*****
a surprise[sudden] attack, 엄습하다 make a surprise[sudden] attack (on) , swoop down on, take 《the enemy》 by surprise, strike, hit, visit 추위가 엄습해 왔다 The cold weather took the people by surprise.
掩
가릴 엄 1. 가리다 2. 숨기다 3. 엄습하다(掩襲--) 4. 불의에 차다, 갑자기 공격하다(攻擊--) 5. 비호하다(庇護--), 감싸다 6. 바로잡다, 고치다 7. (문을)닫다 8. 그치다, 그만두다 9. 엿보다, 몰래 보다 10.... [부수]扌(재방변) [총획]11획 [난이도]읽기 1급, 쓰기 특급
掩蔽
엄폐
①보이지 않도록 가려서 숨김 　②또는, 그 물건(物件)
掩護
엄호
적의 공격(攻擊)이나 화력(火力)으로부터 자기편(自己便)의 행동(行動)이나 시설(施設) 따위를 보호(保護)함
掩塞
엄색
①덮어 막음 　②들씌워 막음
掩諱
엄휘
☞ 엄폐(掩蔽)

襲
엄습할 습 1. 엄습하다(掩襲--: 뜻하지 아니하는 사이에 습격하다) 2. 치다 3. 인습하다(因襲--: 예전의 풍습, 습관, 예절 따위를 그대로 따르다) 4. 잇다, 물려받다 5. 인하다(因--: 어떤 사실로 말미암다) 6. ... [부수]衣(옷의) [총획]22획 [난이도]고등용, 읽기 3급II, 쓰기 2급
世襲
세습
그 집에 속(屬)하는 신분(身分), 재산(財産), 작위(爵位), 업무(業務) 등(等)을 대대(代代)로 물려받는 일
踏襲
답습
①선인(先人)의 행적(行蹟)을 그대로 따라 행(行)함 　②또는, 선인(先人)의 설(說)을 그대로 계승(繼承)하여 자기(自己)의 설로 삼음. 습답(襲踏) 　③전해온 방식(方式)을 그대로 함
襲擊
습격
갑자기 적을 엄습하여 침
模襲
모습
무엇을 본으로 삼아 그대로 만들거나 행(行)하는 일


-----------------------------------

*****DEFINITION*****
[동사] wake up (to) 사법부는 이번 사태에 책임을 지고 각성해야 한다 The judicature should wake up and assume more responsibility for the incident.
覺
깨달을 각,깰 교 1. 깨닫다 2. 깨우치다 3. 드러내다, 밝히다 4. 나타나다 5. 터득하다(攄得--) 6. 높고 크다 7. 곧다, 바르다 8. 깨달음 9. 선각자(先覺者) 10. 거리(距離), 이정(里程) 11. 별 이름 a. (잠을)깨다 (교)... [부수]見(볼견) [총획]20획 [난이도]고등용, 읽기 4급, 쓰기 3급
覺悟
각오
①도리(道理)를 깨달음 　②앞으로 닥쳐 올 일을 미리 깨달아 마음을 작정(作定)함. 결심(決心)함
錯覺
착각
①(어떤 대상(對象)ㆍ현상(現象)을 실제(實際)와 다른 대상(對象)ㆍ현상(現象)으로) 잘못 보거나 듣거나 느끼는 것 　②또는, (어떤 사실(事實)을 실제(實際)와 다른 상태(狀態)로) 잘못 생각하거나 이...
覺醒
각성
①눈을 떠서 정신(精神)을 차림 　②사람의 주의(注意)를 환기(喚起)시킴 　③자기(自己)의 잘못을 깨달음
視覺
시각
①빛의 자극(刺戟)을 받아 눈으로 느끼는 것 　②눈의 감각(感覺)

醒
깰 성 1. (술이)깨다, (잠이)깨다 2. 깨닫다, 깨우치다 3. (병이)낫다 4. 다시 활동하다(活動--) 5. 청신하다(淸新--: 맑고 산뜻하다) [부수]酉(닭유) [총획]16획 [난이도]읽기 1급, 쓰기 특급
覺醒
각성
①눈을 떠서 정신(精神)을 차림 　②사람의 주의(注意)를 환기(喚起)시킴 　③자기(自己)의 잘못을 깨달음
醒酒湯
성주탕
해장국. 전날의 술기운으로 거북한 속을 풀기 위하여 먹는 국
醒覺
성각
☞ 각성(覺醒)
半醒
반성
(술기운(-氣運)이나 졸음이)반쯤 깸


-----------------------------------

*****DEFINITION*****
in the future 그는 장차 큰일을 할 인물이다 He is a man who will do great things in the future.
將
장수 장,장차 장 1. 장수(將帥), 인솔자(引率者) 2. 장차(將次) 3. 문득 4. 청컨대 5. 무릇, 대저(大抵: 대체로 보아서) 6. 만일(萬一), 만약(萬若), 혹은(或-: 그렇지 아니하면) 7. 또한, 한편 8. 거의, 대부분(大部分)... [부수]寸(마디촌) [총획]11획 [난이도]중학용, 읽기 4급II, 쓰기 3급II
將來
장래
①앞으로 닥쳐올 때 　②앞으로의 가능성이나 전망. 전도(前途)　③다가올 앞날
將校
장교
①육(陸)ㆍ해(海)ㆍ공군(空軍)의 소위 이상(以上)의 무관(武官)을 통틀어 이르는 말. 위관(尉官)ㆍ영관(領官)ㆍ장관(將官)으로 구분(區分)됨 　②조선(朝鮮) 시대(時代)에, 각 군영(軍營)과 지방(地方)...
將軍
장군
①군(軍)을 통솔(統率), 지휘(指揮)하는 무관(武官). 군의 우두머리 　②장관(將官)의 속칭(俗稱)
將帥
장수
군사(軍士)를 거느리는 우두머리

次
버금 차,머뭇거릴 차 1. 버금, 다음, 둘째 2. 다음에, 이어서 3. 안, 속 4. 차례(次例), 순서(順序) 5. 부차적(副次的)인 것 6. 거처(居處) 7. 곳, 장소(場所) 8. 장막(帳幕), 임시(臨時) 거처(居處) 9. 자리, 위계(位階) 10.... [부수]欠(하품흠) [총획]6획 [난이도]중학용, 읽기 4급II, 쓰기 3급II
次例
차례
①순서(順序) 있게 벌여 나가는 관계(關係)나 그 관계(關係)에서 본 하나 　②여럿을 각각(各各) 선후(先後)로 구분(區分)하여 벌인 것. 또는, 그 구분(區分)에 따라 각각(各各)에게 돌아오는 기회(機會)...
次元
차원
①일반적(一般的)인 공간(空間)의 넓이의 정도(程度)를 나타내는 수(數). 직선(直線)은 1차원. 평면(平面)은 2차원(二次元), 통상(通常)의 공간(空間)은 3차원(三次元)이지만, n차원이나 무한(無限) 차원의...
節次
절차
일의 순서(順序)나 방법(方法). 수속(手續)
漸次
점차
차례(次例)대로 차차. 점점


-----------------------------------
