
*****DEFINITION*****
enemy, enemy soldier; (집합적) the enemy 적병을 포로로 잡다 take an enemy prisoner
敵
대적할 적,다할 활 1. 대적하다(對敵--) 2. 겨루다 3. 대등하다(對等--) 4. 필적하다(匹敵--: 능력이나 세력이 엇비슷하여 서로 맞서다) 5. 맞서다 6. 거역하다(拒逆--) 7. 갚다, 보답하다(報答--) 8. 원수(怨讐) 9. 짝 10.... [부수]攵(등글월문) [총획]15획 [난이도]중학용, 읽기 4급II, 쓰기 3급II
敵對視
적대시
적으로 여김
敵對
적대
마주 대(對)하여 버팀 적으로 여김
敵愾心
적개심
적을 미워하며 분개(憤慨)하는 심정(心情)
敵對的
적대적
적대(敵對)하거나 적대(敵對)되는 적대(敵對)하거나 적대(敵對)되는 것

兵
병사 병 1. 병사(兵士), 병졸(兵卒), 군사(軍士), 군인(軍人) 2. 무기(武器), 병기(兵器) 3. 싸움, 전쟁(戰爭) 4. 재앙(災殃), 원수(怨讐) 5. 상하다(傷--), 다치다 6. 치다, (무기로써)죽이다 [부수]八(여덟팔) [총획]7획 [난이도]중학용, 읽기 5급II, 쓰기 4급II
派兵
파병
군대(軍隊)를 파출(派出)하는 일
將兵
장병
장교(將校)와 사병(士兵)을 통틀어 일컫는 말
士兵
사병
①장교(將校)가 아닌 모든 졸병 　②하사관(下士官)이 아닌 병사(兵士)
兵役
병역
백성(百姓)이 의무(義務)로 군적에 편입(編入)되어 군무(軍務)에 종사(從事)하는 일


-----------------------------------

*****DEFINITION*****
(환경·날씨·훈련 등이) severe, harsh, hard; (날씨·훈련 등이) intense 혹독한 추위 severe[intense; bitter] cold 2개 뜻 더보기 : (환경·날씨·훈련 등이) severe, harsh, hard; (날씨·훈련 등이) intense
酷
심할 혹 1. 심하다(甚--: 정도가 지나치다) 2. 독하다(毒--) 3. 괴롭다 4. 심히 5. 한(恨) [부수]酉(닭유) [총획]14획 [난이도]읽기 2급, 쓰기 1급
苛酷
가혹
매우 혹독(酷毒)함
酷毒
혹독
몹시 까다롭고 심악스러움
殘酷
잔혹
잔인(殘忍)하고 혹독(酷毒)함
冷酷
냉혹
①인정(人情)이 없고 혹독(酷毒)함 　②박정(薄情)하고 가혹(苛酷)함

毒
독 독,거북 대 1. 독(毒), 해독(害毒), 해악(害惡) 2. 비참(悲慘)하고 참혹(慘酷)한 방법(方法) 3. 해치다, 죽이다 4. 유독(有毒)하게 하다 5. 근심하다(속을 태우거나 우울해하다) 6. 괴로워하다, 괴롭히다 7. 미워하다... [부수]毋(말무) [총획]9획 [난이도]고등용, 읽기 4급II, 쓰기 3급II
酷毒
혹독
몹시 까다롭고 심악스러움
毒素
독소
①해(害)롭거나 나쁜 요소(要素) 　②유기(有機) 물질(物質), 특(特)히 고기나 단백질(蛋白質) 등(等)이 부패(腐敗)하여 생기는 유독성(有毒性) 물질(物質). 주(主)로 고분자(高分子) 물질(物質)로서,...
毒感
독감
매우 지독(至毒)한 감기(感氣). 바이러스의 감염(感染)에 의(依)한 전염성(傳染性)이 있는 감기(感氣). 고열이 나며 폐렴(肺炎)ㆍ중이염(中耳炎)ㆍ뇌염 등(等)의 합병증(合倂症)을 일으킴. 인플루엔자
麥角中毒
맥각중독
맥각을 약(藥)으로 남용(濫用)하거나 맥각이 든 음식(飮食)을 먹었을 때 생기는 중독(中毒). 급성(急性)은 구토(嘔吐), 복통(腹痛), 설사(泄瀉) 및 팔다리와 가슴의 동통 따위가 일어나며 심(甚)하면 죽음


-----------------------------------

*****DEFINITION*****
(기독교) revelation, 묵시하다 reveal 묵시를 주다 reveal 2개 뜻 더보기 : (기독교) revelation, 묵시하다 reveal
默
잠잠할 묵 1. 잠잠하다 2. 입 다물다 3. 묵묵하다(말없이 잠잠하다) 4. 고요하다 5. 조용하다 [부수]黑(검을흑) [총획]16획 [난이도]읽기 3급II, 쓰기 2급
沈默
침묵
잠잠(潛潛)하게 아무말도 하지않음
默認
묵인
말 없는 가운데 넌지시 승인(承認)함
默殺
묵살
보고도 안 본 체, 듣고도 안 들은 체 내버려두고 문제(問題) 삼지 않음
默念
묵념
①말없이 마음으로 가만히 빎 　②눈을 감고 말없이 마음속으로 생각함 　③국민(國民) 의례(儀禮) 등(等)에서, 잠시(暫時) 눈을 감고 고개를 숙인 상태(狀態)로 순국(殉國) 선열(先烈) 등(等)을 생각하고...

示
보일 시,땅 귀신 기,둘 치 1. 보이다 2. 보다, 간주하다(看做--) 3. 알리다, 일러주다 4. 지시하다(指示--) 5. 가르치다, 교도하다(敎導--) 6. 베풀다(일을 차리어 벌이다, 도와주어서 혜택을 받게 하다) 7. 고시(告示) 8. 지시(指示),... [부수]示(보일시) [총획]5획 [난이도]중학용, 읽기 5급, 쓰기 4급
提示
제시
어떠한 뜻을 글이나 말로 드러내어 보이거나 가리킴
示威
시위
①위력(威力)이나 기세(氣勢)를 드러내어 보임 　②시위(示威)운동(運動)
示唆
시사
미리 암시(暗示)하여 일러줌
指示
지시
①(어떤 대상(對象)을) 가리켜 보이는 것 　②(어떤 일을 누구에게) 일러서 시키는 것 　③(법률(法律)ㆍ법학) 증권(證券) 상(上)의 기재(記載)에 의(依)하여 어떤 사람을 권리자(權利者)로 지정(指定)하는...


-----------------------------------

*****DEFINITION*****
plunder, pillage, plunder, loot, pillage; (군인들이) ack, (literary) despoil 폭도들은 거리의 모든 상점들을 약탈했다 The rioters looted every shop on the street.
掠
노략질할 략,노략질할 약 1. 노략질하다(擄掠---), 탈취하다(奪取--) 2. 매질하다, 볼기를 치다 3. 베다, 칼을 휘둘러 자르다 4. 스쳐 지나가다 5. 서법(書法)의 한 가지 [부수]扌(재방변) [총획]11획 [난이도]고등용, 읽기 3급, 쓰기 2급
侵掠
침략
침노(侵擄)하여 약탈(掠奪)하는 것
劫掠
겁략
위협(威脅)이나 폭력(暴力)으로 남의 것을 빼앗음
攻掠
공략
공격(攻擊)하여 약탈(掠奪)함
掠奪
약탈
폭력(暴力)을 써서 무리하게 빼앗음

奪
빼앗을 탈,좁은 길 태 1. 빼앗다 2. 약탈하다(掠奪--) 3. 빼앗기다 4. 잃다 5. 없어지다 6. 관직(官職)을 삭탈하다 7. 징수하다(徵收--) a. 좁은 길 (태) [부수]大(큰대) [총획]14획 [난이도]고등용, 읽기 3급II, 쓰기 2급
剝奪
박탈
지위(地位)나 자격(資格) 따위를 권력(權力)이나 힘으로 빼앗음
奪還
탈환
도로 빼앗음
奪胎
탈태
환골탈태(換骨奪胎)의 준말
掠奪
약탈
폭력(暴力)을 써서 무리하게 빼앗음


-----------------------------------

*****DEFINITION*****
backache, lumbago, lumbar pain 요통을 앓다 suffer from backache
腰
허리 요 1. 허리 2. 신장, 콩팥 3. 중요(重要)한 곳 4. 기슭 5. 밑동 6. (허리에)차다 [부수]月(육달월) [총획]13획 [난이도]고등용, 읽기 3급, 쓰기 2급
腰痛
요통
허리가 아픈 병(病). 허리앓이
廊腰
낭요
☞ 복도(複道)
腰帶
요대
허리띠. 바지 따위가 흘러내리지 아니하게 옷의 허리 부분(部分)에 둘러매는 띠
細腰
세요
①가느다란 허리 　②허리가 가늘고 날씬한 여자(女子)

痛
아플 통 1. (몸이)아프다 2. 아파하다, 애석히 여기다 3. 번민하다(煩悶--), 고민하다(苦悶--) 4. 슬퍼하다, 슬프다 5. 간절하다(懇切--) 6. 사무치다 7. 괴롭히다 8. 원망하다(怨望--) 9. 높고 험하다 10. (힘을)다하다... [부수]疒(병질엄) [총획]12획 [난이도]고등용, 읽기 4급, 쓰기 3급
苦痛
고통
몸이나 마음의 괴로움과 아픔
陣痛
진통
①아이를 낳을 때 주기적(週期的)으로 오는 아픈 통증(痛症)　②사물(事物)을 완성(完成)하기 직전(直前)에 겪는 어려움의 비유(比喩ㆍ譬喩)
痛哭
통곡
①소리를 높여 슬피 욺 　②아주 슬퍼함
痛歎
통탄
①몹시 탄식(歎息ㆍ嘆息)함 　②또는 그런 탄식(歎息ㆍ嘆息)


-----------------------------------

*****DEFINITION*****
(흔들림) vibration , vibrate 휴대전화를 진동으로 전환하다 put one's cellphone on vibration mode 2개 뜻 더보기 : (흔들림) vibration , vibrate
振
떨칠 진 1. 떨치다 2. 떨다 3. 진동하다(振動--) 4. 구원하다(救援--) 5. 거두다 6. 건지다, 구휼하다(救恤--) 7. 떨쳐 일어나다, 속력(速力)을 내다, 무리를 지어 날다 8. 들다, 들어 올리다 9. 열다, 열어서... [부수]扌(재방변) [총획]10획 [난이도]고등용, 읽기 3급II, 쓰기 2급
振作
진작
①떨쳐서 일으킴 　②또는 일어남
不振
부진
①(어떤 일이나 힘이)활발(活潑)하게 움직여 떨치지 못함 　②세력(勢力)이 떨쳐 일어나지 못함
振興
진흥
침체(沈滯)된 상태(狀態)에서 떨쳐 일으킴
振男
진남
☞ 동남(童男)

動
움직일 동 1. 움직이다 2. 옮기다 3. 흔들리다 4. 동요하다(動搖--) 5. 떨리다 6. 느끼다 7. 감응하다(感應--) 8. 일하다 9. 변하다(變--) 10. 일어나다 11. 시작하다(始作--) 12. 나오다 13. 나타나다 14. 어지럽다 [부수]力(힘력) [총획]11획 [난이도]중학용, 읽기 7급II, 쓰기 6급
活動
활동
①기운(氣運)차게 움직임 　②무슨 일의 성과(成果)를 거두려고 운동(運動)함
運動
운동
①물체(物體)가 시간(時間)의 경과(經過)에 따라 위치(位置)를 바꾸는 일 　②몸을 단련(鍛鍊)하거나 건강(健康)을 보존(保存)하기 위(爲)하여 몸을 움직이는 일 　③어떤 목적(目的)을 달성(達成)하기...
不動産
부동산
토지(土地)나 집처럼 움직여서 옮길 수가 없는 재산(財産). 민법(民法) 상(上) 토지(土地) 및 건물(建物). 입목(立木)과 같은 토지(土地) 정착물(定着物)
行動
행동
①동작(動作)을 하여 행(行)하는 일 　②반사적(反射的), 본능적(本能的)인 동작(動作)이나 반응(反應)ㆍ자극(刺戟)에 대(對)한 근육(筋肉) 반응(反應)이나 내분비(內分泌)샘의 작용(作用) 상태(狀態)...


-----------------------------------

*****DEFINITION*****
서광이 보이다 see a good sign[omen]
曙
새벽 서 1. 새벽 2. 때(=時) 3. 밝다 4. 동이 트다 [부수]日(날일) [총획]18획 [난이도]읽기 1급, 쓰기 특급
曙鐘
서종
동틀 때 울리는 종소리. 새벽 종소리
曙光
서광
①동틀 때의 빛. 새벽 빛 　②(어둠 속에서 처음으로 비치는 밝은 빛이란 뜻으로) ＇어떤 일이 뜻대로 될 가능성＇의 비유(比喩ㆍ譬喩). 희망의 빛
曙日
서일
날 샐 무렵의 햇빛. 아침 해
達曙
달서
밤새움

光
빛 광 1. 빛, 어둠을 물리치는 빛 2. 세월(歲月) 3. 기세(氣勢), 세력(勢力), 기운(눈에는 보이지 않으나 오관(五官)으로 느껴지는 현상) 4. 경치(景致), 풍경(風景) 5. 명예(名譽), 영예(榮譽) 6. 문화(文化),... [부수]儿(어진사람인발) [총획]6획 [난이도]중학용, 읽기 6급II, 쓰기 5급II
觀光
관광
다른 지방(地方)이나 나라의 명승(名勝)ㆍ고적(古蹟)과 풍속(風俗) 등(等)을 돌아다니며 구경하는 것
榮光
영광
경쟁(競爭)에서 이기거나, 남이 하지 못한 어려운 일을 해냈을 때의 빛나는 영예(榮譽)
觀光客
관광객
관광(觀光)하러 다니는 이
月光
월광
달빛. 달에서 비쳐 오는 빛


-----------------------------------

*****DEFINITION*****
쌍쌍 파티를 벌이다 throw a couples-only party
雙
두 쌍,쌍 쌍 1. 두, 둘 2. 한 쌍 3. 짝수 4. 밭의 면적(面積) 5. 돛(배 바닥에 세운 기둥에 매어 펴 올리고 내리고 할 수 있도록 만든 넓은 천) 6. 성(姓)의 하나 7. 견주다(어떠한 차이가 있는지 알기 위하여 서로... [부수]隹(새추) [총획]18획 [난이도]고등용, 읽기 3급II, 쓰기 2급
雙方
쌍방
양쪽
雙璧
쌍벽
①두 개의 구술. 쌍구슬 　②우열(優劣)이 없이 여럿 가운데에서 둘이 다 뛰어나게 훌륭한 존재(存在) 　③우열(優劣)의 차를 가릴 수없이 두 편이 모두 훌륭함
雙曲線
쌍곡선
①축의 한 점에 꼭지점(點)을 같이하고 맞서는 두 직원뿔을 한 평면(平面)으로 양쪽이 다 잘리게 자르는 때 그 잘린 면이 서로 맞선 꼴로 나타내는 두 곡선(曲線). 이것은 한 평면(平面) 위의 두 정점에서의...
雙球菌
쌍구균
둥근 세균(細菌)이 두 개씩 붙어서 고치 모양(模樣)을 하고 있는 균. 폐렴균(肺炎菌), 임균(淋菌) 따위

雙
두 쌍,쌍 쌍 1. 두, 둘 2. 한 쌍 3. 짝수 4. 밭의 면적(面積) 5. 돛(배 바닥에 세운 기둥에 매어 펴 올리고 내리고 할 수 있도록 만든 넓은 천) 6. 성(姓)의 하나 7. 견주다(어떠한 차이가 있는지 알기 위하여 서로... [부수]隹(새추) [총획]18획 [난이도]고등용, 읽기 3급II, 쓰기 2급
雙方
쌍방
양쪽
雙璧
쌍벽
①두 개의 구술. 쌍구슬 　②우열(優劣)이 없이 여럿 가운데에서 둘이 다 뛰어나게 훌륭한 존재(存在) 　③우열(優劣)의 차를 가릴 수없이 두 편이 모두 훌륭함
雙曲線
쌍곡선
①축의 한 점에 꼭지점(點)을 같이하고 맞서는 두 직원뿔을 한 평면(平面)으로 양쪽이 다 잘리게 자르는 때 그 잘린 면이 서로 맞선 꼴로 나타내는 두 곡선(曲線). 이것은 한 평면(平面) 위의 두 정점에서의...
雙球菌
쌍구균
둥근 세균(細菌)이 두 개씩 붙어서 고치 모양(模樣)을 하고 있는 균. 폐렴균(肺炎菌), 임균(淋菌) 따위


-----------------------------------

*****DEFINITION*****
donkey

-----------------------------------

*****DEFINITION*****
(약학대학) College of Pharmacy
藥
약 약,뜨거울 삭,간 맞출 략,간 맞출 약 1. 약(藥) 2. 약초(藥草: 약으로 쓰는 풀) 3. 구릿대(산형과의 여러해살이풀) 4. 구릿대의 잎 5. 작약(芍藥: 작약과의 여러해살이풀) 6. 사약(賜藥: 임금이 독약을 내리다) 7. 독(毒) 8. 아편(阿片ㆍ鴉片)... [부수]艹(초두머리) [총획]19획 [난이도]중학용, 읽기 6급II, 쓰기 5급II
醫藥品
의약품
의료(醫療)에 쓰이는 약품(藥品)
痲藥
마약
①보통(普通) 아편(阿片ㆍ鴉片)ㆍ모르핀 및 코카인 등(等)과 같이, 마취(痲醉) 작용(作用)을 하며 습관성(習慣性)을 지닌 약(藥)으로, 장복하면 중독(中毒) 증상(症狀)을 나타내는 물질(物質)의 총칭(總稱)....
藥局
약국
①양약(洋藥)을 파는 곳 　②병원(病院) 안에서 약사(藥師)가 약을 지어 주는 부서(部署)
農藥
농약
농작물(農作物)에 해(害)로운 병균(病菌), 벌레, 잡초(雜草) 따위를 없애는 데 쓰임

大
클 대,큰 대,클 태,클 다 1. 크다, 심하다(甚--: 정도가 지나치다) 2. 높다, 존귀하다(尊貴--) 3. 훌륭하다, 뛰어나다 4. 자랑하다, 뽐내다, 교만하다(驕慢--) 5. 많다, 수효(數爻)가 많다 6. 중(重)히 여기다, 중요시하다(重要視--)... [부수]大(큰대) [총획]3획 [난이도]중학용, 읽기 8급, 쓰기 6급II
大統領
대통령
공화국(共和國)의 원수(元首). 국민(國民)에 의(依)하여 직접(直接) 선출(選出)되거나, 국회(國會) 또는 기타 기관(機關)에 의(依)하여 간접(間接)으로 선출(選出)됨. 일정(一定)한 임기(任期) 동안 그...
擴大
확대
①모양이나 규모(規模) 따위를 늘이어서 크게 함 　②크게 넓힘
廓大
확대
넓혀서 크게 함
大學
대학
①국가(國家)와 인류(人類) 사회(社會) 발전(發展)에 필요(必要)한 학술(學術)의 심오(深奧)한 이론(理論)과 그 광범(廣範)하고 정치(精緻)한 응용(應用) 방법(方法)을 교수(敎授) 연구(硏究)하며 지도적(指導的)...


-----------------------------------

*****DEFINITION*****
closely, attentively, with attention 나는 그의 행동을 유심히 관찰했다 I observed his behavior closely.
有
있을 유 1. 있다 2. 존재하다(存在--) 3. 가지다, 소지하다(所持--) 4. 독차지하다(獨----) 5. 많다, 넉넉하다 6. 친(親)하게 지내다 7. 알다 8. 소유(所有) 9. 자재(資財), 소유물(所有物) 10. 경역(境域: 경계... [부수]月(달월) [총획]6획 [난이도]중학용, 읽기 7급, 쓰기 6급
有利
유리
①이익(利益)이 있음 　②이로움
有權者
유권자
①권리(權利)를 가진 자(者) 　②특(特)히, 선거권(選擧權)을 가진 자(者) 　③권력(權力)을 가진 자(者)
保有
보유
간직하고 있음
所有
소유
①가지고 있음 　②또는 그 물건(物件)

心
마음 심 1. 마음, 뜻, 의지(意志) 2. 생각 3. 염통, 심장(心臟) 4. 가슴 5. 근본(根本), 본성(本性) 6. 가운데, 중앙(中央), 중심(中心) 7. 도(道)의 본원(本源) 8. 꽃술, 꽃수염 9. 별자리 이름 10. 진수(眞修:... [부수]心(마음심) [총획]4획 [난이도]중학용, 읽기 7급, 쓰기 6급
核心
핵심
사물(事物)의 중심(中心)이 되는 중요(重要)한 부분(部分)
關心
관심
어떤 일이나 대상(對象)에 흥미(興味)를 가지고 마음을 쓰거나 알고 싶어하는 상태(狀態)
疑心
의심
①마음에 미심(未審)하게 여기는 생각 　②믿지 못하는 모양(模樣)
疑懼心
의구심
의심(疑心)하고 두려워하는 마음


-----------------------------------

*****DEFINITION*****
(임산부가) 파수(破水)하다 3개 뜻 더보기 : (임산부가) 파수(破水)하다
w
부족 이름 글,맺을 계,애쓸 결,사람 이름 설 1. 부족(部族) 이름 a. (연분ㆍ인연)맺다 (계) b. 약속하다, 언약하다 (계) c. 새기다 (계) d. 조각하다(彫刻ㆍ雕刻--) (계) e. 소원하다 (계) f. 들어맞다, 부합하다(符合--: 들어맞듯 사물이나 현상이... [부수]大(큰대) [총획]9획 [난이도]고등용, 읽기 3급II, 쓰기 2급
內臟緊張型
내장긴장형
미국의 심리학자 셸던(Sheldon, W. H.)이 분류한 기질 유형의 하나. 편안함을 좋아하고 명랑하며 사교적(社交的)이고 낙천적인 기질 유형임
世界勞動組合聯盟
세계노동조합연맹
계급적(階級的) 이익(利益)의 옹호(擁護)ㆍ반(反)파시즘ㆍ반전(反戰) 등(等)을 목적(目的)하여, 1945년 파리에서 56개국 6천 700만 명(名)의 노동자(勞動者)들의 대표(代表)가 참여(參與)하여 창립(創立)한...
節慾說
절욕설
영국(英國)의 경제학자(經濟學者) 시니어(Senior W. N.)가 제창(提唱)한 것으로서, 소비(消費)의 욕망(慾望)을 절제(節制)함에 따라 자본(資本)은 축적(蓄積)되며, 이자(利子)는 그 억제(抑制)에 대(對)한...
比重甁
비중병
주로 액체(液體)의 비중(比重)을 재기 위(爲)한 유리(琉璃)로 만든 병(病). 병의 질량(質量) W, 물을 가득히 담았을 때의 온 질량(質量) Wo, 시료(試料) 액체(液體)를 가득히 담았을 때의 온 질량(質量)...

a
성씨 김,쇠 금 1. 성(姓)의 하나 a. 쇠 (금) b. 금 (금) c. 돈, 화폐(貨幣) (금) d. 금나라(金--) (금) e. 누른빛 (금) f. 귀하다(貴--) (금) [부수]金(쇠금) [총획]8획 [난이도]중학용, 읽기 8급, 쓰기 6급II
釜山廣域市 海雲臺區 APEC路
부산광역시 해운대구 APEC로
부산광역시(釜山廣域市) 해운대구(海雲臺區) APEC로(APEC路) (APEC-ro, Haeundae-gu, Busan)
美國
미국
북아메리카 대륙(大陸)의 중앙부(中央部)를 차지하는 연방(聯邦) 공화국(共和國). 수도(首都)는 워싱턴. 미합중국(合衆國). 아메리카 합중국(合衆國). 유에스(U.S.). 유에스에이(U.S.A.)
收斂
수렴
①돈을 추렴하여 모아 거둠 　②방탕(放蕩)한 사람이 심신(心身)을 다잡음 　③거두어 옴츠림. 수축(收縮)함 　④조세(租稅)를 징수(徵收)함 　⑤곡물(穀物) 등(等)을 거두어 들임 　⑥어떠한 변수(變數)...
連續
연속
①끊이지 않고 죽 이음 　②어느 함수(函數)가 일정(一定)한 범위(範圍) 안에서 독립(獨立) 변수(變數)의 어느 값에 대(對)하여도 끊임없이 이어지는 모양(模樣). 곧, yf(x)에서 x가 a일 때 f(x)가 f(a)이면...

t
항렬 항,다닐 행 1. 항렬(行列) 2. 줄, 대열(隊列) 3. 열위(列位), 제위(諸位) 4. 항오(行伍), 군대(軍隊)의 대열(隊列) 5. 순서(順序), 차례(次例) 6. 같은 또래 7. 직업(職業) 8. 점포(店鋪), 가게 9. 깃촉 10. 의지(意志)가... [부수]行(다닐행) [총획]6획 [난이도]중학용, 읽기 6급, 쓰기 5급
破裂音
파열음
발음(發音) 방법(方法)에 의(依)한 음성(音聲) 분류(分類) 방법(方法)의 하나. 자음(子音)을 발음(發音)할 때 후두(喉頭) 위의 발음(發音) 기관(器官)의 어느 한 부분(部分)을 막고 숨을 그친 다음, 이를...
媒介變數
매개변수
각각(各各) 다른 변수(變數) 사이의 관계(關係)를 나타내기 위(爲)하여 쓰이는 변수(變數). 이를테면 방정식(方程式) x2t+1, y3t-4에서, t를 말함
振子
진자
한 정점(定點) 또는 한 정축(定軸)의 둘레를 일정(一定)한 주기(周期)로 진동(震動)하는 물체(物體). 단(單)진자ㆍ원추(圓錐) 진자ㆍ실체(實體)ㆍ복(複) 진자ㆍ용수철(龍鬚鐵) 진자 등(等)이 있음. 단진자가...
脇杖
협장
다리가 완전(完全)치 못한 사람이 걸음을 걸을 때에 겨드랑이에 대고 짚게 된 지팡이. ＇Y＇자 모양이나 ＇T＇자 모양으로 되어 있음. 목다리. 목발

e
클 대,큰 대,클 태,클 다 1. 크다, 심하다(甚--: 정도가 지나치다) 2. 높다, 존귀하다(尊貴--) 3. 훌륭하다, 뛰어나다 4. 자랑하다, 뽐내다, 교만하다(驕慢--) 5. 많다, 수효(數爻)가 많다 6. 중(重)히 여기다, 중요시하다(重要視--)... [부수]大(큰대) [총획]3획 [난이도]중학용, 읽기 8급, 쓰기 6급II
釜山廣域市 海雲臺區 APEC路
부산광역시 해운대구 APEC로
부산광역시(釜山廣域市) 해운대구(海雲臺區) APEC로(APEC路) (APEC-ro, Haeundae-gu, Busan)
補集合
보집합
집합(集合) A가 집합(集合) B의 부분(部分) 집합(集合)일 때, B에는 속하나 A에는 속하지 않는 모든 원으로 이루어지는 집합(集合)을 B에 대(對)한 A의 여집합(餘集合), 또는 B와 A와의 차라 하며, B-A로...
餘集合
여집합
집합(集合) A가 집합(集合) B의 부분(部分) 집합(集合)일 때, B에는 속하나 A에는 속하지 않은 모든 원으로 이루어지는 집합(集合)을 B에 대(對)한 A의 여집합(餘集合), 또는 B와 A와의 차라 하며 B-A로...
大小對當
대소대당
대당(對當) 관계(關係)의 일종(一種). 전칭(全稱) 긍정적(肯定的) 판단(判斷)(A)와 특칭(特稱) 긍정적(肯定的) 판단(判斷) (I)와의 대당(對當) 관계(關係) 및 전칭(全稱) 부정(否定) 판단(判斷) (E)와...

r
자주 삭,셈할 수,촘촘할 촉 1. 자주 2. 자주 하다 3. 여러 번 되풀이하다 4. 빨리 하다 5. 빠르다 6. 황급하다(遑急--) 7. 바삐 서두르다 8. 급(急)히 서둘러 하다 9. 다가서다 10. 접근하다(接近--) a. 셈, 산법 (수) b. 역법(曆法)... [부수]攵(등글월문) [총획]15획 [난이도]중학용, 읽기 7급, 쓰기 6급
公式
공식
①세상(世上)이 다 알도록 뚜렷하고 떳떳한 방식(方式). 공적(公的)으로 정(定)해진 형식(形式)이나 방식(方式) 　②관청(官廳)에서 규정(規定)한 방식(方式). 으레 정(定)해져 있는 일이나 행동(行動)...
舌顫音
설전음
설전음(舌轉音). 혀끝을 윗잇몸에 가까이 대고 내부(內部)는 공기(空氣)로 혀끝을 진동(震動)시켜서 내는 소리. 곧 사람ㆍ구름ㆍ머리 따위 말에서 ㄹ음. 로마자 r과 같은 소리. 굴림소리
現金殘高數量說
현금잔고수량설
물가(物價) 수준(水準)은 실질(實質) 소득(所得) 중(中)에서 사람들이 화폐(貨幣)를 가지고 있으려는 액수(額數)와 화폐(貨幣)의 공급(供給)을 균등화하는 선에서 결정(決定)된다는 화폐(貨幣) 수량설(數量說)의...
等比中項
등비중항
수(數) a를 초항(初項), 수 b를 말항(末項)으로 하는 등비수열(等比數列) a, x1, x2, …xr, b의 중간(中間)의 항 x1, x2, …, xr의 a, b에 대(對)한 이름. r이 1일 때는 a:xx:b가 성립(成立)하므로 x1은...


-----------------------------------

*****DEFINITION*****
[동사] fall (to the enemy) 적의 요새를 함락하다 take the enemy's fortress
陷
빠질 함 1. 빠지다 2. 빠뜨리다 3. 움푹 파이다 4. 날조하다(捏造--) 5. 모함하다(謀陷--) 6. 점령당하다(占領當--) 7. 함락당하다 8. 함정(陷穽ㆍ檻穽) 9. 결함(缺陷) 10. 결점(缺點) [부수]阝(좌부변) [총획]11획 [난이도]고등용, 읽기 3급II, 쓰기 2급
缺陷
결함
①흠이 있어 완전(完全)하지 못함 　②불완전(不完全)하여 흠이 있는 구석
陷穽
함정
①짐승을 잡기 위(爲)하여 파놓은 구덩이. 허방다리. 허정(虛穽) 　②빠져 나올 수 없는 곤경(困境)이나 남을 해(害)치기 위(爲)한 계략(計略)의 비유(比喩ㆍ譬喩), 비유적(比喩的)인 말임
陷沒
함몰
①물이나 땅속에 모조리 빠짐 　②꺼져서 내려앉음
陷落
함락
①땅이 꺼져 떨어짐 　②지키는 곳을 쳐서 둘러 빼거나 빼앗김, 적의 성이나 요새(要塞) 등(等)을 공격(攻擊)하여 빼앗음

落
떨어질 락,떨어질 낙 1. 떨어지다 2. 떨어뜨리다 3. 이루다 4. 준공하다(竣工--) 5. 두르다 6. 쓸쓸하다 7. 죽다 8. 낙엽(落葉) 9. 마을 10. 빗방울 11. 울타리 [부수]艹(초두머리) [총획]13획 [난이도]중학용, 읽기 5급, 쓰기 4급
墜落
추락
높은 곳에서 떨어짐
下落
하락
값이나 등급(等級) 따위가 떨어짐
墮落
타락
①품행(品行)이 나빠서 못된 구렁에 빠짐 　②도심(道心)을 잃고 속심(俗心)으로 떨어짐 　③죄(罪)를 범(犯)하여 불신(不信)의 생활(生活)에 빠짐
漏落
누락
기록(記錄)에서 빠짐


-----------------------------------

*****DEFINITION*****
shape, form 인간의 형상을 한 악마 a devil in human shape
形
모양 형 1. 모양, 꼴 2. 형상(形狀) 3. 얼굴 4. 몸, 육체(肉體) 5. 그릇 6. 형세(形勢), 세력(勢力) 7. 모범(模範) 8. 이치(理致), 도리(道理) 9. 거푸집 10. 형상하다(形象ㆍ形像), 형상(形象ㆍ形像)을 이루다... [부수]彡(터럭삼) [총획]7획 [난이도]중학용, 읽기 6급II, 쓰기 5급II
形便
형편
①일이 되어 가는 모양(模樣)이나 경로(經路) 　②또는, 결과(結果) 　③살림살이의 형세(形勢) 　④어떠한 셈평 　⑤땅의 생긴 현상(現象)
形態
형태
①사물(事物)의 생김새 　②어떤 도형(圖形), 멜로디, 동작(動作) 따위와 같이 유기적(有機的), 전체적(全體的) 구조(構造) 　③또는, 체제(體制)를 갖는 사물(事物). 곧, 대상(對象) 그 자체(自體)
形式
형식
①겉으로 드러나는 격식(格式) 　②내용(內容)을 담고 있는 바탕이 되는 틀
形成
형성
①어떠한 꼴을 이룸 　②또는, 어떠한 꼴로 이루어짐

象
코끼리 상 1. 코끼리 2. 상아(象牙) 3. 꼴, 모양, 형상(形象ㆍ形像) 4. 얼굴 모양, 초상(肖像) 5. 법(法), 법제(法制) 6. 징후(徵候), 조짐(兆朕) 7. 도리(道理) 8. 점괘(占卦) 9. 통변(通辯) 10. 역법(曆法) 11.... [부수]豕(돼지시) [총획]12획 [난이도]고등용, 읽기 4급, 쓰기 3급
對象
대상
사람이 어떤 행위(行爲)를 할 때, 그 목적(目的)이 되는 사물(事物)이나 상대(相對)가 되는 사람
現象
현상
①눈 앞에 나타나 보이는 사물(事物)의 형상(形狀) 　②본질(本質)이나 본체(本體)의 바깥으로 나타나는 상(象)
象徵
상징
①추상적(抽象的)인 사물(事物)을 구체화(具體化)하는 것 　②또는, 그와 같이 나타나지는 것
抽象的
추상적
①낱낱의 사물(事物)에서 공통(共通)되는 屬性(속성)을 뽑아내어 종합(綜合)한 상태(狀態) 　②또는, 그것


-----------------------------------

*****DEFINITION*****
lodging, boarding, 유숙하다 lodge (at) , put up (at), stay (at, in) 유숙시키다 put up 《a person》 at
留
머무를 류,머무를 유 1. 머무르다 2. 정지하다(停止--) 3. 뒤지다 4. 지체하다(遲滯--), 더디다 5. 늦다 6. 붙잡다, 만류하다(挽留--) 7. 억류하다(抑留--) 8. 죽이다 9. 다스리다 10. 기다리다 11. 오래다, 장구하다 12. 혹,... [부수]田(밭전) [총획]10획 [난이도]중학용, 읽기 4급II, 쓰기 3급II
滯留
체류
①사물(事物)의 진전(進展)이 머뭇거림 　②여행지(旅行地) 등(等)에서 오래 머물러 있음
保留
보류
어떤 일을 처리(處理)하지 않고 미루어 둠
留保
유보
①뒷날로 미루어 둠 　②멈추어 두고 보존(保存)함 　③권리(權利)ㆍ의무(義務)에 관(關)해 제한(制限)을 붙임
抑留
억류
불법적(不法的)으로 남의 자유(自由)를 억지로 구속(拘束)함

宿
잘 숙,별자리 수 1. (잠을)자다, 숙박하다 2. 묵다, 오래 되다 3. 나이가 많다 4. 한 해 묵다 5. 지키다, 숙위하다 6. 안심시키다(安心---) 7. 찾아 구하다(求--) 8. 재계하다(齋戒--: 몸과 마음을 깨끗이 하다) 9. 크다... [부수]宀(갓머리) [총획]11획 [난이도]중학용, 읽기 5급II, 쓰기 4급II
宿題
숙제
①복습(復習)이나 예습(豫習)을 위(爲)하여 집에서 지어 오게 하거나 풀어 오게 하는 문제(問題) 　②두고 생각하여 보거나 해결(解決)해야 할 문제(問題)
宿命
숙명
날 때부터 타고난 운명(運命)
宿願
숙원
①오래도록 지녀온 소원(所願) 　②여러 해의 소원(所願)
宿泊
숙박
여관(旅館)이나 주막(酒幕)에 들어 밤을 자고 머무름


-----------------------------------

*****DEFINITION*****
the blade of a knife

-----------------------------------
