
*****DEFINITION*****
valley; (협곡) canyon, gorge, ravine 강물이 골짜기를 굽이쳐 흐르고 있다 A river winds its way through the valley.

-----------------------------------

*****DEFINITION*****
roof 한 지붕 아래 살다 live under the same roof

-----------------------------------

*****DEFINITION*****
noise; confused noises; din (and bustle); clamor; [법석] an uproar; tumult. 훤화하다 make a noise; raise a clamor; be boisterous; be uproarious; be clamorous; clamor.
喧
지껄일 훤 1. 지껄이다 2. 떠들썩하다 3. 시끄럽다 4. 슬피 울다 5. 빛나다, 찬란하다(燦爛ㆍ粲爛--) [부수]口(입구) [총획]12획 [난이도]읽기 1급, 쓰기 특급
喧騷
훤소
요란(擾亂)하고 소란(騷亂)스러움
喧藉
훤자
(어떤 소문(所聞)이) 뭇사람의 입으로 퍼져서 왁자하게 됨
喧言
훤언
①잘 지껄임 　②말을 많이 함
喧爭
훤쟁
떠들면서 다투는 것

譁
시끄러울 화 1. 시끄럽다 2. 떠들썩하다 3. 시끄럽게 떠들다 [부수]言(말씀언) [총획]19획 [난이도]읽기 특급II
譁笑
화소
시끄럽게 웃음
譁然
화연
여러 사람이 떠들썩하게 지껄이는 모양, 또는 그 소리
譁譟
화조
시끄럽게 지껄임
喧譁
훤화
시끄럽게 떠듦


-----------------------------------

*****DEFINITION*****
a county(군(郡)) a district (of a province), 우리 고을 사람 a man of our own province[county]

-----------------------------------

*****DEFINITION*****
[동사] tie (up), bind, pinion 나는 그의 팔을 밧줄로 결박했다 I tied[bound] his arms with rope.
結
맺을 결,상투 계 1. 맺다 2. 모으다 3. 묶다, 매다 4. 꾸미다, 짓다 5. 다지다, 단단히 하다 6. 엇걸리게 하다 7. 굽다, 구부러지다 8. 굽히다, 구부리다 9. 막다, 못하게 하다 10. 엉기다(한 덩어리가 되면서 굳어지다)... [부수]糸(실사) [총획]12획 [난이도]중학용, 읽기 5급II, 쓰기 4급II
結果
결과
①어떤 원인(原因)으로 인(因)하여 이루어진 결말 　②과일이 열매를 맺음
結局
결국
①일의 끝장 혹은 일의 귀결(歸結)되는 마당을 뜻함 　②(부사(副詞)로 쓰이어)끝장에 이르러서
締結
체결
①얽어서 맴 　②계약(契約)이나 조약(條約) 등(等)을 맺음
妥結
타결
두 편이 서로 좋도록 협의(協議)ㆍ절충(折衝)하여 일을 마무름. 또는, 그 일

縛
얽을 박 1. 얽다 2. 동이다(끈이나 실 따위로 감거나 둘러 묶다) 3. 묶다, 포박하다(捕縛--) 4. 매이다 5. 구속되다(拘束--) 6. 포승(捕繩) 7. 복토(伏兔: 차여(車輿)와 차축을 연결 고정하는 나무) [부수]糸(실사) [총획]16획 [난이도]읽기 1급, 쓰기 특급
束縛
속박
①몸을 자유(自由)롭지 못하게 얽어맴 　②어떤 행위(行爲)를 자유(自由)로이 못하도록 얽어매거나 제한(制限)을 더함. 얽어맴. 묶음
繫縛
계박
불교(佛敎)에서, 번뇌(煩惱)ㆍ망상(妄想) 또는 외계의 것에 속박(束縛)되어 자유(自由)를 잃는다는 뜻에서, 얽어맴
結縛
결박
몸을 자유(自由)롭게 움직이지 못하도록 두 팔이나 다리를 묶음
自業自縛
자업자박
☞ 자업자득(自業自得)


-----------------------------------

*****DEFINITION*****
[명사] confusion, chaos, mess; (소란) commotion; (무질서) disorder , [형용사] confused, chaotic, mixed up (※명사 앞에서는 쓰이지 않음) 혼란에 빠지다 fall into confusion[disorder]
混
섞을 혼,오랑캐 곤 1. 섞다 2. 섞이다 3. 합하다(合--) 4. 혼탁하다(混濁ㆍ渾濁ㆍ溷濁--) 5. 흐리다 6. 맞추다 7. 가장하다(假裝--: 태도를 거짓으로 꾸미다) 8. 남을 속이다 9. 그럭저럭 살아가다 10. 되는대로 살아가다... [부수]氵(삼수변) [총획]11획 [난이도]중학용, 읽기 4급, 쓰기 3급
混亂
혼란
①갈피를 잡을 수 없이 어지러움 　②질서(秩序)가 없이 뒤얽힘
混線
혼선
①말이나 일 따위의 갈래가 얽혀 종잡을 수 없음 　②전신(電信), 전화(電話), 전파(電波) 따위가 여러 가지 작용(作用)에 의(依)해 엉클어지거나 방해(妨害)를 받는 일 　③줄이 갈피를 잡을 수 없게...
混沌
혼돈
①천지개벽(天地開闢) 초에 하늘과 땅이 아직 나누어지지 않은 상태(狀態). 혼륜(渾淪) 　②사물(事物)의 구별(區別)이 확실(確實)하지 않은 상태(狀態) 　③어떤 대상(對象)에 대(對)해 갈피를 잡을 수...
混濁
혼탁
①(기체(氣體)ㆍ액체(液體) 따위가 불순물(不純物)이 섞이어)맑지 않고 흐림 　②(정치(政治)ㆍ도덕(道德) 따위 사회적(社會的) 현상(現狀)이)어지럽고 흐림

亂
어지러울 란,어지러울 난 1. 어지럽다 2. 어지럽히다, 손상시키다(損傷---) 3. 다스리다 4. 음란하다(淫亂--), 간음하다(姦淫--) 5. 무도하다(無道--), 포악하다(暴惡--) 6. (물을)건너다 7. 가득 차다, 널리 퍼지다 8. 난리(亂離),... [부수]乙(새을) [총획]13획 [난이도]고등용, 읽기 4급, 쓰기 3급
混亂
혼란
①갈피를 잡을 수 없이 어지러움 　②질서(秩序)가 없이 뒤얽힘
搖亂
요란
①시끄럽고 어지러움. 요양(擾攘) 　②암석(巖石)ㆍ지층(地層) 등(等)의 처음 생긴 장소(場所)에서 일어나는 습곡(褶曲) 운동(運動)이나 단층(斷層) 운동(運動) 　③저ㆍ고기압(高氣壓), 전선(前線), 뇌우(雷雨)...
攪亂
교란
뒤흔들어서 어지럽게 함
淫亂
음란
음탕(淫蕩)하고 난잡(亂雜)함


-----------------------------------

*****DEFINITION*****
tradition, custom; (관습) convention; (유산) heritage 전통을 지키다 follow[maintain; uphold] the tradition
傳
전할 전 1. 전하다(傳--) 2. 펴다 3. 널리 퍼뜨리다 4. 전해 내려오다 5. 퍼지다 6. 옮기다 7. 알리다 8. 전기(傳記: 사람의 일대기) 9. 현인의 저서, 고서 10. 경서(經書)의 주해(註解), 주석(註釋) 11. 역(驛),... [부수]亻(사람인변) [총획]13획 [난이도]중학용, 읽기 5급II, 쓰기 4급II
傳達
전달
①전(傳)하여 이르게 함 　②명령(命令)ㆍ지시(指示)ㆍ연락(連絡) 사항(事項) 등(等)을 구두(口頭) 또는 서류(書類)로 전(傳)함 　③흥분(興奮)이 신경(神經)ㆍ근육(筋肉)의 접합부(接合部)에 전(傳)해지는...
宣傳
선전
사상(思想), 이론(理論), 지식(知識) 또는 사실(事實) 등(等)을 대중(大衆)에게 널리 인식(認識)시키는 일
遺傳子
유전자
생물체(生物體)의 개개의 유전(遺傳) 형질(形質)을 발현(發現)시키는 근원(根源)이 되는 것. 염색체(染色體) 중(中)에 일정(一定)한 순서(順序)로 배열(配列)되어, 생식(生殖) 세포(細胞)를 통(通)하여...
傳播
전파
①전(傳)하여 널리 퍼뜨림. 전포(傳布). 파전(播傳) 　②파동(波動)이 매질(媒質) 속을 펴져 감

統
거느릴 통 1. 거느리다 2. 합치다(合--) 3. 계통(系統) 4. 줄기 5. 실마리 6. 법(法) 7. 모두 [부수]糸(실사) [총획]12획 [난이도]중학용, 읽기 4급II, 쓰기 3급II
大統領
대통령
공화국(共和國)의 원수(元首). 국민(國民)에 의(依)하여 직접(直接) 선출(選出)되거나, 국회(國會) 또는 기타 기관(機關)에 의(依)하여 간접(間接)으로 선출(選出)됨. 일정(一定)한 임기(任期) 동안 그...
統合
통합
①모두 합쳐서 하나로 모음. 둘 이상(以上)의 것을 하나로 모아서 다스림. 통일(統一) 　②아동(兒童) 및 학생(學生)의 생활(生活) 경험(經驗)을 중심(中心)으로 학습(學習)을 종합(綜合), 통일(統一)하는...
統制
통제
①일정(一定)한 방침(方針)에 따라 여러 부분(部分)으로 나누어진 것을 제한(制限). 지도(指導)함 　②어떠한 목적(目的)을 달성(達成)하기 위(爲)하여 모든 부분(部分)을 한 원리(原理) 밑으로 제약(制約)함....
統一
통일
①여럿을 몰아서 하나로 만듦. 하나의 조직(組織). 계통(系統) 아래로 정비(整備)함. 하나로 모두 합(合)하여 지배(支配)함. 일통(一統). 통합(統合) 　②다양(多樣)한 여러 요소(要素)가 어떤 점(點)에서...


-----------------------------------

*****DEFINITION*****
(formal) range, array; (일렬로) line up 좌로 정렬! Dress left!
整
가지런할 정 1. 가지런하다 2. 가지런히 하다 3. 정돈하다(整頓--) 4. 정연하다(整然--: 가지런하고 질서가 있다) 5. 단정하다(端整--), 엄숙하다(嚴肅--) 6. 온전하다(穩全--), 완전무결하다(完全無缺--) 7. 정(끝수... [부수]攵(등글월문) [총획]16획 [난이도]고등용, 읽기 4급, 쓰기 3급
調整
조정
고르지 못한 것이나 과부족(過不足)이 있는 것 따위를 알맞게 조절(調節)하여 정상(正常) 상태(狀態)가 되게 함
整理
정리
①흐트러진 것을 가지런히 바로잡음 　②불필요(不必要)한 것을 없애고 일이 잘 되게 함 　③회사(會社)가 지불(支拂) 불능(不能)ㆍ채무(債務) 초과(超過)에 빠질 염려(念慮)가 있을 때 법원(法院)의 감독(監督)...
構造調整
구조조정
기업(企業)이나 산업(産業)의 구조적(構造的)인 불합리(不合理)한 점(點)을 해결(解決)하거나 조정(調整)하는 일
整備
정비
①정돈(整頓)하여 갖춤. 정돈(整頓)하여 준비(準備)함 　②차량(車輛)ㆍ비행기(飛行機) 등(等)의 이상(異常) 유무(有無)를 보살피고 수리(修理)함 　③닦고 죄고 기름침

列
벌일 렬,벌일 열 1. 벌이다 2. 늘어서다 3. 줄짓다 4. 나란히 서다 5. 분리하다(分離--) 6. 순서(順序)를 매기다 7. 진열하다(陳列--) 8. 차례(次例) 9. 등급(等級) 10. 반열(班列: 품계나 신분, 등급의 차례) 11. 석차... [부수]刂(선칼도방) [총획]6획 [난이도]중학용, 읽기 4급II, 쓰기 3급II
列車
열차
기관차(機關車)에 객차(客車)ㆍ화차(貨車) 등(等)을 연결(連結)하고 운전(運轉) 장치(裝置)를 설비(設備)한 차량(車輛)
陳列
진열
물건(物件) 따위를 보이기 위(爲)해 죽 벌려놓음
隊列
대열
무리를 지어 죽 늘어선 행렬(行列)
行列
행렬
①여럿이 벌이어 줄서서 감. 또는, 그 줄. 　②어떤 수를 정(定)한 몇 개의 행과 몇 개의 열로 나열한 표(標)


-----------------------------------

*****DEFINITION*****
weapon 그는 우리 팀의 비밀 병기다 He's the secret weapon in our team.
兵
병사 병 1. 병사(兵士), 병졸(兵卒), 군사(軍士), 군인(軍人) 2. 무기(武器), 병기(兵器) 3. 싸움, 전쟁(戰爭) 4. 재앙(災殃), 원수(怨讐) 5. 상하다(傷--), 다치다 6. 치다, (무기로써)죽이다 [부수]八(여덟팔) [총획]7획 [난이도]중학용, 읽기 5급II, 쓰기 4급II
派兵
파병
군대(軍隊)를 파출(派出)하는 일
將兵
장병
장교(將校)와 사병(士兵)을 통틀어 일컫는 말
士兵
사병
①장교(將校)가 아닌 모든 졸병 　②하사관(下士官)이 아닌 병사(兵士)
兵役
병역
백성(百姓)이 의무(義務)로 군적에 편입(編入)되어 군무(軍務)에 종사(從事)하는 일

器
그릇 기 1. 그릇 2. 접시 3. 도구(道具) 4. (생물체의)기관(器官) 5. 그릇으로 쓰다 6. 그릇으로 여기다 7. 존중하다(尊重--) [부수]口(입구) [총획]16획 [난이도]고등용, 읽기 4급II, 쓰기 3급II
武器
무기
①전쟁(戰爭)에 쓰이는 총검, 화포(火砲), 핵병기(核兵器) 따위 온갖 기구(器具) 　②어떤 일을 달성(達成)하기 위(爲)한 힘이나 방패(防牌)가 되는 수단(手段)
核武器
핵무기
원자핵(原子核)이 분열(分裂), 융합(融合)할 때 생기는 힘을 이용(利用)한 무기(武器). 원자(原子) 폭탄(爆彈), 수소(水素) 폭탄(爆彈) 따위
呼吸器
호흡기
호흡(呼吸) 작용(作用)을 맡은 기관(氣管). 고등동물(高等動物)의 폐, 어류(魚類)의 아가미, 거미류의 폐서(肺書), 곤충류(昆蟲類)의 기관(氣管) 따위
器具
기구
①＇세간ㆍ그릇ㆍ도구(道具)＇ 따위의 통틀어 일컬음. 집물(什物) 　②구조(構造)나 조작(操作) 따위가 간단(簡單)한 기계(機械)


-----------------------------------

*****DEFINITION*****
a storeroom, a repository, a shed, a warehouse
庫
곳집 고,성씨 사 1. 곳집(곳간(庫間)으로 지은 집) 2. 곳간 3. 창고(倉庫) 4. 문(門)의 이름 a. 성(姓)의 하나 (사) [부수]广(엄호) [총획]10획 [난이도]고등용, 읽기 4급, 쓰기 3급
倉庫
창고
물건(物件)을 저장(貯藏)하거나 보관(保管)하는 건물(建物)
國庫
국고
①재산권(財産權)의 주체(主體)로서의 국가(國家)를 일컫는 말 　②국가(國家)가 소유(所有)하는 화폐(貨幣)를 보관(保管)하며, 수입(收入)ㆍ지출(支出)을 관리(管理)하는 기관(機關)
庫間
곳간
물건(物件)을 간직하여 두는 곳. 곳집
府庫
부고
문서(文書)나 재물(財物)을 넣어 곳간으로 지은 집

間
사이 간 1. 사이 2. 때 3. 동안 4. 차별(差別) 5. 틈, 틈새 6. 간첩(間諜) 7. 혐의 8. 사사로이 9. 몰래, 비밀히(祕密-) 10. 간혹 11. 사이에 두다, 끼이다 12. 섞이다 13. 이간하다(離間--: 헐뜯어 서로 멀어지게... [부수]門(문문) [총획]12획 [난이도]중학용, 읽기 7급II, 쓰기 6급
時間
시간
①어떤 시각(時刻)에서 어떤 시각(時刻)까지의 사이 　②과거(過去)와 현재(現在)와 미래(未來)가 종으로 무한(無限)하게 유전(遺傳)하여 연속(連續)하는 것. 곧, 사물(事物)의 현상(現象)이나 운동(運動)...
瞬間
순간
①극히 짧은 시간(時間). 잠깐 동안　②어떤 일이 일어난 바로 그때 　③선행문(先行文)의 사건(事件)과 후행문의 사건(事件)이 거의 동시(同時)에 이루어짐을 나타낸 말
期間
기간
어느 일정(一定)한 시기(時期)에서 어떤 다른 일정(一定)한 시기(時期)까지의 사이
民間
민간
①일반(一般) 백성(百姓)의 사회(社會) 　②공적(公的)인 기관(機關)에 속하지 않는 것


-----------------------------------

*****DEFINITION*****
reservoir 저수지를 만들다 build a reservoir
貯
쌓을 저 1. 쌓다, 쌓아 두다 2. 담다 3. 저축하다(貯蓄--) 4. 안치하다(安置--) 5. 기다리다 6. 우두커니 서다 7. 가게, 상점(商店) 8. 복(福), 행복(幸福) [부수]貝(조개패) [총획]12획 [난이도]중학용, 읽기 5급, 쓰기 4급
貯藏
저장
①물건(物件)을 쌓아서 간직하여 둠 　②재화(財貨)를 생산(生産)이나 영리(營利)에 활용(活用)하지 않고, 다만 모아 두는 일
貯蓄
저축
절약(節約)하여 모아 둠
貯金
저금
①돈을 모아 둠, 또는 그 돈 　②돈을 금융기관(金融機關)에 맡기어 모음, 또는 그 돈
勤儉貯蓄
근검저축
부지런하고 알뜰하여 재물(財物)을 모음

水
물 수 1. 물 2. 강물 3. 액체(液體), 물과 관련(關聯)된 일 4. 홍수(洪水), 수재(水災), 큰물(비가 많이 와서 강이나 개천에 갑자기 크게 불은 물) 5. 수성(水星: 태양에 가장 가까운 별) 6. 별자리 이름 7.... [부수]水(물수) [총획]4획 [난이도]중학용, 읽기 8급, 쓰기 6급II
水準
수준
①사물(事物)의 가치(價値)나 작용(作用) 등(等)에 관(關)한 일정(一定)한 표준(標準)이나 정도(程度) 　②수평(水平)
雨水
우수
①빗물 　②24절기(節氣)의 하나. 양력(陽曆) 2월 19일 경(頃)으로 입춘(立春)과 경칩(驚蟄) 사이에 있음. 날씨가 많이 풀려 초목이 싹트는 시기(時期)
洪水
홍수
①비가 많이 와서 하천(河川)이 넘치거나 땅이 물에 잠기게 된 상태(狀態). 큰물 　②사람이나 사물(事物)이 제한(制限)된 곳에 엄청나게 많이 있는 상태(狀態)를 비유적(比喩的)으로 이르는 말
水位
수위
①주기적(週期的)으로 변(變)하는 높고 낮은 수면(水面)의 높이　②어떤 일을 처리(處理)하는 수준(水準)이나 정도(程度)를 조절(調節)함

池
못 지,강 이름 타,제거할 철 1. 못, 연못 2. 해자(垓子: 성 밖을 둘러싼 못) 3. 도랑(매우 좁고 작은 개울), 수로(水路) 4. 연지(硯池) 5. 물받이 6. 관(棺)의 장식(裝飾) a. 강(江) 이름 (타) b. 제거하다(除去--) (철) [부수]氵(삼수변) [총획]6획 [난이도]고등용, 읽기 3급II, 쓰기 2급
乾電池
건전지
액체(液體)의 전해질(電解質)을 쓰지 않고 만든 전지(電池). 곧, 탄소(炭素) 막대와 아연판(亞鉛版) 사이에 염화(鹽化)암모늄의 포화(飽和) 용액(溶液)을 전해질(電解質)로 써서 만든 전지(電池)로서 1.5볼트의...
貯水池
저수지
상수도(上水道)나 관개용(灌漑用), 또는 수력(水力) 발전용(發電用) 또는 관개용(灌漑用)의 물을 하천(河川)이나 계류(溪流)에서 끌어 들여 모아 둘 목적(目的)으로 만들어 놓은 못
咸池
함지
①동쪽 양곡에서 돋은 해가 질 때 그곳으로 들어간다고 하는 서쪽의 큰 못 　②오곡(五穀)을 주관(主管)한다는 별 　③중국(中國) 요임금(堯--) 때에 연주(演奏)되던 음악(音樂)의 이름
天池
천지
백두산(白頭山) 정상(頂上)에 있는 큰 못. 제3기말의 화산(火山) 활동(活動)으로 이루어진 칼데라(caldera)호로 가장 깊은 곳은 312.7m임


-----------------------------------

*****DEFINITION*****
앙망하다 look up to with hope, beg, entreat, hope, desire, request, wish …하시기 앙망하나이다 We earnestly desire
仰
우러를 앙 1. 우러러보다, 경모하다(景慕--), 앙모하다(仰慕--) 2. 의지하다(依支--), 의뢰하다(依賴--) 3. 머리를 쳐들다 4. 높다 5. 마시다 6. 명령(命令) [부수]亻(사람인변) [총획]6획 [난이도]중학용, 읽기 3급II, 쓰기 2급
仰不愧於天
앙불괴어천
하늘을 우러러 조금도 부끄러움이 없음
信仰
신앙
①믿고 받드는 일 　②종교(宗敎) 생활(生活)에 의식적(意識的)인 측면(側面)
崇仰
숭앙
높이어 우러름
推仰
추앙
높이 받들어 우러름

望
바랄 망,보름 망 1. 바라다, 기다리다 2. 기대하다(期待ㆍ企待--), 희망하다(希望--) 3. 그리워하다 4. 바라보다 5. 망보다(望--), 엿보다 6. 원망하다(怨望--), 책망하다(責望--) 7. 보름, 음력(陰曆) 매월 15일 8. 전망(展望),... [부수]月(달월) [총획]11획 [난이도]중학용, 읽기 5급II, 쓰기 4급II
展望
전망
①멀리 바라봄 　②또는 경치(景致) 　③앞날에 있어서의 일의 형세(形勢) 　④앞날을 내다봄
希望
희망
①앞일에 대(對)하여 기대(期待)를 가지고 바람 　②좋은 결과(結果)를 기대(期待)하는 마음 　③또는 밝은 전망(展望)
失望
실망
①희망(希望)을 잃어버림 　②일이 뜻대로 되지 않아 낙심(落心)함
絶望
절망
①모든 기대(期待)를 저버리고 체념(諦念)함 　②희망(希望)이 없음


-----------------------------------

*****DEFINITION*****
[명사] (business) management, administration, [동사] manage, run, operate 경영에 참여하다 be involved in management
經
지날 경,글 경 1. 지나다 2. 목매다 3. 다스리다 4. 글 5. 경서(經書) 6. 날 7. 날실 8. 불경 9. 길 10. 법(法) 11. 도리(道理) 12. 지경(地境: 땅의 가장자리, 경계) 13. 경계(境界) [부수]糸(실사) [총획]13획 [난이도]중학용, 읽기 4급II, 쓰기 3급II
經濟
경제
①경세제민(經世濟民)의 준말 　②인류(人類)가 재화(財貨)를 획득(獲得)하여 그 욕망(慾望)을 충족(充足)시키는 활동(活動) 　③최소(最小)의 노력(努力)을 동원(動員)하여 최대(最大)의 수확(收穫)을...
經驗
경험
①실제(實際)로 보고 듣고 겪은 일 　②감관(感官)을 통(通)하여 얻은 지각(知覺) 　③또는, 그 지각(知覺)으로 결합(結合)된 지식(知識)
經營
경영
①규모(規模)를 정(定)하고 기초(基礎)를 세워 일을 해 나감 　②계획(計劃)을 세워 사업(事業)을 해 나감
神經
신경
①중추(中樞)의 흥분(興奮)을 몸의 각 부분(部分)에 전(傳)하고 또 몸의 각 부분(部分)으로부터의 자극(刺戟)을 중추(中樞)에 전(傳)하는 실 모양(模樣)의 기관(器官) 　②사물(事物)을 감각(感覺)하거나...

營
경영할 영 1. 경영하다(經營--) 2. 짓다 3. 꾀하다 4. 계획하다(計劃ㆍ計畫--) 5. 두려워하다 6. 변명하다(辨明--) 7. 오락가락하다 8. 재다 9. 현혹하다(眩惑--) 10. 갈다 11. 고을 이름 12. 별 이름 13. 진영 14.... [부수]火(불화) [총획]17획 [난이도]고등용, 읽기 4급, 쓰기 3급
運營
운영
조직(組織), 기구(機構) 따위를 운용(運用)하여 경영(經營)함
經營
경영
①규모(規模)를 정(定)하고 기초(基礎)를 세워 일을 해 나감 　②계획(計劃)을 세워 사업(事業)을 해 나감
陣營
진영
①군대(軍隊)가 집결(集結)하고 있는 곳 　②정치적(政治的), 사회적(社會的)으로 구분(區分)되어 구성(構成)된 집단(集團)
營養
영양
생물(生物)이 양분(養分)을 섭취(攝取)하여 삭임, 숨쉬기, 피돌기, 걸러내기 따위의 모든 작용(作用)을 돕고 체질(體質)의 소모(消耗)를 보충(補充)하여, 생활(生活) 기능(機能)을 유지(維持)하는 작용(作用)....


-----------------------------------

*****DEFINITION*****
[타동사] [보통 수동형으로] 반하게 하다; 매혹하다(charm); 애호하다 ((of, with)) ( enamor+[목]+[전]+[명] ) The parents are enamored of their youngest daughter. 양친은 막내딸을 애지중지한다.

-----------------------------------

*****DEFINITION*****
state coffers 국고의 보조를 받다 receive government[state] subsidies[funding]
國
나라 국 1. 나라, 국가(國家) 2. 서울, 도읍(都邑) 3. 고향(故鄕) 4. 고장, 지방(地方) 5. 세상(世上), 세계(世界) 6. (나라를)세우다 [부수]囗(큰입구몸) [총획]11획 [난이도]중학용, 읽기 8급, 쓰기 6급II
國民
국민
①한 나라의 통치권(統治權) 아래에 그 나라의 국적(國籍)을 가지고 있는 인민(人民) 　②나라 백성(百姓)
韓國
한국
대한민국(大韓民國)의 약칭(略稱)
美國
미국
북아메리카 대륙(大陸)의 중앙부(中央部)를 차지하는 연방(聯邦) 공화국(共和國). 수도(首都)는 워싱턴. 미합중국(合衆國). 아메리카 합중국(合衆國). 유에스(U.S.). 유에스에이(U.S.A.)
國家
국가
①＇나라＇의 법적(法的)인 호칭(號稱) 　②일정(一定)한 영토(領土)를 가지며 거기에 거주(居住)하는 다수인(多數人)으로써 구성(構成)되어 하나의 통치(統治) 조직(組織)을 갖는 단체(團體). 통치권(統治權),...

庫
곳집 고,성씨 사 1. 곳집(곳간(庫間)으로 지은 집) 2. 곳간 3. 창고(倉庫) 4. 문(門)의 이름 a. 성(姓)의 하나 (사) [부수]广(엄호) [총획]10획 [난이도]고등용, 읽기 4급, 쓰기 3급
倉庫
창고
물건(物件)을 저장(貯藏)하거나 보관(保管)하는 건물(建物)
國庫
국고
①재산권(財産權)의 주체(主體)로서의 국가(國家)를 일컫는 말 　②국가(國家)가 소유(所有)하는 화폐(貨幣)를 보관(保管)하며, 수입(收入)ㆍ지출(支出)을 관리(管理)하는 기관(機關)
庫間
곳간
물건(物件)을 간직하여 두는 곳. 곳집
府庫
부고
문서(文書)나 재물(財物)을 넣어 곳간으로 지은 집


-----------------------------------

*****DEFINITION*****
(민속) the 7th of the 24 periods of the day (5:30~6:30 a.m.)
卯
토끼 묘,넷째 지지 묘 1. 토끼, 넷째 지지(地支) 2. 출근 시각(時刻) 3. 장붓구멍 4. 기한(期限) 5. 액일(厄日), 불길한 날 6. 무성하다(茂盛--) 7. 왕성하다(旺盛--) [부수]卩(병부절) [총획]5획 [난이도]중학용, 읽기 3급, 쓰기 2급
卯酒
묘주
아침술. 아침에 마시는 술
卯時
묘시
십이시의 넷째 시(時). 오전(午前) 다섯 시부터 일곱 시까지의 동안. 24시의 일곱째 시(時). 오전(午前) 다섯 시 반부터 여섯 시 반까지의 동안
卯金刀
묘금도
성으로 쓰이는 유(劉)자의 파자(破字)
己卯名臣
기묘명신
중종(中宗) 14년의 기묘사화(己卯士禍)에 관련(關聯)된 신하(臣下)들

時
때 시 1. 때 2. 철, 계절(季節) 3. 기한(期限) 4. 세대(世代), 시대(時代) 5. 기회(機會) 6. 시세(時勢) 7. 당시(當時), 그때 8. 때마다, 늘 9. 때를 맞추다 10. 엿보다, 기회(機會)를 노리다 11. 좋다 12. 훌륭하다... [부수]日(날일) [총획]10획 [난이도]중학용, 읽기 7급II, 쓰기 6급
時間
시간
①어떤 시각(時刻)에서 어떤 시각(時刻)까지의 사이 　②과거(過去)와 현재(現在)와 미래(未來)가 종으로 무한(無限)하게 유전(遺傳)하여 연속(連續)하는 것. 곧, 사물(事物)의 현상(現象)이나 운동(運動)...
當時
당시
일이 생긴 그때. 그때
隨時
수시
①때때로 　②그때그때
時代
시대
역사적(歷史的)으로 구분(區分)한 어떤 기간(期間)


-----------------------------------

*****DEFINITION*****
restriction, restraint, yoke, (literary) fetters, (literary) shackles, restrict, restrain, tie (sb) down, (literary) fetter, (literary) shackle 속박을 당하다 be subject to restraint
束
묶을 속,약속할 속 1. 묶다, 동여매다(두르거나 감거나 하여 묶다) 2. 결박하다(結縛--) 3. (잡아)매다, (띠를)매다 4. 합치다(合--) 5. 단속하다(團束--) 6. 삼가다(몸가짐이나 언행을 조심하다), 잡도리하다 7. 약속하... [부수]木(나무목) [총획]7획 [난이도]고등용, 읽기 5급II, 쓰기 4급II
約束
약속
①언약(言約)하여 정(定)함 　②서로 언약(言約)한 내용(內容)
拘束
구속
①자유(自由)를 억제(抑制)함 　②구인(拘引)하여 속박(束縛)함
團束
단속
①잡도리를 단단히 함 　②경계(警戒)를 단단히 하여 다잡음 　③규칙(規則)ㆍ명령(命令)ㆍ법령(法令) 등(等)을 잘 지키도록 통제(統制)함
束縛
속박
①몸을 자유(自由)롭지 못하게 얽어맴 　②어떤 행위(行爲)를 자유(自由)로이 못하도록 얽어매거나 제한(制限)을 더함. 얽어맴. 묶음

縛
얽을 박 1. 얽다 2. 동이다(끈이나 실 따위로 감거나 둘러 묶다) 3. 묶다, 포박하다(捕縛--) 4. 매이다 5. 구속되다(拘束--) 6. 포승(捕繩) 7. 복토(伏兔: 차여(車輿)와 차축을 연결 고정하는 나무) [부수]糸(실사) [총획]16획 [난이도]읽기 1급, 쓰기 특급
束縛
속박
①몸을 자유(自由)롭지 못하게 얽어맴 　②어떤 행위(行爲)를 자유(自由)로이 못하도록 얽어매거나 제한(制限)을 더함. 얽어맴. 묶음
繫縛
계박
불교(佛敎)에서, 번뇌(煩惱)ㆍ망상(妄想) 또는 외계의 것에 속박(束縛)되어 자유(自由)를 잃는다는 뜻에서, 얽어맴
結縛
결박
몸을 자유(自由)롭게 움직이지 못하도록 두 팔이나 다리를 묶음
自業自縛
자업자박
☞ 자업자득(自業自得)


-----------------------------------

*****DEFINITION*****
violently, fiercely, ferociously, vehemently 그는 우리를 맹렬히 비난했다 He criticized us vehemently.

-----------------------------------

*****DEFINITION*****
-----------------------------------

*****DEFINITION*****
(be) vast, extensive, wide, boundless 광막한 땅 an extensive[a vast] tract of land
廣
넓을 광 1. 넓다 2. 넓게 되다 3. 넓히다 4. 널찍하다 5. 공허하다(空虛--) 6. 비다 7. 빛나다 8. 널리 9. 넓이 10. 무덤 11. 직경 12. 광서성(廣西省)의 약칭(略稱) [부수]广(엄호) [총획]15획 [난이도]중학용, 읽기 5급II, 쓰기 4급II
廣告
광고
①세상(世上)에 널리 알림 　②영업체(營業體) 또는 상품(商品)의 존재(存在), 효능(效能)을 널리 선전(宣傳)하여 알림 　③자기(自己)의 존재(存在)를 여러 사람에게 널리 알리고 선전(宣傳)함
廣場
광장
①너른 마당 　②너른 빈터
廣範圍
광범위
넓은 범위(範圍)
廣域
광역
①넓은 구역(區域) 　②넓은 지역(地域)

漠
넓을 막,사막 막 1. 넓다, 광막하다(廣漠--) 2. 쓸쓸하다 3. 그윽하다 4. 조용하다, 고요하다 5. 소리가 없다 6. 맑다, 투명하다(透明--) 7. 어둡다, 어둠침침하다 8. 자리 잡다, 움직이지 아니하다 9. 우거지다, 무성... [부수]氵(삼수변) [총획]14획 [난이도]고등용, 읽기 3급II, 쓰기 2급
漠然
막연
아득하여 분명(分明)하지 않은 모양(模樣)
沙漠
사막
아득히 넓고 모래나 자갈 따위로 뒤덮인 불모(不毛)의 벌판. 세계(世界) 육지(陸地) 면적(面積)의 10%를 차지함
砂漠
사막
☞ 사막(沙漠)
廣漠
광막
넓고 아득함


-----------------------------------

*****DEFINITION*****
wagon, cart; (손수레) handcart; (바퀴가 하나인) wheelbarrow 수레에 싣다 load a cart[wagon] (with)

-----------------------------------

*****DEFINITION*****
public office, public service, public post
官
벼슬 관 1. 벼슬, 벼슬자리 2. 벼슬아치 3. 마을 4. 관청(官廳), 공무(公務)를 집행(執行)하는 곳 5. 기관(機關) 6. 일, 직무(職務) 7. 임금, 아버지, 시아버지 8. 관능(官能), 이목구비 등 사람의 기관 9. 본받다,... [부수]宀(갓머리) [총획]8획 [난이도]중학용, 읽기 4급II, 쓰기 3급II
長官
장관
①한 관청(官廳)의 으뜸 벼슬 　②국무(國務)를 나누어 맡아보는 각부(各部)의 으뜸 벼슬
官吏
관리
①국가공무원(國家公務員) 　②벼슬아치 　③관직(官職)에 있는 사람
官僚
관료
①관리(官吏)들 　②같은 관직(官職)의 동료(同僚) 　③특수(特殊)한 권력(權力)을 가진 관리(官吏)들
次官
차관
장관(長官)을 보좌(補佐ㆍ輔佐)하고 그를 대리(代理)할 수 있는 별정직(別定職) 공무원(公務員)

職
직분 직 1. 직분(職分) 2. 직책(職責) 3. 벼슬 4. 공물(貢物) 5. 일 6. 사업(事業) 7. 맡다 8. 오로지 9. 주로 [부수]耳(귀이) [총획]18획 [난이도]고등용, 읽기 4급II, 쓰기 3급II
職員
직원
관공서(官公署)ㆍ회사(會社)ㆍ학교(學校) 등(等)에서 각각(各各)의 직무(職務)를 담당(擔當)하는 사람
職業
직업
생계(生計)를 세워가기 위(爲)해 일상적(日常的)으로 종사(從事)하는 일
職場
직장
공장(工場)ㆍ회사(會社)ㆍ관청(官廳) 등(等)에 있어 각자가 맡은 일을 하는 일터ㆍ일자리
職務
직무
①담당(擔當)하여 맡은 사무(事務) 　②직장(職場)으로 삼는 근무(勤務)


-----------------------------------

*****DEFINITION*****
status, position, rank, standing 지위를 남용하다 abuse one's position[authority]
地
땅 지 1. 땅, 대지(大地) 2. 곳, 장소(場所) 3. 노정(路程: 목적지까지의 거리) 4. 논밭 5. 뭍, 육지(陸地) 6. 영토(領土), 국토(國土) 7. 토지(土地)의 신(神) 8. 처지(處地), 처해 있는 형편(形便) 9. 바탕,... [부수]土(흙토) [총획]6획 [난이도]중학용, 읽기 7급, 쓰기 6급
地域
지역
일정(一定)한 땅의 구역(區域)
敷地
부지
건축물(建築物)이나 도로(道路)에 쓰이는 땅
地方
지방
①어느 방면(方面)의 땅 　②서울 이외(以外)의 지역(地域)
處地
처지
①자기(自己)가 처해 있는 경우(境遇) 또는 환경(環境) 　②서로 사귀어 지내는 관계(關係) 　③지위(地位) 또는 신분(身分)

位
자리 위,임할 리,임할 이 1. 자리, 곳, 위치(位置) 2. 지위(地位), 직위(職位) 3. 제위(帝位), 왕위(王位) 4. 방위(方位) 5. 분, 명(名) 6. 비트 7. 위치하다(位置--), 자리 잡다 8. 서다, 서 있다 a. 임하다(臨--), 닿다 (리)... [부수]亻(사람인변) [총획]7획 [난이도]중학용, 읽기 5급, 쓰기 4급
位置
위치
①자리나 처소(處所). 장소(場所) 　②사회적(社會的)인 신분(身分). 지위(地位) 　③사람이나 물건(物件)이 자리잡고 있는 곳
順位
순위
차례(次例)로의 위치(位置), 차례(次例), 순서(順序)
單位
단위
①길이ㆍ질량(質量)ㆍ시간(時間) 등(等) 어떤 양을 수치(數値)로 나타낼 때, 비교(比較) 기준(基準)이 되도록 크기를 정(定)한 양(量). 미터ㆍ그램ㆍ초 따위 　②하나의 집단(集團)ㆍ조직(組織) 등(等)을...
地位
지위
개인(個人)이 차지하는 사회적(社會的) 위치(位置)


-----------------------------------
