지적하다

*****DEFINITION*****
point out 위에서 지적한 바와 같이 as pointed out above
指摘
指
가리킬 지 1. 가리키다, 손가락질하다 2. 지시하다(指示--), 가리켜 보이다 3. 곤두서다, 곧추 서다 4. 아름답다, 곱다 5. 손가락 6. 발가락 7. 마음, 뜻 [부수]扌(재방변) [총획]9획 [난이도]중학용, 읽기 4급II, 쓰기 3급II
指摘
지적
①꼭 집어서 가리킴 　②잘못을 들추어 냄
指揮
지휘
①어떤 목적(目的)을 효과적(效果的)으로 이루기 위(爲)하여 단체(團體)의 행동(行動)을 통솔(統率)하는 것. 어떤 일의 해야 할 방도를 지시(指示)하여 시킴 　②2인 이상(以上)이 연주(演奏)하는 음악(音樂)을...
指定
지정
①분명(分明)히 그렇게 가리켜 정(定)하는 것 　②행정(行政) 관청(官廳)이 법령(法令)이 정(定)하는 바에 의(依)하여 사정(事情)을 조사(調査)한 다음 어떤 자격(資格)을 주는 것
指示
지시
①(어떤 대상(對象)을) 가리켜 보이는 것 　②(어떤 일을 누구에게) 일러서 시키는 것 　③(법률(法律)ㆍ법학) 증권(證券) 상(上)의 기재(記載)에 의(依)하여 어떤 사람을 권리자(權利者)로 지정(指定)하는...

摘
딸 적 1. (손가락으로)따다 2. 들추어내다 3. 손가락질하다, (손가락으로)가리키다 4. 움직이다 5. (악기를)타다, 연주하다(演奏--) 6. 어지럽히다 7. (요점만을)가려서 쓰다, (남의 글을)따다 쓰다 [부수]扌(재방변) [총획]14획 [난이도]고등용, 읽기 3급II, 쓰기 2급
指摘
지적
①꼭 집어서 가리킴 　②잘못을 들추어 냄
摘發
적발
숨겨진 물건(物件)을 들추어 냄
摘示
적시
지적(指摘)하여 제시(提示)함
摘出
적출
①수술(手術) 따위로 속에 들어 있는 것을 끄집어내거나 몸의 일부(一部)를 도려냄 　②(부정(不正)이나 결점(缺點) 따위를) 들추어냄


-----------------------------------
본문

*****DEFINITION*****
the body (of a book) 책의 본문을 간략히 요약하시오 Summarize the body of the book.
本文
本
근본 본 1. 근본(根本) 2. (초목의)뿌리 3. (초목의)줄기 4. 원래(元來ㆍ原來), 본래(本來), 본디 5. 근원(根源), 원천(源泉) 6. 본원(本源), 시초(始初) 7. 마음, 본성(本性) 8. 주(主)가 되는 것 9. 바탕 10.... [부수]木(나무목) [총획]5획 [난이도]중학용, 읽기 6급, 쓰기 5급
日本
일본
(지리학(地理學)ㆍ지학ㆍ지명(地名)) 아시아 동쪽 끝에 있는 입헌(立憲) 군주국(君主國). 수도(首都)는 도쿄
根本
근본
①사물(事物)의 생겨나는 근원(根源) 　②어떤 것의 본질(本質)로 되거나 어떤 것이 이루어지는 바탕 　③시초적(始初的)인 것이나 주가 되거나 기본(基本)이 되는 것 　④초목(草木)의 뿌리
資本
자본
①사업(事業)의 기본(基本)이 되는 돈 이윤(利潤)을 얻기 위(爲)하여 쓸 재화(財貨) 　②잉여 가치(價値)의 생산(生産)으로써 증식(增殖)하는 화폐(貨幣) 회사(會社)의 목적(目的)인 사업(事業)을 하기...
基本
기본
사물(事物)의 근본(根本)

文
글월 문 1. 글월, 문장(文章) 2. 어구(語句: 말의 마디나 구절), 글 3. 글자 4. 문서(文書) 5. 서적(書籍), 책 6. 문체(文體)의 한 가지 7. 채색(彩色), 빛깔 8. 무늬 9. 학문(學問)이나 예술(藝術) 10. 법도(法道),... [부수]文(글월문) [총획]4획 [난이도]중학용, 읽기 7급, 쓰기 6급
文化
문화
인간(人間)의 공동(共同) 사회(社會)가 이룩하여 그 구성원(構成員)이 함께 누리는, 가치(價値) 있는 삶의 양식(樣式) 및 표현(表現) 체계(體系). 언어(言語)ㆍ예술(藝術)ㆍ종교(宗敎)ㆍ지식(知識)ㆍ도...
注文
주문
①품종(品種)ㆍ수량(數量)ㆍ모양(模樣)ㆍ크기 등(等)을 알려 주고 제작(製作) 또는 송부를 의뢰(依賴)하는 일 　②부탁(付託)하여 이렇게 저렇게 해 달라고 맞추는 일. 또는, 그 조건(條件)
論文
논문
①어떠한 문제(問題)에 관(關)하여 연구(硏究)한 결과(結果)를 논리(論理)에 맞게 풀이한 글 　②의견(意見)을 논술(論述)하는 글
文章
문장
①생각ㆍ느낌ㆍ사상(思想) 등(等)을 글로 표현(表現)한 것 　②구절(句節)을 모아서 한 문제(問題)를 논술(論述)한 글의 한 편. 문장가(文章家) 　③한 나라의 문명(文明)을 형성(形成)한 예악과 제도(制度)...


-----------------------------------
갈급함

*****DEFINITION*****
갈급증이 나다

-----------------------------------
철학

*****DEFINITION*****
(학문) philosophy 그는 대학에서 철학을 전공했다 He majored in philosophy at college.
哲學
哲
밝을 철 1. 밝다 2. 슬기롭다 3. 알다 4. 결단하다(決斷--) 5. 철인(哲人: 도리나 사리에 밝은 사람) 6. 높임말 [부수]口(입구) [총획]10획 [난이도]고등용, 읽기 3급II, 쓰기 2급
哲學
철학
인간(人間)이나 인생(人生)ㆍ세계(世界)의 지혜(智慧ㆍ知慧), 궁극(窮極)의 근본(根本) 원리(原理)를 추구(追求)하는 학문(學問)
哲學者
철학자
철학(哲學)을 전문적(專門的)으로 연구(硏究)하는 사람
先哲
선철
예전의 현철(賢哲)
明哲
명철
세태(世態)나 사리(事理)에 밝음

學
배울 학,가르칠 교,고지새 할 1. 배우다 2. 공부하다(工夫--) 3. 흉내내다 4. 모방하다(模倣ㆍ摸倣ㆍ摹倣--) 5. 가르침 6. 학교(學校) 7. 학문(學問) 8. 학자(學者) 9. 학통(學統) 10. 학파(學派) a. 가르치다 (교) b. 고지새(되샛과의... [부수]子(아들자) [총획]16획 [난이도]중학용, 읽기 8급, 쓰기 6급II
學校
학교
학생(學生)을 가르치는 교육(敎育) 기관(機關). 초등학교(初等學校), 중학교(中學校), 고등학교(高等學校), 대학교(大學校) 및 특수(特殊) 학교(學校) 등(等)이 있음
大學
대학
①국가(國家)와 인류(人類) 사회(社會) 발전(發展)에 필요(必要)한 학술(學術)의 심오(深奧)한 이론(理論)과 그 광범(廣範)하고 정치(精緻)한 응용(應用) 방법(方法)을 교수(敎授) 연구(硏究)하며 지도적(指導的)...
學生
학생
①배우는 사람, 주(主)로 학교(學校)에 다니면서 공부(工夫)하는 사람 　②벼슬하지 아니하고 죽은 사람의 명정, 지방(紙榜), 신주(神主) 따위에 쓰는 존칭(尊稱) 　③신라(新羅) 때 국학(國學)에서 가르침을...
科學
과학
자연(自然) 과학(科學). 일정(一定)한 목적(目的)과 방법(方法)으로 그 원리(原理)를 연구(硏究)하여 하나의 체계(體系)를 세우는 학문(學問)


-----------------------------------
파생

*****DEFINITION*****
[명사] (formal) derivation , [동사] derive[be derived] (from), stem (from) 많은 영어 단어들이 라틴어에서 파생되었다 Many English words are derived from Latin.
派生
派
갈래 파 1. (물)갈래 2. 지류(支流) 3. 유파(流派), 학파(學派), 종파(宗派) 4. 보내다, 파견하다(派遣--) 5. 갈라지다 6. 가르다, 나누다 [부수]氵(삼수변) [총획]9획 [난이도]고등용, 읽기 4급, 쓰기 3급
派遣
파견
①일정(一定)한 임무(任務)를 주어 사람을 내보냄 　②사람에게 용무(用務)를 띄워서 출장(出張)시킴
派兵
파병
군대(軍隊)를 파출(派出)하는 일
强硬派
강경파
강경(强硬)한 주장(主張)을 내세우거나 강경(强硬)한 행동(行動)을 하는 파(派)
左派
좌파
①어떤 단체(團體)나 정당(政黨)에서, 급진적(急進的)인 사상(思想)을 가진 사람들의 파, 또는 그런 사람 　②좌익(左翼)의 당파(黨派)

生
날 생 1. 나다 2. 낳다 3. 살다 4. 기르다 5. 서투르다 6. 싱싱하다 7. 만들다 8. 백성(百姓) 9. 선비(학식은 있으나 벼슬하지 않은 사람을 이르던 말) 10. 자기(自己)의 겸칭(謙稱) 11. 사람 12. 날(익지 않음)... [부수]生(날생) [총획]5획 [난이도]중학용, 읽기 8급, 쓰기 6급II
發生
발생
①(어떤 사건(事件)이나 사물(事物) 현상(現象)이 어느 곳 또는 세상(世上)에) 생겨나거나 나타나는 것 　②(생물학(生物學)ㆍ생리학) 세포(細胞)의 증식(增殖)ㆍ분화(分化)ㆍ형태(形態) 형성(形成) 등(等)에...
生活
생활
①살아서 활동(活動)함. 생계(生計)를 유지(維持)하여 살아나감 　②먹고 입고 쓰고 하는 등(等)의 살림살이 　③일정(一定)한 조직체(組織體)에 매여 구성원(構成員)으로 활동(活動)함
學生
학생
①배우는 사람, 주(主)로 학교(學校)에 다니면서 공부(工夫)하는 사람 　②벼슬하지 아니하고 죽은 사람의 명정, 지방(紙榜), 신주(神主) 따위에 쓰는 존칭(尊稱) 　③신라(新羅) 때 국학(國學)에서 가르침을...
先生
선생
①학생(學生)을 가르치는 사람. 학예(學藝), 기예(技藝) 등(等)을 남에게 가르치는 사람 　②자기(自己)보다 학식(學識)이 높은 사람을 높이어 일컫는 말 　③남을 존대(尊待)하여 부르는 말. 흔히 성이나...


-----------------------------------
동원하다

*****DEFINITION*****
(군사) mobilize

-----------------------------------
숙청하다

*****DEFINITION*****
purge, purge 반대 세력을 숙청하다 purge the opposition forces
肅淸
肅
엄숙할 숙 1. 엄숙하다(嚴肅--) 2. 공경하다(恭敬--) 3. 정중하다(鄭重--) 4. 정제하다(整齊--: 정돈하여 가지런히 하다) 5. 맑다 6. 경계하다(警戒--) 7. 엄하다(嚴--: 매우 철저하고 바르다) 9. 절하다 10. 차다... [부수]聿(붓율) [총획]13획 [난이도]고등용, 읽기 4급, 쓰기 3급
嚴肅
엄숙
장엄(莊嚴)하고 정숙(靜肅)함. 위엄(威嚴) 있고 정중(鄭重)함
靜肅
정숙
고요하고 엄숙(嚴肅)함
肅然
숙연
①고요하고 엄숙(嚴肅)함 　②삼가고 두려워 하는 모양(模樣)
自肅
자숙
스스로 행동(行動)을 조심하는 것

淸
맑을 청 1. 맑다 2. 깨끗하다 3. 탐욕(貪慾)이 없다 4. 빛이 선명하다(鮮明--) 5. 사념이 없다 6. 분명하다(分明--) 7. 한가하다(閑暇--) 8. 고요하다 9. 끝장을 내다 10. 거스르다 11. 차갑다 12. 한랭하다(寒冷--)... [부수]氵(삼수변) [총획]11획 [난이도]중학용, 읽기 6급II, 쓰기 5급II
淸明
청명
①날씨가 맑고 밝음 　②24절기(節氣)의 하나, 춘분(春分)과 곡우(穀雨)의 사이로, 양력(陽曆) 4월 5ㆍ6일께
淸算
청산
①상호(相互) 간(間)에 채무(債務)ㆍ채권(債權) 관계(關係)를 셈하여 깨끗이 정리(整理)함 　②회사(會社)ㆍ조합(組合) 등(等)의 법인(法人)이 해산(解散)할 때에 뒤처리(-處理)로서 재산(財産) 관계(關係)...
淸掃
청소
깨끗이 소제(掃除)함
淸溪川
청계천
길이 3,670 m. 최대(最大) 너비 84 m. 북악산(北岳山)ㆍ인왕산(仁王山ㆍ仁旺山)ㆍ남산(南山) 등(等)으로 둘러싸인 서울분지(盆地)의 모든 물이 여기에 모여 동쪽으로 흐르다가 왕십리 밖 살곶이다리(箭串橋)...


-----------------------------------
독재

*****DEFINITION*****
dictatorship, autocracy 독재 정권을 타도하다 overthrow the dictatorship
獨裁
獨
홀로 독 1. 홀로, 혼자 2. 어찌 3. 다만, 오직 4. 장차(將次) 5. 어느 6. 그 7. 홀몸, 홀어미 8. 외로운 사람 9. 외발 사람, 월형(刖刑: 발꿈치를 베는 형벌)을 받은 사람 10. 외롭다 11. 전단하다(專斷--: 혼자... [부수]犭(개사슴록변) [총획]16획 [난이도]중학용, 읽기 5급II, 쓰기 4급II
獨逸
독일
중부(中部) 유럽을 차지하는 나라. 동쪽은 폴란드, 서쪽은 네덜란드ㆍ룩셈부르크ㆍ프랑스, 남쪽은 체코슬로바키아ㆍ오스트리아ㆍ스위스, 북쪽은 발트해ㆍ북해및 덴마크와 각각(各各) 접경함. 주민(住民)은...
獨島
독도
경북(慶北) 울릉군(鬱陵郡) 울릉읍(鬱陵邑) 독도리(獨島里)에 딸린 섬
單獨
단독
단 하나. 단 한 사람. 혼자
獨立
독립
①남의 힘을 입지 않고 홀로 섬 　②남의 속박(束縛)ㆍ지배(支配)를 받지 않음 　③한 나라나 단체(團體)가 대내(對內)ㆍ대외적(對外的)으로 완전(完全)한 주권(主權)을 행사(行使)하는 능력(能力)을 가짐...

裁
마를 재 1. (옷을)마르다(치수에 맞게 자르다), 자르다 2. (옷을)짓다, 만들다 3. (글을)짓다 4. 교육하다(敎育--) 5. 결단하다(決斷--), 결정하다(決定--) 6. 분별하다(分別--), 식별하다(識別--) 7. 헤아리다... [부수]衣(옷의) [총획]12획 [난이도]고등용, 읽기 3급II, 쓰기 2급
制裁
제재
①법령(法令)이나 규칙(規則) 위반자(違反者)에게 가(加)하여지는 불이익(不利益) 또는 징벌(懲罰)을 이름 　②집단(集團)의 규율(規律)을 어겼을 때 가(加)하여지는 심리적(心理的)ㆍ물리적(物理的) ...
裁判
재판
①쟁송(爭訟)의 구체적(具體的)인 해결(解決)을 위(爲)하여 국가(國家) 기관(機關)인 법원(法院) 또는 법관(法官)이 행(行)하는 법률(法律) 행위(行爲)로써 판결(判決), 결정(決定), 명령(命令) 등(等)의...
憲法裁判所
헌법재판소
일반(一般) 법원(法院)과는 달리 법령(法令)의 위헌(違憲) 심사(審査), 헌법(憲法) 해석(解釋), 정당(政黨) 해산(解散), 탄핵(彈劾) 심판(審判) 따위에 관(關)한 일을 하도록 헌법(憲法)에 규정(規定)한...
憲裁
헌재
헌법(憲法) 재판소(裁判所). 법률(法律)의 위헌(違憲) 여부(與否), 탄핵(彈劾), 정당(政黨)의 해산(解散) 등(等)에 대(對)하여 심판(審判)하는 기관(機關). 9명(名)의 위원(委員)으로 구성(構成)되며,...


-----------------------------------
정권

*****DEFINITION*****
(정치권력) (political) power; (정부) government, administration, (military) regime 정권을 쥐다 seize power
政權
政
정사 정,칠 정 1. 정사(政事), 나라를 다스리는 일 2. 구실(온갖 세납을 통틀어 이르던 말), 조세(租稅) 3. 법(法), 법규(法規), 정사(政事)를 행하는 규칙(規則) 4. 부역(負役), 노역(勞役) 5. 벼슬아치의 직무(職務)나... [부수]攵(등글월문) [총획]9획 [난이도]중학용, 읽기 4급II, 쓰기 3급II
政府
정부
①국가(國家)를 다스리는 기관(機關). 곧, 입법부ㆍ사법부ㆍ행정부(行政府)의 총칭(總稱) 　②의정부(議政府)의 준말 　③특(特)히, 행정부(行政府)를 가리키는 말
政策
정책
국리민복(國利民福)을 증진(增進)하려고 하는 시정(施政)의 방법(方法). 정치적(政治的) 목적(目的)을 실현(實現)하기 위(爲)하여 꾀하는 방법(方法)
政權
정권
정치(政治) 상(上)의 권력(權力), 정부(政府)를 조직(組織)하여 정치(政治)를 담당(擔當)하는 권력(權力)
政治
정치
국가(國家)의 주권자(主權者)가 국가(國家) 권력(權力)을 행사(行使)하여 그 영토(領土)와 국민(國民)을 다스리는 일

權
권세 권 1. 권세(權勢) 2. 권력(權力) 3. 권한(權限) 4. 권리(權利) 5. 유리한 형세(形勢) 6. 저울 7. 저울추(--錘) 8. 방편(方便) 9. 계량하다(計量--) 10. 저울질하다 11. 꾀하다 12. 잠시(暫時) 13. 당분간(當分間)... [부수]木(나무목) [총획]22획 [난이도]중학용, 읽기 4급II, 쓰기 3급II
政權
정권
정치(政治) 상(上)의 권력(權力), 정부(政府)를 조직(組織)하여 정치(政治)를 담당(擔當)하는 권력(權力)
執權
집권
①정권(政權)을 잡음 　②정사(政事)를 행(行)하는 실권(實權)을 잡음
權利
권리
①권세(權勢)와 이익(利益) 　②일정(一定)한 이익(利益)을 주장(主張)하고 그것을 누릴 수 있는 수단(手段)으로써 법률(法律)이 일정(一定)한 자격(資格)을 가진 사람에게 부여(附與)하는 힘 　③법에...
權限
권한
①권리(權利)의 한계(限界) 　②행정(行政) 기관(機關)의 정당(正當)한 사무(事務) 범위(範圍). 직권(職權)이 미치는 범위(範圍)


-----------------------------------
무력

*****DEFINITION*****
(armed) force; (군사력) military force 무력을 사용하다 use (military) force
武力
武
호반 무 1. 호반(虎班: 무관(武官)의 반열(班列)) 2. 무인(武人) 3. 무사(武士), 병사(兵士) 4. 군대(軍隊)의 위용(威容), 무위(武威) 5. 병법(兵法), 전술(戰術) 6. 무예(武藝), 무술(武術) 7. 병장기(兵仗器:... [부수]止(그칠지) [총획]8획 [난이도]중학용, 읽기 4급II, 쓰기 3급II
武器
무기
①전쟁(戰爭)에 쓰이는 총검, 화포(火砲), 핵병기(核兵器) 따위 온갖 기구(器具) 　②어떤 일을 달성(達成)하기 위(爲)한 힘이나 방패(防牌)가 되는 수단(手段)
核武器
핵무기
원자핵(原子核)이 분열(分裂), 융합(融合)할 때 생기는 힘을 이용(利用)한 무기(武器). 원자(原子) 폭탄(爆彈), 수소(水素) 폭탄(爆彈) 따위
武裝
무장
①전투(戰鬪)를 할 수 있도록 갖추어 차린 장비(裝備). 　②전투(戰鬪)를 하기에 필요(必要)한 장비(裝備)를 갖추어 차림. 　③어떤 일을 하기에 필요(必要)한 마음의 자세(姿勢)나 기술(技術) 등(等)을...
武力
무력
①군사(軍事) 상(上)의 힘 　②마구 욱대기는 힘

力
힘 력,힘 역 1. 힘 2. 하인(下人) 3. 일꾼, 인부(人夫) 4. 군사(軍士), 병사(兵士) 5. 힘쓰다, 부지런히 일하다 6. 심하다(甚--: 정도가 지나치다), 어렵다, 매우 힘들다 7. 힘주다 8. 있는 힘을 다하여, 애써 [부수]力(힘력) [총획]2획 [난이도]중학용, 읽기 7급II, 쓰기 6급
努力
노력
①힘을 씀, 힘을 다함 　②어떤 일을 이루기 위(爲)해 어려움이나 괴로움 등(等)을 이겨 내면서 애쓰거나 힘쓰는 것
能力
능력
①일을 감당(堪當)하거나 해결(解決)해 낼 수 있는 힘 　②어떤 일에 대(對)하여 요구(要求)되고 적당(適當)하다고 인정(認定)되는 자격(資格)
勢力
세력
①권력(權力)이나 기세(氣勢)의 힘 　②일을 하는데 필요(必要)한 힘
壓力
압력
①두 물체(物體)의 접속(接續) 면(面) 또는 한 물체(物體) 속의 어느 단면(斷面)을 생각할 때 그 면을 경계(境界)로 양쪽 부분(部分)이 수직(垂直)으로 누르는 힘 　②권세(權勢) 따위로 누르는 힘


-----------------------------------
탄압

*****DEFINITION*****
[명사] suppression, oppression, repression, crackdown (on), [동사] suppress, oppress, repress 노동 탄압 labor repression
彈壓
彈
탄알 탄 1. 탄알(彈-) 2. 탄알(彈-)을 쏘는 활 3. 과실(果實) 4. 열매 5. 튀기다 6. 두드리다 7. 힐책하다(詰責--) 8. 탄핵하다(彈劾--) 9. 바루다 10. 타다 11. 연주하다(演奏--) 12. 치다 [부수]弓(활궁) [총획]15획 [난이도]고등용, 읽기 4급, 쓰기 3급
彈劾
탄핵
죄상(罪狀)을 조사(調査)하여 꾸짖음
爆彈
폭탄
금속(金屬) 용기(容器)에 폭약(爆藥)을 채워서 손으로 던지거나 또는 공중(空中)에서 투하(投下)하여 적을 살상(殺傷)하거나 적의 구조물(構造物)을 파괴(破壞)할 것을 목적(目的)으로 만든 병기(兵器)의...
彈壓
탄압
①함부로 을러대고 억누름 　②지배(支配) 계급(階級)이 피지배(被支配) 계급(階級)에 대(對)하여 강권적으로 억누름 　③죄악(罪惡)을 밝히고 억누름
糾彈
규탄
잘못이나 허물을 잡아 내어 따지고 나무람

壓
누를 압,싫어할 염,숙일 엽,누를 녑,누를 엽 1. 누르다, 억압하다(抑壓--) 2. 막다, 가로막다 3. 진압하다(鎭壓--), 평정하다(平定--) 4. 좁혀지다, 죄어들다 5. 무너뜨리다, 무너지다 6. 항복시키다(降伏ㆍ降服---) 7. 진정하다(鎭靜--) 8. 맞다,... [부수]土(흙토) [총획]17획 [난이도]고등용, 읽기 4급II, 쓰기 3급II
壓迫
압박
①내리 누름 　②심리적(心理的)ㆍ정신적(精神的)으로 상대편(相對便)에게 겁을 줌, 또는 군사력(軍事力)ㆍ경제력(經濟力) 등(等)으로 상대편(相對便)의 행동(行動)을 제약(制約)함
壓力
압력
①두 물체(物體)의 접속(接續) 면(面) 또는 한 물체(物體) 속의 어느 단면(斷面)을 생각할 때 그 면을 경계(境界)로 양쪽 부분(部分)이 수직(垂直)으로 누르는 힘 　②권세(權勢) 따위로 누르는 힘
壓縮
압축
①눌러서 쭈그러뜨림 　②많은 내용(內容)을 간추려 요약(要略)함 　③스핑크스처럼, 둘 이상(以上)의 상이 합쳐져 내용(內容)이 축소(縮小)되는 일. 꿈이나 신화(神話), 정신(精神) 분열병자(分裂病者)의...
彈壓
탄압
①함부로 을러대고 억누름 　②지배(支配) 계급(階級)이 피지배(被支配) 계급(階級)에 대(對)하여 강권적으로 억누름 　③죄악(罪惡)을 밝히고 억누름


-----------------------------------
상징

*****DEFINITION*****
symbol; (그림, 도안) emblem, symbolic representation, symbolize, be symbolic of, stand for 비둘기는 평화의 상징이다 The dove is a symbol[emblem] of peace.
象徵
象
코끼리 상 1. 코끼리 2. 상아(象牙) 3. 꼴, 모양, 형상(形象ㆍ形像) 4. 얼굴 모양, 초상(肖像) 5. 법(法), 법제(法制) 6. 징후(徵候), 조짐(兆朕) 7. 도리(道理) 8. 점괘(占卦) 9. 통변(通辯) 10. 역법(曆法) 11.... [부수]豕(돼지시) [총획]12획 [난이도]고등용, 읽기 4급, 쓰기 3급
對象
대상
사람이 어떤 행위(行爲)를 할 때, 그 목적(目的)이 되는 사물(事物)이나 상대(相對)가 되는 사람
現象
현상
①눈 앞에 나타나 보이는 사물(事物)의 형상(形狀) 　②본질(本質)이나 본체(本體)의 바깥으로 나타나는 상(象)
象徵
상징
①추상적(抽象的)인 사물(事物)을 구체화(具體化)하는 것 　②또는, 그와 같이 나타나지는 것
抽象的
추상적
①낱낱의 사물(事物)에서 공통(共通)되는 屬性(속성)을 뽑아내어 종합(綜合)한 상태(狀態) 　②또는, 그것

徵
부를 징,음률 이름 치 1. 부르다 2. 징집하다(徵集--) 3. 소집하다(召集--) 4. 구하다(求--), 모집하다(募集--) 5. 거두다, 징수하다(徵收--) 6. 징계하다(懲戒--) 7. 밝히다 8. 증명하다(證明--), 검증하다(檢證--) 9. 이루다... [부수]彳(두인변) [총획]15획 [난이도]고등용, 읽기 3급II, 쓰기 2급
象徵
상징
①추상적(抽象的)인 사물(事物)을 구체화(具體化)하는 것 　②또는, 그와 같이 나타나지는 것
特徵
특징
①다른 것에 비겨서 특별(特別)히 눈에 뜨이는 점 　②벼슬을 시키려고 임금이 특별(特別)히 부름
象徵的
상징적
상징(象徵)의 성질(性質)을 띠는 것
徵收
징수
나라에서 세금(稅金)이나 그밖의 돈이나 물건(物件)을 거둬들임


-----------------------------------
억압하다

*****DEFINITION*****
suppression, repression, oppression, suppress, repress, oppress 억압된 감정 suppressed[repressed; pent-up] feelings
抑壓
抑
누를 억 1. 누르다, 억누르다 2. 굽히다, 숙이다 3. 물러나다, 물리치다 4. 가라앉다 5. 막다, 다스리다 6. 아름답다, 예쁘다 7. 조심하다, 삼가다(몸가짐이나 언행을 조심하다) 8. 우울해지다(憂鬱---) 9. 또한... [부수]扌(재방변) [총획]7획 [난이도]고등용, 읽기 3급II, 쓰기 2급
抑制
억제
억눌러 제지(制止)함
抑鬱
억울
①억제(抑制)를 받아 답답함 　②애먼 일을 당해서 원통(寃痛)하여 가슴이 답답함
抑止力
억지력
억눌러서 못하게 하는 힘
抑留
억류
불법적(不法的)으로 남의 자유(自由)를 억지로 구속(拘束)함

壓
누를 압,싫어할 염,숙일 엽,누를 녑,누를 엽 1. 누르다, 억압하다(抑壓--) 2. 막다, 가로막다 3. 진압하다(鎭壓--), 평정하다(平定--) 4. 좁혀지다, 죄어들다 5. 무너뜨리다, 무너지다 6. 항복시키다(降伏ㆍ降服---) 7. 진정하다(鎭靜--) 8. 맞다,... [부수]土(흙토) [총획]17획 [난이도]고등용, 읽기 4급II, 쓰기 3급II
壓迫
압박
①내리 누름 　②심리적(心理的)ㆍ정신적(精神的)으로 상대편(相對便)에게 겁을 줌, 또는 군사력(軍事力)ㆍ경제력(經濟力) 등(等)으로 상대편(相對便)의 행동(行動)을 제약(制約)함
壓力
압력
①두 물체(物體)의 접속(接續) 면(面) 또는 한 물체(物體) 속의 어느 단면(斷面)을 생각할 때 그 면을 경계(境界)로 양쪽 부분(部分)이 수직(垂直)으로 누르는 힘 　②권세(權勢) 따위로 누르는 힘
壓縮
압축
①눌러서 쭈그러뜨림 　②많은 내용(內容)을 간추려 요약(要略)함 　③스핑크스처럼, 둘 이상(以上)의 상이 합쳐져 내용(內容)이 축소(縮小)되는 일. 꿈이나 신화(神話), 정신(精神) 분열병자(分裂病者)의...
彈壓
탄압
①함부로 을러대고 억누름 　②지배(支配) 계급(階級)이 피지배(被支配) 계급(階級)에 대(對)하여 강권적으로 억누름 　③죄악(罪惡)을 밝히고 억누름


-----------------------------------
외면한채

*****DEFINITION*****
(있는 상태 그대로) 그는 숨진 채 발견되었다 He was found dead.

-----------------------------------
대항하다

*****DEFINITION*****
(군사) counter

-----------------------------------
