배반

*****DEFINITION*****
[명사] betrayal, treachery , [동사] betray
背反
背 背 bēi​   *背* | 背* | *背 variant of 背 揹
  背 bēi​   *背* | 背* | *背 to be burdened / to carry on the back or shoulder
  背 bèi​   *背* | 背* | *背 the back of a body or object / to turn one's back / to hide something from / to learn by heart / to recite from memory / unlucky (slang) / hard of hearing HSK 3
反 反 fǎn​   *反* | 反* | *反 contrary / in reverse / inside out or upside down / to reverse / to return / to oppose / opposite / against / anti- / to rebel / to use analogy / instead / abbr. for 反切 phonetic system
背
등 배,배반할 배 1. 등 2. 뒤 3. 집의 북쪽(北-) 4. 간괘(艮卦: 8괘의 하나) 5. 배자(褙子: 부녀자들이 저고리 위에 덧입는 옷) 6. 햇무리(해의 둘레에 둥글게 나타나는 빛깔이 있는 테두리) 7. 등지다, 등 뒤에 두다 8.... [부수]月(육달월) [총획]9획 [난이도]고등용, 읽기 4급II, 쓰기 3급II
背景
배경
①뒤의 경치(景致) 　②무대(舞臺)의 뒤쪽에 그리거나 꾸며놓은 장치(裝置) 　③그림이나 사진(寫眞) 따위에서 주요(主要) 제재(題材)의 뒤쪽 광경(光景) 　④문학(文學) 작품(作品)에서 주제(主題)를...
背馳
배치
반대(反對)로 되어 어긋남
違背
위배
약속(約束)한 바를 어김
背反
배반
신의(信義)를 등지고 저버림

反
돌이킬 반,돌아올 반,어려울 번,삼갈 판 1. 돌이키다 2. 돌아오다, 되돌아가다 3. 되풀이하다, 반복하다(反復--) 4. 뒤집다, 뒤엎다 5. 배반하다(背反ㆍ背叛--) 6. 어기다, 어긋나다 7. 반대하다(反對--) 8. 물러나다, 후퇴하다(後退--) 9. 보... [부수]又(또우) [총획]4획 [난이도]중학용, 읽기 6급II, 쓰기 5급II
反撥
반발
①되받아서 퉁김 　②반향하여 받아들이지 아니함 　③떨어진 시세(時勢)가 갑자기 오름
反對
반대
①두 사물(事物)이 맞서 있는 상태(狀態) 　②무엇에 맞서서 거스름 　③사물(事物)의 위치(位置)ㆍ방향(方向)ㆍ순서(順序) 따위가 정상(正常)이 아니고 거꾸로 됨, 또는 그러한 상태(狀態) 　④어떤 ...
反駁
반박
①남의 의견(意見)에 반대(反對)하여 논박(論駁)함 　②또는, 남에게서 받은 비난(非難) 공격(攻擊)에 대(對)하여 도리어 논란(論難)함
反映
반영
①반사(反射)하여 비침 　②어떤 영향(影響)을 받아 사실(事實)로 나타냄


-----------------------------------
일부

*****DEFINITION*****
(명사) part, portion, section 비용의 일부를 부담하다 bear a portion of the cost 2개 뜻 더보기 : (명사) part, portion, section
一部
一 一 yī​   *一* | 一* | *一 one / 1 / single / a (article) / as soon as / entire / whole / all / throughout / "one" radical in Chinese characters (Kangxi radical 1) / also pr. [yao1] for greater clarity when spelling out numbers digit by digit HSK 1
部 部 bù​   *部* | 部* | *部 ministry / department / section / part / division / troops / board / classifier for works of literature, films, machines etc
一
한 일 1. 하나, 일 2. 첫째, 첫번째 3. 오로지 4. 온, 전, 모든 5. 하나의, 한결같은 6. 다른, 또 하나의 7. 잠시(暫時), 한번 8. 좀, 약간(若干) 9. 만일(萬一) 10. 혹시(或時) 11. 어느 12. 같다, 동일하다(同一--) [부수]一(한일) [총획]1획 [난이도]중학용, 읽기 8급, 쓰기 6급II
一部
일부
①전체(全體)의 한 부분(部分) 　②한번
一般
일반
①한 모양(模樣) 　②같은 모양(模樣) 　③보통(普通) 　④특별(特別)히 정(定)한 어떤 일부(一部)가 아니라, 전체(全體)에 두루 해당(該當)되는 것
一旦
일단
①한번 　②일조(一朝)　③우선(于先) 잠깐
一定
일정
①하나로 고정(固定)되어 움직이지 않음. 변동(變動)이 없음. 　②어떤 기준(基準)에 의(依)해 범위(範圍)나 방향(方向) 따위가 정(定)해져 있음

部
떼 부,거느릴 부 1. 떼, 부락(部落), 집단(集團) 2. 마을, 관청(官廳) 3. 분류(分類), 구분(區分) 4. 분야(分野) 5. 부서(部署) 6. 지경(地境: 땅의 가장자리, 경계), 경계(經界) 7. 지역(地域), 구역(區域) 8. 곳, 장소(場所)... [부수]阝(우부방) [총획]11획 [난이도]중학용, 읽기 6급II, 쓰기 5급II
一部
일부
①전체(全體)의 한 부분(部分) 　②한번
部分
부분
전체(全體)를 몇으로 나눈 것의 하나하나
大部分
대부분
①반이 훨씬 넘는 수효(數爻)나 분량(分量) 　②거의 모두
部隊
부대
①어떤 일을 위(爲)해 똑같은 특징(特徵)을 지니고 한데 모인 사람들의 집단(集團) 　②하나의 단위(單位)를 이루는 군대(軍隊)의 조직(組織)


-----------------------------------
열심당원

*****DEFINITION*****
그녀는 매사에 열심이다 She is enthusiastic about everything.
熱心
热心 rè​xīn​   *热心* | 热心* | *热心 enthusiasm / zeal / zealous / zest / enthusiastic / ardent / warmhearted 熱心 HSK 5
熱
더울 열 1. 덥다, 따뜻하다 2. 더워지다, 타다 3. 태우다 4. 바쁘다, 성하다(盛--: 기운이나 세력이 한창 왕성하다) 5. 몸이 달다, 흥분하다(興奮--) 6. 친밀해지다(親密---) 7. 열(熱) 8. 더위, 더운 기운 9.... [부수]灬(연화발) [총획]15획 [난이도]중학용, 읽기 5급, 쓰기 4급
熱風
열풍
뜨거운 바람. 사막(沙漠) 따위에서 여름에 부는 뜨겁고 마른 바람
熱氣
열기
①뜨거운 기운(氣運) 　②높은 신열(身熱) 　③뜨겁게 가열(加熱)된 기체(氣體) 　④흥분(興奮)한 분위기(雰圍氣)
過熱
과열
①지나치게 뜨거워지는 것 　②(비유적(比喩的)으로 쓰여) 지나치게 활기를 띠는 것 　③(물리학(物理學)) 액체(液體)나 증기(蒸氣)를 끓게 하지 않고 끓는점 이상(以上)으로 데우는 것
加熱
가열
물체(物體)에 더운 기운(氣運)을 가함, 열(熱)을 가함

心
마음 심 1. 마음, 뜻, 의지(意志) 2. 생각 3. 염통, 심장(心臟) 4. 가슴 5. 근본(根本), 본성(本性) 6. 가운데, 중앙(中央), 중심(中心) 7. 도(道)의 본원(本源) 8. 꽃술, 꽃수염 9. 별자리 이름 10. 진수(眞修:... [부수]心(마음심) [총획]4획 [난이도]중학용, 읽기 7급, 쓰기 6급
核心
핵심
사물(事物)의 중심(中心)이 되는 중요(重要)한 부분(部分)
關心
관심
어떤 일이나 대상(對象)에 흥미(興味)를 가지고 마음을 쓰거나 알고 싶어하는 상태(狀態)
疑心
의심
①마음에 미심(未審)하게 여기는 생각 　②믿지 못하는 모양(模樣)
疑懼心
의구심
의심(疑心)하고 두려워하는 마음


-----------------------------------
침략

*****DEFINITION*****
invasion, aggression, invade 외국의 침략을 받다 be invaded[attacked] by a foreign country
侵略
侵略 qīn​lüè​   *侵略* | 侵略* | *侵略 invasion / encroachment HSK 5
侵
침노할 침 1. 침노하다(侵擄--: 불법으로 침범하다) 2. 범하다(犯--), 어기다 3. 엄습하다(掩襲--) 4. 흉년(凶年) 들다 5. 버리다 6. 초라하다, (용모가)추하다(醜--) 7. 차츰, 조금씩 8. 흉년(凶年) [부수]亻(사람인변) [총획]9획 [난이도]고등용, 읽기 4급II, 쓰기 3급II
侵害
침해
불법적(不法的)으로 남을 해(害)침
侵略
침략
남의 나라 땅을 침범(侵犯)하여 약탈(掠奪)함
侵犯
침범
남의 권리(權利), 재산(財産), 영토(領土) 따위를 침노(侵擄)하여 범함
侵掠
침략
침노(侵擄)하여 약탈(掠奪)하는 것

略
간략할 략,간략할 약,다스릴 략,다스릴 약 1. 간략하다(簡略--) 2. 생략하다 3. 다스리다 4. 경영하다(經營--) 5. 노략질하다(擄掠---) 6. 약탈하다(掠奪--) 7. 날카롭다 8. 돌다 9. 범하다(犯--) 10. 지경(地境: 땅의 가장자리, 경계) 11. 대강(大綱)... [부수]田(밭전) [총획]11획 [난이도]고등용, 읽기 4급, 쓰기 3급
戰略
전략
①전쟁(戰爭)의 방략(方略) 　②전쟁(戰爭)에 있어서 용병(用兵)의 지휘(指揮). 전지(戰地)에 있어서 군대(軍隊)의 운용(運用) 방법(方法) 　③정치(政治), 사회(社會) 운동(運動) 등(等)에서의 책략(策略)
侵略
침략
남의 나라 땅을 침범(侵犯)하여 약탈(掠奪)함
戰略的
전략적
적의 전쟁(戰爭) 행위(行爲)에 대항(對抗)하는, 군사(軍事) 상(上)의 대책(對策) 또는 행동(行動) 전반(全般)에 관(關)한 모양(模樣)
省略
생략
덜어서 줄임. 뺌


-----------------------------------
독립

*****DEFINITION*****
(자립) [명사] independence, [동사] become independent (of), stand on one's own feet 사법권의 독립 the independence of the judiciary 3개 뜻 더보기 : (자립) [명사] independence, [동사] become independent (of), stand on one's own feet
獨立
独立 dú​lì​   *独立* | 独立* | *独立 independent / independence / to stand alone 獨立 HSK 5
獨
홀로 독 1. 홀로, 혼자 2. 어찌 3. 다만, 오직 4. 장차(將次) 5. 어느 6. 그 7. 홀몸, 홀어미 8. 외로운 사람 9. 외발 사람, 월형(刖刑: 발꿈치를 베는 형벌)을 받은 사람 10. 외롭다 11. 전단하다(專斷--: 혼자... [부수]犭(개사슴록변) [총획]16획 [난이도]중학용, 읽기 5급II, 쓰기 4급II
獨逸
독일
중부(中部) 유럽을 차지하는 나라. 동쪽은 폴란드, 서쪽은 네덜란드ㆍ룩셈부르크ㆍ프랑스, 남쪽은 체코슬로바키아ㆍ오스트리아ㆍ스위스, 북쪽은 발트해ㆍ북해및 덴마크와 각각(各各) 접경함. 주민(住民)은...
獨島
독도
경북(慶北) 울릉군(鬱陵郡) 울릉읍(鬱陵邑) 독도리(獨島里)에 딸린 섬
單獨
단독
단 하나. 단 한 사람. 혼자
獨立
독립
①남의 힘을 입지 않고 홀로 섬 　②남의 속박(束縛)ㆍ지배(支配)를 받지 않음 　③한 나라나 단체(團體)가 대내(對內)ㆍ대외적(對外的)으로 완전(完全)한 주권(主權)을 행사(行使)하는 능력(能力)을 가짐...

立
설 립,설 입,자리 위 1. 서다, 멈추어 서다 2. 똑바로 서다 3. 확고(確固)히 서다 4. 이루어지다 5. 정해지다(定---) 6. 전해지다(傳---) 7. 임하다(臨--) 8. 즉위하다(卽位--) 9. 존재하다(存在--) 10. 출사하다(出仕--) 11.... [부수]立(설립) [총획]5획 [난이도]중학용, 읽기 7급II, 쓰기 6급
立春
입춘
24절기(節氣)의 첫째. 대한과 우수(雨水) 사이에 드는 데, 양력(陽曆) 2월 4일이나 5일이 됨. 이때부터 봄이 시작(始作)된다는 뜻임
立場
입장
①처하여 있는 사정(事情)이나 형편(形便) 　②지위(地位) 또는, 신분(身分)
立夏
입하
24절기(節氣)의 일곱째. 곡우(穀雨)와 소만(小滿) 사이에 드는 데, 양력(陽曆) 5월 5일이나 6일이 됨. 이때부터 여름이 시작(始作)된다는 뜻임
孤立
고립
①어떤 원인(原因)으로 어느 곳에서 다른 곳으로 가는 길이 막히거나 끊어지거나 하여 그곳을 벗어날 수 없는 상태(狀態)가 되는 것 　②남과 어울리지 못하고 외톨이가 되는 것


-----------------------------------
주장

*****DEFINITION*****
(의견) opinion; (고집) insistence, assertion, (formal) contention; (논점) argument; (근거가 없는) claim, insist, assert (that), argue, (formal) contend (that); (근거 없이) claim 타당한 주장 a rational argument
主張
主张 zhǔ​zhāng​   *主张* | 主张* | *主张 to advocate / to stand for / view / position / stand / proposition / viewpoint / assertion / CL: 個｜个 主張 HSK 5
主
임금 주,주인 주 1. 임금 2. 주인(主人), 임자, 소유주(所有主) 3. 우두머리 4. 상전(上典) 5. 여호와, 하느님, 알라(Allah) 6. 주체(主體) 7. 당사자(當事者), 관계자(關係者) 8. 결혼(結婚) 상대자(相對者) 9. 자신(自身)... [부수]丶(점주) [총획]5획 [난이도]중학용, 읽기 7급, 쓰기 6급
主張
주장
①자기(自己) 의견(意見)을 굳이 내세움 　②또는, 그 지설 　③주재(主宰)
主導
주도
주장(主將)이 되어 이끎
主要
주요
가장 소중(所重)하고 긴요(緊要)함
主宰
주재
①주장(主掌)하여 맡음 　②또는, 그 사람

張
베풀 장 1. 베풀다(일을 차리어 벌이다, 도와주어서 혜택을 받게 하다) 2. 어떤 일을 벌이다 3. 기세(氣勢)가 오르다 4. 세게 하다, 성(盛)하게 하다 5. 넓히다, 크게 하다 6. 크게 떠벌이다 7. 내밀다, 드러내다... [부수]弓(활궁) [총획]11획 [난이도]고등용, 읽기 4급, 쓰기 3급
主張
주장
①자기(自己) 의견(意見)을 굳이 내세움 　②또는, 그 지설 　③주재(主宰)
緊張
긴장
①마음을 다잡아 정신(精神)을 바짝 차리거나 몸이 굳어질 정도(程度)로 켕기는 일, 또는 그런 심리(心理) 상태(狀態) 　②곧 무슨 일이 터질 듯이 형편(形便)이나 분위기(雰圍氣) 따위가 예사(例事)롭지...
誇張
과장
사실(事實)보다 지나치게 떠벌려 나타냄
擴張
확장
늘이어서 넓게 함


-----------------------------------
규합하다

*****DEFINITION*****
rally, gather (together) 세력을 규합하다 gather forces
糾合
鸠合 jiū​hé​   *鸠合* | 鸠合* | *鸠合 variant of 糾合｜纠合 鳩合
纠合 jiū​hé​   *纠合* | 纠合* | *纠合 gathering / a get-together 糾合
糾
얽힐 규,삿갓 가뜬할 교 1. 얽히다 2. 꼬다 3. 모으다 4. 규명하다(糾明--) 5. 살피다 6. 고하다(告--) 7. 바로잡다 8. 들추어내다 9. 으르다(무서운 말이나 행동으로 위협하다) 10. 급하다(急--) 11. 어지럽다 a. 삿갓 가뜬하다... [부수]糸(실사) [총획]8획 [난이도]고등용, 읽기 3급, 쓰기 2급
糾明
규명
자세(仔細)히 캐고 따져 사실(事實)을 밝힘
紛糾
분규
일이 뒤얽혀 말썽이 많고 시끄러움
糾彈
규탄
잘못이나 허물을 잡아 내어 따지고 나무람
糾合
규합
어떤 일을 꾸미려고 세력(勢力)이나 사람 등(等)을 한데 끌어 모음

合
합할 합,쪽문 합,홉 홉 1. 합하다(合--) 2. 모으다 3. 맞다 4. 대답하다(對答--) 5. 만나다 6. 싸우다 7. 적합하다(適合--) 8. 짝 9. 합(그릇) 10. 홉(양을 되는 단위) 11. 쪽문 12. 협문(夾門: 대문이나 정문 옆에 있는 작은... [부수]口(입구) [총획]6획 [난이도]중학용, 읽기 6급, 쓰기 5급
合意
합의
①서로 뜻이 맞음 　②서로 의사(意思)가 합치(合致)하는 일. 계약(契約)의 성립(成立) 요건(要件)이 됨
統合
통합
①모두 합쳐서 하나로 모음. 둘 이상(以上)의 것을 하나로 모아서 다스림. 통일(統一) 　②아동(兒童) 및 학생(學生)의 생활(生活) 경험(經驗)을 중심(中心)으로 학습(學習)을 종합(綜合), 통일(統一)하는...
綜合
종합
①개개 별별(個個別別)의 것을 한데 모아 합(合)함. 총괄(總括) 　②변증법(辯證法)에서 상호(相互) 모순(矛盾)되는 정립(定立)과 반정립(反定立)을 지양(止揚)함 　③개개(個個)의 개념(槪念)이나 또는...
聯合
연합
①일정(一定)한 테두리 안에서 공동(共同) 목적(目的)으로 둘 이상(以上)의 개별적(個別的)인 단체(團體)나 조직체(組織體)가 아울러서 하나를 이룸 　②두 가지 이상(以上)의 사물(事物)이 합(合)하여...


-----------------------------------
나약하다

*****DEFINITION*****
weak, soft 나약한 행동 wimpish behavior
懦弱
懦弱 nuò​ruò​   *懦弱* | 懦弱* | *懦弱 cowardly / weak
懦
나약할 나,겁쟁이 유 1. 나약하다(懦弱ㆍ愞弱--), 여리다 2. 무기력하다(無氣力--) 3. 부드럽다, 유연하다(柔軟--) 4. 낮다, 낮아지다 5. 겁쟁이 a. 겁쟁이 (유) b. 나약하다(懦弱ㆍ愞弱--), 여리다 (유) c. 무기력하다(無氣力--)... [부수]忄(심방변) [총획]17획 [난이도]읽기 1급, 쓰기 특급
懦弱
나약
의지(意志)가 굳세지 못함
怯懦
겁나
겁이 많고 마음이 약(弱)함
懦怯
나겁
마음이 여리고 겁이 많음
懦夫
나부
①겁이 많은 사내. 겁부 　②게으른 사람

弱
약할 약 1. 약하다(弱--) 2. 약하게 만들다 3. 약해지다 4. 쇠해지다 5. 수가 모자라다 6. 잃다 7. 패하다(敗--) 8. 침노하다(侵擄--: 불법으로 침범하다) 9. 날씬하다 10. 젊다 11. 약한 자 [부수]弓(활궁) [총획]10획 [난이도]중학용, 읽기 6급II, 쓰기 5급II
脆弱
취약
①무르고 약함 　②가냘픔
懦弱
나약
의지(意志)가 굳세지 못함
弱者
약자
힘이나 기능(機能)이 약한 사람이나 생물(生物) 또는 집단(集團)
弱化
약화
①약하여짐 　②또는, 약하게 함


-----------------------------------
무기력

*****DEFINITION*****
[명사] lethargy, (formal) torpor, [형용사] lethargic 무기력 상태에 빠지다 become lethargic
無氣力
無 无 wú​   *无* | 无* | *无 not to have / no / none / not / to lack / un- / -less 無 HSK 4
氣力 气力 qì​lì​   *气力* | 气力* | *气力 strength / energy / vigor / talent 氣力
無
없을 무 1. 없다 2. 아니다(=非) 3. 아니하다(=不) 4. 말다, 금지하다(禁止--) 5. ~하지 않다 6. 따지지 아니하다 7. ~아니 하겠느냐? 8. 무시하다(無視--), 업신여기다 9. ~에 관계없이(關係--) 10. ~를 막론(莫論)하고... [부수]灬(연화발) [총획]12획 [난이도]중학용, 읽기 5급, 쓰기 4급
無視
무시
①존재(存在)나 있는 값어치를 알아주지 아니함 　②사람을 깔보거나 업신여김 　③눈여겨 보지 않음
無責任
무책임
①책임(責任)이 없음 　②책임감(責任感)이 없음
無條件
무조건
어떤 일을 함에 있어서 아무런 조건(條件)이 없음
無關
무관
관계(關係)가 없음

氣
기운 기,보낼 희 1. 기운(눈에는 보이지 않으나 오관(五官)으로 느껴지는 현상) 2. 기백(氣魄) 3. 기세(氣勢: 기운차게 뻗치는 형세) 4. 힘 5. 숨(공기를 들이마시고 내쉬는 기운) 6. 공기(空氣) 7. 냄새 8. 바람 9. 기후(氣候)... [부수]气(기운기엄) [총획]10획 [난이도]중학용, 읽기 7급II, 쓰기 6급
雰圍氣
분위기
①지구(地球)를 둘러 싸고 있는 기체(氣體), 대기(大氣), 공기(空氣) 　②어떤 환경(環境)이나 어떤 자리 등(等)에서 저절로 만들어져서 감도는 느낌 　③개인(個人)의 주위(周圍)의 상황(狀況), 환경(環境)
景氣
경기
①기업(企業)을 중심(中心)으로 한 여러 가지 경제(經濟) 사상(事象)의 상태(狀態). 호경기(好景氣), 과잉(過剩) 생산(生産), 공황(恐惶), 불경기(不景氣) 등(等)의 국면(局面)이 있음 　②물건(物件)의...
節氣
절기
한 해 동안을 24로 가른 철
感氣
감기
추위에 상하여 일어나는 호흡기(呼吸器) 계통(系統)의 염증성(炎症性) 질환(疾患). 코가 막히고 머리가 아프며 열(熱)이 오름

力
힘 력,힘 역 1. 힘 2. 하인(下人) 3. 일꾼, 인부(人夫) 4. 군사(軍士), 병사(兵士) 5. 힘쓰다, 부지런히 일하다 6. 심하다(甚--: 정도가 지나치다), 어렵다, 매우 힘들다 7. 힘주다 8. 있는 힘을 다하여, 애써 [부수]力(힘력) [총획]2획 [난이도]중학용, 읽기 7급II, 쓰기 6급
努力
노력
①힘을 씀, 힘을 다함 　②어떤 일을 이루기 위(爲)해 어려움이나 괴로움 등(等)을 이겨 내면서 애쓰거나 힘쓰는 것
能力
능력
①일을 감당(堪當)하거나 해결(解決)해 낼 수 있는 힘 　②어떤 일에 대(對)하여 요구(要求)되고 적당(適當)하다고 인정(認定)되는 자격(資格)
勢力
세력
①권력(權力)이나 기세(氣勢)의 힘 　②일을 하는데 필요(必要)한 힘
壓力
압력
①두 물체(物體)의 접속(接續) 면(面) 또는 한 물체(物體) 속의 어느 단면(斷面)을 생각할 때 그 면을 경계(境界)로 양쪽 부분(部分)이 수직(垂直)으로 누르는 힘 　②권세(權勢) 따위로 누르는 힘


-----------------------------------
갈등

*****DEFINITION*****
[명사] conflict, (formal) strife, (formal) discord, (formal) dissension; (반목) feud 내면의 갈등 inner conflicts
葛藤
葛藤 gé​téng​   *葛藤* | 葛藤* | *葛藤 tangle of vines / fig. complications
葛
칡 갈 1. 칡(콩과의 낙엽 활엽 덩굴성 식물) 2. 갈포(葛布: 칡 섬유로 짠 베) 3. 나라의 이름 4. 성(姓)의 하나 5. (가리어)덮다 [부수]艹(초두머리) [총획]13획 [난이도]읽기 2급, 쓰기 1급
諸葛亮
제갈량
(181∼234) 중국(中國) 삼국(三國) 시대(時代) 촉한(蜀漢)의 정치가(政治家). 자는 공명(孔明), 뛰어난 전략가(戰略家)로, 원래(原來) 南陽(남양) 땅에 은거(隱居)하고 있었는데, 유비(劉備)의 삼고 초...
葛根
갈근
칡의 뿌리. 갈증(渴症)ㆍ두통(頭痛)ㆍ요통ㆍ항강증(項强症) 및 상한(傷寒) 등(等)에 발한(發汗)ㆍ해열제(解熱劑)로 쓰이며 갈분으로 하여 복용(服用)함
藤葛
등갈
☞ 갈등(葛藤)
南陽葛
남양갈
갈형(葛瀅). 고려(高麗) 고종(高宗: 제 23대 왕, 재위(在位) 기간(期間) ; 1214 ~ 1259) 때의 인물(人物)이며, 『칠원제씨족보(漆原諸氏族譜)』에는 이들 홍(泓)과 형(瀅)의 형제(兄弟)가 고려(高麗) 현종(顯宗)...

藤
등나무 등 1. 등나무(藤--: 콩과의 낙엽 덩굴성 식물) 2. 덩굴 3. 지팡이 [부수]艹(초두머리) [총획]19획 [난이도]읽기 2급, 쓰기 1급
藤葛
등갈
☞ 갈등(葛藤)
石南藤
석남등
마가목. 장미과의 낙엽(落葉) 활엽(闊葉) 교목(喬木)
常春藤
상춘등
①댕댕이덩굴. 새모래덩굴과의 여러해살이 덩굴풀 　②송악. 두릅나뭇과의 상록(常綠) 활엽(闊葉) 덩굴성 식물(植物)
長春藤
장춘등
담쟁이덩굴


-----------------------------------
복합

*****DEFINITION*****
복합적 complex
複合
复合 fù​hé​   *复合* | 复合* | *复合 complex / compound / composite / hybrid 複合
複
겹칠 복,겹칠 부 1. 겹치다 2. 거듭되다 3. 겹옷 4. 겹 5. 솜옷 a. 겹치다 (부) b. 거듭되다 (부) [부수]衤(옷의변) [총획]14획 [난이도]고등용, 읽기 4급, 쓰기 3급
複雜
복잡
①여럿이 겹치고 뒤섞여 있음 　②복작거리어 번거롭고 혼잡(混雜)스러움 　③마음, 생각 등(等)이 뒤숭숭하고 어수선함 　④일이나 물건(物件)의 갈피가 뒤섞여 어수선함
重複
중복
①같은 것이 두 번 이상(以上) 겹침 　②거듭함 　③덧포개짐
複製
복제
그대로 본떠서 만듦
複數
복수
①두 자리 이상(以上)의 수 　②명사(名詞)나 대명사(代名詞)가 가리키는 사물(事物)이 둘 이상임을 나타내는 말

合
합할 합,쪽문 합,홉 홉 1. 합하다(合--) 2. 모으다 3. 맞다 4. 대답하다(對答--) 5. 만나다 6. 싸우다 7. 적합하다(適合--) 8. 짝 9. 합(그릇) 10. 홉(양을 되는 단위) 11. 쪽문 12. 협문(夾門: 대문이나 정문 옆에 있는 작은... [부수]口(입구) [총획]6획 [난이도]중학용, 읽기 6급, 쓰기 5급
合意
합의
①서로 뜻이 맞음 　②서로 의사(意思)가 합치(合致)하는 일. 계약(契約)의 성립(成立) 요건(要件)이 됨
統合
통합
①모두 합쳐서 하나로 모음. 둘 이상(以上)의 것을 하나로 모아서 다스림. 통일(統一) 　②아동(兒童) 및 학생(學生)의 생활(生活) 경험(經驗)을 중심(中心)으로 학습(學習)을 종합(綜合), 통일(統一)하는...
綜合
종합
①개개 별별(個個別別)의 것을 한데 모아 합(合)함. 총괄(總括) 　②변증법(辯證法)에서 상호(相互) 모순(矛盾)되는 정립(定立)과 반정립(反定立)을 지양(止揚)함 　③개개(個個)의 개념(槪念)이나 또는...
聯合
연합
①일정(一定)한 테두리 안에서 공동(共同) 목적(目的)으로 둘 이상(以上)의 개별적(個別的)인 단체(團體)나 조직체(組織體)가 아울러서 하나를 이룸 　②두 가지 이상(以上)의 사물(事物)이 합(合)하여...


-----------------------------------
결합하다

*****DEFINITION*****
(물체의) [명사] combination, union, fusion, [동사] combine, unite A를 B와 결합하다 combine A with B 2개 뜻 더보기 : (물체의) [명사] combination, union, fusion, [동사] combine, unite
結合
结合 jié​hé​   *结合* | 结合* | *结合 to combine / to link / to integrate / binding / CL: 次 結合 HSK 5
結
맺을 결,상투 계 1. 맺다 2. 모으다 3. 묶다, 매다 4. 꾸미다, 짓다 5. 다지다, 단단히 하다 6. 엇걸리게 하다 7. 굽다, 구부러지다 8. 굽히다, 구부리다 9. 막다, 못하게 하다 10. 엉기다(한 덩어리가 되면서 굳어지다)... [부수]糸(실사) [총획]12획 [난이도]중학용, 읽기 5급II, 쓰기 4급II
結果
결과
①어떤 원인(原因)으로 인(因)하여 이루어진 결말 　②과일이 열매를 맺음
結局
결국
①일의 끝장 혹은 일의 귀결(歸結)되는 마당을 뜻함 　②(부사(副詞)로 쓰이어)끝장에 이르러서
締結
체결
①얽어서 맴 　②계약(契約)이나 조약(條約) 등(等)을 맺음
妥結
타결
두 편이 서로 좋도록 협의(協議)ㆍ절충(折衝)하여 일을 마무름. 또는, 그 일

合
합할 합,쪽문 합,홉 홉 1. 합하다(合--) 2. 모으다 3. 맞다 4. 대답하다(對答--) 5. 만나다 6. 싸우다 7. 적합하다(適合--) 8. 짝 9. 합(그릇) 10. 홉(양을 되는 단위) 11. 쪽문 12. 협문(夾門: 대문이나 정문 옆에 있는 작은... [부수]口(입구) [총획]6획 [난이도]중학용, 읽기 6급, 쓰기 5급
合意
합의
①서로 뜻이 맞음 　②서로 의사(意思)가 합치(合致)하는 일. 계약(契約)의 성립(成立) 요건(要件)이 됨
統合
통합
①모두 합쳐서 하나로 모음. 둘 이상(以上)의 것을 하나로 모아서 다스림. 통일(統一) 　②아동(兒童) 및 학생(學生)의 생활(生活) 경험(經驗)을 중심(中心)으로 학습(學習)을 종합(綜合), 통일(統一)하는...
綜合
종합
①개개 별별(個個別別)의 것을 한데 모아 합(合)함. 총괄(總括) 　②변증법(辯證法)에서 상호(相互) 모순(矛盾)되는 정립(定立)과 반정립(反定立)을 지양(止揚)함 　③개개(個個)의 개념(槪念)이나 또는...
聯合
연합
①일정(一定)한 테두리 안에서 공동(共同) 목적(目的)으로 둘 이상(以上)의 개별적(個別的)인 단체(團體)나 조직체(組織體)가 아울러서 하나를 이룸 　②두 가지 이상(以上)의 사물(事物)이 합(合)하여...


-----------------------------------
견해

*****DEFINITION*****
view (on/about), opinion (on/about/of), point of view 견해차를 보이다 show different opinions[views]
見解
见解 jiàn​jiě​   *见解* | 见解* | *见解 opinion / view / understanding 見解 HSK 6
見
볼 견,뵈올 현 1. 보다 2. 보이다 3. 당하다(當--) 4. 견해(見解) a. 뵙다 (현) b. 나타나다 (현) c. 드러나다 (현) d. 보이다 (현) e. 소개하다(紹介--) (현) f. 만나다 (현) g. 현재 (현) h. 지금 (현) [부수]見(볼견) [총획]7획 [난이도]중학용, 읽기 5급II, 쓰기 4급II
意見
의견
마음에 생각하는 점(點)
發見
발견
미처 찾아내지 못하였거나 알려지지 아니한 것을 찾아냄
見解
견해
①보고서 깨달아 앎 　②자기(自己)의 보는 바 　③자기(自己) 의견(意見)으로서의 해석(解釋)
偏見
편견
공정(公正)하지 못하고 한쪽으로 치우친 생각

解
풀 해 1. 풀다, 벗다, 깨닫다, 설명하다(說明--) 2. 풀이하다 3. 깨닫다 4. 통달하다(通達--) 5. 가르다, 분할하다(分割--), 떼어내다 6. 느슨해지다 7. 떨어지다, 빠지다 8. 벗기다 9. 흩어지다, 떠나가다 10.... [부수]角(뿔각) [총획]13획 [난이도]중학용, 읽기 4급II, 쓰기 3급II
解決
해결
①얽힌 일을 풀어 처리(處理)함 　②문제(問題)를 풀어서 결말(結末)을 지음 　③안어울림음을 어울림음으로 이끄는 일 따위
理解
이해
①사리(事理)를 분별(分別)하여 해석(解釋)함 　②깨달아 알아들음
解消
해소
어떤 상태(狀態)나 관계(關係)를 풀어 없앰
解弛
해이
마음의 긴장(緊張), 규율(規律) 등(等)이 풀리어 느즈러짐


-----------------------------------
대조

*****DEFINITION*****
(비교하다) [동사] compare (sth with/to sth), check (sth against/with sth) 그것을 원본과 대조해 보세요 Check it against the original. 2개 뜻 더보기 : (비교하다) [동사] compare (sth with/to sth), check (sth against/with sth)
對照
对照 duì​zhào​   *对照* | 对照* | *对照 to contrast / to compare / to place side by side for comparison (as parallel texts) / to check 對照 HSK 6
對
대할 대 1. 대하다(對--), 마주하다 2. 대답하다(對答--) 3. 대조하다(對照--), 맞추어 보다 4. 상대, 맞수 5. 짝, 배우자(配偶者) 6. 대구(對句) 7. 벌(옷을 세는 단위) 8. 쌍(두 짝으로 이루어 진 것의 단위)... [부수]寸(마디촌) [총획]14획 [난이도]중학용, 읽기 6급II, 쓰기 5급II
對策
대책
①어떤 사건(事件) 또는 시국(時局)에 대(對)한 방책(方策) 　②상대방(相對方)의 태도(態度)나 술책(術策)에 응(應)하는 방책(方策) 　③귀현(貴顯)한 사람의 순문(詢問)에 대답(對答)하는 책문(策文)
對象
대상
사람이 어떤 행위(行爲)를 할 때, 그 목적(目的)이 되는 사물(事物)이나 상대(相對)가 되는 사람
對應
대응
①마주 대함 　②상대(相對)함 　③서로 같음. 상등(相等)함 　④상대(相對)에 응(應)하여 수작함 　⑤합동(合同)되는 도형(圖形)의 서로 같은 점ㆍ변ㆍ면 또는 대칭(對稱)되는 두 도형(圖形)에서 서로...
反對
반대
①두 사물(事物)이 맞서 있는 상태(狀態) 　②무엇에 맞서서 거스름 　③사물(事物)의 위치(位置)ㆍ방향(方向)ㆍ순서(順序) 따위가 정상(正常)이 아니고 거꾸로 됨, 또는 그러한 상태(狀態) 　④어떤 ...

照
비칠 조 1. 비치다 2. 비추다 3. 밝다, 환하다 4. 견주어 보다 5. 대조하다(對照--) 6. 알리다 7. 빛, 햇빛 8. 영상 9. 거울 10. 증서(證書) 11. 증거(證據) [부수]灬(연화발) [총획]13획 [난이도]고등용, 읽기 3급II, 쓰기 2급
照會
조회
단체(團體)ㆍ기관(機關) 따위에서, 어떤 사람의 인적(人的) 사항(事項) 따위를 관계(關係) 기관(機關)에 알아보는 것
照明
조명
①빛으로 밝게 비추는 것. 또는, 그 빛 　②(연극(演劇)) 무대(舞臺) 효과(效果)나 촬영(撮影) 효과(效果)를 높이기 위(爲)하여 광선(光線)을 비추는 일. 또는, 그 빛. 인공(人工) 조명(照明) 　③(어떤...
可照時間
가조시간
해가 돋는 때부터 지는 때까지의 시간(時間)
參照
참조
참고(參考)로 맞대 봄


-----------------------------------
인물

*****DEFINITION*****
(사람) person; (소설·영화 등의) character; (중요한) (prominent/important) figure, (formal) personage 역사적 인물 a historical figure 3개 뜻 더보기 : (사람) person; (소설·영화 등의) character; (중요한) (prominent/important) figure, (formal) personage
人物
人物 rén​wù​   *人物* | 人物* | *人物 person / character (in a play, novel etc) / protagonist / CL: 個｜个 HSK 5
人
사람 인 1. 사람, 인간(人間) 2. 다른 사람, 타인(他人), 남 3. 딴 사람 4. 그 사람 5. 남자(男子) 6. 어른, 성인(成人) 7. 백성(百姓) 8. 인격(人格) 9. 낯, 체면(體面), 명예(名譽) 10. 사람의 품성(稟性), 사람됨... [부수]人(사람인) [총획]2획 [난이도]중학용, 읽기 8급, 쓰기 6급II
個人
개인
①국가(國家)나 사회(社會)에 대(對)하여 이를 구성(構成)하는 하나하나의 사람 　②한 사람 한 사람 　③각자
人物
인물
①사람 　②뛰어난 사람. 인재(人材) 　③사람의 얼굴 모양(模樣) 　④사람의 됨됨이. 인품(人品)
人事
인사
①안부(安否)를 묻거나 공경(恭敬)의 뜻을 표(表)하는 일 　②받은 은혜(恩惠)에 대(對)하여 갚거나 치하(致賀)하는 일 　③서로 알지 못하던 사람끼리 성명(姓名)을 통(通)하여 자기(自己)를 소개(紹介)하는...
人權
인권
사람으로서의 권리(權利)

物
물건 물 1. 물건(物件) 2. 만물(萬物) 3. 사물(事物) 4. 일, 사무(事務) 5. 재물(財物) 6. 종류(種類) 7. 색깔 8. 기(旗) 9. 활 쏘는 자리 10. 얼룩소 11. 사람 12. 보다 13. 살피다, 변별하다 14. 헤아리다, ... [부수]牛(소우) [총획]8획 [난이도]중학용, 읽기 7급II, 쓰기 6급
物件
물건
①사람이 필요(必要)에 따라 만들어 내거나 가공(加工)하여 어떤 목적(目的)으로 이용(利用)하는, 들고 다닐 만한 크기의 일정(一定)한 형태(形態)를 가진 대상(對象). 물품(物品) 　②매매(賣買)나 거래(去來)의...
人物
인물
①사람 　②뛰어난 사람. 인재(人材) 　③사람의 얼굴 모양(模樣) 　④사람의 됨됨이. 인품(人品)
物質
물질
①물건(物件)의 본바탕 　②인간(人間) 의식(意識)으로부터 독립(獨立)된 고체(固體), 액체(液體), 기체(氣體) 상태(狀態)의 모든 것 　③재산(財産), 재물(財物)의 뜻
膳物
선물
남에게 선사(膳賜)로 주는 물품(物品)


-----------------------------------
세리

*****DEFINITION*****
a tax collector, a revenue officer
稅吏
稅 税 shuì​   *税* | 税* | *税 taxes / duties 稅 HSK 5
吏 吏 lì​   *吏* | 吏* | *吏 minor government official or functionary (old)
稅
세금 세,벗을 탈,기뻐할 열,수의 수,추복 입을 태 1. 세금(稅金) 2. 구실(온갖 세납을 통틀어 이르던 말) 3. 놓다 4. 거두다 a. 벗다 (탈) b. 기뻐하다 (열) c. 수의(壽衣)(를 입다) (수) d. 추복(追服: 당상(當喪)한 일을 늦게 알고 그때부터 복을 입는... [부수]禾(벼화) [총획]12획 [난이도]중학용, 읽기 4급II, 쓰기 3급II
稅金
세금
①조세(租稅)로서의 돈 　②조세(租稅)로 바치는 돈
租稅
조세
국가(國家) 또는 지방공공단체(地方公共團體)가 그 필요(必要)한 경비(經費)를 쓰기 위(爲)하여 그 관내(管內)의 국민(國民)으로부터 받아 들이는 수입(收入), 세금(稅金)
稅制
세제
세무(稅務)에 관(關)한 제도(制度)
課稅
과세
세금(稅金)을 매김

吏
벼슬아치 리,벼슬아치 이,관리 리,관리 이 1. 벼슬아치 2. 관리(官吏) 3. 아전(衙前: 조선 시대(時代)에, 중앙과 지방의 관아에 속한 구실아치) 4. 벼슬 살이를 하다 [부수]口(입구) [총획]6획 [난이도]고등용, 읽기 3급II, 쓰기 2급
官吏
관리
①국가공무원(國家公務員) 　②벼슬아치 　③관직(官職)에 있는 사람
吏讀
이두
우리말을 한자(漢字)를 빌려 표기(表記)하던 방법(方法)의 하나. 문장(文章) 배열(配列)은 우리말 어순으로 하되, 조사(助詞)ㆍ어미(語尾)ㆍ부사, 기타 특수(特殊)한 용어(用語)를 한자(漢字)의 훈과 음(音)을...
吏頭
이두
삼국(三國) 시대(時代)부터 한자(漢字)의 음과 뜻을 빌어서 우리말을 표기(表記)하던 방법(方法)의 하나. 신라(新羅)의 설총(薛聰)이 처음 지었다는 기록(記錄)이 있으나 확실(確實)치 아니함
胥吏
서리
중앙(中央)과 지방(地方) 관아(官衙)에 속하여 말단의 행정(行政) 실무(實務)에 종사(從事)하는 하급(下級) 관리(官吏)


-----------------------------------
조치

*****DEFINITION*****
action, measure, step , take action (to), take measures (to), take steps (to) 법적 조치를 취하다 take legal action[steps] (against)
措置
措置 cuò​zhì​   *措置* | 措置* | *措置 to handle / to arrange
措
둘 조,섞을 착,잡을 책,찌를 척 1. 두다 2. 놓다 3. 처리하다(處理--), 조처하다 4. 베풀다(일을 차리어 벌이다, 도와주어서 혜택을 받게 하다) 5. 그만두다, 하던 일을 버리다 6. 행동거지(行動擧止: 몸을 움직여 하는 모든 짓) 7. 가난한... [부수]扌(재방변) [총획]11획 [난이도]읽기 2급, 쓰기 1급
措置
조치
일을 잘 정돈(整頓)하여 처치(處置)함
措處
조처
일을 정돈(整頓)하여 처리(處理)함
擧措
거조
☞ 행동거지(行動擧止)
罔措
망조
☞ 망지소조(罔知所措)

置
둘 치 1. 두다, 배치하다(配置--) 2. 내버려 두다 3. 버리다, 폐기하다(廢棄--) 4. 사면하다(赦免--), 석방하다(釋放--) 5. 베풀다(일을 차리어 벌이다, 도와주어서 혜택을 받게 하다), 차려 놓다 6. 세우다,... [부수]罒(그물망머리) [총획]13획 [난이도]고등용, 읽기 4급II, 쓰기 3급II
措置
조치
일을 잘 정돈(整頓)하여 처치(處置)함
設置
설치
①(어떤 기계(機械)나 장치(裝置) 등(等)을 어느 곳에) 달거나 매거나 붙이거나 하여 놓아두는 것 　②(어떤 단체(團體)나 기관(機關)에 특정(特定)한 목적(目的)의 기구(機構)나 조직(組織)이나 건물(建物)...
裝置
장치
①차리어 둠. 어떤 목적(目的)에 따라서 기능(機能)을 발휘(發揮)할 수 있도록 기계(機械)나 도구(道具)를 그 장소(場所)에 정착시키는 것. 또는, 그 기계(機械)ㆍ도구(道具)ㆍ설비(設備) 　②만들어 둠...
放置
방치
그대로 내버려 둠


-----------------------------------
갑절

*****DEFINITION*****
남보다 갑절 열심히 일하다 work twice as hard as others

-----------------------------------
절반

*****DEFINITION*****
half (halves) 절반으로 나누다 divide sth in half
折半
折半 zhé​bàn​   *折半* | 折半* | *折半 to reduce by fifty percent / half-price
折
꺾을 절,천천히 할 제 1. 꺾다 2. 값을 깎다, 할인하다(割引--) 3. 꺾이다, 부러지다 4. 타협하다(妥協--) 5. 결단하다(決斷--), 판단하다(判斷--) 6. 꾸짖다 7. 따지다, 힐난하다(詰難--), 헐뜯다 8. 자르다, 쪼개다 9. 찢다... [부수]扌(재방변) [총획]7획 [난이도]고등용, 읽기 4급, 쓰기 3급
折半
절반
①하나를 둘로 똑같이 나눔. 일반(一半)　②또는, 그 반(半)
挫折
좌절
마음과 기운(氣運)이 꺾임
折衷
절충
어느 편으로 치우치지 않고 이것과 저것을 취사(取捨)하여 그 알맞은 것을 얻음
折衝
절충
적의 창끝을 꺾어 막는다는 뜻에서, 　외교(外交), 기타의 교섭(交涉)에서 담판(談判)하거나 흥정하는 일

半
반 반 1. 반, 절반(折半) 2. 가운데 3. 한창, 절정, 가장 4. 반신불수(半身不隨) 5. 조각, 떨어진 한 부분(部分) 6. 가장 7. 똑같이 둘로 나누다 8. 반쪽을 내다 [부수]十(열십) [총획]5획 [난이도]중학용, 읽기 6급II, 쓰기 5급II
折半
절반
①하나를 둘로 똑같이 나눔. 일반(一半)　②또는, 그 반(半)
韓半島
한반도
＇우리나라＇를 지형적(地形的)으로 일컫는 말
半導體
반도체
규소(硅素)나 게르마늄 따위처럼, 낮은 온도(溫度)에서는 거의 전기(電氣)를 통(通)하지 않으나 열(熱)을 받음에 따라 전기(電氣)를 잘 통(通)하는 물질(物質). 정류기(整流器), 트랜지스터 등(等) 중요(重要)한...
上半期
상반기
한 해나 어떤 일정(一定)한 기간(期間)을 둘로 나눈 그 앞의 반 동안


-----------------------------------
선언

*****DEFINITION*****
announcement, declaration, proclamation, pronouncement, announce, declare, proclaim, pronounce 드디어 종전이 선언되었다 At last, the end of war was declared.
宣言
宣言 xuān​yán​   *宣言* | 宣言* | *宣言 declaration / manifesto
宣
베풀 선 1. 베풀다(일을 차리어 벌이다, 도와주어서 혜택을 받게 하다), (은혜 따위를)끼치어 주다 2. 널리 펴다 3. 떨치다, 발양하다(發揚--) 4. 밝히다 5. 임금이 말하다, (임금이)하교(下敎)를 내리다 6. 머리가... [부수]宀(갓머리) [총획]9획 [난이도]고등용, 읽기 4급, 쓰기 3급
宣言
선언
①어떤나라가 다른 나라에 대(對)하여 행(行)하는 일방적(一方的)인 의사(意思) 표시(表示)　②나라와 나라 사이, 사회(社會) 집단(集團) 사이 또는 개인(個人) 상호(相互) 간(間)의 결정(決定)을 대외...
宣傳
선전
사상(思想), 이론(理論), 지식(知識) 또는 사실(事實) 등(等)을 대중(大衆)에게 널리 인식(認識)시키는 일
宣告
선고
①선언(宣言)하여 널리 알림 　②소송법(訴訟法) 상(上) 공판정(公判廷)에서 재판장(裁判長)이 판결(判決)을 알림
宣布
선포
세상(世上)에 널리 펴 알림

言
말씀 언,화기애애할 은 1. 말씀, 말 2. 견해(見解), 의견(意見) 3. 글 4. 언론(言論) 5. 맹세(盟誓)의 말 6. 호령(號令) 7. 하소연(딱한 사정 따위를 간곡히 호소함) 8. 건의(建議), 계책(計策) 9. 허물, 잘못 10. 혐극(嫌隙:... [부수]言(말씀언) [총획]7획 [난이도]중학용, 읽기 6급, 쓰기 5급
言論
언론
①말로나 글로써 자기(自己)의 의사(意思)를 발표(發表)하는 일 　②또는, 그 말이나 글
宣言
선언
①어떤나라가 다른 나라에 대(對)하여 행(行)하는 일방적(一方的)인 의사(意思) 표시(表示)　②나라와 나라 사이, 사회(社會) 집단(集團) 사이 또는 개인(個人) 상호(相互) 간(間)의 결정(決定)을 대외...
發言
발언
①의견(意見)을 나타내는 말 　②의견(意見)으로 말을 함　③말을 꺼냄
言及
언급
①어떤 일과 관련(關聯)하여 말함 　②말이 어떤 문제(問題)에 미침


-----------------------------------
열등

*****DEFINITION*****
[명사] inferiority, [형용사] inferior (to) 나는 항상 그녀보다 열등하다고 느꼈다 I always felt inferior to her.
劣等
劣 劣 liè​   *劣* | 劣* | *劣 inferior
等 等 děng​   *等* | 等* | *等 class / rank / grade / equal to / same as / to wait for / to await / et cetera / and so on / et al. (and other authors) / after / as soon as / once HSK 2
劣
못할 렬,못할 열 1. 못하다, 어느 정도에 미치지 않는다, 남보다 뒤떨어지다 2. 졸렬하다(拙劣--) 3. 용렬하다(庸劣--) 4. (수준, 정도, 지위 등이)낮다 5. (힘, 마음 등이)약하다(弱--) 6. 힘이 모자라다 7. 적다, 많지... [부수]力(힘력) [총획]6획 [난이도]고등용, 읽기 3급, 쓰기 2급
優劣
우열
우수(優秀)함과 열등(劣等)함
劣惡
열악
품질(品質)ㆍ능력(能力) 따위가 몹시 떨어지고 나쁨
卑劣
비열
①성품(性品)이나 하는 짓이 천하고 용렬(庸劣)함 　②사람 됨됨이가 못나고 어리석으며 지저분함
劣等感
열등감
자기(自己)를 남보다 못하거나 무가치(無價値)하게 낮추어 평가(評價)하는 생각

等
무리 등 1. 무리(모여서 뭉친 한 동아리), 부류(部類) 2. 등급(等級), 계급(階級) 3. 순위 4. 계단(階段) 5. 저울 6. 분기(分期: 일 년을 4등분 한 3개월씩의 기간) 7. 따위 8. 같은 또래 9. 통틀어 10. 같다 11.... [부수]竹(대죽) [총획]12획 [난이도]중학용, 읽기 6급II, 쓰기 5급II
初等學校
초등학교
학령 아동(學齡兒童)에게 국민(國民) 생활(生活)에 필요(必要)한 기초적(基礎的)인 초등(初等) 보통(普通) 교육(敎育)을 실시(實施)하는 교육(敎育) 기관(機關). 현재(現在) 의무(義務) 교육(敎育)으로...
等級
등급
①신분(身分)ㆍ값ㆍ품질(品質) 등(等)의 높고 낮음의 차례(次例)를 분별(分別)한 층수 　②또는, 위아래를 구별(區別)한 등수 　③별빛의 강도(强度)를 구별(區別)하는 계급(階級). 육안(肉眼)으로 보이는...
平等
평등
①차별(差別)이 없이 동등(同等)한 등급(等級) 　②치우침이 없이 고르고 한결같음. 두루 미쳐 차별(差別)이 없음
劣等感
열등감
자기(自己)를 남보다 못하거나 무가치(無價値)하게 낮추어 평가(評價)하는 생각


-----------------------------------
직시

*****DEFINITION*****
직시하다 look squarely[straight, full and square] (on) , look 《a person》 face to face, look 《a person, a thing, a fact》 in the eye 사태를 직시하다 face[envisage] a matter squarely
直視
直视 zhí​shì​   *直视* | 直视* | *直视 to look straight at 直視
直
곧을 직,값 치 1. 곧다, 굳세다 2. 바르다, 옳다 3. 굽지 아니하다 4. 기울지 아니하다 5. 부정(不正)이 없다, 사(私)가 없다 6. 펴다, 곧게 하다 7. 꾸미지 아니하다 8. 온순하다(溫順--) 9. 억울함을 씻다 10. 당하다(當--),... [부수]目(눈목) [총획]8획 [난이도]중학용, 읽기 7급II, 쓰기 6급
直接
직접
중간(中間)에 매개(媒介)나 거리(距離)ㆍ간격(間隔)이 없이 바로 접함
率直
솔직
거짓으로 꾸미거나 숨김이 없이 바르고 곧음
直接的
직접적
직접(直接)으로 하거나 되는 (것)
正直
정직
거짓이나 꾸밈이 없이 성품(性品)이 바르고 곧음

視
볼 시 1. 보다 2. 엿보다 3. 보이다 4. 간주하다(看做--) 5. 맡아보다 6. 본받다 7. 성(姓)의 하나 [부수]見(볼견) [총획]12획 [난이도]중학용, 읽기 4급II, 쓰기 3급II
無視
무시
①존재(存在)나 있는 값어치를 알아주지 아니함 　②사람을 깔보거나 업신여김 　③눈여겨 보지 않음
監視
감시
①경계(警戒)하기 위(爲)하여 미리 감독(監督)하고 살피어 봄 　②주의(注意)하여 지킴
視角
시각
①보고 있는 물체(物體)의 양 끝에서 눈에 이르는 두 직선(直線)이 이루는 각 　②무엇을 보는 각도(角度). 보거나 생각하는 방향(方向)
視覺
시각
①빛의 자극(刺戟)을 받아 눈으로 느끼는 것 　②눈의 감각(感覺)


-----------------------------------
