선척

*****DEFINITION*****
(금) line 자를 대고 선을 긋다 rule a line 5개 뜻 더보기 : (금) line
線
線
줄 선 1. 줄(무엇을 묶거나 동이는 데에 쓸 수 있는 가늘고 긴 물건) 2. 선(線) 3. 실 4. (사상적, 정치적)노선(路線) 5. 교통(交通) 노선(路線) 6. 경계선(境界線) 7. 단서(端緖) 8. 실마리 9. 범위(範圍) 10.... [부수]糸(실사) [총획]15획 [난이도]중학용, 읽기 6급II, 쓰기 5급II
混線
혼선
①말이나 일 따위의 갈래가 얽혀 종잡을 수 없음 　②전신(電信), 전화(電話), 전파(電波) 따위가 여러 가지 작용(作用)에 의(依)해 엉클어지거나 방해(妨害)를 받는 일 　③줄이 갈피를 잡을 수 없게...
路線
노선
①버스ㆍ기차(汽車)ㆍ항공기(航空機) 따위가 정(定)해 놓고 다니도록 되어 있는 길 　②어느 지점(地點)에서 다른 지점(地點)에 이르는 도로(道路)나 선로(線路) 따위 　③개인(個人)이나 조직(組織)ㆍ단체(團體)...
戰線
전선
①전쟁(戰爭)에서 바로 전쟁(戰爭)이 행(行)해지는 지역(地域) 　②한 사령관(司令官)의 지휘(指揮) 밑에 군대(軍隊)의 집단(集團)이 작전(作戰)하는 지역(地域) 　③일정(一定)한 활동(活動)의 분야(分野)를...
視線
시선
①눈이 가는 방향(方向) 　②눈동자의 중심점(中心點)과 외계(外界)의 주시점(注視點)과를 잇는 직선(直線) 　③주의(注意)나 관심(關心)


-----------------------------------
왕래

*****DEFINITION*****
(오고 감) 이곳은 사람들의 왕래가 잦아 늘 붐빈다 This place is always crowded with people coming and going. 2개 뜻 더보기 : (오고 감)
往來
往
갈 왕 1. 가다 2. (물품을)보내다, 보내 주다 3. 향하다(向--) 4. 과거(過去) 5. 옛날, 이미 지나간 일 6. 이따금 7. 일찍 8. 언제나 9. 뒤, 이후(以後) [부수]彳(두인변) [총획]8획 [난이도]중학용, 읽기 4급II, 쓰기 3급II
旣往
기왕
①이전(以前). 그 전 　②이미. 벌써. 이왕에
往來
왕래
가고 오고 함
往復
왕복
①갔다가 돌아옴 　②또는 가는 일과 돌아오는 일
已往
이왕
①오래 전(前) 　②그 전(前)

來
올 래,올 내 1. 오다 2. 돌아오다 3. 부르다 4. 위로하다(慰勞--) 5. 이래 6. 그 이후(以後)로 7. 앞으로 8. 미래(未來) 9. 후세(後世) 10. 보리(볏과의 두해살이풀) [부수]人(사람인) [총획]8획 [난이도]중학용, 읽기 7급, 쓰기 6급
招來
초래
①불러 옴 　②그렇게 되게 함 　③어떤 결과(結果)를 가져옴
未來
미래
아직 오지 않은 때
來年
내년
올해의 다음 해, 명년(明年)
去來
거래
①금전(金錢)을 서로 대차(貸借)하거나 물건(物件)을 매매(賣買)하는 일 　②사건(事件)이 생기는 대로 하인(下人)이 상사(上司)에게 알리는 일 　③과거(過去)와 미래(未來)


-----------------------------------
부요

*****DEFINITION*****
부유(富裕)
富饒
富
부유할 부 1. 부유하다(富裕--) 2. 가멸다(재산이 넉넉하고 많다) 3. 성하다(盛--: 기운이나 세력이 한창 왕성하다) 4. 풍성풍성하다(豐盛豐盛--: 매우 넉넉하고 많다) 5. 어리다 6. 세차다 7. 부자(富者) 8. 행복(幸福) [부수]宀(갓머리) [총획]12획 [난이도]중학용, 읽기 4급II, 쓰기 3급II
豊富
풍부
☞ 풍부(豐富)
富裕層
부유층
①재산(財産)이 넉넉히 있는 계층(階層) 　②또는, 그런 계층(階層)의 사람들
貧富
빈부
가난함과 넉넉함
富者
부자
살림이 넉넉하고 재산(財産)이 많은 사람

饒
넉넉할 요 1. 넉넉하다 2. 넉넉하게 하다 3. 기름지다 4. 두텁다 5. 용서하다(容恕--) 6. 너그럽다 [부수]飠(밥식변) [총획]20획 [난이도]읽기 1급, 쓰기 특급
豊饒
풍요
☞ 풍요(豐饒)
富饒
부요
☞ 부유(富裕)
饒富
요부
살림이 넉넉함
豐饒
풍요
흠뻑 많아서 넉넉함


-----------------------------------
수운

*****DEFINITION*****
water traffic, water transport, transportation by water 수운이 좋은 구역에 위치하다 be located within easy reach of water transport
水運
水
물 수 1. 물 2. 강물 3. 액체(液體), 물과 관련(關聯)된 일 4. 홍수(洪水), 수재(水災), 큰물(비가 많이 와서 강이나 개천에 갑자기 크게 불은 물) 5. 수성(水星: 태양에 가장 가까운 별) 6. 별자리 이름 7.... [부수]水(물수) [총획]4획 [난이도]중학용, 읽기 8급, 쓰기 6급II
水準
수준
①사물(事物)의 가치(價値)나 작용(作用) 등(等)에 관(關)한 일정(一定)한 표준(標準)이나 정도(程度) 　②수평(水平)
雨水
우수
①빗물 　②24절기(節氣)의 하나. 양력(陽曆) 2월 19일 경(頃)으로 입춘(立春)과 경칩(驚蟄) 사이에 있음. 날씨가 많이 풀려 초목이 싹트는 시기(時期)
洪水
홍수
①비가 많이 와서 하천(河川)이 넘치거나 땅이 물에 잠기게 된 상태(狀態). 큰물 　②사람이나 사물(事物)이 제한(制限)된 곳에 엄청나게 많이 있는 상태(狀態)를 비유적(比喩的)으로 이르는 말
水位
수위
①주기적(週期的)으로 변(變)하는 높고 낮은 수면(水面)의 높이　②어떤 일을 처리(處理)하는 수준(水準)이나 정도(程度)를 조절(調節)함

運
옮길 운 1. 옮기다 2. 움직이다, 돌다 3. 나르다, 운반하다(運搬--) 4. 궁리하다(窮理--) 5. 쓰다, 운용하다(運用--) 6. 휘두르다, 가지고 놀다 7. 배를 젖다 8. 어지럽다 9. (멀리까지)미치다(영향이나 작용 따위가... [부수]辶(책받침) [총획]13획 [난이도]중학용, 읽기 6급II, 쓰기 5급II
運營
운영
조직(組織), 기구(機構) 따위를 운용(運用)하여 경영(經營)함
運動
운동
①물체(物體)가 시간(時間)의 경과(經過)에 따라 위치(位置)를 바꾸는 일 　②몸을 단련(鍛鍊)하거나 건강(健康)을 보존(保存)하기 위(爲)하여 몸을 움직이는 일 　③어떤 목적(目的)을 달성(達成)하기...
運命
운명
①앞으로의 존망이나 생사(生死)에 관(關)한 처지(處地). 　②운수(運數)와 명수(命數). 곧 인간(人間)을 둘러싼 선악(善惡), 길흉(吉凶), 화복(禍福) 등(等)의 온갖 것이 초인간적(超人間的)인 위력(偉力)에...
運用
운용
돈이나 물건(物件)ㆍ제도(制度) 따위의 기능(機能)을 부리어 씀


-----------------------------------
보장

*****DEFINITION*****
[명사] guarantee (of/that), [동사] guarantee, (formal) assure; (품질 등을) vouch for; (약속하다) promise 표현의 자유를 보장하다 guarantee freedom of expression
保障
保
지킬 보 1. 지키다, 보호하다(保護--), 보위하다(保衛--) 2. 유지하다(維持--), 보존하다(保存--) 3. 보증하다(保證--), 책임지다(責任--) 4. 보증(保證)을 서다 5. 돕다, 보우하다(保佑--) 6. 기르다, 양육하다(養育--)... [부수]亻(사람인변) [총획]9획 [난이도]중학용, 읽기 4급II, 쓰기 3급II
保護
보호
잘 보살피고 지킴
保障
보장
일이 잘 되도록 보호(保護)하거나 뒷받침함
確保
확보
①확실(確實)히 보유(保有)함 　②확실(確實)히 지님, 보증(保證)함
安保
안보
편안(便安)히 보전(保全)함. 안전보장(安全保障)의 준말

障
막을 장 1. 막다 2. 가로막히다 3. 장애(障礙) 4. 보루(堡壘: 적의 침입을 막기 위해 튼튼하게 쌓은 구축물) 5. 둑(높은 길을 내려고 쌓은 언덕) 6. 병풍(屛風) 7. 밭두둑길 8. 지경(地境: 땅의 가장자리, 경계)... [부수]阝(좌부변) [총획]14획 [난이도]고등용, 읽기 4급II, 쓰기 3급II
保障
보장
일이 잘 되도록 보호(保護)하거나 뒷받침함
障碍
장애
☞ 장애(障礙)
障礙人
장애인
지체(肢體) 장애(障礙)ㆍ시각(視覺) 장애(障礙)ㆍ청각(聽覺) 장애(障礙)ㆍ언어(言語) 장애(障礙) 또는 정신적(精神的) 결함(缺陷)으로 인(因)하여 장기간(長期間)에 걸쳐 일상(日常) 생활(生活) 또는 사회(社會)...
障壁
장벽
①칸막이로 가리어 막은 벽 　②벽으로 가리운 것과 같은 두 사람의 관계(關係) 　③＇방해(妨害)가 되는 사물(事物)＇을 비유(比喩ㆍ譬喩)하여 이르는 말


-----------------------------------
구로하다

*****DEFINITION*****
(행동·행위 등을) do, have; (연극·운동경기 등을) play 자원 봉사를 하다 do volunteer work 20개 뜻 더보기 : (행동·행위 등을) do, have; (연극·운동경기 등을) play

-----------------------------------
생산

*****DEFINITION*****
production, produce, manufacture, turn (sth) out 생산량을 늘리다 increase[boost] the production (of)
生産
生
날 생 1. 나다 2. 낳다 3. 살다 4. 기르다 5. 서투르다 6. 싱싱하다 7. 만들다 8. 백성(百姓) 9. 선비(학식은 있으나 벼슬하지 않은 사람을 이르던 말) 10. 자기(自己)의 겸칭(謙稱) 11. 사람 12. 날(익지 않음)... [부수]生(날생) [총획]5획 [난이도]중학용, 읽기 8급, 쓰기 6급II
發生
발생
①(어떤 사건(事件)이나 사물(事物) 현상(現象)이 어느 곳 또는 세상(世上)에) 생겨나거나 나타나는 것 　②(생물학(生物學)ㆍ생리학) 세포(細胞)의 증식(增殖)ㆍ분화(分化)ㆍ형태(形態) 형성(形成) 등(等)에...
生活
생활
①살아서 활동(活動)함. 생계(生計)를 유지(維持)하여 살아나감 　②먹고 입고 쓰고 하는 등(等)의 살림살이 　③일정(一定)한 조직체(組織體)에 매여 구성원(構成員)으로 활동(活動)함
學生
학생
①배우는 사람, 주(主)로 학교(學校)에 다니면서 공부(工夫)하는 사람 　②벼슬하지 아니하고 죽은 사람의 명정, 지방(紙榜), 신주(神主) 따위에 쓰는 존칭(尊稱) 　③신라(新羅) 때 국학(國學)에서 가르침을...
先生
선생
①학생(學生)을 가르치는 사람. 학예(學藝), 기예(技藝) 등(等)을 남에게 가르치는 사람 　②자기(自己)보다 학식(學識)이 높은 사람을 높이어 일컫는 말 　③남을 존대(尊待)하여 부르는 말. 흔히 성이나...

産
낳을 산 1. 낳다 2. 나다, 태어나다 3. 자라다 4. 생기다, 일어나다 5. 생산하다(生産--) 6. 출생(出生) 7. 재산(財産), 자산(資産) 8. 생업(生業) 9. 산물(産物) 10. 가축(家畜) [부수]生(날생) [총획]11획 [난이도]중학용, 읽기 5급II, 쓰기 4급II
不動産
부동산
토지(土地)나 집처럼 움직여서 옮길 수가 없는 재산(財産). 민법(民法) 상(上) 토지(土地) 및 건물(建物). 입목(立木)과 같은 토지(土地) 정착물(定着物)
財産
재산
①개인(個人)이나 가정(家庭), 단체(團體)가 소유(所有)하는 재물(財物) 　②경제적(經濟的) 가치(價値)가 있는 유형(有形), 무형(無形)의 온갖 것
産業
산업
①생산(生産)을 하는 사업(事業). 곧 자연물(自然物)에 사람의 힘을 가(加)하여 그 이용(利用) 가치(價値)를 창조(創造)하고 또 이것을 증대(增大)하기 위(爲)하여 그 형태(形態)를 변경(變更)하거나 또는...
生産
생산
①아이나 새끼를 낳음 　②자연물(自然物)에 사람의 힘을 가(加)하여 경제(經濟) 생활(生活)에 필요(必要)한 재화(財貨)를 만들어 내거나 증가(增加)시킴. 분배(分配), 교환(交換), 소비(消費)라고 하는...


-----------------------------------
유하다

*****DEFINITION*****
(be) soft, mild, genial, amiable, benign 유한 성질 a placid temper
柔
柔
부드러울 유 1. 부드럽다 2. 순하다(順--) 3. 연약하다(軟弱--), 여리다, 무르다 4. 복종하다(服從--), 좇다 5. 편안(便安)하게 하다 6. 사랑하다 7. 쌍일(雙日: 짝숫날) [부수]木(나무목) [총획]9획 [난이도]중학용, 읽기 3급II, 쓰기 2급
柔軟性
유연성
유연(柔軟)한 성질(性質)
柔軟
유연
부드럽고 연함
懷柔
회유
①어루만지어 달램 　②교묘(巧妙)한 수단(手段)으로 설복(說伏)시킴
柔道
유도
일본(日本)의 독특(獨特)한 무술(武術)의 한 가지. 상대편(相對便)의 공격(攻擊)에 반항(反抗)하지 아니하고 그 힘을 역(逆) 이용(利用)하여 상대편(相對便)을 던지어 넘기고 또는 누르며, 혹은 맨손 또는...


-----------------------------------
상고

*****DEFINITION*****
(법률) (final) appeal 상고를 하다 appeal (to a higher court)
上告
上
윗 상 1. 위, 윗 2. 앞 3. 첫째 4. 옛날 5. 이전 6. 임금 7. 군주(君主) 8. 사성의 일종(一種) 9. 높다 10. 올리다 11. 드리다 12. 진헌하다(進獻--: 임금께 예물을 바치다) 13. 오르다 14. 탈것을 타다 [부수]一(한일) [총획]3획 [난이도]중학용, 읽기 7급II, 쓰기 6급
以上
이상
①위치(位置)나 차례(次例)로 보아 어느 기준(基準)보다 위 　②수량(數量)이나 정도(程度)가 앞에 제시(提示)된 기준(基準)보다 많거나 높거나 큰 범위(範圍). 기준(基準)이 수량(數量)으로 제시(提示)될...
上昇
상승
위로 올라감. 오름
世上
세상
①인류(人類)가 살고 있는 지구(地球) 위 　②한 사람이 태어나서 죽을 때까지의 동안 　③활동(活動)하거나 생활(生活)하고 있는 사회(社會) 　④천상(天上)에 대(對)한 지상(地上) 　⑤제 마음대로 판을...
引上
인상
①끌어 올림 　②물건값(物件-)을 올림

告
고할 고,뵙고 청할 곡,국문할 국 1. 고하다(告--), 알리다 2. 아뢰다 3. 발표하다(發表--) 4. 여쭈다, (안부를)묻다 5. 하소연하다, 고발하다(告發--) 6. 가르치다, 깨우쳐 주다 7. 하소연(딱한 사정 따위를 간곡히 호소함) a. 뵙고 청하다(請--)... [부수]口(입구) [총획]7획 [난이도]중학용, 읽기 5급II, 쓰기 4급II
警告
경고
주의(注意)하라고 경계(警戒)하여 알림
廣告
광고
①세상(世上)에 널리 알림 　②영업체(營業體) 또는 상품(商品)의 존재(存在), 효능(效能)을 널리 선전(宣傳)하여 알림 　③자기(自己)의 존재(存在)를 여러 사람에게 널리 알리고 선전(宣傳)함
申告
신고
국민(國民)이 법률(法律) 상(上)의 의무(義務)로서 행정(行政) 관청(官廳)에 일정(一定)한 사실(事實)을 진술(陳述), 보고(報告)하는 일
報告
보고
알리어 바치거나 베풀어 알림. 보고서(報告書)의 준말


-----------------------------------
무역

*****DEFINITION*****
trade, commerce 자유무역지구 Free Trade Zone (FTZ)
貿易
貿
무역할 무 1. 무역하다(貿易--) 2. (물건을)사다 3. 바꾸다 4. 갈마들다(서로 번갈아들다) 5. (눈이)어둡다 6. 흐트러지다 7. 눈이 어두운 모양 [부수]貝(조개패) [총획]12획 [난이도]고등용, 읽기 3급II, 쓰기 2급
貿易
무역
①이곳 물건(物件)과 저곳 물건(物件)을 팔고 삼 　②나라와 나라 사이에 상품(商品)을 사고 팔고 하는 일
自由貿易協定
자유무역협정
국가(國家) 간(間) 상품(商品)의 자유(自由)로운 이동(移動)을 위(爲)해 모든 무역(貿易) 장벽(障壁)을 제거(除去)시키는 협정(協定)
世界貿易機構
세계무역기구
전세계(全世界) 125개국(個國)이 참여(參與)하여 결성(結成)된 세계적(世界的) 규모(規模)의 경제(經濟) 기구(機構). 1995년 1월부터 가트(GATT)의 업무(業務)를 대신(代身)하며, 세계(世界) 무역(貿易)...
自由貿易
자유무역
국가(國家)가 외국(外國) 무역(貿易)에 관(關)하여 관세(關稅)ㆍ무역환(貿易換) 관리(管理)ㆍ수출입(輸出入) 물량 제한(制限) 등(等)의 간섭(干涉)을 하지 않고 자유(自由)로이 방임(放任)하는 무역(貿易)

易
바꿀 역,쉬울 이 1. 바꾸다, 고치다 2. 교환하다(交換--), 무역하다(貿易--) 3. 전파하다(傳播--), 번지어 퍼지다 4. 바뀌다, 새로워지다 5. 다르다 6. 어기다, 배반하다(背反ㆍ背叛--) 7. 주역(周易), 역학(易學) 8. 점(占)... [부수]日(날일) [총획]8획 [난이도]중학용, 읽기 4급, 쓰기 3급
貿易
무역
①이곳 물건(物件)과 저곳 물건(物件)을 팔고 삼 　②나라와 나라 사이에 상품(商品)을 사고 팔고 하는 일
安易
안이
①손쉬움 　②어렵지 않음 　③근심이 없고 편안(便安)함
自由貿易協定
자유무역협정
국가(國家) 간(間) 상품(商品)의 자유(自由)로운 이동(移動)을 위(爲)해 모든 무역(貿易) 장벽(障壁)을 제거(除去)시키는 협정(協定)
交易
교역
①서로 물건(物件)을 사고 팔아 바꿈 　②재화(財貨)의 교환(交換) 무역(貿易)


-----------------------------------
속박

*****DEFINITION*****
restriction, restraint, yoke, (literary) fetters, (literary) shackles, restrict, restrain, tie (sb) down, (literary) fetter, (literary) shackle 속박을 당하다 be subject to restraint
束縛
束
묶을 속,약속할 속 1. 묶다, 동여매다(두르거나 감거나 하여 묶다) 2. 결박하다(結縛--) 3. (잡아)매다, (띠를)매다 4. 합치다(合--) 5. 단속하다(團束--) 6. 삼가다(몸가짐이나 언행을 조심하다), 잡도리하다 7. 약속하... [부수]木(나무목) [총획]7획 [난이도]고등용, 읽기 5급II, 쓰기 4급II
約束
약속
①언약(言約)하여 정(定)함 　②서로 언약(言約)한 내용(內容)
拘束
구속
①자유(自由)를 억제(抑制)함 　②구인(拘引)하여 속박(束縛)함
團束
단속
①잡도리를 단단히 함 　②경계(警戒)를 단단히 하여 다잡음 　③규칙(規則)ㆍ명령(命令)ㆍ법령(法令) 등(等)을 잘 지키도록 통제(統制)함
束縛
속박
①몸을 자유(自由)롭지 못하게 얽어맴 　②어떤 행위(行爲)를 자유(自由)로이 못하도록 얽어매거나 제한(制限)을 더함. 얽어맴. 묶음

縛
얽을 박 1. 얽다 2. 동이다(끈이나 실 따위로 감거나 둘러 묶다) 3. 묶다, 포박하다(捕縛--) 4. 매이다 5. 구속되다(拘束--) 6. 포승(捕繩) 7. 복토(伏兔: 차여(車輿)와 차축을 연결 고정하는 나무) [부수]糸(실사) [총획]16획 [난이도]읽기 1급, 쓰기 특급
束縛
속박
①몸을 자유(自由)롭지 못하게 얽어맴 　②어떤 행위(行爲)를 자유(自由)로이 못하도록 얽어매거나 제한(制限)을 더함. 얽어맴. 묶음
繫縛
계박
불교(佛敎)에서, 번뇌(煩惱)ㆍ망상(妄想) 또는 외계의 것에 속박(束縛)되어 자유(自由)를 잃는다는 뜻에서, 얽어맴
結縛
결박
몸을 자유(自由)롭게 움직이지 못하도록 두 팔이나 다리를 묶음
自業自縛
자업자박
☞ 자업자득(自業自得)


-----------------------------------
망대

*****DEFINITION*****
a watchtower
望臺
望
바랄 망,보름 망 1. 바라다, 기다리다 2. 기대하다(期待ㆍ企待--), 희망하다(希望--) 3. 그리워하다 4. 바라보다 5. 망보다(望--), 엿보다 6. 원망하다(怨望--), 책망하다(責望--) 7. 보름, 음력(陰曆) 매월 15일 8. 전망(展望),... [부수]月(달월) [총획]11획 [난이도]중학용, 읽기 5급II, 쓰기 4급II
展望
전망
①멀리 바라봄 　②또는 경치(景致) 　③앞날에 있어서의 일의 형세(形勢) 　④앞날을 내다봄
希望
희망
①앞일에 대(對)하여 기대(期待)를 가지고 바람 　②좋은 결과(結果)를 기대(期待)하는 마음 　③또는 밝은 전망(展望)
失望
실망
①희망(希望)을 잃어버림 　②일이 뜻대로 되지 않아 낙심(落心)함
絶望
절망
①모든 기대(期待)를 저버리고 체념(諦念)함 　②희망(希望)이 없음

臺
대 대 1. 대(높고 평평한 건축물) 2. 돈대(墩臺: 높게 두드러진 평평한 땅) 3. 무대(舞臺) 4. 받침대 5. 탁자 6. 마을 7. 성문(城門) 8. 방송국(放送局) 9. 능 10. 어른 11. 남의 존칭(尊稱) 12. 횟수(回數) [부수]至(이를지) [총획]14획 [난이도]고등용, 읽기 3급II, 쓰기 2급
靑瓦臺
청와대
서울 경복궁(景福宮) 뒤 북악산(北岳山) 기슭에 있는 대통령(大統領) 관저(官邸). 전(前)에는 경무대(景武臺)로도 불렀음. 조선(朝鮮) 시대(時代) 때에는 경복궁(景福宮)의 일부(一部)로 연무장(鍊武場...
土臺
토대
①흙으로 쌓아올린 높은 대 　②목조(木彫) 건축물(建築物)의 맨 밑에 있어, 상부(上部)를 지탱(支撐)하는 횡재(橫材) 　③모든 건조물(建造物)의 가장 아랫도리 되는 밑바탕. 지대(地臺). 지반(地盤)....
臺灣
대만
중화민국(中華民國)의 속칭(俗稱)
舞臺
무대
노래, 춤, 연극(演劇) 따위를 하기 위(爲)하여 마련된 곳. 마음껏 재주를 시험(試驗)하고 발휘(發揮)할 수 있게 된 판


-----------------------------------
궁전

*****DEFINITION*****
(royal) palace
宮殿
宮
집 궁 1. 집, 가옥(家屋) 2. 대궐(大闕), 궁전(宮殿) 3. 종묘(宗廟: 역대 임금과 왕비의 위패를 모시던 왕실의 사당) 4. 사당(祠堂) 5. 절, 불사(佛寺) 6. 학교(學校) 7. 담, 장원(牆垣ㆍ墻垣) 8. 마음 9. 임금의... [부수]宀(갓머리) [총획]10획 [난이도]고등용, 읽기 4급II, 쓰기 3급II
宮家
궁가
왕족(王族)이 사는 궁전(宮殿). 대군(大君), 왕자군(王子君), 공주(公主), 옹주(翁主)의 집
宮闕
궁궐
임금이 거처(居處)하는 집
宮廷
궁정
임금이 거처(居處)하는 곳, 대궐(大闕) 안
尙宮
상궁
①조선(朝鮮) 시대(時代)의 여관(女官)의 정5품(正五品) 관직(官職). 4품 이상(以上)의 품계(品階)에는 오르지 못했음 　②고려(高麗) 때의 여관(女官)의 하나

殿
전각 전 1. 전각(殿閣), 궁궐(宮闕) 2. 큰 집 3. 절, 사찰(寺刹) 4. 전하(殿下) 5. 후군(後軍) 6. 아래 등급(等級) 7. 진무하다(鎭撫--), 진압(鎭壓)하여 안정(安定)하게 하다 8. 평정하다(平定--) 9. 신음하다(呻吟--) [부수]殳(갖은등글월문) [총획]13획 [난이도]고등용, 읽기 3급II, 쓰기 2급
宮殿
궁전
대궐(大闕). 천자(天子)가 거처(居處)하는 왕궁(王宮)
大殿
대전
①임금이 거처(居處)하는 궁전(宮殿) 　②‘임금’의 높임말
內殿
내전
①왕비(王妃)의 높임말 　②왕비(王妃)가 거처(居處)하는 전각(殿閣) 　③안전(-殿)
集賢殿
집현전
조선(朝鮮) 초기(初期)에 經籍(경적), 典故(전고) 등(等) 사무(事務)를 관장(管掌)하던 관아(官衙)


-----------------------------------
헐다

*****DEFINITION*****
(상처·피부 등이); (입이) have[get] canker sores in one's mouth; (위가) have gastritis[inflammation of the stomach]; (피부가) have sore skin 식사를 제때 챙겨 먹지 않아 위가 헐었다 I have gastritis from not eating regularly. 2개 뜻 더보기 : (상처·피부 등이); (입이) have[get] canker sores in one's mouth; (위가) have gastritis[inflammation of the stomach]; (피부가) have sore skin

-----------------------------------
년하다

*****DEFINITION*****
(행동·행위 등을) do, have; (연극·운동경기 등을) play 자원 봉사를 하다 do volunteer work 20개 뜻 더보기 : (행동·행위 등을) do, have; (연극·운동경기 등을) play

-----------------------------------
기생

*****DEFINITION*****
(다른 생물에) [동사] be parasitic (on) , be a parasite (on/to) 어떤 유충들은 다른 곤충들에 기생한다 Some larvae are parasitic on other insects. 2개 뜻 더보기 : (다른 생물에) [동사] be parasitic (on) , be a parasite (on/to)
寄生
寄
부칠 기 1. 부치다, 보내다 2. 이르다(어떤 장소나 시간에 닿다), 도달하다(到達--) 3. 맡기다, 위임하다(委任--) 4. 기대다, 의지하다(依支--) 5. 붙여 살다, 임시로 얹혀 살다 6. 빌리다 7. 위임(委任), 부탁(付託)... [부수]宀(갓머리) [총획]11획 [난이도]고등용, 읽기 4급, 쓰기 3급
寄與
기여
①(사회(社會)나 단체(團體)에, 또는 거기서 이뤄지는 어떤 일에) 도움이 되는 구실을 하는 것. 이바지 　②보내어 줌
寄贈
기증
①금품(金品)이나 물품(物品) 등(等)을 타인(他人)에게 줌 　②선사(膳賜)하는 물건(物件)을 보내 줌
寄附
기부
공공단체(公共團體) 또는 절, 교회(敎會) 등(等)에 무상(無償)으로 금전(金錢)이나 물품(物品)을 내놓음
寄稿
기고
①신문(新聞), 잡지(雜誌) 따위에 싣기 위(爲)하여 원고(原稿)를 보냄 　②또는 그 보낸 원고(原稿)

生
날 생 1. 나다 2. 낳다 3. 살다 4. 기르다 5. 서투르다 6. 싱싱하다 7. 만들다 8. 백성(百姓) 9. 선비(학식은 있으나 벼슬하지 않은 사람을 이르던 말) 10. 자기(自己)의 겸칭(謙稱) 11. 사람 12. 날(익지 않음)... [부수]生(날생) [총획]5획 [난이도]중학용, 읽기 8급, 쓰기 6급II
發生
발생
①(어떤 사건(事件)이나 사물(事物) 현상(現象)이 어느 곳 또는 세상(世上)에) 생겨나거나 나타나는 것 　②(생물학(生物學)ㆍ생리학) 세포(細胞)의 증식(增殖)ㆍ분화(分化)ㆍ형태(形態) 형성(形成) 등(等)에...
生活
생활
①살아서 활동(活動)함. 생계(生計)를 유지(維持)하여 살아나감 　②먹고 입고 쓰고 하는 등(等)의 살림살이 　③일정(一定)한 조직체(組織體)에 매여 구성원(構成員)으로 활동(活動)함
學生
학생
①배우는 사람, 주(主)로 학교(學校)에 다니면서 공부(工夫)하는 사람 　②벼슬하지 아니하고 죽은 사람의 명정, 지방(紙榜), 신주(神主) 따위에 쓰는 존칭(尊稱) 　③신라(新羅) 때 국학(國學)에서 가르침을...
先生
선생
①학생(學生)을 가르치는 사람. 학예(學藝), 기예(技藝) 등(等)을 남에게 가르치는 사람 　②자기(自己)보다 학식(學識)이 높은 사람을 높이어 일컫는 말 　③남을 존대(尊待)하여 부르는 말. 흔히 성이나...


-----------------------------------
기묘하다

*****DEFINITION*****
odd , strange , weird , peculiar 참으로 기묘한 일이 벌어졌다 A very odd[weird] thing happened.
奇妙
奇
기특할 기,의지할 의 1. 기특하다(奇特--) 2. 기이하다(奇異--) 3. 괴상하다(怪常--) 4. 새롭다 5. 불우하다(不遇--) 6. (운수가)사납다 7. 기만하다(欺瞞--) 8. 때를 못 만나다 9. 뛰어나다 10. 알아주다 11. 홀수, 기수(奇數)... [부수]大(큰대) [총획]8획 [난이도]고등용, 읽기 4급, 쓰기 3급
奇跡
기적
①상식(常識)으로는 생각할 수 없는 이상야릇(異常--)한 일 　②기독교(基督敎)에서, 인간(人間)의 힘으로는 불가능(不可能)한 일을 성령의 힘을 입은 사람이 이루어 내는 일을 이름
神奇
신기
신묘(神妙)하고 기이(奇異)함
奇拔
기발
유달리 뛰어남
奇妙
기묘
기이(奇異)하고 신묘(神妙)함

妙
묘할 묘 1. 묘하다(妙--: 말할 수 없이 빼어나고 훌륭하다) 2. 오묘하다(奧妙--) 3. 미묘하다(微妙--) 4. 예쁘다, 훌륭하다 5. 젊다, 연소하다(年少--) 6. (아득히)멀다 7. 작다, 세소하다(細小--) [부수]女(계집녀) [총획]7획 [난이도]중학용, 읽기 4급, 쓰기 3급
微妙
미묘
①어떤 현상(現象)이나 내용(內容)이 뚜렷하게 드러나지 않으면서 야릇하고 묘(妙)함 　②섬세(纖細)하고 묘(妙)함
巧妙
교묘
①솜씨나 꾀가 재치 있고 약삭바름 　②썩 잘 되고 묘(妙)함
妙齡
묘령
여자(女子)의 스물 안팎의 꽃다운 나이
奇妙
기묘
기이(奇異)하고 신묘(神妙)함


-----------------------------------
곡조

*****DEFINITION*****
tune, melody 그 노래는 단조로운 곡조로 되어 있다 The song has a simple melody.
曲調
曲
굽을 곡,누룩 곡 1. 굽다 2. 굽히다 3. 도리(道理)에 맞지 않다 4. 바르지 않다 5. 불합리하다 6. 정직하지 않다 7. 공정(公正)하지 않다 8. 그릇되게 하다 9. 자세하다(仔細ㆍ子細--) 10. 구석 11. 가락 12. 악곡(樂曲)... [부수]曰(가로왈) [총획]6획 [난이도]중학용, 읽기 5급, 쓰기 4급
歪曲
왜곡
비틀어 곱새김
婉曲
완곡
①말ㆍ행동(行動)을 빙둘러서 함 　②말씨가 노골적(露骨的)이 아님
懇曲
간곡
①간절(懇切)하고 곡진(曲盡)함 　②간절(懇切)하고 마음과 정성(精誠)이 지극(至極)함
戱曲
희곡
서정시(抒情詩)와 서사시(敍事詩)가 종합(綜合)되어 특정(特定)한 처소(處所)를 설정(設定)하고, 인물(人物)의 행동(行動), 대화(對話), 혼자말 등(等)을 직접적(直接的), 구체적(具體的)으로 표현(表現)...

調
고를 조,아침 주 1. 고르다 2. 조절하다(調節--) 3. 어울리다 4. 길들이다 5. 꼭 맞다, 적합하다(適合--) 6. 지키다, 보호하다(保護--) 7. 비웃다, 조롱하다(嘲弄--) 8. 속이다, 기만하다(欺瞞--) 9. 뽑히다, 선임되다(選任--)... [부수]言(말씀언) [총획]15획 [난이도]중학용, 읽기 5급II, 쓰기 4급II
調査
조사
①사물(事物)의 내용(內容)을 자세(仔細)히 살펴 봄 　②실정(實情)을 살펴서 알아봄
强調
강조
①말이나 글에서, (다른 사람에게 어떤 부분(部分)이나 요소(要素)나 내용(內容)을) 분명(分明)히 깨달아 알도록 중요(重要)하다고 말하거나 여러 번 말하는 것 　②힘차게 외치어 의기(義氣)를 돋움 ...
調整
조정
고르지 못한 것이나 과부족(過不足)이 있는 것 따위를 알맞게 조절(調節)하여 정상(正常) 상태(狀態)가 되게 함
調節
조절
①사물(事物)을 정도(程度)에 맞추어서 잘 고르게 함 　②눈의 망막(網膜)과 수정체(水晶體)의 거리(距離)를 조절(調節)하거나 또는 수정체(水晶體)의 모양(模樣)을 바꾸어, 광선(光線)의 입사각(入射角)을...


-----------------------------------
필한

*****DEFINITION*****
complete, finish 병역을 필하다 complete one's military service
畢
畢
마칠 필 1. 마치다, 끝내다 2. 다하다 3. 완성하다 4. 드리다 5. 빠르다, 날렵하다 6. 그물 7. 간찰(簡札: 간지(簡紙)에 쓴 편지) 8. 슬갑, 조복 9. 달 이름 10. 마침내 11. 다, 모두 [부수]田(밭전) [총획]11획 [난이도]고등용, 읽기 3급II, 쓰기 2급
畢竟
필경
마침내. 결국에는. 그예
禮畢
예필
①인사(人事)를 끝마침 　②중국(中國) 수(隋)ㆍ당(唐)나라 때 제정(制定)한 춤음악(音樂)인 칠부기ㆍ구부기에 든 탈춤 음악(音樂). 원래(原來) 진(秦)나라 태위 유 양이 죽은 뒤(340년) 그를 기리기 위(爲)하여...
畢生
필생
일생(一生) 동안. 목숨이 끊어질 때까지
檢査畢
검사필
검사(檢査)를 마침


-----------------------------------
음란

*****DEFINITION*****
[형용사] obscene, lustful, lewd, pornographic 음란한 생각을 하다 have obscene[lustful] thoughts
淫亂
淫
음란할 음,장마 음,요수 요,강 이름 염 1. 음란하다(淫亂--) 2. 탐하다(貪--), 욕심내다 3. 과하다(過--), 지나치다 4. 간사하다(奸邪--: 마음이 바르지 않다), 사악하다(邪惡--) 5. 도리(道理)에 어긋나다 6. 어지럽다 7. 어지럽히다, 미혹... [부수]氵(삼수변) [총획]11획 [난이도]고등용, 읽기 3급II, 쓰기 2급
淫亂
음란
음탕(淫蕩)하고 난잡(亂雜)함
淫蕩
음탕
행동(行動)이 음란(淫亂)하고 방탕(放蕩)함
觀淫症
관음증
변태(變態) 성욕(性慾)의 한 가지. 다른 사람의 알몸이나 성교(性交)하는 것을 몰래 봄으로써 성적(性的) 쾌감(快感)을 얻는 증세(症勢)
淫亂物
음란물
음란(淫亂)한 내용(內容)의 책이나 그림이나 영화(映畫)나 비디오

亂
어지러울 란,어지러울 난 1. 어지럽다 2. 어지럽히다, 손상시키다(損傷---) 3. 다스리다 4. 음란하다(淫亂--), 간음하다(姦淫--) 5. 무도하다(無道--), 포악하다(暴惡--) 6. (물을)건너다 7. 가득 차다, 널리 퍼지다 8. 난리(亂離),... [부수]乙(새을) [총획]13획 [난이도]고등용, 읽기 4급, 쓰기 3급
混亂
혼란
①갈피를 잡을 수 없이 어지러움 　②질서(秩序)가 없이 뒤얽힘
搖亂
요란
①시끄럽고 어지러움. 요양(擾攘) 　②암석(巖石)ㆍ지층(地層) 등(等)의 처음 생긴 장소(場所)에서 일어나는 습곡(褶曲) 운동(運動)이나 단층(斷層) 운동(運動) 　③저ㆍ고기압(高氣壓), 전선(前線), 뇌우(雷雨)...
攪亂
교란
뒤흔들어서 어지럽게 함
淫亂
음란
음탕(淫蕩)하고 난잡(亂雜)함


-----------------------------------
