공허

*****DEFINITION*****
emptiness; voidness; hollowness; inanity. 2개 뜻 더보기 : emptiness; voidness; hollowness; inanity.
空虛
空虚 kōng​xū​   *空虚* | 空虚* | *空虚 hollow / emptiness / meaningless 空虛 HSK 6
空
빌 공 1. 비다 2. 없다 3. 헛되다 4. 쓸데없다 5. 쓸쓸하다 6. 공허하다(空虛--) 7. 비게 하다 8. (구멍을)뚫다 9. 통(通)하게 하다 10. 막히다, 곤궁하다(困窮--) 11. 구멍 12. 공간(空間) 13. 하늘 14. 공중(空中)... [부수]穴(구멍혈) [총획]8획 [난이도]중학용, 읽기 7급II, 쓰기 6급
空間
공간
①상하(上下), 전후(前後), 좌우(左右)로 끝없이 퍼져 있는 빈 곳 　②쓰지 아니하는 빈 칸 　③시간(時間)과 함께 물 체계(體系)를 성립(成立)시키는 기초(基礎) 형식(形式)으로 이것을 실재적(實在的)으로...
空氣
공기
지구(地球)의 표면(表面)을 둘러싸고 있는 무색(無色), 무취(無臭), 투명(透明)의 기체(氣體)
大韓航空
대한항공
한국(韓國)의 민간(民間) 항공사(航空社)
空港
공항
항공(航空)의 여러 설비(設備)를 갖춘 항공기(航空機)가 뜨고 나는 곳

虛
빌 허 1. 비다, 없다 2. 비워 두다 3. 헛되다 4. 공허하다(空虛--) 5. 약하다(弱--) 6. 앓다 7. 살다, 거주하다(居住--) 8. 구멍 9. 틈, 빈틈 10. 공허(空虛), 무념무상(無念無想) 11. 마음 12. 하늘 13. 폐허(廢墟)... [부수]虍(범호엄) [총획]12획 [난이도]중학용, 읽기 4급II, 쓰기 3급II
謙虛
겸허
①겸손(謙遜)하게 자기(自己)를 낮춤 　②자기(自己)의 무력(無力)과 죄업(罪業)에 대(對)한 심각(深刻)한 자각(自覺)에서 우러나오는, 신(神)의 의사(意思)에 어디까지나 순종(順從)하려는 마음
虛僞
허위
①사실(事實)이 아닌 것을 사실(事實)처럼 꾸민 것 　②없는 사실(事實)을 거짓으로 꾸밈
虛點
허점
비거나 허술한 부분(部分), 빈점
虛構
허구
사실(事實)에 없는 일을 얽어서 꾸밈. 작가(作家)가 상상(想像)을 통(通)하여 실제(實際)로 있을 수 있는 일처럼 꾸며낸 작품(作品)이나 그 구성(構成)


-----------------------------------
비자

*****DEFINITION*****
미국 비자를 신청하다 apply for a US visa

-----------------------------------
가모

*****DEFINITION*****
(자기 어머니) my mother, Mother 2개 뜻 더보기 : (자기 어머니) my mother, Mother
家母
家母 jiā​mǔ​   *家母* | 家母* | *家母 (polite) my mother
家
집 가,여자 고 1. 집 2. 자기(自己) 집 3. 가족(家族) 4. 집안 5. 문벌(門閥) 6. 지체 7. 조정 8. 도성(都城) 9. 전문가 10. 정통한 사람 11. 용한이 12. 학자(學者) 13. 학파(學派) 14. 남편(男便) 15. 아내 16. 마... [부수]宀(갓머리) [총획]10획 [난이도]중학용, 읽기 7급II, 쓰기 6급
假家
가가
①가게(=店)의 원말 　②임시(臨時)로 허름하게 지은 집 　③조선(朝鮮) 시대(時代) 때의 가게의 하나. 그 규모(規模)가 방(房) 보다는 작고 재가(在家)보다는 큼
國家
국가
①＇나라＇의 법적(法的)인 호칭(號稱) 　②일정(一定)한 영토(領土)를 가지며 거기에 거주(居住)하는 다수인(多數人)으로써 구성(構成)되어 하나의 통치(統治) 조직(組織)을 갖는 단체(團體). 통치권(統治權),...
家族
가족
①부부(夫婦)를 기초(基礎)로 하여 한 가정(家庭)을 이루는 사람들 　②가족(家族) 제도(制度)에서, 한 집의 친족(親族). 한 집안의 친족(親族) 가족(家族) 제도(制度)에 있어서 호주(戶主)의 친족(親族)...
家庭
가정
①한 가족(家族)으로서의 집안 　②부부(夫婦)를 중심(中心)으로 혈연(血緣) 관계자(關係者)가 모여 사는 사회(社會)의 가장 작은 집단(集團)

母
어머니 모 1. 어머니 2. 어머니뻘의 여자(女子) 3. 할머니, 나이 많은 여자(女子) 4. 모체(母體) 5. 암컷 6. 유모(乳母) 7. 근본(根本), 근원(根源) 8. 본전(本錢), 원금(元金) 9. 표준(標準) 10. 엄지손가락 11.... [부수]毋(말무) [총획]5획 [난이도]중학용, 읽기 8급, 쓰기 6급II
父母
부모
어버이. 아버지와 어머니
學父母
학부모
학생(學生)의 어머니와 아버지
祖母
조모
할머니
王母
왕모
①할머니 　②임금의 어머니 　③정재(呈才) 때 헌선도무에서 선도반을 드리는 여기 　④중국(中國)의 주(周)나라 목왕이 요지에서 데리고 놀았다는 선녀(仙女) 이름


-----------------------------------
이자

*****DEFINITION*****
interest 원금과 이자 the principal and interest
利子
利 利 Lì​   *利* | 利* | *利 surname Li
  利 lì​   *利* | 利* | *利 sharp / favorable / advantage / benefit / profit / interest / to do good to / to benefit
子 子 zǐ​   *子* | 子* | *子 son / child / seed / egg / small thing / 1st earthly branch: 11 p.m.-1 a.m., midnight, 11th solar month (7th December to 5th January), year of the Rat / Viscount, fourth of five orders of nobility 五等爵位 / ancient Chinese compass point: 0° (north)
  子 zi​   *子* | 子* | *子 (noun suffix)
利
이로울 리,이로울 이 1. 이롭다, 이하다(利--: 이익이나 이득이 되다) 2. 이롭게 하다 3. 유익하다(有益--) 4. 편리하다 5. 통하다(通--) 6. 날카롭다 7. 이기다 8. 날래다 9. 탐하다(貪--) 10. 이자 11. 이익(利益) 12. 승전 [부수]刂(선칼도방) [총획]7획 [난이도]중학용, 읽기 6급II, 쓰기 5급II
利用
이용
①편리(便利)하게 씀 　②자신(自身)을 위(爲)하여 남이나 물품(物品)을 쓸모 있게 씀
利益
이익
①물질적(物質的)으로나 정신적(精神的)으로 보탬이 된 것 　②유익(有益)하고 도움이 됨 　③경제(經濟) 활동(活動)을 통(通)하여 주체적(主體的)으로 획득(獲得), 실현(實現)된 성과(成果)로서 자기(自己)가...
權利
권리
①권세(權勢)와 이익(利益) 　②일정(一定)한 이익(利益)을 주장(主張)하고 그것을 누릴 수 있는 수단(手段)으로써 법률(法律)이 일정(一定)한 자격(資格)을 가진 사람에게 부여(附與)하는 힘 　③법에...
勝利
승리
겨루어 이김

子
아들 자 1. 아들 2. 자식(子息) 3. 첫째 지지(地支) 4. 남자(男子) 5. 사람 6. 당신(當身) 7. 경칭(敬稱) 8. 스승 9. 열매 10. 이자(利子) 11. 작위(爵位) 이름 12. 접미사(接尾辭) 13. 어조사(語助辭) 14. 번... [부수]子(아들자) [총획]3획 [난이도]중학용, 읽기 7급II, 쓰기 6급
子息
자식
①아들과 딸의 총칭(總稱) 　②남을 욕할 때 일컫는 말
遺傳子
유전자
생물체(生物體)의 개개의 유전(遺傳) 형질(形質)을 발현(發現)시키는 근원(根源)이 되는 것. 염색체(染色體) 중(中)에 일정(一定)한 순서(順序)로 배열(配列)되어, 생식(生殖) 세포(細胞)를 통(通)하여...
孫子
손자
①아들이 낳은 아들 　②중국(中國) 춘추(春秋)ㆍ전국시대(戰國時代)의 전략가(戰略家). 손무(孫武)의 존칭(尊稱) 　③중국(中國) 춘추시대(春秋時代)에 손무(孫武)가 저술(著述)한 병서(兵書). 전략(戰略)...
骨子
골자
①일이나 말의 골갱이 　②요긴(要緊)한 부분(部分)


-----------------------------------
쇠잔

*****DEFINITION*****
failing, decaying, emaciation, (쇠약하다) 쇠잔하다 be debilitated, be enfeebled 쇠잔한 상태의 in a state of emaciation
衰殘
衰 衰 cuī​   *衰* | 衰* | *衰 mourning garments
  衰 shuāi​   *衰* | 衰* | *衰 to decline / to wane / to become weak or feeble
殘 残 cán​   *残* | 残* | *残 to destroy / to spoil / to ruin / to injure / cruel / oppressive / savage / brutal / incomplete / disabled / to remain / to survive / remnant / surplus 殘
衰
쇠할 쇠,상옷 최,도롱이 사 1. 쇠하다(衰--) 2. 약하다(弱--) a. 상옷 (최) b. 줄다, 줄이다 (최) c. 도롱이(짚, 띠 따위로 엮어 허리나 어깨에 걸쳐 두르는 비옷) (사) [부수]衣(옷의) [총획]10획 [난이도]고등용, 읽기 3급II, 쓰기 2급
衰退
쇠퇴
①쇠하여 점차로 물러남 　②쇠하여 전보다 못해짐
衰弱
쇠약
몸이 쇠하여 약(弱)함
盛衰
성쇠
융성(隆盛)과 쇠망(衰亡)
衰殘
쇠잔
몹시 쇠하여 잔약(孱弱)함

殘
잔인할 잔,남을 잔 1. 잔인하다(殘忍--), 흉악하다(凶惡ㆍ兇惡--) 2. 해치다(害--) 3. 멸하다(滅--), 없애다 4. 죽이다, 살해하다(殺害--) 5. 사납다 6. 모자라다, 완전(完全)하지 못하다 7. 남다 8. 나머지 9. 재앙(災殃)... [부수]歹(죽을사변) [총획]12획 [난이도]고등용, 읽기 4급, 쓰기 3급
殘酷
잔혹
잔인(殘忍)하고 혹독(酷毒)함
殘忍
잔인
인정(人情)이 없고 아주 모짊
殘額
잔액
나머지 금액(金額)
殘留
잔류
남아서 처져 있음


-----------------------------------
정죄

*****DEFINITION*****
purgation (from sins).
淨罪
淨 净 jìng​   *净* | 净* | *净 clean / completely / only / net (income, exports etc) / (Chinese opera) painted face male role 淨
罪 罪 zuì​   *罪* | 罪* | *罪 guilt / crime / fault / blame / sin
  罪 zuì​   *罪* | 罪* | *罪 variant of 罪, crime 辠
淨
깨끗할 정 1. 깨끗하다 2. 맑다, 밝다 3. 깨끗이 하다 4. 사념(邪念)이 없다 5. 정하다(淨--: 맑고 깨끗하다) 6. 차갑다 7. 악인(惡人)의 역(役) [부수]氵(삼수변) [총획]11획 [난이도]중학용, 읽기 3급II, 쓰기 2급
自淨
자정
①바다, 강, 대기(大氣) 등(等)이 자력(自力)으로 오염(汚染)을 지워 없애는 일 　②어떤 조직(組織)이 자체(自體) 내(內)의 나쁜 부분(部分)을 자력으로 없애는 일
淨化
정화
깨끗하게 함
不淨
부정
①조촐하거나 깨끗하지 못함. 더러움 　②(꺼리고 피해야 할 때)사람이 죽거나 아이를 낳는 일이 생김 　③무당굿의 첫 거리
淨宮
정궁
절

罪
허물 죄 1. 허물, 죄 2. 잘못, 과실(過失) 3. 죄인(罪人) 4. 재앙(災殃), 온갖 불행한 일 5. 그물 6. (허물을)탓하다, 떠넘기다 7. 죄를 주다 [부수]罒(그물망머리) [총획]13획 [난이도]중학용, 읽기 5급, 쓰기 4급
犯罪
범죄
①죄(罪)를 저지름 　②저지른 죄(罪)
罪悚
죄송
죄스럽고 송구(悚懼)스러움
謝罪
사죄
저지른 죄나 잘못에 대(對)하여 상대편(相對便)에게 용서(容恕)를 빎
免罪符
면죄부
중세(中世) 가톨릭 교회(敎會)에서, 신자(信者)에게 죄(罪)를 사하여 주는 뜻으로 헌금을 받고 발행(發行)한 증서(證書). 남발의 폐해(弊害)가 극심(極甚)하여 종교(宗敎) 개혁(改革)의 실마리가 되었음


-----------------------------------
약탈

*****DEFINITION*****
plunder, pillage, plunder, loot, pillage; (군인들이) ack, (literary) despoil 폭도들은 거리의 모든 상점들을 약탈했다 The rioters looted every shop on the street.
掠奪
掠夺 lüè​duó​   *掠夺* | 掠夺* | *掠夺 to plunder / to rob 掠奪 HSK 6
略夺 lüè​duó​   *略夺* | 略夺* | *略夺 variant of 掠奪｜掠夺 略奪
掠
노략질할 략,노략질할 약 1. 노략질하다(擄掠---), 탈취하다(奪取--) 2. 매질하다, 볼기를 치다 3. 베다, 칼을 휘둘러 자르다 4. 스쳐 지나가다 5. 서법(書法)의 한 가지 [부수]扌(재방변) [총획]11획 [난이도]고등용, 읽기 3급, 쓰기 2급
侵掠
침략
침노(侵擄)하여 약탈(掠奪)하는 것
劫掠
겁략
위협(威脅)이나 폭력(暴力)으로 남의 것을 빼앗음
攻掠
공략
공격(攻擊)하여 약탈(掠奪)함
掠奪
약탈
폭력(暴力)을 써서 무리하게 빼앗음

奪
빼앗을 탈,좁은 길 태 1. 빼앗다 2. 약탈하다(掠奪--) 3. 빼앗기다 4. 잃다 5. 없어지다 6. 관직(官職)을 삭탈하다 7. 징수하다(徵收--) a. 좁은 길 (태) [부수]大(큰대) [총획]14획 [난이도]고등용, 읽기 3급II, 쓰기 2급
剝奪
박탈
지위(地位)나 자격(資格) 따위를 권력(權力)이나 힘으로 빼앗음
奪還
탈환
도로 빼앗음
奪胎
탈태
환골탈태(換骨奪胎)의 준말
掠奪
약탈
폭력(暴力)을 써서 무리하게 빼앗음


-----------------------------------
암흑

*****DEFINITION*****
(어둠) darkness, the dark 불이 다 나가서 우리는 암흑 속에 있었다 All the lights went out, and we were left in the dark. 2개 뜻 더보기 : (어둠) darkness, the dark
暗黑
暗 暗 àn​   *暗* | 暗* | *暗 variant of 暗 晻 HSK 4
  暗 àn​   *暗* | 暗* | *暗 dark / gloomy / hidden / secret / muddled / obscure / in the dark HSK 4
  暗 àn​   *暗* | 暗* | *暗 to close (a door) / to eclipse / muddled / stupid / ignorant / variant of 暗 闇 HSK 4
黑 黑 Hēi​   *黑* | 黑* | *黑 abbr. for Heilongjiang province 黑龍江｜黑龙江
  黑 hēi​   *黑* | 黑* | *黑 black / dark / sinister / secret / shady / illegal / to hide (sth) away / to vilify / (loanword) to hack (computing) HSK 2
暗
어두울 암 1. (날이)어둡다 2. (눈에)보이지 않다 3. 숨기다, 은폐하다(隱蔽--) 4. 어리석다 5. 거무스름해지다 6. 깊숙하다, 유심하다(幽深--) 7. 외우다, 암송하다(暗誦--) 8. 가만히 9. 남몰래, 은밀히(隱密-)... [부수]日(날일) [총획]13획 [난이도]중학용, 읽기 4급II, 쓰기 3급II
暗示
암시
①넌지시 깨우쳐 줌 　②이치(理致)나 명령(命令)에 의(依)하지 않고 직접(直接)으로 행동(行動)을 유발(誘發)하는 일 　③남의 생각하고 활동(活動)하는 능력(能力)을 빼앗고, 어떤 행동(行動)을 일으키도록...
暗澹
암담
①어두컴컴하고 쓸쓸함 　②희망(希望)이 없고 막연(漠然)함
暗鬱
암울
①암담(暗澹)하고 침울(沈鬱)함 　②어둡고 답답함
明暗
명암
①밝음과 어두움 　②회화(繪畫)나 사진(寫眞) 따위에서 색의 농담(濃淡)이나 밝기의 정도(程度)

黑
검을 흑 1. 검다 2. 거메지다, 거멓게 되다 3. (사리에)어둡다 4. 나쁘다, 악독하다(惡毒--) 5. 고약하다, 사악하다(邪惡--) 6. 모함하다(謀陷--) 7. 횡령하다, 착복하다(着服--) 8. 검은빛 9. 흑색 10. 저녁,... [부수]黑(검을흑) [총획]12획 [난이도]중학용, 읽기 5급, 쓰기 4급
黑白
흑백
①검은빛과 흰빛 　②잘잘못이나 옳고 그름 　③바둑의 흑지와 백지(白紙), 또는 상수(常數)와 하수 　④흑백(黑白) 사진(寫眞)의 준말
黑字
흑자
①검은 빛의 글자. 먹으로 쓴 글자 　②정부(政府)에서 세입(歲入)이 세출(歲出)을 초과(超過)하거나, 관청(官廳)ㆍ은행(銀行)ㆍ회사(會社) 등(等)에서 수입(收入)이 지출(支出)을 초과(超過)하여 잉여(剩餘)나...
黑板
흑판
분필(粉筆)로 글씨를 쓰게 만든, 칠을 한 널조각
暗黑
암흑
①캄캄함 　②문물(文物)이나 도덕(道德) 등(等)이 타락(墮落)된 상태(狀態) 　③암담(暗澹)하고 비참(悲慘)한 상태(狀態)


-----------------------------------
주움

*****DEFINITION*****
(바닥에 있는 것을) pick up; (발견하다) find; (이삭 등을) gather, glean 쓰레기를 줍다 pick up garbage[trash] 3개 뜻 더보기 : (바닥에 있는 것을) pick up; (발견하다) find; (이삭 등을) gather, glean

-----------------------------------
위엄

*****DEFINITION*****
dignity 그는 위엄을 잃지 않으면서도 직원들을 친구처럼 대한다 He treats those who work for him as friends yet never loses his dignity.
威嚴
威严 wēi​yán​   *威严* | 威严* | *威严 dignified / imposing / august / awe-inspiring / awe / prestige / dignity 威嚴
威
위엄 위 1. 위엄(威嚴), 권위(權威) 2. 세력(勢力), 힘, 권세(權勢) 3. 두려움 4. 거동(擧動) 5. 공덕(功德) 6. 법칙(法則) 7. 형벌(刑罰) 8. 시어머니 9. 쥐며느리(쥐며느릿과의 절지동물) 10. 존엄하다(尊嚴--)... [부수]女(계집녀) [총획]9획 [난이도]중학용, 읽기 4급, 쓰기 3급
威脅
위협
힘으로 으르고 협박(脅迫)함
示威
시위
①위력(威力)이나 기세(氣勢)를 드러내어 보임 　②시위(示威)운동(運動)
權威
권위
①아랫사람을 얻는 원인(原因), 또는 법률(法律) 상(上) 사물(事物)이 정당화(正當化)되는 이유(理由) 　②개인적(個人的) 재능(才能), 덕망(德望)이나 문벌(門閥) 따위에서 생기는 사회적(社會的) 세력(勢力)...
示威隊
시위대
시위(示威)하는 대오

嚴
엄할 엄 1. 엄하다(嚴--: 매우 철저하고 바르다) 2. 혹독하다(酷毒--) 3. 엄격하다 4. 엄밀하다 5. 지독하다(至毒--) 6. 빈틈없다 7. 심하다(甚--: 정도가 지나치다) 8. 급하다(急--), 절박하다(切迫--) 9. 존... [부수]口(입구) [총획]20획 [난이도]중학용, 읽기 4급, 쓰기 3급
嚴格
엄격
①언행(言行)이 엄숙(嚴肅)하고 딱딱함 　②매우 엄하여 잘못이나 속임수 따위를 허용(許容)하지 않음
嚴正
엄정
엄하고 바름
嚴重
엄중
①몹시 엄함 　②용서(容恕)할 수 없을 만큼 중대(重大)함
嚴肅
엄숙
장엄(莊嚴)하고 정숙(靜肅)함. 위엄(威嚴) 있고 정중(鄭重)함


-----------------------------------
올무

*****DEFINITION*****
a snare, a trap, a noose 올무를 놓다 set a snare

-----------------------------------
무색

*****DEFINITION*****
colorlessness 무색무취의 colorless and odorless
無色
无色 wú​sè​   *无色* | 无色* | *无色 colorless 無色
無
없을 무 1. 없다 2. 아니다(=非) 3. 아니하다(=不) 4. 말다, 금지하다(禁止--) 5. ~하지 않다 6. 따지지 아니하다 7. ~아니 하겠느냐? 8. 무시하다(無視--), 업신여기다 9. ~에 관계없이(關係--) 10. ~를 막론(莫論)하고... [부수]灬(연화발) [총획]12획 [난이도]중학용, 읽기 5급, 쓰기 4급
無視
무시
①존재(存在)나 있는 값어치를 알아주지 아니함 　②사람을 깔보거나 업신여김 　③눈여겨 보지 않음
無責任
무책임
①책임(責任)이 없음 　②책임감(責任感)이 없음
無條件
무조건
어떤 일을 함에 있어서 아무런 조건(條件)이 없음
無關
무관
관계(關係)가 없음

色
빛 색 1. 빛, 빛깔 2. 색채(色彩) 3. 낯, 얼굴빛 4. 윤, 광택(光澤) 5. 기색(氣色) 6. 모양, 상태(狀態) 7. 미색(美色) 8. 색정(色情), 여색(女色), 정욕(情慾) 9. 갈래, 종류(種類) 10. 화장하다(化粧--), 꾸미다... [부수]色(빛색) [총획]6획 [난이도]중학용, 읽기 7급, 쓰기 6급
色彩
색채
①빛깔 　②사물(事物)의 표현(表現), 태도(態度) 등(等)에서 나타나는 일정(一定)한 성질(性質)이나 경향(傾向) 또는 맛
染色體
염색체
분열(分裂)하는 세포(細胞)에 나타나는 실, 막대, 알갱이 모양(模樣)의 물질(物質). 일정(一定)한 배열(配列)로 유전자(遺傳子)를 지니고 있으며, 생물(生物)의 성을 결정(決定)하는 데 관계(關係)가 있음
丹色
단색
붉은색
綠色
녹색
파랑과 노랑의 중간색(中間色), 곧 풀빛


-----------------------------------
