깨뜨리다

*****DEFINITION*****
(물건을) break, crush, destroy, crash, smash 그릇을 깨뜨리다 break[smash] a dish 2개 뜻 더보기 : (물건을) break, crush, destroy, crash, smash

-----------------------------------
단서

*****DEFINITION*****
(실마리) clue, lead 결정적 단서를 찾다 find the critical clue
端緖
端 端 duān​   *端* | 端* | *端 end / extremity / item / port / to hold sth level with both hands / to carry / regular HSK 6
  端 duān​   *端* | 端* | *端 old variant of 端 / start / origin 耑 HSK 6
緖 緖 xù​   *緖* | 緖* | *緖 variant of 緒｜绪
端
끝 단,헐떡일 천,홀 전 1. 끝 2. 가, 한계(限界) 3. 처음, 시초(始初) 4. 길이의 단위(單位) 5. 실마리, 일의 단서(端緖) 6. 까닭, 원인(原因) 7. 막료(幕僚) 8. 예복(禮服) 9. 조짐(兆朕) 10. 생각, 느낌 11. 등차(等差), 등급(等級)... [부수]立(설립) [총획]14획 [난이도]중학용, 읽기 4급II, 쓰기 3급II
尖端
첨단
①물건(物件)의 뾰족한 끝 　②시대(時代)의 사조(思潮), 유행(流行) 같은 것에 앞장서는 일
弊端
폐단
①괴롭고 번거로운 일. 귀찮고 해(害)로운 일 　②좋지 못하고 해(害)로운 점(點)
端緖
단서
①일의 처음 　②일의 실마리, 실마리
端午
단오
민속(民俗)에서 음력(陰曆) 오월(五月) 초닷샛날을 명절(名節)로 이르는 말. 고래(古來)로 농경(農耕)의 풍작을 기원(祈願)하던 제삿날이었으나, 현재(現在)는 주(主)로 농촌(農村)의 명절(名節)로서 수리치를...

緖
실마리 서,나머지 사 1. 실마리 2. 첫머리, 시초(始初) 3. 차례(次例), 순서(順序) 4. 차례(次例)를 세워 선 줄 5. 계통(系統), 줄기 6. 사업(事業), 일 7. 나머지 8. 마음 9. 찾다 a. 나머지 (사) [부수]糸(실사) [총획]15획 [난이도]고등용, 읽기 3급II, 쓰기 2급
情緖
정서
①어떤 사물(事物) 또는 경우(境遇)에 부딪쳐 일어나는 갖가지 감정(感情)ㆍ상념(想念). 또는, 그러한 감정(感情)을 불러일으키는 기분(氣分)ㆍ분위기(雰圍氣) 　②감정(感情) 경험(感情經驗)의 한 가지....
端緖
단서
①일의 처음 　②일의 실마리, 실마리
情緖的
정서적
정서(情緖)를 띤 모양(模樣)
頭緖
두서
①일의 단서(端緖). 실마리 　②조리(條理)


-----------------------------------
끼치라

*****DEFINITION*****
(폐·불편 등을) cause, (formal) occasion (sb sth) 불편을 끼치다 cause sb inconvenience 2개 뜻 더보기 : (폐·불편 등을) cause, (formal) occasion (sb sth)

-----------------------------------
암송하다

*****DEFINITION*****
recite 그는 한 번도 실수하지 않고 시 전체를 암송했다 He recited the whole poem without making a single slip.
暗誦
暗 暗 àn​   *暗* | 暗* | *暗 variant of 暗 晻 HSK 4
  暗 àn​   *暗* | 暗* | *暗 dark / gloomy / hidden / secret / muddled / obscure / in the dark HSK 4
  暗 àn​   *暗* | 暗* | *暗 to close (a door) / to eclipse / muddled / stupid / ignorant / variant of 暗 闇 HSK 4
誦 诵 sòng​   *诵* | 诵* | *诵 to read aloud / to recite 誦
暗
어두울 암 1. (날이)어둡다 2. (눈에)보이지 않다 3. 숨기다, 은폐하다(隱蔽--) 4. 어리석다 5. 거무스름해지다 6. 깊숙하다, 유심하다(幽深--) 7. 외우다, 암송하다(暗誦--) 8. 가만히 9. 남몰래, 은밀히(隱密-)... [부수]日(날일) [총획]13획 [난이도]중학용, 읽기 4급II, 쓰기 3급II
暗示
암시
①넌지시 깨우쳐 줌 　②이치(理致)나 명령(命令)에 의(依)하지 않고 직접(直接)으로 행동(行動)을 유발(誘發)하는 일 　③남의 생각하고 활동(活動)하는 능력(能力)을 빼앗고, 어떤 행동(行動)을 일으키도록...
暗澹
암담
①어두컴컴하고 쓸쓸함 　②희망(希望)이 없고 막연(漠然)함
暗鬱
암울
①암담(暗澹)하고 침울(沈鬱)함 　②어둡고 답답함
明暗
명암
①밝음과 어두움 　②회화(繪畫)나 사진(寫眞) 따위에서 색의 농담(濃淡)이나 밝기의 정도(程度)

誦
외울 송 1. 외우다, 암송하다(暗誦--) 2. (풍악에 맞춰)노래하다 3. 읊다, 읽다 4. 말하다, 여쭈다 5. 의논하다(議論▼--) 6. 칭송하다(稱誦--), 공변되다(한쪽으로 치우치지 않고 공평하다) 7. 헐뜯다, 비방하다(誹謗--)... [부수]言(말씀언) [총획]14획 [난이도]고등용, 읽기 3급, 쓰기 2급
暗誦
암송
책을 보지 않고 글을 욈
誦讀
송독
①글을 소리내어 읽음 　②글을 외어 읽음
讀誦
독송
①읽어서 욈 　②외어 읽음 　③소리를 내어 경문(經文)을 읽음
朗誦
낭송
소리 내어 글을 욈. 시를 음률적(音律的)으로 감정(感情)을 넣어 읽거나 욈


-----------------------------------
간과하다

*****DEFINITION*****
ignore, overlook 그것은 간과할 수 없는 중대한 문제다 It's a serious problem that cannot be ignored.
看過
看 看 kān​   *看* | 看* | *看 to look after / to take care of / to watch / to guard
  看 kàn​   *看* | 看* | *看 to see / to look at / to read / to watch / to visit / to call on / to consider / to regard as / to look after / to treat (an illness) / to depend on / to feel (that) / (after verb) to give it a try / Watch out! (for a danger) HSK 3
過 过 Guò​   *过* | 过* | *过 surname Guo 過
  过 guò​   *过* | 过* | *过 to cross / to go over / to pass (time) / to celebrate (a holiday) / to live / to get along / excessively / too- 過 HSK 2
  过 guo​   *过* | 过* | *过 (experienced action marker) 過 HSK 5
看
볼 간 1. 보다, 바라보다 2. 지키다, 감시하다(監視--), 번서다(番--) 3. 관찰하다(觀察--), 헤아리다 4. 가리다, 고르다 5. 방문하다(訪問--) 6. 환대하다(歡待--), 극진(極盡)하게 대접하다(待接--) 7. 진... [부수]目(눈목) [총획]9획 [난이도]중학용, 읽기 4급, 쓰기 3급
看做
간주
①그러한 것으로 여김 　②그렇다고 침
看板
간판
상점(商店) 등(等)에 내 건 표지(標識)
看過
간과
①대강 보아 넘기다 빠뜨림 　②예사(例事)로이 보아 넘김
看護師
간호사
일정(一定)한 법정(法定) 자격(資格)을 갖추고 의사(醫師)의 진료(診療) 보조(補助)와 환자(患者)의 간호(看護)에 종사(從事)하는 사람

過
지날 과,재앙 화 1. 지나다 2. (지나는 길에)들르다 3. 경과하다(經過--) 4. 왕래하다(往來--), 교제하다(交際--) 5. 초과하다(超過--) 6. 지나치다 7. (분수에)넘치다 8. 넘다 9. 나무라다 10. 보다, 돌이켜 보다 11.... [부수]辶(책받침) [총획]13획 [난이도]중학용, 읽기 5급II, 쓰기 4급II
過程
과정
일이 되어 가는 경로(經路)
過去
과거
①지나간 때 　②현재(現在)에 앞선 때 　③지난적 　④삼세(三世)의 하나로 출생(出生)하기 전(前). 전생(前生). 전세(前世) 　⑤하여 버린 동작(動作)을 보이는 어법(語法). ＇았＇, ＇었＇, ＇더＇의...
過剩
과잉
예정(豫定)한 수량(數量)이나 필요(必要)한 수량(數量)보다 많음. ＇지나침＇으로 순화
謝過
사과
잘못에 대(對)하여 용서(容恕)를 빎


-----------------------------------
누리다

*****DEFINITION*****
enjoy 명예[행복]를 누리다 enjoy the honors[happiness] (of)

-----------------------------------
비로소

*****DEFINITION*****
(처음으로) for the first time; (마침내) at last 화재가 얼마나 무서운지 그때 비로소 알았다 I realized then for the first time how horrible a fire can be.

-----------------------------------
갈망

*****DEFINITION*****
a longing[yearning, craving] (for), an eager[earnest] desire (for), an ardent wish (for), thirst (for), lust (for, of), an aspiration, 갈망하다 long[crave, yearn] (for) , thirst (after, for), desire eagerly, be eager[anxious] (for) 남북 통일을 갈망하다 have intense aspirations for unification of North and South (Korea)
渴望
渴望 kě​wàng​   *渴望* | 渴望* | *渴望 to thirst for / to long for HSK 6
渴
목마를 갈,물 잦을 걸,물 거슬러 흐를 할 1. 목마르다 2. 갈증이 나다 3. 서두르다 4. 급하다(急--) 5. 갈증(渴症) a. 물이 잦다(액체가 속으로 스며들거나 점점 졸아들어 없어지다) (걸) b. 물이 마르다 (걸) c. 물이 거슬러 흐르다 (할) [부수]氵(삼수변) [총획]12획 [난이도]중학용, 읽기 3급, 쓰기 2급
枯渴
고갈
①(흐르거나 괴어 있던 물이)말라서 없어짐. 마름. 말라 붙음 　②(돈이나 물건(物件)ㆍ자료(資料)ㆍ자원(資源) 같은 것이)다하여 없어짐 　③(느끼는 충동이나 떠오르는 생각이)전혀 없어짐
渴求
갈구
몹시 애타게 구(求)하는 것
渴望
갈망
목마른 사람이 물을 찾듯이 간절(懇切)히 바람
渴症
갈증
①목이 말라 물이 먹고 싶은 느낌 　②갈급증(渴急症)의 준말

望
바랄 망,보름 망 1. 바라다, 기다리다 2. 기대하다(期待ㆍ企待--), 희망하다(希望--) 3. 그리워하다 4. 바라보다 5. 망보다(望--), 엿보다 6. 원망하다(怨望--), 책망하다(責望--) 7. 보름, 음력(陰曆) 매월 15일 8. 전망(展望),... [부수]月(달월) [총획]11획 [난이도]중학용, 읽기 5급II, 쓰기 4급II
展望
전망
①멀리 바라봄 　②또는 경치(景致) 　③앞날에 있어서의 일의 형세(形勢) 　④앞날을 내다봄
希望
희망
①앞일에 대(對)하여 기대(期待)를 가지고 바람 　②좋은 결과(結果)를 기대(期待)하는 마음 　③또는 밝은 전망(展望)
失望
실망
①희망(希望)을 잃어버림 　②일이 뜻대로 되지 않아 낙심(落心)함
絶望
절망
①모든 기대(期待)를 저버리고 체념(諦念)함 　②희망(希望)이 없음


-----------------------------------
지장

*****DEFINITION*****
(방해, 장애) 이 상처는 그의 생명에는 지장이 없을 것이다 This injury won't affect his life.
支障
支 支 Zhī​   *支* | 支* | *支 surname Zhi
  支 zhī​   *支* | 支* | *支 to support / to sustain / to erect / to raise / branch / division / to draw money / classifier for rods such as pens and guns, for army divisions and for songs or compositions HSK 5
障 障 zhàng​   *障* | 障* | *障 to block / to hinder / to obstruct
支
지탱할 지 1. 지탱하다(支撐--), 버티다 2. 가르다, 갈리다 3. 괴다 4. 유지하다(維持--), 보전하다(保全--) 5. 치르다, 값을 주다 6. 헤아리다, 계산하다(計算--) 7. 가지, 근원(根源)에서 갈라진 것 8. 팔과 다리... [부수]支(지탱할지) [총획]4획 [난이도]중학용, 읽기 4급II, 쓰기 3급II
支援
지원
①지지(支持)하여 도움 　②원조(援助)함
支持
지지
①붙들어서 버티는 것. 또는, 부지하여 지니는 것 　②개인(個人)이나 단체(團體) 등(等)의 주의(主義)ㆍ정책(政策) 등(等)에 찬동(贊同)하여 도와서 힘을 쓰는 것. 또는, 그 원조(援助) 　③(경제학(經濟學))...
支配
지배
①아랫사람을 감독(監督)하고 사무(事務)를 정리(整理)함 　②통치(統治)함 　③어떤 사람의 의사(意思)가 상대자(相對者)의 행위(行爲)를 규제(規制), 속박(束縛)함
支給
지급
①(금품(金品) 따위를)내어 줌 치러 줌 　②특정인(特定人) 또는 기관(機關)에 대(對)하여 일정(一定)한 물건(物件)이나 금전(金錢)을 출급(出給)하는 행위(行爲)

障
막을 장 1. 막다 2. 가로막히다 3. 장애(障礙) 4. 보루(堡壘: 적의 침입을 막기 위해 튼튼하게 쌓은 구축물) 5. 둑(높은 길을 내려고 쌓은 언덕) 6. 병풍(屛風) 7. 밭두둑길 8. 지경(地境: 땅의 가장자리, 경계)... [부수]阝(좌부변) [총획]14획 [난이도]고등용, 읽기 4급II, 쓰기 3급II
保障
보장
일이 잘 되도록 보호(保護)하거나 뒷받침함
障碍
장애
☞ 장애(障礙)
障礙人
장애인
지체(肢體) 장애(障礙)ㆍ시각(視覺) 장애(障礙)ㆍ청각(聽覺) 장애(障礙)ㆍ언어(言語) 장애(障礙) 또는 정신적(精神的) 결함(缺陷)으로 인(因)하여 장기간(長期間)에 걸쳐 일상(日常) 생활(生活) 또는 사회(社會)...
障壁
장벽
①칸막이로 가리어 막은 벽 　②벽으로 가리운 것과 같은 두 사람의 관계(關係) 　③＇방해(妨害)가 되는 사물(事物)＇을 비유(比喩ㆍ譬喩)하여 이르는 말


-----------------------------------
질병

*****DEFINITION*****
illness, disease, sickness, disorder; (가벼운) ailment; (국부적인) complaint, (heart/skin) trouble 소화기 계통의 질병 a disorder of the digestive system
疾病
疾病 jí​bìng​   *疾病* | 疾病* | *疾病 disease / sickness / ailment HSK 6
疾
병 질 1. 병(病), 질병(疾病) 2. 괴로움, 아픔 3. 흠, 결점(缺點) 4. 불구자(不具者) 5. 높은 소리 6. 해독(害毒)을 끼치는 것 7. 빨리, 급(急)히, 신속하게(迅速--) 8. (병을)앓다, 걸리다 9. 괴롭다, 괴로워하다... [부수]疒(병질엄) [총획]10획 [난이도]고등용, 읽기 3급II, 쓰기 2급
痼疾病
고질병
①오래도록 낳지 아니하여 고치기 어려운 병　②오래되어 바로잡기 어렵게 된 나쁜 버릇
疾患
질환
질병(疾病). 몸의 온갖 병(病)
疾病
질병
①신체(身體)의 온갖 기능(機能)의 장애(障礙)로 말미암은 병 　②건강(健康)하지 않은 상태(狀態) 질환(疾患)
痼疾的
고질적
고질(痼疾)이 되다시피 한 모양(模樣)

病
병 병 1. 병(病), 질병(疾病) 2. 근심 3. 흠, 결점(缺點), 하자(瑕疵) 4. 성벽(性癖), 좋지 않은 버릇 5. 손해(損害) 6. 병들다(病--), 앓다 7. 피로하다(疲勞--), 지치다 8. 시들다, 마르다 9. 괴로워하다 10.... [부수]疒(병질엄) [총획]10획 [난이도]중학용, 읽기 6급, 쓰기 5급
痼疾病
고질병
①오래도록 낳지 아니하여 고치기 어려운 병　②오래되어 바로잡기 어렵게 된 나쁜 버릇
病院
병원
①병든 사람을 진찰(診察), 치료(治療) 및 예방(豫防)하기 위(爲)하여 설비(設備)를 갖추어 놓은 곳 　②병든 사람 스무 명 이상(以上)을 수용(收容)하면서 치료(治療)할 수 있는 시설(施設)을 한 곳
疾病
질병
①신체(身體)의 온갖 기능(機能)의 장애(障礙)로 말미암은 병 　②건강(健康)하지 않은 상태(狀態) 질환(疾患)
病弊
병폐
병통(病痛)과 폐단(弊端)


-----------------------------------
절박

*****DEFINITION*****
가까이 닥침 pressure; urgency; imminence; impendence. 4개 뜻 더보기 : 가까이 닥침 pressure; urgency; imminence; impendence.
切迫
切迫 qiè​pò​   *切迫* | 切迫* | *切迫 urgent
切
끊을 절,온통 체 1. 끊다 2. 베다 3. 정성스럽다(精誠---) 4. 적절하다 5. 중요하다(重要--) 6. 절박하다(切迫--) 7. 진맥하다 8. 문지방(門地枋) 9. 반절(反切: 한자의 음을 나타낼 때 다른 두 한자의 음을 반씩 따서... [부수]刀(칼도) [총획]4획 [난이도]고등용, 읽기 5급II, 쓰기 4급II
適切
적절
①꼭 맞음 　②어떤 기준(基準)이나 정도(程度)에 맞아 어울리는 상태(狀態)
切實
절실
①(어떤 일에 대(對)한 느낌이나 생각이)뼈저리게 강렬(强烈)한 상태(狀態)에 있음 　②또는, (어떤 일에 대(對)한 해결(解決)이나 요구(要求) 등(等)이)매우 시급(時急)하고도 중요(重要)한 상태(狀態)에...
懇切
간절
지성(至誠)스럽고 절실(切實)함
切迫
절박
마감, 시기(時期), 기일(期日) 등(等)이 매우 급(急)함

迫
핍박할 박 1. 핍박하다(逼迫--) 2. 닥치다 3. 줄어들다 4. 가까이하다 5. 궁하다(窮--: 가난하고 어렵다) 6. 좁다 7. 몰리다 8. 다가오다 9. 다급하다(多急--) 10. 허둥거리다 11. 다그치다 [부수]辶(책받침) [총획]9획 [난이도]고등용, 읽기 3급II, 쓰기 2급
壓迫
압박
①내리 누름 　②심리적(心理的)ㆍ정신적(精神的)으로 상대편(相對便)에게 겁을 줌, 또는 군사력(軍事力)ㆍ경제력(經濟力) 등(等)으로 상대편(相對便)의 행동(行動)을 제약(制約)함
脅迫
협박
①을러메서 핍박(逼迫)함 　②남을 두렵게 할 목적(目的)으로 불법(不法)하게 가해(加害)할 뜻을 보임 　③으르고 대듦
切迫
절박
마감, 시기(時期), 기일(期日) 등(等)이 매우 급(急)함
驅迫
구박
①못 견디게 몹시 굶 　②학대(虐待)함


-----------------------------------
자칫

*****DEFINITION*****
이 일로 자칫 네 목숨을 잃을 수도 있다 You can easily lose your life doing this job.

-----------------------------------
방심하다

*****DEFINITION*****
[명사] carelessness, inattention (to) 순간의 방심이 사고를 불렀다 The accident was caused by a brief moment of inattention.
放心
放心 fàng​xīn​   *放心* | 放心* | *放心 to feel relieved / to feel reassured / to be at ease HSK 3
放
놓을 방 1. 놓다, 놓이다, 석방되다(釋放--) 2. 내쫓다, 추방하다(追放--) 3. 내놓다, 꾸어주다 4. 버리다 5. 달아나다, 떠나가다 6. 널리 펴다, 넓히다 7. (꽃이)피다 8. (빛을)발하다 9. 내걸다, 게시하다(揭示--)... [부수]攵(등글월문) [총획]8획 [난이도]중학용, 읽기 6급II, 쓰기 5급II
放送
방송
라디오나 텔레비전을 통(通)해서 보도(報道), 음악(音樂), 연예(演藝) 등(等)을 내어 보내어 널리 듣게 함
開放
개방
①문 등(等)을 활짝 열어 놓음 　②속박(束縛)을 풀어서 자유(自由)를 줌 　③숨김이 없음
放置
방치
그대로 내버려 둠
放漫
방만
엉터리 없고 제멋대로임

心
마음 심 1. 마음, 뜻, 의지(意志) 2. 생각 3. 염통, 심장(心臟) 4. 가슴 5. 근본(根本), 본성(本性) 6. 가운데, 중앙(中央), 중심(中心) 7. 도(道)의 본원(本源) 8. 꽃술, 꽃수염 9. 별자리 이름 10. 진수(眞修:... [부수]心(마음심) [총획]4획 [난이도]중학용, 읽기 7급, 쓰기 6급
核心
핵심
사물(事物)의 중심(中心)이 되는 중요(重要)한 부분(部分)
關心
관심
어떤 일이나 대상(對象)에 흥미(興味)를 가지고 마음을 쓰거나 알고 싶어하는 상태(狀態)
疑心
의심
①마음에 미심(未審)하게 여기는 생각 　②믿지 못하는 모양(模樣)
疑懼心
의구심
의심(疑心)하고 두려워하는 마음


-----------------------------------
부지중

*****DEFINITION*****
부지중에 unconsciously
不知中
不知 不知 bù​zhī​   *不知* | 不知* | *不知 not to know / unaware / unknowingly / fig. not to admit (defeat, hardships, tiredness etc)
中 中 Zhōng​   *中* | 中* | *中 China / Chinese / surname Zhong
  中 zhōng​   *中* | 中* | *中 within / among / in / middle / center / while (doing sth) / during / (dialect) OK / all right
  中 zhòng​   *中* | 中* | *中 to hit (the mark) / to be hit by / to suffer / to win (a prize, a lottery)
不
아닐 부,아닐 불 1. 아니다 2. 아니하다 3. 못하다 4. 없다 5. 말라 6. 아니하냐 7. 이르지 아니하다 8. 크다 9. 불통(不通: 과거에서 불합격의 등급) a. 아니다 (불) b. 아니하다 (불) c. 못하다 (불) d. 없다 (불) e.... [부수]一(한일) [총획]4획 [난이도]중학용, 읽기 7급II, 쓰기 6급
不可避
불가피
피할 수 없음
不拘
불구
주로 ＇∼하고＇로 쓰이어, 　＇무엇에 얽매이거나 거리끼지 아니하고＇의 뜻
不動産
부동산
토지(土地)나 집처럼 움직여서 옮길 수가 없는 재산(財産). 민법(民法) 상(上) 토지(土地) 및 건물(建物). 입목(立木)과 같은 토지(土地) 정착물(定着物)
不足
부족
①필요(必要)한 양이나 한계(限界)에 미치지 못하고 모자람. 넉넉하지 못함 　②만족(滿足)하지 않음. 마음에 차지 않음

知
알 지 1. 알다 2. 알리다, 알게 하다 3. 나타내다, 드러내다 4. 맡다, 주재하다(主宰--) 5. 주관하다(主管--) 6. 대접하다(待接--) 7. 사귀다 8. (병이)낫다 9. 사귐 10. 친한 친구(親舊) 11. (나를)알아주는... [부수]矢(화살시) [총획]8획 [난이도]중학용, 읽기 5급II, 쓰기 4급II
知識
지식
①어떤 대상(對象)을 연구(硏究)하거나 배우거나 또는 실천(實踐)을 통(通)해 얻은 명확(明確)한 인식(認識)이나 이해(理解) 　②알고 있는 내용(內容)이나 사물(事物) 　③(철학(哲學)) 인식(認識)에...
周知
주지
여러 사람이 어떤 사실(事實)을 널리 아는 것
道知事
도지사
한 도의 행정(行政) 사무(事務)를 맡아보는 지방(地方) 장관(長官)
知慧
지혜
①사물(事物)의 도리(道理)나 선악(善惡) 따위를 잘 분별(分別)하는 마음의 작용(作用). 슬기 　②불교(佛敎)에서, 미혹(迷惑)을 끊고 부처의 진정(眞正)한 깨달음을 얻는 힘을 이르는 말

中
가운데 중 1. 가운데 2. 안, 속 3. 사이 4. 진행(進行) 5. 마음, 심중(心中) 6. 몸, 신체(身體) 7. 내장(內臟) 8. 중도(中途) 9. 절반(折半) 10. 장정(壯丁) 11. 관아의 장부(帳簿ㆍ賬簿), 안건(案件) 12. 가운데... [부수]丨(뚫을곤) [총획]4획 [난이도]중학용, 읽기 8급, 쓰기 6급II
中國
중국
①유라시아 대륙(大陸)의 동남부(東南部)를 차지하는 나라. 1949년 중화인민공화국(中華人民共和國)과 중화민국(中華民國)으로 분단됨. 차이나 　②중화인민공화국(中華人民共和國)
中斷
중단
①중도(中途)에서 끊어짐. 또는, 끊음 　②중도(中途)에서 단절(斷切)하여 이제까지의 효력(效力)을 잃게 함
集中
집중
①(어떤 일ㆍ현상(現象)ㆍ대상(對象) 등(等)이) 한 곳이나 한 대상(對象)에, 또는 한정(限定)된 짧은 시간(時間)에 몰리거나 쏠리게 함 　②(어떤 일에 정신(精神)을) 바짝 차리고 쏠리게 함 　③(어떤...
中心
중심
①한가운데, 복판 　②중요(重要)하고 기본(基本)이 되는 부분(部分), 줏대


-----------------------------------
길들여져

*****DEFINITION*****
[형용사] 동물・새 등이 길들여진 4개 뜻 더보기 : [형용사] 재미없는 , [동사] 길들이다, 다스리다

-----------------------------------
