무더기

*****DEFINITION*****
pile (of); (무질서하게 쌓은) heap (of); (흙·돌 등의) mound 돌무더기 a pile[heap; mound] of stones[rocks]

-----------------------------------
기세

*****DEFINITION*****
force , vigor , spirit 기세를 꺾다 discourage
氣勢
气势 qì​shì​   *气势* | 气势* | *气势 imposing manner / loftiness / grandeur / energetic looks / vigor 氣勢 HSK 6
氣
기운 기,보낼 희 1. 기운(눈에는 보이지 않으나 오관(五官)으로 느껴지는 현상) 2. 기백(氣魄) 3. 기세(氣勢: 기운차게 뻗치는 형세) 4. 힘 5. 숨(공기를 들이마시고 내쉬는 기운) 6. 공기(空氣) 7. 냄새 8. 바람 9. 기후(氣候)... [부수]气(기운기엄) [총획]10획 [난이도]중학용, 읽기 7급II, 쓰기 6급
雰圍氣
분위기
①지구(地球)를 둘러 싸고 있는 기체(氣體), 대기(大氣), 공기(空氣) 　②어떤 환경(環境)이나 어떤 자리 등(等)에서 저절로 만들어져서 감도는 느낌 　③개인(個人)의 주위(周圍)의 상황(狀況), 환경(環境)
景氣
경기
①기업(企業)을 중심(中心)으로 한 여러 가지 경제(經濟) 사상(事象)의 상태(狀態). 호경기(好景氣), 과잉(過剩) 생산(生産), 공황(恐惶), 불경기(不景氣) 등(等)의 국면(局面)이 있음 　②물건(物件)의...
節氣
절기
한 해 동안을 24로 가른 철
感氣
감기
추위에 상하여 일어나는 호흡기(呼吸器) 계통(系統)의 염증성(炎症性) 질환(疾患). 코가 막히고 머리가 아프며 열(熱)이 오름

勢
형세 세 1. 형세(形勢) 2. 권세(權勢) 3. 기세(氣勢: 기운차게 뻗치는 형세) 4. 기회(機會) 5. 동향(動向) 6. 시기(時期) 7. 불알,고환(睾丸) 8. 언저리 [부수]力(힘력) [총획]13획 [난이도]중학용, 읽기 4급II, 쓰기 3급II
姿勢
자세
①어떤 동작(動作)을 취할 때 몸이 이루는 어떤 형태(形態) 　②사물(事物)을 대하는 마음가짐이나 태도(態度)
趨勢
추세
①어떤 현상(現象)이 일정(一定)한 방향(方向)으로 움직여 나가는 힘 　②또는, 그 형편(形便)
勢力
세력
①권력(權力)이나 기세(氣勢)의 힘 　②일을 하는데 필요(必要)한 힘
攻勢
공세
공격(攻擊)하는 태세(態勢)나 그 힘


-----------------------------------
폭양

*****DEFINITION*****
the blazing sunlight, the burning sun
曝陽
曝 曝 pù​   *曝* | 曝* | *曝 to air / to sun
陽 阳 yáng​   *阳* | 阳* | *阳 positive (electric.) / sun / male principle (Taoism) / Yang, opposite: 陰｜阴 ☯ 陽
曝
사나울 폭,쬘 폭,사나울 포,앙상할 박 1. 사납다 2. 난폭하다(亂暴--) 3. 해치다 4. 모질다, 모질게 굴다 5. 세차다 6. 맨손으로 치다 7. 불끈 일어나다 8. 업신여기다 9. 조급하다(躁急--) 10. 갑자기 11. 쬐다 12. 따뜻하게 하다 13. 햇볕에... [부수]日(날일) [총획]19획 [난이도]읽기 1급, 쓰기 특급
曝白
포백
마전. 생피륙을 삶거나 빨아 볕에 바래는 일
曝氣
포기
물을 정화할 때 거르기 전(前)에 하는 예비 조작(操作)의 하나. 많은 구멍으로 물을 떨어뜨리거나, 분수(噴水)로 하거나 하여 될 수 있는 대로 공기(空氣)와 접촉(接觸)시켜 산소(酸素)의 흡수(吸收)로...
曝白契
포백계
베ㆍ무명 같은 것을 표백(漂白)하여 바치던 계(契)
野叟曝言
야수폭언
중국(中國) 청(淸)나라 때의 장편(長篇) 소설(小說). 1779년에 하 경거가 지음. 야로의 한담(閑談)에 가탁하여 비범(非凡)한 포부를 소설화(小說化)한 것임. 20권

陽
볕 양 1. 볕, 양지(陽地) 2. 해, 태양(太陽) 3. 양, 양기(陽氣) 4. 낮, 한낮 5. 남성(男性) 6. 하늘 7. 인간(人間) 세상(世上) 8. 음력(陰曆) 시월(十▼月)의 딴 이름 9. 봄과 여름 10. 돋을새김 11. 나라의... [부수]阝(좌부변) [총획]12획 [난이도]중학용, 읽기 6급, 쓰기 5급
陽曆
양력
태양력(太陽曆)의 준말
太陽
태양
①태양계(太陽系)의 중심(中心)을 이루는 발광체(發光體)로 지구(地球)에서 가장 가까운 항성(恒星). 지구(地球)로부터의 평균(平均) 거리(距離)는 1.49600×108㎞, 적도(赤道) 직경(直徑)은 1.361×106㎞,...
太陽曆
태양력
지구(地球)가 해의 둘레를 1회전(回轉)하는 동안을 1년으로 하는 달력. 곧, 일회귀년(一回歸年)을 시(時)의 단위(單位)로 하는 데, 365일을 1년으로 정(定)하고, 4년마다 윤일(閏日)을 두고 100년째 되는...
陰陽
음양
①천지(天地) 만물(萬物)을 만들어 내는 상반하는 성질(性質)의 두 가지 기운(氣運). 곧 음과 양 　②전기(電氣) 또는 자기(磁氣)의 음극(陰極)과 양극(陽極)


-----------------------------------
제하다

*****DEFINITION*****
deduct[subtract, take out] (sth from sth) 비용을 다 제하고 나면 남는 것이 없다 There's nothing left when I subtract all the expenses.
除
除 chú​   *除* | 除* | *除 to get rid of / to remove / to exclude / to eliminate / to wipe out / to divide / except / not including HSK 5
除
덜 제,음력 사월 여 1. 덜다, 없애다 2. 감면하다(減免--), 면제하다(免除--) 3. 버리다 4. 제외하다(除外--) 5. 숙청하다(肅淸--) 6. 나누다 7. (벼슬을)주다, 임명하다(任命--) 8. 다스리다 9. 가다, 지나가다 10. 손질하다,... [부수]阝(좌부변) [총획]10획 [난이도]중학용, 읽기 4급II, 쓰기 3급II
排除
배제
①(어떤 대상(對象)을) 어느 범위(範圍)나 영역(領域)에서 제외(除外)하는 것 　②물리쳐서 치워 냄
除外
제외
범위(範圍) 밖에 두어 빼어 놓음
削除
삭제
글 따위 내용(內容)의 일부(一部)를 깎아 없애거나 지워버림
除去
제거
①사물(事物)이나 현상(現象)을 없애거나 사라지게 하는 것 　②정적이나 훼방꾼(毁謗-)ㆍ경쟁자(競爭者) 등(等)을 죽이거나 축출(逐出)하는 것을 좀 완곡(婉曲)하게 이르는 말


-----------------------------------
훤화

*****DEFINITION*****
noise; confused noises; din (and bustle); clamor; [법석] an uproar; tumult. 훤화하다 make a noise; raise a clamor; be boisterous; be uproarious; be clamorous; clamor.
喧譁
喧 喧 xuān​   *喧* | 喧* | *喧 clamor / noise
  喧 xuān​   *喧* | 喧* | *喧 variant of 喧 / old variant of 諼｜谖 諠
譁 哗 huá​   *哗* | 哗* | *哗 variant of 嘩｜哗 譁
喧
지껄일 훤 1. 지껄이다 2. 떠들썩하다 3. 시끄럽다 4. 슬피 울다 5. 빛나다, 찬란하다(燦爛ㆍ粲爛--) [부수]口(입구) [총획]12획 [난이도]읽기 1급, 쓰기 특급
喧騷
훤소
요란(擾亂)하고 소란(騷亂)스러움
喧藉
훤자
(어떤 소문(所聞)이) 뭇사람의 입으로 퍼져서 왁자하게 됨
喧言
훤언
①잘 지껄임 　②말을 많이 함
喧爭
훤쟁
떠들면서 다투는 것

譁
시끄러울 화 1. 시끄럽다 2. 떠들썩하다 3. 시끄럽게 떠들다 [부수]言(말씀언) [총획]19획 [난이도]읽기 특급II
譁笑
화소
시끄럽게 웃음
譁然
화연
여러 사람이 떠들썩하게 지껄이는 모양, 또는 그 소리
譁譟
화조
시끄럽게 지껄임
喧譁
훤화
시끄럽게 떠듦


-----------------------------------
골수

*****DEFINITION*****
(뼛속을 채우고 있는 물질) (bone) marrow, medulla (ossea) 골수를 기증하다 donate bone marrow 2개 뜻 더보기 : (뼛속을 채우고 있는 물질) (bone) marrow, medulla (ossea)
骨髓
骨髓 gǔ​suǐ​   *骨髓* | 骨髓* | *骨髓 bone marrow (medulla ossea)
骨
뼈 골 1. 뼈 2. 골격(骨格ㆍ骨骼) 3. 기골(氣骨), 의기(義氣) 4. 사물(事物)의 중추(中樞), 중심(中心), 골수(骨髓) 5. 몸, 구간(軀幹: 머리와 사지를 제외한 몸통 부분) 6. 인품(人品), 됨됨이 7. 골품(骨品)... [부수]骨(뼈골) [총획]10획 [난이도]중학용, 읽기 4급, 쓰기 3급
骨子
골자
①일이나 말의 골갱이 　②요긴(要緊)한 부분(部分)
露骨的
노골적
숨기지 않고 있는 그대로 드러낸 모양(模樣)
膝蓋骨
슬개골
무릎 앞 한가운데에 있는 종지 모양(模樣)의 오목한 뼈. 종지뼈
甲骨文字
갑골문자
귀갑과 짐승의 뼈에 새긴 중국(中國) 고대(古代)의 상형 문자(文字). 중국(中國) 문자(文字)의 시초(始初)이며 점복(占卜)의 기록(記錄)을 새긴 것으로 하남성(河南省)의 은허(殷墟)에서 많이 발견(發見)되었음

髓
뼛골 수 1. 뼛골(뼈의 골수) 2. 골수(骨髓: 물질의 중심에 있어 굳기름처럼 응고된 것) 3. 정수(精髓: 사물의 중심이 되는 골자 또는 요점) [부수]骨(뼈골) [총획]23획 [난이도]읽기 1급, 쓰기 특급
脊髓
척수
척추(脊椎)의 관 속에 들어 있는 신경(神經) 중추(中樞)로, 뇌와 말초(末梢) 신경(神經) 사이의 지각(知覺) 운동(運動), 자극(刺戟) 전달(傳達)과 반사 기능(機能)의 역할(役割)을 함. 위는 연수(延髓)에,...
脊髓骨
척수골
등골뼈
精髓
정수
①뼈 속에 있는 골 　②사물(事物)의 가장 중심(中心)이 되는 알짜
骨髓
골수
①뼈의 내강(內腔)에 차 있는 누른빛 또는 붉은빛의 연한 조직(組織) 　②마음속 　③요점(要點) 또는 골자(骨子)


-----------------------------------
면박

*****DEFINITION*****
(formal) rebuke, (formal) reproof 면박을 주다 rebuke
面駁
面 面 miàn​   *面* | 面* | *面 face / side / surface / aspect / top / classifier for flat surfaces such as drums, mirrors, flags etc
  面 miàn​   *面* | 面* | *面 variant of 麵｜面 麪
  面 miàn​   *面* | 面* | *面 flour / noodles / (of food) soft (not crunchy) / (slang) (of a person) ineffectual / spineless 麵
駁 驳 bó​   *驳* | 驳* | *驳 variegated / heterogeneous / to refute / to contradict / to ship by barge / a barge / a lighter (ship) 駁
面
낯 면,밀가루 면 1. 낯, 얼굴 2. 표정(表情), 얼굴빛 3. 모양, 모습 4. 겉, 표면 5. 겉치레 6. 탈, 가면(假面) 7. 앞, 면전 8. 방면(方面), 쪽 9. 평면 10. 면(행정 구역 단위) 11. 면(물건의 세는 단위) 12. 밀가루 13.... [부수]面(낯면) [총획]9획 [난이도]중학용, 읽기 7급, 쓰기 6급
側面
측면
①물체(物體)의 상하(上下)ㆍ전후(前後) 이외(以外)의 좌우(左右)의 면 　②각기둥의 위아래 면이나 각뿔의 밑면 이외(以外)의 면 　③正面(정면)이 아닌 방면(方面). 옆면
反面
반면
①어떠한 사실(事實)과 반대(反對)되거나 다른 방면(方面) 　②어디를 다녀와서 어버이를 뵘
局面
국면
①일이 되어 나가는 상태(狀態) 또는 그 장면(場面) 　②승패(勝敗)를 겨루기 위(爲)한 바둑, 장기판(將棋板)의 형세(形勢)
面接
면접
①얼굴을 마주 대함 　②직접(直接) 만남 　③＇면접시험(試驗)＇의 준말

駁
논박할 박,얼룩말 박 1. 논박하다(論駁--) 2. 얼룩얼룩하다 3. 섞이다, 순수하지 않다 4. 어긋나다 5. 치우치다 6. 치다 7. 얼룩말(털빛이 얼룩얼룩한 말) [부수]馬(말마) [총획]14획 [난이도]읽기 1급, 쓰기 특급
反駁
반박
①남의 의견(意見)에 반대(反對)하여 논박(論駁)함 　②또는, 남에게서 받은 비난(非難) 공격(攻擊)에 대(對)하여 도리어 논란(論難)함
攻駁
공박
남의 잘못을 논란(論難)하고 공격(攻擊)함
論駁
논박
(어떤 주장(主張)이나 견해(見解)를) 논(論)하여 잘못을 말하는 것
彈駁
탄박
죄상(罪狀)을 들어 논(論)하고 책망(責望)하거나 규탄(糾彈)함


-----------------------------------
멸하다

*****DEFINITION*****
annihilate, exterminate 삼족을 멸하다 annihilate one's entire family and relatives
滅
灭 miè​   *灭* | 灭* | *灭 to extinguish or put out / to go out (of a fire etc) / to exterminate or wipe out / to drown 滅
苦集灭道 kǔ​jí​miè​dào​   *苦集灭道* | 苦集灭道* | *苦集灭道 the Four Noble Truths (Budd.), namely: all life is suffering 苦, the cause of suffering is desire 集, emancipation comes only by eliminating passions 滅｜灭, the way 道 to emancipation is the Eight-fold Noble Way 八正道 / also called 四諦｜四谛 苦集滅道
四谛 sì​dì​   *四谛* | 四谛* | *四谛 the Four Noble Truths (Budd.), covered by the acronym 苦集滅道: all life is suffering 苦, the cause of suffering is desire 集, emancipation comes only by eliminating passions 滅｜灭, the way 道 to emancipation is the Eight-fold Noble Way 八正道 四諦
滅
꺼질 멸,멸할 멸 1. (불이)꺼지다 2. 끄다 3. 멸하다(滅--) 4. 멸망하다(滅亡--) 5. 없어지다 6. 다하다 7. 빠지다 8. 빠뜨리다 9. 숨기다 10. 죽다 11. 잠기다 12. 열반 [부수]氵(삼수변) [총획]13획 [난이도]고등용, 읽기 3급II, 쓰기 2급
消滅
소멸
사라져 없어지거나, 또는 자취도 남지 않도록 없애 버림
滅亡
멸망
망하여 없어짐
湮滅
인멸
①자취도 없이 죄다 없어짐 　②또는, 없앰
撲滅
박멸
①(해(害)로운 벌레 따위를) 죽여서 없애는 것 　②(부정적(否定的) 현상(現象)을) 뿌리뽑아 없애는 것


-----------------------------------
거름

*****DEFINITION*****
manure, fertilizer, muck 거름을 주다 manure (a field)

-----------------------------------
초개

*****DEFINITION*****
bits of straw[grass], a worthless thing 초개 같다 be worthless (as bits of straw)
草芥
草 草 cǎo​   *草* | 草* | *草 variant of 草 艸 HSK 3
  草 cǎo​   *草* | 草* | *草 grass / straw / manuscript / draft (of a document) / careless / rough / CL: 棵, 撮, 株, 根 HSK 3
  草 cào​   *草* | 草* | *草 variant of 肏
芥 芥 gài​   *芥* | 芥* | *芥 see 芥藍｜芥蓝
  芥 jiè​   *芥* | 芥* | *芥 mustard
草
풀 초 1. 풀 2. 거친 풀, 잡초(雜草) 3. 황야(荒野) 4. 풀숲, 초원(草原) 5. 시초(始初) 6. 초고(草稿), 초안(草案) 7. 초서(草書: 서체의 하나) 8. 암컷 9. (풀을)베다 10. 시작하다(始作--), 창조하다(創造--)... [부수]艹(초두머리) [총획]10획 [난이도]중학용, 읽기 7급, 쓰기 6급
草木
초목
풀과 나무
草案
초안
①문장(文章)이나 시 따위를 초잡음 　②초잡은 글발, 기초(起草)한 의안(議案)
草綠
초록
녹색(綠色)보다 조금 더 푸른색을 띤 색깔. 초록색
甘草
감초
콩과에 속(屬)하는 다년생(多年生) 약용(藥用) 식물(植物). 여름에 나비 모양(模樣)의 노란 꽃이 수상(穗狀)으로 핌. 약용(藥用)으로 많이 쓰임. 감초(甘草)의 뿌리. 비위를 돕고 약의 작용(作用)을 순하게...

芥
겨자 개,작은 풀 갈 1. 겨자(십자화과의 한해살이풀 또는 두해살이풀) 2. 갓(십자화과의 두해살이풀) 3. 티끌 4. 흙덩이 5. 하찮은 사물(事物) 6. 작다, 자잘하다(여럿이 다 가늘거나 작다) a. 작은 풀 (갈) [부수]艹(초두머리) [총획]8획 [난이도]읽기 1급, 쓰기 특급
芥舟
개주
작은 풀잎이 배처럼 떠 있다는 뜻으로, 　＇작은 배＇를 이르는 말
芥子園畫傳
개자원화전
청(淸)나라 초기(初期)의 화보. 1679년의 이어(李魚)의 서문(序文)이 있는 초집(初集)은, 명(明)나라의 이 유방의 『산수화보』를 왕개가 증보(增補) 정리(整理)한 것임. 이집과 삼집은 왕개 형제(兄弟)가...
芥子
개자
①겨자씨와 갓씨 　②겨자
土芥
토개
①흙과 쓰레기 　②하잘것없는 것을 비유적(比喩的ㆍ譬喩的)으로 이르는 말


-----------------------------------
헤엄

*****DEFINITION*****
swimming 개헤엄을 치다 dog-paddle

-----------------------------------
교활	

*****DEFINITION*****
cunning; craftiness; craft; artfulness. 교활하다 cunning; sly (as a fox); wily; artful; crafty; tricky; slick.
狡猾
狡猾 jiǎo​huá​   *狡猾* | 狡猾* | *狡猾 crafty / cunning / sly HSK 5
狡滑 jiǎo​huá​   *狡滑* | 狡滑* | *狡滑 variant of 狡猾
狡
교활할 교 1. 교활하다(狡猾--), 간교하다(奸巧--) 2. 시샘하다, 의심하다(疑心--) 3. 예쁘다, 음란하다(淫亂--) 4. 사납다, (개가)짖다 5. 미치다(말과 행동이 보통 사람과 다르게 되다) 6. 해치다(害--) 7. 강... [부수]犭(개사슴록변) [총획]9획 [난이도]읽기 1급, 쓰기 특급
狡猾
교활
①(어떤 사람이)약은 꾀를 쓰는 것이 능함 　②또는, 술수(術數)나 행동(行動) 따위가 능란(能爛)함이 있게 약음
狡黠
교힐
☞ 교활(狡猾)
狡獪
교쾌
간사(奸邪)하고 꾀가 많음
狡知
교지
☞ 교지(狡智)

猾
교활할 활 1. 교활하다(狡猾--), 간사하다(奸邪--: 마음이 바르지 않다) 2. 어지럽다, 침범하다(侵犯--) 3. 어지럽히다 4. 희롱하다(戱弄--), 가지고 놀다 5. 교활(狡猾)한 사람 [부수]犭(개사슴록변) [총획]13획 [난이도]읽기 1급, 쓰기 특급
狡猾
교활
①(어떤 사람이)약은 꾀를 쓰는 것이 능함 　②또는, 술수(術數)나 행동(行動) 따위가 능란(能爛)함이 있게 약음
姦猾
간활
☞ 간활(奸猾)
奸猾
간활
간사(奸邪)하고 교활(狡猾)함. 간악(奸惡)하고 교활(狡猾)함
奸鄕猾吏
간향활리
간향(奸鄕)과 활리(猾吏)를 아울러 이르는 말


-----------------------------------
