정작

*****DEFINITION*****
actually, really 우리는 이메일은 주고받았지만 정작 만난 적은 한 번도 없다 We've exchanged e-mails, but we've never actually met.

-----------------------------------
영안

*****DEFINITION*****
[명사] (병원 등의) 영안실 2개 뜻 더보기 : [명사] (병원 등의) 영안실

-----------------------------------
권위

*****DEFINITION*****
authority; (위신) prestige 권위 있는 authoritative
權威
权威 quán​wēi​   *权威* | 权威* | *权威 authority / authoritative / power and prestige 權威 HSK 6
權
권세 권 1. 권세(權勢) 2. 권력(權力) 3. 권한(權限) 4. 권리(權利) 5. 유리한 형세(形勢) 6. 저울 7. 저울추(--錘) 8. 방편(方便) 9. 계량하다(計量--) 10. 저울질하다 11. 꾀하다 12. 잠시(暫時) 13. 당분간(當分間)... [부수]木(나무목) [총획]22획 [난이도]중학용, 읽기 4급II, 쓰기 3급II
政權
정권
정치(政治) 상(上)의 권력(權力), 정부(政府)를 조직(組織)하여 정치(政治)를 담당(擔當)하는 권력(權力)
執權
집권
①정권(政權)을 잡음 　②정사(政事)를 행(行)하는 실권(實權)을 잡음
權利
권리
①권세(權勢)와 이익(利益) 　②일정(一定)한 이익(利益)을 주장(主張)하고 그것을 누릴 수 있는 수단(手段)으로써 법률(法律)이 일정(一定)한 자격(資格)을 가진 사람에게 부여(附與)하는 힘 　③법에...
權限
권한
①권리(權利)의 한계(限界) 　②행정(行政) 기관(機關)의 정당(正當)한 사무(事務) 범위(範圍). 직권(職權)이 미치는 범위(範圍)

威
위엄 위 1. 위엄(威嚴), 권위(權威) 2. 세력(勢力), 힘, 권세(權勢) 3. 두려움 4. 거동(擧動) 5. 공덕(功德) 6. 법칙(法則) 7. 형벌(刑罰) 8. 시어머니 9. 쥐며느리(쥐며느릿과의 절지동물) 10. 존엄하다(尊嚴--)... [부수]女(계집녀) [총획]9획 [난이도]중학용, 읽기 4급, 쓰기 3급
威脅
위협
힘으로 으르고 협박(脅迫)함
示威
시위
①위력(威力)이나 기세(氣勢)를 드러내어 보임 　②시위(示威)운동(運動)
權威
권위
①아랫사람을 얻는 원인(原因), 또는 법률(法律) 상(上) 사물(事物)이 정당화(正當化)되는 이유(理由) 　②개인적(個人的) 재능(才能), 덕망(德望)이나 문벌(門閥) 따위에서 생기는 사회적(社會的) 세력(勢力)...
示威隊
시위대
시위(示威)하는 대오


-----------------------------------
주석

*****DEFINITION*****
(주해) annotation, footnote, comment 한시에 주석을 붙이다 annotate Chinese poems
註釋
註 注 zhù​   *注* | 注* | *注 to register / to annotate / note / comment 註
釋 释 shì​   *释* | 释* | *释 to explain / to release / Buddha (abbr. for 釋迦牟尼｜释迦牟尼) / Buddhism 釋
註
글 뜻 풀 주 1. 글 뜻을 풀다 2. 뜻을 풀어 밝히다 3. 주(註)를 내다 4. 기술하다(記述--), 기재하다(記載--) 5. 적다, 기록하다(記錄--) 6. 물대다 7. 머물러 기다리다 8. 주(註), 주해(註解), 해석(解釋) [부수]言(말씀언) [총획]12획 [난이도]읽기 1급, 쓰기 특급
註釋
주석
낱말이나 문장(文章)의 뜻을 자세(仔細)하게 풀이함
註文
주문
어떤 문장(文章)이나 글귀(-句)에 주(註)를 붙여 쉽게 풀이한 글
註解
주해
①본문(本文)의 뜻을 알기 쉽게 주를 달아 풀이함 　②또는, 그 글 주석(注釋)
脚註
각주
본문(本文) 밑에 붙인 풀이. 본문(本文)의 어떤 부분(部分)의 뜻을 보충(補充)하거나 풀이하기 위(爲)한 글을 본문(本文)의 아래쪽에 따로 단 것

釋
풀 석,기뻐할 역 1. 풀다 2. 설명하다(說明--) 3. 풀리다, 깨닫다 4. (의심이나 오해가)사라지다, 벗다 5. 용서하다(容恕--) 6. 놓아주다, 석방하다(釋放--) 7. 내놓다, 내버리다 8. 쫓기다, 추방하다(追放--) 9. (쌀을)씻다... [부수]釆(분별할변) [총획]20획 [난이도]고등용, 읽기 3급II, 쓰기 2급
解釋
해석
①풀이. 기호(記號), 말, 예술(藝術) 따위로 표현(表現)된 것을 실마리로 하여 그 속에 담긴 내용(內容)을 밝히거나 기교적(技巧的)으로 이행(履行)하는 것　②(어떤 일이나 현상(現象) 등(等)을) 자기(自己)...
釋放
석방
법에 의(依)하여 구속(拘束)된 사람을 풀어 자유(自由)롭게 함
釋然
석연
①마음이 환하게 풀림 　②미심(未審)쩍었던 것이나 원한(怨恨) 등(等)이 풀림
釋迦牟尼
석가모니
불교(佛敎)의 개조(開祖)


-----------------------------------
이론

*****DEFINITION*****
theory 그것은 논쟁의 여지가 있는 이론이다 It is a controversial theory.
理論
理论 lǐ​lùn​   *理论* | 理论* | *理论 theory / CL: 個｜个 / to argue / to take notice of 理論 HSK 5
理
다스릴 이,다스릴 리 1. 다스리다 2. 다스려지다 3. 깁다(떨어지거나 해어진 곳을 꿰매다) 4. 수선하다(修繕--) 5. 깨닫다 6. 의뢰하다(依賴--) 7. 도리(道理) 8. 이치(理致) 9. 사리 10. 나무결 11. 잔금 12. 학문(學問)ㆍ... [부수]王(구슬옥변) [총획]11획 [난이도]중학용, 읽기 6급II, 쓰기 5급II
理由
이유
①까닭, 사유(事由), 내력(來歷) 　②넓은 뜻으로는 존재(存在)의 기초(基礎), 또는 진리(眞理)라고 할 수 있는 조건(條件) 　③좁은 뜻으로는 추리(推理) 상(上)의 결론(結論), 또는 귀결(歸結)의 전제(前提)가...
管理
관리
①사람을 통제(統制)하고 지휘(指揮) 감독(監督)하는 것 　②시설(施設)이나 물건(物件)의 유지(維持)ㆍ개량(改良) 따위를 꾀하는 것 　③일을 맡아 처리(處理)하는 것 　④건전(健全)한 심신(心身)의...
處理
처리
①일을 다스려 치러 감 　②사건(事件) 또는 사무(事務)를 갈무리하여 끝장을 냄
總理
총리
①전체(全體)를 모두 관리(管理)함 　②또는, 그 직책(職責)

論
논할 론,논할 논,조리 륜,조리 윤 1. 논(論)하다, 논의하다 2. 서술하다(敍述--) 3. 말하다 4. 언급하다(言及--) 5. 따지다 6. 문제(問題) 삼다 7. 문제시하다(問題視--) 8. 토론하다(討論--) 9. 중시하다(重視--) 10. 평가하여 결정하다(決定--)... [부수]言(말씀언) [총획]15획 [난이도]중학용, 읽기 4급II, 쓰기 3급II
論難
논란
(어떤 문제(問題)에 대(對)해서, 또는 어떤 문제(問題)를) 이러니저러니 옳으니 그르니 하며 시비(是非)를 따져 논(論)하는 것
輿論
여론
사회(社會)의 어떠한 현상(現象)이나 정치적(政治的) 문제(問題) 등(等)에 대(對)하여 국민(國民)들이 나타내는 공통(共通)된 의견(意見)
勿論
물론
말할 것도 없음
論議
논의
①서로 의견(意見)을 논술(論述)하여 토의(討議)함 　②의논(議論)


-----------------------------------
통로

*****DEFINITION*****
(길) passage, way, path, passageway; (복도) hallway, aisle 통로 쪽 자리 an aisle seat 2개 뜻 더보기 : (길) passage, way, path, passageway; (복도) hallway, aisle
通路
通路 tōng​lù​   *通路* | 通路* | *通路 thoroughfare / passage / pathway / channel
通
통할 통 1. 통하다(通--) 2. 내왕하다(來往--) 3. 알리다 4. 알다 5. 정을 통하다(通--) 6. 통(편지 따위를 세는 단위) [부수]辶(책받침) [총획]11획 [난이도]중학용, 읽기 6급, 쓰기 5급
普通
보통
특별(特別)한 것이 없이 널리 통(通)하여 예사(例事)로움. 당연(當然)함
通過
통과
①통하여 지나가거나 옴 　②관청(官廳)에 제출(提出)한 원서가 허가(許可)됨 　③의회(議會) 등(等)에 제출(提出)된 의안(議案)이 가결(可決)됨 　④전차(電車). 열차(列車). 버스 등(等)이 정거장에...
交通
교통
①막힘이 없이 서로 오가는 일 　②사람의 왕복(往復), 화물(貨物)의 운반(運搬), 의사(意思)의 전달(傳達) 등(等)의 총칭(總稱). 탈것을 이용(利用)하여 사람이나 짐이 한곳에서 다른 곳으로 오가는 일...
流通
유통
①거침없이 흘러 통(通)함. 세상(世上)에 널리 통용(通用)됨 　②(화폐(貨幣) 따위가) 세상(世上)에 널리 쓰이는 것 　③(상품(商品) 따위가) 생산자(生産者)ㆍ소비자(消費者)ㆍ수요자(需要者)에 도달...

路
길 로,길 노,울짱 락,울짱 낙 1. 길, 통행(通行), 도로(道路) 2. 도리(道理), 도의(道義) 3. 방도(方道ㆍ方途), 방법(方法) 4. 사물(事物)의 조리(條理) 5. 중요(重要)한 자리 6. 지위(地位), 요처(要處) 7. 길손, 나그넷길 8. 거쳐... [부수]𧾷(발족변) [총획]13획 [난이도]중학용, 읽기 6급, 쓰기 5급
道路
도로
사람이나 차가 다닐 수 있게 만든 길
隘路
애로
①좁고 험한 길 　②일의 진행(進行)을 방해(妨害)하는 장애(障礙)
路線
노선
①버스ㆍ기차(汽車)ㆍ항공기(航空機) 따위가 정(定)해 놓고 다니도록 되어 있는 길 　②어느 지점(地點)에서 다른 지점(地點)에 이르는 도로(道路)나 선로(線路) 따위 　③개인(個人)이나 조직(組織)ㆍ단체(團體)...
經路
경로
①지나가는 길 　②밟아 온 순서(順序)


-----------------------------------
비로소

*****DEFINITION*****
(처음으로) for the first time; (마침내) at last 화재가 얼마나 무서운지 그때 비로소 알았다 I realized then for the first time how horrible a fire can be.

-----------------------------------
채다

*****DEFINITION*****
(빼앗다) snatch (away) 날치기가 그녀의 가방을 채 갔다 The purse snatcher snatched her handbag.

-----------------------------------
평신도

*****DEFINITION*****
layperson; (남자) layman; (여자) laywoman; (집합적) the laity
平信徒
平 平 Píng​   *平* | 平* | *平 surname Ping
  平 píng​   *平* | 平* | *平 flat / level / equal / to tie (make the same score) / to draw (score) / calm / peaceful / see also 平聲｜平声 HSK 5
信徒 信徒 xìn​tú​   *信徒* | 信徒* | *信徒 believer
平
평평할 평,다스릴 편 1. 평평하다(平平--), (바닥이 고르고)판판하다 2. 고르다, 고르게 하다 3. 정리되다(整理--), 가지런하게 되다 4. 편안하다(便安--), 무사하다(無事--) 5. 평정하다(平定--) 6. 정하다(定--), 제정하다(制定--)... [부수]干(방패간) [총획]5획 [난이도]중학용, 읽기 7급II, 쓰기 6급
平均
평균
①부동(不同)이나 다소(多少)가 없이 균일(均一)함. 또는, 그렇게 함. 연등(連等) 　②어떤 가정(假定) 밑에서, 많은 수(數)나 같은 종류(種類)의 양(量)의 중간(中間)의 값을 갖는 수(數). 혹은 그런...
平壤
평양
평안남도(平安南道)의 한 시(市). 도청 소재지(所在地)로서 대동군(大同郡) 중앙부(中央部). 대동강(大同江)에 면하여 있으며, 관서(關西) 지방(地方)의 행정(行政)ㆍ경제(經濟)ㆍ문화(文化)ㆍ교통(交通)의...
平和
평화
①평온(平穩)하고 화목(和睦)함 　②화합(和合)하고 안온(安穩)함 　③전쟁(戰爭)이 없이 세상(世上)이 평온(平穩)함
平素
평소
①평상시(平常時). 생시(生時) 　②지나간 적의 날

信
믿을 신 1. 믿다 2. 신임하다(信任--) 3. 맡기다 4. 신봉하다(信奉--) 5. 성실하다(誠實--) 6. ~에 맡기다 7. 확실하다(確實--) 8. 마음대로 하다 9. 알다 10. 신의(信義), 신용(信用), 신표(信標: 증거가 되게... [부수]亻(사람인변) [총획]9획 [난이도]중학용, 읽기 6급II, 쓰기 5급II
信賴
신뢰
남을 믿고 의지(依支)함
通信
통신
①소식(消息), 의지(意志), 지식(知識) 등(等)을 남에게 전(傳)함. 음신(音信)을 통(通)함 　②우편(郵便). 전신(電信). 전화(電話) 등(等)으로 서로 소식(消息). 정보(情報)를 전(傳)하는 일 　③지사(支社)...
信用
신용
①믿어 의심(疑心)하지 아니함 　②평판(評判)이 좋고 인망(人望)이 있음 　③재화(財貨) 및 화폐(貨幣)의 급부(給付)와 반대(反對) 급부(給付) 사이에 시간적(時間的)인 차이(差異)가 있는 일반(一般)...
平信
평신
①평상시(平常時)의 소식(消息) 　②무사(無事)한 소식(消息)

徒
무리 도 1. 무리(모여서 뭉친 한 동아리), 동아리(같은 뜻을 가지고 모여서 한패를 이룬 무리) 2. 동류(同類) 3. 제자(弟子), 문하생(門下生) 4. 종(從), 하인(下人) 5. 일꾼, 인부(人夫) 6. 보졸(步卒), 보병(步兵)... [부수]彳(두인변) [총획]10획 [난이도]중학용, 읽기 4급, 쓰기 3급
門徒
문도
스승의 가르침을 받는 사람
信徒
신도
종교(宗敎)를 믿는 사람들
敎徒
교도
종교(宗敎)를 믿는 사람이나 그 무리
徒消
도소
헛되이 씀


-----------------------------------
불과하다

*****DEFINITION*****
이것은 시작에 불과하다 This is just a start[beginning].
不過
不过 bù​guò​   *不过* | 不过* | *不过 only / merely / no more than / but / however / anyway (to get back to a previous topic) / cannot be more (after adjectival) 不過 HSK 4
不
아닐 부,아닐 불 1. 아니다 2. 아니하다 3. 못하다 4. 없다 5. 말라 6. 아니하냐 7. 이르지 아니하다 8. 크다 9. 불통(不通: 과거에서 불합격의 등급) a. 아니다 (불) b. 아니하다 (불) c. 못하다 (불) d. 없다 (불) e.... [부수]一(한일) [총획]4획 [난이도]중학용, 읽기 7급II, 쓰기 6급
不可避
불가피
피할 수 없음
不拘
불구
주로 ＇∼하고＇로 쓰이어, 　＇무엇에 얽매이거나 거리끼지 아니하고＇의 뜻
不動産
부동산
토지(土地)나 집처럼 움직여서 옮길 수가 없는 재산(財産). 민법(民法) 상(上) 토지(土地) 및 건물(建物). 입목(立木)과 같은 토지(土地) 정착물(定着物)
不足
부족
①필요(必要)한 양이나 한계(限界)에 미치지 못하고 모자람. 넉넉하지 못함 　②만족(滿足)하지 않음. 마음에 차지 않음

過
지날 과,재앙 화 1. 지나다 2. (지나는 길에)들르다 3. 경과하다(經過--) 4. 왕래하다(往來--), 교제하다(交際--) 5. 초과하다(超過--) 6. 지나치다 7. (분수에)넘치다 8. 넘다 9. 나무라다 10. 보다, 돌이켜 보다 11.... [부수]辶(책받침) [총획]13획 [난이도]중학용, 읽기 5급II, 쓰기 4급II
過程
과정
일이 되어 가는 경로(經路)
過去
과거
①지나간 때 　②현재(現在)에 앞선 때 　③지난적 　④삼세(三世)의 하나로 출생(出生)하기 전(前). 전생(前生). 전세(前世) 　⑤하여 버린 동작(動作)을 보이는 어법(語法). ＇았＇, ＇었＇, ＇더＇의...
過剩
과잉
예정(豫定)한 수량(數量)이나 필요(必要)한 수량(數量)보다 많음. ＇지나침＇으로 순화
謝過
사과
잘못에 대(對)하여 용서(容恕)를 빎


-----------------------------------
내포

*****DEFINITION*****
(논리) connotation, intention, comprehension, 내포하다 connote, contain, involve 그의 말에는 중요한 뜻이 내포되어 있다 His words have a very significant implication.
內包
內 内 nèi​   *内* | 内* | *内 inside / inner / internal / within / interior 內 HSK 4
包 包 Bāo​   *包* | 包* | *包 surname Bao
  包 bāo​   *包* | 包* | *包 to cover / to wrap / to hold / to include / to take charge of / to contract (to or for) / package / wrapper / container / bag / to hold or embrace / bundle / packet / CL: 個｜个, 隻｜只 HSK 3
內
안 내,들일 납 1. 안, 속 2. 나라의 안, 국내(國內) 3. 대궐(大闕), 조정(朝廷), 궁중(宮中) 4. 뱃속 5. 부녀자(婦女子) 6. 아내 7. 몰래, 가만히 8. 비밀히(祕密-) 9. 중(重)히 여기다, 친하게 지내다 a. 들이다(=納)... [부수]入(들입) [총획]4획 [난이도]중학용, 읽기 7급II, 쓰기 6급
內容
내용
①사물(事物)의 속내나 실속(實-) 　②형식(形式)에 의(依)해서 동일체(同一體)에 결합(結合)되는 여러 가지 실질(實質), 본질(本質), 의의(意義)
內需
내수
국내에서의 수요(需要)
國內
국내
나라의 안
內部
내부
①물체(物體)ㆍ몸ㆍ장치(裝置)ㆍ구조물(構造物) 등(等)의 안쪽 부분(部分) 　②어떤 조직(組織)이나 집단(集團)의 범위(範圍) 안

包
쌀 포,꾸러미 포 1. 싸다 2. 감싸다 3. 용납하다(容納--) 4. 너그럽게 받아들이다 5. 아우르다, 함께 넣다 6. 아이를 배다 7. 더부룩하게 나다 8. 초목(草木)이 무성하다(茂盛--) 9. 꾸러미 10. 보따리 11. 푸줏간 12.... [부수]勹(쌀포몸) [총획]5획 [난이도]고등용, 읽기 4급II, 쓰기 3급II
包含
포함
①속에 싸이어 있음 　②함유(含有)함 　③어떤 사물(事物)이나 현상(現象) 가운데 함께 들어 있거나 함께 넣음
包裝
포장
물건(物件)을 싸서 꾸림
包括的
포괄적
포괄(包括)하는 상태(狀態)이거나 그러한 성질(性質)이 있는 모양(模樣)
包容
포용
①휩싸서 들임 　②도량(度量)이 넓어서, 남의 잘못을 이해(理解)하여 싸덮어 줌


-----------------------------------
일치

*****DEFINITION*****
(같거나 들어맞음) [명사] agreement, accord, consensus, (formal) concurrence, (formal) coincidence , [동사] agree (with), conform (to), correspond (to/with), coincide (with), (formal) accord (with), (formal) concur (with) 이상과 현실은 결코 일치하지 않는다 The ideal and reality never coincide. 2개 뜻 더보기 : (같거나 들어맞음) [명사] agreement, accord, consensus, (formal) concurrence, (formal) coincidence , [동사] agree (with), conform (to), correspond (to/with), coincide (with), (formal) accord (with), (formal) concur (with)
一致
一致 yī​zhì​   *一致* | 一致* | *一致 unanimous / identical (views or opinions) HSK 5
一
한 일 1. 하나, 일 2. 첫째, 첫번째 3. 오로지 4. 온, 전, 모든 5. 하나의, 한결같은 6. 다른, 또 하나의 7. 잠시(暫時), 한번 8. 좀, 약간(若干) 9. 만일(萬一) 10. 혹시(或時) 11. 어느 12. 같다, 동일하다(同一--) [부수]一(한일) [총획]1획 [난이도]중학용, 읽기 8급, 쓰기 6급II
一部
일부
①전체(全體)의 한 부분(部分) 　②한번
一般
일반
①한 모양(模樣) 　②같은 모양(模樣) 　③보통(普通) 　④특별(特別)히 정(定)한 어떤 일부(一部)가 아니라, 전체(全體)에 두루 해당(該當)되는 것
一旦
일단
①한번 　②일조(一朝)　③우선(于先) 잠깐
一定
일정
①하나로 고정(固定)되어 움직이지 않음. 변동(變動)이 없음. 　②어떤 기준(基準)에 의(依)해 범위(範圍)나 방향(方向) 따위가 정(定)해져 있음

致
이를 치,빽빽할 치 1. 이르다(어떤 장소나 시간에 닿다), 도달하다(到達--) 2. 다하다 3. 이루다 4. 부르다 5. 보내다 6. 그만두다 7. 주다, 내주다 8. 깁다(떨어지거나 해어진 곳을 꿰매다) 9. 꿰매다 10. 빽빽하다 11.... [부수]至(이를지) [총획]10획 [난이도]중학용, 읽기 5급, 쓰기 4급
拉致
납치
강제(强制) 수단(手段)을 써서 억지로 데리고 감
誘致
유치
①꾀어서 데려옴 　②끌어옴
一致
일치
어긋남이 없이 한결같게 서로 맞음, 한결같음
景致
경치
자연(自然)의 아름다운 모습


-----------------------------------
훙미롭다

*****DEFINITION*****
-----------------------------------
난감하다

*****DEFINITION*****
일이 난감하게 되었다 I'm in a hopeless[sticky] situation.
難堪
难堪 nán​kān​   *难堪* | 难堪* | *难堪 hard to take / embarrassed 難堪 HSK 6
難
어려울 난,우거질 나 1. 어렵다 2. 꺼리다 3. 싫어하다 4. 괴롭히다 5. 물리치다 6. 막다 7. 힐난하다 8. 나무라다 9. 삼가다(몸가짐이나 언행을 조심하다) 10. 공경하다(恭敬--), 황공해하다(惶恐---) 11. 근심, 재앙(災殃)... [부수]隹(새추) [총획]19획 [난이도]중학용, 읽기 4급II, 쓰기 3급II
論難
논란
(어떤 문제(問題)에 대(對)해서, 또는 어떤 문제(問題)를) 이러니저러니 옳으니 그르니 하며 시비(是非)를 따져 논(論)하는 것
非難
비난
남의 잘못이나 흠 따위를 책잡아서 나쁘게 말함
困難
곤란
①어떤 일을 하는 입장(立場)ㆍ상황(狀況)ㆍ조건(條件) 등(等)이 좋지 않아 어렵거나 까다로운 상태(狀態) 　②경제적(經濟的)으로 몹시 어렵고 궁핍(窮乏)함
災難
재난
뜻밖에 일어나는 불행(不幸)한 일

堪
견딜 감 1. 견디다 2. 참다, 참아내다 3. 뛰어나다, 낫다 4. 맡다 5. 싣다 6. 낮다 7. 즐기다 8. 하늘, 천도(天道) [부수]土(흙토) [총획]12획 [난이도]읽기 1급, 쓰기 특급
堪當
감당
일을 능히 맡아서 해냄
堪耐
감내
참고 견딤
堪輿
감여
하늘과 땅
難堪
난감
①견디어 내기 어려움 　②감당(堪當)하기 어려움


-----------------------------------
어리둥절하다

*****DEFINITION*****
puzzled, dazed, perplexed, confused, bewildered 어리둥절한 표정으로 with a puzzled[dazed; perplexed] look

-----------------------------------
강간

*****DEFINITION*****
[명사] rape, [동사] rape, (literary) violate 강간당하다 be raped
强姦
强 强 Qiáng​   *强* | 强* | *强 surname Qiang 強
  强 jiàng​   *强* | 强* | *强 stubborn / unyielding 強
  强 qiáng​   *强* | 强* | *强 strong / powerful / better / slightly more than / vigorous / violent / best in their category, e.g. see 百強｜百强 強
  强 qiǎng​   *强* | 强* | *强 to force / to compel / to strive / to make an effort 強
  强 jiàng​   *强* | 强* | *强 variant of 強｜强 彊
  强 qiáng​   *强* | 强* | *强 variant of 強｜强 彊
  强 qiǎng​   *强* | 强* | *强 variant of 強｜强 彊
姦 奸 jiān​   *奸* | 奸* | *奸 to fornicate / to defile / adultery / rape 姦
强
강할 강 1. 강하다(強--) 2. 강(強)하게 하다 3. 굳세다 4. 힘쓰다 5. 강제(強制)로 하다, 억지로 시키다 6. 굳다, 단단하다 7. 거스르다, 순종(順從)하지 아니하다 8. 세차다, 성하다(盛--: 기운이나 세력이 한창... [부수]弓(활궁) [총획]12획 [난이도]중학용, 읽기 특급II
强調
강조
①말이나 글에서, (다른 사람에게 어떤 부분(部分)이나 요소(要素)나 내용(內容)을) 분명(分明)히 깨달아 알도록 중요(重要)하다고 말하거나 여러 번 말하는 것 　②힘차게 외치어 의기(義氣)를 돋움 ...
强化
강화
①강하게 함 　②강하게 됨
强勁
강경
☞ 강경(强硬)
强制
강제
①위력(威力)을 써서 남의 자유(自由) 의사(意思)를 누르고 무리하게 행(行)함 　②억지로 시킴

姦
간음할 간 1. 간음하다(姦淫--) 2. 간통하다(姦通--) 3. 간사하다(奸邪--: 마음이 바르지 않다), 간악하다(奸惡--) 4. 훔치다, 도둑질하다 5. 옳지 않다 6. 나쁘다 7. 속이다, 거짓말하다 8. 어지럽게 하다 9. 어지러워지다... [부수]女(계집녀) [총획]9획 [난이도]고등용, 읽기 3급, 쓰기 2급
强姦
강간
강제(强制)로 간음(姦淫)함
姦慝
간특
☞ 간특(奸慝)
鷄姦
계간
사내끼리 성교(性交)하듯이 하는 짓
强姦罪
강간죄
부녀자(婦女子)를 강간(强姦)함으로써 성립(成立)되는 죄(罪)


-----------------------------------
미수범

*****DEFINITION*****
an attempted[unconsummated] crime, an attempt at an offense, a criminal attempt, an infraction not consummated, a would-be criminal 암살 미수범 a would-be assassin
未遂犯
未遂 未遂 wèi​suì​   *未遂* | 未遂* | *未遂 unsuccessful (attempt) / attempted (murder, suicide)
犯 犯 fàn​   *犯* | 犯* | *犯 to violate / to offend / to assault / criminal / crime / to make a mistake / recurrence (of mistake or sth bad)
未
아닐 미 1. 아니다, 못하다 2. 아직 ~하지 못하다 3. 아니냐? 못하느냐? 4. 여덟째 지지(地支) 5. 미래(未來), 장차(將次) [부수]木(나무목) [총획]5획 [난이도]중학용, 읽기 4급II, 쓰기 3급II
未洽
미흡
아직 넉넉하지 못함, 흡족(洽足)하지 못함
未來
미래
아직 오지 않은 때
未滿
미만
정(定)한 수효(數爻)나 정도(程度)에 차지 못함
未熟
미숙
①열매가 채 익지 못함 　②음식(飮食) 따위가 덜 익음 　③일에 서툼

遂
드디어 수,따를 수 1. 드디어, 마침내 2. 두루, 널리 3. 도랑(매우 좁고 작은 개울), 수로(水路) 4. 이루다 5. 생장하다(生長--) 6. 끝나다 7. 가다, 떠나가다 8. 나아가다 9. 답습하다(踏襲--) 10. 오래되다 11. 멀다, 아득하다... [부수]辶(책받침) [총획]13획 [난이도]고등용, 읽기 3급, 쓰기 2급
遂行
수행
계획(計劃)한 대로 해 냄
未遂
미수
①목적(目的)한 바를 이루지 못함 　②죄(罪)를 범(犯)하려고 착수(着手)하여 그 목적(目的)을 이루지 못함
完遂
완수
목적(目的)을 완전(完全)히 달성(達成)함
未遂犯
미수범
①범죄(犯罪) 실행(實行)에 착수(着手)하였으나, 그 행위(行爲)를 다 이루지 못하였거나 결과(結果)가 발생(發生)하지 아니한 범행(犯行) 　②또는, 그 범인(犯人)

犯
범할 범 1. 범하다(犯--), 침범하다(侵犯--) 2. 저촉하다(抵觸--) 3. (법을)어기다 4. 치다, 공격하다(攻擊--) 5. 이기다, 무시하다(無視--) 6. 거스르다 7. 어긋나다 8. 속이다, 거짓말하다 9. 거치다, 뛰어넘다... [부수]犭(개사슴록변) [총획]5획 [난이도]고등용, 읽기 4급, 쓰기 3급
犯罪
범죄
①죄(罪)를 저지름 　②저지른 죄(罪)
侵犯
침범
남의 권리(權利), 재산(財産), 영토(領土) 따위를 침노(侵擄)하여 범함
輕犯罪
경범죄
보통(普通), 즉결(卽決) 심판(審判)에 붙여져서 구류(拘留)나 과료 따위에 처해지는 가벼운 범죄(犯罪)
犯罪者
범죄자
범죄인(犯罪人) 　죄(罪)를 저지른 사람


-----------------------------------
누명

*****DEFINITION*****
false charge 누명을 쓰다 be falsely[unjustly; wrongly] accused (of)
陋名
陋 陋 lòu​   *陋* | 陋* | *陋 low / humble / plain / ugly / mean / vulgar
名 名 míng​   *名* | 名* | *名 name / noun (part of speech) / place (e.g. among winners) / famous / classifier for people
陋
더러울 루,더러울 누 1. 더럽다, 천하다(賤--) 2. 못생기다, 추하다(醜--) 3. (신분이)낮다 4. 볼품없다 5. 작다, 왜소하다(矮小--) 6. 궁벽하다(窮僻--) 7. 좁다, 협소하다(狹小--) 8. 거칠다 9. 숨기다, 은닉하다(隱匿--) [부수]阝(좌부변) [총획]9획 [난이도]읽기 1급, 쓰기 특급
陋名
누명
①지저분한 평판(評判)에 오르내리는 이름 　②억울(抑鬱)하게 뒤집어쓴 불명예(不名譽)
固陋
고루
완고(頑固)하고 식견(識見)이 없음
朴陋
박루
☞ 박루(樸陋)
陋醜
누추
더럽고 못났음

名
이름 명 1. 이름 2. 평판(評判), 소문(所聞) 3. 외관(外觀), 외형(外形) 4. 명분(名分) 5. 공적(功績) 6. 글자, 문자(文字) 7. 이름나다, 훌륭하다 8. 이름하다, 지칭하다(指稱--) [부수]口(입구) [총획]6획 [난이도]중학용, 읽기 7급II, 쓰기 6급
名譽
명예
①세상(世上)에서 인정(認定) 받는 좋은 이름이나 자랑 　②어떤 직위(職位)나 직명(職名) 앞에 쓰이어 그 권위(權威)나 공로(功勞)를 존경(尊敬)하는 뜻으로 쓰이는 이름
名分
명분
명목(名目)이 구별(區別)된 대로 그 사이에 반드시 지켜야 할 도리(道理)나 분수(分數)
名節
명절
①명일을 중심(中心)으로 한 좋은 철 　②민속적(民俗的)으로 해마다 일정(一定)하게 지키어 즐기는 날. 설날, 대보름날, 한식날, 삼짇날, 파일날, 단오날(端午-), 유두날, 백중날, 한가위날, 구월(九月)...
名稱
명칭
사물(事物)이나 현상(現象)을 서로 다른 것 끼리 구별(區別)하여 부르는 이름


-----------------------------------
