목격하다

*****DEFINITION*****
[동사] witness; (발견하다) observe, see, spot, catch sight of 사고를 목격하다 witness an accident
目擊
目击 mù​jī​   *目击* | 目击* | *目击 to see with one's own eyes / to witness 目擊
目
눈 목 1. 눈(감각 기관) 2. 눈빛, 시력(視力) 3. 견해(見解), 안목(眼目) 4. 요점(要點) 5. 옹이, 그루터기(풀이나 나무 따위의 아랫동아리) 6. 제목(題目), 표제(標題ㆍ表題) 7. 목록(目錄) 8. 조목(條目),... [부수]目(눈목) [총획]5획 [난이도]중학용, 읽기 6급, 쓰기 5급
目標
목표
①목적(目的)을 이루기 위(爲)하여 실제적(實際的) 대상(對象)으로 삼는 것 　②가서 닿을 곳 　③어떤 일을 이루어 내려는 시간(時間) 상(上)의 한계(限界)
目的
목적
①이루려 하는 일 　②또는, 나아가려고 하는 방향(方向)
注目
주목
①어떤 사물(事物)을 주의(注意)해서 봄 　②시선을 모아 봄
刮目
괄목
전(前)에 비하여 딴판으로 학식(學識) 등(等)이 부쩍 늘어서 눈을 비비고 다시 봄

擊
칠 격 1. 치다 2. 부딪치다 3. 공격하다(攻擊--) 4. 마주치다 5. 보다 6. 두드리다 7. 지탱하다(支撐--) 8. 죽이다 [부수]手(손수) [총획]17획 [난이도]고등용, 읽기 4급, 쓰기 3급
衝擊
충격
①서로 맞부딪쳐서 몹시 침 　②마음에 격동(激動)을 받는 강(强)한 자극(刺戟). 쇼크 　③물체(物體)에 대(對)해 급격(急激)히 가(加)해지는 힘
攻擊
공격
①나아가 적을 침 　②말로 상대편(相對便)을 심(甚)하게 논박(論駁)하거나 비난(非難)함 　③운동(運動) 경기(競技) 따위에서, 상대편(相對便)을 수세(守勢)에 몰아넣고 강(强)하게 밀어붙임
衝擊的
충격적
마음에 충격(衝擊)을 주거나 사회적(社會的)으로 충격(衝擊)을 주는 것
打擊
타격
①때리어 침 　②어떤 영향(影響)을 받아서 기운(氣運)이 크게 꺾임. 쇼크 　③손해(損害). 손실(損失) 　④야구(野球)에서, 투수(投手)가 던지는 공을 배트로 침. 타봉(打棒)


-----------------------------------
생글

*****DEFINITION*****
with a smile 2개 뜻 더보기 : with a smile

-----------------------------------
환자

*****DEFINITION*****
patient, invalid, sufferer; (집합적) the sick 장기 입원 환자 a long-stay patient
患者
患者 huàn​zhě​   *患者* | 患者* | *患者 patient / sufferer HSK 6
患
근심 환 1. 근심, 걱정 2. 병(病), 질병(疾病) 3. 재앙(災殃) 4. 근심하다(속을 태우거나 우울해하다), 걱정하다, 염려하다(念慮--) 5. 미워하다 6. 앓다, 병에 걸리다 [부수]心(마음심) [총획]11획 [난이도]중학용, 읽기 5급, 쓰기 4급
患者
환자
병을 앓는 사람
疾患
질환
질병(疾病). 몸의 온갖 병(病)
外患
외환
①외국(外國), 외부(外部)로부터 압박(壓迫)이나 공격(攻擊)을 받는 근심 　②외부(外部)에서 받는 걱정
時患
시환
때를 따라 유행(流行)하는 상한(傷寒)

者
놈 자 1. 놈, 사람 2. 것 3. 곳, 장소(場所) 4. 허락하는 소리 5. 여러, 무리(모여서 뭉친 한 동아리) 6. 이 7. ~면(접속사) 8. ~와 같다 9. 기재하다(記載--), 적다 [부수]耂(늙을로엄) [총획]9획 [난이도]중학용, 읽기 6급, 쓰기 5급
關係者
관계자
어떤 일에 관계(關係)되는 사람
患者
환자
병을 앓는 사람
消費者
소비자
①물자(物資)를 소비(消費)하는 사람 　②생산(生産)의 어느 과정(過程)에도 직접(直接)으로 관여(關與)하지 않는 사람
勤勞者
근로자
근로(勤勞)에 의(依)한 소득(所得)으로 생활(生活)하는 사람


-----------------------------------
인체

*****DEFINITION*****
human body, human organism 인체의 구조 structure of the human body
人體
人体 rén​tǐ​   *人体* | 人体* | *人体 human body 人體
人
사람 인 1. 사람, 인간(人間) 2. 다른 사람, 타인(他人), 남 3. 딴 사람 4. 그 사람 5. 남자(男子) 6. 어른, 성인(成人) 7. 백성(百姓) 8. 인격(人格) 9. 낯, 체면(體面), 명예(名譽) 10. 사람의 품성(稟性), 사람됨... [부수]人(사람인) [총획]2획 [난이도]중학용, 읽기 8급, 쓰기 6급II
個人
개인
①국가(國家)나 사회(社會)에 대(對)하여 이를 구성(構成)하는 하나하나의 사람 　②한 사람 한 사람 　③각자
人物
인물
①사람 　②뛰어난 사람. 인재(人材) 　③사람의 얼굴 모양(模樣) 　④사람의 됨됨이. 인품(人品)
人事
인사
①안부(安否)를 묻거나 공경(恭敬)의 뜻을 표(表)하는 일 　②받은 은혜(恩惠)에 대(對)하여 갚거나 치하(致賀)하는 일 　③서로 알지 못하던 사람끼리 성명(姓名)을 통(通)하여 자기(自己)를 소개(紹介)하는...
人權
인권
사람으로서의 권리(權利)

體
몸 체 1. 몸, 신체(身體) 2. 몸소, 친히(親-) 3. 형상(形狀) 4. 근본(根本) 5. 격식(格式) 6. 물질(物質) 7. 물체(物體) 8. 서체(書體) 9. 체재(體裁) 10. 체험하다(體驗--) 11. 체득하다(體得--) 12. 알아주다... [부수]骨(뼈골) [총획]23획 [난이도]중학용, 읽기 6급II, 쓰기 5급II
團體
단체
공동(共同)의 목적(目的)을 달성(達成)하기 위(爲)하여 의식적(意識的)으로 결합(結合)한 두 사람 이상(以上)의 집단(集團). 법인(法人)ㆍ정당(政黨) 등(等)
體系
체계
①낱낱이 다른 것을 통일(統一)한 조직(組織) 　②또는, 그것을 구성(構成)하는 각 부분(部分)을 계통적(系統的)으로 통일(統一)한 전체(全體) 　③일정(一定)한 원리(原理)에 의(依)해 조직(組織)된 ...
具體的
구체적
사물(事物)이 뚜렷한 실체(實體)를 갖추고 실제(實際)의 형체(形體)ㆍ내용(內容)을 가지고 있는 모양(模樣)
全體
전체
①온몸. 전신(全身) 　②전부(全部). 총체　③개개 또는 부분(部分)의 집합(集合)으로 구성(構成)되어 있으면서도 그 총화(總和) 이상(以上)의 기능(機能), 의의(意義), 가치(價値) 따위를 가지는 존재(存在)


-----------------------------------
외부

*****DEFINITION*****
the outside 외부 전문가를 초빙하다 invite an outside specialist[expert]
外部
外部 wài​bù​   *外部* | 外部* | *外部 external part / external
外
바깥 외 1. 바깥, 밖 2. 겉, 표면(表面) 3. 남, 타인(他人) 4. 외국(外國) 5. 외가(外家), 어머니나 아내의 친척 6. 사랑, 바깥채 7. 타향(他鄕), 남의 집 8. 언행(言行), 용모(容貌) 9. 앞, 이전(以前) 10. 민간(民間),... [부수]夕(저녁석) [총획]5획 [난이도]중학용, 읽기 8급, 쓰기 6급II
除外
제외
범위(範圍) 밖에 두어 빼어 놓음
海外
해외
＇바다 밖의 다른 나라＇라는 뜻으로 ＇외국(外國)＇을 일컫는 말
外交
외교
①일을 하기 위(爲)하여 밖의 사람과 교제(交際)함 　②제 나라의 대외(對外) 정책(政策)을 실현(實現)하고, 나라 사이에 생기는 일을 처리(處理)하기 위(爲)하여 다른 나라와 하는 교제(交際)
外換
외환
☞ 외국환(外國換)

部
떼 부,거느릴 부 1. 떼, 부락(部落), 집단(集團) 2. 마을, 관청(官廳) 3. 분류(分類), 구분(區分) 4. 분야(分野) 5. 부서(部署) 6. 지경(地境: 땅의 가장자리, 경계), 경계(經界) 7. 지역(地域), 구역(區域) 8. 곳, 장소(場所)... [부수]阝(우부방) [총획]11획 [난이도]중학용, 읽기 6급II, 쓰기 5급II
一部
일부
①전체(全體)의 한 부분(部分) 　②한번
部分
부분
전체(全體)를 몇으로 나눈 것의 하나하나
大部分
대부분
①반이 훨씬 넘는 수효(數爻)나 분량(分量) 　②거의 모두
部隊
부대
①어떤 일을 위(爲)해 똑같은 특징(特徵)을 지니고 한데 모인 사람들의 집단(集團) 　②하나의 단위(單位)를 이루는 군대(軍隊)의 조직(組織)


-----------------------------------
면역

*****DEFINITION*****
(의학) immunity 후천성면역결핍증 AIDS (Acquired Immune Deficiency Syndrome) 2개 뜻 더보기 : (의학) immunity
免疫
免疫 miǎn​yì​   *免疫* | 免疫* | *免疫 immunity (to disease) HSK 6
免
면할 면,해산할 문 1. 면하다(免--), 벗어나다 2. 용서(容恕)하여 놓아주다 3. 허가하다(許可--) 4. 벗다 5. 해직하다(解職--) 6. 내치다 7. 힘쓰다, 노력하다(努力--) a. 해산하다(解産--), 아이를 낳다 (문) b. 관을 벗고... [부수]儿(어진사람인발) [총획]7획 [난이도]중학용, 읽기 3급II, 쓰기 2급
赦免
사면
①죄나 허물을 용서(容恕)하여 놓아 줌 　②죄(罪)를 용서(容恕)하여 형벌(刑罰)을 면제(免除), 감소(減少), 변경(變更)하는 일. 대통령(大統領)의 권한(權限)이며, 행정권(行政權)이 사법권(司法權)에...
謀免
모면
어떤 일 따위로부터 꾀를 써서 벗어남
罷免
파면
직무(職務)를 그만두게 함
免除
면제
책임(責任)이나 의무(義務)를 벗어나게 해 줌

疫
전염병 역 1. 전염병(傳染病) 2. 돌림병 3. 역귀(돌림병을 퍼뜨리는 귀신) [부수]疒(병질엄) [총획]9획 [난이도]고등용, 읽기 3급II, 쓰기 2급
免疫
면역
①체내(體內)에 병원균(病原菌)이나 독소(毒素)가 침입(侵入)하여도 발병(發病)하지 않을 정도(程度)의 저항력(抵抗力)을 가지는 일 　②호되거나 심한 자극(刺戟)을 받아도 크고 예민(銳敏)하게 반응(反應)을...
紅疫
홍역
얼굴과 몸에 좁쌀 같은 발진(發疹)이 돋으면서 앓는 어린이의 돌림병. 면역성(免疫性)이 강(强)해서 한 번 앓으면 다시는 걸리지 않음
口蹄疫
구제역
발굽이 2개인 소ㆍ돼지 등(等)의 입ㆍ발굽 주변(周邊)에 물집이 생긴 뒤 치사율이 5∼55%에 달하는 가축(家畜)의 제1종 바이러스성 법정(法定) 전염병(傳染病)
防疫
방역
전염병(傳染病)의 발생(發生)을 미리 막음


-----------------------------------
체계

*****DEFINITION*****
system 급여 체계 a salary[wage] structure
體系
体系 tǐ​xì​   *体系* | 体系* | *体系 system / setup / CL: 個｜个 體系 HSK 6
體
몸 체 1. 몸, 신체(身體) 2. 몸소, 친히(親-) 3. 형상(形狀) 4. 근본(根本) 5. 격식(格式) 6. 물질(物質) 7. 물체(物體) 8. 서체(書體) 9. 체재(體裁) 10. 체험하다(體驗--) 11. 체득하다(體得--) 12. 알아주다... [부수]骨(뼈골) [총획]23획 [난이도]중학용, 읽기 6급II, 쓰기 5급II
團體
단체
공동(共同)의 목적(目的)을 달성(達成)하기 위(爲)하여 의식적(意識的)으로 결합(結合)한 두 사람 이상(以上)의 집단(集團). 법인(法人)ㆍ정당(政黨) 등(等)
體系
체계
①낱낱이 다른 것을 통일(統一)한 조직(組織) 　②또는, 그것을 구성(構成)하는 각 부분(部分)을 계통적(系統的)으로 통일(統一)한 전체(全體) 　③일정(一定)한 원리(原理)에 의(依)해 조직(組織)된 ...
具體的
구체적
사물(事物)이 뚜렷한 실체(實體)를 갖추고 실제(實際)의 형체(形體)ㆍ내용(內容)을 가지고 있는 모양(模樣)
全體
전체
①온몸. 전신(全身) 　②전부(全部). 총체　③개개 또는 부분(部分)의 집합(集合)으로 구성(構成)되어 있으면서도 그 총화(總和) 이상(以上)의 기능(機能), 의의(意義), 가치(價値) 따위를 가지는 존재(存在)

系
맬 계 1. 매다 2. 이어매다 3. 묶다 4. 잇다 5. 얽다 6. 매달다 7. 매달리다 8. 끈, 줄 9. 혈통(血統) 10. 핏줄 11. 죄수(罪囚) 12. 실마리 13. 계사(繫辭: 주역의 괘의 설명) 14. 사무 구분(區分)에서 가장... [부수]糸(실사) [총획]7획 [난이도]고등용, 읽기 4급, 쓰기 3급
體系
체계
①낱낱이 다른 것을 통일(統一)한 조직(組織) 　②또는, 그것을 구성(構成)하는 각 부분(部分)을 계통적(系統的)으로 통일(統一)한 전체(全體) 　③일정(一定)한 원리(原理)에 의(依)해 조직(組織)된 ...
系統
계통
①일정(一定)한 차례(次例)에 따라 이어져 있는 것 　②같은 핏줄에서 갈려 나간 무리끼리의 관계(關係) 　③같은 방면(方面)이나 같은 종류(種類) 등(等)에 딸려 있는 것 　④일정(一定)한 원리(原理)나...
生態系
생태계
어느 환경(環境) 안에서 생육(生育)하는 생물군과 그 생물(生物)들을 제어(制御ㆍ制馭)하는 제반 요인(要因)을 포함(包含)한 에너지의 수지(收支)에서의 복합(複合) 체계(體系). 생태학(生態學)의 대상(對象)이...
世系
세계
조상(祖上)으로부터의 대대(代代)의 계통(系統)


-----------------------------------
실명

*****DEFINITION*****
(본명) one's real name 고객의 실명을 확인하다 verify the customer's (real) name
實名
实名 shí​míng​   *实名* | 实名* | *实名 real-name (registration etc) / non-anonymous 實名
實
열매 실,이를 지 1. 열매 2. 씨, 종자 3. 공물(貢物) 4. 재물(財物), 재화(財貨) 5. 내용(內容) 6. 바탕, 본질(本質) 7. 녹봉(祿俸: 벼슬아치에게 주던 급료), 작록(爵祿: 관작(官爵)과 봉록(俸祿)) 8. 자취(어떤 것이... [부수]宀(갓머리) [총획]14획 [난이도]중학용, 읽기 5급II, 쓰기 4급II
事實
사실
①실제(實際)로 있었던 일, 또는 있는 일 　②법률(法律) 상(上)으로 효과(效果)를 내는 현상(現象)이나 경험(經驗) 　③생각하였거나 말한 일에 대(對)하여 현실(現實)로 이루어졌거나 일어난 일로서...
實際
실제
현실(現實)의 경우(境遇)나 형편(形便)
實施
실시
실제(實際)로 시행(施行)함
實踐
실천
①실제(實際)로 해냄 　②자연(自然)이나 사회(社會)를 변혁(變革)하는 의식적(意識的)이고 계획적(計劃的)인 모든 활동(活動) 　③얻어진 인식(認識)의 참과 거짓을 검증(檢證)하는 일

名
이름 명 1. 이름 2. 평판(評判), 소문(所聞) 3. 외관(外觀), 외형(外形) 4. 명분(名分) 5. 공적(功績) 6. 글자, 문자(文字) 7. 이름나다, 훌륭하다 8. 이름하다, 지칭하다(指稱--) [부수]口(입구) [총획]6획 [난이도]중학용, 읽기 7급II, 쓰기 6급
名譽
명예
①세상(世上)에서 인정(認定) 받는 좋은 이름이나 자랑 　②어떤 직위(職位)나 직명(職名) 앞에 쓰이어 그 권위(權威)나 공로(功勞)를 존경(尊敬)하는 뜻으로 쓰이는 이름
名分
명분
명목(名目)이 구별(區別)된 대로 그 사이에 반드시 지켜야 할 도리(道理)나 분수(分數)
名節
명절
①명일을 중심(中心)으로 한 좋은 철 　②민속적(民俗的)으로 해마다 일정(一定)하게 지키어 즐기는 날. 설날, 대보름날, 한식날, 삼짇날, 파일날, 단오날(端午-), 유두날, 백중날, 한가위날, 구월(九月)...
名稱
명칭
사물(事物)이나 현상(現象)을 서로 다른 것 끼리 구별(區別)하여 부르는 이름


-----------------------------------
신장

*****DEFINITION*****
increase 한국은 지난 반세기 동안 국력이 크게 신장했다 Korea's national power has greatly increased in the past 50 years.
伸張
伸张 shēn​zhāng​   *伸张* | 伸张* | *伸张 to uphold (e.g. justice or virtue) / to promote 伸張
伸
펼 신 1. 펴다, 펼치다 2. 늘이다 3. 내뻗다, 내밀다 4. 해명하다, 설명하다(說明--), 진술하다(陳述--) 5. (기지개를)켜다 6. 자다, 눕다 7. 사뢰다 [부수]亻(사람인변) [총획]7획 [난이도]고등용, 읽기 3급, 쓰기 2급
伸張
신장
물체(物體), 세력(勢力)ㆍ권리(權利) 따위를 늘이어 넓게 펴거나 뻗침
伸縮
신축
늘어남과 줄어듦
伸縮性
신축성
①늘어나고 줄어드는 성질(性質) 　②융통성(融通性)
伸長
신장
①길이, 힘 따위를 늘림 　②길게 늘어남

張
베풀 장 1. 베풀다(일을 차리어 벌이다, 도와주어서 혜택을 받게 하다) 2. 어떤 일을 벌이다 3. 기세(氣勢)가 오르다 4. 세게 하다, 성(盛)하게 하다 5. 넓히다, 크게 하다 6. 크게 떠벌이다 7. 내밀다, 드러내다... [부수]弓(활궁) [총획]11획 [난이도]고등용, 읽기 4급, 쓰기 3급
主張
주장
①자기(自己) 의견(意見)을 굳이 내세움 　②또는, 그 지설 　③주재(主宰)
緊張
긴장
①마음을 다잡아 정신(精神)을 바짝 차리거나 몸이 굳어질 정도(程度)로 켕기는 일, 또는 그런 심리(心理) 상태(狀態) 　②곧 무슨 일이 터질 듯이 형편(形便)이나 분위기(雰圍氣) 따위가 예사(例事)롭지...
誇張
과장
사실(事實)보다 지나치게 떠벌려 나타냄
擴張
확장
늘이어서 넓게 함


-----------------------------------
사연

*****DEFINITION*****
(이야기) story (사정) situation, circumstances; (이유) reason 그녀는 사연 많은 인생을 살았다 She's had a difficult life.
事緣
事 事 shì​   *事* | 事* | *事 matter / thing / item / work / affair / CL: 件, 樁｜桩, 回
緣 缘 yuán​   *缘* | 缘* | *缘 cause / reason / karma / fate / predestined affinity / margin / hem / edge / along 緣
事
일 사 1. 일 2. 직업(職業) 3. 재능(才能) 4. 공업(工業), 사업(事業) 5. 관직(官職), 벼슬 6. 국가(國家) 대사(大事) 7. 경치(景致), 흥치(興致) 8. 변고(變故), 사고(事故) 9. 벌(옷을 세는 단위) 10. 섬기다... [부수]亅(갈고리궐) [총획]8획 [난이도]중학용, 읽기 7급II, 쓰기 6급
事實
사실
①실제(實際)로 있었던 일, 또는 있는 일 　②법률(法律) 상(上)으로 효과(效果)를 내는 현상(現象)이나 경험(經驗) 　③생각하였거나 말한 일에 대(對)하여 현실(現實)로 이루어졌거나 일어난 일로서...
事件
사건
①뜻밖에 일어난 사고(事故) 　②사회적(社會的) 관심(關心)이나 주목(注目)을 끌 만한 일
事態
사태
①일이 되어 가는 형편(形便) 　②벌어진 일의 상태(狀態)
事例
사례
①일의 전례(前例) 　②일의 실례(實例)

緣
인연 연,부인 옷 이름 단 1. 인연(因緣), 연줄 2. 연분(緣分) 3. 가장자리, 가선(-縇: 의복의 가장자리를 딴 헝겊으로 가늘게 싸서 돌린 선) 4. 까닭, 이유(理由) 5. 가설(架設) 6. 장식(裝飾) 7. 겉(물체의 바깥 부분) 8. 연유... [부수]糸(실사) [총획]15획 [난이도]고등용, 읽기 4급, 쓰기 3급
因緣
인연
①어떤 사물(事物)들 사이에 맺어지는 관계(關係). 내력(來歷) 　②연분. 어떤 사물과 관계되는 연줄 　③결과(結果)를 얻을 직접(直接) 원인(原因)과 그 인(因)으로 말미암아 얻을 간접적(間接的)인 힘....
事緣
사연
일의 앞 뒤 사정(事情)과 까닭
緣故
연고
①까닭 　②사유(事由) 　③어떤 인연(因緣)으로 맺어진 관계(關係)
學緣
학연
출신(出身) 학교(學校)에 따른 연고(緣故) 관계(關係)


-----------------------------------
인용하다

*****DEFINITION*****
[명사] quotation, citation , [동사] quote, cite 적절한 인용 an apt quotation
引用
引用 yǐn​yòng​   *引用* | 引用* | *引用 to quote / to cite / to recommend / to appoint / (computing) reference HSK 6
引
끌 인 1. (수레를)끌다 2. 당기다 3. 이끌다, 인도하다(引導--) 4. 늘이다, 연장하다(延長--) 5. 맡다 6. 바루다(비뚤어지거나 구부러지지 않도록 바르게 하다) 7. 추천하다(推薦--), 천거하다(薦擧--) 8. 퍼지다,... [부수]弓(활궁) [총획]4획 [난이도]중학용, 읽기 4급II, 쓰기 3급II
引上
인상
①끌어 올림 　②물건값(物件-)을 올림
引受
인수
①물건(物件)이나 권리(權利)를 넘기어 받음　②(경제학(經濟學)) 환어음의 지급인(支給人)이 어음 금액(金額)의 지급(支給) 의무(義務)를 진다는 뜻을 어음에 기재(記載)하고 서명(署名)하는 일
牽引車
견인차
①짐을 실은 차량(車輛)을 끄는 기관차(機關車) 　②견인(牽引) 자동차(自動車) 　③선두에 서서 여러 사람을 이끌어 가는 사람을 비유적(比喩的)으로 이르는 말
引下
인하
①끌어내림 　②떨어뜨림

用
쓸 용 1. 쓰다 2. 부리다, 사역하다(使役--) 3. 베풀다(일을 차리어 벌이다, 도와주어서 혜택을 받게 하다), 시행하다(施行--) 4. 일하다 5. 등용하다(登用ㆍ登庸--) 6. 다스리다 7. 들어주다 8. 하다, 행하다(行--)... [부수]用(쓸용) [총획]5획 [난이도]중학용, 읽기 6급II, 쓰기 5급II
雇用
고용
삯을 주고 사람을 부림
使用
사용
①물건(物件)을 씀 　②사람을 부리어 씀
適用
적용
①맞추어 씀 　②쓰기에 알맞음
利用
이용
①편리(便利)하게 씀 　②자신(自身)을 위(爲)하여 남이나 물품(物品)을 쓸모 있게 씀


-----------------------------------
만신창

*****DEFINITION*****
-----------------------------------
고열

*****DEFINITION*****
high fever 고열에 시달리다 suffer from a high fever
高熱
高热 gāo​rè​   *高热* | 高热* | *高热 a fever 高熱
高
높을 고 1. 높다 2. 뛰어나다 3. 크다 4. 고상하다(高尙--) 5. 존경하다(尊敬--) 6. 멀다 7. 깊다 8. 비싸다 9. 뽐내다 10. 높이, 고도(高度) 11. 위, 윗 12. 높은 곳 13. 높은 자리 14. 위엄(威嚴) [부수]高(높을고) [총획]10획 [난이도]중학용, 읽기 6급II, 쓰기 5급II
最高
최고
①가장 높음 　②제일(第一)임
高校
고교
☞ 고등학교(高等學校)의 준말
高句麗
고구려
B.C. 37년 북부여(北扶餘)의 주몽(朱蒙) 동명왕(東明王)이 세워 A.D. 668년 28대 보장왕(寶藏王) 27년에 이르러 나(羅)ㆍ당(唐) 연합군(聯合軍)에 망한 삼국(三國) 시대(時代)의 한 나라. 700여 년 동안...
高齡化
고령화
사회(社會)에서의 노인(老人)의 인구(人口) 비율(比率)이 높은 상태(狀態)로 나타난 것

熱
더울 열 1. 덥다, 따뜻하다 2. 더워지다, 타다 3. 태우다 4. 바쁘다, 성하다(盛--: 기운이나 세력이 한창 왕성하다) 5. 몸이 달다, 흥분하다(興奮--) 6. 친밀해지다(親密---) 7. 열(熱) 8. 더위, 더운 기운 9.... [부수]灬(연화발) [총획]15획 [난이도]중학용, 읽기 5급, 쓰기 4급
熱風
열풍
뜨거운 바람. 사막(沙漠) 따위에서 여름에 부는 뜨겁고 마른 바람
熱氣
열기
①뜨거운 기운(氣運) 　②높은 신열(身熱) 　③뜨겁게 가열(加熱)된 기체(氣體) 　④흥분(興奮)한 분위기(雰圍氣)
過熱
과열
①지나치게 뜨거워지는 것 　②(비유적(比喩的)으로 쓰여) 지나치게 활기를 띠는 것 　③(물리학(物理學)) 액체(液體)나 증기(蒸氣)를 끓게 하지 않고 끓는점 이상(以上)으로 데우는 것
加熱
가열
물체(物體)에 더운 기운(氣運)을 가함, 열(熱)을 가함


-----------------------------------
부작용

*****DEFINITION*****
side effect 부작용을 일으키다 cause side effects
副作用
副作用 fù​zuò​yòng​   *副作用* | 副作用* | *副作用 side effect HSK 6
副
버금 부,쪼갤 복,쪼갤 핍 1. 버금 2. 다음 3. 둘째 4. 부본(副本: 원본을 베낀 것) 5. 도움 6. 머리꾸미개 7. 머리를 땋아 꾸민 꾸밈 8. 돕다, 보좌하다(補佐ㆍ輔佐--) 9. 곁따르다, 옆에서 시중들다 10. 합당하다(合當--), 알맞다... [부수]刂(선칼도방) [총획]11획 [난이도]고등용, 읽기 4급II, 쓰기 3급II
副作用
부작용
①약이 지닌 그 본래(本來)의 작용(作用) 이외(以外)에 부수되어 일어나는 작용(作用). 보통(普通) 유해(有害)한 것을 이름 　②어떤 일에 부수되어 일어나는 바람직하지 못한 일
副總理
부총리
국무총리(國務總理)가 특별(特別)히 위임(委任)하는 사무(事務)를 처리(處理)하며, 국무총리(國務總理)의 유고시에 대리(代理)하는 국무위원(國務委員). 2008년 2월 정부 조직 개편(改編) 때 폐지(廢止)되었음
副會長
부회장
회장(會長)을 도우며 회장(會長)이 그 직무(職務)를 볼 수 없을 때 그를 대리(代理)하는 직위(職位). 그 사람
副應
부응
무엇에 쫓아서 응(應)함

作
지을 작,저주 저,만들 주 1. 짓다, 만들다 2. 창작하다(創作--) 3. 일하다, 노동하다(勞動--) 4. 행하다(行--), 행동하다(行動--) 5. 부리다, ~하게 하다 6. 일어나다 7. 일으키다 8. 이르다(어떤 정도나 범위에 미치다), 미치... [부수]亻(사람인변) [총획]7획 [난이도]중학용, 읽기 6급II, 쓰기 5급II
始作
시작
①처음으로 함 　②하기를 비롯함
副作用
부작용
①약이 지닌 그 본래(本來)의 작용(作用) 이외(以外)에 부수되어 일어나는 작용(作用). 보통(普通) 유해(有害)한 것을 이름 　②어떤 일에 부수되어 일어나는 바람직하지 못한 일
製作
제작
①재료(材料)를 가지고 물건(物件)을 만듦 　②제술(製述) 　③영화(映畫)ㆍ연극(演劇)ㆍ방송(放送) 프로 등(等)을 맡은 사람이 협력(協力)하여 만듦
作業
작업
①일터에서 연장이나 기계(機械)를 가지고 일을 함 　②또는, 그러한 일

用
쓸 용 1. 쓰다 2. 부리다, 사역하다(使役--) 3. 베풀다(일을 차리어 벌이다, 도와주어서 혜택을 받게 하다), 시행하다(施行--) 4. 일하다 5. 등용하다(登用ㆍ登庸--) 6. 다스리다 7. 들어주다 8. 하다, 행하다(行--)... [부수]用(쓸용) [총획]5획 [난이도]중학용, 읽기 6급II, 쓰기 5급II
雇用
고용
삯을 주고 사람을 부림
使用
사용
①물건(物件)을 씀 　②사람을 부리어 씀
適用
적용
①맞추어 씀 　②쓰기에 알맞음
利用
이용
①편리(便利)하게 씀 　②자신(自身)을 위(爲)하여 남이나 물품(物品)을 쓸모 있게 씀


-----------------------------------
고관절

*****DEFINITION*****
(해부) a hip joint, a coxa (pl. Coxae) 고관절염 coxitis
股關節
髋关节 kuān​guān​jié​   *髋关节* | 髋关节* | *髋关节 pelvis / hip joint 髖關節
买关节 mǎi​guān​jié​   *买关节* | 买关节* | *买关节 to offer a bribe 買關節
指关节 zhǐ​guān​jié​   *指关节* | 指关节* | *指关节 knuckle 指關節
通关节 tōng​guān​jié​   *通关节* | 通关节* | *通关节 to facilitate by means of bribery 通關節
卖关节 mài​guān​jié​   *卖关节* | 卖关节* | *卖关节 to solicit a bribe / to accept a bribe 賣關節
股
넓적다리 고 1. 넓적다리 2. 정강이 3. 고(股: 직각삼각형의 직각을 이룬 긴 부분) 4. 가닥(한군데서 갈려 나온 낱낱의 줄) 5. 가지 6. 끝 7. 가닥이 지다 [부수]月(육달월) [총획]8획 [난이도]읽기 1급, 쓰기 특급
股關節
고관절
비구(髀臼)와 넓적다리뼈를 연결(連結)하는 관절(關節)
句股
구고
☞ 구고(勾股)
勾股
구고
☞ 직각삼각형(直角三角形)의 옛 이름
股本錢
고본전
☞ 고본금(股本金)

關
관계할 관,당길 완 1. 관계하다(關係--) 2. 닫다 3. 끄다 4. 가두다 5. 감금하다(監禁--) 6. 주다, 받다 7. 관문(關門) 8. 세관(稅關) 9. 기관(機關) 10. 빗장 11. 난관(難關) a. (시위를)당기다 (완) [부수]門(문문) [총획]19획 [난이도]중학용, 읽기 5급II, 쓰기 4급II
關聯
관련
①어떤 일과 다른 일과의 사이에 인과적인 관계(關係)가 있음 　②연관(聯關)
關係
관계
①둘 이상(以上)이 서로 걸림 　②서로 관련(關聯)이 있음 　③남녀(男女)의 성교(性交)
機關
기관
①물건(物件)을 활동(活動)시키는 장치(裝置)를 하여 놓은 기계(機械) 　②열에너지를 받아 이것을 기계적(機械的) 에너지로 하여 딴 데로 보내는 기계(機械) 장치(裝置). 곧 증기기관(蒸氣機關). 내연(內燃)...
關係者
관계자
어떤 일에 관계(關係)되는 사람

節
마디 절 1. (식물의)마디 2. (동물의)관절(關節) 3. 예절(禮節) 4. 절개(節槪ㆍ節介), 절조(節操: 절개와 지조를 아울러 이르는 말) 5. 철, 절기(節氣) 6. 기념일(記念日), 축제일(祝祭日), 명절(名節) 7. 항목(項目),... [부수]竹(대죽) [총획]15획 [난이도]중학용, 읽기 5급II, 쓰기 4급II
節次
절차
일의 순서(順序)나 방법(方法). 수속(手續)
節氣
절기
한 해 동안을 24로 가른 철
節約
절약
아끼어 씀
調節
조절
①사물(事物)을 정도(程度)에 맞추어서 잘 고르게 함 　②눈의 망막(網膜)과 수정체(水晶體)의 거리(距離)를 조절(調節)하거나 또는 수정체(水晶體)의 모양(模樣)을 바꾸어, 광선(光線)의 입사각(入射角)을...


-----------------------------------
혈성

*****DEFINITION*****
sincerity; a true heart; devotion.
血誠
血 血 xuè​   *血* | 血* | *血 blood / colloquial pr. [xie3] / CL: 滴, 片 HSK 4
誠 诚 chéng​   *诚* | 诚* | *诚 honest / sincere / true 誠
血
피 혈 1. 피 2. 근친(近親) 3. (슬픔의)눈물 4. 빨간색 5. 월경(月經) 6. (피를)칠하다 7. 물들이다 [부수]血(피혈) [총획]6획 [난이도]중학용, 읽기 4급II, 쓰기 3급II
血液
혈액
사람 또는 동물(動物)의 몸 안에 돌며 산소(酸素)와 영양(營養)을 공급(供給)하는 붉은빛의 액체(液體). 피를 의학(醫學)ㆍ생리학(生理學)ㆍ생물학(生物學) 등(等)에서 이르는 말. 주(主)로, 치료(治療...
獻血
헌혈
자기(自己)의 피를 다른 사람에게 뽑아 주는 일
輸血
수혈
빈혈(貧血)이나 그밖의 치료(治療)의 목적(目的)으로, 건강(健康)한 사람의 혈액(血液)을 환자(患者)의 혈관(血管) 내(內)에 주입(注入)하는 일. 외상(外傷) 또는 수술(手術)로 인(因)한 실혈, 위장(胃腸)...
喀血
객혈
폐병 따위로 폐, 기관지(氣管支), 점막(粘膜) 등(等)에서 피를 토함

誠
정성 성 1. 정성(精誠) 2. 진실(眞實) 3. 참 4. 참으로 5. 만약(萬若), 과연(果然) 6. 참되게 하다 7. 삼가다(몸가짐이나 언행을 조심하다), 공경하다(恭敬--) 8. 자세하다(仔細ㆍ子細--) [부수]言(말씀언) [총획]14획 [난이도]중학용, 읽기 4급II, 쓰기 3급II
誠實
성실
①정성(精誠)스럽고 참됨 　②착실(着實)함
精誠
정성
온갖 성의를 다하려는, 참되고 거짓이 없는 성실(誠實)한 마음
忠誠
충성
①마음에서 우러나는 정성(精誠) 　②나라와 임금 등(等)에게 몸과 마음을 다하여 헌신(獻身)하는 것
誠意
성의
어떤 일을 정성껏(精誠-) 하는 태도(態度)나 마음


-----------------------------------
인공

*****DEFINITION*****
artificiality 인공의 artificial
人工
人工 rén​gōng​   *人工* | 人工* | *人工 artificial / manpower / manual work HSK 6
人
사람 인 1. 사람, 인간(人間) 2. 다른 사람, 타인(他人), 남 3. 딴 사람 4. 그 사람 5. 남자(男子) 6. 어른, 성인(成人) 7. 백성(百姓) 8. 인격(人格) 9. 낯, 체면(體面), 명예(名譽) 10. 사람의 품성(稟性), 사람됨... [부수]人(사람인) [총획]2획 [난이도]중학용, 읽기 8급, 쓰기 6급II
個人
개인
①국가(國家)나 사회(社會)에 대(對)하여 이를 구성(構成)하는 하나하나의 사람 　②한 사람 한 사람 　③각자
人物
인물
①사람 　②뛰어난 사람. 인재(人材) 　③사람의 얼굴 모양(模樣) 　④사람의 됨됨이. 인품(人品)
人事
인사
①안부(安否)를 묻거나 공경(恭敬)의 뜻을 표(表)하는 일 　②받은 은혜(恩惠)에 대(對)하여 갚거나 치하(致賀)하는 일 　③서로 알지 못하던 사람끼리 성명(姓名)을 통(通)하여 자기(自己)를 소개(紹介)하는...
人權
인권
사람으로서의 권리(權利)

工
장인 공 1. 장인(匠人) 2. 기교(技巧), 솜씨 3. 일, 기능(技能) 4. 공업(工業) 5. 인공(人工) 6. 여공(女工) 7. 벼슬아치, 관리(官吏) 8. 악인(樂人), 음악(音樂)을 연주하는 사람 9. 공교하다(工巧--: 솜씨나... [부수]工(장인공) [총획]3획 [난이도]중학용, 읽기 7급II, 쓰기 6급
工夫
공부
학문(學問)이나 기술(技術)을 닦는 일
工場
공장
많은 노동자(勞動者)를 써서 물건(物件)을 만들거나 가공(加工), 생산(生産)에 종사(從事)하는 시설(施設)
工事
공사
공장(工場)이나 토목(土木), 건축(建築) 등(等)에 관(關)한 일
工業
공업
자연물(自然物)이나 거칠게 만든 물품(物品)에 인공(人工)을 가(加)하여 유용(有用)한 물품(物品)을 만드는 생산업(生産業). 현재(現在)는 주(主)로 공장(工場)에서 기계(機械)로써 만들어 내는 것을 일컬음


-----------------------------------
관절

*****DEFINITION*****
joint 무릎 관절 the knee joint
關節
关节 guān​jié​   *关节* | 关节* | *关节 joint (physiology) / key point / critical phase 關節
關
관계할 관,당길 완 1. 관계하다(關係--) 2. 닫다 3. 끄다 4. 가두다 5. 감금하다(監禁--) 6. 주다, 받다 7. 관문(關門) 8. 세관(稅關) 9. 기관(機關) 10. 빗장 11. 난관(難關) a. (시위를)당기다 (완) [부수]門(문문) [총획]19획 [난이도]중학용, 읽기 5급II, 쓰기 4급II
關聯
관련
①어떤 일과 다른 일과의 사이에 인과적인 관계(關係)가 있음 　②연관(聯關)
關係
관계
①둘 이상(以上)이 서로 걸림 　②서로 관련(關聯)이 있음 　③남녀(男女)의 성교(性交)
機關
기관
①물건(物件)을 활동(活動)시키는 장치(裝置)를 하여 놓은 기계(機械) 　②열에너지를 받아 이것을 기계적(機械的) 에너지로 하여 딴 데로 보내는 기계(機械) 장치(裝置). 곧 증기기관(蒸氣機關). 내연(內燃)...
關係者
관계자
어떤 일에 관계(關係)되는 사람

節
마디 절 1. (식물의)마디 2. (동물의)관절(關節) 3. 예절(禮節) 4. 절개(節槪ㆍ節介), 절조(節操: 절개와 지조를 아울러 이르는 말) 5. 철, 절기(節氣) 6. 기념일(記念日), 축제일(祝祭日), 명절(名節) 7. 항목(項目),... [부수]竹(대죽) [총획]15획 [난이도]중학용, 읽기 5급II, 쓰기 4급II
節次
절차
일의 순서(順序)나 방법(方法). 수속(手續)
節氣
절기
한 해 동안을 24로 가른 철
節約
절약
아끼어 씀
調節
조절
①사물(事物)을 정도(程度)에 맞추어서 잘 고르게 함 　②눈의 망막(網膜)과 수정체(水晶體)의 거리(距離)를 조절(調節)하거나 또는 수정체(水晶體)의 모양(模樣)을 바꾸어, 광선(光線)의 입사각(入射角)을...


-----------------------------------
삽입

*****DEFINITION*****
insertion, interposition, interpolation, 삽입하다 insert, interpose, interpolate, put (a thing) in 신문의 삽입 광고 a leaflet[an advertising leaflet] inserted in a newspaper
揷入
揷 插 chā​   *插* | 插* | *插 old variant of 插 揷 HSK 5
入 入 rù​   *入* | 入* | *入 to enter / to go into / to join / to become a member of / to confirm or agree with / abbr. for 入聲｜入声
揷
꽂을 삽 1. 꽂다 2. 끼우다 3. 삽입하다 4. 찌르다 5. 개입하다(介入--) 6. 끼어들다 7. 가래(흙을 파헤치거나 떠서 던지는 기구) [부수]扌(재방변) [총획]12획 [난이도]읽기 2급, 쓰기 1급
揷畫
삽화
주로, 신문(新聞)ㆍ잡지(雜誌)ㆍ서적(書籍)의 문장(文章) 속에서 문장(文章)의 내용(內容)을 보완(補完)하거나 이해(理解)를 돕도록 장면(場面)을 묘사(描寫)하여 그린 그림
揷面
삽면
☞ 자자(刺字)
揷架
삽가
서가(書架). 책시렁
揷入
삽입
(원 줄거리에) 끼워 넣음. 끼움, 꽂음

入
들 입 1. 들다, 들이다 2. 간여하다(干與--) 3. 빠지다, 지나치게 정신(精神)이 쏠려 헤어나지 못하다 4. 시집보내다, 받아들이다 5. 떨어지다, 떨어뜨리다 6. 투신하다(投身--) 7. 섬기다, 벼슬하다 8. 공략... [부수]入(들입) [총획]2획 [난이도]중학용, 읽기 7급, 쓰기 6급
輸入
수입
①외국(外國)으로부터 물품(物品)을 사 들임 　②외국(外國)의 사상(思想)이나 문물(文物), 제도(制度), 풍습(風習) 등(等)을 배워서 들여옴의 비유(比喩ㆍ譬喩)
導入
도입
①끌어들임. 인도(引導)하여 들임 　②학습(學習) 지도(指導) 과정(課程)의 최초(最初)의 단계(段階). 단원(單元)의 전개(展開)에 있어, 단원의 내용(內容)을 효과적(效果的)으로 피(被) 교육자(敎育者)가...
購入
구입
물건(物件)을 사들임
介入
개입
①어떠한 사건(事件)에 관계(關係)하게 됨 　②이쪽과 저쪽의 사이에 들어감


-----------------------------------
포도망막염

*****DEFINITION*****
grape 포도 한 송이 a bunch of grapes

-----------------------------------
시력

*****DEFINITION*****
(eye)sight, vision 시력이 좋다 have good (eye)sight
視力
视力 shì​lì​   *视力* | 视力* | *视力 vision / eyesight 視力 HSK 6
視
볼 시 1. 보다 2. 엿보다 3. 보이다 4. 간주하다(看做--) 5. 맡아보다 6. 본받다 7. 성(姓)의 하나 [부수]見(볼견) [총획]12획 [난이도]중학용, 읽기 4급II, 쓰기 3급II
無視
무시
①존재(存在)나 있는 값어치를 알아주지 아니함 　②사람을 깔보거나 업신여김 　③눈여겨 보지 않음
監視
감시
①경계(警戒)하기 위(爲)하여 미리 감독(監督)하고 살피어 봄 　②주의(注意)하여 지킴
視角
시각
①보고 있는 물체(物體)의 양 끝에서 눈에 이르는 두 직선(直線)이 이루는 각 　②무엇을 보는 각도(角度). 보거나 생각하는 방향(方向)
視覺
시각
①빛의 자극(刺戟)을 받아 눈으로 느끼는 것 　②눈의 감각(感覺)

力
힘 력,힘 역 1. 힘 2. 하인(下人) 3. 일꾼, 인부(人夫) 4. 군사(軍士), 병사(兵士) 5. 힘쓰다, 부지런히 일하다 6. 심하다(甚--: 정도가 지나치다), 어렵다, 매우 힘들다 7. 힘주다 8. 있는 힘을 다하여, 애써 [부수]力(힘력) [총획]2획 [난이도]중학용, 읽기 7급II, 쓰기 6급
努力
노력
①힘을 씀, 힘을 다함 　②어떤 일을 이루기 위(爲)해 어려움이나 괴로움 등(等)을 이겨 내면서 애쓰거나 힘쓰는 것
能力
능력
①일을 감당(堪當)하거나 해결(解決)해 낼 수 있는 힘 　②어떤 일에 대(對)하여 요구(要求)되고 적당(適當)하다고 인정(認定)되는 자격(資格)
勢力
세력
①권력(權力)이나 기세(氣勢)의 힘 　②일을 하는데 필요(必要)한 힘
壓力
압력
①두 물체(物體)의 접속(接續) 면(面) 또는 한 물체(物體) 속의 어느 단면(斷面)을 생각할 때 그 면을 경계(境界)로 양쪽 부분(部分)이 수직(垂直)으로 누르는 힘 　②권세(權勢) 따위로 누르는 힘


-----------------------------------
항생제

*****DEFINITION*****
antibiotic 항생제를 투여하다 administer antibiotics
抗生劑
抗生素 kàng​shēng​sù​   *抗生素* | 抗生素* | *抗生素 antibiotic
抗
겨룰 항,큰길 강 1. 겨루다 2. 대항하다(對抗--), 대적하다(對敵--) 3. 들다, 들어 올리다 4. 막다, 저지하다(沮止--) 5. 높다 6. 올리다, 승진시키다(昇進ㆍ陞進---) 7. 구하다(求--), 두둔하다(斗頓--) 8. 감추다, 숨기다... [부수]扌(재방변) [총획]7획 [난이도]고등용, 읽기 4급, 쓰기 3급
抵抗
저항
①힘의 작용(作用)에 대(對)해 그 방향(方向)과 반대(反對)의 방향(方向)으로 작용(作用)하는 힘 　②권력(權力)이나 권위(權威). 또는 낡은 도덕(道德)에의 반항(反抗) 　③적과 마주 대(對)하여 버팀
抗議
항의
반대(反對)하는 뜻을 폄
抗拒
항거
대항(對抗)함. 버팀
對抗
대항
①서로 맞서서 버티어 겨룸 　②서로 상대(相對)하여 승부(勝負)를 다툼 　③법률(法律) 관계(關係)에서 사실(事實)의 주장(主張)을 관철(貫徹)하여 다른 사람을 배척(排斥)함

生
날 생 1. 나다 2. 낳다 3. 살다 4. 기르다 5. 서투르다 6. 싱싱하다 7. 만들다 8. 백성(百姓) 9. 선비(학식은 있으나 벼슬하지 않은 사람을 이르던 말) 10. 자기(自己)의 겸칭(謙稱) 11. 사람 12. 날(익지 않음)... [부수]生(날생) [총획]5획 [난이도]중학용, 읽기 8급, 쓰기 6급II
發生
발생
①(어떤 사건(事件)이나 사물(事物) 현상(現象)이 어느 곳 또는 세상(世上)에) 생겨나거나 나타나는 것 　②(생물학(生物學)ㆍ생리학) 세포(細胞)의 증식(增殖)ㆍ분화(分化)ㆍ형태(形態) 형성(形成) 등(等)에...
生活
생활
①살아서 활동(活動)함. 생계(生計)를 유지(維持)하여 살아나감 　②먹고 입고 쓰고 하는 등(等)의 살림살이 　③일정(一定)한 조직체(組織體)에 매여 구성원(構成員)으로 활동(活動)함
學生
학생
①배우는 사람, 주(主)로 학교(學校)에 다니면서 공부(工夫)하는 사람 　②벼슬하지 아니하고 죽은 사람의 명정, 지방(紙榜), 신주(神主) 따위에 쓰는 존칭(尊稱) 　③신라(新羅) 때 국학(國學)에서 가르침을...
先生
선생
①학생(學生)을 가르치는 사람. 학예(學藝), 기예(技藝) 등(等)을 남에게 가르치는 사람 　②자기(自己)보다 학식(學識)이 높은 사람을 높이어 일컫는 말 　③남을 존대(尊待)하여 부르는 말. 흔히 성이나...

劑
약제 제,엄쪽 자 1. 약제(藥劑) 2. 첩(약봉지를 세는 단위) 3. 조제하다(調劑--), 배합하다(配合--) 4. 조절하다(調節--) 5. 쪼개다, 가지런히 끊다 6. 나란하다(여럿이 줄지어 늘어선 모양이 가지런하다), 가지런히 하다... [부수]刂(선칼도방) [총획]16획 [난이도]읽기 2급, 쓰기 1급
注射劑
주사제
피부(皮膚)나 점막(粘膜)을 통(通)하여 체내(體內)에 직접(直接) 적용(適用)하는 무균(無菌) 제제(製劑)
抗生劑
항생제
항생 물질(物質)로 된 약제(藥劑)
觸媒劑
촉매제
촉매(觸媒)로 쓰는 약제(藥劑)
藥劑
약제
조제하거나 또는 사용(使用)할 수 있게 만든 약재(藥材)


-----------------------------------
대못

*****DEFINITION*****
a large[big] nail[peg] 대못을 박다 spike
大
大 dà​   *大* | 大* | *大 big / huge / large / major / great / wide / deep / older (than) / oldest / eldest / greatly / very much / (dialect) father / father's elder or younger brother HSK 1
大 dài​   *大* | 大* | *大 see 大夫
加 jiā​   *加* | 加* | *加 to add / plus / (used after an adverb such as 不, 大, 稍 etc, and before a disyllabic verb, to indicate that the action of the verb is applied to sth or sb previously mentioned) / to apply (restrictions etc) to (sb) / to give (support, consideration etc) to (sth)
了去了 le​qù​le​   *了去了* | 了去了* | *了去了 (coll.) (after adjectives such as 多, 大, 远, 高) very / extremely
大
클 대,큰 대,클 태,클 다 1. 크다, 심하다(甚--: 정도가 지나치다) 2. 높다, 존귀하다(尊貴--) 3. 훌륭하다, 뛰어나다 4. 자랑하다, 뽐내다, 교만하다(驕慢--) 5. 많다, 수효(數爻)가 많다 6. 중(重)히 여기다, 중요시하다(重要視--)... [부수]大(큰대) [총획]3획 [난이도]중학용, 읽기 8급, 쓰기 6급II
大統領
대통령
공화국(共和國)의 원수(元首). 국민(國民)에 의(依)하여 직접(直接) 선출(選出)되거나, 국회(國會) 또는 기타 기관(機關)에 의(依)하여 간접(間接)으로 선출(選出)됨. 일정(一定)한 임기(任期) 동안 그...
擴大
확대
①모양이나 규모(規模) 따위를 늘이어서 크게 함 　②크게 넓힘
廓大
확대
넓혀서 크게 함
大學
대학
①국가(國家)와 인류(人類) 사회(社會) 발전(發展)에 필요(必要)한 학술(學術)의 심오(深奧)한 이론(理論)과 그 광범(廣範)하고 정치(精緻)한 응용(應用) 방법(方法)을 교수(敎授) 연구(硏究)하며 지도적(指導的)...


-----------------------------------
섬유근통

*****DEFINITION*****
섬유근통증성

-----------------------------------
수시다

*****DEFINITION*****
그는 대학 수시 모집에 합격했다 He was accepted by the university through nonscheduled[rolling] admission.

-----------------------------------
발작

*****DEFINITION*****
seizure; (경련) convulsion 간질 발작 an epileptic seizure
發作
发作 fā​zuò​   *发作* | 发作* | *发作 to flare up / to break out 發作
發
필 발 1. 피다 2. 쏘다 3. 일어나다 4. 떠나다 5. 나타나다 6. 드러내다 7. 밝히다 8. 들추다 9. 계발하다(啓發--) 10. 베풀다(일을 차리어 벌이다, 도와주어서 혜택을 받게 하다) 11. 빠른 발 모양 [부수]癶(필발머리) [총획]12획 [난이도]중학용, 읽기 6급II, 쓰기 5급II
發表
발표
널리 드러내어 세상(世上)에 알림
發展
발전
①한 상태(狀態)로부터 더 잘 되고 좋아지는 상태(狀態)로 일이 옮아가는 과정(過程) 　②널리 뻗어 나감
開發
개발
①미개지(未開地)를 개척(開拓)하여 발전(發展)시킴 　②산업(産業)을 일으켜 자원(資源)으로 인간(人間) 사회(社會)를 도움 　③아이들을 교육(敎育)시키는 데 문답식을 써서 자발적(自發的)으로 이해...
發生
발생
①(어떤 사건(事件)이나 사물(事物) 현상(現象)이 어느 곳 또는 세상(世上)에) 생겨나거나 나타나는 것 　②(생물학(生物學)ㆍ생리학) 세포(細胞)의 증식(增殖)ㆍ분화(分化)ㆍ형태(形態) 형성(形成) 등(等)에...

作
지을 작,저주 저,만들 주 1. 짓다, 만들다 2. 창작하다(創作--) 3. 일하다, 노동하다(勞動--) 4. 행하다(行--), 행동하다(行動--) 5. 부리다, ~하게 하다 6. 일어나다 7. 일으키다 8. 이르다(어떤 정도나 범위에 미치다), 미치... [부수]亻(사람인변) [총획]7획 [난이도]중학용, 읽기 6급II, 쓰기 5급II
始作
시작
①처음으로 함 　②하기를 비롯함
副作用
부작용
①약이 지닌 그 본래(本來)의 작용(作用) 이외(以外)에 부수되어 일어나는 작용(作用). 보통(普通) 유해(有害)한 것을 이름 　②어떤 일에 부수되어 일어나는 바람직하지 못한 일
製作
제작
①재료(材料)를 가지고 물건(物件)을 만듦 　②제술(製述) 　③영화(映畫)ㆍ연극(演劇)ㆍ방송(放送) 프로 등(等)을 맡은 사람이 협력(協力)하여 만듦
作業
작업
①일터에서 연장이나 기계(機械)를 가지고 일을 함 　②또는, 그러한 일


-----------------------------------
일으키다

*****DEFINITION*****
(몸을) raise (up), pick (sb) up, set (sb) upright; (일으켜 앉히다) sit (sb) upright 일으켜 세우다 raise sb up 5개 뜻 더보기 : (몸을) raise (up), pick (sb) up, set (sb) upright; (일으켜 앉히다) sit (sb) upright

-----------------------------------
편두통

*****DEFINITION*****
migraine 그녀는 심한 편두통에 시달리고 있다 She suffers from severe migraine.
偏頭痛
偏头痛 piān​tóu​tòng​   *偏头痛* | 偏头痛* | *偏头痛 migraine 偏頭痛
偏
치우칠 편 1. 치우치다, 쏠리다, 기울다 2. 편향되다(偏向--), 편중되다(偏重--) 3. 먼저 실례하다(失禮--) 4. 속이다 5. 나부끼다 6. 곁, 가 7. 반, 절반(折半) 8. 한쪽, 한편 9. 하나, 한 사람 10. 보좌(補佐ㆍ輔佐)... [부수]亻(사람인변) [총획]11획 [난이도]고등용, 읽기 3급II, 쓰기 2급
偏頗
편파
치우쳐 공평(公平)하지 못함
偏見
편견
공정(公正)하지 못하고 한쪽으로 치우친 생각
偏狹
편협
생각이나 도량(度量)이 좁고 편벽(偏僻)됨
偏向
편향
①한 쪽으로 치우침 　②대전 입자(粒子)의 비행(飛行) 방향(方向)을 전계나 자계를 가(加)하여 변화(變化)시킴

頭
머리 두 1. 머리 2. 꼭대기, 최상부(最上部) 3. 우두머리 4. 처음, 시초(始初) 5. 첫째, 상위(上位) 6. 맨 앞, 선단(先端) 7. 근처(近處), 근방(近方) 8. 변두리 9. 물건을 셀 때의 단위, 마리 10. 사람을 세는... [부수]頁(머리혈) [총획]16획 [난이도]중학용, 읽기 6급, 쓰기 5급
口頭禪
구두선
실행(實行)함이 없이 말로만 거창하게 떠들어대는 일
沒頭
몰두
다른 생각을 할 여유(餘裕)가 없이 어떤 일에 오로지 파묻힘
饅頭
만두
밀가루를 반죽하여 고기나 야채(野菜) 등(等)을 다져 만든 소를 넣고 둥글거나 길둥글게 빚어 찌거나 삶거나 튀긴 음식(飮食)
念頭
염두
①머리 속의 생각 　②마음속

痛
아플 통 1. (몸이)아프다 2. 아파하다, 애석히 여기다 3. 번민하다(煩悶--), 고민하다(苦悶--) 4. 슬퍼하다, 슬프다 5. 간절하다(懇切--) 6. 사무치다 7. 괴롭히다 8. 원망하다(怨望--) 9. 높고 험하다 10. (힘을)다하다... [부수]疒(병질엄) [총획]12획 [난이도]고등용, 읽기 4급, 쓰기 3급
苦痛
고통
몸이나 마음의 괴로움과 아픔
陣痛
진통
①아이를 낳을 때 주기적(週期的)으로 오는 아픈 통증(痛症)　②사물(事物)을 완성(完成)하기 직전(直前)에 겪는 어려움의 비유(比喩ㆍ譬喩)
痛哭
통곡
①소리를 높여 슬피 욺 　②아주 슬퍼함
痛歎
통탄
①몹시 탄식(歎息ㆍ嘆息)함 　②또는 그런 탄식(歎息ㆍ嘆息)


-----------------------------------
천식

*****DEFINITION*****
(bronchial) asthma 그녀는 천식을 심하게 앓고 있다 She suffers badly from asthma.
喘息
喘息 chuǎn​xī​   *喘息* | 喘息* | *喘息 to gasp for breath / to take a breather
喘
숨찰 천 1. 숨차다 2. 헐떡이다 3. 기침병 4. 숨(공기를 들이마시고 내쉬는 기운) 5. 호흡(呼吸) [부수]口(입구) [총획]12획 [난이도]읽기 1급, 쓰기 특급
喘息
천식
기관지(氣管支)에 경련(痙攣)이 일어나는 병(病). 숨이 가쁘고 기침이 나며 가래가 심(甚)함
喘息藥
천식약
기관지(氣管支) 천식(喘息)을 치료(治療)하는 약(藥)
咳喘
해천
기침과 천식(喘息)
喘滿
천만
숨이 차서 가슴이 몹시 벌떡거리는 것

息
쉴 식 1. 쉬다 2. 숨 쉬다, 호흡하다(呼吸--) 3. 생존하다(生存--) 4. 살다, 생활하다(生活--) 5. 번식하다(繁殖ㆍ蕃殖ㆍ蕃息--) 6. 자라다, 키우다 7. 그치다, 그만두다, 중지하다(中止--) 8. 망하다(亡--),... [부수]心(마음심) [총획]10획 [난이도]고등용, 읽기 4급II, 쓰기 3급II
消息
소식
①천지(天地) 시운(時運)이 돌고 돌아 자꾸 변화(變化)함. 일월(日月)의 내왕(來往). 때의 변천(變遷). 영고(榮枯)와 성쇠(盛衰). 풍신(風信) 　②안부(安否) 상황(狀況) 또는 새로이 생기는 사실(事實)...
子息
자식
①아들과 딸의 총칭(總稱) 　②남을 욕할 때 일컫는 말
棲息
서식
동물(動物)이 깃들여 삶
休息
휴식
하던 일을 멈추고 잠깐 동안 쉼


-----------------------------------
백혈구

*****DEFINITION*****
white blood cell, white corpuscle, leukocyte 백혈구는 감염과 질병을 막아 준다 White blood cells stave off infection and disease.
白血球
白血球 bái​xuè​qiú​   *白血球* | 白血球* | *白血球 white blood cell / leucocyte
白
흰 백 1. 희다 2. 깨끗하다 3. 분명하다(分明--), 명백하다(明白--) 4. 진솔하다 5. 밝다, 밝아지다 6. 빛나다 7. 비다, (가진 것이)없다 8. 아뢰다, 탄핵하다(彈劾--) 9. 흘겨보다, 경멸하다(輕蔑--) 10. 흰빛... [부수]白(흰백) [총획]5획 [난이도]중학용, 읽기 8급, 쓰기 6급II
蛋白質
단백질
아미노산으로 구성(構成)된 고분자(高分子) 화합물(化合物). 생물(生物) 세포(細胞)의 원형질(原形質)을 구성(構成)하는 주요(主要) 물질(物質)이며, 생명(生命) 현상(現象)과 밀접(密接)한 관련(關聯)을...
白露
백로
①24절기(節氣)의 열다섯째. 처서와 추분(秋分) 사이에 듦 　②흰 이슬
告白
고백
①숨긴 일이나 생각한 바를 사실(事實)대로 솔직(率直)하게 말함 　②참회자가 고백(告白) 성사를 통(通)해 죄(罪)를 용서(容恕)받으려고 고해 신부(神父)에게 지은 죄(罪)를 솔직(率直)히 말하는 일
明白
명백
의심(疑心)할 것 없이 아주 뚜렷하고 환함

血
피 혈 1. 피 2. 근친(近親) 3. (슬픔의)눈물 4. 빨간색 5. 월경(月經) 6. (피를)칠하다 7. 물들이다 [부수]血(피혈) [총획]6획 [난이도]중학용, 읽기 4급II, 쓰기 3급II
血液
혈액
사람 또는 동물(動物)의 몸 안에 돌며 산소(酸素)와 영양(營養)을 공급(供給)하는 붉은빛의 액체(液體). 피를 의학(醫學)ㆍ생리학(生理學)ㆍ생물학(生物學) 등(等)에서 이르는 말. 주(主)로, 치료(治療...
獻血
헌혈
자기(自己)의 피를 다른 사람에게 뽑아 주는 일
輸血
수혈
빈혈(貧血)이나 그밖의 치료(治療)의 목적(目的)으로, 건강(健康)한 사람의 혈액(血液)을 환자(患者)의 혈관(血管) 내(內)에 주입(注入)하는 일. 외상(外傷) 또는 수술(手術)로 인(因)한 실혈, 위장(胃腸)...
喀血
객혈
폐병 따위로 폐, 기관지(氣管支), 점막(粘膜) 등(等)에서 피를 토함

球
공 구 1. 공(둥근 물체) 2. 옥(玉) 3. 옥으로 만든 경쇠 4. 둥글다 [부수]王(구슬옥변) [총획]11획 [난이도]고등용, 읽기 6급II, 쓰기 5급II
地球
지구
①사람이 살고 있는 땅 덩어리 　②인류(人類)가 살고 있는 천체(天體)
蹴球
축구
11명이 한 팀이 되어 혁제(革製)의 볼을 차서 상대편(相對便)의 골 속에 넣음으로써 승부(勝負)를 다투는 경기(競技)
地球村
지구촌
텔레비전ㆍ컴퓨터 등(等)의 전자(電子) 통신(通信) 매체(媒體)의 개발(開發)과 교통(交通) 수단(手段)의 눈부신 발달(發達)로 모든 나라가 하나의 마을처럼 상호(相互) 의존적(依存的)으로 깊은 관계(關係)를...
卓球
탁구
나무로 된 대(臺)의 중앙(中央)에 네트를 치고 셀룰로이드 공을 라켓으로 쳐 넘겨 승부(勝負)를 겨루는 실내(室內) 경기(競技)


-----------------------------------
혈소판

*****DEFINITION*****
(blood) platelet, thrombocyte
血小板
血小板 xuè​xiǎo​bǎn​   *血小板* | 血小板* | *血小板 blood platelet
血
피 혈 1. 피 2. 근친(近親) 3. (슬픔의)눈물 4. 빨간색 5. 월경(月經) 6. (피를)칠하다 7. 물들이다 [부수]血(피혈) [총획]6획 [난이도]중학용, 읽기 4급II, 쓰기 3급II
血液
혈액
사람 또는 동물(動物)의 몸 안에 돌며 산소(酸素)와 영양(營養)을 공급(供給)하는 붉은빛의 액체(液體). 피를 의학(醫學)ㆍ생리학(生理學)ㆍ생물학(生物學) 등(等)에서 이르는 말. 주(主)로, 치료(治療...
獻血
헌혈
자기(自己)의 피를 다른 사람에게 뽑아 주는 일
輸血
수혈
빈혈(貧血)이나 그밖의 치료(治療)의 목적(目的)으로, 건강(健康)한 사람의 혈액(血液)을 환자(患者)의 혈관(血管) 내(內)에 주입(注入)하는 일. 외상(外傷) 또는 수술(手術)로 인(因)한 실혈, 위장(胃腸)...
喀血
객혈
폐병 따위로 폐, 기관지(氣管支), 점막(粘膜) 등(等)에서 피를 토함

小
작을 소 1. 작다 2. 적다 3. 협소하다(狹小--), 좁다 4. 적다고 여기다, 가볍게 여기다 5. 삼가다(몸가짐이나 언행을 조심하다), 주의하다(注意--) 6. 어리다, 젊다 7. (시간상으로)짧다 8. (지위가)낮다 9. 소인(小人)... [부수]小(작을소) [총획]3획 [난이도]중학용, 읽기 8급, 쓰기 6급II
縮小
축소
①줄여서 작아짐 　②또는, 작게 함
小滿
소만
24절기(節氣)의 하나. 만물(萬物)이 점차 성장(成長)하여 가득찬다는 의미(意味)
小暑
소서
24절기(節氣)의 열한 번째. 7월 7일 경(頃)으로, 하지(夏至)와 대서(大暑) 사이에 있음
小寒
소한
24절기(節氣)의 하나. 1월 6일 경(頃)으로, 동지(冬至)와 대한(大寒) 사이에 있음. 연중(年中) 가장 추운 때임

板
널빤지 판 1. 널빤지(판판하고 넓게 켠 나뭇조각) 2. 판목(板木), 판자(板子) 3. 딱따기(서로 마주 쳐서 ‘딱딱’ 소리를 내게 만든 두 짝의 나무토막) 4. 명패(名牌) 5. 길(길이 단위) 6. 조서(詔書: 임금의 명령을... [부수]木(나무목) [총획]8획 [난이도]고등용, 읽기 5급, 쓰기 4급
看板
간판
상점(商店) 등(等)에 내 건 표지(標識)
揭示板
게시판
①게시(揭示)를 붙이게 만든 판대기 　②게시(揭示) 사항(事項)을 쓰는 판(板)
板橋
판교
널다리. 널빤지를 깔아서 놓은 다리
懸板
현판
글자나 그림을 새기어서 문 위에 다는 널조각. 주로 절이나, 사당(祠堂), 정자(亭子) 등의 들어가는 문 위, 처마 아래에 달아 놓음


-----------------------------------
혈관염

*****DEFINITION*****
[명사] (농업) 혈관염(血管炎)

-----------------------------------
