병명

*****DEFINITION*****
name of a disease 병명을 알아내다 diagnose[identify] a disease
病名
病 病 bìng​   *病* | 病* | *病 illness / CL: 場｜场 / disease / to fall ill / defect
名 名 míng​   *名* | 名* | *名 name / noun (part of speech) / place (e.g. among winners) / famous / classifier for people
病
병 병 1. 병(病), 질병(疾病) 2. 근심 3. 흠, 결점(缺點), 하자(瑕疵) 4. 성벽(性癖), 좋지 않은 버릇 5. 손해(損害) 6. 병들다(病--), 앓다 7. 피로하다(疲勞--), 지치다 8. 시들다, 마르다 9. 괴로워하다 10.... [부수]疒(병질엄) [총획]10획 [난이도]중학용, 읽기 6급, 쓰기 5급
痼疾病
고질병
①오래도록 낳지 아니하여 고치기 어려운 병　②오래되어 바로잡기 어렵게 된 나쁜 버릇
病院
병원
①병든 사람을 진찰(診察), 치료(治療) 및 예방(豫防)하기 위(爲)하여 설비(設備)를 갖추어 놓은 곳 　②병든 사람 스무 명 이상(以上)을 수용(收容)하면서 치료(治療)할 수 있는 시설(施設)을 한 곳
疾病
질병
①신체(身體)의 온갖 기능(機能)의 장애(障礙)로 말미암은 병 　②건강(健康)하지 않은 상태(狀態) 질환(疾患)
病弊
병폐
병통(病痛)과 폐단(弊端)

名
이름 명 1. 이름 2. 평판(評判), 소문(所聞) 3. 외관(外觀), 외형(外形) 4. 명분(名分) 5. 공적(功績) 6. 글자, 문자(文字) 7. 이름나다, 훌륭하다 8. 이름하다, 지칭하다(指稱--) [부수]口(입구) [총획]6획 [난이도]중학용, 읽기 7급II, 쓰기 6급
名譽
명예
①세상(世上)에서 인정(認定) 받는 좋은 이름이나 자랑 　②어떤 직위(職位)나 직명(職名) 앞에 쓰이어 그 권위(權威)나 공로(功勞)를 존경(尊敬)하는 뜻으로 쓰이는 이름
名分
명분
명목(名目)이 구별(區別)된 대로 그 사이에 반드시 지켜야 할 도리(道理)나 분수(分數)
名節
명절
①명일을 중심(中心)으로 한 좋은 철 　②민속적(民俗的)으로 해마다 일정(一定)하게 지키어 즐기는 날. 설날, 대보름날, 한식날, 삼짇날, 파일날, 단오날(端午-), 유두날, 백중날, 한가위날, 구월(九月)...
名稱
명칭
사물(事物)이나 현상(現象)을 서로 다른 것 끼리 구별(區別)하여 부르는 이름


-----------------------------------
군

*****DEFINITION*****
(행정구역) gun, district, county 양주군 Yangju-gun
郡
郡 jùn​   *郡* | 郡* | *郡 canton / county / region
郡
고을 군 1. 고을 2. 관청(官廳), 관아(官衙) 3. 군(郡: 행정 구역 단위) 4. 떼 5. 무리(모여서 뭉친 한 동아리) 6. 쌓다 [부수]阝(우부방) [총획]10획 [난이도]중학용, 읽기 6급, 쓰기 5급
淸原郡
청원군
충청북도(忠淸北道) 남서부(南西部)에 위치(位置)한 군(郡). 주요(主要) 산물(産物)로는 농산(農産)ㆍ축산(畜産), 금ㆍ은ㆍ중석ㆍ형석(螢石)ㆍ무연탄(無煙炭) 등(等)의 광산(鑛山)이 있으며, 명승(名勝...
郡守
군수
한 군(郡)의 행정(行政) 사무(事務)를 맡아보는 으뜸 벼슬. 곧 군청(郡廳)의 으뜸 벼슬
平昌郡
평창군
강원도(江原道)의 남부(南部) 중앙(中央)에 위치(位置)한 군(郡). 담배ㆍ명주(明紬)ㆍ인삼(人蔘)을 비롯한 약초ㆍ꿀 따위가 많이나며 지하(地下) 자원(資源)으로는 무연탄(無煙炭)ㆍ금ㆍ석회석 따위가...
漢四郡
한사군
서기(西紀) 전(前) 108년, 중국(中國) 한(漢)나라 무제가 위만(衛滿)조선(朝鮮)을 치고 그 땅에 세운 ＇낙랑(樂浪), 임둔, 현도, 진번＇의 네 군. 뒤에 고구려(高句麗)에 병합(倂合)되어 없어짐


-----------------------------------
작년

*****DEFINITION*****
last year 나는 작년 5월에 이 회사에 입사했다 I started working at this company last May.
昨年
昨 昨 zuó​   *昨* | 昨* | *昨 yesterday
年 年 Nián​   *年* | 年* | *年 surname Nian
  年 nián​   *年* | 年* | *年 year / CL: 個｜个 HSK 1
  年 nián​   *年* | 年* | *年 grain / harvest (old) / variant of 年 秊 HSK 1
昨
어제 작 1. 어제 2. 옛날 3. 지난날, 이전 [부수]日(날일) [총획]9획 [난이도]중학용, 읽기 6급II, 쓰기 5급II
昨年
작년
지난해
昨今
작금
①어제와 오늘 　②요즈음 　③요사이
再昨年
재작년
지난해의 전 해
昨非
작비
☞ 이전(以前)의 잘못

年
해 년,해 연,아첨할 녕,아첨할 영 1. 해 2. 나이 3. 때, 시대(時代) 4. 새해, 신년 5. 연령(年齡) 6. 잘 익은 오곡(五穀) 7. 콧마루 8. 사격의 하나 9. 사람 이름 10. 익다 11. 오곡(五穀)이 잘 익다 a. 아첨하다(阿諂--) (녕) [부수]干(방패간) [총획]6획 [난이도]중학용, 읽기 8급, 쓰기 6급II
昨年
작년
지난해
來年
내년
올해의 다음 해, 명년(明年)
沖年
충년
열 살 안팎의 어린 나이
每年
매년
①매해 　②하나하나의 모든 해


-----------------------------------
연속이다

*****DEFINITION*****
(도전) 인생은 위험의 연속이다.

-----------------------------------
늘리다

*****DEFINITION*****
(수량·부피·길이 등을); (수량 등을) increase, expand, add to, (formal) augment; (길이·시간 등을) extend; (길이·정도 등을) enlarge, lengthen; (옷의 길이·품 등을) let (sth) out 수출을 늘리다 increase the amount of export (of) 2개 뜻 더보기 : (수량·부피·길이 등을); (수량 등을) increase, expand, add to, (formal) augment; (길이·시간 등을) extend; (길이·정도 등을) enlarge, lengthen; (옷의 길이·품 등을) let (sth) out

-----------------------------------
혈관염

*****DEFINITION*****
[명사] (농업) 혈관염(血管炎)

-----------------------------------
어김없다

*****DEFINITION*****
(be) unerring, infallible 어김없이 without fail

-----------------------------------
실천하다

*****DEFINITION*****
practice, action, fulfill, put sth into practice[action] 약속을 실천하다 fulfill one's promise
實踐
实践 shí​jiàn​   *实践* | 实践* | *实践 practice / to put into practice / to live up to (a promise) / to carry out (a project) 實踐 HSK 5
實
열매 실,이를 지 1. 열매 2. 씨, 종자 3. 공물(貢物) 4. 재물(財物), 재화(財貨) 5. 내용(內容) 6. 바탕, 본질(本質) 7. 녹봉(祿俸: 벼슬아치에게 주던 급료), 작록(爵祿: 관작(官爵)과 봉록(俸祿)) 8. 자취(어떤 것이... [부수]宀(갓머리) [총획]14획 [난이도]중학용, 읽기 5급II, 쓰기 4급II
事實
사실
①실제(實際)로 있었던 일, 또는 있는 일 　②법률(法律) 상(上)으로 효과(效果)를 내는 현상(現象)이나 경험(經驗) 　③생각하였거나 말한 일에 대(對)하여 현실(現實)로 이루어졌거나 일어난 일로서...
實際
실제
현실(現實)의 경우(境遇)나 형편(形便)
實施
실시
실제(實際)로 시행(施行)함
實踐
실천
①실제(實際)로 해냄 　②자연(自然)이나 사회(社會)를 변혁(變革)하는 의식적(意識的)이고 계획적(計劃的)인 모든 활동(活動) 　③얻어진 인식(認識)의 참과 거짓을 검증(檢證)하는 일

踐
밟을 천 1. 밟다 2. (발로)디디다 3. 짓밟다, 유린하다(蹂躪ㆍ蹂躙ㆍ蹂蹸--) 4. 이행하다(履行--) 5. 실행하다(實行--), 실천하다(實踐--) 6. 소홀(疏忽)히 하다 7. 베다 8. 손상하다(損傷--) 9. 해치다, 다치다... [부수]𧾷(발족변) [총획]15획 [난이도]고등용, 읽기 3급II, 쓰기 2급
實踐
실천
①실제(實際)로 해냄 　②자연(自然)이나 사회(社會)를 변혁(變革)하는 의식적(意識的)이고 계획적(計劃的)인 모든 활동(活動) 　③얻어진 인식(認識)의 참과 거짓을 검증(檢證)하는 일
踐踏
천답
짓밟음
句踐
구천
중국(中國) 춘추시대(春秋時代) 말기(末期)의 월(越)나라의 임금. 오왕 부차(夫差)에게 패하여 회계산(會稽山)에서 항복(降伏). 그 후(後) 명신(名臣)인 범 여와 와신상담(臥薪嘗膽)하기 20년, 마침내...
踐極
천극
임금의 자리를 이음


-----------------------------------
수조차

*****DEFINITION*****
a tank car[truck]
水槽車
水槽 水槽 shuǐ​cáo​   *水槽* | 水槽* | *水槽 sink
車 车 Chē​   *车* | 车* | *车 surname Che 車
  车 chē​   *车* | 车* | *车 car / vehicle / CL: 輛｜辆 / machine / to shape with a lathe 車
  车 jū​   *车* | 车* | *车 war chariot (archaic) / rook (in Chinese chess) / rook (in chess) 車
水
물 수 1. 물 2. 강물 3. 액체(液體), 물과 관련(關聯)된 일 4. 홍수(洪水), 수재(水災), 큰물(비가 많이 와서 강이나 개천에 갑자기 크게 불은 물) 5. 수성(水星: 태양에 가장 가까운 별) 6. 별자리 이름 7.... [부수]水(물수) [총획]4획 [난이도]중학용, 읽기 8급, 쓰기 6급II
水準
수준
①사물(事物)의 가치(價値)나 작용(作用) 등(等)에 관(關)한 일정(一定)한 표준(標準)이나 정도(程度) 　②수평(水平)
雨水
우수
①빗물 　②24절기(節氣)의 하나. 양력(陽曆) 2월 19일 경(頃)으로 입춘(立春)과 경칩(驚蟄) 사이에 있음. 날씨가 많이 풀려 초목이 싹트는 시기(時期)
洪水
홍수
①비가 많이 와서 하천(河川)이 넘치거나 땅이 물에 잠기게 된 상태(狀態). 큰물 　②사람이나 사물(事物)이 제한(制限)된 곳에 엄청나게 많이 있는 상태(狀態)를 비유적(比喩的)으로 이르는 말
水位
수위
①주기적(週期的)으로 변(變)하는 높고 낮은 수면(水面)의 높이　②어떤 일을 처리(處理)하는 수준(水準)이나 정도(程度)를 조절(調節)함

槽
구유 조 1. 구유(가축에게 먹이를 주는 그릇) 2. 술통(-桶: 술을 담아 두는 큰 통) 3. 술 빚는 그릇 4. 물, 물통 5. 개천(-川: 개골창 물이 흘러 나가도록 길게 판 내), 도랑(매우 좁고 작은 개울) 6. 절구 7.... [부수]木(나무목) [총획]15획 [난이도]읽기 1급, 쓰기 특급
浴槽
욕조
목욕(沐浴)을 할 수 있도록 물을 담는 통(桶)
湯槽
탕조
☞ 목욕통(沐浴桶)
油槽船
유조선
유조 시설(施設)을 갖추고 석유(石油)를 운반(運搬)하는 배
水槽
수조
물을 담아 두는 큰 통(桶)

車
수레 차,수레 거 1. 수레 2. 수레바퀴 3. 수레를 모는 사람 4. 이틀(이가 박혀 있는 위턱 아래턱의 구멍이 뚫린 뼈) 5. 치은(齒齦: 잇몸) 6. 장기(將棋ㆍ將碁)의 말 a. 수레 (거) b. 수레바퀴 (거) c. 수레를 모는 사람... [부수]車(수레거) [총획]7획 [난이도]중학용, 읽기 7급II, 쓰기 6급
車輛
차량
①기차(汽車)의 한 칸 　②여러 가지 수레의 총칭(總稱)
自動車
자동차
가스ㆍ휘발유(揮發油)ㆍ중유(重油) 등(等)을 연료(燃料)로 하여 발동기(發動機)를 장치(裝置)하고 그 동력(動力)에 의(依)하여, 바퀴를 회전(回轉)시켜 도로(道路)를 달리게 만든 차(車)
列車
열차
기관차(機關車)에 객차(客車)ㆍ화차(貨車) 등(等)을 연결(連結)하고 운전(運轉) 장치(裝置)를 설비(設備)한 차량(車輛)
牽引車
견인차
①짐을 실은 차량(車輛)을 끄는 기관차(機關車) 　②견인(牽引) 자동차(自動車) 　③선두에 서서 여러 사람을 이끌어 가는 사람을 비유적(比喩的)으로 이르는 말


-----------------------------------
자판

*****DEFINITION*****
keyboard 컴퓨터 자판을 두드리다 pound away at the keyboard
字板
字 字 zì​   *字* | 字* | *字 letter / symbol / character / word / CL: 個｜个 / courtesy or style name traditionally given to males aged 20 in dynastic China HSK 1
板 板 bǎn​   *板* | 板* | *板 board / plank / plate / shutter / table tennis bat / clappers (music) / CL: 塊｜块 / accented beat in Chinese music / hard / stiff / to stop smiling or look serious
  板 bǎn​   *板* | 板* | *板 see 老闆｜老板, boss 闆
  板 pàn​   *板* | 板* | *板 to catch sight of in a doorway (old) 闆
字
글자 자 1. 글자, 문자(文字) 2. 자(이름에 준하는 것) 3. 암컷 4. 기르다, 양육하다(養育--) 5. 낳다 6. 사랑하다 7. 정혼하다(定婚--) [부수]子(아들자) [총획]6획 [난이도]중학용, 읽기 7급, 쓰기 6급
赤字
적자
수지(收支) 결산(決算)에서 지출(支出)이 수입(收入)보다 많은 일
漢字
한자
중국어(中國語)를 표기(表記)하는 문자(文字). 표의적(表意的) 음절(音節) 문자(文字)로 우리나라, 일본(日本) 등지(等地)에서도 널리 쓰이고 있음
數字
숫자
①수를 나타내는 글자. 1, 2, 3, … 또는 一, 二, 三, … 따위 　②금전(金錢)ㆍ예산(豫算)ㆍ통계(統計) 등(等) 숫자(數字)로 표시(表示)되는 사항(事項). 수량적(數量的)인 사항(事項)
文字
문자
①글자 　②예전부터 전(傳)하여 내려오는 어려운 말귀. 한자(漢字)로 된 숙어(熟語)나 성구(成句)

板
널빤지 판 1. 널빤지(판판하고 넓게 켠 나뭇조각) 2. 판목(板木), 판자(板子) 3. 딱따기(서로 마주 쳐서 ‘딱딱’ 소리를 내게 만든 두 짝의 나무토막) 4. 명패(名牌) 5. 길(길이 단위) 6. 조서(詔書: 임금의 명령을... [부수]木(나무목) [총획]8획 [난이도]고등용, 읽기 5급, 쓰기 4급
看板
간판
상점(商店) 등(等)에 내 건 표지(標識)
揭示板
게시판
①게시(揭示)를 붙이게 만든 판대기 　②게시(揭示) 사항(事項)을 쓰는 판(板)
板橋
판교
널다리. 널빤지를 깔아서 놓은 다리
懸板
현판
글자나 그림을 새기어서 문 위에 다는 널조각. 주로 절이나, 사당(祠堂), 정자(亭子) 등의 들어가는 문 위, 처마 아래에 달아 놓음


-----------------------------------
호도되다

*****DEFINITION*****
walnut

-----------------------------------
비롯

*****DEFINITION*****
선장을 비롯한 승무원 전원이 사망했다 The whole crew, including the captain, died.

-----------------------------------
