출간

*****DEFINITION*****
publication, press , publish
出刊
出 出 chū​   *出* | 出* | *出 to go out / to come out / to occur / to produce / to go beyond / to rise / to put forth / to happen / classifier for dramas, plays, operas etc HSK 2
  出 chū​   *出* | 出* | *出 variant of 出 (classifier for plays or chapters of classical novels) 齣 HSK 2
刊 刊 kān​   *刊* | 刊* | *刊 to print / to publish / publication / periodical / to peel with a knife / to carve / to amend
  刊 kān​   *刊* | 刊* | *刊 old variant of 刊 / to peel with a knife / to carve / to amend 栞
出
날 출,단락 척 1. 나다, 태어나다, 낳다 2. 나가다 3. 떠나다, 헤어지다 4. 드러내다, 나타내다 5. 내놓다 6. 내쫓다, 추방하다(追放--) 7. 돌려보내다 8. 내어주다, (셈을)치르다 9. 버리다 10. 게우다 11. 샘솟다,... [부수]凵(위튼입구몸) [총획]5획 [난이도]중학용, 읽기 7급, 쓰기 6급
輸出
수출
①실어서 내보냄 　②국내(國內)에서 외국(外國)으로 재화(財貨)를 팔기 위(爲)하여 실어 냄
出帆
출범
①배가 돛을 달고 떠남 　②단체(團體)가 새로 조직(組織)되어 일을 시작(始作)하는 것을 비유(比喩ㆍ譬喩)하여 이르는 말
提出
제출
문안(文案)이나 의견(意見)ㆍ법안(法案) 등(等)을 내어놓음
抽出
추출
①빼냄. 뽑아 냄 　②용매(溶媒)를 써서 고체(固體)ㆍ액체(液體)에서 어떤 물질(物質)을 뽑아 내는 일

刊
새길 간 1. 새기다 2. 깎다 3. (책을)펴내다 4. 발행하다(發行--) 5. 쪼개다 6. 덜다 [부수]刂(선칼도방) [총획]5획 [난이도]고등용, 읽기 3급II, 쓰기 2급
刊行
간행
인쇄(印刷)하여 박아 냄, 발행(發行)함
發刊
발간
☞ 간행(刊行)
季刊
계간
①1년에 네 번 정기적(定期的)으로 철마다 간행(刊行)함 　②또는 그 간행물(刊行物)을 일컫는 말
刊本
간본
목판본(木版本)과 활자본(活字本)을 통틀어 이르는 말


-----------------------------------
선구자

*****DEFINITION*****
pioneer (of/in), pathfinder, trailblazer 건축학의 선구자들 architectural pioneers
先驅者
先驱者 xiān​qū​zhě​   *先驱者* | 先驱者* | *先驱者 pioneer 先驅者
先
먼저 선 1. 먼저, 미리 2. 옛날, 이전 3. 앞, 처음, 첫째 4. 돌아가신 이, 죽은 아버지 5. 선구(先驅), 앞선 사람 6. 조상(祖上) 7. 형수(兄嫂) 8. 앞서다, 뛰어넘다, 이끌다 9. 나아가다, 앞으로 가다 10. 높이다,... [부수]儿(어진사람인발) [총획]6획 [난이도]중학용, 읽기 8급, 쓰기 6급II
于先
우선
무엇보다도 먼저
先生
선생
①학생(學生)을 가르치는 사람. 학예(學藝), 기예(技藝) 등(等)을 남에게 가르치는 사람 　②자기(自己)보다 학식(學識)이 높은 사람을 높이어 일컫는 말 　③남을 존대(尊待)하여 부르는 말. 흔히 성이나...
優先
우선
다른 것 보다 앞섬
先祖
선조
할아버지 이상(以上)의 조상(祖上)

驅
몰 구 1. (말을 타고)몰다 2. 빨리 달리다 3. 내쫓다 4. 내보내다 5. 몰아내다 6. 축출하다(逐出--) 7. 내침 8. 대열(隊列: 줄을 지어 늘어선 행렬) 9. 앞잡이 [부수]馬(말마) [총획]21획 [난이도]고등용, 읽기 3급, 쓰기 2급
驅使
구사
①(사람이나 동물(動物)을) 몰아서 부리는 것 　②(말이나 수단(手段)ㆍ수법(手法) 따위를) 능숙(能熟)하게 다루거나 부리어 사용(使用)하는 것
驅迫
구박
①못 견디게 몹시 굶 　②학대(虐待)함
驅逐艦
구축함
해군(海軍) 함선(艦船)의 한 가지. 어뢰(魚雷)를 주(主) 무기(武器)로 하여,주로 적의 주력함이나 잠수함(潛水艦) 따위를 공격(攻擊)함
驅蟲
구충
해충(害蟲)들을 없애 버림

者
놈 자 1. 놈, 사람 2. 것 3. 곳, 장소(場所) 4. 허락하는 소리 5. 여러, 무리(모여서 뭉친 한 동아리) 6. 이 7. ~면(접속사) 8. ~와 같다 9. 기재하다(記載--), 적다 [부수]耂(늙을로엄) [총획]9획 [난이도]중학용, 읽기 6급, 쓰기 5급
關係者
관계자
어떤 일에 관계(關係)되는 사람
患者
환자
병을 앓는 사람
消費者
소비자
①물자(物資)를 소비(消費)하는 사람 　②생산(生産)의 어느 과정(過程)에도 직접(直接)으로 관여(關與)하지 않는 사람
勤勞者
근로자
근로(勤勞)에 의(依)한 소득(所得)으로 생활(生活)하는 사람


-----------------------------------
저술하다

*****DEFINITION*****
[명사] writing, [동사] write 그는 열 권의 소설을 저술했다 He has written 10 novels.
著述
著述 zhù​shù​   *著述* | 著述* | *著述 writing / to write / to compile
著
나타날 저,붙을 착 1. 나타나다, 나타내다 2. 분명하다(分明--) 3. 드러나다, 분명해지다(分明---) 4. 두드러지다 5. 그리다 6. 짓다, 저술하다(著述--) 7. 쌓다 8. 두다, 비축하다(備蓄--) 9. 세우다, 확립하다(確立--)... [부수]艹(초두머리) [총획]13획 [난이도]중학용, 읽기 3급II, 쓰기 2급
顯著
현저
①뚜렷이 심(甚)하게 드러남 　②드러나서 두드러짐
著作權
저작권
무체(無體) 재산권(財産權)의 한 가지. 저작물(著作物)을 저작자(著作者)가 독점적(獨占的)으로, 복제(複製), 반포(頒布), 연술(演述), 번역(飜譯), 흥행(興行), 상영(上映), 방송(放送) 등(等)으로 이...
著者
저자
책을 지은 사람
著述
저술
논문(論文)이나 책 등(等) 글을 써서 책을 만듦

述
펼 술 1. 펴다, (글을)짓다 2. 서술하다(敍述--) 3. 말하다 4. 따르다, 잇다, 계승하다(繼承--) 5. 닦다, 전술하다(傳述--) 6. 밝히다 7. 기록(記錄) 8. 언설(言舌), 변설(辯舌) 9. 저술(著述) 10. 도(道), 정도(正道)... [부수]辶(책받침) [총획]9획 [난이도]고등용, 읽기 3급II, 쓰기 2급
陳述
진술
①구두(口頭)로 자세(仔細)히 말함 　②민사소송(民事訴訟)에서, 당사자(當事者)나 관계인(關係人)이 계류 중(中)인 사건(事件)에 대(對)한 사실(事實)이나 법률(法律) 상(上)의 사항(事項)을 서면(書面)...
敍述
서술
어떤 내용(內容)을 차례(次例)로 좇아 말하거나 적음
記述
기술
①문장(文章)으로 적음 　②사물(事物)의 특질을 객관적(客觀的)ㆍ조직적(組織的)ㆍ학문적(學文的)으로 적음
論述
논술
어떤 사물(事物)을 논(論)하여 말하거나 적음


-----------------------------------
교훈집

*****DEFINITION*****
(가르침) lesson, moral 교훈을 얻다 learn a lesson (from)
敎訓
敎 敎 jiào​   *敎* | 敎* | *敎 variant of 教
訓 训 xùn​   *训* | 训* | *训 to teach / to train / to admonish / instruction (from superiors) / teachings / rule 訓
敎
가르칠 교 1. 가르치다 2. 본받다 3. 가르침 4. ~로 하여금 ~하게 함 5. 교령(敎令: 임금의 명령(命令)) 6. 종교 [부수]攵(등글월문) [총획]11획 [난이도]중학용, 읽기 8급, 쓰기 6급II
敎授
교수
①교수, 부교수, 조교수, 강사 등(等)의 대학(大學)의 교원(敎員) 　②사학(四學)의 유생(儒生)을 가르치던 벼슬아치 　③동학(東學)의 교직인 육임(六任)의 제2위 　④학술(學術)이나 기예(技藝)를 가르침
敎育
교육
①가르치어 지능(知能)을 가지게 하는 일 　②개인(個人) 또는 특정(特定)한 기관(機關)이 일정(一定)한 이상(理想) 또는 가치(價値)를 지향(志向)하여 미성숙(未成熟)한 아이나 청년(靑年)을 지도(指導)하여,...
敎師
교사
학술(學術)이나 기예(技藝)를 가르치는 스승, 선생(先生), 초등학교(初等學校), 중(中)ㆍ고등학교(高等學校)에서 소정(所定)의 자격(資格)을 가지고 학생(學生)을 지도(指導)하는 사람
敎科書
교과서
학교(學校)에서 가르치는 데 쓰는 책(冊)

訓
가르칠 훈,길 순 1. 가르치다 2. 타이르다 3. 이끌다 4. 인도하다(引導--) 5. 새기다 6. 