한탄하다

*****DEFINITION*****
[명사] lamentation [동사]; (슬퍼하다) lament, sigh for; (개탄하다) (formal) deplore 신세 한탄을 늘어놓다 dwell on one's own misfortune
恨歎
恨 恨 hèn​   *恨* | 恨* | *恨 to hate / to regret HSK 5
歎 叹 tàn​   *叹* | 叹* | *叹 variant of 嘆｜叹 歎
恨
한 한 1. 한 2. 유감(遺憾) 3. 한하다(恨--: 몹시 억울하거나 원통하여 원망스럽게 생각하다), 원통하다(冤痛--) 4. 뉘우치다, 후회하다(後悔--) 5. 원망스럽다(怨望---), 원망스럽게 생각하다 6. 미워하다 7.... [부수]忄(심방변) [총획]9획 [난이도]중학용, 읽기 4급, 쓰기 3급
恨歎
한탄
원망(怨望)하거나 또는 뉘우침이 있을 때에 한숨짓는 탄식(歎息)
怨恨
원한
원통(寃痛)하고 한되는 생각
悔恨
회한
뉘우치고 한탄(恨歎)함
仇恨
구한
☞ 원한(怨恨)

歎
탄식할 탄 1. 탄식하다(歎息ㆍ嘆息--) 2. 한탄하다(恨歎ㆍ恨嘆--) 3. 읊다, 노래하다 4. 화답하다(和答--) 5. 칭찬하다(稱讚--) 6. 탄식(歎息ㆍ嘆息) 7. 한숨 [부수]欠(하품흠) [총획]15획 [난이도]고등용, 읽기 4급, 쓰기 3급
慨歎
개탄
의분(義憤)이 북받쳐 탄식(歎息)함
恨歎
한탄
원망(怨望)하거나 또는 뉘우침이 있을 때에 한숨짓는 탄식(歎息)
歎息
탄식
①한숨쉬며 한탄(恨歎)함 　②감탄(感歎)함
痛歎
통탄
①몹시 탄식(歎息ㆍ嘆息)함 　②또는 그런 탄식(歎息ㆍ嘆息)


-----------------------------------
배다른

*****DEFINITION*****
배다른 형제 a half brother

-----------------------------------
시기하다

*****DEFINITION*****
be envious of, jealousy, envy , be jealous of, envy 그녀는 시기심이 많다 She is green with envy.
猜忌
猜忌 cāi​jì​   *猜忌* | 猜忌* | *猜忌 to be suspicious and jealous of
猜
시기할 시,시기할 채 1. 시기하다(猜忌--) 2. 혐오하다 3. 의심하다(疑心--) 4. 두려워하다 5. 추측하다(推測--: 미루어 생각하여 헤아리다) 6. 헤아리다 7. 시기 8. 의심(疑心) a. 시기하다(猜忌--) (채) b. 혐오하다 (채)... [부수]犭(개사슴록변) [총획]11획 [난이도]읽기 1급, 쓰기 특급
猜忌
시기
어떤 사람이 자기(自己)보다 뛰어난 사람을, 또는 그의 뛰어난 능력(能力) 등(等)을 샘하여 미워하는 것
猜妬
시투
시기(猜忌)하고 질투(嫉妬)함
猜忌之心
시기지심
☞ 시기심(猜忌心)
猜忌刻薄
시기각박
☞ 기각(忌刻)

忌
꺼릴 기 1. 꺼리다 2. 질투하다(嫉妬ㆍ嫉妒--) 3. 시기하다(猜忌--) 4. 미워하다 5. 증오하다(憎惡--) 6. 원망하다(怨望--) 7. 경계하다(警戒--) 8. 공경하다(恭敬--) 9. 기일(忌日: 조상이 죽은 날) 10. 생각,... [부수]心(마음심) [총획]7획 [난이도]고등용, 읽기 3급, 쓰기 2급
忌避
기피
꺼리어 피(避)함
禁忌
금기
①꺼리어서 싫어함 　②어떤 병에 어떤 약이나 음식(飮食)이 좋지 않은 것으로 여겨 쓰지 않는 일
猜忌
시기
어떤 사람이 자기(自己)보다 뛰어난 사람을, 또는 그의 뛰어난 능력(能力) 등(等)을 샘하여 미워하는 것
妬忌
투기
남자(男子) 애인이나 남편(男便)이 다른 여자(女子)에게 관심(關心)을 보이거나 좋아하는 감정(感情)을 가지거나 할 때, 화를 내거나 싫어하거나 속상해 하는 것. 다소(多小) 예스러운 말임. 강샘


-----------------------------------
경직

*****DEFINITION*****
[동사] stiffen, get[become] stiff[rigid] 근육에 경직이 일어나기 시작했다 The muscles began to stiffen.
硬直
硬 硬 yìng​   *硬* | 硬* | *硬 hard / stiff / strong / firm / resolutely / doggedly / good (quality) / able (person) HSK 4
直 直 Zhí​   *直* | 直* | *直 surname Zhi / Zhi (c. 2000 BC), fifth of the legendary Flame Emperors 炎帝 descended from Shennong 神農｜神农 Farmer God
  直 zhí​   *直* | 直* | *直 straight / to straighten / fair and reasonable / frank / straightforward / (indicates continuing motion or action) / vertical / vertical downward stroke in Chinese characters HSK 5
硬
굳을 경,가로막을 경 1. 굳다 2. 단단하다 3. 강하다(強--) 4. 완강하다(頑強--) 5. 힘이 있다 6. 익숙하지 않다 7. 서투르다, 어색하다(語塞--) 8. 가로막다 9. 방해하다(妨害--) 10. 억지로, 무리하게(無理--) [부수]石(돌석) [총획]12획 [난이도]고등용, 읽기 3급II, 쓰기 2급
强硬
강경
타협(妥協)하거나 굽힘이 없이 힘차고 굳셈
强硬派
강경파
강경(强硬)한 주장(主張)을 내세우거나 강경(强硬)한 행동(行動)을 하는 파(派)
硬直
경직
①몸 따위가 굳어서 뻣뻣하게 되는 것 　②사고(思考) 방식(方式)이나 태도(態度)나 분위기(雰圍氣) 따위가 외곬으로 치우쳐 융통성(融通性)이 없거나 딱딱한 상태(狀態)가 되는 것
硬直性
경직성
곧고 곧은 성질(性質)

直
곧을 직,값 치 1. 곧다, 굳세다 2. 바르다, 옳다 3. 굽지 아니하다 4. 기울지 아니하다 5. 부정(不正)이 없다, 사(私)가 없다 6. 펴다, 곧게 하다 7. 꾸미지 아니하다 8. 온순하다(溫順--) 9. 억울함을 씻다 10. 당하다(當--),... [부수]目(눈목) [총획]8획 [난이도]중학용, 읽기 7급II, 쓰기 6급
直接
직접
중간(中間)에 매개(媒介)나 거리(距離)ㆍ간격(間隔)이 없이 바로 접함
率直
솔직
거짓으로 꾸미거나 숨김이 없이 바르고 곧음
直接的
직접적
직접(直接)으로 하거나 되는 (것)
正直
정직
거짓이나 꾸밈이 없이 성품(性品)이 바르고 곧음


-----------------------------------
절체

*****DEFINITION*****
(전력) switchover

-----------------------------------
증오

*****DEFINITION*****
hatred (of/for/toward), loathing (for/of), detestation, (formal) abhorrence (for), hate, loathe, detest, (formal) abhor 전쟁을 증오하다 have an abhorrence for war
憎惡
憎恶 zēng​'è​   *憎恶* | 憎恶* | *憎恶 to hate evil / see also 憎惡｜憎恶 憎惡
憎恶 zēng​wù​   *憎恶* | 憎恶* | *憎恶 to loathe / to hate / to abhor / see also 憎惡｜憎恶 憎惡
憎
미울 증 1. 밉다 2. 미워하다 3. 미움받다 4. 밉살스럽다 5. 증오하다(憎惡--) 6. 가증스럽다(可憎---) 7. 미움 [부수]忄(심방변) [총획]15획 [난이도]고등용, 읽기 3급II, 쓰기 2급
憎惡
증오
몹시 미워함
愛憎
애증
사랑과 미워함
憎惡心
증오심
몹시 미워하는 마음
可憎
가증
①얄미움 　②밉살스러움

惡
미워할 오,악할 악 1. 미워하다 2. 헐뜯다 3. 부끄러워하다 4. 기피하다(忌避--) 5. 두려워하다 6. 불길하다(不吉--) 7. 불화하다(不和--) 8. 비방하다(誹謗--) 9. 싫어하다 10. 어찌 11. 어찌하여 12. 어느 13. 어디 a.... [부수]心(마음심) [총획]12획 [난이도]중학용, 읽기 5급II, 쓰기 4급II
惡化
악화
나쁘게 됨
劣惡
열악
품질(品質)ㆍ능력(能力) 따위가 몹시 떨어지고 나쁨
惡循環
악순환
①나쁜 현상(現象)이 끊임없이 되풀이되는 일 　②원인(原因)과 결과(結果)가 되풀이되어 한없이 악화(惡化)하는 일 　③인플레이션 말기(末期)에 물건값(物件-)이 오르면 삯이 오르고, 따라서 통화(通貨)가...
憎惡
증오
몹시 미워함


-----------------------------------
