신뢰

*****DEFINITION*****
trust (in), faith (in), confidence (in), trust, have confidence (in), have[put] faith (in), put one's trust (in) 신뢰를 받다[얻다] gain[get; win] sb's trust[confidence]
信賴
信赖 xìn​lài​   *信赖* | 信赖* | *信赖 to trust / to have confidence in / to have faith in / to rely on 信賴 HSK 6
信
믿을 신 1. 믿다 2. 신임하다(信任--) 3. 맡기다 4. 신봉하다(信奉--) 5. 성실하다(誠實--) 6. ~에 맡기다 7. 확실하다(確實--) 8. 마음대로 하다 9. 알다 10. 신의(信義), 신용(信用), 신표(信標: 증거가 되게... [부수]亻(사람인변) [총획]9획 [난이도]중학용, 읽기 6급II, 쓰기 5급II
信賴
신뢰
남을 믿고 의지(依支)함
通信
통신
①소식(消息), 의지(意志), 지식(知識) 등(等)을 남에게 전(傳)함. 음신(音信)을 통(通)함 　②우편(郵便). 전신(電信). 전화(電話) 등(等)으로 서로 소식(消息). 정보(情報)를 전(傳)하는 일 　③지사(支社)...
信用
신용
①믿어 의심(疑心)하지 아니함 　②평판(評判)이 좋고 인망(人望)이 있음 　③재화(財貨) 및 화폐(貨幣)의 급부(給付)와 반대(反對) 급부(給付) 사이에 시간적(時間的)인 차이(差異)가 있는 일반(一般)...
平信
평신
①평상시(平常時)의 소식(消息) 　②무사(無事)한 소식(消息)

賴
의뢰할 뢰,의뢰할 뇌 1. 의뢰하다(依賴--) 2. 힘입다 3. 의지하다(依支--) 4. 얻다 5. 버티다 6. 억지 부리다 7. 책망하다(責望--) 8. 탓하다 9. 생떼를 쓰다 10. 전가시키다 11. 덮어씌우다 12. 발뺌하다 13. 머물러 떠나려... [부수]貝(조개패) [총획]16획 [난이도]고등용, 읽기 3급II, 쓰기 2급
信賴
신뢰
남을 믿고 의지(依支)함
依賴
의뢰
①남에게 의지(依支)함. 뇌비 　②남에게 부탁(付託)함
信賴性
신뢰성
신뢰(信賴)할 만한 성질(性質)
信賴度
신뢰도
신뢰(信賴)하는 정도(程度)


-----------------------------------
도무지

*****DEFINITION*****
나는 그 사실이 도무지 믿기지가 않는다 I just can't believe that.

-----------------------------------
직분

*****DEFINITION*****
one's duty, job 직분에 충실하다 be faithful to one's duty[job]
職分
职分 zhí​fèn​   *职分* | 职分* | *职分 duty 職分
職
직분 직 1. 직분(職分) 2. 직책(職責) 3. 벼슬 4. 공물(貢物) 5. 일 6. 사업(事業) 7. 맡다 8. 오로지 9. 주로 [부수]耳(귀이) [총획]18획 [난이도]고등용, 읽기 4급II, 쓰기 3급II
職員
직원
관공서(官公署)ㆍ회사(會社)ㆍ학교(學校) 등(等)에서 각각(各各)의 직무(職務)를 담당(擔當)하는 사람
職業
직업
생계(生計)를 세워가기 위(爲)해 일상적(日常的)으로 종사(從事)하는 일
職場
직장
공장(工場)ㆍ회사(會社)ㆍ관청(官廳) 등(等)에 있어 각자가 맡은 일을 하는 일터ㆍ일자리
職務
직무
①담당(擔當)하여 맡은 사무(事務) 　②직장(職場)으로 삼는 근무(勤務)

分
나눌 분,푼 푼 1. 나누다 2. 나누어 주다, 베풀어 주다 3. 나누어지다, 몇 개의 부분(部分)으로 갈라지다 4. 구별하다(區別--), 명백(明白)하게 하다 5. 헤어지다, 떨어져 나가다 6. 구별(區別), 다름 7. 나누어 맡은... [부수]刀(칼도) [총획]4획 [난이도]중학용, 읽기 6급II, 쓰기 5급II
分析
분석
①어떤 사물(事物)을 이루고 있는 각 성분(成分), 요소(要素)를 갈라냄 　②물질(物質)을 이루고 있는 원소(元素)를 갈라내고 그 원소(元素)의 양의 비를 알아내는 일 　③개념(槪念)을 그 속성(屬性)이나...
充分
충분
분량(分量)이 적적(寂寂)하여 모자람이 없음
部分
부분
전체(全體)를 몇으로 나눈 것의 하나하나
大部分
대부분
①반이 훨씬 넘는 수효(數爻)나 분량(分量) 　②거의 모두


-----------------------------------
자발

*****DEFINITION*****
자발적 활동 self-activity
自發
自发 zì​fā​   *自发* | 自发* | *自发 spontaneous 自發 HSK 6
自
스스로 자 1. 스스로, 몸소, 자기(自己) 2. 저절로, 자연히(自然-) 3. ~서부터 4. 써 5. 진실로(眞實-) 6. 본연(本然) 7. 처음, 시초(始初) 8. 출처(出處) 9. 코(=비(鼻)의 고자(古字)) 10. 말미암다, ~부터 하다... [부수]自(스스로자) [총획]6획 [난이도]중학용, 읽기 7급II, 쓰기 6급
自身
자신
①제 몸 　②딴 말에 붙어서 딴 어떤 것도 아니고 그 스스로임을 강조(强調)할 때 쓰는 말
自由
자유
①남의 구속(拘束)을 받지 않고, 자기(自己) 마음대로 함 　②자기(自己)가 뜻하는 대로 함. 마음내키는 대로 함 　③법률(法律)의 범위(範圍) 안에서 마음대로 하는 행위(行爲). 권리(權利), 의무(義務)를...
自體
자체
①제 몸 　②그 자신(自身) 　③사물(事物)의 본새
自然
자연
①저절로 그렇게 되는 모양(模樣). 사람의 힘을 더하지 않는 천연(天然) 그대로의 상태(狀態) 　②조화(調和)의 힘에 의(依)하여 이루어진 일체(一切)의 것

發
필 발 1. 피다 2. 쏘다 3. 일어나다 4. 떠나다 5. 나타나다 6. 드러내다 7. 밝히다 8. 들추다 9. 계발하다(啓發--) 10. 베풀다(일을 차리어 벌이다, 도와주어서 혜택을 받게 하다) 11. 빠른 발 모양 [부수]癶(필발머리) [총획]12획 [난이도]중학용, 읽기 6급II, 쓰기 5급II
發表
발표
널리 드러내어 세상(世上)에 알림
發展
발전
①한 상태(狀態)로부터 더 잘 되고 좋아지는 상태(狀態)로 일이 옮아가는 과정(過程) 　②널리 뻗어 나감
開發
개발
①미개지(未開地)를 개척(開拓)하여 발전(發展)시킴 　②산업(産業)을 일으켜 자원(資源)으로 인간(人間) 사회(社會)를 도움 　③아이들을 교육(敎育)시키는 데 문답식을 써서 자발적(自發的)으로 이해...
發生
발생
①(어떤 사건(事件)이나 사물(事物) 현상(現象)이 어느 곳 또는 세상(世上)에) 생겨나거나 나타나는 것 　②(생물학(生物學)ㆍ생리학) 세포(細胞)의 증식(增殖)ㆍ분화(分化)ㆍ형태(形態) 형성(形成) 등(等)에...


-----------------------------------
바람직하다

*****DEFINITION*****
desirable, advisable 당신 혼자 그곳에 가는 것은 바람직하지 않다 It is not advisable for you to go there alone.

-----------------------------------
