종교

*****DEFINITION*****
religion, (religious) faith 종교의 자유 freedom of religion
宗敎
宗 宗 Zōng​   *宗* | 宗* | *宗 surname Zong
  宗 zōng​   *宗* | 宗* | *宗 school / sect / purpose / model / ancestor / clan / to take as one's model (in academic or artistic work) / classifier for batches, items, cases (medical or legal), reservoirs
敎 敎 jiào​   *敎* | 敎* | *敎 variant of 教
宗
마루 종 1. 마루, 일의 근원(根源), 근본(根本) 2. 으뜸 3. 제사(祭祀) 4. 존숭(尊崇)하는 사람 5. 일족(一族), 동성(同姓) 6. 선조(先祖) 중의 덕망(德望)이 있는 조상(祖上) 7. 시조(始祖)의 적장자(嫡長子)... [부수]宀(갓머리) [총획]8획 [난이도]중학용, 읽기 4급II, 쓰기 3급II
宗敎
종교
일반적(一般的)으로 초인간적(超人間的) 초자연적(超自然的)인 힘에 대(對)해 인간(人間)이 경외, 존중(尊重) 신앙(信仰)하는 일의 총체적(總體的) 체계(體系)
宗廟
종묘
조선(朝鮮) 시대(時代)에, 역대(歷代) 임금과 왕비(王妃)의 위패(位牌)를 모시던 왕실(王室)의 사당(祠堂)
高宗
고종
중국(中國) 당의 제 3대 황제(黃帝)로 휘는 치(治), 자는 선(善), 태종(이세민)의 제9남
曹溪宗
조계종
고려(高麗) 때 신라(新羅)의 구산 선문(九山禪門)을 합(合)친 종파(宗派)로 천태종(天台宗)에 대(對)하여 부르는 말. 구산(九山)이 모두 중국(中國) 선종(禪宗) 육조(六曹)의 조계 혜능 선사의 종풍을...

敎
가르칠 교 1. 가르치다 2. 본받다 3. 가르침 4. ~로 하여금 ~하게 함 5. 교령(敎令: 임금의 명령(命令)) 6. 종교 [부수]攵(등글월문) [총획]11획 [난이도]중학용, 읽기 8급, 쓰기 6급II
敎授
교수
①교수, 부교수, 조교수, 강사 등(等)의 대학(大學)의 교원(敎員) 　②사학(四學)의 유생(儒生)을 가르치던 벼슬아치 　③동학(東學)의 교직인 육임(六任)의 제2위 　④학술(學術)이나 기예(技藝)를 가르침
敎育
교육
①가르치어 지능(知能)을 가지게 하는 일 　②개인(個人) 또는 특정(特定)한 기관(機關)이 일정(一定)한 이상(理想) 또는 가치(價値)를 지향(志向)하여 미성숙(未成熟)한 아이나 청년(靑年)을 지도(指導)하여,...
敎師
교사
학술(學術)이나 기예(技藝)를 가르치는 스승, 선생(先生), 초등학교(初等學校), 중(中)ㆍ고등학교(高等學校)에서 소정(所定)의 자격(資格)을 가지고 학생(學生)을 지도(指導)하는 사람
敎科書
교과서
학교(學校)에서 가르치는 데 쓰는 책(冊)


-----------------------------------
조화

*****DEFINITION*****
(서로 잘 어울림) harmony, balance (of/between) 음양의 조화 balance of yin and yang
調和
调和 tiáo​hé​   *调和* | 调和* | *调和 harmonious / to mediate / to reconcile / to compromise / mediation / to mix / to blend / blended / to season / seasoning / to placate 調和 HSK 6
調
고를 조,아침 주 1. 고르다 2. 조절하다(調節--) 3. 어울리다 4. 길들이다 5. 꼭 맞다, 적합하다(適合--) 6. 지키다, 보호하다(保護--) 7. 비웃다, 조롱하다(嘲弄--) 8. 속이다, 기만하다(欺瞞--) 9. 뽑히다, 선임되다(選任--)... [부수]言(말씀언) [총획]15획 [난이도]중학용, 읽기 5급II, 쓰기 4급II
調査
조사
①사물(事物)의 내용(內容)을 자세(仔細)히 살펴 봄 　②실정(實情)을 살펴서 알아봄
强調
강조
①말이나 글에서, (다른 사람에게 어떤 부분(部分)이나 요소(要素)나 내용(內容)을) 분명(分明)히 깨달아 알도록 중요(重要)하다고 말하거나 여러 번 말하는 것 　②힘차게 외치어 의기(義氣)를 돋움 ...
調整
조정
고르지 못한 것이나 과부족(過不足)이 있는 것 따위를 알맞게 조절(調節)하여 정상(正常) 상태(狀態)가 되게 함
調節
조절
①사물(事物)을 정도(程度)에 맞추어서 잘 고르게 함 　②눈의 망막(網膜)과 수정체(水晶體)의 거리(距離)를 조절(調節)하거나 또는 수정체(水晶體)의 모양(模樣)을 바꾸어, 광선(光線)의 입사각(入射角)을...

和
화할 화 1. 화하다(和--: 서로 뜻이 맞아 사이 좋은 상태가 되다) 2. 화목하다(和睦--) 3. 온화하다(溫和--) 4. 순하다(順--) 5. 화해하다(和解--) 6. 같다 7. 서로 응하다(應--) 8. 합치다(合--) 9. 허가하다(許可--)... [부수]口(입구) [총획]8획 [난이도]중학용, 읽기 6급II, 쓰기 5급II
緩和
완화
급박(急迫)하거나 긴장(緊張)된 상태(狀態)를 느슨하게 함
平和
평화
①평온(平穩)하고 화목(和睦)함 　②화합(和合)하고 안온(安穩)함 　③전쟁(戰爭)이 없이 세상(世上)이 평온(平穩)함
調和
조화
서로 잘 어울림
和解
화해
①다툼질을 서로 그치고 풂　②소송(訴訟) 또는 분쟁(紛爭) 당사자(當事者)가 서로 양보(讓步)하여 상호(相互) 간(間)의 분쟁(紛爭)을 그치기로 약속(約束)함으로써 성립(成立)하는 계약(契約)　③위장(胃腸)을...


-----------------------------------
수행

*****DEFINITION*****
(이행) fulfill, performance, fulfillment , perform, carry out 그는 자신의 업무를 성실히 수행했다 He performed his duties[task] diligently.
遂行
遂 遂 suì​   *遂* | 遂* | *遂 to satisfy / to succeed / then / thereupon / finally / unexpectedly / to proceed / to reach
行 行 háng​   *行* | 行* | *行 a row / series / age order (of brothers) / profession / professional / relating to company
  行 xíng​   *行* | 行* | *行 to walk / to go / to travel / a visit / temporary / makeshift / current / in circulation / to do / to perform / capable / competent / effective / all right / OK! / will do / behavior / conduct / Taiwan pr. [xing4] for the behavior-conduct sense HSK 4
遂
드디어 수,따를 수 1. 드디어, 마침내 2. 두루, 널리 3. 도랑(매우 좁고 작은 개울), 수로(水路) 4. 이루다 5. 생장하다(生長--) 6. 끝나다 7. 가다, 떠나가다 8. 나아가다 9. 답습하다(踏襲--) 10. 오래되다 11. 멀다, 아득하다... [부수]辶(책받침) [총획]13획 [난이도]고등용, 읽기 3급, 쓰기 2급
遂行
수행
계획(計劃)한 대로 해 냄
未遂
미수
①목적(目的)한 바를 이루지 못함 　②죄(罪)를 범(犯)하려고 착수(着手)하여 그 목적(目的)을 이루지 못함
完遂
완수
목적(目的)을 완전(完全)히 달성(達成)함
未遂犯
미수범
①범죄(犯罪) 실행(實行)에 착수(着手)하였으나, 그 행위(行爲)를 다 이루지 못하였거나 결과(結果)가 발생(發生)하지 아니한 범행(犯行) 　②또는, 그 범인(犯人)

行
다닐 행,항렬 항 1. 다니다, 가다 2. 행하다(行--), 하다 3. 행하여지다(行----), 쓰이다 4. 보다, 관찰하다(觀察--) 5. 유행하다(流行--) 6. 돌다, 순시하다(巡視--) 7. 늘다, 뻗다 8. 장사지내다(葬事---) 9. 시집가다(媤---)... [부수]行(다닐행) [총획]6획 [난이도]중학용, 읽기 6급, 쓰기 5급
施行
시행
①실제(實際)로 행(行)함 　②법령(法令)의 효력(效力)을 실제(實際)로 발생(發生)시킴
慣行
관행
①관례(慣例)대로 행(行)함 　②한가지 일을 자주 행(行)함 　③익숙하여 잘함
行爲
행위
①사람이 행(行)하는 짓 　②권리(權利)의 득실(得失), 이전(移轉) 등(等)의 원인(原因)이 되는 의사(意思)의 표시(表示) 　③사람의 도덕적(道德的) 성질(性質)을 띤 의식적(意識的)인 행동(行動)
進行
진행
①앞으로 나아감 　②일을 처리(處理)해 나감


-----------------------------------
해탈

*****DEFINITION*****
nirvana, vimutti 해탈의 경지에 이르다 reach (the state of) nirvana
解脫
解脱 jiě​tuō​   *解脱* | 解脱* | *解脱 to untie / to free / to absolve of / to get free of / to extirpate oneself / (Buddhism) to free oneself of worldly worries 解脫
解
풀 해 1. 풀다, 벗다, 깨닫다, 설명하다(說明--) 2. 풀이하다 3. 깨닫다 4. 통달하다(通達--) 5. 가르다, 분할하다(分割--), 떼어내다 6. 느슨해지다 7. 떨어지다, 빠지다 8. 벗기다 9. 흩어지다, 떠나가다 10.... [부수]角(뿔각) [총획]13획 [난이도]중학용, 읽기 4급II, 쓰기 3급II
解決
해결
①얽힌 일을 풀어 처리(處理)함 　②문제(問題)를 풀어서 결말(結末)을 지음 　③안어울림음을 어울림음으로 이끄는 일 따위
理解
이해
①사리(事理)를 분별(分別)하여 해석(解釋)함 　②깨달아 알아들음
解消
해소
어떤 상태(狀態)나 관계(關係)를 풀어 없앰
解弛
해이
마음의 긴장(緊張), 규율(規律) 등(等)이 풀리어 느즈러짐

脫
벗을 탈,기뻐할 태 1. 벗다 2. 벗어나다 3. 벗기다 4. 사면하다(赦免--) 5. 풀다 6. 나오다 7. 빠지다 8. 떨어지다 9. 거칠다 10. 소홀하다(疏忽--) 11. 잃다 12. 혹시(或是: 그러할 리는 없지만 만일에) 13. 만일(萬一)... [부수]月(육달월) [총획]11획 [난이도]중학용, 읽기 4급, 쓰기 3급
逸脫
일탈
빗나가고 벗어남
離脫
이탈
①떨어져 나감 　②관계(關係)를 끊음
脫出
탈출
몸을 빼쳐 도망(逃亡)함
脫黨
탈당
당원(黨員)이 당적(黨籍)을 떠남


-----------------------------------
열반

*****DEFINITION*****
(불교) nirvana 열반에 이르다 enter[reach; pass into] nirvana
涅槃
涅槃 niè​pán​   *涅槃* | 涅槃* | *涅槃 nirvana (Buddhism)
涅磐 niè​pán​   *涅磐* | 涅磐* | *涅磐 variant of 涅槃
涅 niè​   *涅* | 涅* | *涅 to blacken / abbr. for 涅槃
涅
개흙 열,개흙 녈,개흙 날 1. 개흙(갯바닥이나 늪 바닥에 있는 거무스름하고 미끈미끈한 고운 흙) 2. 진흙 3. 반석(盤石ㆍ磐石) 4. 열반(涅槃) 5. 검은 물을 들이다 6. 막다, 메우다 7. 극락(極樂)에 가다 8. 죽다 a. 개흙(갯바닥이나... [부수]氵(삼수변) [총획]10획 [난이도]읽기 1급, 쓰기 특급
涅槃
열반
불도(佛道)를 완전(完全)하게 이루어 일체(一切)의 번뇌(煩惱)를 해탈(解脫)한 최고(最高)의 경지(境地). 니르바나
佛垂般涅槃略說敎誡經
불수반열반약설교계경
☞ 유교경(遺敎經)
入涅槃
입열반
열반(涅槃) 곧 불생 불멸의 법신(法身)이 되는 일
大般涅槃經
대반열반경
석존(釋尊)의 입멸(入滅)에 관(關)하여 설명(說明)한 경전(經典). 한역(漢譯)에 소승(小乘)과 대승(大乘)의 두 경전(經典)이 있으며, 소승(小乘)은 석존 입멸(入滅) 전후(前後)를 주요(主要) 내용(內容)으로...

槃
쟁반 반 1. 쟁반 2. 즐기다(=般) 3. 멈추다 [부수]木(나무목) [총획]14획 [난이도]읽기 1급, 쓰기 특급
涅槃
열반
불도(佛道)를 완전(完全)하게 이루어 일체(一切)의 번뇌(煩惱)를 해탈(解脫)한 최고(最高)의 경지(境地). 니르바나
佛垂般涅槃略說敎誡經
불수반열반약설교계경
☞ 유교경(遺敎經)
拷槃餘事
고반여사
중국(中國)의 문방 청완(文房淸玩)이 취미(趣味)를 개설한 책(冊). 명(明)나라 도 융(屠隆)의 편찬(編纂)으로 되어 있으나, 재료(材料)는 명(明)나라의 고 염의 『준생팔전(遵生八牋)』을 주(主)로 하고,...
入涅槃
입열반
열반(涅槃) 곧 불생 불멸의 법신(法身)이 되는 일


-----------------------------------
도달하다

*****DEFINITION*****
(장소에) reach , arrive (at/in) 목적지에 도달하다 reach[arrive at] one's destination 2개 뜻 더보기 : (장소에) reach , arrive (at/in)
到達
到达 dào​dá​   *到达* | 到达* | *到达 to reach / to arrive 到達 HSK 5
到
이를 도 1. 이르다(어떤 장소나 시간에 닿다), 도달하다(到達--) 2. 닿다, 미치다(공간적 거리나 수준 따위가 일정한 선에 닿다) 3. (어떤 곳에)가다 4. 주밀하다(周密--), 빈틈없이 찬찬하다(성질이나 솜씨, 행동... [부수]刂(선칼도방) [총획]8획 [난이도]중학용, 읽기 5급II, 쓰기 4급II
到着
도착
목적(目的)한 곳에 다다름
到底
도저
①학식(學識)이나 생각이 아주 깊음 　②행동(行動)이나 몸가짐이 흐트러짐이 없이 바름
到達
도달
①정(定)한 곳에 다다름 　②목적(目的)한 데에 미침
殺到
쇄도
세차게 몰려듦

達
통달할 달 1. 통달하다(通達--) 2. 통하다(通--), 막힘이 없이 트이다 3. 이르다(어떤 장소나 시간에 닿다), 도달하다(到達--) 4. 달하다(達--), 환하게 알다 5. 전하다(傳--), 전달하다(傳達--) 6. 통용되다(通用--)... [부수]辶(책받침) [총획]13획 [난이도]중학용, 읽기 4급II, 쓰기 3급II
傳達
전달
①전(傳)하여 이르게 함 　②명령(命令)ㆍ지시(指示)ㆍ연락(連絡) 사항(事項) 등(等)을 구두(口頭) 또는 서류(書類)로 전(傳)함 　③흥분(興奮)이 신경(神經)ㆍ근육(筋肉)의 접합부(接合部)에 전(傳)해지는...
發達
발달
사물(事物)이 자라거나 나아지거나 하여 더욱 완전(完全)한 지경(地境)에 이름. 진보(進步)함
達成
달성
뜻한 바, 목적(目的)한 바를 이룸
到達
도달
①정(定)한 곳에 다다름 　②목적(目的)한 데에 미침


-----------------------------------
불성

*****DEFINITION*****
(부처의 본성) the nature of Buddha 2개 뜻 더보기 : (부처의 본성) the nature of Buddha
佛性
佛性 Fó​xìng​   *佛性* | 佛性* | *佛性 Buddha nature
佛
부처 불,일어날 발,도울 필 1. 부처 2. 불교 3. 불경 4. 프랑스의 약칭(略稱) 5. 불안(不安)한 모양 6. 어그러지다(=拂) 7. 비틀다 8. 비슷하다, 흡사하다 a. 성하다(盛--: 기운이나 세력이 한창 왕성하다) (발) b. 성(盛)한 모양... [부수]亻(사람인변) [총획]7획 [난이도]중학용, 읽기 4급II, 쓰기 3급II
佛敎
불교
서기(西紀) 전(前) 5세기(世紀) 경(頃) 인도(印度)의 석가모니(釋迦牟尼)가 창시(創始)한 종교(宗敎). 이 세상(世上)의 고통(苦痛)과 번뇌(煩惱)를 벗어나 부처가 됨을 종지(宗旨)로 하며, 죽어서 극락...
彌勒佛
미륵불
☞ 미륵보살(彌勒菩薩)
佛家
불가
①불교(佛敎)를 믿는 사람 　②또는, 그들의 사회(社會). 절
未來佛
미래불
☞ 미륵보살(彌勒菩薩)

性
성품 성 1. 성품(性品), 타고난 사람의 천성(天性) 2. 바탕 3. 성질(性質), 사물(事物)의 본질(本質) 4. 생명(生命), 목숨 5. 마음 6. 만유(萬有)의 원인(原因) 7. 성별(性別) 8. 남녀(男女), 자웅(雌雄)의 구별(區別)... [부수]忄(심방변) [총획]8획 [난이도]중학용, 읽기 5급II, 쓰기 4급II
可能性
가능성
①가능(可能)한 성질(性質) 　②완성(完成)될 수 있는 성질(性質) 　③일정(一定)한 조건(條件) 밑에 현실적(現實的)이 될 수 있는 자격(資格)을 갖고 있는 일
柔軟性
유연성
유연(柔軟)한 성질(性質)
性格
성격
①성결 　②언행(言行), 사고(思考) 방식(方式), 몸가짐 등(等) 사람의 정신(精神) 생활(生活)의 모든 면에 나타나는 어느 정도(程度) 지속적(持續的)인, 각 개인(個人)에게 특유(特有)한 감정(感情),...
蓋然性
개연성
①꼭 단정(斷定)할 수는 없으나 대개 그러리라고 생각되는 성질(性質) 　②어떤 일이 일어날 수 있는 가능성(可能性)


-----------------------------------
성찰

*****DEFINITION*****
introspection, self-examination, soul-searching, introspect, reflect (on) 자아성찰의 시간을 갖다 take some time for introspection[self-examination]
省察
省察 xǐng​chá​   *省察* | 省察* | *省察 to examine / to cast a critical eye over (especially in the context of introspection)
省
살필 성,덜 생 1. 살피다 2. 깨닫다 3. 명심하다(銘心--) 4. 관청(官廳), 관아(官衙) 5. 마을 6. 대궐(大闕) a. 덜다 (생) b. 허물 (생) c. 재앙(災殃) (생) [부수]目(눈목) [총획]9획 [난이도]중학용, 읽기 6급II, 쓰기 5급II
反省
반성
①(자기(自己)가 한 일이나 행동(行動)을) 잘못이나 허물이 없었는지 돌이켜 생각하는 것 　②(자신(自身)의 잘못이나 허물을) 돌이켜 생각하여 깨닫는 것
省墓
성묘
조상(祖上)의 산소(山所)에 가서 인사를 드리고 산소(山所)를 살피는 일
省察
성찰
①허물이나 저지른 일들을 반성(反省)하여 살핌 　②저지른 죄(罪)를 자세(仔細)히 생각하여 냄
省略
생략
덜어서 줄임. 뺌

察
살필 찰 1. 살피다 2. 알다, 살펴서 알다 3. 상고하다(詳考--) 4. 자세하다(仔細ㆍ子細--), 밝고 자세하다 5. 조사하다(調査--), 생각하여 보다 6. 드러나다, 널리 알려지다 7. 깨끗하다, 결백하다(潔白--) 8.... [부수]宀(갓머리) [총획]14획 [난이도]중학용, 읽기 4급II, 쓰기 3급II
檢察
검찰
①검사(檢査)하여 살핌 　②죄 지은 흔적(痕跡ㆍ痕迹)을 가려 그 사실(事實)과 증거(證據)를 찾음 또는 그 기관(機關)
警察
경찰
사회(社會) 공공(公共)의 질서(秩序) 유지(維持)와 그 장해(障害) 제거(除去)를 위(爲)하여 당사자(當事者)에게 강제(强制), 명령(命令)하는 행정(行政) 작용(作用)이나 그 조직(組織)
觀察
관찰
사물(事物)을 잘 살펴 봄
警察廳
경찰청
행정안전부(行政安全部) 장관(長官)에 속하여 치안(治安) 경찰(警察)에 관(關)한 사무(事務)를 통괄(統括)하는 기관(機關). 사무(事務)를 지역적(地域的)으로 분담(分擔) 수행(遂行)하기 위(爲)해 지방...


-----------------------------------
표출

*****DEFINITION*****
[명사] expression, display , [동사] express, show, display 감정을 표출하다 express[show] one's feelings
表出
表 表 biǎo​   *表* | 表* | *表 exterior surface / family relationship via females / to show (one's opinion) / a model / a table (listing information) / a form / a meter (measuring sth)
  表 biǎo​   *表* | 表* | *表 wrist or pocket watch 錶
出 出 chū​   *出* | 出* | *出 to go out / to come out / to occur / to produce / to go beyond / to rise / to put forth / to happen / classifier for dramas, plays, operas etc HSK 2
  出 chū​   *出* | 出* | *出 variant of 出 (classifier for plays or chapters of classical novels) 齣 HSK 2
表
겉 표,시계 표 1. 겉, 거죽, 겉면 2. 바깥 3. 표, 도표(圖表) 4. 모범(模範), 규범(規範) 5. 푯말(標-: 어떤 것을 표지하기 위하여 세우는 말뚝), 표지(標識) 6. 웃옷 7. 문체(文體) 이름 8. 시계(時計) 9. 해시계(-時計)의... [부수]衣(옷의) [총획]8획 [난이도]중학용, 읽기 6급II, 쓰기 5급II
發表
발표
널리 드러내어 세상(世上)에 알림
代表
대표
①전체(全體)의 상태(狀態)나 성질(性質)을 어느 하나로 잘 나타내는 일. 또는, 나타낸 그것 　②어떤 일을 집단(集團)을 대신(代身)하여 하는 것. 또는, 그 사람 　③(법률(法律)ㆍ법학) 법인(法人)ㆍ...
表現
표현
①나타냄. 또는 나타난 형상(形象ㆍ形像)이나 모양(模樣) 　②내면적(內面的) 과정(過程)의 감성(感性) 표시(表示). 심적(心的) 상태(狀態), 과정(過程) 또는 성격(性格), 지향(志向), 의미(意味) 등(等)...
表示
표시
①겉으로 드러내 보임 　②남에게 알리느라고 겉으로 드러내어 발표(發表)함

出
날 출,단락 척 1. 나다, 태어나다, 낳다 2. 나가다 3. 떠나다, 헤어지다 4. 드러내다, 나타내다 5. 내놓다 6. 내쫓다, 추방하다(追放--) 7. 돌려보내다 8. 내어주다, (셈을)치르다 9. 버리다 10. 게우다 11. 샘솟다,... [부수]凵(위튼입구몸) [총획]5획 [난이도]중학용, 읽기 7급, 쓰기 6급
輸出
수출
①실어서 내보냄 　②국내(國內)에서 외국(外國)으로 재화(財貨)를 팔기 위(爲)하여 실어 냄
出帆
출범
①배가 돛을 달고 떠남 　②단체(團體)가 새로 조직(組織)되어 일을 시작(始作)하는 것을 비유(比喩ㆍ譬喩)하여 이르는 말
提出
제출
문안(文案)이나 의견(意見)ㆍ법안(法案) 등(等)을 내어놓음
抽出
추출
①빼냄. 뽑아 냄 　②용매(溶媒)를 써서 고체(固體)ㆍ액체(液體)에서 어떤 물질(物質)을 뽑아 내는 일


-----------------------------------
집착

*****DEFINITION*****
obsession, obsess (about/over) 돈에 대한 집착을 버리다 get rid[let go] of one's obsession over money
執着
執 执 zhí​   *执* | 执* | *执 to execute (a plan) / to grasp 執
着 着 zhāo​   *着* | 着* | *着 (chess) move / trick / all right! / (dialect) to add 著
  着 zháo​   *着* | 着* | *着 to touch / to come in contact with / to feel / to be affected by / to catch fire / to burn / (coll.) to fall asleep / (after a verb) hitting the mark / succeeding in 著
  着 zhe​   *着* | 着* | *着 aspect particle indicating action in progress 著 HSK 2
  着 zhuó​   *着* | 着* | *着 to wear (clothes) / to contact / to use / to apply 著
執
잡을 집 1. 잡다 2. 가지다 3. 맡아 다스리다 4. 처리하다(處理--) 5. 두려워하다 6. 사귀다 7. 벗, 동지(同志) 8. 벗하여 사귀는 사람 [부수]土(흙토) [총획]11획 [난이도]중학용, 읽기 3급II, 쓰기 2급
執行
집행
일을 잡아 행(行)함
執權
집권
①정권(政權)을 잡음 　②정사(政事)를 행(行)하는 실권(實權)을 잡음
執着
집착
어떤 것에 마음이 늘 쏠려 떨치지 못하고 매달리는 일
固執
고집
자기(自己)의 의견(意見)만 굳게 내세움

着
붙을 착,나타날 저 1. 붙다 2. (옷을)입다 3. (머리에)쓰다 4. (신을)신다 5. 다다르다 6. 시작하다(始作--) a. 나타나다, 나타내다 (저) b. 분명하다(分明--) (저) c. 드러나다, 분명해지다(分明---) (저) d. 두드러지다... [부수]目(눈목) [총획]12획 [난이도]중학용, 읽기 5급II, 쓰기 4급II
癒着
유착
①분리(分離)되어 있어야 할 생체의 기관(器官)의 조직면(組織面)이 섬유성(纖維性) 조직(組織)으로 연결(連結)ㆍ융합(融合)하는 일 　②사물(事物)이 깊은 관계(關係)가 있어 서로 떨어지지 않게 결합(結合)되어...
到着
도착
목적(目的)한 곳에 다다름
執着
집착
어떤 것에 마음이 늘 쏠려 떨치지 못하고 매달리는 일
定着
정착
①어느 곳에 자리잡아 오래도록 사는 것 　②새로운 문화(文化) 현상(現象)ㆍ학설(學說) 등(等)이 당연(當然)한 것으로서 사회적(社會的)으로 수용(受容)되는 것 　③현상(現像)한 필름ㆍ인화지(印畫紙)가...


-----------------------------------
경지

*****DEFINITION*****
(상태) stage 해탈의 경지에 도달하다 reach the spiritual realm of being delivered from worldly existence
境地
境地 jìng​dì​   *境地* | 境地* | *境地 circumstances
境
지경 경 1. 지경(地境: 땅의 가장자리, 경계) 2. 경계(境界), 국경(國境) 3. 경우(境遇) 4. 상태(狀態) 5. 곳, 장소(場所) 6. 처지(處地) [부수]土(흙토) [총획]14획 [난이도]고등용, 읽기 4급II, 쓰기 3급II
境遇
경우
놓여 있는 조건(條件)이나 놓이게 되는 형편(形便) 또는 사정(事情)
環境
환경
①사람이나 동식물(動植物)의 생존(生存)에 커다란 영향(影響)을 미치는, 눈ㆍ비ㆍ바람 등(等)의 기후적(氣候的) 조건(條件)이나 산ㆍ강ㆍ바다ㆍ공기(空氣)ㆍ햇빛ㆍ흙 등(等)의 초자연적(超自然的) 조건(條件)...
地境
지경
①땅의 경계(境界) 　②어떠한 처지(處地)나 형편(形便)
境界
경계
①일이나 물건(物件)이 어떤 표준(標準) 아래 맞닿은 자리 　②인과(因果) 이치(理致)에 따라서 스스로 받는 경우(境遇) 　③일정(一定)한 기준(基準)에 의(依)해 분간(分揀)되는 한계(限界)

地
땅 지 1. 땅, 대지(大地) 2. 곳, 장소(場所) 3. 노정(路程: 목적지까지의 거리) 4. 논밭 5. 뭍, 육지(陸地) 6. 영토(領土), 국토(國土) 7. 토지(土地)의 신(神) 8. 처지(處地), 처해 있는 형편(形便) 9. 바탕,... [부수]土(흙토) [총획]6획 [난이도]중학용, 읽기 7급, 쓰기 6급
地域
지역
일정(一定)한 땅의 구역(區域)
敷地
부지
건축물(建築物)이나 도로(道路)에 쓰이는 땅
地方
지방
①어느 방면(方面)의 땅 　②서울 이외(以外)의 지역(地域)
處地
처지
①자기(自己)가 처해 있는 경우(境遇) 또는 환경(環境) 　②서로 사귀어 지내는 관계(關係) 　③지위(地位) 또는 신분(身分)


-----------------------------------
수양

*****DEFINITION*****
develop, cultivate, improve 수양을 쌓다 cultivate one's mind
修養
修养 xiū​yǎng​   *修养* | 修养* | *修养 accomplishment / training / self-cultivation 修養 HSK 6
修
닦을 수 1. 닦다, 익히다, 연구하다(硏究--) 2. 꾸미다, 엮어 만들다 3. 고치다, 손질하다 4. 다스리다, 정리하다(整理--) 5. 갖추다, 베풀다(일을 차리어 벌이다, 도와주어서 혜택을 받게 하다) 6. (도덕, 품... [부수]亻(사람인변) [총획]10획 [난이도]중학용, 읽기 4급II, 쓰기 3급II
修能
수능
＇수학(修學) 능력(能力)＇의 준말. (특(特)히, 전문(專門) 대학(大學) 이상(以上)의 교육(敎育) 기관(機關)에서) 교육(敎育) 과정(課程)의 차례(次例)에 따라 베푸는 학업(學業)을 닦을 수 있는 능력(能力)
修整
수정
새로 고쳐서 정돈(整頓)함
修正
수정
잘못된 점(點)을 바로 잡아서 고침
修辭
수사
말이나 글을 다듬고 꾸며서 보다 아름답고, 정연하게 하는 일

養
기를 양 1. (낳아서)기르다 2. (젖을)먹이다 3. (심어)가꾸다 4. 수양하다(收養--: 다른 사람의 자식을 맡아서 제 자식처럼 기르다) 5. 봉양하다(奉養--), 공양하다(供養--) 6. 가르치다 7. 맡다, 관장하다(管掌--)... [부수]食(밥식) [총획]15획 [난이도]중학용, 읽기 5급II, 쓰기 4급II
養成
양성
①가르쳐서 유능(有能)한 사람을 길러 냄 　②실력(實力), 역량(力量) 따위를 길러서 발전(發展)시킴
涵養
함양
①서서히 양성(養成)함. 차차 길러 냄 　②학문(學問)과 식견(識見)을 넓혀서 심성(心性)을 닦음
培養
배양
①식물(植物)이나 미생물(微生物) 따위를 인공적(人工的)으로 가꾸어 기름 　②인격(人格), 사상(思想), 역량(力量) 따위가 발전(發展)하도록 가르쳐 기름
療養
요양
①휴양(休養)하면서 치료(治療)하는 것 　②또는, 그러한 치료(治療)


-----------------------------------
도심

*****DEFINITION*****
downtown, center of a city, center of town 그녀는 서울 도심의 한 아파트에 산다 She lives in an apartment in downtown Seoul.
都心
都 都 Dū​   *都* | 都* | *都 surname Du
  都 dōu​   *都* | 都* | *都 all / both / entirely / (used for emphasis) even / already / (not) at all HSK 1
  都 dū​   *都* | 都* | *都 capital city / metropolis
心 心 xīn​   *心* | 心* | *心 heart / mind / intention / center / core / CL: 顆｜颗, 個｜个
都
도읍 도,못 지 1. 도읍(都邑), 서울 2. 도시(都市) 3. 마을, 동네 4. 나라 5. 성(城) 6. 못(=池) 7. 그루터기(풀이나 나무 따위의 아랫동아리) 8. 우두머리, 수령(守令) 9. 아아(감탄사) 10. 대개(大槪: 대부분), 대충(대강을... [부수]阝(우부방) [총획]12획 [난이도]중학용, 읽기 5급, 쓰기 4급
都市
도시
사람이 많이 살고 집과 건물(建物)이 많으며, 정부(政府)의 기관(機關)과 사업체(事業體)가 많고 학교(學校)ㆍ병원(病院)ㆍ오락(娛樂) 시설(施設) 등(等)의 문화(文化) 시설(施設)이 집중(集中)되어 있는...
首都圈
수도권
수도(首都)를 중심(中心)으로 이루어지는 대도시권
首都
수도
한 나라의 정부(政府)가 있는 도시(都市), 서울
都大體
도대체
＇대체＇의 뜻을 더 넓게 강조(强調)하여 쓰는 말. 대관절. 도무지

心
마음 심 1. 마음, 뜻, 의지(意志) 2. 생각 3. 염통, 심장(心臟) 4. 가슴 5. 근본(根本), 본성(本性) 6. 가운데, 중앙(中央), 중심(中心) 7. 도(道)의 본원(本源) 8. 꽃술, 꽃수염 9. 별자리 이름 10. 진수(眞修:... [부수]心(마음심) [총획]4획 [난이도]중학용, 읽기 7급, 쓰기 6급
核心
핵심
사물(事物)의 중심(中心)이 되는 중요(重要)한 부분(部分)
關心
관심
어떤 일이나 대상(對象)에 흥미(興味)를 가지고 마음을 쓰거나 알고 싶어하는 상태(狀態)
疑心
의심
①마음에 미심(未審)하게 여기는 생각 　②믿지 못하는 모양(模樣)
疑懼心
의구심
의심(疑心)하고 두려워하는 마음


-----------------------------------
승화

*****DEFINITION*****
(물리) sublimation 2개 뜻 더보기 : (물리) sublimation
昇華
昇 升 shēng​   *升* | 升* | *升 variant of 升 / to ascend / to rise in rank 昇 HSK 5
華 华 Huá​   *华* | 华* | *华 abbr. for China 華
  华 Huà​   *华* | 华* | *华 Mt Hua 華山｜华山 in Shaanxi / surname Hua 華
  华 huā​   *华* | 华* | *华 old variant of 花 / flower 華
  华 huá​   *华* | 华* | *华 magnificent / splendid / flowery 華
昇
오를 승 1. (해가)오르다 2. (높은 곳에)오르다 3. (지위가)오르다 4. (벼슬을)올리다 5. (임금이)죽다 [부수]日(날일) [총획]8획 [난이도]고등용, 읽기 3급II, 쓰기 2급
上昇
상승
위로 올라감. 오름
昇進
승진
벼슬이나 지위(地位)가 오름
昇華
승화
①(물리학(物理學), 화학(化學)) 고체(固體)가 액체(液體) 상태(狀態)를 거치지 않고 곧바로 기체(氣體)로 변(變)하는 현상(現象). 상온(常溫)에서는 나프탈렌ㆍ드라이 아이스 등(等)에서 그 예를 볼 수...
上昇勢
상승세
오름세. 위로 올라가는 기세(氣勢)

華
빛날 화 1. 빛나다 2. 찬란하다(燦爛ㆍ粲爛--) 3. 화려하다(華麗--) 4. 사치하다(奢侈--) 5. 호화롭다(豪華--) 6. 번성하다(蕃盛ㆍ繁盛--) 7. 머리 세다 8. 꽃 9. 광채(光彩) 10. 때 11. 세월(歲月) 12. 시간(時間)... [부수]艹(초두머리) [총획]12획 [난이도]중학용, 읽기 4급, 쓰기 3급
華婚
화혼
남의 혼인(婚姻)의 미칭(美稱)
華麗
화려
빛나고 아름다움
祝華婚
축화혼
결혼(結婚)을 축하(祝賀)함. 경조사(慶弔事)의 서식(書式)
昇華
승화
①(물리학(物理學), 화학(化學)) 고체(固體)가 액체(液體) 상태(狀態)를 거치지 않고 곧바로 기체(氣體)로 변(變)하는 현상(現象). 상온(常溫)에서는 나프탈렌ㆍ드라이 아이스 등(等)에서 그 예를 볼 수...


-----------------------------------
