더불어

*****DEFINITION*****
together (with), along with, (formal) in company with 우리는 이웃과 더불어 살아간다 We live together with our neighbors.

-----------------------------------
맥락

*****DEFINITION*****
context 이것도 같은 맥락에서 이해할 수 있다 This can be understood in the same context.
脈絡
脉络 mài​luò​   *脉络* | 脉络* | *脉络 arteries and veins / network of blood vessels / vascular system (of a plant or animal) / (fig.) fabric (i.e. underlying structure, as in "social fabric") / overall context 脈絡
脈
줄기 맥 1. 줄기 2. 맥 3. 맥박(脈搏) 4. 혈관 5. 혈맥 6. 수로 7. 진맥하다 8. 연달아 하다 [부수]月(육달월) [총획]10획 [난이도]고등용, 읽기 4급II, 쓰기 3급II
脈絡
맥락
①혈맥이 서로 연락(連絡)되어 있는 계통(系統) 　②사물(事物)의 이어져 있는 연관(聯關)
山脈
산맥
여러 산악(山岳)이 잇달아 길게 뻗치어 줄기를 이룬 지대(地帶). 산줄기
血脈
혈맥
①동물(動物)의 몸에서 피가 도는 줄기 　②조사(祖師)로부터 이어져 내려 온 종지(宗旨)
文脈
문맥
글의 성분(成分)들이 서로 맺고 있는 관계(關係)

絡
이을 락,이을 낙,얽을 락,얽을 낙 1. 잇다 2. 두르다 3. 둘러 싸다 4. 얽다, 얽히다 5. 묶다, 잡아매다 6. 포괄하다(包括--) 7. 헌솜(옷, 이불 따위에서 빼낸 묵은 솜), 실, 면 8. 줄, 고삐(코뚜레, 굴레에 잡아매는 줄) 9. 조리(條理),... [부수]糸(실사) [총획]12획 [난이도]고등용, 읽기 3급II, 쓰기 2급
連絡
연락
①서로 관련(關聯)을 지음 　②사정(事情)을 알림 　③오고 가는 일이나 교통(交通)을 이어 주는 일 　④서로 옮겨 주고받고 하는 일
脈絡
맥락
①혈맥이 서로 연락(連絡)되어 있는 계통(系統) 　②사물(事物)의 이어져 있는 연관(聯關)
籠絡
농락
(사람을) 교묘(巧妙)한 꾀로 휘어잡아 제 마음대로 이용(利用)하거나 다루는 것
聯絡
연락
☞ 연락(連絡)


-----------------------------------
수칙

*****DEFINITION*****
rule(s), regulation(s) 근무 수칙 office regulations
守則
守则 shǒu​zé​   *守则* | 守则* | *守则 rules / regulations 守則
守
지킬 수 1. 지키다, 다스리다 2. 머무르다 3. 기다리다 4. 거두다, 손에 넣다 5. 청하다(請--), 요구하다(要求--) 6. 지키는 사람 7. 직무, 직책(職責), 임무(任務) 8. 벼슬의 지위(地位)는 낮고 관직(官職)은... [부수]宀(갓머리) [총획]6획 [난이도]중학용, 읽기 4급II, 쓰기 3급II
遵守
준수
그대로 좇아 지킴
保守
보수
①보전(保全)하여 지킴 　②묵은 그대로 지킴
守護
수호
지키고 보호(保護)함
固守
고수
굳게 지킴

則
법칙 칙,곧 즉 1. 법칙(法則) 2. 준칙(準則) 3. 이치(理致) 4. 대부(大夫)의 봉지(封地) 5. 본보기로 삼다 6. 본받다, 모범으로 삼다 a. 곧 (즉) b. 만일(萬一) ~이라면 (즉) c. ~하면, ~할 때에는 (즉) [부수]刂(선칼도방) [총획]9획 [난이도]중학용, 읽기 5급, 쓰기 4급
原則
원칙
①많은 경우(境遇)에 적용(適用)되는 근본(根本) 법칙(法則) 　②일반(一般)의 경우(境遇)에 적용(適用)되는 법칙(法則)
規則
규칙
①여러 사람이 다 같이 지키기로 작정(作定)한 법칙(法則). 제정(制定)된 질서(秩序) 　②사람의 행위(行爲)나 사무(事務)를 다루는 표준(標準)이 되는 것 　③어떤 사건(事件)이나 행위(行爲)의 한결...
法則
법칙
①법식(法式)과 규칙(規則) 　②모든 현상(現象)들의 원인(原因)과 결과(結果) 사이에 내재(內在)하는 보편적(普遍的), 필연적(必然的)인 관계(關係) 　③운산의 방식(方式) 　④반드시 지켜야 할 규범(規範)...
原則的
원칙적
원칙성(原則性)이 있거나 원칙(原則)에 근거(根據)를 두는 모양(模樣)


-----------------------------------
화목

*****DEFINITION*****
[명사] harmony , [형용사] harmonious, amicable 화목한 가정 a harmonious[peaceful] family
和睦
和睦 hé​mù​   *和睦* | 和睦* | *和睦 peaceful relations / harmonious HSK 6
和
화할 화 1. 화하다(和--: 서로 뜻이 맞아 사이 좋은 상태가 되다) 2. 화목하다(和睦--) 3. 온화하다(溫和--) 4. 순하다(順--) 5. 화해하다(和解--) 6. 같다 7. 서로 응하다(應--) 8. 합치다(合--) 9. 허가하다(許可--)... [부수]口(입구) [총획]8획 [난이도]중학용, 읽기 6급II, 쓰기 5급II
緩和
완화
급박(急迫)하거나 긴장(緊張)된 상태(狀態)를 느슨하게 함
平和
평화
①평온(平穩)하고 화목(和睦)함 　②화합(和合)하고 안온(安穩)함 　③전쟁(戰爭)이 없이 세상(世上)이 평온(平穩)함
調和
조화
서로 잘 어울림
和解
화해
①다툼질을 서로 그치고 풂　②소송(訴訟) 또는 분쟁(紛爭) 당사자(當事者)가 서로 양보(讓步)하여 상호(相互) 간(間)의 분쟁(紛爭)을 그치기로 약속(約束)함으로써 성립(成立)하는 계약(契約)　③위장(胃腸)을...

睦
화목할 목 1. 화목하다(和睦--) 2. 온화하다(穩話--) 3. 친하다(親--) 4. 도탑다(서로의 관계에 사랑이나 인정이 많고 깊다), 친후하다(親厚--) 5. 가깝다, 밀접하다(密接--) 6. 공손하다(恭遜--), 삼가다(몸가짐이나... [부수]目(눈목) [총획]13획 [난이도]고등용, 읽기 3급II, 쓰기 2급
和睦
화목
서로 뜻이 맞고 정다움
親睦
친목
서로 친(親)하여 화목(和睦)함
一家和睦
일가화목
한집안 식구(食口)가 서로 뜻이 맞아 정다움
泗川睦
사천목
시조(始祖): 목효기(睦孝基) 　고려(高麗) 시대(時代)에 낭장(郎將), 동정(同正)을 지냈음. 　목씨(睦氏)는 본래(本來) 중국(中國) 조군(趙郡:지금의 직예성 대명도 고대 조나라)에서 계출(系出)된 성...


-----------------------------------
전제

*****DEFINITION*****
premise, (formal) prerequisite, be required 대전제 a major premise
前提
前提 qián​tí​   *前提* | 前提* | *前提 premise / precondition / prerequisite HSK 6
前
앞 전,자를 전 1. 앞 2. 먼저 3. 미래(未來), 앞날 4. 미리, 앞서서, 사전에(事前-) 5. 거무스름한 빛깔 6. 가위 7. 앞서다 8. 나아가다 9. 인도하다(引導--) 10. 뵙다, 찾아뵙다 11. 소멸하다(消滅--) 12. 자르다 [부수]刂(선칼도방) [총획]9획 [난이도]중학용, 읽기 7급II, 쓰기 6급
如前
여전
(어떤 대상(對象)이)변함이 없이 전(前)과 같음
前提
전제
①어떤 사물(事物)을 의논(議論)할 때 먼저 내세우는 기본(基本)이 되는 것 　②추리(推理)를 할 때의 결론(結論)의 기초(基礎)가 되는 판단(判斷) 　③삼단(三段) 논법(論法)의 대소(大小)의 두 전제(前提)
以前
이전
①오래 전(前) 　②그 전(前)
午前
오전
①자정으로부터 낮 열두 시까지의 동안 　②아침부터 정오(正午)까지의 동안

提
끌 제,떼지어 날 시 1. 끌다, 이끌다 2. 끌어당기다 3. 거느리다 4. (손에)들다 5. 점잖게 걷다 6. 제시하다(提示--) 7. 던지다, 던져서 때리다 8. 끊다, 단절하다(斷切ㆍ斷截--) 9. 북 이름 10. 편안(便安)한 모양 a. 떼지어... [부수]扌(재방변) [총획]12획 [난이도]고등용, 읽기 4급II, 쓰기 3급II
提起
제기
①의견(意見)을 붙이어 의논(議論)할 것을 제초함 　②드러내어 문제(問題)를 일으킴
提供
제공
(어떤 사람에게, 또는 단체(團體)에 어떤 사물(事物)을) 가지거나 누리도록 주는 것
提示
제시
어떠한 뜻을 글이나 말로 드러내어 보이거나 가리킴
孩提
해제
어린아이


-----------------------------------
가치관

*****DEFINITION*****
values 전통적인 가치관 traditional values
價値觀
价值观 jià​zhí​guān​   *价值观* | 价值观* | *价值观 system of values 價值觀
價
값 가 1. 값, 가격(價格) 2. 값어치 3. 명성(名聲), 평판(評判) 4. 수(數) 5. 값있다, 값지다 [부수]亻(사람인변) [총획]15획 [난이도]중학용, 읽기 5급II, 쓰기 4급II
評價
평가
①물품(物品)의 가격(價格)을 평정(評定)함. 또는, 그 가격(價格) 　②사람이나 사물(事物)의 가치(價値)를 판단(判斷)함. 선악(善惡) 미추(美醜) 등(等)의 가치(價値)를 논정(論定)함. 또는, 그 가치(價値)...
價値
가치
①값, 값어치 　②욕망(慾望)을 충족(充足)시키는 재화(財貨)의 중요(重要) 정도(程度) 　③주관(主觀)의 뜻을 만족(滿足)시키는 객관적(客觀的) 당위(當爲)
價格
가격
물건(物件)이 지니고 있는 가치(價値)를 돈으로 나타낸 것. 값
物價
물가
①물건값(物件-) 　②상품(商品)의 시장(市場) 가격(價格)

値
값 치 1. 값, 값어치, 가격(價格) 2. 가치에 상당하다(相當--), 가치가 있다, ~할 만하다 3. 걸맞다 4. 가지다, 지니다 5. 만나다, 때를 맞이하다, 즈음하다 6. 당하다(當--), 당번(當番)이 돌아오다 7. 꽂다,... [부수]亻(사람인변) [총획]10획 [난이도]고등용, 읽기 3급II, 쓰기 2급
價値
가치
①값, 값어치 　②욕망(慾望)을 충족(充足)시키는 재화(財貨)의 중요(重要) 정도(程度) 　③주관(主觀)의 뜻을 만족(滿足)시키는 객관적(客觀的) 당위(當爲)
數値
수치
계산(計算)하여 얻은 수(數)
價値觀
가치관
①가치(價値)에 관(關)한 견해(見解) 　②가치(價値)를 중심(中心)으로 보는 관점(觀點) 　③어떤 사물(事物)이나 대상(對象)이 지니고 있는 중요성(重要性) 　④의의(意義), 역할(役割) 등(等)에 대(對)한...
基準値
기준치
어떤 상태(狀態)를 판정(判定)하는 기준(基準)이 되는 수치(數値)

觀
볼 관 1. 보다 2. 보이게 하다 3. 보게 하다 4. 나타내다 5. 점치다(占--) 6. 모양 7. 용모(容貌) 8. 생각 9. 누각(樓閣: 문과 벽이 없이 다락처럼 높이 지은 집) 10. 황새 11. 괘(卦)의 이름 [부수]見(볼견) [총획]25획 [난이도]중학용, 읽기 5급II, 쓰기 4급II
觀光
관광
다른 지방(地方)이나 나라의 명승(名勝)ㆍ고적(古蹟)과 풍속(風俗) 등(等)을 돌아다니며 구경하는 것
觀測
관측
①자연(自然) 현상(現象)의 추이 　②변화(變化)를 정확(正確), 세밀(細密)하게 관찰(觀察)하여 수량적(數量的)인 측정(測定)을 헤아림 　③사물(事物)을 살펴 봄
客觀的
객관적
객관(客觀)을 기초(基礎)로 한 모양(模樣)
觀察
관찰
사물(事物)을 잘 살펴 봄


-----------------------------------
준엄하다

*****DEFINITION*****
stern 역사의 준엄한 심판을 받다 be sternly judged by history
峻嚴
峻 峻 jùn​   *峻* | 峻* | *峻 (of mountains) high / harsh or severe
嚴 严 Yán​   *严* | 严* | *严 surname Yan 嚴
  严 yán​   *严* | 严* | *严 tight (closely sealed) / stern / strict / rigorous / severe / father 嚴
峻
높을 준,준엄할 준 1. 높다 2. 가파르다 3. 준엄하다 4. 엄하다(嚴--: 매우 철저하고 바르다), 엄하고 심하다(甚--: 정도가 지나치다), 엄하게 하다 5. 크다 6. (길이가)길다 7. 자라다, 생장하다 8. 훌륭하다 9. 훌륭한,... [부수]山(뫼산) [총획]10획 [난이도]읽기 2급, 쓰기 특급II
峻嚴
준엄
매우 엄격(嚴格)함
高峻
고준
①산이 높고 가파름 　②술이 몹시 독함
峻切
준절
☞ 준절(峻截)
峻截
준절
①산이 깎아 세운 듯이 높고 험함 　②매우 위엄(威嚴)이 있고 정중함

嚴
엄할 엄 1. 엄하다(嚴--: 매우 철저하고 바르다) 2. 혹독하다(酷毒--) 3. 엄격하다 4. 엄밀하다 5. 지독하다(至毒--) 6. 빈틈없다 7. 심하다(甚--: 정도가 지나치다) 8. 급하다(急--), 절박하다(切迫--) 9. 존... [부수]口(입구) [총획]20획 [난이도]중학용, 읽기 4급, 쓰기 3급
嚴格
엄격
①언행(言行)이 엄숙(嚴肅)하고 딱딱함 　②매우 엄하여 잘못이나 속임수 따위를 허용(許容)하지 않음
嚴正
엄정
엄하고 바름
嚴重
엄중
①몹시 엄함 　②용서(容恕)할 수 없을 만큼 중대(重大)함
嚴肅
엄숙
장엄(莊嚴)하고 정숙(靜肅)함. 위엄(威嚴) 있고 정중(鄭重)함


-----------------------------------
영성

*****DEFINITION*****
divine nature, spirituality
靈性
灵性 líng​xìng​   *灵性* | 灵性* | *灵性 spiritual nature / spirituality / intelligence (esp. in animals) 靈性
靈
신령 영,신령 령 1. 신령(神靈) 2. 혼령(魂靈), 혼백(魂魄), 영혼(靈魂) 3. 귀신(鬼神), 유령(幽靈), 도깨비 4. 정기(精氣), 영기(靈氣) 5. 정신(精神), 감정(感情) 6. 존엄(尊嚴) 7. 하늘, 천제(天帝) 8. 영적인 존재(存在)... [부수]雨(비우) [총획]24획 [난이도]고등용, 읽기 3급II, 쓰기 2급
妄靈
망령
늙거나 정신(精神)이 흐려져서 말과 행동(行動)이 정상(正常)에서 어그러지는 상태(狀態)
心靈
심령
정신(精神)의 근원(根源)이 되는 의식(意識)의 본바탕. 곧, 마음속의 영혼(靈魂). 육체(肉體)를 떠나서 존재(存在)한다는 마음의 주체(主體). 과학(科學)으로는 풀이할 수 없는 신비(神祕ㆍ神秘)하고 ...
靈魂
영혼
①육체(肉體)에 머물러 그것을 지배(支配)하고, 정신(精神) 현상(現象)의 근원(根源)이 되며, 육체(肉體)가 없어져도 독립(獨立)하여 존재(存在)할 수 있다고 믿어지는 대상(對象). 혼령(魂靈) 　②미개(未開)...
幽靈
유령
①죽은 사람의 혼령(魂靈) 　②이름 뿐이고 실제(實際)는 없는 것

性
성품 성 1. 성품(性品), 타고난 사람의 천성(天性) 2. 바탕 3. 성질(性質), 사물(事物)의 본질(本質) 4. 생명(生命), 목숨 5. 마음 6. 만유(萬有)의 원인(原因) 7. 성별(性別) 8. 남녀(男女), 자웅(雌雄)의 구별(區別)... [부수]忄(심방변) [총획]8획 [난이도]중학용, 읽기 5급II, 쓰기 4급II
可能性
가능성
①가능(可能)한 성질(性質) 　②완성(完成)될 수 있는 성질(性質) 　③일정(一定)한 조건(條件) 밑에 현실적(現實的)이 될 수 있는 자격(資格)을 갖고 있는 일
柔軟性
유연성
유연(柔軟)한 성질(性質)
性格
성격
①성결 　②언행(言行), 사고(思考) 방식(方式), 몸가짐 등(等) 사람의 정신(精神) 생활(生活)의 모든 면에 나타나는 어느 정도(程度) 지속적(持續的)인, 각 개인(個人)에게 특유(特有)한 감정(感情),...
蓋然性
개연성
①꼭 단정(斷定)할 수는 없으나 대개 그러리라고 생각되는 성질(性質) 　②어떤 일이 일어날 수 있는 가능성(可能性)


-----------------------------------
기지

*****DEFINITION*****
(군사기지) base; (탐험 등의) station (남극) 세종기지 King Sejong Station
基地
基地 jī​dì​   *基地* | 基地* | *基地 base (of operations) / industrial or military base / al-Qaeda HSK 6
基
터 기 1. 터, 기초(基礎), 토대(土臺) 2. 근본(根本) 3. 사업(事業) 4. 꾀 5. 일주년(一周年ㆍ一週年) 6. 쟁기(논밭을 가는 농기구) 7. 기(탑, 무덤 등을 세는 단위) 8. 자리를 잡다 9. 비롯하다, 기인하다(起因--),... [부수]土(흙토) [총획]11획 [난이도]중학용, 읽기 5급II, 쓰기 4급II
基準
기준
사물(事物)의 기본(基本)이 되는 표준(標準)
基礎
기초
①사물(事物)의 밑바닥 　②건물(建物), 다리, 탑 같은 건조물(建造物)이나 안벽(岸壁), 방파제(防波堤)와 같은 구축물(構築物)의 무게를 받치기 위(爲)해 만든 바닥
基盤
기반
사물(事物)의 밑바탕. 터전
基本
기본
사물(事物)의 근본(根本)

地
땅 지 1. 땅, 대지(大地) 2. 곳, 장소(場所) 3. 노정(路程: 목적지까지의 거리) 4. 논밭 5. 뭍, 육지(陸地) 6. 영토(領土), 국토(國土) 7. 토지(土地)의 신(神) 8. 처지(處地), 처해 있는 형편(形便) 9. 바탕,... [부수]土(흙토) [총획]6획 [난이도]중학용, 읽기 7급, 쓰기 6급
地域
지역
일정(一定)한 땅의 구역(區域)
敷地
부지
건축물(建築物)이나 도로(道路)에 쓰이는 땅
地方
지방
①어느 방면(方面)의 땅 　②서울 이외(以外)의 지역(地域)
處地
처지
①자기(自己)가 처해 있는 경우(境遇) 또는 환경(環境) 　②서로 사귀어 지내는 관계(關係) 　③지위(地位) 또는 신분(身分)


-----------------------------------
적극

*****DEFINITION*****
적극 참여하다 actively participate (in)
積極
积极 jī​jí​   *积极* | 积极* | *积极 active / energetic / vigorous / positive (outlook) / proactive 積極 HSK 4
積
쌓을 적,저축 자 1. 쌓다 2. 많다 3. 머무르다 4. 울적하다(鬱寂--) 5. 병이 들다 6. 심하다(甚--: 정도가 지나치다) 7. 더미 8. 곱하여 얻은 수 9. 부피 10. 넓이 11. 자취(어떤 것이 남긴 표시나 자리) 12. 병(病) 이름... [부수]禾(벼화) [총획]16획 [난이도]고등용, 읽기 4급, 쓰기 3급
積極
적극
사물(事物)에 대(對)하여 그것을 긍정(肯定)하고 능동적(能動的)으로 활동(活動)함
積極的
적극적
사물(事物)에 대(對)하여 긍정(肯定)하고 능동적(能動的)인 것
累積
누적
①포개어 쌓음. 또는 포개져 쌓임　②되풀이하거나 지속(持續)하여 더 많아지거나 심해지게 하는 것
蓄積
축적
①많이 모이는 일 　②또는, 그것

極
극진할 극,다할 극 1. 극진하다(極盡--) 2. 지극하다(至極--) 3. 다하다 4. 이르다(어떤 장소나 시간에 닿다), 다다르다 5. 이르게 하다, 미치게 하다 6. 세차다, 엄하다(嚴--: 매우 철저하고 바르다), 혹독하다(酷毒--)... [부수]木(나무목) [총획]13획 [난이도]중학용, 읽기 4급II, 쓰기 3급II
積極
적극
사물(事物)에 대(對)하여 그것을 긍정(肯定)하고 능동적(能動的)으로 활동(活動)함
積極的
적극적
사물(事物)에 대(對)하여 긍정(肯定)하고 능동적(能動的)인 것
兩極化
양극화
서로 다른 계층(階層) 또는 집단(集團)이 점점 더 달라지고 멀어지거나 그렇게 하는 일
極甚
극심
몹시 심(甚)함


-----------------------------------
외면하다

*****DEFINITION*****
turn one's face away; look away; [무시하다] disregard.
外面
外面 wài​miàn​   *外面* | 外面* | *外面 surface / exterior / external appearance
外面 wài​mian​   *外面* | 外面* | *外面 outside
外
바깥 외 1. 바깥, 밖 2. 겉, 표면(表面) 3. 남, 타인(他人) 4. 외국(外國) 5. 외가(外家), 어머니나 아내의 친척 6. 사랑, 바깥채 7. 타향(他鄕), 남의 집 8. 언행(言行), 용모(容貌) 9. 앞, 이전(以前) 10. 민간(民間),... [부수]夕(저녁석) [총획]5획 [난이도]중학용, 읽기 8급, 쓰기 6급II
除外
제외
범위(範圍) 밖에 두어 빼어 놓음
海外
해외
＇바다 밖의 다른 나라＇라는 뜻으로 ＇외국(外國)＇을 일컫는 말
外交
외교
①일을 하기 위(爲)하여 밖의 사람과 교제(交際)함 　②제 나라의 대외(對外) 정책(政策)을 실현(實現)하고, 나라 사이에 생기는 일을 처리(處理)하기 위(爲)하여 다른 나라와 하는 교제(交際)
外換
외환
☞ 외국환(外國換)

面
낯 면,밀가루 면 1. 낯, 얼굴 2. 표정(表情), 얼굴빛 3. 모양, 모습 4. 겉, 표면 5. 겉치레 6. 탈, 가면(假面) 7. 앞, 면전 8. 방면(方面), 쪽 9. 평면 10. 면(행정 구역 단위) 11. 면(물건의 세는 단위) 12. 밀가루 13.... [부수]面(낯면) [총획]9획 [난이도]중학용, 읽기 7급, 쓰기 6급
側面
측면
①물체(物體)의 상하(上下)ㆍ전후(前後) 이외(以外)의 좌우(左右)의 면 　②각기둥의 위아래 면이나 각뿔의 밑면 이외(以外)의 면 　③正面(정면)이 아닌 방면(方面). 옆면
反面
반면
①어떠한 사실(事實)과 반대(反對)되거나 다른 방면(方面) 　②어디를 다녀와서 어버이를 뵘
局面
국면
①일이 되어 나가는 상태(狀態) 또는 그 장면(場面) 　②승패(勝敗)를 겨루기 위(爲)한 바둑, 장기판(將棋板)의 형세(形勢)
面接
면접
①얼굴을 마주 대함 　②직접(直接) 만남 　③＇면접시험(試驗)＇의 준말


-----------------------------------
괴팍하기

*****DEFINITION*****
bad-tempered, (formal) ill-tempered 그는 성질이 괴팍하다 He is bad-tempered.
乖愎
乖 乖 guāi​   *乖* | 乖* | *乖 (of a child) obedient, well-behaved / clever / shrewd / alert / perverse / contrary to reason / irregular / abnormal HSK 5
愎 愎 bì​   *愎* | 愎* | *愎 perverse / obstinate / willful
乖
어그러질 괴 1. 어그러지다, 어긋나다 2. 거스르다 3. 끊어지다, 단절되다(斷切ㆍ斷截--) 4. 다르다, 차이(差異)가 있다 5. 비정상이다(非正常--), 비뚤어지다 6. 떠나다, 이별하다(離別--) 7. 얌전하다, 말을 잘 듣다,... [부수]丿(삐침별) [총획]8획 [난이도]읽기 1급, 쓰기 특급
乖離
괴리
①서로 등지어 떨어짐　②(두 가지 사물(事物) 현상(現象)이) 서로 조화(調和)나 일치(一致)를 이루지 못하고 어긋나 동떨어진 상태(狀態)가 되는 것
乖愎
괴퍅
괴팍이 표준어임. 　성미(性味)가 까다롭고 별나서 붙임성이 없음
乖僻
괴벽
성격 따위가 이상야릇하고 까다로움
乖覺
괴각
①재주가 있고 총명(聰明)한 사람 　②조숙(早熟)한 사람

愎
강퍅할 퍅 1. 강퍅하다(剛愎--: 성격이 까다롭고 고집이 세다) 2. 괴팍하다(乖愎▼--) 3. 너그럽지 못하다 4. 어긋나다 5. (남의 말을)듣지 아니하다 [부수]忄(심방변) [총획]12획 [난이도]읽기 1급, 쓰기 특급
乖愎
괴퍅
괴팍이 표준어임. 　성미(性味)가 까다롭고 별나서 붙임성이 없음
剛愎
강퍅
성미(性味)가 깐깐하고 고집이 셈
狠愎
한퍅
☞ 한려(狠戾)
暗愎
암퍅
(성질(性質)이)앙큼스럽고 강퍅(剛愎)함


-----------------------------------
구성원

*****DEFINITION*****
member

-----------------------------------
배정

*****DEFINITION*****
[동사]; (업무에) assign; (시간·돈 등을) allot, allocate 업무를 배정하다 assign sb a task
配定
配 配 pèi​   *配* | 配* | *配 to join / to fit / to mate / to mix / to match / to deserve / to make up (a prescription) / to allocate
定 定 dìng​   *定* | 定* | *定 to set / to fix / to determine / to decide / to order
配
나눌 배,짝 배 1. 나누다 2. 짝짓다 3. 짝 지어 주다 4. 걸맞다 5. 견주다(어떠한 차이가 있는지 알기 위하여 서로 대어 보다) 6. 귀양 보내다 7. 종사하다(從事--) 8. 딸리다(예속함) 9. 보충하다(補充--) 10. 짝 11.... [부수]酉(닭유) [총획]10획 [난이도]고등용, 읽기 4급II, 쓰기 3급II
支配
지배
①아랫사람을 감독(監督)하고 사무(事務)를 정리(整理)함 　②통치(統治)함 　③어떤 사람의 의사(意思)가 상대자(相對者)의 행위(行爲)를 규제(規制), 속박(束縛)함
配慮
배려
보살펴 주려고 이리저리 마음을 써 줌
分配
분배
생산(生産)에 참가(參加)한 개개인(個個人)이 생산물(生産物)을 일정(一定)한 기준(基準)에 따라 나누는 일
配偶者
배우자
부부(夫婦)의 한 쪽에서 본 다른 쪽

定
정할 정,이마 정 1. 정하다(定--) 2. 정해지다 3. 바로잡다 4. 다스리다 5. 평정하다(平定--) 6. 편안하다(便安--) 7. 안정시키다(安定---) 8. 머무르다 9. 준비하다(準備--) 10. 자다 11. 그치다 12. 이마(앞머리) 13.... [부수]宀(갓머리) [총획]8획 [난이도]중학용, 읽기 6급, 쓰기 5급
決定
결정
①마지막으로 작정(作定)함, 일의 매듭을 지음 　②법원(法院)에서 행(行)하는 판결(判決) 및 명령(命令) 이외(以外)의 판결(判決)
認定
인정
①옳다고 믿고 정(定)하는 일 　②국가(國家)나 지방자치단체(地方自治團體)가 자기(自己)의 판단(判斷)에 의(依)하여 어떤 사실(事實)의 존부(存否)나 당부(當否)를 결정(決定)하는 일
豫定
예정
①이제부터 할 일에 대(對)하여 미리 정(定)하여 두는 것 　②또는, 미리 예상(豫想)하여 두는 것
規定
규정
①규칙(規則)으로 정(定)하는 것 　②법령(法令)에서 개개의 조항(條項)을 정(定)하는 일 　③또는, 그 조항(條項) 　④어떤 것의 성격(性格)이나 내용(內容)을 밝혀 정(定)하는 것


-----------------------------------
시댁

*****DEFINITION*****
one's husband's home[family], (informal) in-laws' 시댁 어른들께 절을 올리다 make a deep bow to one's husband's senior in-laws
媤宅
媤 媤 [Not in dictionary]
宅 宅 zhái​   *宅* | 宅* | *宅 residence / (coll.) to stay in at home / to hang around at home
媤
시집 시,여자의 자 사 1. 시집(남편의 집) a. 여자(女子)의 자(字) (사) [부수]女(계집녀) [총획]12획 [난이도]읽기 1급, 쓰기 특급
媤宅
시댁
시집(媤家)을 높여 이르는 말
媤家
시가
시집. 시부모(媤父母)가 사는 집. 또는 남편(男便)의 집안
媤外三寸宅
시외삼촌댁
①시외삼촌(媤外三寸)의 집 　②시외삼촌(媤外三寸)의 아내
媤三寸宅
시삼촌댁
①시삼촌(媤三寸)의 집 　②시삼촌(媤三寸)의 아내

宅
댁 댁,집 택,터질 탁 1. 댁(남을 높여 그의 집이나 가정, 그의 아내를 이르는 말) a. 집, 주거 (택) b. 구덩이 (택) c. 무덤, 묘지(墓地) (택) d. 살다 (택) e. 벼슬살이 하다, 임용하다(任用--) (택) f. 안정시키다(安定---),... [부수]宀(갓머리) [총획]6획 [난이도]중학용, 읽기 5급II, 쓰기 4급II
住宅
주택
①살림살이를 할 수 있도록 지은 집 　②사람이 살 수 있도록 지은 집
宅地
택지
집터. 집을 지을 땅
宅內
댁내
남의 집안의 존칭(尊稱)
住宅街
주택가
도회지(都會地)의 번잡(煩雜)한 상가(商街)나 공업(工業) 지대(地帶)와 격리(隔離)되어 주택(住宅)들로만 이루어진 조용한 거리


-----------------------------------
악물며

*****DEFINITION*****
grit[clench] one's teeth 이를 악물고 싸우다 fight bitterly[fiercely]

-----------------------------------
