공의

*****DEFINITION*****
an unbiased view
公議
公议 gōng​yì​   *公议* | 公议* | *公议 public discussion 公議
公
공평할 공 1. 공평하다(公平--) 2. 공변되다(한쪽으로 치우치지 않고 공평하다) 3. 공평무사하다(公平無私--) 4. 숨김없이 드러내 놓다 5. 함께 하다 6. 공적(公的)인 것 7. 상대를 높이는 말 8. 벼슬 9. 존칭(尊稱)... [부수]八(여덟팔) [총획]4획 [난이도]중학용, 읽기 6급II, 쓰기 5급II
公開
공개
①(어떤 내용(內容)을 알리거나 보이거나 하기 위(爲)하여)여러 사람에게 널리 터놓음 　②여러 사람에게 개방(開放)함
公務員
공무원
국가(國家) 또는 지방공공단체(地方公共團體)의 사무(事務)를 담당(擔當)하는 사람으로 국가공무원(國家公務員), 지방공무원(地方公務員)이 있으며, 전자(前者)는 다시 별정직(別定職) 공무원(公務員)과...
公共
공공
①여러 사람이 모여 힘을 함께 함 　②공중(公衆), 사회(社會) 일반(一般)
公式
공식
①세상(世上)이 다 알도록 뚜렷하고 떳떳한 방식(方式). 공적(公的)으로 정(定)해진 형식(形式)이나 방식(方式) 　②관청(官廳)에서 규정(規定)한 방식(方式). 으레 정(定)해져 있는 일이나 행동(行動)...

議
의논할 의 1. 의논하다(議論▼--) 2. 토의하다(討議--) 3. 책잡다(責--: 남의 잘못을 들어 나무라다) 4. 가리다, 분간하다(分揀--) 5. 의견(意見) 6. 주장(主張) 7. 의논(議論▼) 8. 문체(文體) 이름 [부수]言(말씀언) [총획]20획 [난이도]중학용, 읽기 4급II, 쓰기 3급II
議員
의원
일반적(一般的)으로 합의(合議) 기관(機關)의 구성원(構成員)을 말하나, 특(特)히 국회(國會)나 지방(地方) 의회(議會) 같은 합의제(合議制)의 기관(機關)을 구성(構成)하고, 의결(議決)에 참가(參加)할...
論議
논의
①서로 의견(意見)을 논술(論述)하여 토의(討議)함 　②의논(議論)
協議
협의
여러 사람이 모여 서로 의논(議論)함
審議
심의
심사(審査)하고 토의(討議)하는 것


-----------------------------------
균형

*****DEFINITION*****
(자세·상황 등의) balance; (힘·세력 등의) equilibrium 균형 잡힌 몸매 a well-proportioned figure
均衡
均衡 jūn​héng​   *均衡* | 均衡* | *均衡 equal / balanced / harmony / equilibrium
均
고를 균,운 운,따를 연 1. 고르다 2. 평평하다(平平--) 3. 가지런히 하다, 조절하다(調節--) 4. 비교하다(比較--), 따지다 5. (밭을)갈다, 김매다(논밭의 잡풀을 뽑아내다) 6. 널리, 빠짐없이 7. 두루, 모두, 죄다 8. 녹로대(轆轤臺:... [부수]土(흙토) [총획]7획 [난이도]중학용, 읽기 4급, 쓰기 3급
均衡
균형
치우침이 없이 고름
平均
평균
①부동(不同)이나 다소(多少)가 없이 균일(均一)함. 또는, 그렇게 함. 연등(連等) 　②어떤 가정(假定) 밑에서, 많은 수(數)나 같은 종류(種類)의 양(量)의 중간(中間)의 값을 갖는 수(數). 혹은 그런...
不均衡
불균형
①균형(均衡)이 잡히지 않고 어느 편으로 치우쳐서 고르지 못함 　②고르지 않음
均等
균등
①차별(差別) 없이 고름 　②개념(槪念), 명제(命題) 등(等) 외형만 다르고 실상(實相)은 뜻이 같음

衡
저울대 형,가로 횡 1. 저울대, 저울 2. (수레의)가로장 3. 도리(서까래를 받치기 위하여 기둥 위에 건너지르는 나무) 4. 뿔막이나무, 쇠코뚜레 5. 비녀(여자의 쪽 찐 머리가 풀어지지 않도록 꽂는 장신구) 6. 권병(權柄:... [부수]行(다닐행) [총획]16획 [난이도]고등용, 읽기 3급II, 쓰기 2급
均衡
균형
치우침이 없이 고름
銓衡
전형
인물(人物)의 됨됨이나 재능(才能)을 시험(試驗)하여 뽑음
不均衡
불균형
①균형(均衡)이 잡히지 않고 어느 편으로 치우쳐서 고르지 못함 　②고르지 않음
衡平性
형평성
형평(衡平)을 이루는 성질(性質)


-----------------------------------
사항

*****DEFINITION*****
그건 내 희망 사항일 뿐이다 It's just a wish that I have.
事項
事项 shì​xiàng​   *事项* | 事项* | *事项 matter / item 事項 HSK 6
事
일 사 1. 일 2. 직업(職業) 3. 재능(才能) 4. 공업(工業), 사업(事業) 5. 관직(官職), 벼슬 6. 국가(國家) 대사(大事) 7. 경치(景致), 흥치(興致) 8. 변고(變故), 사고(事故) 9. 벌(옷을 세는 단위) 10. 섬기다... [부수]亅(갈고리궐) [총획]8획 [난이도]중학용, 읽기 7급II, 쓰기 6급
事實
사실
①실제(實際)로 있었던 일, 또는 있는 일 　②법률(法律) 상(上)으로 효과(效果)를 내는 현상(現象)이나 경험(經驗) 　③생각하였거나 말한 일에 대(對)하여 현실(現實)로 이루어졌거나 일어난 일로서...
事件
사건
①뜻밖에 일어난 사고(事故) 　②사회적(社會的) 관심(關心)이나 주목(注目)을 끌 만한 일
事態
사태
①일이 되어 가는 형편(形便) 　②벌어진 일의 상태(狀態)
事例
사례
①일의 전례(前例) 　②일의 실례(實例)

項
항목 항 1. 항목(項目), 조목(條目) 2. 목, 목덜미 3. 관(冠)의 뒷부분 4. 나라의 이름 5. 크다 [부수]頁(머리혈) [총획]12획 [난이도]고등용, 읽기 3급II, 쓰기 2급
條項
조항
조목(條目). 낱낱이 들어 벌인 일의 가닥
事項
사항
①일의 항목(項目) 　②사물(事物)을 나눈 조항(條項) 　③이의 조항(條項). 항(項)
項目
항목
낱낱의 조(條)나 항(項)
項羽
항우
중국(中國) 진(秦)나라 말엽(末葉)의 무장(武將). 이름은 적(籍)


-----------------------------------
진리

*****DEFINITION*****
truth 진리를 깨닫다 realize the truth
眞理
眞 眞 zhēn​   *眞* | 眞* | *眞 variant of 真
理 理 lǐ​   *理* | 理* | *理 texture / grain (of wood) / inner essence / intrinsic order / reason / logic / truth / science / natural science (esp. physics) / to manage / to pay attention to / to run (affairs) / to handle / to put in order / to tidy up
眞
참 진 1. 참 2. 진리(眞理) 3. 진실(眞實) 4. 본성(本性) 5. 본질(本質) 6. 참으로 7. 정말로 8. 진실하다(眞實--) 9. 사실이다 10. 참되다 11. 명료하다(明瞭--) 12. 또렷하다 13. 뚜렷하다 14. 똑똑하다 [부수]目(눈목) [총획]10획 [난이도]중학용, 읽기 4급II, 쓰기 3급II
眞摯
진지
말이나 태도(態度)가 참답고 착실(着實)함
寫眞
사진
①실물(實物)의 모양(模樣)을 있는 그대로 그려 냄 　②또는 그 그려낸 상(像). 사생(寫生) 　③사진기(寫眞機)로 물체(物體)의 화상(畫像)을 찍어 내는 기술(技術) 　④또는, 인화지(印畫紙)에 나타낸...
眞實
진실
거짓이 아닌 사실(事實)
眞情
진정
①진실(眞實)하여 애틋한 마음 　②진실(眞實)한 사정(事情)

理
다스릴 리,다스릴 이 1. 다스리다 2. 다스려지다 3. 깁다(떨어지거나 해어진 곳을 꿰매다) 4. 수선하다(修繕--) 5. 깨닫다 6. 의뢰하다(依賴--) 7. 사리 8. 도리(道理) 9. 이치(理致) 10. 매개(媒介) 11. 거동(擧動) 12. 나무결... [부수]王(구슬옥변) [총획]11획 [난이도]중학용, 읽기 6급II, 쓰기 5급II
理由
이유
①까닭, 사유(事由), 내력(來歷) 　②넓은 뜻으로는 존재(存在)의 기초(基礎), 또는 진리(眞理)라고 할 수 있는 조건(條件) 　③좁은 뜻으로는 추리(推理) 상(上)의 결론(結論), 또는 귀결(歸結)의 전제(前提)가...
管理
관리
①사람을 통제(統制)하고 지휘(指揮) 감독(監督)하는 것 　②시설(施設)이나 물건(物件)의 유지(維持)ㆍ개량(改良) 따위를 꾀하는 것 　③일을 맡아 처리(處理)하는 것 　④건전(健全)한 심신(心身)의...
處理
처리
①일을 다스려 치러 감 　②사건(事件) 또는 사무(事務)를 갈무리하여 끝장을 냄
總理
총리
①전체(全體)를 모두 관리(管理)함 　②또는, 그 직책(職責)


-----------------------------------
착안하다

*****DEFINITION*****
그 장난감은 용수철의 원리에 착안해 만들어졌다 The toy was created based on the ideas of how coil springs work.
着眼
着眼 zhuó​yǎn​   *着眼* | 着眼* | *着眼 to have one's eyes on (a goal) / having sth in mind / to concentrate 著眼
着
붙을 착,나타날 저 1. 붙다 2. (옷을)입다 3. (머리에)쓰다 4. (신을)신다 5. 다다르다 6. 시작하다(始作--) a. 나타나다, 나타내다 (저) b. 분명하다(分明--) (저) c. 드러나다, 분명해지다(分明---) (저) d. 두드러지다... [부수]目(눈목) [총획]12획 [난이도]중학용, 읽기 5급II, 쓰기 4급II
癒着
유착
①분리(分離)되어 있어야 할 생체의 기관(器官)의 조직면(組織面)이 섬유성(纖維性) 조직(組織)으로 연결(連結)ㆍ융합(融合)하는 일 　②사물(事物)이 깊은 관계(關係)가 있어 서로 떨어지지 않게 결합(結合)되어...
到着
도착
목적(目的)한 곳에 다다름
執着
집착
어떤 것에 마음이 늘 쏠려 떨치지 못하고 매달리는 일
定着
정착
①어느 곳에 자리잡아 오래도록 사는 것 　②새로운 문화(文化) 현상(現象)ㆍ학설(學說) 등(等)이 당연(當然)한 것으로서 사회적(社會的)으로 수용(受容)되는 것 　③현상(現像)한 필름ㆍ인화지(印畫紙)가...

眼
눈 안,눈 불거질 은 1. 눈, 눈동자 2. 구멍 3. 안광(眼光), 시력(視力) 4. 요점(要點) 5. 어린 싹 6. 거품 7. 기수사(基數詞: 수량을 셀 때 쓰는 수사), 양수사(量數詞: 기수사) 8. 보다, 만나다 a. 눈 불거지다 (은) b. 눈... [부수]目(눈목) [총획]11획 [난이도]중학용, 읽기 4급II, 쓰기 3급II
眼目
안목
사물(事物)을 분별(分別)하는 견식(見識)
瞥眼間
별안간
①눈 깜짝할 동안 　②갑자기 　③난데없이
眼界
안계
눈으로 바라볼 수 있는 범위(範圍)
眼鏡
안경
눈을 보호(保護)하거나 시력(視力)을 돕기 위(爲)해 쓰는 기구(器具)


-----------------------------------
전방

*****DEFINITION*****
(앞쪽) the front 주의: 전방 신호등 Caution: Traffic Light Ahead 2개 뜻 더보기 : (앞쪽) the front
前方
前方 qián​fāng​   *前方* | 前方* | *前方 ahead / the front
前
앞 전,자를 전 1. 앞 2. 먼저 3. 미래(未來), 앞날 4. 미리, 앞서서, 사전에(事前-) 5. 거무스름한 빛깔 6. 가위 7. 앞서다 8. 나아가다 9. 인도하다(引導--) 10. 뵙다, 찾아뵙다 11. 소멸하다(消滅--) 12. 자르다 [부수]刂(선칼도방) [총획]9획 [난이도]중학용, 읽기 7급II, 쓰기 6급
如前
여전
(어떤 대상(對象)이)변함이 없이 전(前)과 같음
前提
전제
①어떤 사물(事物)을 의논(議論)할 때 먼저 내세우는 기본(基本)이 되는 것 　②추리(推理)를 할 때의 결론(結論)의 기초(基礎)가 되는 판단(判斷) 　③삼단(三段) 논법(論法)의 대소(大小)의 두 전제(前提)
以前
이전
①오래 전(前) 　②그 전(前)
午前
오전
①자정으로부터 낮 열두 시까지의 동안 　②아침부터 정오(正午)까지의 동안

方
모 방,본뜰 방,괴물 망 1. 모, 네모 2. 방위(方位), 방향(方向) 3. 나라, 국가(國家) 4. 곳, 장소(場所) 5. 도리(道理), 의리(義理) 6. 방법(方法), 수단(手段) 7. 술법(術法), 방술(方術) 8. 처방, 약방문 9. 법(法), 규정(規定)... [부수]方(모방) [총획]4획 [난이도]중학용, 읽기 7급II, 쓰기 6급
方案
방안
일을 처리(處理)해 나갈 방법(方法)에 관(關)한 일
方針
방침
①앞으로 일을 치러 나갈 방향(方向)과 계획(計劃) 　②방위(方位)를 가리키는 자석의 바늘
方向
방향
①어떤 곳을 향한 쪽 　②어떤 움직임, 현상(現象), 뜻하는 바가 나아가는 목표(目標)가 되는 쪽
方法
방법
①일이나 연구(硏究) 등(等)을 해나가는 길이나 수단(手段) 　②일정(一定)한 목적(目的)을 이루기 위(爲)하여 취(取)하는 솜씨


-----------------------------------
위적

*****DEFINITION*****
distinguished services, signal merits, great exploits, glorious achievements
偉績
伟绩 wěi​jì​   *伟绩* | 伟绩* | *伟绩 great acts 偉績
偉
클 위 1. 크다 2. 훌륭하다 3. 위대하다(偉大--) 4. 기이하다(奇異--) 5. 성하다(盛--: 기운이나 세력이 한창 왕성하다) 6. 크다고 하다 7. 들(복수를 나타냄) [부수]亻(사람인변) [총획]11획 [난이도]중학용, 읽기 5급II, 쓰기 4급II
偉大
위대
뛰어나고 훌륭함
偉人
위인
뛰어나고 위대(偉大)한 사람
偉力
위력
①위대(偉大)한 힘 　②뛰어난 힘
偉業
위업
위대(偉大)한 사업(事業)이나 업적(業績)

績
길쌈할 적 1. 길쌈하다(실을 내어 옷감을 짜다) 2. 깁다(떨어지거나 해어진 곳을 꿰매다) 3. 뽑다, 잣다(물레 따위로 섬유에서 실을 뽑다) 4. 삼다 5. 잇다 6. 방적(紡績) 7. 공적(功績) 8. 성과(成果) 9. 일 10.... [부수]糸(실사) [총획]17획 [난이도]고등용, 읽기 4급, 쓰기 3급
成績
성적
①사업(事業)이나 일을 한 결과(結果)로 얻은 실적(實績). 일의 성과(成果) 　②학생(學生)들의 학업(學業)과 시험(試驗)의 결과(結果)로 얻은 실적(實績)
實績
실적
실제(實際)의 업적(業績) 또는 공적(功績)
業績
업적
어떤 사업(事業)이나 연구(硏究) 따위에서 이룩해 놓은 성과(成果)
功績
공적
①쌓은 공로(功勞) 　②애쓴 보람


-----------------------------------
동료

*****DEFINITION*****
colleague , co-worker , fellow worker , associate , peer , (Brit) workmate 그는 회사 동료입니다 He is a colleague from work.
同僚
同僚 tóng​liáo​   *同僚* | 同僚* | *同僚 colleague / fellow-worker
同
한가지 동 1. 한가지 2. 무리(모여서 뭉친 한 동아리) 3. 함께(=同) 4. 그 5. 전한 바와 같은 6. 같다 7. 같이하다 8. 합치다(合--) 9. 균일(均一)하게 하다 10. 화합하다(和合--) 11. 모이다 12. 회동하다 [부수]口(입구) [총획]6획 [난이도]중학용, 읽기 7급, 쓰기 6급
共同
공동
①여러 사람이 일을 같이 함 　②여러 사람이 같은 자격(資格)으로 모이는 결합(結合)
同盟
동맹
①개인(個人)ㆍ단체(團體) 및 국가(國家)가 서로 공동(共同)의 목적(目的)을 이루기 위(爲)하여 동일(同一)한 행동(行動)을 취할 것을 맹세(盟誓)하여 맺는 약속(約束)이나 언약(言約) 　②또는, 그 결...
同時
동시
①같은 때 　②같은 시간(時間) 　③같은 시기(時期) 　④같은 시대(時代)
同僚
동료
①같은 곳에서 같은 일을 보는 사람 　②임무(任務)가 같은 사람

僚
동료 료,동료 요,예쁠 료,예쁠 요 1. 동료(同僚) 2. 동관(同官: 같은 관청의 같은 계급의 관리) 3. 벼슬아치 4. 관리(官吏) 5. 종 6. 예쁘다 [부수]亻(사람인변) [총획]14획 [난이도]고등용, 읽기 3급, 쓰기 2급
同僚
동료
①같은 곳에서 같은 일을 보는 사람 　②임무(任務)가 같은 사람
官僚
관료
①관리(官吏)들 　②같은 관직(官職)의 동료(同僚) 　③특수(特殊)한 권력(權力)을 가진 관리(官吏)들
閣僚
각료
내각(內閣)을 조직(組織)하는 여러 부처의 장관(長官)들
黨僚
당료
정당(政黨) 같은 곳에서 주(主)로 사무(事務)를 맡아보는 사람


-----------------------------------
유괴

*****DEFINITION*****
[명사] kidnap(ping), abduction , [동사] kidnap, abduct 그 아이는 하굣길에 유괴되었다 The child was abducted on the way home from school.
誘拐
诱拐 yòu​guǎi​   *诱拐* | 诱拐* | *诱拐 to abduct / to kidnap 誘拐
誘
꾈 유 1. 꾀다, 유혹하다(誘惑--) 2. 불러내다, 유인하다(誘引--) 3. 달래다, 권하다(勸--) 4. 혼란시키다(混亂---), 미혹(迷惑)하게 하다 5. 속이다, 농락하다(籠絡--), 기만하다(欺瞞--) 6. 가르치다, 지도... [부수]言(말씀언) [총획]14획 [난이도]고등용, 읽기 3급II, 쓰기 2급
誘致
유치
①꾀어서 데려옴 　②끌어옴
誘導
유도
①꾀어서 이끎. 도유(導誘) 　②전기(電氣)와 자기(磁氣)가 전기장(電氣場). 자기장(磁氣場) 안에 있는 물체(物體)에 미치는 작용(作用). 도체(導體)가 대전체(帶電體)나 자석(磁石)에 접근(接近)할 때...
誘惑
유혹
①남을 꾀어서 정신(精神)을 어지럽게 함 　②나쁜 길로 꾐
誘發
유발
①꾀어 일으킴 　②어떤 일이 원인(原因)이 되어, 이에 이끌려 다른 일이 일어남

拐
후릴 괴 1. 후리다 2. 꾀어내다 3. 유인하다(誘引--) 4. 속이다, 기만하다(欺瞞--) 5. 돌아서다, (방향을)바꾸다 6. 지팡이 [부수]扌(재방변) [총획]8획 [난이도]읽기 1급, 쓰기 특급
誘拐
유괴
사람을 속여 꾀어내는 일
拐引
괴인
꾀어냄
誘拐犯
유괴범
남을 유괴한 범인(犯人)이나 범죄(犯罪)
物拐
물괴
☞ 물괴(物怪)


-----------------------------------
피해

*****DEFINITION*****
harm damage, 피해를 입다 be damaged[harmed]
被害
被 被 bèi​   *被* | 被* | *被 quilt / by / (indicates passive-voice clauses) / (literary) to cover / to meet with HSK 4
害 害 hài​   *害* | 害* | *害 to do harm to / to cause trouble to / harm / evil / calamity
被
입을 피 1. (옷을)입다 2. 당하다(當--) 3. 씌우다, 덮다 4. 미치다(영향이나 작용 따위가 대상에 가하여지다), 닿다 5. 더하다, 베풀다(일을 차리어 벌이다, 도와주어서 혜택을 받게 하다) 6. 받다, 받아 가지다... [부수]衤(옷의변) [총획]10획 [난이도]고등용, 읽기 3급II, 쓰기 2급
被害
피해
어떤 사람이 재물(財物)을 잃거나 신체적(身體的)ㆍ정신적(精神的)으로 해를 입은 상태(狀態)
被害者
피해자
①해를 입은 사람 　②불법(不法) 행위(行爲) 또는 범죄(犯罪)에 의(依)하여 권리(權利) 그밖의 법익(法益)의 침해(侵害)나 위협(威脅)을 받은 자(者). 민법(民法) 상(上) 손해(損害) 배상(賠償) 청구...
被殺
피살
①살해(殺害)를 당(當)함 　②죽임을 당(當)함
被拉
피랍
납치(拉致)를 당(當)하는 것

害
해할 해,어느 할,어찌 아니할 갈 1. 해하다(害--) 2. 거리끼다 3. 해롭다(害--) 4. 시기하다(猜忌--) 5. 훼방하다(毁謗--) 6. 방해하다(妨害--) 7. 해 8. 재앙(災殃) 9. 요새 10. 손해(損害) a. 어느 (할) b. 어찌 (할) [부수]宀(갓머리) [총획]10획 [난이도]중학용, 읽기 5급II, 쓰기 4급II
被害
피해
어떤 사람이 재물(財物)을 잃거나 신체적(身體的)ㆍ정신적(精神的)으로 해를 입은 상태(狀態)
侵害
침해
불법적(不法的)으로 남을 해(害)침
弊害
폐해
①폐단(弊端)과 해악(害惡) 　②폐가 되는 나쁜 일 　③나쁘고 해(害)로운 일
妨害
방해
남의 일에 헤살을 놓아 해를 끼침


-----------------------------------
구덩

*****DEFINITION*****
-----------------------------------
정작

*****DEFINITION*****
actually, really 우리는 이메일은 주고받았지만 정작 만난 적은 한 번도 없다 We've exchanged e-mails, but we've never actually met.

-----------------------------------
가증

*****DEFINITION*****
가증하다 [스럽다] hateful; abominable; detestable; spiteful.
可憎
可憎 kě​zēng​   *可憎* | 可憎* | *可憎 disgusting
可
옳을 가,오랑캐 임금 이름 극 1. 옳다 2. 허락하다(許諾--) 3. 듣다, 들어주다 4. 쯤, 정도 5. 가히 6. 군주(君主)의 칭호(稱號) 7. 신의 칭호(稱號) a. 오랑캐 임금 이름 (극) [부수]口(입구) [총획]5획 [난이도]중학용, 읽기 5급, 쓰기 4급
可能性
가능성
①가능(可能)한 성질(性質) 　②완성(完成)될 수 있는 성질(性質) 　③일정(一定)한 조건(條件) 밑에 현실적(現實的)이 될 수 있는 자격(資格)을 갖고 있는 일
不可避
불가피
피할 수 없음
可能
가능
①할 수 있음 　②될 수 있음 　③사유(思惟) 상(上) 모순이 없음
許可
허가
①법령(法令)으로 제한(制限) 금지(禁止)하는 일을 특정(特定)한 경우(境遇)에 허락(許諾)해 주는 행정(行政) 행위(行爲) 　②법률(法律)이 정(定)한 범위(範圍)에서 허락(許諾)하는 일. 권리(權利)를...

憎
미울 증 1. 밉다 2. 미워하다 3. 미움받다 4. 밉살스럽다 5. 증오하다(憎惡--) 6. 가증스럽다(可憎---) 7. 미움 [부수]忄(심방변) [총획]15획 [난이도]고등용, 읽기 3급II, 쓰기 2급
憎惡
증오
몹시 미워함
愛憎
애증
사랑과 미워함
憎惡心
증오심
몹시 미워하는 마음
可憎
가증
①얄미움 　②밉살스러움


-----------------------------------
거꾸러지다

*****DEFINITION*****
(엎어지다, 넘어지다) fall down (head first), fall flat on one's face; (갑자기) tumble down 땅에 콕 거꾸러지다 fall to the ground 2개 뜻 더보기 : (엎어지다, 넘어지다) fall down (head first), fall flat on one's face; (갑자기) tumble down

-----------------------------------
인준

*****DEFINITION*****
[명사] approval, ratification , [동사] approve, ratify 인준을 받다 be approved[ratified]
認准
認 认 rèn​   *认* | 认* | *认 to recognize / to know / to admit 認
准 准 zhǔn​   *准* | 准* | *准 to allow / to grant / in accordance with / in the light of
  准 zhǔn​   *准* | 准* | *准 accurate / standard / definitely / certainly / about to become (bride, son-in-law etc) / quasi- / para- 準
認
알 인,적을 잉 1. 알다 2. 인식하다(認識--) 3. 인정하다(認定--) 4. 허가하다(許可--) 5. 행하다(行--) a. 적다 (잉) b. 쓰다 (잉) [부수]言(말씀언) [총획]14획 [난이도]중학용, 읽기 4급II, 쓰기 3급II
確認
확인
①확실(確實)히 인정(認定)함 　②또는, 그러한 인정(認定) 　③틀림이 있는지 없는지, 또는 어떠한 상태(狀態)인지 알아보는 것 　④특정(特定)한 사실(事實)이나 법률(法律) 관계(關係)의 존부 또는...
認識
인식
①사물(事物)을 분별(分別)하고 판단(判斷)하여 아는 일　②의식(意識)하고 지각(知覺)하는 작용(作用)의 총칭(總稱)
認定
인정
①옳다고 믿고 정(定)하는 일 　②국가(國家)나 지방자치단체(地方自治團體)가 자기(自己)의 판단(判斷)에 의(依)하여 어떤 사실(事實)의 존부(存否)나 당부(當否)를 결정(決定)하는 일
承認
승인
①일정(一定)한 사실(事實)을 인정(認定)하는 행위(行爲) 　②어떤 사실(事實)을 인정(認定)하는 행위(行爲)

准
준할 준,콧마루 절 1. 준하다(準--: 어떤 본보기에 비추어 그대로 좇다) 2. 의거하다(依據--), 본보기로 삼다 3. 본받다 4. 바로잡다 5. 고르다, 평평하다(平平--) 6. 정밀하다(精密--) 7. 정확하다, 확실하다(確實--) 8.... [부수]冫(이수변) [총획]10획 [난이도]읽기 2급, 쓰기 1급
批准
비준
조약(條約)의 체결(締結)에 대(對)한 당사국(當事國)의 최종적(最終的) 확인(確認)ㆍ동의(同意)의 절차(節次). 비준서의 교환(交換) 또는 기탁(寄託)에 의(依)하여 조약(條約)의 효력(效力)이 발생(發生)함....
認准
인준
법률(法律)에 지정(指定)된 공무원(公務員)의 임명(任命)에 대(對)한 입법부의 승인(承認)
准將
준장
군대(軍隊) 계급(階級)의 하나. 소장(少將)의 아래, 대령의 위
准尉
준위
군의 계급(階級). 상사의 위이고 소위의 아래임


-----------------------------------
덕목

*****DEFINITION*****
virtue 교사로서 갖춰야 할 덕목은 정직과 청렴이다 The virtues of a good teacher include honesty and integrity.
德目
德 德 Dé​   *德* | 德* | *德 Germany / German / abbr. for 德國｜德国
  德 dé​   *德* | 德* | *德 virtue / goodness / morality / ethics / kindness / favor / character / kind
  德 dé​   *德* | 德* | *德 variant of 德 悳
  德 dé​   *德* | 德* | *德 variant of 德 惪
目 目 mù​   *目* | 目* | *目 eye / item / section / list / catalogue / table of contents / order (taxonomy) / goal / name / title
德
큰 덕,덕 덕 1. 크다 2. (덕으로)여기다 3. (덕을)베풀다(일을 차리어 벌이다, 도와주어서 혜택을 받게 하다) 4. 고맙게 생각하다 5. 오르다, 타다 6. 덕(德), 도덕(道德) 7. 은덕(恩德) 8. 복(福), 행복(幸福) 9.... [부수]彳(두인변) [총획]15획 [난이도]중학용, 읽기 5급II, 쓰기 4급II
道德
도덕
사람으로서 지켜야 할 도리(道理)
德談
덕담
잘 되라고 비는 말
道德的
도덕적
①도덕(道德)에 의(依)하여 사물(事物)을 판단(判斷)하려고 하는 모양(模樣) 　②또는, 도덕(道德)에 적합(適合)한 모양(模樣)
德分
덕분
남에게 어질고 고마운 짓을 베푸는 일

目
눈 목 1. 눈(감각 기관) 2. 눈빛, 시력(視力) 3. 견해(見解), 안목(眼目) 4. 요점(要點) 5. 옹이, 그루터기(풀이나 나무 따위의 아랫동아리) 6. 제목(題目), 표제(標題ㆍ表題) 7. 목록(目錄) 8. 조목(條目),... [부수]目(눈목) [총획]5획 [난이도]중학용, 읽기 6급, 쓰기 5급
目標
목표
①목적(目的)을 이루기 위(爲)하여 실제적(實際的) 대상(對象)으로 삼는 것 　②가서 닿을 곳 　③어떤 일을 이루어 내려는 시간(時間) 상(上)의 한계(限界)
目的
목적
①이루려 하는 일 　②또는, 나아가려고 하는 방향(方向)
注目
주목
①어떤 사물(事物)을 주의(注意)해서 봄 　②시선을 모아 봄
刮目
괄목
전(前)에 비하여 딴판으로 학식(學識) 등(等)이 부쩍 늘어서 눈을 비비고 다시 봄


-----------------------------------
커녕

*****DEFINITION*****
칭찬은커녕 꾸지람만 들었다 Far from receiving praise, I was scolded.

-----------------------------------
극단

*****DEFINITION*****
(한쪽으로 크게 치우침) extreme 극단에서 극단으로 흐르다 go from one extreme to another
極端
极端 jí​duān​   *极端* | 极端* | *极端 extreme 極端 HSK 6
極
극진할 극,다할 극 1. 극진하다(極盡--) 2. 지극하다(至極--) 3. 다하다 4. 이르다(어떤 장소나 시간에 닿다), 다다르다 5. 이르게 하다, 미치게 하다 6. 세차다, 엄하다(嚴--: 매우 철저하고 바르다), 혹독하다(酷毒--)... [부수]木(나무목) [총획]13획 [난이도]중학용, 읽기 4급II, 쓰기 3급II
積極
적극
사물(事物)에 대(對)하여 그것을 긍정(肯定)하고 능동적(能動的)으로 활동(活動)함
積極的
적극적
사물(事物)에 대(對)하여 긍정(肯定)하고 능동적(能動的)인 것
兩極化
양극화
서로 다른 계층(階層) 또는 집단(集團)이 점점 더 달라지고 멀어지거나 그렇게 하는 일
極甚
극심
몹시 심(甚)함

端
끝 단,헐떡일 천,홀 전 1. 끝 2. 가, 한계(限界) 3. 처음, 시초(始初) 4. 길이의 단위(單位) 5. 실마리, 일의 단서(端緖) 6. 까닭, 원인(原因) 7. 막료(幕僚) 8. 예복(禮服) 9. 조짐(兆朕) 10. 생각, 느낌 11. 등차(等差), 등급(等級)... [부수]立(설립) [총획]14획 [난이도]중학용, 읽기 4급II, 쓰기 3급II
尖端
첨단
①물건(物件)의 뾰족한 끝 　②시대(時代)의 사조(思潮), 유행(流行) 같은 것에 앞장서는 일
弊端
폐단
①괴롭고 번거로운 일. 귀찮고 해(害)로운 일 　②좋지 못하고 해(害)로운 점(點)
端緖
단서
①일의 처음 　②일의 실마리, 실마리
端午
단오
민속(民俗)에서 음력(陰曆) 오월(五月) 초닷샛날을 명절(名節)로 이르는 말. 고래(古來)로 농경(農耕)의 풍작을 기원(祈願)하던 제삿날이었으나, 현재(現在)는 주(主)로 농촌(農村)의 명절(名節)로서 수리치를...


-----------------------------------
단호하다

*****DEFINITION*****
firm, determined, stern, (formal) resolute; (특히 거절할 때) flat 단호한 어조로 거절하다 refuse flatly
斷乎
断乎 duàn​hū​   *断乎* | 断乎* | *断乎 certainly 斷乎
斷
끊을 단 1. 끊다 2. 결단하다(決斷--) 3. 나누다 4. 나누이다 5. 결단(決斷) 6. 단연(斷然: 확실히 단정할 만하게) 7. 조각 8. 한결같음 [부수]斤(날근) [총획]18획 [난이도]고등용, 읽기 4급II, 쓰기 3급II
判斷
판단
①어떤 사물(事物)의 진위(眞僞). 선악(善惡). 미추(美醜) 등(等)을 생각하여 판가름함. 판정(判定). 단정(斷定) 　②길흉(吉凶)을 점침 　③형식(形式) 논리학(論理學) 상(上) 주사(主辭)와 빈사(賓辭)와의...
遮斷
차단
①막아서 멈추게 함 　②가로막아 사이를 끊음
斷乎
단호
일단 결심(決心)한 것을 과단성(果斷性) 있게 처리(處理)하는 모양(模樣)
診斷
진단
의사(醫師)가 환자(患者)를 진찰(診察)하여 병상을 판단(判斷)함

乎
어조사 호 1. 어조사(語助辭) 2. ~느냐? 3. ~랴! 4. ~지?, ~겠지? 5. ~도다 6. ~에, ~보다(=於, 于) 7. 그런가 8. 아!, 감탄사(=呼) [부수]丿(삐침별) [총획]5획 [난이도]중학용, 읽기 3급, 쓰기 2급
斷乎
단호
일단 결심(決心)한 것을 과단성(果斷性) 있게 처리(處理)하는 모양(模樣)
學而時習之不亦說乎
학이시습지불역열호
배우고 때때로 익히면 또한 기쁘지 아니한가?
有朋自遠方來不亦樂乎
유붕자원방래불역락호
벗이 멀리서 찾아주니 또한 즐겁지 아니한가?
嗟乎
차호
＇슬프다＇의 뜻. 슬퍼서 탄식(歎息)할 때에 쓰는 말


-----------------------------------
위장

*****DEFINITION*****
camouflage (드러내지 않도록 숨김)[동사] disguise, 상선으로 위장한 군함 a warship disguised as a merchant ship
僞裝
僞 伪 wěi​   *伪* | 伪* | *伪 variant of 偽｜伪 僞
裝 装 zhuāng​   *装* | 装* | *装 adornment / to adorn / dress / clothing / costume (of an actor in a play) / to play a role / to pretend / to install / to fix / to wrap (sth in a bag) / to load / to pack 裝 HSK 5
僞
거짓 위,잘못 될 와 1. 거짓 2. 사투리(=訛) 3. 잘못 4. 작위(作爲: 의식적으로 꾸며서 하는 행위) 5. 속이다 6. 그릇 되게 바뀌다 7. 그런양 나타내 보이다 a. 잘못 되다 (와) b. 틀리다 (와) c. 고치다, 변화시키다(變化---)... [부수]亻(사람인변) [총획]14획 [난이도]고등용, 읽기 3급II, 쓰기 2급
僞幣
위폐
위조(僞造)한 화폐(貨幣), 지폐(紙幣)
虛僞
허위
①사실(事實)이 아닌 것을 사실(事實)처럼 꾸민 것 　②없는 사실(事實)을 거짓으로 꾸밈
眞僞
진위
정말과 거짓말. 진짜와 가짜
僞裝
위장
①본래(本來)의 속셈이나 모습이 드러나지 않도록 거짓으로 꾸미는 것. 또는, 그러한 수단(手段)이나 방법(方法) 　②병력(兵力)ㆍ장비(裝備)ㆍ시설(施設) 등(等) 공격(攻擊)의 대상물(對象物)이 적의...

裝
꾸밀 장 1. 꾸미다 2. 치장하다(治粧--) 3. 넣다 4. 묶다 5. 싣다, 적재하다(積載--) 6. 싸다 7. 간직하다 8. 흉내 내다 9. 행장(行裝), 옷차림 10. 옷, 의복(衣服) 11. 꾸밈, 장식(裝飾) 12. 짐, 짐보따리 [부수]衣(옷의) [총획]13획 [난이도]고등용, 읽기 4급, 쓰기 3급
裝置
장치
①차리어 둠. 어떤 목적(目的)에 따라서 기능(機能)을 발휘(發揮)할 수 있도록 기계(機械)나 도구(道具)를 그 장소(場所)에 정착시키는 것. 또는, 그 기계(機械)ㆍ도구(道具)ㆍ설비(設備) 　②만들어 둠...
裝備
장비
①비품이나 부속품(附屬品) 따위를 장치(裝置)하는 일 　②군대(軍隊)나 함정(艦艇) 따위의 무장(武裝) 　③갖추어 장식(裝飾)함. 꾸미어 갖춤
包裝
포장
물건(物件)을 싸서 꾸림
武裝
무장
①전투(戰鬪)를 할 수 있도록 갖추어 차린 장비(裝備). 　②전투(戰鬪)를 하기에 필요(必要)한 장비(裝備)를 갖추어 차림. 　③어떤 일을 하기에 필요(必要)한 마음의 자세(姿勢)나 기술(技術) 등(等)을...


-----------------------------------
신음하다

*****DEFINITION*****
groan, moan 그녀는 너무 아파서 신음 소리를 냈다 She groaned[moaned] in pain.
呻吟
呻吟 shēn​yín​   *呻吟* | 呻吟* | *呻吟 to moan / to groan HSK 6
呻
읊조릴 신 1. 읊조리다 2. 웅얼거리다 3. 끙끙거리다 4. 앓는 소리를 내다 [부수]口(입구) [총획]8획 [난이도]읽기 1급, 쓰기 특급
呻吟
신음
병(病)이나 고통(苦痛)으로 앓는 소리를 냄
呻囈
신예
☞ 신음(呻吟)
呻吟聲
신음성
신음(呻吟)하는 소리
嚬呻
빈신
얼굴을 찡그리고 끙끙거림

吟
읊을 음,입 다물 금 1. 읊다 2. 신음하다(呻吟--) 3. 탄식하다(歎息ㆍ嘆息--) 4. (새가)울다, 노래하다 5. 끙끙 앓다 6. 취주하다(吹奏--: 관악기를 불어 연주하다) 7. 말을 더듬다 8. 시가(時歌), 읊는 시가(時歌) 9. 주걱턱... [부수]口(입구) [총획]7획 [난이도]중학용, 읽기 3급, 쓰기 2급
呻吟
신음
병(病)이나 고통(苦痛)으로 앓는 소리를 냄
吟味
음미
①시나 노래를 읊어 그 맛을 봄 　②사물(事物)의 의미(意味)를 새겨 궁구(窮究)함
吟客
음객
☞ 시인(詩人)
吟詠
음영
시부를 읊조림


-----------------------------------
담력

*****DEFINITION*****
(용기) courage, nerve; (용기와 결단력) (informal) guts, (informal) grit 담력을 기르다 build up one's courage
膽力
胆力 dǎn​lì​   *胆力* | 胆力* | *胆力 courage / bravery 膽力
膽
쓸개 담 1. 쓸개, 담 2. 담력(膽力: 겁이 없고 용감한 기운) 3. 마음 4. 배짱, 기백(氣魄: 씩씩하고 굳센 기상과 진취적인 정신) 5. 품은 뜻 6. 담대하다(膽大--) 7. 씻다 8. 닦다, 문지르다 [부수]月(육달월) [총획]17획 [난이도]읽기 2급, 쓰기 1급
肝膽
간담
①간과 쓸개 　②속마음
落膽
낙담
①일이 뜻대로 되지 않아 맥이 풀리는 것 　②너무 놀라서 간이 떨어지는 듯하는 것
大膽
대담
①사물(事物)에 대(對)하여 겁을 내지 않는 담력(膽力) 　②무섭거나 두렵거나 부끄러운 일을 함에 있어 겁을 내지 않는 상태(狀態)
膽智
담지
담력(膽力)과 지혜(智慧ㆍ知慧). 담과 슬기

力
힘 력,힘 역 1. 힘 2. 하인(下人) 3. 일꾼, 인부(人夫) 4. 군사(軍士), 병사(兵士) 5. 힘쓰다, 부지런히 일하다 6. 심하다(甚--: 정도가 지나치다), 어렵다, 매우 힘들다 7. 힘주다 8. 있는 힘을 다하여, 애써 [부수]力(힘력) [총획]2획 [난이도]중학용, 읽기 7급II, 쓰기 6급
努力
노력
①힘을 씀, 힘을 다함 　②어떤 일을 이루기 위(爲)해 어려움이나 괴로움 등(等)을 이겨 내면서 애쓰거나 힘쓰는 것
能力
능력
①일을 감당(堪當)하거나 해결(解決)해 낼 수 있는 힘 　②어떤 일에 대(對)하여 요구(要求)되고 적당(適當)하다고 인정(認定)되는 자격(資格)
勢力
세력
①권력(權力)이나 기세(氣勢)의 힘 　②일을 하는데 필요(必要)한 힘
壓力
압력
①두 물체(物體)의 접속(接續) 면(面) 또는 한 물체(物體) 속의 어느 단면(斷面)을 생각할 때 그 면을 경계(境界)로 양쪽 부분(部分)이 수직(垂直)으로 누르는 힘 　②권세(權勢) 따위로 누르는 힘


-----------------------------------
