흉기

*****DEFINITION*****
deadly weapon, lethal weapon 흉기를 지니다 carry a deadly weapon
凶器
凶器 xiōng​qì​   *凶器* | 凶器* | *凶器 lethal weapon / murder weapon 兇器
凶
흉할 흉 1. 흉하다(凶--) 2. 흉악하다(凶惡ㆍ兇惡 --) 3. 해치다, 사람을 죽이다 4. 두려워하다, 근심하다(속을 태우거나 우울해하다) 5. 부정하다(不貞--), 사악하다(邪惡--) 6. 앞일이 언짢다 7. 운수가 나쁘다... [부수]凵(위튼입구몸) [총획]4획 [난이도]중학용, 읽기 5급II, 쓰기 4급II
吉凶
길흉
좋은 일과 언짢은 일
凶器
흉기
①사람을 죽이거나 해(害)치는 데 쓰는 연장 　②상여(喪輿) 따위와 같이 상사(喪事)에 쓰는 제구(諸具)
凶吉
흉길
좋은 일과 언짢은 일
凶兆
흉조
불길(不吉)한 조짐(兆朕)

器
그릇 기 1. 그릇 2. 접시 3. 도구(道具) 4. (생물체의)기관(器官) 5. 그릇으로 쓰다 6. 그릇으로 여기다 7. 존중하다(尊重--) [부수]口(입구) [총획]16획 [난이도]고등용, 읽기 4급II, 쓰기 3급II
武器
무기
①전쟁(戰爭)에 쓰이는 총검, 화포(火砲), 핵병기(核兵器) 따위 온갖 기구(器具) 　②어떤 일을 달성(達成)하기 위(爲)한 힘이나 방패(防牌)가 되는 수단(手段)
核武器
핵무기
원자핵(原子核)이 분열(分裂), 융합(融合)할 때 생기는 힘을 이용(利用)한 무기(武器). 원자(原子) 폭탄(爆彈), 수소(水素) 폭탄(爆彈) 따위
呼吸器
호흡기
호흡(呼吸) 작용(作用)을 맡은 기관(氣管). 고등동물(高等動物)의 폐, 어류(魚類)의 아가미, 거미류의 폐서(肺書), 곤충류(昆蟲類)의 기관(氣管) 따위
器具
기구
①＇세간ㆍ그릇ㆍ도구(道具)＇ 따위의 통틀어 일컬음. 집물(什物) 　②구조(構造)나 조작(操作) 따위가 간단(簡單)한 기계(機械)


-----------------------------------
정죄

*****DEFINITION*****
purgation (from sins).
淨罪
淨 净 jìng​   *净* | 净* | *净 clean / completely / only / net (income, exports etc) / (Chinese opera) painted face male role 淨
罪 罪 zuì​   *罪* | 罪* | *罪 guilt / crime / fault / blame / sin
  罪 zuì​   *罪* | 罪* | *罪 variant of 罪, crime 辠
淨
깨끗할 정 1. 깨끗하다 2. 맑다, 밝다 3. 깨끗이 하다 4. 사념(邪念)이 없다 5. 정하다(淨--: 맑고 깨끗하다) 6. 차갑다 7. 악인(惡人)의 역(役) [부수]氵(삼수변) [총획]11획 [난이도]중학용, 읽기 3급II, 쓰기 2급
自淨
자정
①바다, 강, 대기(大氣) 등(等)이 자력(自力)으로 오염(汚染)을 지워 없애는 일 　②어떤 조직(組織)이 자체(自體) 내(內)의 나쁜 부분(部分)을 자력으로 없애는 일
淨化
정화
깨끗하게 함
不淨
부정
①조촐하거나 깨끗하지 못함. 더러움 　②(꺼리고 피해야 할 때)사람이 죽거나 아이를 낳는 일이 생김 　③무당굿의 첫 거리
淨宮
정궁
절

罪
허물 죄 1. 허물, 죄 2. 잘못, 과실(過失) 3. 죄인(罪人) 4. 재앙(災殃), 온갖 불행한 일 5. 그물 6. (허물을)탓하다, 떠넘기다 7. 죄를 주다 [부수]罒(그물망머리) [총획]13획 [난이도]중학용, 읽기 5급, 쓰기 4급
犯罪
범죄
①죄(罪)를 저지름 　②저지른 죄(罪)
罪悚
죄송
죄스럽고 송구(悚懼)스러움
謝罪
사죄
저지른 죄나 잘못에 대(對)하여 상대편(相對便)에게 용서(容恕)를 빎
免罪符
면죄부
중세(中世) 가톨릭 교회(敎會)에서, 신자(信者)에게 죄(罪)를 사하여 주는 뜻으로 헌금을 받고 발행(發行)한 증서(證書). 남발의 폐해(弊害)가 극심(極甚)하여 종교(宗敎) 개혁(改革)의 실마리가 되었음


-----------------------------------
적개심

*****DEFINITION*****
hostility, animosity, antagonism, (formal) enmity 그의 눈빛은 적개심으로 가득 차 있었다 His eyes were full of hostility.
敵愾心
敵 敌 dí​   *敌* | 敌* | *敌 enemy / to be a match for / to rival / to resist / to withstand 敵
愾 忾 kài​   *忾* | 忾* | *忾 anger 愾
心 心 xīn​   *心* | 心* | *心 heart / mind / intention / center / core / CL: 顆｜颗, 個｜个
敵
대적할 적,다할 활 1. 대적하다(對敵--) 2. 겨루다 3. 대등하다(對等--) 4. 필적하다(匹敵--: 능력이나 세력이 엇비슷하여 서로 맞서다) 5. 맞서다 6. 거역하다(拒逆--) 7. 갚다, 보답하다(報答--) 8. 원수(怨讐) 9. 짝 10.... [부수]攵(등글월문) [총획]15획 [난이도]중학용, 읽기 4급II, 쓰기 3급II
敵對視
적대시
적으로 여김
敵對
적대
마주 대(對)하여 버팀 적으로 여김
敵愾心
적개심
적을 미워하며 분개(憤慨)하는 심정(心情)
敵對的
적대적
적대(敵對)하거나 적대(敵對)되는 적대(敵對)하거나 적대(敵對)되는 것

愾
성낼 개,한숨 쉴 희,이를 흘 1. 성내다 2. 분개하다(憤慨ㆍ憤愾--) 3. 가득하다 4. 차다 a. 한숨 쉬다 (희) b. 한탄하다(恨歎ㆍ恨嘆--) (희) c. 이르다(어떤 정도나 범위에 미치다), 미치다(영향이나 작용 따위가 대상에 가하여지다)... [부수]忄(심방변) [총획]13획 [난이도]읽기 1급, 쓰기 특급
敵愾心
적개심
적을 미워하며 분개(憤慨)하는 심정(心情)
愾憤
개분
몹시 분개(憤慨)함
敵愾
적개
①적에 대(對)하여 품는 의분(義憤). 적과 싸우려는 의기 　②군주(君主)의 한(恨)을 풀어 주고자 하는 마음

心
마음 심 1. 마음, 뜻, 의지(意志) 2. 생각 3. 염통, 심장(心臟) 4. 가슴 5. 근본(根本), 본성(本性) 6. 가운데, 중앙(中央), 중심(中心) 7. 도(道)의 본원(本源) 8. 꽃술, 꽃수염 9. 별자리 이름 10. 진수(眞修:... [부수]心(마음심) [총획]4획 [난이도]중학용, 읽기 7급, 쓰기 6급
核心
핵심
사물(事物)의 중심(中心)이 되는 중요(重要)한 부분(部分)
關心
관심
어떤 일이나 대상(對象)에 흥미(興味)를 가지고 마음을 쓰거나 알고 싶어하는 상태(狀態)
疑心
의심
①마음에 미심(未審)하게 여기는 생각 　②믿지 못하는 모양(模樣)
疑懼心
의구심
의심(疑心)하고 두려워하는 마음


-----------------------------------
울분

*****DEFINITION*****
pent-up anger[frustration] 울분을 토하다[터뜨리다] let out one's pent-up anger
鬱憤
鬱 郁 Yù​   *郁* | 郁* | *郁 surname Yu 鬱
  郁 yù​   *郁* | 郁* | *郁 dense (growth) / melancholy 鬱
憤 愤 fèn​   *愤* | 愤* | *愤 indignant / anger / resentment 憤
鬱
답답할 울,울창할 울 1. 답답하다 2. 우울하다(憂鬱--) 3. 울적하다(鬱寂--) 4. 울창하다(鬱蒼--) 5. 우거지다 6. 무성하다(茂盛--) 7. 향기롭다(香氣--) 8. 화려하다(華麗--) 9. 찬란하다(燦爛ㆍ粲爛--) 10. 아름답다 11.... [부수]鬯(울창주창) [총획]29획 [난이도]읽기 2급, 쓰기 1급
抑鬱
억울
①억제(抑制)를 받아 답답함 　②애먼 일을 당해서 원통(寃痛)하여 가슴이 답답함
憂鬱
우울
마음이 어둡고 가슴이 답답한 상태(狀態)
鬱陵島
울릉도
경상북도(慶尙北道) 동쪽 동해(東海) 상(上)에 있는 섬
憂鬱症
우울증
우울(憂鬱)한 증세(症勢)

憤
분할 분 1. 분하다, 원통하다(冤痛--) 2. 성내다, 분노하다(憤怒--) 3. 번민하다(煩悶--), 괴로워하다 4. 어지러워지다, 어지럽히다 5. 힘쓰다, 분발하다(奮發--: 마음과 힘을 다하여 떨쳐 일어나다) 6. 왕성하... [부수]忄(심방변) [총획]15획 [난이도]고등용, 읽기 4급, 쓰기 3급
憤怒
분노
분(憤)하여 성을 냄
公憤
공분
공적(公的)인 일에 대(對)하여 느껴지는 분개심(憤慨心)
憤慨
분개
몹시 분(憤)하게 여김
激憤
격분
몹시 분개(憤慨)함


-----------------------------------
논리

*****DEFINITION*****
(사고·추리의 원리) logic, reasoning 논리 정연하다 be perfectly logical
論理
论理 lùn​lǐ​   *论理* | 论理* | *论理 normally / as things should be / by rights / to reason things out / logic 論理
論
논할 론,논할 논,조리 륜,조리 윤 1. 논(論)하다, 논의하다 2. 서술하다(敍述--) 3. 말하다 4. 언급하다(言及--) 5. 따지다 6. 문제(問題) 삼다 7. 문제시하다(問題視--) 8. 토론하다(討論--) 9. 중시하다(重視--) 10. 평가하여 결정하다(決定--)... [부수]言(말씀언) [총획]15획 [난이도]중학용, 읽기 4급II, 쓰기 3급II
論難
논란
(어떤 문제(問題)에 대(對)해서, 또는 어떤 문제(問題)를) 이러니저러니 옳으니 그르니 하며 시비(是非)를 따져 논(論)하는 것
輿論
여론
사회(社會)의 어떠한 현상(現象)이나 정치적(政治的) 문제(問題) 등(等)에 대(對)하여 국민(國民)들이 나타내는 공통(共通)된 의견(意見)
勿論
물론
말할 것도 없음
論議
논의
①서로 의견(意見)을 논술(論述)하여 토의(討議)함 　②의논(議論)

理
다스릴 리,다스릴 이 1. 다스리다 2. 다스려지다 3. 깁다(떨어지거나 해어진 곳을 꿰매다) 4. 수선하다(修繕--) 5. 깨닫다 6. 의뢰하다(依賴--) 7. 사리 8. 도리(道理) 9. 이치(理致) 10. 매개(媒介) 11. 거동(擧動) 12. 나무결... [부수]王(구슬옥변) [총획]11획 [난이도]중학용, 읽기 6급II, 쓰기 5급II
理由
이유
①까닭, 사유(事由), 내력(來歷) 　②넓은 뜻으로는 존재(存在)의 기초(基礎), 또는 진리(眞理)라고 할 수 있는 조건(條件) 　③좁은 뜻으로는 추리(推理) 상(上)의 결론(結論), 또는 귀결(歸結)의 전제(前提)가...
管理
관리
①사람을 통제(統制)하고 지휘(指揮) 감독(監督)하는 것 　②시설(施設)이나 물건(物件)의 유지(維持)ㆍ개량(改良) 따위를 꾀하는 것 　③일을 맡아 처리(處理)하는 것 　④건전(健全)한 심신(心身)의...
處理
처리
①일을 다스려 치러 감 　②사건(事件) 또는 사무(事務)를 갈무리하여 끝장을 냄
總理
총리
①전체(全體)를 모두 관리(管理)함 　②또는, 그 직책(職責)


-----------------------------------
허튼

*****DEFINITION*****
[형용사] 터무니 없는 , 허튼.

-----------------------------------
간과하다

*****DEFINITION*****
ignore, overlook 그것은 간과할 수 없는 중대한 문제다 It's a serious problem that cannot be ignored.
看過
看 看 kān​   *看* | 看* | *看 to look after / to take care of / to watch / to guard
  看 kàn​   *看* | 看* | *看 to see / to look at / to read / to watch / to visit / to call on / to consider / to regard as / to look after / to treat (an illness) / to depend on / to feel (that) / (after verb) to give it a try / Watch out! (for a danger) HSK 3
過 过 Guò​   *过* | 过* | *过 surname Guo 過
  过 guò​   *过* | 过* | *过 to cross / to go over / to pass (time) / to celebrate (a holiday) / to live / to get along / excessively / too- 過 HSK 2
  过 guo​   *过* | 过* | *过 (experienced action marker) 過 HSK 5
看
볼 간 1. 보다, 바라보다 2. 지키다, 감시하다(監視--), 번서다(番--) 3. 관찰하다(觀察--), 헤아리다 4. 가리다, 고르다 5. 방문하다(訪問--) 6. 환대하다(歡待--), 극진(極盡)하게 대접하다(待接--) 7. 진... [부수]目(눈목) [총획]9획 [난이도]중학용, 읽기 4급, 쓰기 3급
看做
간주
①그러한 것으로 여김 　②그렇다고 침
看板
간판
상점(商店) 등(等)에 내 건 표지(標識)
看過
간과
①대강 보아 넘기다 빠뜨림 　②예사(例事)로이 보아 넘김
看護師
간호사
일정(一定)한 법정(法定) 자격(資格)을 갖추고 의사(醫師)의 진료(診療) 보조(補助)와 환자(患者)의 간호(看護)에 종사(從事)하는 사람

過
지날 과,재앙 화 1. 지나다 2. (지나는 길에)들르다 3. 경과하다(經過--) 4. 왕래하다(往來--), 교제하다(交際--) 5. 초과하다(超過--) 6. 지나치다 7. (분수에)넘치다 8. 넘다 9. 나무라다 10. 보다, 돌이켜 보다 11.... [부수]辶(책받침) [총획]13획 [난이도]중학용, 읽기 5급II, 쓰기 4급II
過程
과정
일이 되어 가는 경로(經路)
過去
과거
①지나간 때 　②현재(現在)에 앞선 때 　③지난적 　④삼세(三世)의 하나로 출생(出生)하기 전(前). 전생(前生). 전세(前世) 　⑤하여 버린 동작(動作)을 보이는 어법(語法). ＇았＇, ＇었＇, ＇더＇의...
過剩
과잉
예정(豫定)한 수량(數量)이나 필요(必要)한 수량(數量)보다 많음. ＇지나침＇으로 순화
謝過
사과
잘못에 대(對)하여 용서(容恕)를 빎


-----------------------------------
공감

*****DEFINITION*****
[명사] sympathy , [동사] sympathize (with), identify (with) 공감을 얻다 win[gain] the sympathy
共感
共 共 gòng​   *共* | 共* | *共 common / general / to share / together / total / altogether / abbr. for 共產黨｜共产党, Communist party
感 感 gǎn​   *感* | 感* | *感 to feel / to move / to touch / to affect / feeling / emotion / (suffix) sense of ~
共
한가지 공 1. 한가지 2. (은대의)나라의 이름 3. 주대의 지명 4. 함께, 같이, 하나로 합하여 5. 같게 하다, 한가지로 하다 6. 함께 하다, 여럿이 하다 7. 공손하다(恭遜--), 정중하다(鄭重--) 8. 공경하다(恭敬--)... [부수]八(여덟팔) [총획]6획 [난이도]중학용, 읽기 6급II, 쓰기 5급II
共同
공동
①여러 사람이 일을 같이 함 　②여러 사람이 같은 자격(資格)으로 모이는 결합(結合)
公共
공공
①여러 사람이 모여 힘을 함께 함 　②공중(公衆), 사회(社會) 일반(一般)
共助
공조
(어떤 사람이나 단체(團體)가 다른 사람이나 단체(團體)와) 어떤 일을 이루기 위(爲)해 서로 돕는 것
共通
공통
여러 곳에 두루 통용(通用) 되거나 관계(關係)가 같음

感
느낄 감,한할 감 1. 느끼다 2. 감응하다(感應--), 느낌이 통하다(通--) 3. 감동하다(感動--), 마음이 움직이다 4. 고맙게 여기다, 은혜(恩惠)를 새겨 두다 5. 깨닫다 6. 생각하다 7. 한하다(恨--: 몹시 억울하거나 원통하여... [부수]心(마음심) [총획]13획 [난이도]중학용, 읽기 6급, 쓰기 5급
敏感
민감
예민(銳敏)한 감각(感覺)
感情
감정
①사물(事物)에 느끼어 일어나는 심정(心情). 마음. 기분(氣分). 생각 　②쾌ㆍ불쾌(不快)를 중심(中心)으로 하는 의식(意識)의 주관적(主觀的) 측면(側面) 　③감각(感覺)이나 관념(觀念)에 따라 일어나는...
感謝
감사
①고마움 　②고맙게 여김 　③고맙게 여기고 사례(謝禮)함
感染
감염
①다른 풍습(風習)이 옮아서 물이 듦 　②병원체(病原體)가 몸 안에 들어오는 일. 발병(發病)하지 않을 수도 있음. 감염(感染)의 경로(經路)에 따라 공기(空氣) 감염(感染), 구강(口腔) 감염(感染), 접촉(接觸)...


-----------------------------------
출렁

*****DEFINITION*****
(물결을 이루며 흔들리다) roll; (잔 등에 담긴 액체가) slosh 파도가 출렁이고 있다 Waves are rolling. 2개 뜻 더보기 : (물결을 이루며 흔들리다) roll; (잔 등에 담긴 액체가) slosh

-----------------------------------
일그러지다

*****DEFINITION*****
be distorted, be contorted, be twisted, contort, twist 그의 얼굴은 흉악하게 일그러졌다 His face became terribly distorted.

-----------------------------------
침착하다

*****DEFINITION*****
calm, poised, composed, cool, self-possessed 침착하게 행동하다 act calmly
沈着
沈 沈 Shěn​   *沈* | 沈* | *沈 surname Shen / place name
  沈 chén​   *沈* | 沈* | *沈 variant of 沉
  沈 shěn​   *沈* | 沈* | *沈 liquid / to pour 瀋
着 着 zhāo​   *着* | 着* | *着 (chess) move / trick / all right! / (dialect) to add 著
  着 zháo​   *着* | 着* | *着 to touch / to come in contact with / to feel / to be affected by / to catch fire / to burn / (coll.) to fall asleep / (after a verb) hitting the mark / succeeding in 著
  着 zhe​   *着* | 着* | *着 aspect particle indicating action in progress 著 HSK 2
  着 zhuó​   *着* | 着* | *着 to wear (clothes) / to contact / to use / to apply 著
沈
잠길 침,성씨 심 1. 잠기다 2. 가라앉다 3. 빠지다 4. (원기를)잃다 5. 오래다 6. 오래되다 7. 침울하다 8. 막히다 9. 무겁다 10. 숨다 11. 늪(땅바닥이 우묵하게 뭉떵 빠지고 늘 물이 괴어 있는 곳) 12. 진흙 13. 호수(湖水)... [부수]氵(삼수변) [총획]7획 [난이도]고등용, 읽기 3급II, 쓰기 2급
沈滯
침체
①오래도록 벼슬이 오르지 않음 　②일이 잘 진전되지 않음
沈默
침묵
잠잠(潛潛)하게 아무말도 하지않음
沈沒
침몰
물에 빠져서 가라앉음
沈淸傳
심청전
조선(朝鮮) 시대(時代)에 쓰여진, 작자(作者)ㆍ연대(年代) 미상(未詳)의 고대(古代) 소설(小說)의 하나. 작자(作者) 연대(年代) 미상(未詳)의 고전(古典) 소설(小說). 국문본(國文本)

着
붙을 착,나타날 저 1. 붙다 2. (옷을)입다 3. (머리에)쓰다 4. (신을)신다 5. 다다르다 6. 시작하다(始作--) a. 나타나다, 나타내다 (저) b. 분명하다(分明--) (저) c. 드러나다, 분명해지다(分明---) (저) d. 두드러지다... [부수]目(눈목) [총획]12획 [난이도]중학용, 읽기 5급II, 쓰기 4급II
癒着
유착
①분리(分離)되어 있어야 할 생체의 기관(器官)의 조직면(組織面)이 섬유성(纖維性) 조직(組織)으로 연결(連結)ㆍ융합(融合)하는 일 　②사물(事物)이 깊은 관계(關係)가 있어 서로 떨어지지 않게 결합(結合)되어...
到着
도착
목적(目的)한 곳에 다다름
執着
집착
어떤 것에 마음이 늘 쏠려 떨치지 못하고 매달리는 일
定着
정착
①어느 곳에 자리잡아 오래도록 사는 것 　②새로운 문화(文化) 현상(現象)ㆍ학설(學說) 등(等)이 당연(當然)한 것으로서 사회적(社會的)으로 수용(受容)되는 것 　③현상(現像)한 필름ㆍ인화지(印畫紙)가...


-----------------------------------
닿다

*****DEFINITION*****
(물체 등에) touch, reach; (살짝) brush (against/past) 내 손에 뭔가가 닿는 것을 느꼈다 I felt something touch[brush against] my hand. 7개 뜻 더보기 : (물체 등에) touch, reach; (살짝) brush (against/past)

-----------------------------------
요동치다

*****DEFINITION*****
jolt, (자동차·배 등이) shake, rock; (배·비행기 등이) roll, pitch 배가 심하게 요동쳤다 Our ship rocked[rolled and pitched] heavily. 2개 뜻 더보기 : jolt, (자동차·배 등이) shake, rock; (배·비행기 등이) roll, pitch
搖動
摇动 yáo​dòng​   *摇动* | 摇动* | *摇动 to shake / to sway 搖動
搖
흔들 요 1. 흔들다 2. 흔들리다 3. 움직이다 4. 오르다, 올라가다 5. 멀다, 요원하다(遙遠ㆍ遼遠--) 6. 어지럽히다 7. 빠르다 8. 새매(수릿과의 새) 9. 머리나 상투에 꽂는 장식품(裝飾品) [부수]扌(재방변) [총획]13획 [난이도]고등용, 읽기 3급, 쓰기 2급
搖亂
요란
①시끄럽고 어지러움. 요양(擾攘) 　②암석(巖石)ㆍ지층(地層) 등(等)의 처음 생긴 장소(場所)에서 일어나는 습곡(褶曲) 운동(運動)이나 단층(斷層) 운동(運動) 　③저ㆍ고기압(高氣壓), 전선(前線), 뇌우(雷雨)...
動搖
동요
①흔들려 움직임 　②또는, 그 움직여 흔들림 　③어수선하고 떠들썩하여 갈팡질팡함
搖動
요동
흔들리어 움직임
搖籃
요람
젖먹이를 놀게 하거나 재우기 위(爲)하여 올려놓고 흔들도록 만든 물건(物件)

動
움직일 동 1. 움직이다 2. 옮기다 3. 흔들리다 4. 동요하다(動搖--) 5. 떨리다 6. 느끼다 7. 감응하다(感應--) 8. 일하다 9. 변하다(變--) 10. 일어나다 11. 시작하다(始作--) 12. 나오다 13. 나타나다 14. 어지럽다 [부수]力(힘력) [총획]11획 [난이도]중학용, 읽기 7급II, 쓰기 6급
活動
활동
①기운(氣運)차게 움직임 　②무슨 일의 성과(成果)를 거두려고 운동(運動)함
運動
운동
①물체(物體)가 시간(時間)의 경과(經過)에 따라 위치(位置)를 바꾸는 일 　②몸을 단련(鍛鍊)하거나 건강(健康)을 보존(保存)하기 위(爲)하여 몸을 움직이는 일 　③어떤 목적(目的)을 달성(達成)하기...
不動産
부동산
토지(土地)나 집처럼 움직여서 옮길 수가 없는 재산(財産). 민법(民法) 상(上) 토지(土地) 및 건물(建物). 입목(立木)과 같은 토지(土地) 정착물(定着物)
行動
행동
①동작(動作)을 하여 행(行)하는 일 　②반사적(反射的), 본능적(本能的)인 동작(動作)이나 반응(反應)ㆍ자극(刺戟)에 대(對)한 근육(筋肉) 반응(反應)이나 내분비(內分泌)샘의 작용(作用) 상태(狀態)...


-----------------------------------
갈등

*****DEFINITION*****
[명사] conflict, (formal) strife, (formal) discord, (formal) dissension; (반목) feud 내면의 갈등 inner conflicts
葛藤
葛藤 gé​téng​   *葛藤* | 葛藤* | *葛藤 tangle of vines / fig. complications
葛
칡 갈 1. 칡(콩과의 낙엽 활엽 덩굴성 식물) 2. 갈포(葛布: 칡 섬유로 짠 베) 3. 나라의 이름 4. 성(姓)의 하나 5. (가리어)덮다 [부수]艹(초두머리) [총획]13획 [난이도]읽기 2급, 쓰기 1급
諸葛亮
제갈량
(181∼234) 중국(中國) 삼국(三國) 시대(時代) 촉한(蜀漢)의 정치가(政治家). 자는 공명(孔明), 뛰어난 전략가(戰略家)로, 원래(原來) 南陽(남양) 땅에 은거(隱居)하고 있었는데, 유비(劉備)의 삼고 초...
葛根
갈근
칡의 뿌리. 갈증(渴症)ㆍ두통(頭痛)ㆍ요통ㆍ항강증(項强症) 및 상한(傷寒) 등(等)에 발한(發汗)ㆍ해열제(解熱劑)로 쓰이며 갈분으로 하여 복용(服用)함
藤葛
등갈
☞ 갈등(葛藤)
南陽葛
남양갈
갈형(葛瀅). 고려(高麗) 고종(高宗: 제 23대 왕, 재위(在位) 기간(期間) ; 1214 ~ 1259) 때의 인물(人物)이며, 『칠원제씨족보(漆原諸氏族譜)』에는 이들 홍(泓)과 형(瀅)의 형제(兄弟)가 고려(高麗) 현종(顯宗)...

藤
등나무 등 1. 등나무(藤--: 콩과의 낙엽 덩굴성 식물) 2. 덩굴 3. 지팡이 [부수]艹(초두머리) [총획]19획 [난이도]읽기 2급, 쓰기 1급
藤葛
등갈
☞ 갈등(葛藤)
石南藤
석남등
마가목. 장미과의 낙엽(落葉) 활엽(闊葉) 교목(喬木)
常春藤
상춘등
①댕댕이덩굴. 새모래덩굴과의 여러해살이 덩굴풀 　②송악. 두릅나뭇과의 상록(常綠) 활엽(闊葉) 덩굴성 식물(植物)
長春藤
장춘등
담쟁이덩굴


-----------------------------------
조장하다

*****DEFINITION*****
encourage; (악화시키다) aggravate 과소비를 조장하다 encourage[foster; promote] excessive consumption
助長
助长 zhù​zhǎng​   *助长* | 助长* | *助长 to encourage / to foster / to foment 助長
助
도울 조,없앨 서 1. 돕다, 힘을 빌리다, 거들다 2. 기리다 3. 유익하다(有益--) 4. 이루다, 완성하다(完成--) 5. 도움, 구조(救助), 원조(援助) 6. 구실, 조세(租稅) 7. 문체(文體)의 하나 a. 없애다 (서) [부수]力(힘력) [총획]7획 [난이도]중학용, 읽기 4급II, 쓰기 3급II
協助
협조
힘을 보태어 서로 도움
補助
보조
①물질적(物質的)으로 보태어 도움　②보충(補充)하여 돕는 것
幇助
방조
①어떠한 일을 거들어서 도와 줌. 흔히 나쁜 일의 뒤를 돕는 경우(境遇)에 씀 　②타인(他人)의 범죄(犯罪) 수행(遂行)에 편의(便宜)를 주는 유형(有形)ㆍ무형(無形)의 모든 행위(行爲)
共助
공조
(어떤 사람이나 단체(團體)가 다른 사람이나 단체(團體)와) 어떤 일을 이루기 위(爲)해 서로 돕는 것

長
길 장,어른 장 1. 길다 2. 낫다 3. 나아가다 4. 자라다 5. 맏 6. 어른 7. 길이 8. 우두머리 9. 처음 10. 늘 11. 항상(恒常) [부수]長(길장) [총획]8획 [난이도]중학용, 읽기 8급, 쓰기 6급II
長官
장관
①한 관청(官廳)의 으뜸 벼슬 　②국무(國務)를 나누어 맡아보는 각부(各部)의 으뜸 벼슬
成長
성장
①생물(生物)이 자라서 점점 커짐, 또는 성숙(成熟)해짐 　②사물(事物)의 규모(規模)가 커짐
總長
총장
①전체(全體)의 사무(事務)를 관리(管理)하는 으뜸 벼슬 　②종합(綜合) 대학(大學)의 장 　③수도회(修道會)의 대표자(代表者)
延長
연장
①시간(時間)이나 물건(物件)의 길이 따위를 처음에 정(定)한 것보다 늘이어 길게 함 　②여러 선의 길이를 연결(連結)했다고 생각한 때의 그 전체(全體)의 길이


-----------------------------------
선동하다

*****DEFINITION*****
instigation, incitement, demagogy, demagoguery, instigate, incite 선동적인 발언을 하다 make an inflammatory pronouncement
煽動
煽动 shān​dòng​   *煽动* | 煽动* | *煽动 to incite / to instigate 煽動
煽
부채질할 선 1. 부채질하다 2. 불이 일다 3. 성하다(盛--: 기운이나 세력이 한창 왕성하다) 4. 세차다 5. 부추기다 [부수]火(불화) [총획]14획 [난이도]읽기 1급, 쓰기 특급
煽動
선동
남을 추기어 일을 일으키게 함
煽情的
선정적
어떤 감정(感情), 특(特)히 욕정(欲情)을 북돋아 일으키는 것
煽動的
선동적
선동성(煽動性)이 있는 (것)
煽石
선석
화성암(火成巖)이 접촉(接觸)한 때문에 변질(變質)된 석탄(石炭). 현무암질(玄武巖質)의 것과 안산암질(安山巖質)의 것이 있음. 또 외관(外觀)은 무연탄(無煙炭)과 비슷하여 유흑색(黝黑色)이며, 불 속에...

動
움직일 동 1. 움직이다 2. 옮기다 3. 흔들리다 4. 동요하다(動搖--) 5. 떨리다 6. 느끼다 7. 감응하다(感應--) 8. 일하다 9. 변하다(變--) 10. 일어나다 11. 시작하다(始作--) 12. 나오다 13. 나타나다 14. 어지럽다 [부수]力(힘력) [총획]11획 [난이도]중학용, 읽기 7급II, 쓰기 6급
活動
활동
①기운(氣運)차게 움직임 　②무슨 일의 성과(成果)를 거두려고 운동(運動)함
運動
운동
①물체(物體)가 시간(時間)의 경과(經過)에 따라 위치(位置)를 바꾸는 일 　②몸을 단련(鍛鍊)하거나 건강(健康)을 보존(保存)하기 위(爲)하여 몸을 움직이는 일 　③어떤 목적(目的)을 달성(達成)하기...
不動産
부동산
토지(土地)나 집처럼 움직여서 옮길 수가 없는 재산(財産). 민법(民法) 상(上) 토지(土地) 및 건물(建物). 입목(立木)과 같은 토지(土地) 정착물(定着物)
行動
행동
①동작(動作)을 하여 행(行)하는 일 　②반사적(反射的), 본능적(本能的)인 동작(動作)이나 반응(反應)ㆍ자극(刺戟)에 대(對)한 근육(筋肉) 반응(反應)이나 내분비(內分泌)샘의 작용(作用) 상태(狀態)...


-----------------------------------
심성

*****DEFINITION*****
그녀는 따뜻한 심성의 소유자다 She has a heart of gold.
心性
心性 xīn​xìng​   *心性* | 心性* | *心性 one's nature / temperament
心
마음 심 1. 마음, 뜻, 의지(意志) 2. 생각 3. 염통, 심장(心臟) 4. 가슴 5. 근본(根本), 본성(本性) 6. 가운데, 중앙(中央), 중심(中心) 7. 도(道)의 본원(本源) 8. 꽃술, 꽃수염 9. 별자리 이름 10. 진수(眞修:... [부수]心(마음심) [총획]4획 [난이도]중학용, 읽기 7급, 쓰기 6급
核心
핵심
사물(事物)의 중심(中心)이 되는 중요(重要)한 부분(部分)
關心
관심
어떤 일이나 대상(對象)에 흥미(興味)를 가지고 마음을 쓰거나 알고 싶어하는 상태(狀態)
疑心
의심
①마음에 미심(未審)하게 여기는 생각 　②믿지 못하는 모양(模樣)
疑懼心
의구심
의심(疑心)하고 두려워하는 마음

性
성품 성 1. 성품(性品), 타고난 사람의 천성(天性) 2. 바탕 3. 성질(性質), 사물(事物)의 본질(本質) 4. 생명(生命), 목숨 5. 마음 6. 만유(萬有)의 원인(原因) 7. 성별(性別) 8. 남녀(男女), 자웅(雌雄)의 구별(區別)... [부수]忄(심방변) [총획]8획 [난이도]중학용, 읽기 5급II, 쓰기 4급II
可能性
가능성
①가능(可能)한 성질(性質) 　②완성(完成)될 수 있는 성질(性質) 　③일정(一定)한 조건(條件) 밑에 현실적(現實的)이 될 수 있는 자격(資格)을 갖고 있는 일
柔軟性
유연성
유연(柔軟)한 성질(性質)
性格
성격
①성결 　②언행(言行), 사고(思考) 방식(方式), 몸가짐 등(等) 사람의 정신(精神) 생활(生活)의 모든 면에 나타나는 어느 정도(程度) 지속적(持續的)인, 각 개인(個人)에게 특유(特有)한 감정(感情),...
蓋然性
개연성
①꼭 단정(斷定)할 수는 없으나 대개 그러리라고 생각되는 성질(性質) 　②어떤 일이 일어날 수 있는 가능성(可能性)


-----------------------------------
왜곡

*****DEFINITION*****
[명사] distortion, [동사] distort, twist, pervert 진실을 왜곡하다 distort[pervert] the truth
歪曲
歪曲 wāi​qū​   *歪曲* | 歪曲* | *歪曲 to distort / to misrepresent HSK 6
歪
기울 왜,기울 외 1. 기울다 2. 비뚤다 3. 바르지 아니하다 a. 기울다 (외) b. 비뚤다 (외) c. 바르지 아니하다 (외) [부수]止(그칠지) [총획]9획 [난이도]읽기 2급, 쓰기 1급
歪曲
왜곡
비틀어 곱새김
歪力
왜력
☞ 응력(應力)

曲
굽을 곡,누룩 곡 1. 굽다 2. 굽히다 3. 도리(道理)에 맞지 않다 4. 바르지 않다 5. 불합리하다 6. 정직하지 않다 7. 공정(公正)하지 않다 8. 그릇되게 하다 9. 자세하다(仔細ㆍ子細--) 10. 구석 11. 가락 12. 악곡(樂曲)... [부수]曰(가로왈) [총획]6획 [난이도]중학용, 읽기 5급, 쓰기 4급
歪曲
왜곡
비틀어 곱새김
婉曲
완곡
①말ㆍ행동(行動)을 빙둘러서 함 　②말씨가 노골적(露骨的)이 아님
懇曲
간곡
①간절(懇切)하고 곡진(曲盡)함 　②간절(懇切)하고 마음과 정성(精誠)이 지극(至極)함
戱曲
희곡
서정시(抒情詩)와 서사시(敍事詩)가 종합(綜合)되어 특정(特定)한 처소(處所)를 설정(設定)하고, 인물(人物)의 행동(行動), 대화(對話), 혼자말 등(等)을 직접적(直接的), 구체적(具體的)으로 표현(表現)...


-----------------------------------
치부하다

*****DEFINITION*****
regard (A as B), consider (A (as) B), think of (A as B), count (A as B), look (up)on (A as B), (formal) deem; (부정적인 것으로) dismiss (A as B) 그 정보는 근거 없는 소문으로 치부되었다 That piece of information became regarded as a groundless rumor.

-----------------------------------
보습

*****DEFINITION*****
a plowshare, a share

-----------------------------------
휘말리다

*****DEFINITION*****
(물살 등에) be swept away (by), be swallowed up 급류에 휘말리다 be swept away into the rapids[strong current] 2개 뜻 더보기 : (물살 등에) be swept away (by), be swallowed up

-----------------------------------
