균형

*****DEFINITION*****
(자세·상황 등의) balance; (힘·세력 등의) equilibrium 균형 잡힌 몸매 a well-proportioned figure
均衡
均衡 jūn​héng​   *均衡* | 均衡* | *均衡 equal / balanced / harmony / equilibrium
均
고를 균,운 운,따를 연 1. 고르다 2. 평평하다(平平--) 3. 가지런히 하다, 조절하다(調節--) 4. 비교하다(比較--), 따지다 5. (밭을)갈다, 김매다(논밭의 잡풀을 뽑아내다) 6. 널리, 빠짐없이 7. 두루, 모두, 죄다 8. 녹로대(轆轤臺:... [부수]土(흙토) [총획]7획 [난이도]중학용, 읽기 4급, 쓰기 3급
均衡
균형
치우침이 없이 고름
平均
평균
①부동(不同)이나 다소(多少)가 없이 균일(均一)함. 또는, 그렇게 함. 연등(連等) 　②어떤 가정(假定) 밑에서, 많은 수(數)나 같은 종류(種類)의 양(量)의 중간(中間)의 값을 갖는 수(數). 혹은 그런...
不均衡
불균형
①균형(均衡)이 잡히지 않고 어느 편으로 치우쳐서 고르지 못함 　②고르지 않음
均等
균등
①차별(差別) 없이 고름 　②개념(槪念), 명제(命題) 등(等) 외형만 다르고 실상(實相)은 뜻이 같음

衡
저울대 형,가로 횡 1. 저울대, 저울 2. (수레의)가로장 3. 도리(서까래를 받치기 위하여 기둥 위에 건너지르는 나무) 4. 뿔막이나무, 쇠코뚜레 5. 비녀(여자의 쪽 찐 머리가 풀어지지 않도록 꽂는 장신구) 6. 권병(權柄:... [부수]行(다닐행) [총획]16획 [난이도]고등용, 읽기 3급II, 쓰기 2급
均衡
균형
치우침이 없이 고름
銓衡
전형
인물(人物)의 됨됨이나 재능(才能)을 시험(試驗)하여 뽑음
不均衡
불균형
①균형(均衡)이 잡히지 않고 어느 편으로 치우쳐서 고르지 못함 　②고르지 않음
衡平性
형평성
형평(衡平)을 이루는 성질(性質)


-----------------------------------
시댁

*****DEFINITION*****
one's husband's home[family], (informal) in-laws' 시댁 어른들께 절을 올리다 make a deep bow to one's husband's senior in-laws
媤宅
媤 媤 [Not in dictionary]
宅 宅 zhái​   *宅* | 宅* | *宅 residence / (coll.) to stay in at home / to hang around at home
媤
시집 시,여자의 자 사 1. 시집(남편의 집) a. 여자(女子)의 자(字) (사) [부수]女(계집녀) [총획]12획 [난이도]읽기 1급, 쓰기 특급
媤宅
시댁
시집(媤家)을 높여 이르는 말
媤家
시가
시집. 시부모(媤父母)가 사는 집. 또는 남편(男便)의 집안
媤外三寸宅
시외삼촌댁
①시외삼촌(媤外三寸)의 집 　②시외삼촌(媤外三寸)의 아내
媤三寸宅
시삼촌댁
①시삼촌(媤三寸)의 집 　②시삼촌(媤三寸)의 아내

宅
댁 댁,집 택,터질 탁 1. 댁(남을 높여 그의 집이나 가정, 그의 아내를 이르는 말) a. 집, 주거 (택) b. 구덩이 (택) c. 무덤, 묘지(墓地) (택) d. 살다 (택) e. 벼슬살이 하다, 임용하다(任用--) (택) f. 안정시키다(安定---),... [부수]宀(갓머리) [총획]6획 [난이도]중학용, 읽기 5급II, 쓰기 4급II
住宅
주택
①살림살이를 할 수 있도록 지은 집 　②사람이 살 수 있도록 지은 집
宅地
택지
집터. 집을 지을 땅
宅內
댁내
남의 집안의 존칭(尊稱)
住宅街
주택가
도회지(都會地)의 번잡(煩雜)한 상가(商街)나 공업(工業) 지대(地帶)와 격리(隔離)되어 주택(住宅)들로만 이루어진 조용한 거리


-----------------------------------
친정

*****DEFINITION*****
married woman's parents' home 그녀는 친정살이를 한다 She lives with her family even after she got married.
親庭
親 亲 qīn​   *亲* | 亲* | *亲 parent / one's own (flesh and blood) / relative / related / marriage / bride / close / intimate / in person / first-hand / in favor of / pro- / to kiss / (Internet slang) dear 親
  亲 qìng​   *亲* | 亲* | *亲 parents-in-law of one's offspring 親
庭 庭 tíng​   *庭* | 庭* | *庭 main hall / front courtyard / law court
親
친할 친 1. 친하다(親--) 2. 가깝다 3. 사랑하다 4. 가까이하다 5. 사이 좋다 6. 손에 익다 7. 숙달되다 8. 어버이 9. 친척 10. 혼인 11. 신부(新婦), 새색시 12. 몸소, 친히(親-) [부수]見(볼견) [총획]16획 [난이도]중학용, 읽기 6급, 쓰기 5급
親舊
친구
①오래 두고 가깝게 사귄 벗 　②나이가 비슷하거나 아래인 사람을 낮추거나 친근(親近)하게 이르는 말
親姻戚
친인척
친척(親戚)과 인척(姻戚)
親戚
친척
①친척(親戚)과 외척(外戚) 　②성이 다른 가까운 척분. 고종(姑從), 외종(外從), 이종(姨從) 따위
家親
가친
남에게 대(對)하여 자기(自己) 아버지를 이르는 말

庭
뜰 정 1. 뜰, 집 안에 있는 마당 2. 집안 3. 조정(朝廷) 4. 궁중(宮中), 궁궐(宮闕)의 안 5. 관청(官廳), 군이나 현의 정청(政廳) 6. 곳, 장소(場所) 7. 사냥하는 곳 8. 동떨어진 모양 9. 사이가 멀다 10. 곧다,... [부수]广(엄호) [총획]10획 [난이도]중학용, 읽기 6급II, 쓰기 5급II
家庭
가정
①한 가족(家族)으로서의 집안 　②부부(夫婦)를 중심(中心)으로 혈연(血緣) 관계자(關係者)가 모여 사는 사회(社會)의 가장 작은 집단(集團)
庭園
정원
①집안에 있는 뜰 　②미관(美觀), 위락(慰樂) 또는 실용(實用)을 목적(目的)으로 수목(樹木)을 심거나 그밖에 특별(特別)히 설계(設計)한 땅. 주(主)로 집채의 둘레, 교회(敎會), 절 등(等)의 경내에...
法庭
법정
☞ 법정(法廷)
家庭敎育
가정교육
집안 어른들의 일상(日常) 생활(生活)이나 가정(家庭) 환경(環境), 생활(生活) 상태(狀態) 등(等)을 통(通)해 자녀(子女)나 제매(弟妹)가 받는 영향(影響)과 교훈(敎訓)


-----------------------------------
무례

*****DEFINITION*****
[명사] rudeness, disrespect, (formal) discourtesy, [형용사] impolite, rude, disrespectful, (formal) ill-mannered, (formal) discourteous; (특히 연장자·상사에 대해) (formal) impertinent 무례한 말을 하다 make rude[impolite] remarks
無禮
无礼 wú​lǐ​   *无礼* | 无礼* | *无礼 rude / rudely 無禮
無
없을 무 1. 없다 2. 아니다(=非) 3. 아니하다(=不) 4. 말다, 금지하다(禁止--) 5. ~하지 않다 6. 따지지 아니하다 7. ~아니 하겠느냐? 8. 무시하다(無視--), 업신여기다 9. ~에 관계없이(關係--) 10. ~를 막론(莫論)하고... [부수]灬(연화발) [총획]12획 [난이도]중학용, 읽기 5급, 쓰기 4급
無視
무시
①존재(存在)나 있는 값어치를 알아주지 아니함 　②사람을 깔보거나 업신여김 　③눈여겨 보지 않음
無責任
무책임
①책임(責任)이 없음 　②책임감(責任感)이 없음
無條件
무조건
어떤 일을 함에 있어서 아무런 조건(條件)이 없음
無關
무관
관계(關係)가 없음

禮
예도 례,예도 예 1. 예도(禮度) 2. 예절(禮節) 3. 절(남에게 공경하는 뜻으로 몸을 굽혀 하는 인사) 4. 인사 5. 예물(禮物) 6. 의식(儀式) 7. 책 이름(=예기(禮記)) 8. 경전(經典)의 이름 9. 단술 10. 예우하다(禮遇--)... [부수]示(보일시) [총획]18획 [난이도]중학용, 읽기 6급, 쓰기 5급
茶禮
차례
명절날(名節-)이나 조상(祖上)의 생일(生日) 또는 음력(陰曆)으로 매달 초하루와 보름날 등(等)의 낮에 간단(簡單)히 지내는 제사(祭祀)
禮記
예기
①유교(儒敎)의 경전(經典)으로, 예의(禮儀) 이론(理論)과 실제(實際)를 풀이해 적은 오경(五經)의 하나. 한 무제 때 하간의 헌 왕이 공자(孔子)와 그 후학(後學)들이 지은 131편의 책을 모아 정리(整理)한...
禮節
예절
①예의(禮儀)에 관(關)한 모든 질서(秩序)나 절차(節次) 　②예의(禮儀)와 절도(節度) 　③예의(禮儀) 범절(凡節)
婚禮
혼례
혼인(婚姻)의 의례(儀禮)


-----------------------------------
손길

*****DEFINITION*****
(helping) hand 수해 지역에 따뜻한 구호의 손길이 이어지고 있다 Regions affected by the flood are receiving a warm helping hand.

-----------------------------------
이기심

*****DEFINITION*****
selfishness, self-centeredness 나는 그의 이기심에 화가 났다 I became angry with his selfishness.
利己心
利己 利己 lì​jǐ​   *利己* | 利己* | *利己 personal profit / to benefit oneself
心 心 xīn​   *心* | 心* | *心 heart / mind / intention / center / core / CL: 顆｜颗, 個｜个
利
이로울 이,이로울 리 1. 이롭다, 이하다(利--: 이익이나 이득이 되다) 2. 이롭게 하다 3. 유익하다(有益--) 4. 편리하다 5. 통하다(通--) 6. 날카롭다 7. 이기다 8. 날래다 9. 탐하다(貪--) 10. 이자 11. 이익(利益) 12. 승전 [부수]刂(선칼도방) [총획]7획 [난이도]중학용, 읽기 6급II, 쓰기 5급II
利用
이용
①편리(便利)하게 씀 　②자신(自身)을 위(爲)하여 남이나 물품(物品)을 쓸모 있게 씀
利益
이익
①물질적(物質的)으로나 정신적(精神的)으로 보탬이 된 것 　②유익(有益)하고 도움이 됨 　③경제(經濟) 활동(活動)을 통(通)하여 주체적(主體的)으로 획득(獲得), 실현(實現)된 성과(成果)로서 자기(自己)가...
權利
권리
①권세(權勢)와 이익(利益) 　②일정(一定)한 이익(利益)을 주장(主張)하고 그것을 누릴 수 있는 수단(手段)으로써 법률(法律)이 일정(一定)한 자격(資格)을 가진 사람에게 부여(附與)하는 힘 　③법에...
勝利
승리
겨루어 이김

己
몸 기 1. 몸 2. 자기(自己), 자아(自我) 3. 여섯째 천간(天干) 4. 사욕(私慾) 5. 어조사(語助辭) 6. 다스리다 [부수]己(몸기) [총획]3획 [난이도]중학용, 읽기 5급II, 쓰기 4급II
自己
자기
①제 몸, 제 자신(自身). 나 　②막연(漠然)하게 사람을 가리키는 말
金克己
김극기
고려(高麗) 중기(中期)의 시인(詩人). 호는 노봉(老峯)
利己心
이기심
자기(自己)의 이익(利益)만을 꾀하고 남을 돌보지 아니하는 마음
己未
기미
육십갑자(六十甲子)의 쉰여섯째

心
마음 심 1. 마음, 뜻, 의지(意志) 2. 생각 3. 염통, 심장(心臟) 4. 가슴 5. 근본(根本), 본성(本性) 6. 가운데, 중앙(中央), 중심(中心) 7. 도(道)의 본원(本源) 8. 꽃술, 꽃수염 9. 별자리 이름 10. 진수(眞修:... [부수]心(마음심) [총획]4획 [난이도]중학용, 읽기 7급, 쓰기 6급
核心
핵심
사물(事物)의 중심(中心)이 되는 중요(重要)한 부분(部分)
關心
관심
어떤 일이나 대상(對象)에 흥미(興味)를 가지고 마음을 쓰거나 알고 싶어하는 상태(狀態)
疑心
의심
①마음에 미심(未審)하게 여기는 생각 　②믿지 못하는 모양(模樣)
疑懼心
의구심
의심(疑心)하고 두려워하는 마음


-----------------------------------
역할

*****DEFINITION*****
(직책, 임무) role, part 자신의 역할에 충실하다 be faithful[devoted] to one's role 2개 뜻 더보기 : (직책, 임무) role, part
役割
役 役 yì​   *役* | 役* | *役 forced labor / corvée / obligatory task / military service / to use as servant / to enserf / servant (old) / war / campaign / battle
割 割 gē​   *割* | 割* | *割 to cut / to cut apart HSK 6
役
부릴 역 1. 부리다, 일을 시키다 2. 일하다, 힘쓰다, 경영하다(經營--) 3. 줄짓다, 죽 늘어서다 4. 골몰하다(汨沒--) 5. 낮다, 천하다(賤--) 6. 일, 육체적 노동 7. 부역(負役), 요역(徭役) 8. 일꾼, 남의 부림을... [부수]彳(두인변) [총획]7획 [난이도]고등용, 읽기 3급II, 쓰기 2급
役割
역할
①제가 하여야 할 제 앞의 일 　②대상(對象)이 어떤 일에 있어서 가지는 자격(資格)이나 의무(義務)나 기능(技能). 구실
懲役
징역
①기결(旣決) 죄인(罪人)을 교도소(矯導所) 안에 구치하여 일정(一定) 기간(期間) 노역(勞役)에 복무(服務)시키는 자유형(自由刑)의 한 가지. 무기(無期)와 유기(有期)가 있음 　②조선(朝鮮) 광무(光武)...
用役
용역
물재(物財)의 형태(形態)를 취(取)하지 않고 생산(生産)과 소비(消費)에 필요(必要)한 노무(勞務)를 제공(提供)하는 일
現役
현역
군에 입대(入隊)하여 실제(實際)로 근무(勤務)를 하는 병역(兵役). 또는, 그 사람. 지금 어떤 일에 종사(從事)하고 있는 사람

割
벨 할 1. 베다, 자르다, 끊다 2. 끊어 버리다 3. 나누다, 쪼개다 4. 가르다, 갈라서 찢다 5. (영토를)나누어 주다 6. 할거하다(割據--), 차지하다 7. 빼앗다 8. 해치다, 손상하다(損傷--) 9. 판단하다(判斷--)... [부수]刂(선칼도방) [총획]12획 [난이도]고등용, 읽기 3급II, 쓰기 2급
役割
역할
①제가 하여야 할 제 앞의 일 　②대상(對象)이 어떤 일에 있어서 가지는 자격(資格)이나 의무(義務)나 기능(技能). 구실
割引
할인
①일정(一定)한 값에서 얼마를 덜어 냄 　②어음에 적힌 금액(金額)에서 만기일(滿期日)까지의 길미를 떼어 버린 금액(金額)으로 어음을 사는 일. 어음할인(割引)
割引店
할인점
셀프서비스에 의(依)한 대량(大量) 판매(販賣) 방식(方式)을 이용(利用)하여 시중(市中) 가격(價格)보다 20~30% 낮은 가격(價格)으로 판매(販賣)하는 유통(流通) 업체(業體)
割當
할당
①여러 몫으로 노느는 일. 　②또는, 그렇게 노는 몫


-----------------------------------
갈급

*****DEFINITION*****
갈급증이 나다

-----------------------------------
