이면

*****DEFINITION*****
한국 정치사의 이면 the hidden side of the Korean political history
裏面
裏 里 lǐ​   *里* | 里* | *里 variant of 裡｜里 裏 HSK 1
面 面 miàn​   *面* | 面* | *面 face / side / surface / aspect / top / classifier for flat surfaces such as drums, mirrors, flags etc
  面 miàn​   *面* | 面* | *面 variant of 麵｜面 麪
  面 miàn​   *面* | 面* | *面 flour / noodles / (of food) soft (not crunchy) / (slang) (of a person) ineffectual / spineless 麵
裏
속 리,속 이 1. 속(=裡), 내부(內部), 가운데 2. (사물의)안쪽 3. 뱃속, 가슴속 4. 속마음, 충심(衷心: 마음속에서 우러나는 참된 마음) 5. 태, 모태 6. 곳, 장소(場所) 7. 다스려지다(=理) 8. 안에 받아들이다 [부수]衣(옷의) [총획]13획 [난이도]고등용, 읽기 3급II, 쓰기 2급
裏面
이면
①물체(物體)의 뒤쪽에 있는 면 　②표면(表面)에 나타나지 않는 내부(內部)의 사정(事情)이나 사실(事實). 속내평
禁裏
금리
궐내
內裏
내리
①천자(天子)의 궁전(宮殿) 　②내군(內君). 남의 부인(夫人)을 높여 이르는 말 　③속마음. 품고 있는 생각이나 마음 　④이면(裏面). 겉으로 나타나거나 눈에 보이지 않는 부분(部分)
心裏
심리
마음의 속

面
낯 면,밀가루 면 1. 낯, 얼굴 2. 표정(表情), 얼굴빛 3. 모양, 모습 4. 겉, 표면 5. 겉치레 6. 탈, 가면(假面) 7. 앞, 면전 8. 방면(方面), 쪽 9. 평면 10. 면(행정 구역 단위) 11. 면(물건의 세는 단위) 12. 밀가루 13.... [부수]面(낯면) [총획]9획 [난이도]중학용, 읽기 7급, 쓰기 6급
側面
측면
①물체(物體)의 상하(上下)ㆍ전후(前後) 이외(以外)의 좌우(左右)의 면 　②각기둥의 위아래 면이나 각뿔의 밑면 이외(以外)의 면 　③正面(정면)이 아닌 방면(方面). 옆면
反面
반면
①어떠한 사실(事實)과 반대(反對)되거나 다른 방면(方面) 　②어디를 다녀와서 어버이를 뵘
局面
국면
①일이 되어 나가는 상태(狀態) 또는 그 장면(場面) 　②승패(勝敗)를 겨루기 위(爲)한 바둑, 장기판(將棋板)의 형세(形勢)
面接
면접
①얼굴을 마주 대함 　②직접(直接) 만남 　③＇면접시험(試驗)＇의 준말


-----------------------------------
자각

*****DEFINITION*****
[명사] self-awareness, self-consciousness, awakening , [동사] realize, awake to, be aware[conscious, cognizant] (of/that) 그녀가 자신이 처한 위험을 자각하는 데는 시간이 좀 걸렸다 It took her some time to realize[become aware of] the dangers of her situation.
自覺
自觉 zì​jué​   *自觉* | 自觉* | *自觉 conscious / aware / on one's own initiative / conscientious 自覺 HSK 5
自
스스로 자 1. 스스로, 몸소, 자기(自己) 2. 저절로, 자연히(自然-) 3. ~서부터 4. 써 5. 진실로(眞實-) 6. 본연(本然) 7. 처음, 시초(始初) 8. 출처(出處) 9. 코(=비(鼻)의 고자(古字)) 10. 말미암다, ~부터 하다... [부수]自(스스로자) [총획]6획 [난이도]중학용, 읽기 7급II, 쓰기 6급
自身
자신
①제 몸 　②딴 말에 붙어서 딴 어떤 것도 아니고 그 스스로임을 강조(强調)할 때 쓰는 말
自由
자유
①남의 구속(拘束)을 받지 않고, 자기(自己) 마음대로 함 　②자기(自己)가 뜻하는 대로 함. 마음내키는 대로 함 　③법률(法律)의 범위(範圍) 안에서 마음대로 하는 행위(行爲). 권리(權利), 의무(義務)를...
自體
자체
①제 몸 　②그 자신(自身) 　③사물(事物)의 본새
自然
자연
①저절로 그렇게 되는 모양(模樣). 사람의 힘을 더하지 않는 천연(天然) 그대로의 상태(狀態) 　②조화(調和)의 힘에 의(依)하여 이루어진 일체(一切)의 것

覺
깨달을 각,깰 교 1. 깨닫다 2. 깨우치다 3. 드러내다, 밝히다 4. 나타나다 5. 터득하다(攄得--) 6. 높고 크다 7. 곧다, 바르다 8. 깨달음 9. 선각자(先覺者) 10. 거리(距離), 이정(里程) 11. 별 이름 a. (잠을)깨다 (교)... [부수]見(볼견) [총획]20획 [난이도]고등용, 읽기 4급, 쓰기 3급
覺悟
각오
①도리(道理)를 깨달음 　②앞으로 닥쳐 올 일을 미리 깨달아 마음을 작정(作定)함. 결심(決心)함
錯覺
착각
①(어떤 대상(對象)ㆍ현상(現象)을 실제(實際)와 다른 대상(對象)ㆍ현상(現象)으로) 잘못 보거나 듣거나 느끼는 것 　②또는, (어떤 사실(事實)을 실제(實際)와 다른 상태(狀態)로) 잘못 생각하거나 이...
覺醒
각성
①눈을 떠서 정신(精神)을 차림 　②사람의 주의(注意)를 환기(喚起)시킴 　③자기(自己)의 잘못을 깨달음
視覺
시각
①빛의 자극(刺戟)을 받아 눈으로 느끼는 것 　②눈의 감각(感覺)


-----------------------------------
혹독

*****DEFINITION*****
severity; harshness; cruelty; rigor. 2개 뜻 더보기 : severity; harshness; cruelty; rigor.
酷毒
酷 酷 kù​   *酷* | 酷* | *酷 ruthless / strong (e.g. of wine) / (loanword) cool / hip
毒 毒 dú​   *毒* | 毒* | *毒 poison / to poison / poisonous / malicious / cruel / fierce / narcotics
酷
심할 혹 1. 심하다(甚--: 정도가 지나치다) 2. 독하다(毒--) 3. 괴롭다 4. 심히 5. 한(恨) [부수]酉(닭유) [총획]14획 [난이도]읽기 2급, 쓰기 1급
苛酷
가혹
매우 혹독(酷毒)함
酷毒
혹독
몹시 까다롭고 심악스러움
殘酷
잔혹
잔인(殘忍)하고 혹독(酷毒)함
冷酷
냉혹
①인정(人情)이 없고 혹독(酷毒)함 　②박정(薄情)하고 가혹(苛酷)함

毒
독 독,거북 대 1. 독(毒), 해독(害毒), 해악(害惡) 2. 비참(悲慘)하고 참혹(慘酷)한 방법(方法) 3. 해치다, 죽이다 4. 유독(有毒)하게 하다 5. 근심하다(속을 태우거나 우울해하다) 6. 괴로워하다, 괴롭히다 7. 미워하다... [부수]毋(말무) [총획]9획 [난이도]고등용, 읽기 4급II, 쓰기 3급II
酷毒
혹독
몹시 까다롭고 심악스러움
毒素
독소
①해(害)롭거나 나쁜 요소(要素) 　②유기(有機) 물질(物質), 특(特)히 고기나 단백질(蛋白質) 등(等)이 부패(腐敗)하여 생기는 유독성(有毒性) 물질(物質). 주(主)로 고분자(高分子) 물질(物質)로서,...
毒感
독감
매우 지독(至毒)한 감기(感氣). 바이러스의 감염(感染)에 의(依)한 전염성(傳染性)이 있는 감기(感氣). 고열이 나며 폐렴(肺炎)ㆍ중이염(中耳炎)ㆍ뇌염 등(等)의 합병증(合倂症)을 일으킴. 인플루엔자
麥角中毒
맥각중독
맥각을 약(藥)으로 남용(濫用)하거나 맥각이 든 음식(飮食)을 먹었을 때 생기는 중독(中毒). 급성(急性)은 구토(嘔吐), 복통(腹痛), 설사(泄瀉) 및 팔다리와 가슴의 동통 따위가 일어나며 심(甚)하면 죽음


-----------------------------------
분투

*****DEFINITION*****
a struggle, a strenuous effort, hard fighting, 분투하다 fight[battle] (against) , struggle (hard), exert oneself, make a strenuous effort 자유를 위하여 분투하다 fight for liberty
奮鬪
奮 奋 fèn​   *奋* | 奋* | *奋 to exert oneself (bound form) 奮
鬪 斗 dòu​   *斗* | 斗* | *斗 variant of 鬥｜斗 鬪
奮
떨칠 분 1. 떨치다 2. 명성(名聲) 등을 널리 드날리다 3. 휘두르다 4. 힘쓰다 5. 성내다 6. 분격하다(憤激--) 7. 흔들리다 8. 움직이다 [부수]大(큰대) [총획]16획 [난이도]고등용, 읽기 3급II, 쓰기 2급
興奮
흥분
어떤 자극(刺戟)으로 감정(感情)이 북받쳐 일어남. 또는, 그 감정(感情). 자극(刺戟)을 받아 일어나는 감각(感覺) 세포(細胞)나 신경(神經) 단위(單位)의 상태(狀態) 변화(變化). 또는, 그것으로 일어나는...
奮發
분발
가라앉은 마음과 힘을 떨쳐 일으킴
奮鬪
분투
있는 힘을 다하여 싸움
奮戰
분전
있는 힘을 다하여 싸움

鬪
싸울 투,싸움 투 1. (두 병사가 손에 병기를 들고)싸우다 2. 싸우게 하다 3. 승패를 겨루다 4. 투쟁하다 5. (두 사람이 손에 물건을 들고)다투다 6. 경쟁하다(競爭--) 7. 당하다(當--) 8. 맞서다 9. 한데 모으다 10. 맞추다... [부수]鬥(싸울투) [총획]20획 [난이도]고등용, 읽기 4급, 쓰기 3급
鬪爭
투쟁
①상대(相對)를 쓰러뜨리려고 싸워서 다툼 　②사회(社會) 운동(運動). 노동(勞動) 운동(運動) 등(等)에서 계급(階級)이나 주의(主義)가 다른 사람끼리 다툼. 흔히 피지배(被支配) 계급(階級)에서의 행위(行爲)를...
戰鬪
전투
싸움, 교전(交戰). 넓은 뜻에서는 적을 쳐서 승리(勝利)를 얻기 위(爲)한 수단(手段), 좁은 뜻으로는 규모(規模)가 작은 전쟁(戰爭)
鬪魂
투혼
끝까지 투쟁(鬪爭)하려는 기백(氣魄). 투쟁(鬪爭) 정신(精神)
戰鬪的
전투적
전투(戰鬪)를 하는 것과 같음


-----------------------------------
인내

*****DEFINITION*****
[명사] patience; (오랜 고통·어려움에 대한) endurance , [동사] endure, stand, bear, be patient (with), have patience (with) 고통을 인내하다 endure the pain[suffering]
忍耐
忍耐 rěn​nài​   *忍耐* | 忍耐* | *忍耐 to endure / to bear with / to exercise patience / to restrain oneself / patience / endurance HSK 6
忍
참을 인 1. 참다 2. 잔인하다(殘忍--) 3. 동정심(同情心)이 없다 4. 차마 못하다 5. 질기다 6. 용서하다(容恕--) 7. 참음 [부수]心(마음심) [총획]7획 [난이도]중학용, 읽기 3급II, 쓰기 2급
忍耐
인내
참고 견딤. 감인(堪忍). 내인(耐忍)
忍耐心
인내심
참고 견디는 마음
殘忍
잔인
인정(人情)이 없고 아주 모짊
忍耐力
인내력
참고 견디는 힘

耐
견딜 내,능할 능 1. 견디다, 참다 2. (임무를)감당하다(堪當--) 3. 구레나룻을 깎다 4. 구레나룻을 깎는 형벌(刑罰) a. 능하다(能--) (능) b. 능(能)히 하다 (능) [부수]而(말이을이) [총획]9획 [난이도]고등용, 읽기 3급II, 쓰기 2급
堪耐
감내
참고 견딤
忍耐
인내
참고 견딤. 감인(堪忍). 내인(耐忍)
忍耐心
인내심
참고 견디는 마음
忍耐力
인내력
참고 견디는 힘


-----------------------------------
체격

*****DEFINITION*****
build, frame, physique 체격이 좋다 be well-built
體格
体格 tǐ​gé​   *体格* | 体格* | *体格 bodily health / one's physical state / physique 體格
體
몸 체 1. 몸, 신체(身體) 2. 몸소, 친히(親-) 3. 형상(形狀) 4. 근본(根本) 5. 격식(格式) 6. 물질(物質) 7. 물체(物體) 8. 서체(書體) 9. 체재(體裁) 10. 체험하다(體驗--) 11. 체득하다(體得--) 12. 알아주다... [부수]骨(뼈골) [총획]23획 [난이도]중학용, 읽기 6급II, 쓰기 5급II
團體
단체
공동(共同)의 목적(目的)을 달성(達成)하기 위(爲)하여 의식적(意識的)으로 결합(結合)한 두 사람 이상(以上)의 집단(集團). 법인(法人)ㆍ정당(政黨) 등(等)
體系
체계
①낱낱이 다른 것을 통일(統一)한 조직(組織) 　②또는, 그것을 구성(構成)하는 각 부분(部分)을 계통적(系統的)으로 통일(統一)한 전체(全體) 　③일정(一定)한 원리(原理)에 의(依)해 조직(組織)된 ...
具體的
구체적
사물(事物)이 뚜렷한 실체(實體)를 갖추고 실제(實際)의 형체(形體)ㆍ내용(內容)을 가지고 있는 모양(模樣)
全體
전체
①온몸. 전신(全身) 　②전부(全部). 총체　③개개 또는 부분(部分)의 집합(集合)으로 구성(構成)되어 있으면서도 그 총화(總和) 이상(以上)의 기능(機能), 의의(意義), 가치(價値) 따위를 가지는 존재(存在)

格
격식 격,가지 각,마을 락,마을 낙,별 이름 학 1. 격식(格式), 법식(法式) 2. 자리, 지위(地位) 3. 인격(人格), 인품(人品) 4. 격자(格子) 5. 과녁 6. 지주(支柱: 쓰러지지 아니하도록 버티어 괴는 기둥) 7. 이르다(어떤 장소나 시간에 닿다), 다다르다... [부수]木(나무목) [총획]10획 [난이도]고등용, 읽기 5급II, 쓰기 4급II
價格
가격
물건(物件)이 지니고 있는 가치(價値)를 돈으로 나타낸 것. 값
資格
자격
①일정(一定)한 신분(身分)ㆍ지위(地位)를 가지거나, 어떤 행동(行動)을 하는 데 필요(必要)한 조건(條件) 　②어떤 조직(組織) 속에서의 일정(一定)한 지위(地位)나 신분(身分)
嚴格
엄격
①언행(言行)이 엄숙(嚴肅)하고 딱딱함 　②매우 엄하여 잘못이나 속임수 따위를 허용(許容)하지 않음
性格
성격
①성결 　②언행(言行), 사고(思考) 방식(方式), 몸가짐 등(等) 사람의 정신(精神) 생활(生活)의 모든 면에 나타나는 어느 정도(程度) 지속적(持續的)인, 각 개인(個人)에게 특유(特有)한 감정(感情),...


-----------------------------------
체력

*****DEFINITION*****
(physical) strength, stamina, (physical) fitness 체력 검사를 하다 check one's physical strength
體力
体力 tǐ​lì​   *体力* | 体力* | *体力 physical strength / physical power 體力
體
몸 체 1. 몸, 신체(身體) 2. 몸소, 친히(親-) 3. 형상(形狀) 4. 근본(根本) 5. 격식(格式) 6. 물질(物質) 7. 물체(物體) 8. 서체(書體) 9. 체재(體裁) 10. 체험하다(體驗--) 11. 체득하다(體得--) 12. 알아주다... [부수]骨(뼈골) [총획]23획 [난이도]중학용, 읽기 6급II, 쓰기 5급II
團體
단체
공동(共同)의 목적(目的)을 달성(達成)하기 위(爲)하여 의식적(意識的)으로 결합(結合)한 두 사람 이상(以上)의 집단(集團). 법인(法人)ㆍ정당(政黨) 등(等)
體系
체계
①낱낱이 다른 것을 통일(統一)한 조직(組織) 　②또는, 그것을 구성(構成)하는 각 부분(部分)을 계통적(系統的)으로 통일(統一)한 전체(全體) 　③일정(一定)한 원리(原理)에 의(依)해 조직(組織)된 ...
具體的
구체적
사물(事物)이 뚜렷한 실체(實體)를 갖추고 실제(實際)의 형체(形體)ㆍ내용(內容)을 가지고 있는 모양(模樣)
全體
전체
①온몸. 전신(全身) 　②전부(全部). 총체　③개개 또는 부분(部分)의 집합(集合)으로 구성(構成)되어 있으면서도 그 총화(總和) 이상(以上)의 기능(機能), 의의(意義), 가치(價値) 따위를 가지는 존재(存在)

力
힘 력,힘 역 1. 힘 2. 하인(下人) 3. 일꾼, 인부(人夫) 4. 군사(軍士), 병사(兵士) 5. 힘쓰다, 부지런히 일하다 6. 심하다(甚--: 정도가 지나치다), 어렵다, 매우 힘들다 7. 힘주다 8. 있는 힘을 다하여, 애써 [부수]力(힘력) [총획]2획 [난이도]중학용, 읽기 7급II, 쓰기 6급
努力
노력
①힘을 씀, 힘을 다함 　②어떤 일을 이루기 위(爲)해 어려움이나 괴로움 등(等)을 이겨 내면서 애쓰거나 힘쓰는 것
能力
능력
①일을 감당(堪當)하거나 해결(解決)해 낼 수 있는 힘 　②어떤 일에 대(對)하여 요구(要求)되고 적당(適當)하다고 인정(認定)되는 자격(資格)
勢力
세력
①권력(權力)이나 기세(氣勢)의 힘 　②일을 하는데 필요(必要)한 힘
壓力
압력
①두 물체(物體)의 접속(接續) 면(面) 또는 한 물체(物體) 속의 어느 단면(斷面)을 생각할 때 그 면을 경계(境界)로 양쪽 부분(部分)이 수직(垂直)으로 누르는 힘 　②권세(權勢) 따위로 누르는 힘


-----------------------------------
통계

*****DEFINITION*****
statistics, (informal) stats 통계상으로는 statistically
統計
统计 tǒng​jì​   *统计* | 统计* | *统计 statistics / to count / to add up 統計 HSK 6
統
거느릴 통 1. 거느리다 2. 합치다(合--) 3. 계통(系統) 4. 줄기 5. 실마리 6. 법(法) 7. 모두 [부수]糸(실사) [총획]12획 [난이도]중학용, 읽기 4급II, 쓰기 3급II
大統領
대통령
공화국(共和國)의 원수(元首). 국민(國民)에 의(依)하여 직접(直接) 선출(選出)되거나, 국회(國會) 또는 기타 기관(機關)에 의(依)하여 간접(間接)으로 선출(選出)됨. 일정(一定)한 임기(任期) 동안 그...
統合
통합
①모두 합쳐서 하나로 모음. 둘 이상(以上)의 것을 하나로 모아서 다스림. 통일(統一) 　②아동(兒童) 및 학생(學生)의 생활(生活) 경험(經驗)을 중심(中心)으로 학습(學習)을 종합(綜合), 통일(統一)하는...
統制
통제
①일정(一定)한 방침(方針)에 따라 여러 부분(部分)으로 나누어진 것을 제한(制限). 지도(指導)함 　②어떠한 목적(目的)을 달성(達成)하기 위(爲)하여 모든 부분(部分)을 한 원리(原理) 밑으로 제약(制約)함....
統一
통일
①여럿을 몰아서 하나로 만듦. 하나의 조직(組織). 계통(系統) 아래로 정비(整備)함. 하나로 모두 합(合)하여 지배(支配)함. 일통(一統). 통합(統合) 　②다양(多樣)한 여러 요소(要素)가 어떤 점(點)에서...

計
셀 계 1. 세다 2. 셈하다, 계산하다(計算--) 3. 헤아리다 4. 꾀하다 5. 수학 6. 산수 7. 셈 [부수]言(말씀언) [총획]9획 [난이도]중학용, 읽기 6급II, 쓰기 5급II
計劃
계획
①계획(計劃). 일을 함에 앞서서, 방법(方法)ㆍ차례(次例)ㆍ규모(規模) 따위를 미리 생각하여 얽이를 세움, 또는 그 세운 내용(內容) 　②관학 유생(儒生)의 평소(平素) 성적(成績)을 따져서 시험(試驗)의...
計算
계산
①수량(數量)을 헤아림 　②식의 운산으로 수치(數値)를 구(求)해 내는 일
統計廳
통계청
경제(經濟) 기획원(企劃院) 장관(長官) 소속(所屬) 하(下)의 중앙(中央) 행정(行政) 기관(機關), 국가(國家) 통계(統計) 활동(活動)의 전반적(全般的)인 기획 및 조정(調整), 통계(統計) 기준(基準)의...
統計
통계
①한데 몰아쳐서 셈함 　②대량(大量) 관찰(觀察)의 결과(結果)로서 얻어지는 숫자(數字). 곧, 일정(一定)한 때와 장소(場所)에 있어서의 일정(一定)한 집단적(集團的) 현상(現象)을 그의 요소(要素)나...


-----------------------------------
자료

*****DEFINITION*****
material(s), data (on); (참고 자료) reference 연구 자료를 수집하다 collect research material(s)
資料
资料 zī​liào​   *资料* | 资料* | *资料 material / resources / data / information / profile (Internet) / CL: 份, 個｜个 資料 HSK 5
資
재물 자 1. 재물(財物) 2. 자본(資本) 3. 바탕 4. 비용(費用) 5. 의뢰(依賴) 6. 도움 7. 돕다 8. 취하다(取--) 9. 주다 10. 쓰다 [부수]貝(조개패) [총획]13획 [난이도]고등용, 읽기 4급, 쓰기 3급
投資
투자
①사업(事業)에 자금(資金)을 투입(投入)함. 출자(出資) 　②이익(利益)을 고려(考慮)하여 주권(株券). 채권(債券) 등(等)의 구입(購入)에 자금(資金)을 돌림. 방자(放資) 　③공장(工場), 기계(機械)나...
資料
자료
무엇을 하기 위(爲)한 재료(材料). 특(特)히 연구(硏究)나 조사(調査) 등(等)의 바탕이 되는 재료(材料)
資金
자금
①자본금(資本金)의 준말로, 이익(利益)을 낳는 바탕이 되는 돈 　②사업(事業)을 경영(經營)하는 데 쓰이는 돈
資格
자격
①일정(一定)한 신분(身分)ㆍ지위(地位)를 가지거나, 어떤 행동(行動)을 하는 데 필요(必要)한 조건(條件) 　②어떤 조직(組織) 속에서의 일정(一定)한 지위(地位)나 신분(身分)

料
헤아릴 료,헤아릴 요 1. 헤아리다, 생각하다 2. 되질하다(되로 되어 헤아리다), 말로 용량을 헤아리다 3. 요량하다 4. 세다, 수효(數爻)를 세다 5. 다스리다, 꾀하다 6. 잡아 끌어당기다 7. 삯, 급여(給與) 8. 값 9. 거리(내용이... [부수]斗(말두) [총획]10획 [난이도]중학용, 읽기 5급, 쓰기 4급
資料
자료
무엇을 하기 위(爲)한 재료(材料). 특(特)히 연구(硏究)나 조사(調査) 등(等)의 바탕이 되는 재료(材料)
料金
요금
①수수료(手數料)로 내는 돈, 삯 　②또는, 값
保險料
보험료
보험(保險) 가입자(加入者)가 보험자(保險者)에게 정기적(定期的)으로 내는 돈
材料
재료
①물건(物件)을 만드는데드는 원료(原料) 　②일을 할 거리 　③예술적(藝術的) 표현(表現)의 제재(題材)


-----------------------------------
마주치다

*****DEFINITION*****
(시선이) meet 그들의 시선이 마주쳤다 Their eyes met. 2개 뜻 더보기 : (시선이) meet

-----------------------------------
원낙

*****DEFINITION*****
-----------------------------------
비웃다

*****DEFINITION*****
laugh (at), mock, ridicule, sneer (at), make fun of, jeer (at), scoff (at) 너 나를 비웃고 있는 거지? Are you mocking me?

-----------------------------------
