덩치

*****DEFINITION*****
build, frame, body 덩치가 크다 have a big build

-----------------------------------
체질

*****DEFINITION*****
(몸의) (physical) constitution 체질을 바꾸다 change one's constitution 2개 뜻 더보기 : (몸의) (physical) constitution
體質
体质 tǐ​zhì​   *体质* | 体质* | *体质 constitution 體質
體
몸 체 1. 몸, 신체(身體) 2. 몸소, 친히(親-) 3. 형상(形狀) 4. 근본(根本) 5. 격식(格式) 6. 물질(物質) 7. 물체(物體) 8. 서체(書體) 9. 체재(體裁) 10. 체험하다(體驗--) 11. 체득하다(體得--) 12. 알아주다... [부수]骨(뼈골) [총획]23획 [난이도]중학용, 읽기 6급II, 쓰기 5급II
團體
단체
공동(共同)의 목적(目的)을 달성(達成)하기 위(爲)하여 의식적(意識的)으로 결합(結合)한 두 사람 이상(以上)의 집단(集團). 법인(法人)ㆍ정당(政黨) 등(等)
體系
체계
①낱낱이 다른 것을 통일(統一)한 조직(組織) 　②또는, 그것을 구성(構成)하는 각 부분(部分)을 계통적(系統的)으로 통일(統一)한 전체(全體) 　③일정(一定)한 원리(原理)에 의(依)해 조직(組織)된 ...
具體的
구체적
사물(事物)이 뚜렷한 실체(實體)를 갖추고 실제(實際)의 형체(形體)ㆍ내용(內容)을 가지고 있는 모양(模樣)
全體
전체
①온몸. 전신(全身) 　②전부(全部). 총체　③개개 또는 부분(部分)의 집합(集合)으로 구성(構成)되어 있으면서도 그 총화(總和) 이상(以上)의 기능(機能), 의의(意義), 가치(價値) 따위를 가지는 존재(存在)

質
바탕 질,폐백 지 1. 바탕 2. 본질(本質) 3. 품질(品質) 4. 성질(性質), 품성(稟性) 5. 저당물(抵當物), 저당품(抵當品) 6. 맹세(盟誓) 7. 모양 8. 소박하다(素朴--), 질박하다(質樸ㆍ質朴--: 꾸민 데가 없이 수수하다)... [부수]貝(조개패) [총획]15획 [난이도]중학용, 읽기 5급II, 쓰기 4급II
蛋白質
단백질
아미노산으로 구성(構成)된 고분자(高分子) 화합물(化合物). 생물(生物) 세포(細胞)의 원형질(原形質)을 구성(構成)하는 주요(主要) 물질(物質)이며, 생명(生命) 현상(現象)과 밀접(密接)한 관련(關聯)을...
物質
물질
①물건(物件)의 본바탕 　②인간(人間) 의식(意識)으로부터 독립(獨立)된 고체(固體), 액체(液體), 기체(氣體) 상태(狀態)의 모든 것 　③재산(財産), 재물(財物)의 뜻
性質
성질
①사람이나 동물(動物)이 본디부터 가지고 있는 마음의 바탕 　②사물(事物)이나 현상(現象)이 지닌, 다른 것과 구별(區別)되는 특성(特性)
質問
질문
의문(疑問)이나 이유(理由)를 캐 물음


-----------------------------------
근시

*****DEFINITION*****
(Am) nearsightedness , (Brit) short-sightedness ; (의학) myopia 근시를 교정하다 correct (for) nearsightedness
近視
近视 jìn​shì​   *近视* | 近视* | *近视 shortsighted / nearsighted / myopia 近視 HSK 6
近
가까울 근,어조사 기 1. 가깝다 2. 닮다, 비슷하다 3. 천박하다(淺薄--), 생각이 얕다 4. 가까이하다, 친하게 지내다 5. 사랑하다, 총애하다(寵愛--) 6. 알다 7. 근처(近處) 8. 곁, 가까운 곳 9. 가까이 지내는 사람 10. 근친(近親),... [부수]辶(책받침) [총획]8획 [난이도]중학용, 읽기 6급, 쓰기 5급
最近
최근
①장소(場所)나 위치(位置)가 가장 가까움 　②얼마 아니 되는 지나간 날, 요즈음
隣近
인근
거리(距離) 상(上)으로 가까운 이웃
接近
접근
가까이 닿음
側近
측근
①곁의 가까운 곳 　②가까이 친(親)한 사람 　③윗사람 곁에서 썩 가까이 지냄

視
볼 시 1. 보다 2. 엿보다 3. 보이다 4. 간주하다(看做--) 5. 맡아보다 6. 본받다 7. 성(姓)의 하나 [부수]見(볼견) [총획]12획 [난이도]중학용, 읽기 4급II, 쓰기 3급II
無視
무시
①존재(存在)나 있는 값어치를 알아주지 아니함 　②사람을 깔보거나 업신여김 　③눈여겨 보지 않음
監視
감시
①경계(警戒)하기 위(爲)하여 미리 감독(監督)하고 살피어 봄 　②주의(注意)하여 지킴
視角
시각
①보고 있는 물체(物體)의 양 끝에서 눈에 이르는 두 직선(直線)이 이루는 각 　②무엇을 보는 각도(角度). 보거나 생각하는 방향(方向)
視覺
시각
①빛의 자극(刺戟)을 받아 눈으로 느끼는 것 　②눈의 감각(感覺)


-----------------------------------
비율

*****DEFINITION*****
ratio, proportion, rate; (퍼센트) percentage 여성 국회의원의 비율이 꾸준히 증가하고 있다 The percentage of assemblywomen is increasing steadily.
比率
比率 bǐ​lǜ​   *比率* | 比率* | *比率 ratio / rate / percentage
比
견줄 비 1. 견주다(어떠한 차이가 있는지 알기 위하여 서로 대어 보다), 비교하다(比較--) 2. 본뜨다, 모방하다(模倣ㆍ摸倣ㆍ摹倣--) 3. 나란히 하다 4. 고르다, 가려 뽑다 5. 갖추다 6. 같다, 대등하다(對等--)... [부수]比(견줄비) [총획]4획 [난이도]중학용, 읽기 5급, 쓰기 4급
比喩
비유
어떠한 현상(現狀)이나 사물(事物)의 설명(說明)에 있어서 그와 비슷한 다른 성질(性質)을 가진 현상(現狀)이나 사물(事物)을 빌어, 뜻을 명확(明確)히 나타내는 일
比較
비교
둘 이상(以上)의 것을 견주어 차이(差異)ㆍ우열(優劣)ㆍ공통점(共通點) 등(等)을 살피는 것
比率
비율
일정(一定)한 양이나 수에 대(對)한 다른 양이나 수의 비(比)
比重
비중
①어떤 물체(物體)의 무게와 그와 같은 부피의 섭씨(攝氏) 4도의 물의 무게와의 비 　②다른 사물(事物)과 견주어지는 사물(事物)의 중요성(重要性)

率
비율 률,비율 율,거느릴 솔,우두머리 수 1. 비율 2. 제한(制限) a. 거느리다 (솔) b. 좇다 (솔) c. 따르다 (솔) d. 소탈하다 (솔) e. 꾸밈없다 (솔) f. 경솔하다(輕率--) (솔) g. 가볍다 (솔) h. 거칠다 (솔) i. 대략(大略) (솔) j. 대강(大綱)... [부수]玄(검을현) [총획]11획 [난이도]고등용, 읽기 3급II, 쓰기 2급
換率
환율
①두 나라 화폐(貨幣) 간(間)의 교환(交換) 비율(比率). 곧, 한 나라 화폐(貨幣) 단위(單位)로 표시(表示)한 외국(外國) 화폐(貨幣)의 가격(價格) 　②외국환(外國換) 시세(時勢)
比率
비율
일정(一定)한 양이나 수에 대(對)한 다른 양이나 수의 비(比)
率直
솔직
거짓으로 꾸미거나 숨김이 없이 바르고 곧음
成長率
성장률
어떤 시점(時點)으로부터 일정(一定)한 시간(時間)이 경과(經過) 한 때의 성장량(成長量)과 본디의 시점(時點)에 있어서의 양과의 비율(比率)


-----------------------------------
질환

*****DEFINITION*****
disease, illness, sickness, disorder; (가벼운) ailment; (국부적인) (eye/heart) trouble 호흡기 질환을 앓다 have respiratory disease[illness]
疾患
疾 疾 jí​   *疾* | 疾* | *疾 sickness / disease / hate / envy / swift
患 患 huàn​   *患* | 患* | *患 to suffer (from illness) / to contract (a disease) / misfortune / trouble / danger / worry
疾
병 질 1. 병(病), 질병(疾病) 2. 괴로움, 아픔 3. 흠, 결점(缺點) 4. 불구자(不具者) 5. 높은 소리 6. 해독(害毒)을 끼치는 것 7. 빨리, 급(急)히, 신속하게(迅速--) 8. (병을)앓다, 걸리다 9. 괴롭다, 괴로워하다... [부수]疒(병질엄) [총획]10획 [난이도]고등용, 읽기 3급II, 쓰기 2급
痼疾病
고질병
①오래도록 낳지 아니하여 고치기 어려운 병　②오래되어 바로잡기 어렵게 된 나쁜 버릇
疾患
질환
질병(疾病). 몸의 온갖 병(病)
疾病
질병
①신체(身體)의 온갖 기능(機能)의 장애(障礙)로 말미암은 병 　②건강(健康)하지 않은 상태(狀態) 질환(疾患)
痼疾的
고질적
고질(痼疾)이 되다시피 한 모양(模樣)

患
근심 환 1. 근심, 걱정 2. 병(病), 질병(疾病) 3. 재앙(災殃) 4. 근심하다(속을 태우거나 우울해하다), 걱정하다, 염려하다(念慮--) 5. 미워하다 6. 앓다, 병에 걸리다 [부수]心(마음심) [총획]11획 [난이도]중학용, 읽기 5급, 쓰기 4급
患者
환자
병을 앓는 사람
疾患
질환
질병(疾病). 몸의 온갖 병(病)
外患
외환
①외국(外國), 외부(外部)로부터 압박(壓迫)이나 공격(攻擊)을 받는 근심 　②외부(外部)에서 받는 걱정
時患
시환
때를 따라 유행(流行)하는 상한(傷寒)


-----------------------------------
비만

*****DEFINITION*****
obesity 비만을 예방하다 prevent obesity
肥滿
肥 肥 féi​   *肥* | 肥* | *肥 fat / fertile / loose-fitting or large / to fertilize / to become rich by illegal means / fertilizer / manure
滿 满 Mǎn​   *满* | 满* | *满 Manchu ethnic group 滿
  满 mǎn​   *满* | 满* | *满 to fill / full / filled / packed / fully / completely / quite / to reach the limit / to satisfy / satisfied / contented 滿 HSK 4
肥
살찔 비 1. 살찌다 2. 기름지다 3. 살지게 하다 4. 비옥하게 하다 5. 넉넉해지다 6. 두텁게 하다 7. 투박하다 8. 얇게 하다 9. 헐뜯다 10. 거름, 비료 11. 지방(脂肪), 기름기 12. 살진 말 13. 살진 고기 14. 물의... [부수]月(육달월) [총획]8획 [난이도]고등용, 읽기 3급II, 쓰기 2급
肥滿
비만
살찌고 뚱뚱함
肥料
비료
토지(土地)의 생산력(生産力)을 높이고 식물(植物)의 생장(生長)을 촉진(促進)시키기 위(爲)하여 경작지(耕作地)에 뿌려 주는 영양(營養) 물질(物質). 질소(窒素)ㆍ인산(燐酸)ㆍ칼륨은 비료(肥料)의 3...
肥大
비대
①살지고 몸집이 큼 　②뚱뚱함 　③권력(權力), 기구(機構), 지역(地域) 따위가 큼
肥沃
비옥
땅이 걸고 기름짐

滿
찰 만 1. 차다 2. 가득 차 있다 3. 가득하다 4. 그득하다 5. 풍족하다(豐足--) 6. 만족하다(滿足--) 7. 흡족하다(洽足--) 8. (일정(一定)한 한도(限度)에)이르다(어떤 정도나 범위에 미치다), 미치다(영향이나... [부수]氵(삼수변) [총획]14획 [난이도]중학용, 읽기 4급II, 쓰기 3급II
小滿
소만
24절기(節氣)의 하나. 만물(萬物)이 점차 성장(成長)하여 가득찬다는 의미(意味)
不滿
불만
마음에 차지 않아 언짢음
未滿
미만
정(定)한 수효(數爻)나 정도(程度)에 차지 못함
滿足
만족
마음에 모자람이 없어 흐뭇함


-----------------------------------
겪다

*****DEFINITION*****
(일·어려움 등을) experience, undergo; (시련 등을) suffer, go through, meet with 시련을 겪다 undergo[go through] an ordeal 2개 뜻 더보기 : (일·어려움 등을) experience, undergo; (시련 등을) suffer, go through, meet with

-----------------------------------
규모

*****DEFINITION*****
(크기, 범위) scale, size 큰[작은] 규모의 회사 a large[small]-scale company 2개 뜻 더보기 : (크기, 범위) scale, size
規模
规模 guī​mó​   *规模* | 规模* | *规模 scale / scope / extent / CL: 個｜个 規模 HSK 5
規
법 규 1. 법(法) 2. 법칙(法則) 3. 꾀 4. 책략(策略) 5. 동그라미 6. 문체(文體) 이름 7. 그림쇠(원형을 그리는 제구) 8. 꾀하다 9. 바로잡다 10. 본뜨다 11. 모범(模範)으로 삼다 12. 경계하다(警戒--) 13.... [부수]見(볼견) [총획]11획 [난이도]고등용, 읽기 5급, 쓰기 4급
規模
규모
①본보기가 될 만한 일. 모범(模範). 규범(規範) 　②운동(運動)ㆍ활동(活動)ㆍ사물(事物)의 구조(構造) 및 모양의 크기와 범위(範圍) 　③물품(物品) 또는 재물(財物)을 씀에 있어서의 계획성(計劃性),...
規定
규정
①규칙(規則)으로 정(定)하는 것 　②법령(法令)에서 개개의 조항(條項)을 정(定)하는 일 　③또는, 그 조항(條項) 　④어떤 것의 성격(性格)이나 내용(內容)을 밝혀 정(定)하는 것
規制
규제
①규정(規定)에 따른 통제(統制) 　②(어떤 일을) 법이나 규정(規定)으로 제한(制限)하거나 금(禁)하는 것
大規模
대규모
일의 범위(範圍)가 넓고 큼

模
본뜰 모,모호할 모 1. 본뜨다, 본받다 2. 모호하다(模糊--) 3. 쓰다듬다, 문지르다 4. 법(法), 법식(法式: 법도(法度)와 양식(樣式)) 5. 본(本), 본보기(本--) 6. 무늬, 문채(文彩ㆍ文采) 7. 모양, 형상(形象ㆍ形像) 8. 거푸집 [부수]木(나무목) [총획]15획 [난이도]고등용, 읽기 4급, 쓰기 3급
規模
규모
①본보기가 될 만한 일. 모범(模範). 규범(規範) 　②운동(運動)ㆍ활동(活動)ㆍ사물(事物)의 구조(構造) 및 모양의 크기와 범위(範圍) 　③물품(物品) 또는 재물(財物)을 씀에 있어서의 계획성(計劃性),...
模樣
모양
①겉으로 나타나는 생김새나 됨됨이 　②비교(比較)되는 대상(對象) 다음에 쓰이어 ＇∼처럼＇의 뜻. 주(主)로 ＇모양(模樣)으로＇로 쓰이어, ＇어떤 식이나 방법(方法)으로＇의 뜻 　③＇이다＇앞에 쓰이어,...
大規模
대규모
일의 범위(範圍)가 넓고 큼
模糊
모호
흐리어 똑똑하지 못함


-----------------------------------
내실

*****DEFINITION*****
internal stability 내실을 다지다 ensure internal stability
內實
內 内 nèi​   *内* | 内* | *内 inside / inner / internal / within / interior 內 HSK 4
實 实 shí​   *实* | 实* | *实 real / true / honest / really / solid / fruit / seed / definitely 實
內
안 내,들일 납 1. 안, 속 2. 나라의 안, 국내(國內) 3. 대궐(大闕), 조정(朝廷), 궁중(宮中) 4. 뱃속 5. 부녀자(婦女子) 6. 아내 7. 몰래, 가만히 8. 비밀히(祕密-) 9. 중(重)히 여기다, 친하게 지내다 a. 들이다(=納)... [부수]入(들입) [총획]4획 [난이도]중학용, 읽기 7급II, 쓰기 6급
內容
내용
①사물(事物)의 속내나 실속(實-) 　②형식(形式)에 의(依)해서 동일체(同一體)에 결합(結合)되는 여러 가지 실질(實質), 본질(本質), 의의(意義)
內需
내수
국내에서의 수요(需要)
國內
국내
나라의 안
內部
내부
①물체(物體)ㆍ몸ㆍ장치(裝置)ㆍ구조물(構造物) 등(等)의 안쪽 부분(部分) 　②어떤 조직(組織)이나 집단(集團)의 범위(範圍) 안

實
열매 실,이를 지 1. 열매 2. 씨, 종자 3. 공물(貢物) 4. 재물(財物), 재화(財貨) 5. 내용(內容) 6. 바탕, 본질(本質) 7. 녹봉(祿俸: 벼슬아치에게 주던 급료), 작록(爵祿: 관작(官爵)과 봉록(俸祿)) 8. 자취(어떤 것이... [부수]宀(갓머리) [총획]14획 [난이도]중학용, 읽기 5급II, 쓰기 4급II
事實
사실
①실제(實際)로 있었던 일, 또는 있는 일 　②법률(法律) 상(上)으로 효과(效果)를 내는 현상(現象)이나 경험(經驗) 　③생각하였거나 말한 일에 대(對)하여 현실(現實)로 이루어졌거나 일어난 일로서...
實際
실제
현실(現實)의 경우(境遇)나 형편(形便)
實施
실시
실제(實際)로 시행(施行)함
實踐
실천
①실제(實際)로 해냄 　②자연(自然)이나 사회(社會)를 변혁(變革)하는 의식적(意識的)이고 계획적(計劃的)인 모든 활동(活動) 　③얻어진 인식(認識)의 참과 거짓을 검증(檢證)하는 일


-----------------------------------
비추다

*****DEFINITION*****
(빛을) shine, light (up), (formal) illuminate 손전등을 비추다 shine a flashlight[torch] 3개 뜻 더보기 : (빛을) shine, light (up), (formal) illuminate

-----------------------------------
외형

*****DEFINITION*****
(outward) appearance, look 외형은 그럴듯한데 품질은 어떨지 모르겠다 It looks (quite) nice, but I'm not sure about the quality.
外形
外形 wài​xíng​   *外形* | 外形* | *外形 figure / shape / external form / contour
外
바깥 외 1. 바깥, 밖 2. 겉, 표면(表面) 3. 남, 타인(他人) 4. 외국(外國) 5. 외가(外家), 어머니나 아내의 친척 6. 사랑, 바깥채 7. 타향(他鄕), 남의 집 8. 언행(言行), 용모(容貌) 9. 앞, 이전(以前) 10. 민간(民間),... [부수]夕(저녁석) [총획]5획 [난이도]중학용, 읽기 8급, 쓰기 6급II
除外
제외
범위(範圍) 밖에 두어 빼어 놓음
海外
해외
＇바다 밖의 다른 나라＇라는 뜻으로 ＇외국(外國)＇을 일컫는 말
外交
외교
①일을 하기 위(爲)하여 밖의 사람과 교제(交際)함 　②제 나라의 대외(對外) 정책(政策)을 실현(實現)하고, 나라 사이에 생기는 일을 처리(處理)하기 위(爲)하여 다른 나라와 하는 교제(交際)
外換
외환
☞ 외국환(外國換)

形
모양 형 1. 모양, 꼴 2. 형상(形狀) 3. 얼굴 4. 몸, 육체(肉體) 5. 그릇 6. 형세(形勢), 세력(勢力) 7. 모범(模範) 8. 이치(理致), 도리(道理) 9. 거푸집 10. 형상하다(形象ㆍ形像), 형상(形象ㆍ形像)을 이루다... [부수]彡(터럭삼) [총획]7획 [난이도]중학용, 읽기 6급II, 쓰기 5급II
形便
형편
①일이 되어 가는 모양(模樣)이나 경로(經路) 　②또는, 결과(結果) 　③살림살이의 형세(形勢) 　④어떠한 셈평 　⑤땅의 생긴 현상(現象)
形態
형태
①사물(事物)의 생김새 　②어떤 도형(圖形), 멜로디, 동작(動作) 따위와 같이 유기적(有機的), 전체적(全體的) 구조(構造) 　③또는, 체제(體制)를 갖는 사물(事物). 곧, 대상(對象) 그 자체(自體)
形式
형식
①겉으로 드러나는 격식(格式) 　②내용(內容)을 담고 있는 바탕이 되는 틀
形成
형성
①어떠한 꼴을 이룸 　②또는, 어떠한 꼴로 이루어짐


-----------------------------------
허약

*****DEFINITION*****
[형용사] weak, frail, feeble; (질병·고령 등으로) infirm 몸이 허약하다 be in poor[feeble; frail] health
虛弱
虚弱 xū​ruò​   *虚弱* | 虚弱* | *虚弱 weak / in poor health 虛弱
虛
빌 허 1. 비다, 없다 2. 비워 두다 3. 헛되다 4. 공허하다(空虛--) 5. 약하다(弱--) 6. 앓다 7. 살다, 거주하다(居住--) 8. 구멍 9. 틈, 빈틈 10. 공허(空虛), 무념무상(無念無想) 11. 마음 12. 하늘 13. 폐허(廢墟)... [부수]虍(범호엄) [총획]12획 [난이도]중학용, 읽기 4급II, 쓰기 3급II
謙虛
겸허
①겸손(謙遜)하게 자기(自己)를 낮춤 　②자기(自己)의 무력(無力)과 죄업(罪業)에 대(對)한 심각(深刻)한 자각(自覺)에서 우러나오는, 신(神)의 의사(意思)에 어디까지나 순종(順從)하려는 마음
虛僞
허위
①사실(事實)이 아닌 것을 사실(事實)처럼 꾸민 것 　②없는 사실(事實)을 거짓으로 꾸밈
虛點
허점
비거나 허술한 부분(部分), 빈점
虛構
허구
사실(事實)에 없는 일을 얽어서 꾸밈. 작가(作家)가 상상(想像)을 통(通)하여 실제(實際)로 있을 수 있는 일처럼 꾸며낸 작품(作品)이나 그 구성(構成)

弱
약할 약 1. 약하다(弱--) 2. 약하게 만들다 3. 약해지다 4. 쇠해지다 5. 수가 모자라다 6. 잃다 7. 패하다(敗--) 8. 침노하다(侵擄--: 불법으로 침범하다) 9. 날씬하다 10. 젊다 11. 약한 자 [부수]弓(활궁) [총획]10획 [난이도]중학용, 읽기 6급II, 쓰기 5급II
脆弱
취약
①무르고 약함 　②가냘픔
懦弱
나약
의지(意志)가 굳세지 못함
弱者
약자
힘이나 기능(機能)이 약한 사람이나 생물(生物) 또는 집단(集團)
弱化
약화
①약하여짐 　②또는, 약하게 함


-----------------------------------
연단

*****DEFINITION*****
podium, platform 연단에 서다 take[stand on; get on] the platform
演壇
演 演 yǎn​   *演* | 演* | *演 to develop / to evolve / to practice / to perform / to play / to act
壇 坛 tán​   *坛* | 坛* | *坛 altar 壇
演
펼 연 1. 펴다, 늘이다 2. 부연하다(敷衍ㆍ敷演--), 자세히 설명하다(說明--) 3. 넓히다, 넓게 미치다(영향이나 작용 따위가 대상에 가하여지다) 4. 스며들다 5. 멀리 흐르다 6. (기운이 서로)통하다(通--) 7.... [부수]氵(삼수변) [총획]14획 [난이도]고등용, 읽기 4급II, 쓰기 3급II
演說
연설
여러 사람 앞에서 체계(體系)를 세워 자기(自己)의 주의(主義), 주장(主張)을 말함
演劇
연극
①배우(俳優)가 연출자(演出者)의 지도(指導) 하(下)에 각본(脚本)에 의(依)하여 분장(扮裝)하고 음악(音樂), 배경(背景), 조명(照明), 그밖의 여러 가지 장치(裝置)의 힘을 빌어서 어떤 사건(事件)과...
再演
재연
①다시 상연(上演)함 　②한 번 행했던 일을 다시 되풀이함
演藝人
연예인
연예(演藝)에 종사(從事)하는 사람들. 배우(俳優), 가수(歌手), 무용가(舞踊家) 등(等)이 있음

壇
단 단,평탄할 탄,소제할 선 1. 단, 제단(祭壇) 2. 마루 3. 터, 기초(基礎) 4. 강단(講壇) 5. 사회 6. 장소(場所) 7. 특수 사회의 구성원 8. 뜰(집 안의 앞뒤나 좌우로 가까이 딸려 있는 빈터), 안뜰 a. 평탄하다(平坦--) (탄) b.... [부수]土(흙토) [총획]16획 [난이도]고등용, 읽기 5급, 쓰기 4급
講壇
강단
강의(講義)나 설교(說敎)를 하기 위(爲)하여 올라서게 만든 자리
敎壇
교단
①교실(敎室)에서 교사(敎師)가 강의(講義)하는 단 　②교육계(敎育界)
老姑壇
노고단
전남(全南) 구례군 산동면(山洞面)과 토지면(土旨面)의 경계(境界)에 있는 산(山). 산정부(山頂部)에 가까운 1,100∼1,200 m 높이에는 원추리꽃으로 덮인 광활(廣闊)한 고원(高原)이 펼쳐져서 부근(附近)이...
奬忠壇
장충단
군인(軍人)의 영령(英靈)을 제사(祭祀) 지내던 곳. 대한제국(大韓帝國) 광무(光武) 4(1900)년에, 임금의 명으로 을미(乙未) 사변(事變) 때 순국(殉國)한 홍계훈을 비롯한 장병(將兵)들의 넋을 제사(祭祀)...


-----------------------------------
저하

*****DEFINITION*****
[명사, 동사] fall, decline 최근 대학생들의 학력이 크게 저하되었다 There has recently been a marked decline in the academic ability of college students.
低下
低下 dī​xià​   *低下* | 低下* | *低下 low status / lowly / to lower (one's head)
低
낮을 저 1. (높이, 온도 등이)낮다 2. (값이)싸다 3. (머리를)숙이다 4. 약하다(弱--) 5. 구부리다 6. 머무르다 [부수]亻(사람인변) [총획]7획 [난이도]중학용, 읽기 4급II, 쓰기 3급II
最低
최저
가장 낮음
低廉
저렴
물건값(物件-)이 쌈
低下
저하
①낮아짐 　②내려감 　③품질(品質) 따위가 떨어짐
低價
저가
낮은 값, 싼 값

下
아래 하 1. 아래 2. 밑(물체의 아래나 아래쪽) 3. 뒤, 끝 4. 임금 5. 귀인(貴人)의 거처(居處) 6. 아랫사람 7. 천한 사람 8. 하급(下級), 열등(劣等) 9. 조건(條件), 환경(環境) 등을 나타내는 말 10. 내리다,... [부수]一(한일) [총획]3획 [난이도]중학용, 읽기 7급II, 쓰기 6급
傘下
산하
①보호(保護)를 받는 어떤 세력(勢力)의 그늘 　②어떤 대상(對象)이 중심적(中心的)ㆍ지배적(支配的)인 인물(人物)이나 기관(機關)ㆍ단체(團體) 등(等)의 세력(勢力) 아래에 딸려 있는 상태(狀態)
下降
하강
①공중(空中)에서 아래쪽으로 내림 　②기온(氣溫) 따위가 내림 　③＇지체가 낮은 데로 시집간다는 뜻＇으로, 　＇공주(公主)나 옹주가 귀족(貴族)이나 신하(臣下)에게로 시집감＇을 이르는 말
下落
하락
값이나 등급(等級) 따위가 떨어짐
以下
이하
일정(一定)한 한도(限度)의 아래


-----------------------------------
순발력

*****DEFINITION*****
급변하는 상황에 순발력 있게 대응하다 react quickly to rapidly changing situations
瞬發力
瞬 瞬 shùn​   *瞬* | 瞬* | *瞬 to wink
發 发 fā​   *发* | 发* | *发 to send out / to show (one's feeling) / to issue / to develop / to make a bundle of money / classifier for gunshots (rounds) 發 HSK 4
力 力 Lì​   *力* | 力* | *力 surname Li
  力 lì​   *力* | 力* | *力 power / force / strength / ability / strenuously
瞬
깜짝일 순 1. (눈을)깜짝이다 2. 보다 3. 주시하다(注視--) 4. 잠깐 5. 눈 깜짝할 사이 [부수]目(눈목) [총획]17획 [난이도]고등용, 읽기 3급II, 쓰기 2급
瞬間
순간
①극히 짧은 시간(時間). 잠깐 동안　②어떤 일이 일어난 바로 그때 　③선행문(先行文)의 사건(事件)과 후행문의 사건(事件)이 거의 동시(同時)에 이루어짐을 나타낸 말
轉瞬
전순
순식간
瞬時
순시
①극히 짧은 시간(時間) 　②삽시간(時間)
瞬息
순식
눈 한 번 깜짝하거나 숨 한 번 쉴 사이와 같이 짧은 동안

發
필 발 1. 피다 2. 쏘다 3. 일어나다 4. 떠나다 5. 나타나다 6. 드러내다 7. 밝히다 8. 들추다 9. 계발하다(啓發--) 10. 베풀다(일을 차리어 벌이다, 도와주어서 혜택을 받게 하다) 11. 빠른 발 모양 [부수]癶(필발머리) [총획]12획 [난이도]중학용, 읽기 6급II, 쓰기 5급II
發表
발표
널리 드러내어 세상(世上)에 알림
發展
발전
①한 상태(狀態)로부터 더 잘 되고 좋아지는 상태(狀態)로 일이 옮아가는 과정(過程) 　②널리 뻗어 나감
開發
개발
①미개지(未開地)를 개척(開拓)하여 발전(發展)시킴 　②산업(産業)을 일으켜 자원(資源)으로 인간(人間) 사회(社會)를 도움 　③아이들을 교육(敎育)시키는 데 문답식을 써서 자발적(自發的)으로 이해...
發生
발생
①(어떤 사건(事件)이나 사물(事物) 현상(現象)이 어느 곳 또는 세상(世上)에) 생겨나거나 나타나는 것 　②(생물학(生物學)ㆍ생리학) 세포(細胞)의 증식(增殖)ㆍ분화(分化)ㆍ형태(形態) 형성(形成) 등(等)에...

力
힘 력,힘 역 1. 힘 2. 하인(下人) 3. 일꾼, 인부(人夫) 4. 군사(軍士), 병사(兵士) 5. 힘쓰다, 부지런히 일하다 6. 심하다(甚--: 정도가 지나치다), 어렵다, 매우 힘들다 7. 힘주다 8. 있는 힘을 다하여, 애써 [부수]力(힘력) [총획]2획 [난이도]중학용, 읽기 7급II, 쓰기 6급
努力
노력
①힘을 씀, 힘을 다함 　②어떤 일을 이루기 위(爲)해 어려움이나 괴로움 등(等)을 이겨 내면서 애쓰거나 힘쓰는 것
能力
능력
①일을 감당(堪當)하거나 해결(解決)해 낼 수 있는 힘 　②어떤 일에 대(對)하여 요구(要求)되고 적당(適當)하다고 인정(認定)되는 자격(資格)
勢力
세력
①권력(權力)이나 기세(氣勢)의 힘 　②일을 하는데 필요(必要)한 힘
壓力
압력
①두 물체(物體)의 접속(接續) 면(面) 또는 한 물체(物體) 속의 어느 단면(斷面)을 생각할 때 그 면을 경계(境界)로 양쪽 부분(部分)이 수직(垂直)으로 누르는 힘 　②권세(權勢) 따위로 누르는 힘


-----------------------------------
감소하다

*****DEFINITION*****
[명사] decrease (in/of), decline (in/of), drop (in), fall (in/of), (formal) diminution (in/of), [동사] decrease, decline, diminish, lessen, drop, fall, go down; (서서히) dwindle 인구 감소 a decrease in population
減少
减少 jiǎn​shǎo​   *减少* | 减少* | *减少 to lessen / to decrease / to reduce / to lower 減少 HSK 4
減
덜 감 1. 덜다 2. 덜리다 3. 가볍게 하다 4. 줄다 5. 죽이다 6. 상하다(傷--) 7. 빼기 8. 감산 [부수]氵(삼수변) [총획]12획 [난이도]중학용, 읽기 4급II, 쓰기 3급II
減少
감소
①줄어서 적어짐 　②덜어서 적게 함
減縮
감축
덜리고 줄어서 적어짐. 덜고 줄여서 적게 함
削減
삭감
깎아서 줄이거나 덞
減免
감면
①경감(輕減)과 면제(免除) 　②감하여 면제(免除)함 　③등급(等級)을 낮추어 용서(容恕)함

少
적을 소,젊을 소 1. 적다, 많지 아니하다 2. 작다 3. 줄다, 적어지다 4. 적다고 여기다, 부족(不足)하다고 생각하다 5. 젊다 6. 비난하다, 헐뜯다, 경멸하다(輕蔑--) 7. 빠지다 8. 젊은이, 어린이 9. 버금, 장에 버금가는... [부수]小(작을소) [총획]4획 [난이도]중학용, 읽기 7급, 쓰기 6급
減少
감소
①줄어서 적어짐 　②덜어서 적게 함
些少
사소
①매우 적음 　②하찮음
多少
다소
①분량(分量)이나 정도(程度)의 많음과 적음 　②조금이긴 하지만 어느 정도(程度)
少數
소수
적은 수효(數爻)


-----------------------------------
반영하다

*****DEFINITION*****
[명사] reflection, [동사] reflect, mirror; (적용하다) apply 원가 인상분을 가격에 반영하다 reflect the cost increase in the price
反映
反映 fǎn​yìng​   *反映* | 反映* | *反映 to mirror / to reflect / mirror image / reflection / (fig.) to report / to make known / to render HSK 4
反
돌이킬 반,돌아올 반,어려울 번,삼갈 판 1. 돌이키다 2. 돌아오다, 되돌아가다 3. 되풀이하다, 반복하다(反復--) 4. 뒤집다, 뒤엎다 5. 배반하다(背反ㆍ背叛--) 6. 어기다, 어긋나다 7. 반대하다(反對--) 8. 물러나다, 후퇴하다(後退--) 9. 보... [부수]又(또우) [총획]4획 [난이도]중학용, 읽기 6급II, 쓰기 5급II
反撥
반발
①되받아서 퉁김 　②반향하여 받아들이지 아니함 　③떨어진 시세(時勢)가 갑자기 오름
反對
반대
①두 사물(事物)이 맞서 있는 상태(狀態) 　②무엇에 맞서서 거스름 　③사물(事物)의 위치(位置)ㆍ방향(方向)ㆍ순서(順序) 따위가 정상(正常)이 아니고 거꾸로 됨, 또는 그러한 상태(狀態) 　④어떤 ...
反駁
반박
①남의 의견(意見)에 반대(反對)하여 논박(論駁)함 　②또는, 남에게서 받은 비난(非難) 공격(攻擊)에 대(對)하여 도리어 논란(論難)함
反映
반영
①반사(反射)하여 비침 　②어떤 영향(影響)을 받아 사실(事實)로 나타냄

映
비칠 영,희미할 앙 1. 비치다, 반사하다(反射--) 2. 비추다 3. 덮다, 덮어 가리다 5. 햇빛, 햇살 6. 미시(未時: 지금의 오후 두 시 경) a. 희미하다(稀微--), 흐릿하다 (앙) b. 밝지 아니하다 (앙) [부수]日(날일) [총획]9획 [난이도]고등용, 읽기 4급, 쓰기 3급
反映
반영
①반사(反射)하여 비침 　②어떤 영향(影響)을 받아 사실(事實)로 나타냄
映畫
영화
실재(實在)의 현실(現實)처럼 느끼게 하는 극예술(劇藝術)의 하나. 연속(連續) 촬영(撮影)한 필름을 연속(連續)으로 영사막(映寫幕)에 비추어, 물건(物件)의 모습이나 움직임을 실제(實際)와 같이 재현(再現)하여...
動映像
동영상
컴퓨터 화면(畫面)에 영화(映畫)처럼 연속적(連續的)으로 움직이는 상태(狀態)로 나타나는 영상(映像)
放映
방영
텔레비전으로 방송(放送)하는 일


-----------------------------------
