안식

*****DEFINITION*****
rest 영원한 안식을 얻다 rest in peace
安息
安息 ān​xī​   *安息* | 安息* | *安息 to rest / to go to sleep / to rest in peace / (history) Parthia
安
편안 안 1. 편안(便安) 2. 편안하다(便安--) 3. 편안(便安)하게 하다 4. 안존하다(安存--: 아무런 탈 없이 평안히 지내다) 5. 즐거움에 빠지다 6. 즐기다, 좋아하다 7. 어찌 8. 이에(乃), 곧 9. 어디에 10. 안으로,... [부수]宀(갓머리) [총획]6획 [난이도]중학용, 읽기 7급II, 쓰기 6급
安保
안보
편안(便安)히 보전(保全)함. 안전보장(安全保障)의 준말
安全
안전
①편안(便安)하여 탈이나 위험성(危險性)이 없음 　②온전(穩全)함
不安
불안
①안심(安心)이 되지 않아 마음이 조마조마함 　②몸이 편안(便安)하지 아니함 　③술렁거리어 떠들썩하고 험악함 　④실존주의(實存主義) 철학(哲學)의 중요(重要) 개념(槪念)의 하나. 실존(實存)이 지니는...
安定
안정
①일이나 마음이 평안(平安)하게 정(定)하여짐 　②흔들리지 않고 안전(安全)하게 자리가 잡힘 　③중심(中心)이 물체(物體)의 바닥 중심(中心)에 있어 기울거나 넘어지지 않는 상태(狀態) 　④어떤 화...

息
쉴 식 1. 쉬다 2. 숨 쉬다, 호흡하다(呼吸--) 3. 생존하다(生存--) 4. 살다, 생활하다(生活--) 5. 번식하다(繁殖ㆍ蕃殖ㆍ蕃息--) 6. 자라다, 키우다 7. 그치다, 그만두다, 중지하다(中止--) 8. 망하다(亡--),... [부수]心(마음심) [총획]10획 [난이도]고등용, 읽기 4급II, 쓰기 3급II
消息
소식
①천지(天地) 시운(時運)이 돌고 돌아 자꾸 변화(變化)함. 일월(日月)의 내왕(來往). 때의 변천(變遷). 영고(榮枯)와 성쇠(盛衰). 풍신(風信) 　②안부(安否) 상황(狀況) 또는 새로이 생기는 사실(事實)...
子息
자식
①아들과 딸의 총칭(總稱) 　②남을 욕할 때 일컫는 말
棲息
서식
동물(動物)이 깃들여 삶
休息
휴식
하던 일을 멈추고 잠깐 동안 쉼


-----------------------------------
수시로

*****DEFINITION*****
frequently, often 수시로 드나들다 come in and out frequently
隋時
隋 隋 Suí​   *隋* | 隋* | *隋 the Sui dynasty (581-617 AD) / surname Sui
時 时 Shí​   *时* | 时* | *时 surname Shi 時
  时 shí​   *时* | 时* | *时 o'clock / time / when / hour / season / period 時
隋
수나라 수,떨어질 타 1. 수나라(隋--) a. 떨어지다 (타) b. 둥글길쭉하다 (타) c. 게으르다 (타) d. 타원형(楕圓形) (타) e. 남은 제물(祭物) (타) [부수]阝(좌부변) [총획]12획 [난이도]읽기 2급, 쓰기 특급II
隋書
수서
중국(中國) 수(隋)나라의 역사(歷史)를 기록(記錄)한 정사(正史). 85권. 636년(태종(太宗) 10) 당(唐)나라에서 장손무기(長孫無忌)ㆍ위징(魏徵) 등(等)이 태종(太宗)의 명을 받아 제기(帝紀) 5권, 열전(列傳)...
隋城崔
수성최
영규계(永奎系)의 시조(始祖): 최영규(崔永奎). 거경계(居涇系)의 시조(始祖): 최거경(崔居涇). 최영규(崔永奎): 신라(新羅) 경순왕(敬順王) 김부(金傅)의 후손(後孫)으로 본래(本來) 성이 김씨(金氏)였음....
附隋
부수
(주가 되는 것, 또는 기본적(基本的)인 것에)붙어서 따라감
遣隋使
견수사
지난날, 일본(日本)에서 각종(各種) 문물(文物) 제도(制度)를 수입(輸入)하기 위(爲)하여 수(隋)나라에 보내던 사신(使臣)

時
때 시 1. 때 2. 철, 계절(季節) 3. 기한(期限) 4. 세대(世代), 시대(時代) 5. 기회(機會) 6. 시세(時勢) 7. 당시(當時), 그때 8. 때마다, 늘 9. 때를 맞추다 10. 엿보다, 기회(機會)를 노리다 11. 좋다 12. 훌륭하다... [부수]日(날일) [총획]10획 [난이도]중학용, 읽기 7급II, 쓰기 6급
時間
시간
①어떤 시각(時刻)에서 어떤 시각(時刻)까지의 사이 　②과거(過去)와 현재(現在)와 미래(未來)가 종으로 무한(無限)하게 유전(遺傳)하여 연속(連續)하는 것. 곧, 사물(事物)의 현상(現象)이나 운동(運動)...
當時
당시
일이 생긴 그때. 그때
隨時
수시
①때때로 　②그때그때
時代
시대
역사적(歷史的)으로 구분(區分)한 어떤 기간(期間)


-----------------------------------
떼

*****DEFINITION*****
(무리) group, crowd; (짐승의) herd; (양·염소·새 등의) flock; (늑대·사냥개 등의) pack; (새의) flight; (물고기의) school, shoal; (곤충의) swarm; (사자의) pride 많은 물고기들이 떼를 지어 산다 Many kinds of fish live in schools.

-----------------------------------
일환

*****DEFINITION*****
(일부분)part (of) 도시계획의 일환으로 쓰레기 처리장이 만들어졌다 As (a) part of the city planning, a garbage disposal plant was built.
一環
一 一 yī​   *一* | 一* | *一 one / 1 / single / a (article) / as soon as / entire / whole / all / throughout / "one" radical in Chinese characters (Kangxi radical 1) / also pr. [yao1] for greater clarity when spelling out numbers digit by digit HSK 1
環 环 Huán​   *环* | 环* | *环 surname Huan 環
  环 huán​   *环* | 环* | *环 ring / hoop / loop / (chain) link / classifier for scores in archery etc / to surround / to encircle / to hem in 環
一
한 일 1. 하나, 일 2. 첫째, 첫번째 3. 오로지 4. 온, 전, 모든 5. 하나의, 한결같은 6. 다른, 또 하나의 7. 잠시(暫時), 한번 8. 좀, 약간(若干) 9. 만일(萬一) 10. 혹시(或時) 11. 어느 12. 같다, 동일하다(同一--) [부수]一(한일) [총획]1획 [난이도]중학용, 읽기 8급, 쓰기 6급II
一部
일부
①전체(全體)의 한 부분(部分) 　②한번
一般
일반
①한 모양(模樣) 　②같은 모양(模樣) 　③보통(普通) 　④특별(特別)히 정(定)한 어떤 일부(一部)가 아니라, 전체(全體)에 두루 해당(該當)되는 것
一旦
일단
①한번 　②일조(一朝)　③우선(于先) 잠깐
一定
일정
①하나로 고정(固定)되어 움직이지 않음. 변동(變動)이 없음. 　②어떤 기준(基準)에 의(依)해 범위(範圍)나 방향(方向) 따위가 정(定)해져 있음

環
고리 환 1. 고리 2. 둥근 옥 3. 고리 모양의 옥 4. 둘레 5. 두르다 6. 돌다, 선회하다(旋回--) 7. 두루 미치다(영향이나 작용 따위가 대상에 가하여지다) 8. 물러나다 [부수]王(구슬옥변) [총획]17획 [난이도]고등용, 읽기 4급, 쓰기 3급
環境
환경
①사람이나 동식물(動植物)의 생존(生存)에 커다란 영향(影響)을 미치는, 눈ㆍ비ㆍ바람 등(等)의 기후적(氣候的) 조건(條件)이나 산ㆍ강ㆍ바다ㆍ공기(空氣)ㆍ햇빛ㆍ흙 등(等)의 초자연적(超自然的) 조건(條件)...
循環
순환
①한 차례(次例) 돌아서 다시 먼저의 자리로 돌아옴, 또는 그것을 되풀이함 　②돈을 내돌림 　③몸안에서 피나 영양물(營養物)이 끊임없이 돌아다님
惡循環
악순환
①나쁜 현상(現象)이 끊임없이 되풀이되는 일 　②원인(原因)과 결과(結果)가 되풀이되어 한없이 악화(惡化)하는 일 　③인플레이션 말기(末期)에 물건값(物件-)이 오르면 삯이 오르고, 따라서 통화(通貨)가...
環境部
환경부
행정(行政) 각부(各部)의 하나. 자연(自然) 환경(環境)과 생활(生活) 환경(環境)의 보전(保全), 환경(環境) 오염(汚染) 방지(防止)에 관(關)한 업무(業務)를 맡아봄. 1994년 12월 환경처(環境處)를 승...


-----------------------------------
사막

*****DEFINITION*****
desert 사하라사막 the Sahara (Desert)
沙漠
沙漠 shā​mò​   *沙漠* | 沙漠* | *沙漠 desert / CL: 個｜个 HSK 5
沙
모래 사,봉황 사,목 쉴 사 1. 모래 2. 사막(沙漠ㆍ砂漠) 3. 모래알 4. 모래땅 5. 단사(丹沙ㆍ丹砂: 수은으로 이루어진 황화 광물) 6. 사공(沙工ㆍ砂工) 7. 물가 8. (얇은)비단(緋緞) 9. 짐승의 암컷 10. 베짱이(여칫과의 곤충) 11.... [부수]氵(삼수변) [총획]7획 [난이도]고등용, 읽기 3급II, 쓰기 2급
沙漠
사막
아득히 넓고 모래나 자갈 따위로 뒤덮인 불모(不毛)의 벌판. 세계(世界) 육지(陸地) 면적(面積)의 10%를 차지함
黃沙
황사
①노란 빛깔의 모래 　②중국(中國) 북부(北部)나 몽골 지방(地方)의 황토(黃土)가 바람에 날려 온 하늘에 누렇게 끼는 현상(現象)
沙果
사과
사과(沙果ㆍ砂果)나무의 열매. 비타민 C가 풍부(豐富)하며, 신맛ㆍ단맛이 있음. 세는 단위(單位)는 개ㆍ알ㆍ접(100개)
沙器
사기
백토로 구워 만든 그릇. 사기그릇(沙器--)

漠
넓을 막,사막 막 1. 넓다, 광막하다(廣漠--) 2. 쓸쓸하다 3. 그윽하다 4. 조용하다, 고요하다 5. 소리가 없다 6. 맑다, 투명하다(透明--) 7. 어둡다, 어둠침침하다 8. 자리 잡다, 움직이지 아니하다 9. 우거지다, 무성... [부수]氵(삼수변) [총획]14획 [난이도]고등용, 읽기 3급II, 쓰기 2급
漠然
막연
아득하여 분명(分明)하지 않은 모양(模樣)
沙漠
사막
아득히 넓고 모래나 자갈 따위로 뒤덮인 불모(不毛)의 벌판. 세계(世界) 육지(陸地) 면적(面積)의 10%를 차지함
砂漠
사막
☞ 사막(沙漠)
廣漠
광막
넓고 아득함


-----------------------------------
안쓰럽다

*****DEFINITION*****
pathetic, (formal) pitiable 그가 피곤해하는 것을 보니 안쓰럽다 I feel really bad that he looks so tired.

-----------------------------------
끄덕

*****DEFINITION*****
nod, give a nod 고개를 끄덕이다 nod one's head

-----------------------------------
병아리

*****DEFINITION*****
chick

-----------------------------------
딱달하다

*****DEFINITION*****
(갑자기) suddenly 그가 들어오자 아기가 울음을 딱 그쳤다 The baby suddenly stopped crying when he went in. 7개 뜻 더보기 : (갑자기) suddenly

-----------------------------------
