불쑥

*****DEFINITION*****
(쑥 내미는 모양) 손을 불쑥 내밀다 hold[stick] out one's hand 3개 뜻 더보기 : (쑥 내미는 모양)

-----------------------------------
즉

*****DEFINITION*****
(다시 말하면) in other words, that is (to say), i.e., namely 그는 지방정부의 관리, 즉 공무원이다 He's a local government administrator, that is to say a civil servant.
卽
卽 jí​   *卽* | 卽* | *卽 variant of 即 / promptly
卽
곧 즉 1. 곧 2. 이제 3. 만약(萬若), 만일(萬一) 4. 혹은(或-: 그렇지 아니하면) 5. 가깝다 6. 가까이하다 7. 나아가다 8. 끝나다 9. 죽다 10. 불똥 [부수]卩(병부절) [총획]9획 [난이도]중학용, 읽기 3급II, 쓰기 2급
卽刻
즉각
곧 그 시각(時刻)에
卽時
즉시
그 자리에서. 금방. 바로 그때. 당장에
卽決審判
즉결심판
경범죄(輕犯罪) 처벌법(處罰法), 기타 단속(團束) 법규(法規)에 위반(違反)되는 사건(事件)을 지방법원(地方法院) 판사(判事)가 간단(簡單)한 절차(節次)로 행(行)하는 재판(裁判). 즉결(卽決) 재판(裁判)....
卽席
즉석
일이 진행(進行)되는 바로 그 자리


-----------------------------------
그지

*****DEFINITION*****
너 배 안 고프지, 그지?

-----------------------------------
요구

*****DEFINITION*****
[명사] demand, [동사] demand, ask 요구를 들어주다 meet[satisfy] one's demands
要求
要求 yāo​qiú​   *要求* | 要求* | *要求 to request / to require / to stake a claim / to ask / to demand / CL: 點｜点 HSK 3
要
요긴할 요 1. 요긴하다(要緊--), 중요하다(重要--) 2. 요약하다(要約--) 3. 모으다, 합치다(合--) 4. 원하다(願--), 바라다, 요구하다(要求--) 5. 맞히다, 적중하다(的中--) 6. 바루다 7. 얻다, 취득하다(取得--)... [부수]襾(덮을아) [총획]9획 [난이도]중학용, 읽기 5급II, 쓰기 4급II
必要
필요
①꼭 소용(所用)이 됨 　②없어서는 아니 됨
要求
요구
①필요(必要)하여 달라고 강력(强力)히 청(請)함 　②어떠한 작위(作爲) 또는 부작위(不作爲)의 행위(行爲)를 청구(請求)함 　③생활체(生活體)의 생리적(生理的), 심리적(心理的) 기구(機構)에 생기는...
重要
중요
매우 귀중(貴重)하고 소중(所重)함
需要
수요
구매력(購買力)의 뒷받침이 있는 상품(商品) 구매(購買)의 욕망(慾望)

求
구할 구 1. 구하다(求--) 2. 빌다, 청하다(請--) 3. 탐하다(貪--), (욕심을)부리다 4. 취하다(取--) 5. 모으다, 모이다 6. 나무라다, 책망하다(責望--) 7. 가리다, 선택하다(選擇--) 8. 묻다 9. 부르다, 불러들이다... [부수]氺(아래물수) [총획]7획 [난이도]중학용, 읽기 4급II, 쓰기 3급II
要求
요구
①필요(必要)하여 달라고 강력(强力)히 청(請)함 　②어떠한 작위(作爲) 또는 부작위(不作爲)의 행위(行爲)를 청구(請求)함 　③생활체(生活體)의 생리적(生理的), 심리적(心理的) 기구(機構)에 생기는...
促求
촉구
재촉하여 요구(要求)함
請求
청구
①상대방(相對方)에 대(對)하여 일정(一定)한 행위(行爲)를 요구(要求)하는 일 　②(법률(法律)ㆍ법학) 민사소송법(民事訴訟法) 상(上) 원고(原告)가 소송(訴訟)에 의(依)하여 그 취지(趣旨)나 이유(理由)의...
追求
추구
①어디까지나 뒤쫓아 구(求)함 　②목적(目的)한 바를 이루고자 끝까지 좇아 구(求)함


-----------------------------------
겨를

*****DEFINITION*****
time ~할 겨를도 없다 have no time to do[for doing]

-----------------------------------
연단하다

*****DEFINITION*****
podium, platform 연단에 서다 take[stand on; get on] the platform
演壇
演 演 yǎn​   *演* | 演* | *演 to develop / to evolve / to practice / to perform / to play / to act
壇 坛 tán​   *坛* | 坛* | *坛 altar 壇
演
펼 연 1. 펴다, 늘이다 2. 부연하다(敷衍ㆍ敷演--), 자세히 설명하다(說明--) 3. 넓히다, 넓게 미치다(영향이나 작용 따위가 대상에 가하여지다) 4. 스며들다 5. 멀리 흐르다 6. (기운이 서로)통하다(通--) 7.... [부수]氵(삼수변) [총획]14획 [난이도]고등용, 읽기 4급II, 쓰기 3급II
演說
연설
여러 사람 앞에서 체계(體系)를 세워 자기(自己)의 주의(主義), 주장(主張)을 말함
演劇
연극
①배우(俳優)가 연출자(演出者)의 지도(指導) 하(下)에 각본(脚本)에 의(依)하여 분장(扮裝)하고 음악(音樂), 배경(背景), 조명(照明), 그밖의 여러 가지 장치(裝置)의 힘을 빌어서 어떤 사건(事件)과...
再演
재연
①다시 상연(上演)함 　②한 번 행했던 일을 다시 되풀이함
演藝人
연예인
연예(演藝)에 종사(從事)하는 사람들. 배우(俳優), 가수(歌手), 무용가(舞踊家) 등(等)이 있음

壇
단 단,평탄할 탄,소제할 선 1. 단, 제단(祭壇) 2. 마루 3. 터, 기초(基礎) 4. 강단(講壇) 5. 사회 6. 장소(場所) 7. 특수 사회의 구성원 8. 뜰(집 안의 앞뒤나 좌우로 가까이 딸려 있는 빈터), 안뜰 a. 평탄하다(平坦--) (탄) b.... [부수]土(흙토) [총획]16획 [난이도]고등용, 읽기 5급, 쓰기 4급
講壇
강단
강의(講義)나 설교(說敎)를 하기 위(爲)하여 올라서게 만든 자리
敎壇
교단
①교실(敎室)에서 교사(敎師)가 강의(講義)하는 단 　②교육계(敎育界)
老姑壇
노고단
전남(全南) 구례군 산동면(山洞面)과 토지면(土旨面)의 경계(境界)에 있는 산(山). 산정부(山頂部)에 가까운 1,100∼1,200 m 높이에는 원추리꽃으로 덮인 광활(廣闊)한 고원(高原)이 펼쳐져서 부근(附近)이...
奬忠壇
장충단
군인(軍人)의 영령(英靈)을 제사(祭祀) 지내던 곳. 대한제국(大韓帝國) 광무(光武) 4(1900)년에, 임금의 명으로 을미(乙未) 사변(事變) 때 순국(殉國)한 홍계훈을 비롯한 장병(將兵)들의 넋을 제사(祭祀)...


-----------------------------------
건조

*****DEFINITION*****
(날씨·피부 등이) [형용사] dry; (메마르다) arid (land/climate) 이 식물은 건조한 지역에서 잘 자란다 This plant grows well in arid regions. 2개 뜻 더보기 : (날씨·피부 등이) [형용사] dry; (메마르다) arid (land/climate)
乾燥
干燥 gān​zào​   *干燥* | 干燥* | *干燥 to dry (of weather, paint, cement etc) / desiccation / dull / uninteresting / arid 乾燥 HSK 4
乾
하늘 건,마를 건,마를 간 1. 하늘 2. 괘(卦)의 이름 3. 임금 4. 남자(男子) 5. 아버지, 친족 관계(關係) 6. 마르다, 건조하다(乾燥--) 7. 말리다 8. 건성(어떤 일을 성의 없이 대충 겉으로만 함)으로 하다, 형식적이다 9. 텅 비다... [부수]乙(새을) [총획]11획 [난이도]중학용, 읽기 3급II, 쓰기 2급
乾坤
건곤
①하늘과 땅을 상징적(象徵的)으로 일컫는 말　②온 세상(世上) 　③주역(周易)의 두 가지 괘명 건괘와 곤괘. 하늘과 땅. 양(陽)과 음(陰). 서북과 서남(西南)
乾燥
건조
습기(濕氣)나 물기가 없음, 마름
乾達
건달
①하는 일 없이 빈둥빈둥 놀거나 게으름을 부리는 짓 　②또는, 그러한 사람
乾綱
건강
①하늘이 만물(萬物)을 주재(主宰)하는 벼리 　②제왕(帝王)의 다스리는 방침(方針), 권능(權能)

燥
마를 조 1. 마르다, (물기가)없어지다 2. 말리다, 마르게 하다 3. 애태우다, 초조하다(焦燥--) 4. 마른 물건(物件) [부수]火(불화) [총획]17획 [난이도]고등용, 읽기 3급, 쓰기 2급
乾燥
건조
습기(濕氣)나 물기가 없음, 마름
焦燥
초조
애를 태워서 마음을 졸이는 모양(模樣)
燥渴
조갈
목이 마름
乾燥爐
건조로
물기를 말리는 데 쓰는 노


-----------------------------------
뛰약볕

*****DEFINITION*****
-----------------------------------
내모

*****DEFINITION*****
[식물] internal hair.
內毛
內 内 nèi​   *内* | 内* | *内 inside / inner / internal / within / interior 內 HSK 4
毛 毛 Máo​   *毛* | 毛* | *毛 surname Mao
  毛 máo​   *毛* | 毛* | *毛 hair / feather / down / wool / mildew / mold / coarse or semifinished / young / raw / careless / unthinking / nervous / scared / (of currency) to devalue or depreciate / classifier for Chinese fractional monetary unit ( = 角 , = one-tenth of a yuan or 10 fen 分) HSK 5
內
안 내,들일 납 1. 안, 속 2. 나라의 안, 국내(國內) 3. 대궐(大闕), 조정(朝廷), 궁중(宮中) 4. 뱃속 5. 부녀자(婦女子) 6. 아내 7. 몰래, 가만히 8. 비밀히(祕密-) 9. 중(重)히 여기다, 친하게 지내다 a. 들이다(=納)... [부수]入(들입) [총획]4획 [난이도]중학용, 읽기 7급II, 쓰기 6급
內容
내용
①사물(事物)의 속내나 실속(實-) 　②형식(形式)에 의(依)해서 동일체(同一體)에 결합(結合)되는 여러 가지 실질(實質), 본질(本質), 의의(意義)
內需
내수
국내에서의 수요(需要)
國內
국내
나라의 안
內部
내부
①물체(物體)ㆍ몸ㆍ장치(裝置)ㆍ구조물(構造物) 등(等)의 안쪽 부분(部分) 　②어떤 조직(組織)이나 집단(集團)의 범위(範圍) 안

毛
터럭 모 1. 터럭(몸에 난 길고 굵은 털), 털 2. 모피(毛皮) 3. 희생(犧牲) 4. 짐승 5. 풀(=芼), 식물 6. 나이의 차례(次例) 7. (털을)태우다 8. 잘다, 자질구레하다 9. 가볍다 10. 없다 11. 가늘다 12. 가려 뽑다(=㧌) [부수]毛(터럭모) [총획]4획 [난이도]중학용, 읽기 4급II, 쓰기 3급II
毛皮
모피
털가죽. 털이 붙어 있는 짐승의 가죽
毛髮
모발
사람의 몸에 난 온갖 털. 머리카락
不毛地
불모지
①털이 나야 할 살갗에 털이 나지 않거나 잘 자라지 않는 증세(症勢) 　②아무 식물(植物)도 자라지 못하는 메마른 땅 　③문화적(文化的)으로 개발(開發)되어 있지 않은 곳이나 상태(狀態)
不毛
불모
땅이 메말라서 곡물(穀物)이나 푸성귀 같은 농작물(農作物)이 잘 되지 아니함


-----------------------------------
의도

*****DEFINITION*****
[명사] intention, aim, purpose, (formal) intent; (계획) plan, design, [동사] intend (to do / doing), aim (to do / for), design, mean (to do) 거짓말을 할 의도는 없었다 I didn't mean to (tell a) lie.
意圖
意图 yì​tú​   *意图* | 意图* | *意图 intent / intention / to intend 意圖 HSK 6
意
뜻 의,기억할 억 1. 뜻, 의미(意味) 2. 생각 3. 사사로운 마음, 사욕(私慾) 4. 정취(靜趣), 풍정(風情) 5. 대저(大抵: 대체로 보아서), 무릇, 혹은혹은(或-: 그렇지 아니하면) 6. 생각컨대 7. 아아! 8. 의심하다(疑心--)... [부수]心(마음심) [총획]13획 [난이도]중학용, 읽기 6급II, 쓰기 5급II
弔意
조의
죽은이를 슬퍼하는 마음
意味
의미
①말이나 글이 지니는 뜻, 내용(內容). 또 그 의도(意圖), 동기(動機), 이유(理由) 따위 　②행위(行爲)나 사물(事物)의 중요성(重要性), 효력(效力)
意識
의식
①(어떤 일ㆍ현상(現象)ㆍ대상(對象) 등(等)을) 생각이 미치어 대상(對象)으로서 알거나 깨닫거나 느끼는 것 　②(어떤 대상(對象)을) 특별(特別)히 두드러지게 느끼거나 마음에 두는 것 　③사람이 깨어...
意見
의견
마음에 생각하는 점(點)

圖
그림 도 1. 그림 2. 도장(圖章) 3. 서적(書籍) 4. 책(冊) 5. 규칙(規則) 6. 그리다 7. 베끼다 8. 꾀하다 9. 대책(對策)과 방법(方法)을 세우다 10. 꾀하여 손에 넣다 11. 헤아리다 12. 계산하다(計算--) 13. 세다... [부수]囗(큰입구몸) [총획]14획 [난이도]중학용, 읽기 6급II, 쓰기 5급II
試圖
시도
①무엇을 이루어 보려고 계획(計劃)하거나 행동(行動)하는 것 　②시험적(試驗的)으로 해 봄
意圖
의도
①하고자 하는 생각이나 계획(計劃) 　②또는, 무엇을 하려고 꾀하는 것
圖謀
도모
앞으로 할 일을 이루기 위(爲)하여 수단(手段)과 방법(方法)을 꾀함
地圖
지도
지구(地球) 표면(表面)의 일부(一部)나 전부(全部)를 일정(一定)한 축척(縮尺)에 따라 평면(平面) 위에 나타낸 그림. 여러 가지 일정(一定)한 기호(記號)ㆍ문자(文字)ㆍ색 따위를 써서 바다ㆍ산천(山川...


-----------------------------------
연마하다

*****DEFINITION*****
(기술·학문 등을) polish up (on), brush up (on), perfect 갈고닦다 기술을 연마하다 polish up one's skill 2개 뜻 더보기 : (기술·학문 등을) polish up (on), brush up (on), perfect
硏磨
硏 硏 yán​   *硏* | 硏* | *硏 variant of 研
磨 磨 mó​   *磨* | 磨* | *磨 to rub / to grind / to polish / to sharpen / to wear down / to die out / to waste time / to pester / to insist
  磨 mò​   *磨* | 磨* | *磨 grindstone / to grind / to turn round
硏
갈 연,벼루 연,관 이름 형 1. 갈다 2. 문지르다 3. 궁구하다(窮究--: 파고들어 깊게 연구하다) 4. 연구하다(硏究--) 5. 탐구하다(探求--) 6. 자세(仔細ㆍ子細)하게 밝히다 7. 벼루 8. 매끄러운 돌 a. 관(關) 이름 (형) [부수]石(돌석) [총획]11획 [난이도]중학용, 읽기 4급II, 쓰기 3급II
硏究
연구
①깊이 조사(調査)하여 밝힘 　②조사(調査)하고 생각하여 진리(眞理)를 알아 냄
硏究員
연구원
①연구(硏究)에 종사(從事)하는 사람 　②국가공무원(國家公務員) 8급 연구직(硏究職)의 이름
硏究所
연구소
어떤 사물(事物)을 전문적(專門的)으로 연구(硏究)하는 곳
硏究費
연구비
어떤 사물(事物)을 연구(硏究)하는 데에 드는 비용(費用)

磨
갈 마 1. (돌을)갈다 2. 닳다, 닳아 없어지다 3. 문지르다 4. 고생하다 5. (연자방아로)찧다 6. 고생 7. 연자방아(硏子--: 연자매를 쓰는 방아) 8. 맷돌(곡식을 가는 데 쓰는 기구) [부수]石(돌석) [총획]16획 [난이도]고등용, 읽기 3급II, 쓰기 2급
硏磨
연마
①갈고 닦음 　②노력(努力)을 거듭하여 정신(精神)이나 학문(學問), 기술(技術)을 닦음 　③어떤 분야(分野)를 깊이 연구(硏究)함
磨耗
마모
(마찰(摩擦)되는 부분(部分)이)닳아서 작아지거나 없어짐
不磨
불마
①부서져서 없어지지 아니함 　②마멸(磨滅)되지 아니함
磨鐵杵欲作針
마철저욕작침
☞ 마철저(磨鐵杵)


-----------------------------------
시인하다

*****DEFINITION*****
admit, acknowledge, concede 패배를 시인하다 admit one's defeat
是認
是 是 shì​   *是* | 是* | *是 is / are / am / yes / to be HSK 1
  是 shì​   *是* | 是* | *是 variant of 是 / (used in given names) 昰 HSK 1
認 认 rèn​   *认* | 认* | *认 to recognize / to know / to admit 認
是
이 시,옳을 시 1. 이, 이것 2. 여기 3. 무릇 4. 이에(접속사) 5. 옳다, 바르다 6. 바르게 하다 7. 옳다고 인정하다(認定--) 8. 바로잡다 9. 다스리다 [부수]日(날일) [총획]9획 [난이도]중학용, 읽기 4급II, 쓰기 3급II
亦是
역시
①마찬가지로 　②또한
是非
시비
①시(是)와 비(非). 잘잘못 　②옳으니 그르니 하는 말다툼
是認
시인
옳다고 인정(認定)함
或是
혹시
①만일(萬一)에 　②가다가 더러 　③행여

認
알 인,적을 잉 1. 알다 2. 인식하다(認識--) 3. 인정하다(認定--) 4. 허가하다(許可--) 5. 행하다(行--) a. 적다 (잉) b. 쓰다 (잉) [부수]言(말씀언) [총획]14획 [난이도]중학용, 읽기 4급II, 쓰기 3급II
確認
확인
①확실(確實)히 인정(認定)함 　②또는, 그러한 인정(認定) 　③틀림이 있는지 없는지, 또는 어떠한 상태(狀態)인지 알아보는 것 　④특정(特定)한 사실(事實)이나 법률(法律) 관계(關係)의 존부 또는...
認識
인식
①사물(事物)을 분별(分別)하고 판단(判斷)하여 아는 일　②의식(意識)하고 지각(知覺)하는 작용(作用)의 총칭(總稱)
認定
인정
①옳다고 믿고 정(定)하는 일 　②국가(國家)나 지방자치단체(地方自治團體)가 자기(自己)의 판단(判斷)에 의(依)하여 어떤 사실(事實)의 존부(存否)나 당부(當否)를 결정(決定)하는 일
承認
승인
①일정(一定)한 사실(事實)을 인정(認定)하는 행위(行爲) 　②어떤 사실(事實)을 인정(認定)하는 행위(行爲)


-----------------------------------
비로소

*****DEFINITION*****
(처음으로) for the first time; (마침내) at last 화재가 얼마나 무서운지 그때 비로소 알았다 I realized then for the first time how horrible a fire can be.

-----------------------------------
