혹은

*****DEFINITION*****
or 아들 혹은 딸 a son or daughter
惑
惑 huò​   *惑* | 惑* | *惑 to confuse / to be puzzled
惑
미혹할 혹 1. 미혹하다(迷惑--) 2. 미혹케하다(迷惑---), 현혹시키다(眩惑---) 3. 의심하다(疑心--), 의아스럽게 여기다 4. 미혹(迷惑), 의혹(疑惑), 현혹(眩惑) 5. 번뇌(煩惱) [부수]心(마음심) [총획]12획 [난이도]고등용, 읽기 3급II, 쓰기 2급
疑惑
의혹
①의심(疑心)하여 분별(分別)에 당혹(當惑)함 　②수상(殊常)하게 여김
誘惑
유혹
①남을 꾀어서 정신(精神)을 어지럽게 함 　②나쁜 길로 꾐
眩惑
현혹
①어지러워져 홀림 　②어지럽게 하여 홀리게 함
迷惑
미혹
마음이 흐려서 무엇에 홀림


-----------------------------------
연대기

*****DEFINITION*****
chronicle

-----------------------------------
연표

*****DEFINITION*****
a chronological table, a chronology 세계사[한국사] 연표 a chronological table of world[Korean] history
年表
年表 nián​biǎo​   *年表* | 年表* | *年表 timeline / chronology / annals / financial year / year
年
해 년,해 연,아첨할 녕,아첨할 영 1. 해 2. 나이 3. 때, 시대(時代) 4. 새해, 신년 5. 연령(年齡) 6. 잘 익은 오곡(五穀) 7. 콧마루 8. 사격의 하나 9. 사람 이름 10. 익다 11. 오곡(五穀)이 잘 익다 a. 아첨하다(阿諂--) (녕) [부수]干(방패간) [총획]6획 [난이도]중학용, 읽기 8급, 쓰기 6급II
昨年
작년
지난해
來年
내년
올해의 다음 해, 명년(明年)
沖年
충년
열 살 안팎의 어린 나이
每年
매년
①매해 　②하나하나의 모든 해

表
겉 표,시계 표 1. 겉, 거죽, 겉면 2. 바깥 3. 표, 도표(圖表) 4. 모범(模範), 규범(規範) 5. 푯말(標-: 어떤 것을 표지하기 위하여 세우는 말뚝), 표지(標識) 6. 웃옷 7. 문체(文體) 이름 8. 시계(時計) 9. 해시계(-時計)의... [부수]衣(옷의) [총획]8획 [난이도]중학용, 읽기 6급II, 쓰기 5급II
發表
발표
널리 드러내어 세상(世上)에 알림
代表
대표
①전체(全體)의 상태(狀態)나 성질(性質)을 어느 하나로 잘 나타내는 일. 또는, 나타낸 그것 　②어떤 일을 집단(集團)을 대신(代身)하여 하는 것. 또는, 그 사람 　③(법률(法律)ㆍ법학) 법인(法人)ㆍ...
表現
표현
①나타냄. 또는 나타난 형상(形象ㆍ形像)이나 모양(模樣) 　②내면적(內面的) 과정(過程)의 감성(感性) 표시(表示). 심적(心的) 상태(狀態), 과정(過程) 또는 성격(性格), 지향(志向), 의미(意味) 등(等)...
表示
표시
①겉으로 드러내 보임 　②남에게 알리느라고 겉으로 드러내어 발표(發表)함


-----------------------------------
파생

*****DEFINITION*****
[명사] (formal) derivation , [동사] derive[be derived] (from), stem (from) 많은 영어 단어들이 라틴어에서 파생되었다 Many English words are derived from Latin.
派生
派生 pài​shēng​   *派生* | 派生* | *派生 to produce (from sth else) / to derive (from raw material) / derivative
派
갈래 파 1. (물)갈래 2. 지류(支流) 3. 유파(流派), 학파(學派), 종파(宗派) 4. 보내다, 파견하다(派遣--) 5. 갈라지다 6. 가르다, 나누다 [부수]氵(삼수변) [총획]9획 [난이도]고등용, 읽기 4급, 쓰기 3급
派遣
파견
①일정(一定)한 임무(任務)를 주어 사람을 내보냄 　②사람에게 용무(用務)를 띄워서 출장(出張)시킴
派兵
파병
군대(軍隊)를 파출(派出)하는 일
强硬派
강경파
강경(强硬)한 주장(主張)을 내세우거나 강경(强硬)한 행동(行動)을 하는 파(派)
左派
좌파
①어떤 단체(團體)나 정당(政黨)에서, 급진적(急進的)인 사상(思想)을 가진 사람들의 파, 또는 그런 사람 　②좌익(左翼)의 당파(黨派)

生
날 생 1. 나다 2. 낳다 3. 살다 4. 기르다 5. 서투르다 6. 싱싱하다 7. 만들다 8. 백성(百姓) 9. 선비(학식은 있으나 벼슬하지 않은 사람을 이르던 말) 10. 자기(自己)의 겸칭(謙稱) 11. 사람 12. 날(익지 않음)... [부수]生(날생) [총획]5획 [난이도]중학용, 읽기 8급, 쓰기 6급II
發生
발생
①(어떤 사건(事件)이나 사물(事物) 현상(現象)이 어느 곳 또는 세상(世上)에) 생겨나거나 나타나는 것 　②(생물학(生物學)ㆍ생리학) 세포(細胞)의 증식(增殖)ㆍ분화(分化)ㆍ형태(形態) 형성(形成) 등(等)에...
生活
생활
①살아서 활동(活動)함. 생계(生計)를 유지(維持)하여 살아나감 　②먹고 입고 쓰고 하는 등(等)의 살림살이 　③일정(一定)한 조직체(組織體)에 매여 구성원(構成員)으로 활동(活動)함
學生
학생
①배우는 사람, 주(主)로 학교(學校)에 다니면서 공부(工夫)하는 사람 　②벼슬하지 아니하고 죽은 사람의 명정, 지방(紙榜), 신주(神主) 따위에 쓰는 존칭(尊稱) 　③신라(新羅) 때 국학(國學)에서 가르침을...
先生
선생
①학생(學生)을 가르치는 사람. 학예(學藝), 기예(技藝) 등(等)을 남에게 가르치는 사람 　②자기(自己)보다 학식(學識)이 높은 사람을 높이어 일컫는 말 　③남을 존대(尊待)하여 부르는 말. 흔히 성이나...


-----------------------------------
나열하다

*****DEFINITION*****
[동사] list, (formal) enumerate 단편적인 정보를 나열하다 list fragments of information
羅列
罗列 luó​liè​   *罗列* | 罗列* | *罗列 to spread out 羅列
羅
벌일 나,벌일 라,그물 나,그물 라 1. 벌이다(일을 계획하여 시작하거나 펼쳐 놓다) 2. 벌이어 놓다 3. 늘어서다 4. 두르다 5. 그물치다, 그물질하다 6. 망라하다(網羅--) 7. 체질하다, 체로 치다 8. 맞딱뜨리다, 걸려들다 9. 막다, 차단... [부수]罒(그물망머리) [총획]19획 [난이도]고등용, 읽기 4급II, 쓰기 3급II
新羅
신라
우리나라 삼국(三國) 시대(時代)의 한 나라. 박혁거세(朴赫居世)가 지금의 영남(嶺南) 지방(地方)을 중심(中心)으로 건국(建國)했는데, 29대 태종(太宗) 무열왕(武烈王) 때 백제(百濟)와 고구려(高句麗)를...
網羅
망라
물고기를 잡는 그물과 날짐승을 잡는 그물이란 뜻에서, 　①널리 빠짐없이 모음 　②모두 휘몰아 넣어 포함(包含)시킴
歐羅巴
구라파
유럽의 음역(音譯)
尸羅
시라
☞ 신라(新羅)

列
벌일 열,벌일 렬 1. 벌이다 2. 늘어서다 3. 줄짓다 4. 나란히 서다 5. 분리하다(分離--) 6. 순서(順序)를 매기다 7. 진열하다(陳列--) 8. 차례(次例) 9. 등급(等級) 10. 반열(班列: 품계나 신분, 등급의 차례) 11. 석차... [부수]刂(선칼도방) [총획]6획 [난이도]중학용, 읽기 4급II, 쓰기 3급II
列車
열차
기관차(機關車)에 객차(客車)ㆍ화차(貨車) 등(等)을 연결(連結)하고 운전(運轉) 장치(裝置)를 설비(設備)한 차량(車輛)
陳列
진열
물건(物件) 따위를 보이기 위(爲)해 죽 벌려놓음
隊列
대열
무리를 지어 죽 늘어선 행렬(行列)
行列
행렬
①여럿이 벌이어 줄서서 감. 또는, 그 줄. 　②어떤 수를 정(定)한 몇 개의 행과 몇 개의 열로 나열한 표(標)


-----------------------------------
기원

*****DEFINITION*****
[명사] origin , beginning , (formal) genesis , [동사] originate (in/from) , derive from , have its origin[roots] (in) 생명의 기원을 찾다 trace the origin[beginning; genesis] of life
起源
起源 qǐ​yuán​   *起源* | 起源* | *起源 origin / to originate / to come from HSK 6
起
일어날 기 1. 일어나다 2. (일을)시작하다(始作--) 3. 비롯하다 4. 일다, 발생하다(發生--) 5. 출세하다(出世--), 입신하다(立身--) 6. 우뚝 솟다 7. 일으키다 8. 기용하다(起用--) 9. 파견하다(派遣--) 10. 계발... [부수]走(달릴주) [총획]10획 [난이도]중학용, 읽기 4급II, 쓰기 3급II
提起
제기
①의견(意見)을 붙이어 의논(議論)할 것을 제초함 　②드러내어 문제(問題)를 일으킴
惹起
야기
무슨 일이나 사건(事件) 따위를 끌어 일으킴
起訴
기소
공소(公訴)를 제기(提起)함
隆起
융기
①불룩하게 두드러져 일어남 　②높게 일어나 들뜸 　③또는, 그 부분(部分) 　④땅이 기준면(基準面)에 대(對)하여 상대적(相對的)으로 높아짐. 그 높아진 지반(地盤)

源
근원 원 1. 근원(根源) 2. 기원(起源ㆍ起原) 3. 출처(出處) 4. 수원(水源: 물이 발원하는 곳) 5. 발원지(發源地) 6. 성(姓)의 하나 [부수]氵(삼수변) [총획]13획 [난이도]고등용, 읽기 4급, 쓰기 3급
源泉
원천
①물이 흘러나오는 근원(根源) 　②사물(事物)의 근원(根源)
資源
자원
①지하의 광물(鑛物)이나 임산물(林産物)ㆍ수산물(水産物) 등(等)과 같이 생산(生産)의 바탕이 되는 여러 가지 물자(物資)　②어떤 목적(目的)에 이용(利用)할 수 있는 물자(物資)나 인재(人材)
財源
재원
①재화(財貨)를 발생(發生), 수득(收得)하게 하는 근원(根源) 　②돈의 출처(出處) 　③재물(財物)을 얻는 근원(根源)
敎育人的資源部
교육인적자원부
중앙(中央) 행정(行政) 기관(機關)의 하나. 교육(敎育) 및 학술(學術) 진흥(振興)에 관(關)한 사무(事務) 를 맡아봄


-----------------------------------
형상화

*****DEFINITION*****
[명사] (예술 작품에서의) 형상화[이미지] poetic imagery 시적 이미지 2개 뜻 더보기 : [명사] 화상, 사진 등

-----------------------------------
덥수룩

*****DEFINITION*****
bushy, shaggy

-----------------------------------
올

*****DEFINITION*****
(가닥) strand; (줄·실 등의 한 올) ply 머리카락 한 올 a strand of hair

-----------------------------------
편만하다

*****DEFINITION*****
(be) diffuse, (be) pervasive, permeate, (be) omnipresent, extend all round, spread about
遍滿
遍 遍 biàn​   *遍* | 遍* | *遍 variant of 遍 徧 HSK 4
  遍 biàn​   *遍* | 遍* | *遍 everywhere / all over / classifier for actions: one time HSK 4
滿 满 Mǎn​   *满* | 满* | *满 Manchu ethnic group 滿
  满 mǎn​   *满* | 满* | *满 to fill / full / filled / packed / fully / completely / quite / to reach the limit / to satisfy / satisfied / contented 滿 HSK 4
遍
두루 편 1. 두루 2. 모든, 전면적인(全面的-) 3. 번, 횟수(回數) 4. 두루 미치다(영향이나 작용 따위가 대상에 가하여지다) 5. 두루 퍼지다 6. 널리 퍼져 있다 7. 널리 ~하다 8. 보편적(普遍的)으로 ~하다 [부수]辶(책받침) [총획]13획 [난이도]고등용, 읽기 3급, 쓰기 2급
普遍的
보편적
보편성(普遍性)을 띤 것
普遍
보편
모든 것에 두루 미치거나 통(通)함
普遍化
보편화
특수(特殊)한 것을 버리고 보편적(普遍的)인 것으로 되거나 되게 함
普遍性
보편성
모든 것에 두루 미치게 통(通)하는 성질(性質)

滿
찰 만 1. 차다 2. 가득 차 있다 3. 가득하다 4. 그득하다 5. 풍족하다(豐足--) 6. 만족하다(滿足--) 7. 흡족하다(洽足--) 8. (일정(一定)한 한도(限度)에)이르다(어떤 정도나 범위에 미치다), 미치다(영향이나... [부수]氵(삼수변) [총획]14획 [난이도]중학용, 읽기 4급II, 쓰기 3급II
小滿
소만
24절기(節氣)의 하나. 만물(萬物)이 점차 성장(成長)하여 가득찬다는 의미(意味)
不滿
불만
마음에 차지 않아 언짢음
未滿
미만
정(定)한 수효(數爻)나 정도(程度)에 차지 못함
滿足
만족
마음에 모자람이 없어 흐뭇함


-----------------------------------
여건

*****DEFINITION*****
conditions 그는 열악한 여건 속에서도 연구에 전념했다 He devoted himself to his research even under the worst of conditions.
與件
與 与 yú​   *与* | 与* | *与 variant of 歟｜欤 與
  与 yǔ​   *与* | 与* | *与 and / to give / together with 與 HSK 5
  与 yù​   *与* | 与* | *与 to take part in 與
件 件 jiàn​   *件* | 件* | *件 item / component / classifier for events, things, clothes etc HSK 2
與
더불 여,줄 여 1. 더불다(둘 이상의 사람이 함께하다) 2. 같이하다 3. 참여하다(參與--), 참여하다 4. 주다, 베풀어주다 5. 허락하다(許諾--), 인정하다 6. 간여하다(干與--), 간섭하다(干涉--) 7. 돕다, 협조하다 8.... [부수]𦥑(절구구변) [총획]14획 [난이도]중학용, 읽기 4급, 쓰기 3급
參與
참여
참가(參加)하여 관계(關係)함
與否
여부
①그러함과 그러하지 아니함 　②틀리거나 의심(疑心)할 여지
與黨
여당
①정부(政府)의 정책(政策)을 지지(支持)하여, 이것에 편을 드는 정당(政黨) 　②짝이 되는 무리
寄與
기여
①(사회(社會)나 단체(團體)에, 또는 거기서 이뤄지는 어떤 일에) 도움이 되는 구실을 하는 것. 이바지 　②보내어 줌

件
물건 건 1. (하나 하나 셀 수 있는)물건(物件) 2. 사건(事件) 3. 조건(條件) 4. 벌, (공업 생산물의)계산(計算) 단위(單位) 5. 가지, (일, 사건, 개체의 사물 등을)세는 단위(單位) 6. 문서(文書), 서류(書類),... [부수]亻(사람인변) [총획]6획 [난이도]고등용, 읽기 5급, 쓰기 4급
事件
사건
①뜻밖에 일어난 사고(事故) 　②사회적(社會的) 관심(關心)이나 주목(注目)을 끌 만한 일
條件
조건
①어떤 사물(事物)이 성립(成立)되거나 발생(發生)하는 데 갖추어야 하는 요소(要素) 　②어떤 일을 자기(自己) 뜻에 맞도록 하기 위(爲)하여 내어 놓는 요구(要求)나 견해(見解) 　③법률(法律) 행위(行爲)의...
物件
물건
①사람이 필요(必要)에 따라 만들어 내거나 가공(加工)하여 어떤 목적(目的)으로 이용(利用)하는, 들고 다닐 만한 크기의 일정(一定)한 형태(形態)를 가진 대상(對象). 물품(物品) 　②매매(賣買)나 거래(去來)의...
與件
여건
①추리(推理) 또는 연구(硏究)의 출발점(出發點)으로서 제시(提示)되거나 가정(假定)된 사물(事物) 　②주어진 조건(條件)


-----------------------------------
적절하다

*****DEFINITION*****
right, proper, suitable (for), appropriate (for/to), (formal) apposite (to) 적절치 않다 do not fit
適切
适切 shì​qiè​   *适切* | 适切* | *适切 apt / appropriate 適切
適
맞을 적 1. 맞다 2. 마땅하다 3. 가다 4. 시집가다(媤---) 5. 즐기다 6. 꾸짖다 7. 전일하다(專---: 마음과 힘을 모아 오직 한 곳에만 쓰다) 8. 마침 9. 맏아들 10. 큰마누라 [부수]辶(책받침) [총획]15획 [난이도]중학용, 읽기 4급, 쓰기 3급
適用
적용
①맞추어 씀 　②쓰기에 알맞음
適切
적절
①꼭 맞음 　②어떤 기준(基準)이나 정도(程度)에 맞아 어울리는 상태(狀態)
適應
적응
①걸맞아서 서로 어울림 　②개인(個人)이 어떠한 경우(境遇)에 순응(順應)하기에 이르는 과정(過程) 　③약이 병에 맞아서 잘 들음 　④동식물(動植物)이 환경(環境)에 걸맞게 그 형태(形態)와 버릇을...
不適切
부적절
적절(適切)하지 않음

切
끊을 절,온통 체 1. 끊다 2. 베다 3. 정성스럽다(精誠---) 4. 적절하다 5. 중요하다(重要--) 6. 절박하다(切迫--) 7. 진맥하다 8. 문지방(門地枋) 9. 반절(反切: 한자의 음을 나타낼 때 다른 두 한자의 음을 반씩 따서... [부수]刀(칼도) [총획]4획 [난이도]고등용, 읽기 5급II, 쓰기 4급II
適切
적절
①꼭 맞음 　②어떤 기준(基準)이나 정도(程度)에 맞아 어울리는 상태(狀態)
切實
절실
①(어떤 일에 대(對)한 느낌이나 생각이)뼈저리게 강렬(强烈)한 상태(狀態)에 있음 　②또는, (어떤 일에 대(對)한 해결(解決)이나 요구(要求) 등(等)이)매우 시급(時急)하고도 중요(重要)한 상태(狀態)에...
懇切
간절
지성(至誠)스럽고 절실(切實)함
切迫
절박
마감, 시기(時期), 기일(期日) 등(等)이 매우 급(急)함


-----------------------------------
도래하다

*****DEFINITION*****
[명사] advent, [동사] come, arrive 정보화 시대가 도래했다 The information age has come[has arrived; is here].
到來
到来 dào​lái​   *到来* | 到来* | *到来 to arrive / arrival / advent 到來
到
이를 도 1. 이르다(어떤 장소나 시간에 닿다), 도달하다(到達--) 2. 닿다, 미치다(공간적 거리나 수준 따위가 일정한 선에 닿다) 3. (어떤 곳에)가다 4. 주밀하다(周密--), 빈틈없이 찬찬하다(성질이나 솜씨, 행동... [부수]刂(선칼도방) [총획]8획 [난이도]중학용, 읽기 5급II, 쓰기 4급II
到着
도착
목적(目的)한 곳에 다다름
到底
도저
①학식(學識)이나 생각이 아주 깊음 　②행동(行動)이나 몸가짐이 흐트러짐이 없이 바름
到達
도달
①정(定)한 곳에 다다름 　②목적(目的)한 데에 미침
殺到
쇄도
세차게 몰려듦

來
올 래,올 내 1. 오다 2. 돌아오다 3. 부르다 4. 위로하다(慰勞--) 5. 이래 6. 그 이후(以後)로 7. 앞으로 8. 미래(未來) 9. 후세(後世) 10. 보리(볏과의 두해살이풀) [부수]人(사람인) [총획]8획 [난이도]중학용, 읽기 7급, 쓰기 6급
招來
초래
①불러 옴 　②그렇게 되게 함 　③어떤 결과(結果)를 가져옴
未來
미래
아직 오지 않은 때
來年
내년
올해의 다음 해, 명년(明年)
去來
거래
①금전(金錢)을 서로 대차(貸借)하거나 물건(物件)을 매매(賣買)하는 일 　②사건(事件)이 생기는 대로 하인(下人)이 상사(上司)에게 알리는 일 　③과거(過去)와 미래(未來)


-----------------------------------
