간격

*****DEFINITION*****
(시간적) interval 버스 운행 간격을 줄이다[늘리다] shorten[lengthen] the interval between buses 2개 뜻 더보기 : (시간적) interval
間隔
间隔 jiàn​gé​   *间隔* | 间隔* | *间隔 compartment / gap / interval / to divide 間隔 HSK 6
間
사이 간 1. 사이 2. 때 3. 동안 4. 차별(差別) 5. 틈, 틈새 6. 간첩(間諜) 7. 혐의 8. 사사로이 9. 몰래, 비밀히(祕密-) 10. 간혹 11. 사이에 두다, 끼이다 12. 섞이다 13. 이간하다(離間--: 헐뜯어 서로 멀어지게... [부수]門(문문) [총획]12획 [난이도]중학용, 읽기 7급II, 쓰기 6급
時間
시간
①어떤 시각(時刻)에서 어떤 시각(時刻)까지의 사이 　②과거(過去)와 현재(現在)와 미래(未來)가 종으로 무한(無限)하게 유전(遺傳)하여 연속(連續)하는 것. 곧, 사물(事物)의 현상(現象)이나 운동(運動)...
瞬間
순간
①극히 짧은 시간(時間). 잠깐 동안　②어떤 일이 일어난 바로 그때 　③선행문(先行文)의 사건(事件)과 후행문의 사건(事件)이 거의 동시(同時)에 이루어짐을 나타낸 말
期間
기간
어느 일정(一定)한 시기(時期)에서 어떤 다른 일정(一定)한 시기(時期)까지의 사이
民間
민간
①일반(一般) 백성(百姓)의 사회(社會) 　②공적(公的)인 기관(機關)에 속하지 않는 것

隔
사이 뜰 격 1. 사이가 뜨다, 사이를 떼다 2. 막다, 막히다 3. 가리다, 숨기다 4. 멀리하다, 등한(等閑)히 하다 5. 멀어지다 6. 나누다, 구획(區劃)을 짓다 7. 바뀌다 8. 치다(=擊) 9. 풀다, 풀리다 10. 거리(距離)... [부수]阝(좌부변) [총획]13획 [난이도]고등용, 읽기 3급II, 쓰기 2급
隔差
격차
비교(比較) 대상(對象)이나 사물(事物) 간(間)의 수준(水準)의 차이(差異)
間隔
간격
①물건(物件)과 물건(物件)과의 거리(距離). 뜬 사이. 간각(間刻). 간통(間通) 　②시간(時間)과 시간(時間)과의 동안. 인터벌 　③인간(人間) 관계(關係)의 소원(疏遠)한 정도(程度). 틈
遠隔
원격
시간(時間)이나 공간적(空間的)으로 멀리 떨어져 있는 것
隔離
격리
멀리 떨어지게 함


-----------------------------------
메워가다

*****DEFINITION*****
(어떤 장소로) go, come, get, (formal) proceed 어디에 가고 싶습니까? Where do you want to go? 10개 뜻 더보기 : (어떤 장소로) go, come, get, (formal) proceed

-----------------------------------
필연

*****DEFINITION*****
우리의 만남은 우연이 아니라 필연이다 Our meeting was no accident; it was inevitable.
必然
必然 bì​rán​   *必然* | 必然* | *必然 inevitable / certain / necessity HSK 5
必
반드시 필 1. 반드시, 틀림없이, 꼭 2. 오로지 3. 가벼이, 소홀히(疏忽-) 4. 기필하다(期必--), 이루어 내다 5. 오로지, 전일하다(專一--) [부수]心(마음심) [총획]5획 [난이도]중학용, 읽기 5급II, 쓰기 4급II
必要
필요
①꼭 소용(所用)이 됨 　②없어서는 아니 됨
必須
필수
①꼭 필요(必要)로 함 　②없어서는 아니 됨
必需的
필수적
①꼭 필요(必要)로 하는 모양(模樣) 　②없어서는 아니 되는 모양(模樣)
必要性
필요성
필요(必要)로 하는 성질(性質)

然
그럴 연,불탈 연 1. 그러하다, 틀림이 없다 2. 그러하게 하다 3. 명백하다(明白--), 분명하다(分明--) 4. 그러하다고 하다 5. ~이다 6. 듯하다 7. 허락하다(許諾--), 동의하다(同意--) 8. 불타다, 불태우다 9. 밝다 10.... [부수]灬(연화발) [총획]12획 [난이도]중학용, 읽기 7급, 쓰기 6급
自然
자연
①저절로 그렇게 되는 모양(模樣). 사람의 힘을 더하지 않는 천연(天然) 그대로의 상태(狀態) 　②조화(調和)의 힘에 의(依)하여 이루어진 일체(一切)의 것
當然
당연
도리(道理) 상(上) 마땅히 해야 할 일
蓋然性
개연성
①꼭 단정(斷定)할 수는 없으나 대개 그러리라고 생각되는 성질(性質) 　②어떤 일이 일어날 수 있는 가능성(可能性)
偶然
우연
①뜻밖에 저절로 되는 일. 우이(偶爾) 　②필연(必然)의 반대(反對) 개념(反對槪念), 곧 필연적(必然的) 법칙(法則)에 포섭(包攝)되지 않는 개념(槪念). 필연적(必然的) 법칙(法則)의 종류(種類)에 따라...


-----------------------------------
과정

*****DEFINITION*****
(진행 상황) process 결과보다 과정을 중요시하다 consider the process as being more important than the result
過程
过程 guò​chéng​   *过程* | 过程* | *过程 course of events / process / CL: 個｜个 過程 HSK 4
過
지날 과,재앙 화 1. 지나다 2. (지나는 길에)들르다 3. 경과하다(經過--) 4. 왕래하다(往來--), 교제하다(交際--) 5. 초과하다(超過--) 6. 지나치다 7. (분수에)넘치다 8. 넘다 9. 나무라다 10. 보다, 돌이켜 보다 11.... [부수]辶(책받침) [총획]13획 [난이도]중학용, 읽기 5급II, 쓰기 4급II
過程
과정
일이 되어 가는 경로(經路)
過去
과거
①지나간 때 　②현재(現在)에 앞선 때 　③지난적 　④삼세(三世)의 하나로 출생(出生)하기 전(前). 전생(前生). 전세(前世) 　⑤하여 버린 동작(動作)을 보이는 어법(語法). ＇았＇, ＇었＇, ＇더＇의...
過剩
과잉
예정(豫定)한 수량(數量)이나 필요(必要)한 수량(數量)보다 많음. ＇지나침＇으로 순화
謝過
사과
잘못에 대(對)하여 용서(容恕)를 빎

程
한도 정,길 정 1. 한도(限度) 2. 길 3. 단위(單位) 4. 법칙(法則) 5. 규정(規定) 6. 법(法) 7. 계량기(計量器) 8. 일정(一定)한 분량(分量) 9. 표준(標準) 10. 가늠하다 11. 벼르다 12. 보이다 13. 헤아리다 [부수]禾(벼화) [총획]12획 [난이도]고등용, 읽기 4급II, 쓰기 3급II
程度
정도
①알맞은 한도(限度). 정한(定限) 　②얼마 가량의 분량(分量) 　③다른 것과 비교(比較)해서 우열(優劣)의 어떠함
過程
과정
일이 되어 가는 경로(經路)
日程
일정
①그 날에 할 일 　②또는, 그 분량(分量), 순서(順序) 　③그 날의 동정(動靜) 　④의회(議會) 등(等)에 있어서 그 날 그날 심의(審議)할 의사(議事)나 그 순서(順序)
課程
과정
①과업(課業)의 정도(程度) 　②학교(學校) 등(等)에서 어느 일정(一定) 기간(期間) 중(中)에 할당(割當)된 학습(學習)ㆍ작업(作業)의 범위(範圍) 　③특(特)히 대학(大學) 등(等)에서 교수(敎授)ㆍ연구(硏究)를...


-----------------------------------
필수

*****DEFINITION*****
(꼭 해야 하거나 있어야 함) 이 공연을 보려면 예약은 필수다 Making a reservation is a must to see this performance.
必須
必须 bì​xū​   *必须* | 必须* | *必须 to have to / must / compulsory / necessarily 必須 HSK 3
必
반드시 필 1. 반드시, 틀림없이, 꼭 2. 오로지 3. 가벼이, 소홀히(疏忽-) 4. 기필하다(期必--), 이루어 내다 5. 오로지, 전일하다(專一--) [부수]心(마음심) [총획]5획 [난이도]중학용, 읽기 5급II, 쓰기 4급II
必要
필요
①꼭 소용(所用)이 됨 　②없어서는 아니 됨
必須
필수
①꼭 필요(必要)로 함 　②없어서는 아니 됨
必需的
필수적
①꼭 필요(必要)로 하는 모양(模樣) 　②없어서는 아니 되는 모양(模樣)
必要性
필요성
필요(必要)로 하는 성질(性質)

須
모름지기 수,수염 수 1. 모름지기 2. 틀림없이 3. 결국(結局) 4. 마침내 5. 드디어 6. 반드시 7. 잠깐 8. 본래 9. 원래 10. 수염 11. 마땅히 ~해야 한다 12. 반드시 ~하여야 한다 13. 필요하다 14. 기다리다 [부수]頁(머리혈) [총획]12획 [난이도]중학용, 읽기 3급, 쓰기 2급
必須
필수
①꼭 필요(必要)로 함 　②없어서는 아니 됨
須要
수요
꼭 소용(所用)되는 바가 있음
必須的
필수적
꼭 필요(必要)로 하는 모양(模樣). 없어서는 아니 되는 모양(模樣)
須彌山
수미산
불교(佛敎)의 우주관(宇宙觀)에서 세계(世界)의 중앙(中央)에 솟아 있다는 산(山)


-----------------------------------
반해

*****DEFINITION*****
(마음이 끌리다) fall in love (with), fall for, (formal) be enamored (of/with), give[lose] one's heart to sb, have a crush on sb, be taken with[by], take a fancy to sb, (Brit, inf) be keen on 그 사람의 어떤 점에 반했어요? What made you fall in love with him?

-----------------------------------
비롯하다

*****DEFINITION*****
선장을 비롯한 승무원 전원이 사망했다 The whole crew, including the captain, died.

-----------------------------------
수반하다

*****DEFINITION*****
accompany, involve, go with 주식 투자는 상당한 위험부담을 수반한다 Investing in stocks involves considerable risk.
隨伴
随伴 suí​bàn​   *随伴* | 随伴* | *随伴 to accompany 隨伴
隨
따를 수,게으를 타 1. 따르다 2. 추종하다(追從--) 3. 부화하다(附和--: 주견이 없이 경솔하게 남의 의견에 따르다) 4. 좇다, 추구하다(追求--) 5. 발 6. 발꿈치 7. 괘(卦)의 이름 8. 따라서 9. 즉시, 곧바로 a. 게으르다... [부수]阝(좌부변) [총획]16획 [난이도]고등용, 읽기 3급II, 쓰기 2급
隨時
수시
①때때로 　②그때그때
隨伴
수반
①붙좇아서 따르는 일. 반수(伴隨) 　②어떤 사물(事物) 현상(現象)에 따라서 함께 생기는 것
隨筆
수필
어떤 양식(樣式)에도 해당(該當)되지 아니하는 산문(散文) 문학(文學)의 한 부문(部門). 인생(人生)과 자연(自然)에 대(對)한 수상(隨相), 수감(隨感), 단상(斷想), 논고(論考), 잡기(雜記) 등(等)이 ...
隨意契約
수의계약
경쟁(競爭) 또는 입찰(入札)의 방법(方法)에 의지(依支) 않고, 상대방(相對方)을 수의로 선택(選擇)하여 이를 체결(締結)하는 계약(契約)

伴
짝 반 1. 짝 2. 반려(伴侶: 짝이 되는 동무) 3. 동반자(同伴者) 4. 벗(비슷한 또래로서 서로 친하게 사귀는 사람) 5. 동료(同僚) 6. 큰 모양 7. 한가로운 모양 8. 모시다 9. 동반하다(同伴--) 10. 의지하다(依支--)... [부수]亻(사람인변) [총획]7획 [난이도]고등용, 읽기 3급, 쓰기 2급
隨伴
수반
①붙좇아서 따르는 일. 반수(伴隨) 　②어떤 사물(事物) 현상(現象)에 따라서 함께 생기는 것
同伴
동반
①데리고 함께 다님 　②길을 같이 감
同伴者
동반자
①동반하는 사람 　②어떤 운동(運動)에 적극적(積極的)으로 참가(參加)하지는 않으나 상당(相當)한 이해(理解)를 가지고 있는 이
伴侶者
반려자
반려(伴侶)가 되는 사람


-----------------------------------
단련

*****DEFINITION*****
(심신을) [명사] training, [동사] train 그는 체력 단련을 위해 조깅을 한다 He jogs for physical training. 3개 뜻 더보기 : (심신을) [명사] training, [동사] train
鍛鍊
锻炼 duàn​liàn​   *锻炼* | 锻炼* | *锻炼 to toughen / to temper / to engage in physical exercise / to work out / (fig.) to develop one's skills / to train oneself 鍛鍊 HSK 3
鍛
불릴 단 1. (쇠를)불리다 2. 두드리다 3. 대장일(수공업적인 방법으로 쇠를 달구어 연장 따위를 만드는 일) 4. 익히다 5. 때리다 6. 숫돌(연장을 갈아 날을 세우는 데 쓰는 돌) 7. 약포(藥脯) [부수]金(쇠금) [총획]17획 [난이도]읽기 2급, 쓰기 1급
鍛鍊
단련
①(쇠붙이를) 불에 달구어 두드려서 단단하게 하는 것 　②(몸을) 운동(運動)을 하거나 힘을 길러서 튼튼한 상태(狀態)로 만드는 것 　③(마음이나 정신(精神)을) 강(强)한 의지(意志)를 갖도록 수련(修練)하는...
可鍛鐵
가단철
선철(銑鐵)이나 또는 주철(鑄鐵) 중(中)의 탄소(炭素)의 함유량(含有量)을 감소(減少)시키어, 단련(鍛鍊)할 수 있게 만든 쇠
可鍛性
가단성
타격(打擊) 등(等)의 외력으로 변형(變形)하는 고체(固體)의 한 성질(性質). 타격(打擊)을 가(加)해서 부서지는 것은 가단성이 약(弱)함
可鍛鑄鐵
가단주철
☞ 가단철(可鍛鐵)

鍊
불릴 련,불릴 연,단련할 련,단련할 연 1. (쇠를)불리다 2. (불에)달구다 3. (몸, 정신)단련하다(鍛鍊--) 4. 반죽하다 5. 익히다 6. 익숙하다 7. 얽다 8. 이기다 9. 불린 쇠 10. 쇠사슬 [부수]金(쇠금) [총획]17획 [난이도]고등용, 읽기 3급II, 쓰기 2급
訓鍊
훈련
무예(武藝)나 기술(技術) 등(等)을 실지(實地)로 활용(活用)할 수 있도록 되풀이하여 연습(練習)하는 일
洗鍊
세련
☞ 세련(洗練)
老鍊
노련
①어떤 일에 대(對)해 오랫동안 경험(經驗)을 쌓아 익숙하고 능란(能爛)함 　②노숙(老熟)함
鍛鍊
단련
①(쇠붙이를) 불에 달구어 두드려서 단단하게 하는 것 　②(몸을) 운동(運動)을 하거나 힘을 길러서 튼튼한 상태(狀態)로 만드는 것 　③(마음이나 정신(精神)을) 강(强)한 의지(意志)를 갖도록 수련(修練)하는...


-----------------------------------
