일상

*****DEFINITION*****
everyday life, daily life 일상의 everyday
日常
日常 rì​cháng​   *日常* | 日常* | *日常 daily / everyday HSK 5
日
날 일 1. 날 2. 해, 태양(太陽) 3. 낮 4. 날수 5. 기한(期限) 6. 낮의 길이 7. 달력 8. 햇볕, 햇살, 햇빛, 일광(日光: 햇빛) 9. 십이장(十二章)의 하나 10. 나날이, 매일(每日) 11. 접때, 앞서, 이왕에(已往-)... [부수]日(날일) [총획]4획 [난이도]중학용, 읽기 8급, 쓰기 6급II
日本
일본
(지리학(地理學)ㆍ지학ㆍ지명(地名)) 아시아 동쪽 끝에 있는 입헌(立憲) 군주국(君主國). 수도(首都)는 도쿄
日程
일정
①그 날에 할 일 　②또는, 그 분량(分量), 순서(順序) 　③그 날의 동정(動靜) 　④의회(議會) 등(等)에 있어서 그 날 그날 심의(審議)할 의사(議事)나 그 순서(順序)
嘉俳日
가배일
☞ 추석(秋夕)
日記
일기
①날마다 규칙적(規則的)으로 하루의 일을 되돌아보면서, 그 날 있었던 일이나 그에 대(對)한 자기(自己)의 생각이나 느낌 따위를 솔직(率直)하게 적는 글. 일지. 다이어리 　②폐한 임금의 재위(在位)...

常
떳떳할 상,항상 상 1. 떳떳하다 2. 항구하다(恒久--), 영원하다(永遠--) 3. 일정하다(一定--) 4. 범상하다(凡常--), 예사롭다(例事--), 평범하다(平凡--) 5. 숭상하다(崇尙--) 6. (변함없이)행하다(行--) 7. 항상(恒常),... [부수]巾(수건건) [총획]11획 [난이도]중학용, 읽기 4급II, 쓰기 3급II
尋常
심상
대수롭지 않고 예사(例事)로움
恒常
항상
①시간적(時間的)으로 끊임없이 　②내내 변(變)함없이. 언제나. 또는, 자주, 늘
常識
상식
①일반인(一般人)이 공통(共通)으로 가지고 있거나, 또는 가지고 있어야 할 보통(普通)의 지식(知識) 　②누구 나가 가지고 있는 흔해 빠진 생각이나 지식(知識)
正常化
정상화
①비정상적(非正常的)인 상태(狀態)가 정상(正常)대로 됨 　②또는, 그렇게 되게 함


-----------------------------------
창대

*****DEFINITION*****
a spear handle[shaft]
槍
枪 Qiāng​   *枪* | 枪* | *枪 surname Qiang 槍
枪 qiāng​   *枪* | 枪* | *枪 gun / firearm / rifle / spear / thing with shape or function similar to a gun / CL: 支, 把, 桿｜杆, 條｜条, 枝 / to substitute for another person in a test / to knock / classifier for rifle shots 槍 HSK 5
枪 qiāng​   *枪* | 枪* | *枪 variant of 槍｜枪 / rifle / spear 鎗 HSK 5
槍
창 창,칠 추 1. 창(槍: 무기의 하나) 2. 나무 3. 어지럽히다 4. 다다르다 5. 막다 a. 치다 (추) b. 몽둥이 (추) [부수]木(나무목) [총획]14획 [난이도]읽기 1급, 쓰기 특급
竹槍
죽창
①대로 만든 창(槍) 　②죽장창(竹長槍)
鏜鈀槍
당파창
군기(軍器)의 하나. 한 가지로 끝이 세 갈래로 째졌고 자루는 긺. 그 사용법(使用法)에는 조천(朝天)ㆍ중평일자(中平一刺)ㆍ중평이자(中平二刺)ㆍ진보호복(進步虎伏)ㆍ호복중평일자(虎伏中平一刺)ㆍ기...
三枝槍
삼지창
①끝이 세 갈래로 갈라진 창(槍) 　②당파창(钂鈀槍) 　③포크(fork)
槍劍舞
창검무
둑제(纛祭)에 창과 칼을 가지고 추던 춤의 이름


-----------------------------------
영문

*****DEFINITION*****
(영어) (written) English 영문 이력서를 내다 submit[hand in] a rsum in English
英文
英文 Yīng​wén​   *英文* | 英文* | *英文 English (language)
英
꽃부리 영,뛰어날 영,못자리의 모 앙 1. 꽃부리(꽃잎 전체를 일컫는 말) 2. 꽃 장식(裝飾) 3. 열매가 맺지 않는 꽃 4. 싹 5. 명예(名譽) 6. 영국의 약칭(略稱) 7. 재주 뛰어나다 a. 못자리의 모 (앙) b. 옮겨 심지 않은 모 (앙) [부수]艹(초두머리) [총획]9획 [난이도]중학용, 읽기 6급, 쓰기 5급
英雄
영웅
①재능(才能)과 지혜(智慧ㆍ知慧)가 비범(非凡)하여 대중(大衆)을 영도하고 세상(世上)을 경륜(經綸)할 만한 사람 　②재능(才能)과 담력(膽力)이 뛰어난 사람
英國
영국
유럽의 서부(西部) 대서양(大西洋) 상(上)에 있는 입헌(立憲) 군주국(君主國). 수도(首都)는 런던
英語
영어
인도(印度)게르만 말 겨레에 딸리며, 영국(英國), 미국(美國) 외(外)에 지난날 영국(英國) 식민지(植民地)였던 많은 나라에서 일상어(日常語)로서 쓰이는 영국말(英國-). 사용(使用) 인구(人口)는 약 2억...
英才
영재
①뛰어난 재주 　②또는 그런 재주를 가진 사람

文
글월 문 1. 글월, 문장(文章) 2. 어구(語句: 말의 마디나 구절), 글 3. 글자 4. 문서(文書) 5. 서적(書籍), 책 6. 문체(文體)의 한 가지 7. 채색(彩色), 빛깔 8. 무늬 9. 학문(學問)이나 예술(藝術) 10. 법도(法道),... [부수]文(글월문) [총획]4획 [난이도]중학용, 읽기 7급, 쓰기 6급
文化
문화
인간(人間)의 공동(共同) 사회(社會)가 이룩하여 그 구성원(構成員)이 함께 누리는, 가치(價値) 있는 삶의 양식(樣式) 및 표현(表現) 체계(體系). 언어(言語)ㆍ예술(藝術)ㆍ종교(宗敎)ㆍ지식(知識)ㆍ도...
注文
주문
①품종(品種)ㆍ수량(數量)ㆍ모양(模樣)ㆍ크기 등(等)을 알려 주고 제작(製作) 또는 송부를 의뢰(依賴)하는 일 　②부탁(付託)하여 이렇게 저렇게 해 달라고 맞추는 일. 또는, 그 조건(條件)
論文
논문
①어떠한 문제(問題)에 관(關)하여 연구(硏究)한 결과(結果)를 논리(論理)에 맞게 풀이한 글 　②의견(意見)을 논술(論述)하는 글
文章
문장
①생각ㆍ느낌ㆍ사상(思想) 등(等)을 글로 표현(表現)한 것 　②구절(句節)을 모아서 한 문제(問題)를 논술(論述)한 글의 한 편. 문장가(文章家) 　③한 나라의 문명(文明)을 형성(形成)한 예악과 제도(制度)...


-----------------------------------
고령

*****DEFINITION*****
old age, advanced age 고령의 aged
高齡
高龄 gāo​líng​   *高龄* | 高龄* | *高龄 elderly 高齡
高
높을 고 1. 높다 2. 뛰어나다 3. 크다 4. 고상하다(高尙--) 5. 존경하다(尊敬--) 6. 멀다 7. 깊다 8. 비싸다 9. 뽐내다 10. 높이, 고도(高度) 11. 위, 윗 12. 높은 곳 13. 높은 자리 14. 위엄(威嚴) [부수]高(높을고) [총획]10획 [난이도]중학용, 읽기 6급II, 쓰기 5급II
最高
최고
①가장 높음 　②제일(第一)임
高校
고교
☞ 고등학교(高等學校)의 준말
高句麗
고구려
B.C. 37년 북부여(北扶餘)의 주몽(朱蒙) 동명왕(東明王)이 세워 A.D. 668년 28대 보장왕(寶藏王) 27년에 이르러 나(羅)ㆍ당(唐) 연합군(聯合軍)에 망한 삼국(三國) 시대(時代)의 한 나라. 700여 년 동안...
高齡化
고령화
사회(社會)에서의 노인(老人)의 인구(人口) 비율(比率)이 높은 상태(狀態)로 나타난 것

齡
나이 령,나이 영 1. 나이 2. 연령(年齡) [부수]齒(이치) [총획]20획 [난이도]읽기 1급, 쓰기 특급
年齡
연령
출생(出生)한 날로부터 오늘까지의 경과(經過) 기간(期間)을 연(年) 또는 연월일(年月日)로 계산(計算)한 수(數). 나이
高齡化
고령화
사회(社會)에서의 노인(老人)의 인구(人口) 비율(比率)이 높은 상태(狀態)로 나타난 것
高齡
고령
①나이가 많음 　②또는, 많은 나이
妙齡
묘령
여자(女子)의 스물 안팎의 꽃다운 나이


-----------------------------------
조급

*****DEFINITION*****
조급하다 quick- [hot-, short-] tempered; impatient; impetuous; hasty.
躁急
躁 躁 zào​   *躁* | 躁* | *躁 hot-tempered / impatient
急 急 jí​   *急* | 急* | *急 urgent / pressing / rapid / hurried / worried / to make (sb) anxious
躁
조급할 조 1. 조급하다(躁急--) 2. 떠들다 3. 성급하다(性急--) 4. 시끄럽다 [부수]𧾷(발족변) [총획]20획 [난이도]읽기 1급, 쓰기 특급
躁急症
조급증
몹시 조급(躁急)해 하는 성질(性質)
躁動
조동
☞ 경거망동(輕擧妄動)
輕躁
경조
하는 짓이 방정맞고 성미(性味)가 조급(躁急)함. 침착(沈着)하지 아니함
躁急
조급
참을성이 없이 매우 급(急)함

急
급할 급 1. 급하다(急--) 2. 중요하다(重要--) 3. 켕기다(마음속으로 겁이 나고 탈이 날까 불안해하다) 4. 재촉하다 5. 빠르다 6. 긴요하다(緊要--) 7. 줄다 8. 경계하다(警戒--) 9. 갑자기 10. 엄하게 11. 휴가(休暇) [부수]心(마음심) [총획]9획 [난이도]중학용, 읽기 6급II, 쓰기 5급II
緊急
긴급
①요긴(要緊)하고 급함 　②일이 중대(重大)하고도 급함 　③현악기(絃樂器)의 줄이 되고 팽팽함
急騰
급등
물가(物價)나 시세(時勢) 따위가 갑자기 오름
急激
급격
급(急)하고 격렬(激烈)함
急增
급증
①급(急)히 늘어남 　②급(急)히 불어남


-----------------------------------
모진

*****DEFINITION*****
(마음·행동 등이) hard (on), harsh, heartless 마음을 모질게 먹다 harden one's heart 4개 뜻 더보기 : (마음·행동 등이) hard (on), harsh, heartless

-----------------------------------
우여곡절

*****DEFINITION*****
complications, vicissitudes, twists and turns, (informal) ups and downs 그 사건은 우여곡절 끝에 마침내 해결되었다 The matter was settled at last after many twists and turns.
迂餘曲折
迂回曲折 yū​huí​qū​zhé​   *迂回曲折* | 迂回曲折* | *迂回曲折 meandering and circuitous (idiom); complicated developments that never get anywhere / going around in circles
迂
에돌 우,굽을 오 1. 에돌다(선뜻 나아가지 아니하고 멀리 피하여 돌다) 2. 멀다 3. 굽히다, 기세(氣勢)를 꺾다 4. 피하다(避--) 5. 억제하다(抑制--) 6. 옳지 않다, 비뚤다 7. 잘못하다, 실수하다(失手--) 8. 에두르다(에워서... [부수]辶(책받침) [총획]7획 [난이도]읽기 1급, 쓰기 특급
迂廻
우회
곧바로 가지 않고 돌아감
迂回
우회
☞ 우회(迂廻)
迂廻的
우회적
에돌아가는 (것)
迂妄
우망
오망의 변한 말

餘
남을 여 1. 남다 2. 남기다 3. 나머지 4. 나머지 시간(時間) 5. 여가 6. 여분 7. 정식 이외의 8. 다른 [부수]飠(밥식변) [총획]15획 [난이도]중학용, 읽기 4급II, 쓰기 3급II
餘裕
여유
①넉넉하고 남음이 있음 　②성급(性急)하지 않고 너그럽게 생각하는 마음
餘地
여지
①남은 땅. 여분(餘分)의 토지(土地) 　②여망(餘望)이 있는 앞길. 어떤 일이 일어날 가능성이나 희망　③나위
餘波
여파
①큰 물결이 지나간 뒤에 남는 잔물결 　②어떤 일이 일어난 뒤에 남아 미치는 그 영향(影響)
餘暇
여가
남은 시간(時間), 겨를, 틈

曲
굽을 곡,누룩 곡 1. 굽다 2. 굽히다 3. 도리(道理)에 맞지 않다 4. 바르지 않다 5. 불합리하다 6. 정직하지 않다 7. 공정(公正)하지 않다 8. 그릇되게 하다 9. 자세하다(仔細ㆍ子細--) 10. 구석 11. 가락 12. 악곡(樂曲)... [부수]曰(가로왈) [총획]6획 [난이도]중학용, 읽기 5급, 쓰기 4급
歪曲
왜곡
비틀어 곱새김
婉曲
완곡
①말ㆍ행동(行動)을 빙둘러서 함 　②말씨가 노골적(露骨的)이 아님
懇曲
간곡
①간절(懇切)하고 곡진(曲盡)함 　②간절(懇切)하고 마음과 정성(精誠)이 지극(至極)함
戱曲
희곡
서정시(抒情詩)와 서사시(敍事詩)가 종합(綜合)되어 특정(特定)한 처소(處所)를 설정(設定)하고, 인물(人物)의 행동(行動), 대화(對話), 혼자말 등(等)을 직접적(直接的), 구체적(具體的)으로 표현(表現)...

折
꺾을 절,천천히 할 제 1. 꺾다 2. 값을 깎다, 할인하다(割引--) 3. 꺾이다, 부러지다 4. 타협하다(妥協--) 5. 결단하다(決斷--), 판단하다(判斷--) 6. 꾸짖다 7. 따지다, 힐난하다(詰難--), 헐뜯다 8. 자르다, 쪼개다 9. 찢다... [부수]扌(재방변) [총획]7획 [난이도]고등용, 읽기 4급, 쓰기 3급
折半
절반
①하나를 둘로 똑같이 나눔. 일반(一半)　②또는, 그 반(半)
挫折
좌절
마음과 기운(氣運)이 꺾임
折衷
절충
어느 편으로 치우치지 않고 이것과 저것을 취사(取捨)하여 그 알맞은 것을 얻음
折衝
절충
적의 창끝을 꺾어 막는다는 뜻에서, 　외교(外交), 기타의 교섭(交涉)에서 담판(談判)하거나 흥정하는 일


-----------------------------------
태중

*****DEFINITION*****
pregnancy, the period of maternity 그 여자는 태중이다 She is pregnant[with child].
胎中
胎 胎 tāi​   *胎* | 胎* | *胎 fetus / litter / tire / abbr. of 輪胎｜轮胎
中 中 Zhōng​   *中* | 中* | *中 China / Chinese / surname Zhong
  中 zhōng​   *中* | 中* | *中 within / among / in / middle / center / while (doing sth) / during / (dialect) OK / all right
  中 zhòng​   *中* | 中* | *中 to hit (the mark) / to be hit by / to suffer / to win (a prize, a lottery)
胎
아이 밸 태 1. 아이를 배다 2. 잉태하다(孕胎--) 3. (아이를)기르다 4. 단련하다(鍛鍊--) 5. 태아(胎兒) 6. 태(胎), 태반(胎盤) 7. 근원(根源), 조짐(兆朕) 8. 처음 9. 방주(蚌珠), 진주(眞珠) [부수]月(육달월) [총획]9획 [난이도]읽기 2급, 쓰기 1급
孕胎
잉태
아이를 뱀
奪胎
탈태
환골탈태(換骨奪胎)의 준말
胎葉
태엽
시계(時計)나 장난감 따위의 기계(機械)에서, 탄력(彈力)을 이용(利用)하여 동력(動力)으로 쓰는 부속품(附屬品). 얇고 긴 강철(鋼鐵) 띠를 돌돌 말아 넣었음
母胎
모태
①어머니의 태 안. 　②사물(事物)이 발생(發生)ㆍ발전(發展)하는데 바탕이 된 토대(土臺)를 비유(比喩ㆍ譬喩)하여 이르는 말

中
가운데 중 1. 가운데 2. 안, 속 3. 사이 4. 진행(進行) 5. 마음, 심중(心中) 6. 몸, 신체(身體) 7. 내장(內臟) 8. 중도(中途) 9. 절반(折半) 10. 장정(壯丁) 11. 관아의 장부(帳簿ㆍ賬簿), 안건(案件) 12. 가운데... [부수]丨(뚫을곤) [총획]4획 [난이도]중학용, 읽기 8급, 쓰기 6급II
中國
중국
①유라시아 대륙(大陸)의 동남부(東南部)를 차지하는 나라. 1949년 중화인민공화국(中華人民共和國)과 중화민국(中華民國)으로 분단됨. 차이나 　②중화인민공화국(中華人民共和國)
中斷
중단
①중도(中途)에서 끊어짐. 또는, 끊음 　②중도(中途)에서 단절(斷切)하여 이제까지의 효력(效力)을 잃게 함
集中
집중
①(어떤 일ㆍ현상(現象)ㆍ대상(對象) 등(等)이) 한 곳이나 한 대상(對象)에, 또는 한정(限定)된 짧은 시간(時間)에 몰리거나 쏠리게 함 　②(어떤 일에 정신(精神)을) 바짝 차리고 쏠리게 함 　③(어떤...
中心
중심
①한가운데, 복판 　②중요(重要)하고 기본(基本)이 되는 부분(部分), 줏대


-----------------------------------
복중

*****DEFINITION*****
(in) mourning, (during) the mourning period
服中
服 服 fú​   *服* | 服* | *服 clothes / dress / garment / to serve (in the military, a prison sentence etc) / to obey / to convince / to admire / to acclimatize / to take (medicine) / mourning clothes / to wear mourning clothes
  服 fù​   *服* | 服* | *服 dose (measure word for medicine) / Taiwan pr. [fu2]
中 中 Zhōng​   *中* | 中* | *中 China / Chinese / surname Zhong
  中 zhōng​   *中* | 中* | *中 within / among / in / middle / center / while (doing sth) / during / (dialect) OK / all right
  中 zhòng​   *中* | 中* | *中 to hit (the mark) / to be hit by / to suffer / to win (a prize, a lottery)
服
옷 복 1. 옷, 의복(衣服) 2. 복(服) 3. 일 4. 한 번에 마시는 약의 분량(分量) 5. 직책(職責), 직업(職業) 6. 일용품(日用品) 7. 전동(箭筒: 화살을 담아 두는 통) 8. 수레를 끄는 말 9. 올빼미(올빼밋과의 새)... [부수]月(달월) [총획]8획 [난이도]중학용, 읽기 6급, 쓰기 5급
克服
극복
①싸움에 이겨서 적을 복종(服從)시킴 　②곤란(困難)을 이겨내어 마음대로 함
衣服
의복
옷. 몸을 싸서 가리거나 보호(保護)하기 위하여 피륙 따위로 만들어 입는 물건(物件)
屈服
굴복
①굽혀 복종(服從)함 　②힘이 모자라 복종(服從)함
降服
항복
☞ 항복(降伏)

中
가운데 중 1. 가운데 2. 안, 속 3. 사이 4. 진행(進行) 5. 마음, 심중(心中) 6. 몸, 신체(身體) 7. 내장(內臟) 8. 중도(中途) 9. 절반(折半) 10. 장정(壯丁) 11. 관아의 장부(帳簿ㆍ賬簿), 안건(案件) 12. 가운데... [부수]丨(뚫을곤) [총획]4획 [난이도]중학용, 읽기 8급, 쓰기 6급II
中國
중국
①유라시아 대륙(大陸)의 동남부(東南部)를 차지하는 나라. 1949년 중화인민공화국(中華人民共和國)과 중화민국(中華民國)으로 분단됨. 차이나 　②중화인민공화국(中華人民共和國)
中斷
중단
①중도(中途)에서 끊어짐. 또는, 끊음 　②중도(中途)에서 단절(斷切)하여 이제까지의 효력(效力)을 잃게 함
集中
집중
①(어떤 일ㆍ현상(現象)ㆍ대상(對象) 등(等)이) 한 곳이나 한 대상(對象)에, 또는 한정(限定)된 짧은 시간(時間)에 몰리거나 쏠리게 함 　②(어떤 일에 정신(精神)을) 바짝 차리고 쏠리게 함 　③(어떤...
中心
중심
①한가운데, 복판 　②중요(重要)하고 기본(基本)이 되는 부분(部分), 줏대


-----------------------------------
족속

*****DEFINITION*****
(패거리) gang, bunch, party, set, lot 그들은 염치라고는 없는 족속들이다 They are a shameless bunch.
族屬
族 族 zú​   *族* | 族* | *族 race / nationality / ethnicity / clan / by extension, social group (e.g. office workers 上班族)
屬 属 shǔ​   *属* | 属* | *属 category / genus (taxonomy) / family members / dependents / to belong to / subordinate to / affiliated with / be born in the year of (one of the 12 animals) / to be / to prove to be / to constitute 屬
  属 zhǔ​   *属* | 属* | *属 to join together / to fix one's attention on / to concentrate on 屬
族
겨레 족,풍류 가락 주 1. 겨레 2. 일가(一家) 3. 친족 4. 무리(모여서 뭉친 한 동아리) 5. 성(姓)의 하나 6. 씨족을 멸하다(滅--) 7. 떼짓다 a. 풍류(風流) 가락 (주) b. 악기(樂器)를 타다 (주) [부수]方(모방) [총획]11획 [난이도]중학용, 읽기 6급, 쓰기 5급
家族
가족
①부부(夫婦)를 기초(基礎)로 하여 한 가정(家庭)을 이루는 사람들 　②가족(家族) 제도(制度)에서, 한 집의 친족(親族). 한 집안의 친족(親族) 가족(家族) 제도(制度)에 있어서 호주(戶主)의 친족(親族)...
民族
민족
인종적(人種的), 지역적(地域的) 기원(起源ㆍ起原)이 같고, 문화적(文化的) 전통(傳統)과 역사적(歷史的) 운명(運命)을 같이 하는 사람의 집단(集團)
遺族
유족
죽은 사람의 뒤에 남은 가족(家族)
族譜
족보
한 집안의 계통(系統)과 혈통(血統)의 관계(關係)를 적어 놓은 책(冊), 　한 족속(族屬)의 세계(世界)를 적은 책(冊)

屬
무리 속,이을 촉 1. 무리(모여서 뭉친 한 동아리) 2. 동아리(같은 뜻을 가지고 모여서 한패를 이룬 무리) 3. 벼슬아치 4. 혈족(血族) 5. 붙다 6. 부착하다(附着ㆍ付着--) 7. 거느리다 8. 복종하다(服從--) 9. 수행하다(遂行--)... [부수]尸(주검시엄) [총획]21획 [난이도]고등용, 읽기 4급, 쓰기 3급
所屬
소속
①일정(一定)한 기관(機關)이나 단체(團體)에 속(屬)함 　②또는 속하고 있는 것이나 그 속(屬)한 곳
繫屬
계속
①다른 것에 매여 딸림 　②남의 관리(管理)를 받음
金屬
금속
금붙이나 쇠붙이
直屬
직속
직접적(直接的)으로 예속(隸屬)됨


-----------------------------------
부실

*****DEFINITION*****
(튼튼하지 못하다) [형용사] weak, poor, sickly 몸이 부실하다 be poor in health 2개 뜻 더보기 : (튼튼하지 못하다) [형용사] weak, poor, sickly
不實
不 不 bù​   *不* | 不* | *不 (negative prefix) / not / no HSK 1
實 实 shí​   *实* | 实* | *实 real / true / honest / really / solid / fruit / seed / definitely 實
不
아닐 불,아닐 부 1. 아니다 2. 아니하다 3. 못하다 4. 없다 5. 말라 6. 아니하냐 7. 이르지 아니하다 8. 크다 9. 불통(不通: 과거에서 불합격의 등급) 10. 꽃받침, 꽃자루 a. 아니다 (부) b. 아니하다 (부) c. 못하다 (부)... [부수]一(한일) [총획]4획 [난이도]중학용, 읽기 7급II, 쓰기 6급
不可避
불가피
피할 수 없음
不拘
불구
주로 ＇∼하고＇로 쓰이어, 　＇무엇에 얽매이거나 거리끼지 아니하고＇의 뜻
不動産
부동산
토지(土地)나 집처럼 움직여서 옮길 수가 없는 재산(財産). 민법(民法) 상(上) 토지(土地) 및 건물(建物). 입목(立木)과 같은 토지(土地) 정착물(定着物)
不足
부족
①필요(必要)한 양이나 한계(限界)에 미치지 못하고 모자람. 넉넉하지 못함 　②만족(滿足)하지 않음. 마음에 차지 않음

實
열매 실,이를 지 1. 열매 2. 씨, 종자 3. 공물(貢物) 4. 재물(財物), 재화(財貨) 5. 내용(內容) 6. 바탕, 본질(本質) 7. 녹봉(祿俸: 벼슬아치에게 주던 급료), 작록(爵祿: 관작(官爵)과 봉록(俸祿)) 8. 자취(어떤 것이... [부수]宀(갓머리) [총획]14획 [난이도]중학용, 읽기 5급II, 쓰기 4급II
事實
사실
①실제(實際)로 있었던 일, 또는 있는 일 　②법률(法律) 상(上)으로 효과(效果)를 내는 현상(現象)이나 경험(經驗) 　③생각하였거나 말한 일에 대(對)하여 현실(現實)로 이루어졌거나 일어난 일로서...
實際
실제
현실(現實)의 경우(境遇)나 형편(形便)
實施
실시
실제(實際)로 시행(施行)함
實踐
실천
①실제(實際)로 해냄 　②자연(自然)이나 사회(社會)를 변혁(變革)하는 의식적(意識的)이고 계획적(計劃的)인 모든 활동(活動) 　③얻어진 인식(認識)의 참과 거짓을 검증(檢證)하는 일


-----------------------------------
커녕

*****DEFINITION*****
칭찬은커녕 꾸지람만 들었다 Far from receiving praise, I was scolded.

-----------------------------------
유약하다

*****DEFINITION*****
weak, vulnerable, weak-kneed 유약한 태도를 보이다 show a weak-kneed attitude
柔弱
柔弱 róu​ruò​   *柔弱* | 柔弱* | *柔弱 weak / delicate
柔
부드러울 유 1. 부드럽다 2. 순하다(順--) 3. 연약하다(軟弱--), 여리다, 무르다 4. 복종하다(服從--), 좇다 5. 편안(便安)하게 하다 6. 사랑하다 7. 쌍일(雙日: 짝숫날) [부수]木(나무목) [총획]9획 [난이도]중학용, 읽기 3급II, 쓰기 2급
柔軟性
유연성
유연(柔軟)한 성질(性質)
柔軟
유연
부드럽고 연함
懷柔
회유
①어루만지어 달램 　②교묘(巧妙)한 수단(手段)으로 설복(說伏)시킴
柔道
유도
일본(日本)의 독특(獨特)한 무술(武術)의 한 가지. 상대편(相對便)의 공격(攻擊)에 반항(反抗)하지 아니하고 그 힘을 역(逆) 이용(利用)하여 상대편(相對便)을 던지어 넘기고 또는 누르며, 혹은 맨손 또는...

弱
약할 약 1. 약하다(弱--) 2. 약하게 만들다 3. 약해지다 4. 쇠해지다 5. 수가 모자라다 6. 잃다 7. 패하다(敗--) 8. 침노하다(侵擄--: 불법으로 침범하다) 9. 날씬하다 10. 젊다 11. 약한 자 [부수]弓(활궁) [총획]10획 [난이도]중학용, 읽기 6급II, 쓰기 5급II
脆弱
취약
①무르고 약함 　②가냘픔
懦弱
나약
의지(意志)가 굳세지 못함
弱者
약자
힘이나 기능(機能)이 약한 사람이나 생물(生物) 또는 집단(集團)
弱化
약화
①약하여짐 　②또는, 약하게 함


-----------------------------------
게다가

*****DEFINITION*****
besides, further, (formal) moreover, (formal) furthermore, in addition 그녀는 친절하고, 게다가 예쁘기까지 하다 She is kind, and besid