단계

*****DEFINITION*****
stage, phase, step 실험 단계 an experimental stage[phase]
段階
段 段 Duàn​   *段* | 段* | *段 surname Duan
  段 duàn​   *段* | 段* | *段 paragraph / section / segment / stage (of a process) / classifier for stories, periods of time, lengths of thread etc HSK 3
階 阶 jiē​   *阶* | 阶* | *阶 rank or step / stairs 階
段
층계 단 1. 층계(層階), 단 2. 구분(區分), 갈림 3. 부분(部分), 단락(段落) 4. 가지, 종류(種類) 5. 단편(斷片), 조각 6. 방법(方法) 7. 반 필(1필의 반) 8. 포(脯), 포육(脯肉: 얇게 저미어서 양념을 하여 말린... [부수]殳(갖은등글월문) [총획]9획 [난이도]고등용, 읽기 4급, 쓰기 3급
段階
단계
①일의 차례(次例)를 따라 나아가는 과정(過程) 　②순서(順序). 차례(次例)
手段
수단
①어떤 목적(目的)을 이루기 위(爲)한 행동(行動) 방도 　②일을 다루어 처리(處理)하는 능력(能力)이나 솜씨 　③어떤 활동(活動)을 실천(實踐)에 옮기기 위(爲)한 설비(設備)나 도구(道具), 또는 대상(對象)
段階的
단계적
차례(次例)를 따라 구분(區分)하는 모양(模樣)
階段
계단
①층층대 　②어떤 일을 하는데 밟아야 할 일정(一定)한 순서(順序)

階
섬돌 계 1. 섬돌(집채의 앞뒤에 오르내릴 수 있게 놓은 돌층계) 2. 층계(層階), 한 계단(階段) 3. 품계(品階), 관등(官等), 벼슬 차례(次例) 4. 차례(次例) 5. 실마리 6. 사다리 7. 길 8. 연고(緣故), 인연(因緣)... [부수]阝(좌부변) [총획]12획 [난이도]고등용, 읽기 4급, 쓰기 3급
段階
단계
①일의 차례(次例)를 따라 나아가는 과정(過程) 　②순서(順序). 차례(次例)
階層
계층
①층계(層階) 　②사회(社會)를 구성(構成)하는 여러 가지 층 　③한 계급(階級) 안의 층별
階級
계급
①지위(地位), 관직(官職) 등(等)의 등급(等級) 　②세습적(世襲的)인 신분(身分) 　③직업(職業) 등(等)에 의(依)한 사회적(社會的)인 지위(地位) 　④경제(經濟) 체계(體系)에서 생산(生産) 수단(手段)에...
段階的
단계적
차례(次例)를 따라 구분(區分)하는 모양(模樣)


-----------------------------------
황홀

*****DEFINITION*****
[명사] ecstasy, (literary) rapture , [형용사] wonderful, blissful, entrancing 황홀한 기분이 들었다 It felt so magnificent.
恍惚
恍惚 huǎng​hū​   *恍惚* | 恍惚* | *恍惚 absent-minded / distracted / dazzled / vaguely / dimly
恍忽 huǎng​hū​   *恍忽* | 恍忽* | *恍忽 variant of 恍惚
恍
황홀할 황,용맹스러운 모양 광 1. 황홀하다(恍惚ㆍ慌惚--) 2. 멍하다 3. 어슴푸레하다 4. 마음을 빼앗겨 멍한 모양 5. 형체가 없는 모양 6. 어슴푸레한 모양 a. 용맹스러운 모양 (광) [부수]忄(심방변) [총획]9획 [난이도]읽기 1급, 쓰기 특급
恍惚
황홀
①광채(光彩)가 어른어른하여 눈이 부심 　②사물(事物)에 마음이 팔려 멍하니 서 있는 모양(模樣) 　③미묘(微妙)하여 헤아려 알기 어려움 　④흐릿하여 분명(分明)하지 아니함
昏恍
혼황
혼수(昏睡)에 이르는 단계(段階)의 하나. 그 의식(意識)의 변화(變化)가 얕은 상태(狀態)로 외계(外界)의 지각(知覺)이나 심내(心內)의 체험(體驗)이 모두 불분명(不分明)하고 모든 정신적(精神的) 과정(科程)의...

惚
황홀할 홀 1. 황홀하다(恍惚ㆍ慌惚--) 2. 흐릿하다 3. 확실(確實)하게 보이지 않는 모양 4. 마음을 빼앗겨 멍한 모양 [부수]忄(심방변) [총획]11획 [난이도]읽기 1급, 쓰기 특급
恍惚
황홀
①광채(光彩)가 어른어른하여 눈이 부심 　②사물(事物)에 마음이 팔려 멍하니 서 있는 모양(模樣) 　③미묘(微妙)하여 헤아려 알기 어려움 　④흐릿하여 분명(分明)하지 아니함
慌惚
황홀
☞ 황홀(恍惚)
怳惚境
황홀경
황홀(恍惚)한 경지(境地)나 지경(地境)
自惚
자홀
①스스로 황홀(恍惚)함 　②자기(自己) 도취(陶醉)에 빠짐


-----------------------------------
지속

*****DEFINITION*****
last, continue, endure; (고통 등) persist 평화로운 상태가 얼마 동안 지속되었다 Peace lasted for a while.
持續
持续 chí​xù​   *持续* | 持续* | *持续 to continue / to persist / sustainable / preservation 持續 HSK 5
持
가질 지 1. 가지다, (손에)쥐다, 잡다 2. 지니다 3. 버티다, 견디어내다, 대립하다(對立--) 4. 보전하다(保全--), 보존하다(保存--) 5. 지키다, 유지하다(維持--) 6. 균형(均衡)이 깨지지 아니하다, 형편(形便)에... [부수]扌(재방변) [총획]9획 [난이도]중학용, 읽기 4급, 쓰기 3급
維持
유지
①지탱(支撐)하여 감 　②또는 버티어 감
支持
지지
①붙들어서 버티는 것. 또는, 부지하여 지니는 것 　②개인(個人)이나 단체(團體) 등(等)의 주의(主義)ㆍ정책(政策) 등(等)에 찬동(贊同)하여 도와서 힘을 쓰는 것. 또는, 그 원조(援助) 　③(경제학(經濟學))...
持續
지속
①계속(繼續)해 지녀 나감 　②같은 상태(狀態)가 오래 계속(繼續)됨
持續的
지속적
오래 계속(繼續)되는 (것)

續
이을 속 1. 잇다 2. 잇닿다(서로 이어져 맞닿다) 3. 계속하다(繼續--) 4. 이어지다 5. 보태다 6. 더하다 7. 계승하다(繼承--) 8. 계속(繼續) [부수]糸(실사) [총획]21획 [난이도]중학용, 읽기 4급II, 쓰기 3급II
繼續
계속
끊어지지 않고 뒤를 이어 나감
持續
지속
①계속(繼續)해 지녀 나감 　②같은 상태(狀態)가 오래 계속(繼續)됨
持續的
지속적
오래 계속(繼續)되는 (것)
連續
연속
①끊이지 않고 죽 이음 　②어느 함수(函數)가 일정(一定)한 범위(範圍) 안에서 독립(獨立) 변수(變數)의 어느 값에 대(對)하여도 끊임없이 이어지는 모양(模樣). 곧, yf(x)에서 x가 a일 때 f(x)가 f(a)이면...


-----------------------------------
침체

*****DEFINITION*****
(경제·경기 등의) recession, depression, slump, stagnation, be depressed, become stagnant 경기 침체 economic recession[depression; downturn; doldrums; stagnation] 2개 뜻 더보기 : (경제·경기 등의) recession, depression, slump, stagnation, be depressed, become stagnant
沈滯
沈 沈 Shěn​   *沈* | 沈* | *沈 surname Shen / place name
  沈 chén​   *沈* | 沈* | *沈 variant of 沉
  沈 shěn​   *沈* | 沈* | *沈 liquid / to pour 瀋
滯 滞 zhì​   *滞* | 滞* | *滞 sluggish 滯
沈
잠길 침,성씨 심 1. 잠기다 2. 가라앉다 3. 빠지다 4. (원기를)잃다 5. 오래다 6. 오래되다 7. 침울하다 8. 막히다 9. 무겁다 10. 숨다 11. 늪(땅바닥이 우묵하게 뭉떵 빠지고 늘 물이 괴어 있는 곳) 12. 진흙 13. 호수(湖水)... [부수]氵(삼수변) [총획]7획 [난이도]고등용, 읽기 3급II, 쓰기 2급
沈滯
침체
①오래도록 벼슬이 오르지 않음 　②일이 잘 진전되지 않음
沈默
침묵
잠잠(潛潛)하게 아무말도 하지않음
沈沒
침몰
물에 빠져서 가라앉음
沈淸傳
심청전
조선(朝鮮) 시대(時代)에 쓰여진, 작자(作者)ㆍ연대(年代) 미상(未詳)의 고대(古代) 소설(小說)의 하나. 작자(作者) 연대(年代) 미상(未詳)의 고전(古典) 소설(小說). 국문본(國文本)

滯
막힐 체 1. 막히다 2. 유통(流通)되지 않다 3. 남다 4. 구애되다(拘礙--), 얽매이다 5. 쌓이다 6. 머무르다 7. 버려지다 8. 엉기다(한 덩어리가 되면서 굳어지다) 9. 오래 되다 10. (판단하기)어렵다 11. 빠뜨리다,... [부수]氵(삼수변) [총획]14획 [난이도]고등용, 읽기 3급II, 쓰기 2급
沈滯
침체
①오래도록 벼슬이 오르지 않음 　②일이 잘 진전되지 않음
滯留
체류
①사물(事物)의 진전(進展)이 머뭇거림 　②여행지(旅行地) 등(等)에서 오래 머물러 있음
停滯
정체
①사물(事物)이 한 곳에 그쳐서 쌓임 　②정지(停止)하여 체류(滯留)함
延滯
연체
①늦추어 지체(遲滯)함 　②기한(期限)이 늘어 지체(遲滯)됨


-----------------------------------
방치

*****DEFINITION*****
leaving alone, negligence, 방치하다 leave[let] 《a thing, a person》 alone, leave 《a matter》 as it is, leave 《a person》 to himself, leave 《a matter》 to chance, neglect 방치된 물건 a thing left alone
放置
放置 fàng​zhì​   *放置* | 放置* | *放置 to put
放
놓을 방 1. 놓다, 놓이다, 석방되다(釋放--) 2. 내쫓다, 추방하다(追放--) 3. 내놓다, 꾸어주다 4. 버리다 5. 달아나다, 떠나가다 6. 널리 펴다, 넓히다 7. (꽃이)피다 8. (빛을)발하다 9. 내걸다, 게시하다(揭示--)... [부수]攵(등글월문) [총획]8획 [난이도]중학용, 읽기 6급II, 쓰기 5급II
放送
방송
라디오나 텔레비전을 통(通)해서 보도(報道), 음악(音樂), 연예(演藝) 등(等)을 내어 보내어 널리 듣게 함
開放
개방
①문 등(等)을 활짝 열어 놓음 　②속박(束縛)을 풀어서 자유(自由)를 줌 　③숨김이 없음
放置
방치
그대로 내버려 둠
放漫
방만
엉터리 없고 제멋대로임

置
둘 치 1. 두다, 배치하다(配置--) 2. 내버려 두다 3. 버리다, 폐기하다(廢棄--) 4. 사면하다(赦免--), 석방하다(釋放--) 5. 베풀다(일을 차리어 벌이다, 도와주어서 혜택을 받게 하다), 차려 놓다 6. 세우다,... [부수]罒(그물망머리) [총획]13획 [난이도]고등용, 읽기 4급II, 쓰기 3급II
措置
조치
일을 잘 정돈(整頓)하여 처치(處置)함
設置
설치
①(어떤 기계(機械)나 장치(裝置) 등(等)을 어느 곳에) 달거나 매거나 붙이거나 하여 놓아두는 것 　②(어떤 단체(團體)나 기관(機關)에 특정(特定)한 목적(目的)의 기구(機構)나 조직(組織)이나 건물(建物)...
裝置
장치
①차리어 둠. 어떤 목적(目的)에 따라서 기능(機能)을 발휘(發揮)할 수 있도록 기계(機械)나 도구(道具)를 그 장소(場所)에 정착시키는 것. 또는, 그 기계(機械)ㆍ도구(道具)ㆍ설비(設備) 　②만들어 둠...
放置
방치
그대로 내버려 둠


-----------------------------------
세기

*****DEFINITION*****
century 세기의 비극[영웅] the tragedy[hero] of the century
世紀
世纪 shì​jì​   *世纪* | 世纪* | *世纪 century / CL: 個｜个 世紀 HSK 4
世
인간 세,대 세 1. 인간(人間) 2. 일생(一生) 3. 생애(生涯) 4. 한평생(-平生) 5. 대(代), 세대(世代) 6. 세간(世間: 세상 일반) 7. 시대(時代) 8. 시기(時期) 9. 백 년(百年) 10. 맏 11. 세상(世上) 12. 성(姓)의 하나... [부수]一(한일) [총획]5획 [난이도]중학용, 읽기 7급II, 쓰기 6급
世界
세계
①온 세상(世上) 　②지구(地球) 상(上)의 모든 나라 　③지구(地球) 전체(全體)
世上
세상
①인류(人類)가 살고 있는 지구(地球) 위 　②한 사람이 태어나서 죽을 때까지의 동안 　③활동(活動)하거나 생활(生活)하고 있는 사회(社會) 　④천상(天上)에 대(對)한 지상(地上) 　⑤제 마음대로 판을...
世襲
세습
그 집에 속(屬)하는 신분(身分), 재산(財産), 작위(爵位), 업무(業務) 등(等)을 대대(代代)로 물려받는 일
世界的
세계적
한 나라에 국한(局限)하지 않고 세계(世界) 전체(全體)의 범위(範圍)나 규모(規模)로 되는 것

紀
벼리 기 1. 벼리(그물 코를 꿴 굵은 줄ㆍ일이나 글의 뼈대가 되는 줄거리) 2. 해 3. 세월(歲月) 4. 지질의 연대 5. 밑바탕 6. 실마리 7. 단서(端緖) 8. 법(法) 9. 도덕(道德) 10. 규율(規律) 11. 터 12. 계통(系統)을... [부수]糸(실사) [총획]9획 [난이도]고등용, 읽기 4급, 쓰기 3급
紀綱
기강
(으뜸이 되는 중요(重要)한)규율(規律)과 질서(秩序). 기율(紀律)과 법강(法綱)
世紀
세기
①시대(時代) 　②서력(西曆)에서, 그리스도 탄생(誕生)을 기원(紀元)으로 하여 100년을 1기로 하는 시대(時代) 구획(區劃)의 단위(單位) 　③백년(百年) 　④매우 길고 오랜 세월(歲月)
紀念
기념
①뒤에 어떤 일을 상기(想起)할 근거(根據)로 삼음 　②또는 그 물건(物件) 　③지난 일을 상기(想起)하여 기억(記憶)을 새롭게 함
半世紀
반세기
한 세기(世紀)의 절반(折半). 곧 오십 년


-----------------------------------
수도사

*****DEFINITION*****
monk

-----------------------------------
주제

*****DEFINITION*****
subject, topic; (테마) theme, leitmotif 주제를 꺼내다 bring up a subject
主題
主题 zhǔ​tí​   *主题* | 主题* | *主题 theme / subject 主題 HSK 6
主
임금 주,주인 주 1. 임금 2. 주인(主人), 임자, 소유주(所有主) 3. 우두머리 4. 상전(上典) 5. 여호와, 하느님, 알라(Allah) 6. 주체(主體) 7. 당사자(當事者), 관계자(關係者) 8. 결혼(結婚) 상대자(相對者) 9. 자신(自身)... [부수]丶(점주) [총획]5획 [난이도]중학용, 읽기 7급, 쓰기 6급
主張
주장
①자기(自己) 의견(意見)을 굳이 내세움 　②또는, 그 지설 　③주재(主宰)
主導
주도
주장(主將)이 되어 이끎
主要
주요
가장 소중(所重)하고 긴요(緊要)함
主宰
주재
①주장(主掌)하여 맡음 　②또는, 그 사람

題
제목 제 1. 제목(題目) 2. 머리말 3. 물음 4. 이마(앞머리) 5. 품평(品評) 6. 적다 7. 글을 쓰다 8. 값을 매기다 [부수]頁(머리혈) [총획]18획 [난이도]중학용, 읽기 6급II, 쓰기 5급II
問題
문제
①대답(對答), 해답(解答) 따위를 얻으려고 낸 물음 　②의논(議論)의 목적물(目的物)이 되거나 해결(解決)을 요하는 일 　③이야기거리로 되어 있는 일. 말썽
課題
과제
①부과(賦課)된 제목(題目)이나 문제(問題) 　②주어진 문제(問題)나 임무(任務)
宿題
숙제
①복습(復習)이나 예습(豫習)을 위(爲)하여 집에서 지어 오게 하거나 풀어 오게 하는 문제(問題) 　②두고 생각하여 보거나 해결(解決)해야 할 문제(問題)
問題點
문제점
문제(問題)가 되는 점(點)


-----------------------------------
거치다

*****DEFINITION*****
(장소를) pass (through) 그 기차는 대전을 거친다 The train passes through Daejeon. 3개 뜻 더보기 : (장소를) pass (through)

-----------------------------------
다시금

*****DEFINITION*****
again, for the second time, anew

-----------------------------------
사악

*****DEFINITION*****
wickedness, viciousness, evil, vice, 사악하다 (be) wicked, vicious, malicious, sinister, evil, wrong 사악한 사람 a villain
邪惡
邪恶 xié​'è​   *邪恶* | 邪恶* | *邪恶 sinister / vicious / wicked / evil 邪惡
邪
간사할 사,그런가 야,나머지 여,느릿할 서 1. 간사하다(奸邪--: 마음이 바르지 않다) 2. 사악하다(邪惡--) 3. 기울다, 비스듬하다 4. 바르지 아니하다 5. 사사롭다(私私--) 6. 사기(邪氣) 7. 품행(品行)이 부정(不正)한 사람 8. 사사(私私)로운... [부수]阝(우부방) [총획]7획 [난이도]고등용, 읽기 3급II, 쓰기 2급
邪道
사도
바르지 못한 도리(道理)
邪惡
사악
도리(道理)에 어긋나고 악독(惡毒)함
邪風
사풍
①경솔(輕率)한 언행(言行) 　②점잖지 못한 태도(態度) 　③요사(妖邪)스럽고 못된 풍습(風習)
奸邪
간사
성질(性質)이 간교(奸巧)하고 사곡(邪曲)함

惡
악할 악,미워할 오 1. 악하다(惡--) 2. 나쁘다 3. 더럽다 4. 추하다(醜--) 5. 못생기다 6. 흉년(凶年) 들다 7. 병들다(病--), 앓다 8. 죄인(罪人)을 형벌(刑罰)로써 죽이다 9. 더러움, 추악(醜惡)함 10. 똥, 대변(大便) 11.... [부수]心(마음심) [총획]12획 [난이도]중학용, 읽기 5급II, 쓰기 4급II
惡化
악화
나쁘게 됨
劣惡
열악
품질(品質)ㆍ능력(能力) 따위가 몹시 떨어지고 나쁨
惡循環
악순환
①나쁜 현상(現象)이 끊임없이 되풀이되는 일 　②원인(原因)과 결과(結果)가 되풀이되어 한없이 악화(惡化)하는 일 　③인플레이션 말기(末期)에 물건값(物件-)이 오르면 삯이 오르고, 따라서 통화(通貨)가...
憎惡
증오
몹시 미워함


-----------------------------------
대목

*****DEFINITION*****
(이야기·글 등의 특정 부분) part, passage 나는 그 대목을 다시 읽었다 I reread that passage. 2개 뜻 더보기 : (이야기·글 등의 특정 부분) part, passage

-----------------------------------
침륜

*****DEFINITION*****
ruin; fall; collapse; downfall; wreck. 침륜하다 sink into obscurity; be ruined; go under; go to ruin.
沈淪
沈 沈 Shěn​   *沈* | 沈* | *沈 surname Shen / place name
  沈 chén​   *沈* | 沈* | *沈 variant of 沉
  沈 shěn​   *沈* | 沈* | *沈 liquid / to pour 瀋
淪 沦 lún​   *沦* | 沦* | *沦 to sink (into ruin, oblivion) / to be reduced to 淪
沈
잠길 침,성씨 심 1. 잠기다 2. 가라앉다 3. 빠지다 4. (원기를)잃다 5. 오래다 6. 오래되다 7. 침울하다 8. 막히다 9. 무겁다 10. 숨다 11. 늪(땅바닥이 우묵하게 뭉떵 빠지고 늘 물이 괴어 있는 곳) 12. 진흙 13. 호수(湖水)... [부수]氵(삼수변) [총획]7획 [난이도]고등용, 읽기 3급II, 쓰기 2급
沈滯
침체
①오래도록 벼슬이 오르지 않음 　②일이 잘 진전되지 않음
沈默
침묵
잠잠(潛潛)하게 아무말도 하지않음
沈沒
침몰
물에 빠져서 가라앉음
沈淸傳
심청전
조선(朝鮮) 시대(時代)에 쓰여진, 작자(作者)ㆍ연대(年代) 미상(未詳)의 고대(古代) 소설(小說)의 하나. 작자(作者) 연대(年代) 미상(未詳)의 고전(古典) 소설(小說). 국문본(國文本)

淪
빠질 륜,빠질 윤,물 돌아 흐를 론,물 돌아 흐를 논 1. 빠지다, 빠져들다 2. 망하다(亡--), 몰락하다(沒落--) 3. 잠기다 4. 스며들다, 배다 5. 이끌다 6. 물놀이(수면에 잔물결이 이는 현상), 잔물결 a. 물 돌아 흐르다 (론) b. 물이 돌아 흐르는 모양 (론) [부수]氵(삼수변) [총획]11획 [난이도]읽기 1급, 쓰기 특급
淪落
윤락
①영락(零落)하여 타향(他鄕)으로 떠돌아 다님　②여자(女子)가 타락(墮落)하여 몸을 망치게 되는 상태(狀態)에 빠짐
渾淪
혼륜
☞ 혼돈(混沌)
淪落女
윤락녀
윤락(淪落) 행위(行爲)를 하는 여자(女子)
淪漪
윤의
잔물결


-----------------------------------
낙심

*****DEFINITION*****
[명사] disappointment, despair, [동사] be discouraged, be disappointed, be downhearted, be dejected, be disheartened, be dispirited, lose heart 그는 해고당한 후 몹시 낙심하고 있다 He is extremely discouraged after being fired from work.
落心
落 落 là​   *落* | 落* | *落 to leave out / to be missing / to leave behind or forget to bring / to lag or fall behind
  落 lào​   *落* | 落* | *落 see 落枕 and 落炕
  落 luò​   *落* | 落* | *落 to fall or drop / (of the sun) to set / (of a tide) to go out / to lower / to decline or sink / to lag or fall behind / to fall onto / to rest with / to get or receive / to write down / whereabouts / settlement
心 心 xīn​   *心* | 心* | *心 heart / mind / intention / center / core / CL: 顆｜颗, 個｜个
落
떨어질 낙,떨어질 락 1. 떨어지다 2. 떨어뜨리다 3. 쓸쓸하다 4. 죽다 5. 이루다 6. 준공하다(竣工--) 7. 두르다 8. 두르다 9. 마을 10. 빗방울 11. 낙엽(落葉) 12. 울타리 [부수]艹(초두머리) [총획]13획 [난이도]중학용, 읽기 5급, 쓰기 4급
墜落
추락
높은 곳에서 떨어짐
下落
하락
값이나 등급(等級) 따위가 떨어짐
墮落
타락
①품행(品行)이 나빠서 못된 구렁에 빠짐 　②도심(道心)을 잃고 속심(俗心)으로 떨어짐 　③죄(罪)를 범(犯)하여 불신(不信)의 생활(生活)에 빠짐
漏落
누락
기록(記錄)에서 빠짐

心
마음 심 1. 마음, 뜻, 의지(意志) 2. 생각 3. 염통, 심장(心臟) 4. 가슴 5. 근본(根本), 본성(本性) 6. 가운데, 중앙(中央), 중심(中心) 7. 도(道)의 본원(本源) 8. 꽃술, 꽃수염 9. 별자리 이름 10. 진수(眞修:... [부수]心(마음심) [총획]4획 [난이도]중학용, 읽기 7급, 쓰기 6급
核心
핵심
사물(事物)의 중심(中心)이 되는 중요(重要)한 부분(部分)
關心
관심
어떤 일이나 대상(對象)에 흥미(興味)를 가지고 마음을 쓰거나 알고 싶어하는 상태(狀態)
疑心
의심
①마음에 미심(未審)하게 여기는 생각 　②믿지 못하는 모양(模樣)
疑懼心
의구심
의심(疑心)하고 두려워하는 마음


-----------------------------------
