성숙

*****DEFINITION*****
(과일의) ripening, 성숙하다 ripen, be ripe 성숙한 감 a ripe persimmon 3개 뜻 더보기 : (과일의) ripening, 성숙하다 ripen, be ripe
成熟
成熟 chéng​shú​   *成熟* | 成熟* | *成熟 mature / ripe / to mature / to ripen / Taiwan pr. [cheng2 shou2] HSK 4
成
이룰 성 1. 이루다 2. 이루어지다 3. 갖추어지다, 정리되다(整理--), 구비되다(具備--) 4. 살찌다, 비대해지다(肥大---) 5. 우거지다, 무성해지다(茂盛---) 6. 익다, 성숙하다(成熟--) 7. 일어나다, 흥기하다(興起--:... [부수]戈(창과) [총획]7획 [난이도]중학용, 읽기 6급II, 쓰기 5급II
構成
구성
①여러 부분(部分)이나 요소(要素)들을 모아서 일정(一定)한 전체(全體)를 짜 이룸 　②여러 부분(部分)이나 요소(要素)들을 모아서 짜 이룬 일정(一定)한 전체(全體)
成績
성적
①사업(事業)이나 일을 한 결과(結果)로 얻은 실적(實績). 일의 성과(成果) 　②학생(學生)들의 학업(學業)과 시험(試驗)의 결과(結果)로 얻은 실적(實績)
成熟
성숙
①초목(草木)의 열매가 충분(充分)히 여묾 　②생물(生物)이 충분(充分)히 발육(發育)이 됨 　③어떤 현상(現象)이 충분(充分)히 발전(發展)하여 무르익은 시기(時機)에 달함
成功
성공
①뜻한 것이 이루어짐 　②목적(目的)을 이룸 　③사회적(社會的) 지위(地位)를 얻음

熟
익을 숙 1. 익다 2. 여물다 3. 무르익다 4. 익히다 5. 무르게 되다 6. 숙련하다(熟鍊ㆍ熟練--) 7. 익숙하다 8. 정통하다 9. 면밀(綿密)하게 10. 상세히 11. 깊이 12. 곰곰이 13. 익히 14. 정련(精鍊)한 15. 정제(精製)한 [부수]灬(연화발) [총획]15획 [난이도]고등용, 읽기 3급II, 쓰기 2급
成熟
성숙
①초목(草木)의 열매가 충분(充分)히 여묾 　②생물(生物)이 충분(充分)히 발육(發育)이 됨 　③어떤 현상(現象)이 충분(充分)히 발전(發展)하여 무르익은 시기(時機)에 달함
未熟
미숙
①열매가 채 익지 못함 　②음식(飮食) 따위가 덜 익음 　③일에 서툼
未成熟
미성숙
다 익거나 여물지 않음. 익숙하지 못함
熟成
숙성
충분(充分)하게 이루어짐. 물질(物質)을 적당(適當)한 온도(溫度)로 오랜 시간(時間) 버려둘 때 천천히 발효(醱酵)하거나 콜로이드입자(粒子)가 생성(生成)되는 따위의 화학(化學) 변화(變化)


-----------------------------------
묘사

*****DEFINITION*****
[명사] description, portrayal, portrait, depiction; (자세한) (formal) delineation, [동사] describe, portray, depict; (자세히) (formal) delineate 그는 영화에서 악당으로 묘사되고 있다 He is portrayed as a villain in the movie.
描寫
描写 miáo​xiě​   *描写* | 描写* | *描写 to describe / to depict / to portray / description 描寫 HSK 5
描
그릴 묘 1. 그리다 2. 묘사하다(描寫--) [부수]扌(재방변) [총획]12획 [난이도]읽기 1급, 쓰기 특급
描寫
묘사
①사물(事物)을 있는 그대로 그려 냄 　②그려 내듯이 글을 씀
描寫音樂
묘사음악
악기(樂器)의 소리로써 여러 현상(現狀)을 묘사(描寫)하려는 표제음악(標題音樂)의 하나
素描
소묘
어떤 물건(物件)의 형상(形象ㆍ形像)ㆍ색조(色調)ㆍ명암(明暗) 따위를 나타내기 위(爲)하여 한 가지 색, 특(特)히 검은 색의 선(線)이나 점으로 그린 그림. 회화(繪畫)의 기초(基礎)가 됨. 밑그림. 분본
白描畫
백묘화
하나의 작품(作品)을 먹의 선만으로 그리는 단색화. 약간 담채(淡彩)를 가(加)한 것도 있음. 당(唐)나라 때의 오 도현(吳道玄)이 표현(表現) 양식(樣式)을 완성(完成)하여 문인(文人) 화가(畫家)들 사이에...

寫
베낄 사 1. 베끼다 2. 본뜨다 3. 묘사하다(描寫--), 그리다 4. 주조하다(鑄造--), 부어 만들다 5. 옮기다, 옮겨 놓다 6. 털어놓다, 토로하다(吐露--) 7. 떨어버리다 8. 덜어 없애다 9. 비추다, 비치다 10. 쏟다,... [부수]宀(갓머리) [총획]15획 [난이도]고등용, 읽기 5급, 쓰기 4급
寫眞
사진
①실물(實物)의 모양(模樣)을 있는 그대로 그려 냄 　②또는 그 그려낸 상(像). 사생(寫生) 　③사진기(寫眞機)로 물체(物體)의 화상(畫像)을 찍어 내는 기술(技術) 　④또는, 인화지(印畫紙)에 나타낸...
描寫
묘사
①사물(事物)을 있는 그대로 그려 냄 　②그려 내듯이 글을 씀
靑寫眞
청사진
①미래(未來)의 계획(計劃)ㆍ구상 　②파랗게 나오는 도면(圖面)
筆寫本
필사본
베껴 쓴 책(冊)


-----------------------------------
모호하다

*****DEFINITION*****
ambiguous, vague (about), (formal) equivocal, uncertain, obscure, imprecise 모호한 태도를 취하다 take[assume] an ambiguous[equivocal] attitude
模糊
模糊 mó​hu​   *模糊* | 模糊* | *模糊 vague / indistinct / fuzzy HSK 5
模胡 mó​hu​   *模胡* | 模胡* | *模胡 variant of 模糊
糢糊 mó​hu​   *糢糊* | 糢糊* | *糢糊 variant of 模糊
模
본뜰 모,모호할 모 1. 본뜨다, 본받다 2. 모호하다(模糊--) 3. 쓰다듬다, 문지르다 4. 법(法), 법식(法式: 법도(法度)와 양식(樣式)) 5. 본(本), 본보기(本--) 6. 무늬, 문채(文彩ㆍ文采) 7. 모양, 형상(形象ㆍ形像) 8. 거푸집 [부수]木(나무목) [총획]15획 [난이도]고등용, 읽기 4급, 쓰기 3급
規模
규모
①본보기가 될 만한 일. 모범(模範). 규범(規範) 　②운동(運動)ㆍ활동(活動)ㆍ사물(事物)의 구조(構造) 및 모양의 크기와 범위(範圍) 　③물품(物品) 또는 재물(財物)을 씀에 있어서의 계획성(計劃性),...
模樣
모양
①겉으로 나타나는 생김새나 됨됨이 　②비교(比較)되는 대상(對象) 다음에 쓰이어 ＇∼처럼＇의 뜻. 주(主)로 ＇모양(模樣)으로＇로 쓰이어, ＇어떤 식이나 방법(方法)으로＇의 뜻 　③＇이다＇앞에 쓰이어,...
大規模
대규모
일의 범위(範圍)가 넓고 큼
模糊
모호
흐리어 똑똑하지 못함

糊
풀칠할 호,죽 호 1. 풀칠하다, 바르다 2. (입에)풀칠하다 3. (죽을)먹다 4. 흐릿하다 5. 모호하다(模糊--) 6. 풀 7. 죽(粥: 오래 끓여 알갱이가 흠씬 무르게 만든 음식) [부수]米(쌀미) [총획]15획 [난이도]읽기 1급, 쓰기 특급
模糊
모호
흐리어 똑똑하지 못함
模糊性
모호성
여러 뜻이 뒤섞여 정확(正確)하게 무엇을 나타내는지 알기 어려운 말의 성질(性質)
糊膜
호막
☞ 점막(粘膜)
大事不糊塗
대사불호도
대사(大事)는 결단성(決斷性) 있게 처리(處理)해야지 흐리터분하게 처리(處理)해서는 안 된다는 말


-----------------------------------
집착

*****DEFINITION*****
obsession, obsess (about/over) 돈에 대한 집착을 버리다 get rid[let go] of one's obsession over money
執着
執 执 zhí​   *执* | 执* | *执 to execute (a plan) / to grasp 執
着 着 zhāo​   *着* | 着* | *着 (chess) move / trick / all right! / (dialect) to add 著
  着 zháo​   *着* | 着* | *着 to touch / to come in contact with / to feel / to be affected by / to catch fire / to burn / (coll.) to fall asleep / (after a verb) hitting the mark / succeeding in 著
  着 zhe​   *着* | 着* | *着 aspect particle indicating action in progress 著 HSK 2
  着 zhuó​   *着* | 着* | *着 to wear (clothes) / to contact / to use / to apply 著
執
잡을 집 1. 잡다 2. 가지다 3. 맡아 다스리다 4. 처리하다(處理--) 5. 두려워하다 6. 사귀다 7. 벗, 동지(同志) 8. 벗하여 사귀는 사람 [부수]土(흙토) [총획]11획 [난이도]중학용, 읽기 3급II, 쓰기 2급
執行
집행
일을 잡아 행(行)함
執權
집권
①정권(政權)을 잡음 　②정사(政事)를 행(行)하는 실권(實權)을 잡음
執着
집착
어떤 것에 마음이 늘 쏠려 떨치지 못하고 매달리는 일
固執
고집
자기(自己)의 의견(意見)만 굳게 내세움

着
붙을 착,나타날 저 1. 붙다 2. (옷을)입다 3. (머리에)쓰다 4. (신을)신다 5. 다다르다 6. 시작하다(始作--) a. 나타나다, 나타내다 (저) b. 분명하다(分明--) (저) c. 드러나다, 분명해지다(分明---) (저) d. 두드러지다... [부수]目(눈목) [총획]12획 [난이도]중학용, 읽기 5급II, 쓰기 4급II
癒着
유착
①분리(分離)되어 있어야 할 생체의 기관(器官)의 조직면(組織面)이 섬유성(纖維性) 조직(組織)으로 연결(連結)ㆍ융합(融合)하는 일 　②사물(事物)이 깊은 관계(關係)가 있어 서로 떨어지지 않게 결합(結合)되어...
到着
도착
목적(目的)한 곳에 다다름
執着
집착
어떤 것에 마음이 늘 쏠려 떨치지 못하고 매달리는 일
定着
정착
①어느 곳에 자리잡아 오래도록 사는 것 　②새로운 문화(文化) 현상(現象)ㆍ학설(學說) 등(等)이 당연(當然)한 것으로서 사회적(社會的)으로 수용(受容)되는 것 　③현상(現像)한 필름ㆍ인화지(印畫紙)가...


-----------------------------------
해방

*****DEFINITION*****
[명사] liberation, (formal) emancipation, [동사] liberate, free (from), (formal) emancipate 노예해방령 the Emancipation Proclamation
解放
解放 jiě​fàng​   *解放* | 解放* | *解放 to liberate / to emancipate / liberation / refers to the Communists' victory over the Nationalists in 1949 / CL: 次 HSK 5
解
풀 해 1. 풀다, 벗다, 깨닫다, 설명하다(說明--) 2. 풀이하다 3. 깨닫다 4. 통달하다(通達--) 5. 가르다, 분할하다(分割--), 떼어내다 6. 느슨해지다 7. 떨어지다, 빠지다 8. 벗기다 9. 흩어지다, 떠나가다 10.... [부수]角(뿔각) [총획]13획 [난이도]중학용, 읽기 4급II, 쓰기 3급II
解決
해결
①얽힌 일을 풀어 처리(處理)함 　②문제(問題)를 풀어서 결말(結末)을 지음 　③안어울림음을 어울림음으로 이끄는 일 따위
理解
이해
①사리(事理)를 분별(分別)하여 해석(解釋)함 　②깨달아 알아들음
解消
해소
어떤 상태(狀態)나 관계(關係)를 풀어 없앰
解弛
해이
마음의 긴장(緊張), 규율(規律) 등(等)이 풀리어 느즈러짐

放
놓을 방 1. 놓다, 놓이다, 석방되다(釋放--) 2. 내쫓다, 추방하다(追放--) 3. 내놓다, 꾸어주다 4. 버리다 5. 달아나다, 떠나가다 6. 널리 펴다, 넓히다 7. (꽃이)피다 8. (빛을)발하다 9. 내걸다, 게시하다(揭示--)... [부수]攵(등글월문) [총획]8획 [난이도]중학용, 읽기 6급II, 쓰기 5급II
放送
방송
라디오나 텔레비전을 통(通)해서 보도(報道), 음악(音樂), 연예(演藝) 등(等)을 내어 보내어 널리 듣게 함
開放
개방
①문 등(等)을 활짝 열어 놓음 　②속박(束縛)을 풀어서 자유(自由)를 줌 　③숨김이 없음
放置
방치
그대로 내버려 둠
放漫
방만
엉터리 없고 제멋대로임


-----------------------------------
신뢰

*****DEFINITION*****
trust (in), faith (in), confidence (in), trust, have confidence (in), have[put] faith (in), put one's trust (in) 신뢰를 받다[얻다] gain[get; win] sb's trust[confidence]
信賴
信赖 xìn​lài​   *信赖* | 信赖* | *信赖 to trust / to have confidence in / to have faith in / to rely on 信賴 HSK 6
信
믿을 신 1. 믿다 2. 신임하다(信任--) 3. 맡기다 4. 신봉하다(信奉--) 5. 성실하다(誠實--) 6. ~에 맡기다 7. 확실하다(確實--) 8. 마음대로 하다 9. 알다 10. 신의(信義), 신용(信用), 신표(信標: 증거가 되게... [부수]亻(사람인변) [총획]9획 [난이도]중학용, 읽기 6급II, 쓰기 5급II
信賴
신뢰
남을 믿고 의지(依支)함
通信
통신
①소식(消息), 의지(意志), 지식(知識) 등(等)을 남에게 전(傳)함. 음신(音信)을 통(通)함 　②우편(郵便). 전신(電信). 전화(電話) 등(等)으로 서로 소식(消息). 정보(情報)를 전(傳)하는 일 　③지사(支社)...
信用
신용
①믿어 의심(疑心)하지 아니함 　②평판(評判)이 좋고 인망(人望)이 있음 　③재화(財貨) 및 화폐(貨幣)의 급부(給付)와 반대(反對) 급부(給付) 사이에 시간적(時間的)인 차이(差異)가 있는 일반(一般)...
平信
평신
①평상시(平常時)의 소식(消息) 　②무사(無事)한 소식(消息)

賴
의뢰할 뢰,의뢰할 뇌 1. 의뢰하다(依賴--) 2. 힘입다 3. 의지하다(依支--) 4. 얻다 5. 버티다 6. 억지 부리다 7. 책망하다(責望--) 8. 탓하다 9. 생떼를 쓰다 10. 전가시키다 11. 덮어씌우다 12. 발뺌하다 13. 머물러 떠나려... [부수]貝(조개패) [총획]16획 [난이도]고등용, 읽기 3급II, 쓰기 2급
信賴
신뢰
남을 믿고 의지(依支)함
依賴
의뢰
①남에게 의지(依支)함. 뇌비 　②남에게 부탁(付託)함
信賴性
신뢰성
신뢰(信賴)할 만한 성질(性質)
信賴度
신뢰도
신뢰(信賴)하는 정도(程度)


-----------------------------------
심오함

*****DEFINITION*****
profound 심오한 진리를 탐구하다 search for profound truth
深奧
深奥 shēn​'ào​   *深奥* | 深奥* | *深奥 profound / abstruse / recondite / profoundly 深奧 HSK 6
深
깊을 심 1. 깊다 2. 깊어지다 3. (색이)짙다 4. 심하다(甚--: 정도가 지나치다) 5. 두텁다, 후하다(厚--) 6. 무성하다(茂盛--), 우거지다 7. 많다, 넉넉하다 8. (책임이)중하다, 무겁다 9. 감추다, 숨기다 10.... [부수]氵(삼수변) [총획]11획 [난이도]중학용, 읽기 4급II, 쓰기 3급II
深刻
심각
①마음에 깊이 새겨 두는 일 　②크게 감동(感動)시키는 것이 있는 일 　③일을 깊이 파고들어 생각하거나 추구(追求)하는 일 　④사태(事態)가 절박(切迫)하여, 중대(重大)한 일
深化
심화
①깊게 함 　②또는, 깊어짐
深刻性
심각성
심각(深刻)한 상태(狀態)를 띤 성질(性質)
深夜
심야
깊은 밤

奧
깊을 오,따뜻할 욱 1. 깊다 2. 깊숙하다 3. 그윽하다 4. 흐려지다 5. 흐리다 6. 쌓다 7. 속 8. 깊숙한 안쪽 9. 구석 10. 아랫목 11. 나라의 안 a. 따뜻하다(=燠) (욱) b. 덥다 (욱) c. 절이다 (욱) d. 물굽이(강물이나 바닷물이... [부수]大(큰대) [총획]13획 [난이도]읽기 1급, 쓰기 특급
奧地
오지
해안(海岸)이나 도시(都市)에서 멀리 떨어진 대륙(大陸) 내부(內部)의 깊숙한 땅
奧妙
오묘
심오(深奧)하고 미묘(微妙)함
深奧
심오
(이론(理論) 따위가)썩 깊고 오묘(奧妙)함
蘊奧
온오
학문(學文)이나 지식(知識)이 공골차고 웅성깊음


-----------------------------------
지니다

*****DEFINITION*****
(몸에) keep, carry 몸에 부적을 지니다 carry a charm on oneself 3개 뜻 더보기 : (몸에) keep, carry

-----------------------------------
구성요성

*****DEFINITION*****
[명사] composition, constitution, organization, formation; (언어의) construction, [동사] form, construct, (formal) comprise, (formal) compose, make up; (조직·정부 등을) (formal) constitute, organize 새로운 내각이 구성되었다 A new cabinet has been formed.
構成
构成 gòu​chéng​   *构成* | 构成* | *构成 to constitute / to form / to compose / to make up / to configure (computing) 構成 HSK 5
構
얽을 구,닥나무 구 1. 얽다 2. (생각을)얽어 짜내다 3. (거짓을)꾸며대다 4. 음해하다(陰害--: 음흉한 방법으로 남에게 해를 가하다) 5. 이간하다(離間--: 헐뜯어 서로 멀어지게 하다) 6. 맺다 7. 집을 짓다 8. 이루다 9.... [부수]木(나무목) [총획]14획 [난이도]고등용, 읽기 4급, 쓰기 3급
構造
구조
①꾸밈새 　②꾸며 만듦　③각 부분(部分)이나 요소(要素)들을 모아 어떤 전체(全體)를 짜 이룸
構成
구성
①여러 부분(部分)이나 요소(要素)들을 모아서 일정(一定)한 전체(全體)를 짜 이룸 　②여러 부분(部分)이나 요소(要素)들을 모아서 짜 이룬 일정(一定)한 전체(全體)
構築
구축
①쌓아 올려 만듦 　②(어떤 일의) 바탕을 닦아 이루거나 마련함
機構
기구
①얽어 잡은 구조(構造) 　②기계(機械) 내부(內部)의 구조(構造) 　③하나의 조직(組織)을 이루고 있는 구조적(構造的)인 체계(體系)

成
이룰 성 1. 이루다 2. 이루어지다 3. 갖추어지다, 정리되다(整理--), 구비되다(具備--) 4. 살찌다, 비대해지다(肥大---) 5. 우거지다, 무성해지다(茂盛---) 6. 익다, 성숙하다(成熟--) 7. 일어나다, 흥기하다(興起--:... [부수]戈(창과) [총획]7획 [난이도]중학용, 읽기 6급II, 쓰기 5급II
構成
구성
①여러 부분(部分)이나 요소(要素)들을 모아서 일정(一定)한 전체(全體)를 짜 이룸 　②여러 부분(部分)이나 요소(要素)들을 모아서 짜 이룬 일정(一定)한 전체(全體)
成績
성적
①사업(事業)이나 일을 한 결과(結果)로 얻은 실적(實績). 일의 성과(成果) 　②학생(學生)들의 학업(學業)과 시험(試驗)의 결과(結果)로 얻은 실적(實績)
成熟
성숙
①초목(草木)의 열매가 충분(充分)히 여묾 　②생물(生物)이 충분(充分)히 발육(發育)이 됨 　③어떤 현상(現象)이 충분(充分)히 발전(發展)하여 무르익은 시기(時機)에 달함
成功
성공
①뜻한 것이 이루어짐 　②목적(目的)을 이룸 　③사회적(社會的) 지위(地位)를 얻음


-----------------------------------
기왕

*****DEFINITION*****
already
旣往
旣 旣 jì​   *旣* | 旣* | *旣 variant of 既
往 往 wǎng​   *往* | 往* | *往 to go (in a direction) / to / towards / (of a train) bound for / past / previous HSK 4
  往 wǎng​   *往* | 往* | *往 old variant of 往 徃 HSK 4
旣
이미 기,쌀 희 1. 이미, 벌써, 이전에 2. 원래, 처음부터 3. 그러는 동안에, 이윽고 4. 다하다, 다 없어 지다, 다 없애다 5. 끝나다, 끝내다 a. 쌀 (희) b. 녹미(祿米: 녹봉으로 받는 쌀) (희) [부수]无(이미기방) [총획]11획 [난이도]중학용, 읽기 3급, 쓰기 2급
旣存
기존
①이미 존재(存在)함 　②이전(以前)부터 있음
旣得權
기득권
특정(特定)한 자연인(自然人) 또는 법인(法人)이 정당(正當)한 절차(節次)를 밟아 이미 법규(法規)에 의(依)하여 얻은 권리(權利)
旣往
기왕
①이전(以前). 그 전 　②이미. 벌써. 이왕에
旣定
기정
①이미 정(定)함 　②미리 작정(作定)함

往
갈 왕 1. 가다 2. (물품을)보내다, 보내 주다 3. 향하다(向--) 4. 과거(過去) 5. 옛날, 이미 지나간 일 6. 이따금 7. 일찍 8. 언제나 9. 뒤, 이후(以後) [부수]彳(두인변) [총획]8획 [난이도]중학용, 읽기 4급II, 쓰기 3급II
旣往
기왕
①이전(以前). 그 전 　②이미. 벌써. 이왕에
往來
왕래
가고 오고 함
往復
왕복
①갔다가 돌아옴 　②또는 가는 일과 돌아오는 일
已往
이왕
①오래 전(前) 　②그 전(前)


-----------------------------------
존재

*****DEFINITION*****
(실제로 있음) existence; (실제로 있는 사람·사물) being , exist, be 신의 존재를 믿다 believe in the existence of God
存在
存在 cún​zài​   *存在* | 存在* | *存在 to exist / to be / existence HSK 5
存
있을 존 1. 있다, 존재하다(存在--) 2. 살아 있다 3. 안부를 묻다, 노고를 치하하고 위로하다(慰勞--) 4. 존문하다(存問--), 문안하다(問安--) 5. 보살피다, 살펴보다 6. 보존하다(保存--), 보전하다(保全--) 7.... [부수]子(아들자) [총획]6획 [난이도]중학용, 읽기 4급, 쓰기 3급
旣存
기존
①이미 존재(存在)함 　②이전(以前)부터 있음
存在
존재
①현존(現存)하여 있음 　②또는 있는 그것
依存
의존
의지(依支)하고 있음
保存
보존
①보호(保護)하여 남아 있게 함 　②원상대로 유지(維持)함

在
있을 재 1. 있다, 존재하다(存在--) 2. 찾다 3. 보다, 살피다 4. (안부를)묻다 5. 제멋대로 하다 6. 곳, 장소(場所) 7. 겨우, 가까스로 8. ~에, 처소(處所) [부수]土(흙토) [총획]6획 [난이도]중학용, 읽기 6급, 쓰기 5급
現在
현재
①지금 이때. 삼세(三世)의 하나. 지금 살아 있는 이 세상(世上) 　②말하고 있는 그때의 움직임이나 상태(狀態)를 나타내는 때매김 　③일반적(一般的) 진리(眞理), 늘 되풀이되는 버릇을 나타내기도...
潛在力
잠재력
겉으로 드러나지 않고 속에 숨어 있는 힘
存在
존재
①현존(現存)하여 있음 　②또는 있는 그것
潛在
잠재
①속에 숨어 겉으로 드러나지 않음 　②능력(能力), 가능성(可能性), 에너지 등(等)이 아직 작용(作用)하지 않고 저장(貯藏)되어 있음


-----------------------------------
부인

*****DEFINITION*****
(아내) wife, (informal) missus 부인이 참 미인이시네요 Your wife is so beautiful.
夫人
夫人 fū​ren​   *夫人* | 夫人* | *夫人 lady / madam / Mrs. / CL: 位 HSK 6
夫
지아비 부 1. 지아비 2. 남편(男便) 3. 사내, 장정 4. 일군, 노동일을 하는 남자(男子) 5. 군인(軍人), 병정(兵丁) 6. 선생, 사부 7. 부역(負役) 8. 100묘(畝)의 밭 9. 저, 3인칭 대명사(代名詞) 10. 대저(大抵:... [부수]大(큰대) [총획]4획 [난이도]중학용, 읽기 7급, 쓰기 6급
夫婦
부부
남편(男便)과 아내
工夫
공부
학문(學問)이나 기술(技術)을 닦는 일
夫人
부인
남의 아내의 높임말
閤夫人
합부인
남의 아내에 대(對)한 높임말

人
사람 인 1. 사람, 인간(人間) 2. 다른 사람, 타인(他人), 남 3. 딴 사람 4. 그 사람 5. 남자(男子) 6. 어른, 성인(成人) 7. 백성(百姓) 8. 인격(人格) 9. 낯, 체면(體面), 명예(名譽) 10. 사람의 품성(稟性), 사람됨... [부수]人(사람인) [총획]2획 [난이도]중학용, 읽기 8급, 쓰기 6급II
個人
개인
①국가(國家)나 사회(社會)에 대(對)하여 이를 구성(構成)하는 하나하나의 사람 　②한 사람 한 사람 　③각자
人物
인물
①사람 　②뛰어난 사람. 인재(人材) 　③사람의 얼굴 모양(模樣) 　④사람의 됨됨이. 인품(人品)
人事
인사
①안부(安否)를 묻거나 공경(恭敬)의 뜻을 표(表)하는 일 　②받은 은혜(恩惠)에 대(對)하여 갚거나 치하(致賀)하는 일 　③서로 알지 못하던 사람끼리 성명(姓名)을 통(通)하여 자기(自己)를 소개(紹介)하는...
人權
인권
사람으로서의 권리(權利)


-----------------------------------
극심

*****DEFINITION*****
intensity; severity; vehemence. 2개 뜻 더보기 : intensity; severity; vehemence.
極甚
極 极 jí​   *极* | 极* | *极 extremely / pole (geography, physics) / utmost / top 極 HSK 3
甚 甚 shén​   *甚* | 甚* | *甚 variant of 什
  甚 shèn​   *甚* | 甚* | *甚 what / very / extremely / any
極
극진할 극,다할 극 1. 극진하다(極盡--) 2. 지극하다(至極--) 3. 다하다 4. 이르다(어떤 장소나 시간에 닿다), 다다르다 5. 이르게 하다, 미치게 하다 6. 세차다, 엄하다(嚴--: 매우 철저하고 바르다), 혹독하다(酷毒--)... [부수]木(나무목) [총획]13획 [난이도]중학용, 읽기 4급II, 쓰기 3급II
積極
적극
사물(事物)에 대(對)하여 그것을 긍정(肯定)하고 능동적(能動的)으로 활동(活動)함
積極的
적극적
사물(事物)에 대(對)하여 긍정(肯定)하고 능동적(能動的)인 것
兩極化
양극화
서로 다른 계층(階層) 또는 집단(集團)이 점점 더 달라지고 멀어지거나 그렇게 하는 일
極甚
극심
몹시 심(甚)함

甚
심할 심 1. 심하다(甚--: 정도가 지나치다), 지나치다 2. 깊고 두텁다 3. 초과하다(超過--) 4. 사납다 5. 많다 6. 탓하다, 꾸짖다 7. 심히 8. 매우, 몹시, 대단히 9. 참으로 10. 무엇, 어느, 어떤 [부수]甘(달감) [총획]9획 [난이도]중학용, 읽기 3급II, 쓰기 2급
甚至於
심지어
심(甚)하면, 심(甚)하게는, 심하다 못해 나중에는
極甚
극심
몹시 심(甚)함
甚深
심심
(마음의 표현 정도가)매우 깊고 간절함
劇甚
극심
☞ 극심(極甚)


-----------------------------------
치열

*****DEFINITION*****
set of teeth 치열이 고르다 have a(n) straight[even] set of teeth
齒列
齒 齿 chǐ​   *齿* | 齿* | *齿 tooth / CL: 顆｜颗 齒
列 列 liè​   *列* | 列* | *列 to arrange / to line up / row / file / series / column
齒
이 치 1. 이 2. 나이 3. 어금니 4. 연령(年齡) 5. 나란히 서다 6. 병렬하다(竝列--) 7. 벌이다 8. 언급하다(言及--) 9. 제기하다(提起--) 10. 동류(同類)로 삼다 [부수]齒(이치) [총획]15획 [난이도]중학용, 읽기 4급II, 쓰기 3급II
齒列
치열
잇바디. 이가 족 박힌 줄의 생김새
白齒
백치
희고 깨끗한 이
齒牙
치아
이의 점잖은 일컬음
齒科
치과
이를 전문(專門)으로 치료(治療)하고 연구(硏究)하는 의학(醫學)의 한 분과(分科). 이와 이의 지지(支持) 조직(組織)의 치료(治療)ㆍ교정(矯正)ㆍ가공(加工) 등(等)을 함

列
벌일 렬,벌일 열 1. 벌이다 2. 늘어서다 3. 줄짓다 4. 나란히 서다 5. 분리하다(分離--) 6. 순서(順序)를 매기다 7. 진열하다(陳列--) 8. 차례(次例) 9. 등급(等級) 10. 반열(班列: 품계나 신분, 등급의 차례) 11. 석차... [부수]刂(선칼도방) [총획]6획 [난이도]중학용, 읽기 4급II, 쓰기 3급II
列車
열차
기관차(機關車)에 객차(客車)ㆍ화차(貨車) 등(等)을 연결(連結)하고 운전(運轉) 장치(裝置)를 설비(設備)한 차량(車輛)
陳列
진열
물건(物件) 따위를 보이기 위(爲)해 죽 벌려놓음
隊列
대열
무리를 지어 죽 늘어선 행렬(行列)
行列
행렬
①여럿이 벌이어 줄서서 감. 또는, 그 줄. 　②어떤 수를 정(定)한 몇 개의 행과 몇 개의 열로 나열한 표(標)


-----------------------------------
