화난

*****DEFINITION*****
a disaster, a misfortune, a mishap, a calamity
禍難
禍 祸 huò​   *祸* | 祸* | *祸 disaster / misfortune / calamity 禍
難 难 nán​   *难* | 难* | *难 difficult (to...) / problem / difficulty / difficult / not good 難 HSK 3
  难 nàn​   *难* | 难* | *难 disaster / distress / to scold 難
禍
재앙 화 1. 재앙(災殃) 2. 재화(災禍) 3. 사고(事故) 4. 허물 5. 죄 6. 재앙(災殃)을 내리다 7. 화를 입히다 8. 해치다 [부수]示(보일시) [총획]14획 [난이도]고등용, 읽기 3급II, 쓰기 2급
災禍
재화
재앙(災殃)과 화난(禍難)
禍福
화복
재앙(災殃)과 복(福)
禍根
화근
재앙(災殃)을 가져올 근원(根源)
殃禍
앙화
죄악(罪惡)의 과보(果報)로 받는 재앙(災殃). 어떤 일로 말미암아 생기는 근심이나 재난(災難)

難
어려울 난,우거질 나 1. 어렵다 2. 꺼리다 3. 싫어하다 4. 괴롭히다 5. 물리치다 6. 막다 7. 힐난하다 8. 나무라다 9. 삼가다(몸가짐이나 언행을 조심하다) 10. 공경하다(恭敬--), 황공해하다(惶恐---) 11. 근심, 재앙(災殃)... [부수]隹(새추) [총획]19획 [난이도]중학용, 읽기 4급II, 쓰기 3급II
論難
논란
(어떤 문제(問題)에 대(對)해서, 또는 어떤 문제(問題)를) 이러니저러니 옳으니 그르니 하며 시비(是非)를 따져 논(論)하는 것
非難
비난
남의 잘못이나 흠 따위를 책잡아서 나쁘게 말함
困難
곤란
①어떤 일을 하는 입장(立場)ㆍ상황(狀況)ㆍ조건(條件) 등(等)이 좋지 않아 어렵거나 까다로운 상태(狀態) 　②경제적(經濟的)으로 몹시 어렵고 궁핍(窮乏)함
災難
재난
뜻밖에 일어나는 불행(不幸)한 일


-----------------------------------
제시

*****DEFINITION*****
(의견을) suggestion , suggest, (formal) propose 대안을 제시하다 suggest[propose] an alternative 3개 뜻 더보기 : (의견을) suggestion , suggest, (formal) propose
提示
提示 tí​shì​   *提示* | 提示* | *提示 to point out / to remind (sb of sth) / to suggest / suggestion / tip / reminder / notice HSK 6
提
끌 제,떼지어 날 시 1. 끌다, 이끌다 2. 끌어당기다 3. 거느리다 4. (손에)들다 5. 점잖게 걷다 6. 제시하다(提示--) 7. 던지다, 던져서 때리다 8. 끊다, 단절하다(斷切ㆍ斷截--) 9. 북 이름 10. 편안(便安)한 모양 a. 떼지어... [부수]扌(재방변) [총획]12획 [난이도]고등용, 읽기 4급II, 쓰기 3급II
提起
제기
①의견(意見)을 붙이어 의논(議論)할 것을 제초함 　②드러내어 문제(問題)를 일으킴
提供
제공
(어떤 사람에게, 또는 단체(團體)에 어떤 사물(事物)을) 가지거나 누리도록 주는 것
提示
제시
어떠한 뜻을 글이나 말로 드러내어 보이거나 가리킴
孩提
해제
어린아이

示
보일 시,땅 귀신 기,둘 치 1. 보이다 2. 보다, 간주하다(看做--) 3. 알리다, 일러주다 4. 지시하다(指示--) 5. 가르치다, 교도하다(敎導--) 6. 베풀다(일을 차리어 벌이다, 도와주어서 혜택을 받게 하다) 7. 고시(告示) 8. 지시(指示),... [부수]示(보일시) [총획]5획 [난이도]중학용, 읽기 5급, 쓰기 4급
提示
제시
어떠한 뜻을 글이나 말로 드러내어 보이거나 가리킴
示威
시위
①위력(威力)이나 기세(氣勢)를 드러내어 보임 　②시위(示威)운동(運動)
示唆
시사
미리 암시(暗示)하여 일러줌
指示
지시
①(어떤 대상(對象)을) 가리켜 보이는 것 　②(어떤 일을 누구에게) 일러서 시키는 것 　③(법률(法律)ㆍ법학) 증권(證券) 상(上)의 기재(記載)에 의(依)하여 어떤 사람을 권리자(權利者)로 지정(指定)하는...


-----------------------------------
연단

*****DEFINITION*****
podium, platform 연단에 서다 take[stand on; get on] the platform
演壇
演 演 yǎn​   *演* | 演* | *演 to develop / to evolve / to practice / to perform / to play / to act
壇 坛 tán​   *坛* | 坛* | *坛 altar 壇
演
펼 연 1. 펴다, 늘이다 2. 부연하다(敷衍ㆍ敷演--), 자세히 설명하다(說明--) 3. 넓히다, 넓게 미치다(영향이나 작용 따위가 대상에 가하여지다) 4. 스며들다 5. 멀리 흐르다 6. (기운이 서로)통하다(通--) 7.... [부수]氵(삼수변) [총획]14획 [난이도]고등용, 읽기 4급II, 쓰기 3급II
演說
연설
여러 사람 앞에서 체계(體系)를 세워 자기(自己)의 주의(主義), 주장(主張)을 말함
演劇
연극
①배우(俳優)가 연출자(演出者)의 지도(指導) 하(下)에 각본(脚本)에 의(依)하여 분장(扮裝)하고 음악(音樂), 배경(背景), 조명(照明), 그밖의 여러 가지 장치(裝置)의 힘을 빌어서 어떤 사건(事件)과...
再演
재연
①다시 상연(上演)함 　②한 번 행했던 일을 다시 되풀이함
演藝人
연예인
연예(演藝)에 종사(從事)하는 사람들. 배우(俳優), 가수(歌手), 무용가(舞踊家) 등(等)이 있음

壇
단 단,평탄할 탄,소제할 선 1. 단, 제단(祭壇) 2. 마루 3. 터, 기초(基礎) 4. 강단(講壇) 5. 사회 6. 장소(場所) 7. 특수 사회의 구성원 8. 뜰(집 안의 앞뒤나 좌우로 가까이 딸려 있는 빈터), 안뜰 a. 평탄하다(平坦--) (탄) b.... [부수]土(흙토) [총획]16획 [난이도]고등용, 읽기 5급, 쓰기 4급
講壇
강단
강의(講義)나 설교(說敎)를 하기 위(爲)하여 올라서게 만든 자리
敎壇
교단
①교실(敎室)에서 교사(敎師)가 강의(講義)하는 단 　②교육계(敎育界)
老姑壇
노고단
전남(全南) 구례군 산동면(山洞面)과 토지면(土旨面)의 경계(境界)에 있는 산(山). 산정부(山頂部)에 가까운 1,100∼1,200 m 높이에는 원추리꽃으로 덮인 광활(廣闊)한 고원(高原)이 펼쳐져서 부근(附近)이...
奬忠壇
장충단
군인(軍人)의 영령(英靈)을 제사(祭祀) 지내던 곳. 대한제국(大韓帝國) 광무(光武) 4(1900)년에, 임금의 명으로 을미(乙未) 사변(事變) 때 순국(殉國)한 홍계훈을 비롯한 장병(將兵)들의 넋을 제사(祭祀)...


-----------------------------------
거듭

*****DEFINITION*****
again, once again, once more, repeatedly 거듭 묻다 ask once more

-----------------------------------
원리

*****DEFINITION*****
principle, fundamentals 원리는 간단하다 The principle is very simple.
原理
原理 yuán​lǐ​   *原理* | 原理* | *原理 principle / theory HSK 6
原
언덕 원,근원 원 1. 언덕 2. 근원(根源), 근본(根本) 3. 저승 4. 들, 벌판 5. 문체(文體)의 한 가지 6. 원래 7. 거듭, 재차 8. 근본(根本)을 추구하다(追求--) 9. 캐묻다, 찾다 10. 의거하다(依據--), 기초(基礎)를 두다... [부수]厂(민엄호) [총획]10획 [난이도]중학용, 읽기 5급, 쓰기 4급
原因
원인
어떤 일의 근본(根本)이 되는 까닭
原則
원칙
①많은 경우(境遇)에 적용(適用)되는 근본(根本) 법칙(法則) 　②일반(一般)의 경우(境遇)에 적용(適用)되는 법칙(法則)
原理
원리
①사물(事物)이 근거(根據)하여 성립(成立)하는 근본(根本) 법칙(法則) 　②기초(基礎)가 되는 근거(根據) 또는 보편적(普遍的) 진리(眞理) 　③존재(存在)의 근거(根據)로서의 실재(實在) 원리(原理),...
高原
고원
상당(相當)히 높은 높이를 가지면서 비교적(比較的) 연속(連續)된 넓은 벌판을 가진 지역(地域)

理
다스릴 리,다스릴 이 1. 다스리다 2. 다스려지다 3. 깁다(떨어지거나 해어진 곳을 꿰매다) 4. 수선하다(修繕--) 5. 깨닫다 6. 의뢰하다(依賴--) 7. 사리 8. 도리(道理) 9. 이치(理致) 10. 매개(媒介) 11. 거동(擧動) 12. 나무결... [부수]王(구슬옥변) [총획]11획 [난이도]중학용, 읽기 6급II, 쓰기 5급II
理由
이유
①까닭, 사유(事由), 내력(來歷) 　②넓은 뜻으로는 존재(存在)의 기초(基礎), 또는 진리(眞理)라고 할 수 있는 조건(條件) 　③좁은 뜻으로는 추리(推理) 상(上)의 결론(結論), 또는 귀결(歸結)의 전제(前提)가...
管理
관리
①사람을 통제(統制)하고 지휘(指揮) 감독(監督)하는 것 　②시설(施設)이나 물건(物件)의 유지(維持)ㆍ개량(改良) 따위를 꾀하는 것 　③일을 맡아 처리(處理)하는 것 　④건전(健全)한 심신(心身)의...
處理
처리
①일을 다스려 치러 감 　②사건(事件) 또는 사무(事務)를 갈무리하여 끝장을 냄
總理
총리
①전체(全體)를 모두 관리(管理)함 　②또는, 그 직책(職責)


-----------------------------------
