한계

*****DEFINITION*****
limit(s), limitation(s) 한계에 이르다 reach the limit
限界
限 限 xiàn​   *限* | 限* | *限 limit / bound / to set a limit (on)
界 界 jiè​   *界* | 界* | *界 boundary / scope / extent / circles / group / kingdom (taxonomy)
限
한할 한,심할 은 1. 한하다(恨--: 몹시 억울하거나 원통하여 원망스럽게 생각하다) 2. 한정하다(限定--) 3. 가지런하다 4. 지경(地境: 땅의 가장자리, 경계)을 지우다 5. 같다 6. 한정(限定) 7. 끝 8. 지경(地境: 땅의... [부수]阝(좌부변) [총획]9획 [난이도]중학용, 읽기 4급II, 쓰기 3급II
制限
제한
①정(定)해진 한계(限界). 또는, 한계(限界)를 정(定)함. 한제(限制). 한정(限定) 　②어떤 개념(槪念)에 새로운 내포(內包)를 가(加)하여서 외연(外延)을 작게 하는 일. 가령, 동물(動物)이라는 개념(槪念)에...
限界
한계
①땅의 경계(境界) 　②사물(事物)의 정(定)해 놓은 범위(範圍)
權限
권한
①권리(權利)의 한계(限界) 　②행정(行政) 기관(機關)의 정당(正當)한 사무(事務) 범위(範圍). 직권(職權)이 미치는 범위(範圍)
最小限
최소한
가장 작은 한도(限度)

界
지경 계 1. 지경(地境: 땅의 가장자리, 경계) 2. 경계(境界) 3. 둘레 4. 한계(限界) 5. 경계(境界) 안, 세계(世界) 6. 부근(附近) 7. 경계(境界)를 삼다, 이웃하다 8. 사이하다(사이에 두다) 9. 이간하다(離間--:... [부수]田(밭전) [총획]9획 [난이도]중학용, 읽기 6급II, 쓰기 5급II
世界
세계
①온 세상(世上) 　②지구(地球) 상(上)의 모든 나라 　③지구(地球) 전체(全體)
限界
한계
①땅의 경계(境界) 　②사물(事物)의 정(定)해 놓은 범위(範圍)
境界
경계
①일이나 물건(物件)이 어떤 표준(標準) 아래 맞닿은 자리 　②인과(因果) 이치(理致)에 따라서 스스로 받는 경우(境遇) 　③일정(一定)한 기준(基準)에 의(依)해 분간(分揀)되는 한계(限界)
業界
업계
같은 산업(産業)이나 상업(商業)에 종사(從事)하는 사람의 사회(社會)


-----------------------------------
개역

*****DEFINITION*****
retranslation, 개역하다 retranslate, revise a translation
改譯
改译 gǎi​yì​   *改译* | 改译* | *改译 to correct (improve) a translation 改譯
改
고칠 개 1. 고치다 2. 고쳐지다 3. 바꾸다 4. 바뀌다 5. 만들다 6. 다시 7. 따로 8. 새삼스럽게 [부수]攵(등글월문) [총획]7획 [난이도]중학용, 읽기 5급, 쓰기 4급
改革
개혁
①새롭게 뜯어고침 　②합법적(合法的) 절차(節次)를 밟아 정치(政治) 상(上), 사회(社會) 상(上)의 묵은 체제(體制)를 고침
改善
개선
잘못을 고쳐 좋게 함
改編
개편
①단체(團體)의 조직(組織) 따위를 고치어 편성(編成)함 　②책 따위를 다시 고치어 엮음
改定
개정
이미 정(定)했던 것을 다시 고치어 정(定)함

譯
번역할 역 1. 번역하다(飜譯ㆍ翻譯--) 2. 통변하다(通辯--) 3. 풀이하다 4. 나타내다 [부수]言(말씀언) [총획]20획 [난이도]고등용, 읽기 3급II, 쓰기 2급
飜譯
번역
어떤 말의 글을 다른 나라 말의 글로 옮김
內譯
내역
분명(分明)하고 자세(仔細)한 내용(內容)
音譯
음역
한자(漢字)의 음(音)을 가지고 외국어(外國語)의 음(音)을 나타내는 일. 곧, 아시아(Asia)를 亞細亞로 나타내는 따위
譯官
역관
통역(通譯)하는 일을 맡은 관리(官吏). 사역원(司譯院) 관원(官員)을 통틀어 일컫던 말


-----------------------------------
순전하다

*****DEFINITION*****
(순수한) (be) pure, sheer, (전적인) (be) absolute, utter, perfect, outright, downright, out-and-out, thorough 순전히 wholly
純全
純 纯 chún​   *纯* | 纯* | *纯 pure / simple / unmixed / genuine 純
全 全 Quán​   *全* | 全* | *全 surname Quan
  全 quán​   *全* | 全* | *全 all / whole / entire / every / complete
純
순수할 순,가선 준,묶을 돈,온전할 전,검은 비단 치 1. 순수하다(純粹--) 2. 순박하다(淳朴ㆍ淳樸ㆍ醇朴--) 3. 진실하다(眞實--) 4. 돈독하다(敦篤--), 도탑다(서로의 관계에 사랑이나 인정이 많고 깊다) 5. 전일하다(專一--: 오직 한 곳에만 전념하다) 6.... [부수]糸(실사) [총획]10획 [난이도]중학용, 읽기 4급II, 쓰기 3급II
單純
단순
복잡(複雜)하지 않고 간단(簡單)함
純粹
순수
①다른 것이 조금도 섞이지 않음 　②사념(邪念)이나 사욕(邪慾)이 없음
不純
불순
①(잡것이 섞여)순수(純粹)한지 않음. 깨끗하지 않음 　②(꿍꿍이셈이 있어)참되지 못함
純利益
순이익
총이익(總利益) 중(中)에서 영업비(營業費)ㆍ잡비(雜費) 등(等) 총비용(總費用)을 빼고 남은 순전한 이익(利益)

全
온전할 전 1. 온전하다(穩全--) 2. 순전하다(純全--) 3. 무사하다(無事--) 4. 상처(傷處)가 없다, 흠이 없다 5. 갖추다, 갖추어지다 6. 온전(穩全)하게 하다 7. (병이)낫다 8. 완전히(完全-), 모두, 다 9. 흠이 없는... [부수]入(들입) [총획]6획 [난이도]중학용, 읽기 7급II, 쓰기 6급
全體
전체
①온몸. 전신(全身) 　②전부(全部). 총체　③개개 또는 부분(部分)의 집합(集合)으로 구성(構成)되어 있으면서도 그 총화(總和) 이상(以上)의 기능(機能), 의의(意義), 가치(價値) 따위를 가지는 존재(存在)
全般
전반
①통틀어 모두 　②여러 가지 것의 온통
安全
안전
①편안(便安)하여 탈이나 위험성(危險性)이 없음 　②온전(穩全)함
穩全
온전
본바탕대로 고스란히 있음


-----------------------------------
빚더미

*****DEFINITION*****
huge debt, mountain of debt 보증을 잘못 서면 빚더미에 앉을 수도 있다 If you foolishly cosign for someone else, you may end up with huge debts.

-----------------------------------
설상가상

*****DEFINITION*****
설상가상으로 to make matters[things] worse
雪上加霜
雪上加霜 xuě​shàng​jiā​shuāng​   *雪上加霜* | 雪上加霜* | *雪上加霜 to add hail to snow (idiom); one disaster on top of another / to make things worse in a bad situation HSK 6
雪
눈 설 1. 눈(땅 위로 떨어지는 얼음의 결정체) 2. 흰색 3. 흰것의 비유(比喩ㆍ譬喩) 4. (눈이)내리다 5. 희다 6. 고결하다(高潔--) 7. 씻다 8. 표명하다(表明--: 의사나 태도를 분명하게 드러내다) [부수]雨(비우) [총획]11획 [난이도]중학용, 읽기 6급II, 쓰기 5급II
小雪
소설
①적게 오는 눈 　②24절기(節氣)의 스무 번째. 입동(立冬)과 대설(大雪) 사이로, 양력(陽曆) 11월 22일 경(頃). 이 무렵부터 눈이 내리기 시작(始作)한다고 함
大雪
대설
①24 절후(節侯)의 하나. 태양(太陽)의 황경(黃經) 255°에 달한 때로서 양력(陽曆) 12월 8일 경(頃)에 해당(該當)함 　②많이 오는 눈. 이 날 눈이 많이 오면 다음 해 풍년(豐年)이 들고 푸근한 겨울을...
白雪
백설
흰 눈
壯雪
장설
많이 오는 눈

上
윗 상 1. 위, 윗 2. 앞 3. 첫째 4. 옛날 5. 이전 6. 임금 7. 군주(君主) 8. 사성의 일종(一種) 9. 높다 10. 올리다 11. 드리다 12. 진헌하다(進獻--: 임금께 예물을 바치다) 13. 오르다 14. 탈것을 타다 [부수]一(한일) [총획]3획 [난이도]중학용, 읽기 7급II, 쓰기 6급
以上
이상
①위치(位置)나 차례(次例)로 보아 어느 기준(基準)보다 위 　②수량(數量)이나 정도(程度)가 앞에 제시(提示)된 기준(基準)보다 많거나 높거나 큰 범위(範圍). 기준(基準)이 수량(數量)으로 제시(提示)될...
上昇
상승
위로 올라감. 오름
世上
세상
①인류(人類)가 살고 있는 지구(地球) 위 　②한 사람이 태어나서 죽을 때까지의 동안 　③활동(活動)하거나 생활(生活)하고 있는 사회(社會) 　④천상(天上)에 대(對)한 지상(地上) 　⑤제 마음대로 판을...
引上
인상
①끌어 올림 　②물건값(物件-)을 올림

加
더할 가 1. 더하다 2. 가하다 3. 들다 4. 가입하다 5. 입다, 몸에 붙이다, 입히다 6. 치다 7. 있다 8. 미치다(영향이나 작용 따위가 대상에 가하여지다), 닿다 9. 쓸다 10. 베풀다(일을 차리어 벌이다, 도와주어서... [부수]力(힘력) [총획]5획 [난이도]중학용, 읽기 5급, 쓰기 4급
增加
증가
더하여 많아짐
追加
추가
나중에 더하여 보탬
參加
참가
①어떤 모임이나 단체(團體)에 참여(參與)하거나 가입(加入)함 　②법률(法律) 상(上)의 관계(關係)에 당사자(當事者) 이외(以外)의 제3자(第三者)가 관여(關與)함
加入
가입
①조직(組織)이나 단체(團體) 등(等)에 구성원(構成員)으로 되기 위(爲)하여 듦 　②(이미 성립(成立)된 조약(條約)에)조약(條約)의 작성(作成)에 참여(參與)하지 않은 나라가 새로 이 조약(條約)에 듦...

霜
서리 상 1. 서리 2. 흰 가루 3. 세월(歲月) 4. 깨끗한 절개(節槪ㆍ節介)의 비유(比喩ㆍ譬喩) 5. 머리카락이 희게 셈 6. 날카로움의 비유(比喩ㆍ譬喩) 7. 엄한 법(法)의 비유(比喩ㆍ譬喩) 8. 차가움의 비유(比喩ㆍ譬喩)... [부수]雨(비우) [총획]17획 [난이도]중학용, 읽기 3급II, 쓰기 2급
霜降
상강
24절기(節氣) 가운데 열여덟째 절기(節氣), 양력(陽曆) 10월 24일 경(頃), 가을 마지막 절기(節氣)
騄耳霜蹄
녹이상제
주(周)나라 목왕(穆王)이 사랑했던 준마의 이름으로, 명마를 가리킴
風霜
풍상
①바람과 서리 　②많이 겪은 세상(世上)의 어려움과 고생(苦生)
砒霜
비상
비석(砒石)을 승화(昇華)시켜서 만든 결정체(結晶體)


-----------------------------------
불치병

*****DEFINITION*****
incurable[permanent, terminal] illness[disease] 그는 불치병에 걸렸다 He contracted an incurable disease.
不治病
不治 不治 bù​zhì​   *不治* | 不治* | *不治 to die of illness or injury despite having received medical help
病 病 bìng​   *病* | 病* | *病 illness / CL: 場｜场 / disease / to fall ill / defect
不
아닐 부,아닐 불 1. 아니다 2. 아니하다 3. 못하다 4. 없다 5. 말라 6. 아니하냐 7. 이르지 아니하다 8. 크다 9. 불통(不通: 과거에서 불합격의 등급) a. 아니다 (불) b. 아니하다 (불) c. 못하다 (불) d. 없다 (불) e.... [부수]一(한일) [총획]4획 [난이도]중학용, 읽기 7급II, 쓰기 6급
不可避
불가피
피할 수 없음
不拘
불구
주로 ＇∼하고＇로 쓰이어, 　＇무엇에 얽매이거나 거리끼지 아니하고＇의 뜻
不動産
부동산
토지(土地)나 집처럼 움직여서 옮길 수가 없는 재산(財産). 민법(民法) 상(上) 토지(土地) 및 건물(建物). 입목(立木)과 같은 토지(土地) 정착물(定着物)
不足
부족
①필요(必要)한 양이나 한계(限界)에 미치지 못하고 모자람. 넉넉하지 못함 　②만족(滿足)하지 않음. 마음에 차지 않음

治
다스릴 치,강 이름 이 1. 다스리다 2. 다스려지다, (질서가)바로 잡히다 3. (병을)고치다 4. 익히다, 배우다 5. 견주다(어떠한 차이가 있는지 알기 위하여 서로 대어 보다), 비교하다(比較--) 6. 돕다 7. 성해지다(盛---), ... [부수]氵(삼수변) [총획]8획 [난이도]중학용, 읽기 4급II, 쓰기 3급II
政治
정치
국가(國家)의 주권자(主權者)가 국가(國家) 권력(權力)을 행사(行使)하여 그 영토(領土)와 국민(國民)을 다스리는 일
治療
치료
병(病)이나 상처(傷處)를 다스려서 낫게 함
政治的
정치적
①정치(政治)에 관(關)한 모양(模樣). 정치(政治)에 관련(關聯)된 성격(性格)을 다분히 내포(內包)하는 모양(模樣) 　②사무적(事務的)이 아니고 흥정ㆍ변동(變動)에 의(依)하는 모양(模樣)
治癒
치유
치료(治療)하여 병(病)을 낫게 함

病
병 병 1. 병(病), 질병(疾病) 2. 근심 3. 흠, 결점(缺點), 하자(瑕疵) 4. 성벽(性癖), 좋지 않은 버릇 5. 손해(損害) 6. 병들다(病--), 앓다 7. 피로하다(疲勞--), 지치다 8. 시들다, 마르다 9. 괴로워하다 10.... [부수]疒(병질엄) [총획]10획 [난이도]중학용, 읽기 6급, 쓰기 5급
痼疾病
고질병
①오래도록 낳지 아니하여 고치기 어려운 병　②오래되어 바로잡기 어렵게 된 나쁜 버릇
病院
병원
①병든 사람을 진찰(診察), 치료(治療) 및 예방(豫防)하기 위(爲)하여 설비(設備)를 갖추어 놓은 곳 　②병든 사람 스무 명 이상(以上)을 수용(收容)하면서 치료(治療)할 수 있는 시설(施設)을 한 곳
疾病
질병
①신체(身體)의 온갖 기능(機能)의 장애(障礙)로 말미암은 병 　②건강(健康)하지 않은 상태(狀態) 질환(疾患)
病弊
병폐
병통(病痛)과 폐단(弊端)


-----------------------------------
미음

*****DEFINITION*****
thin rice gruel 미음을 쑤다 prepare thin rice gruel
米飮
米 米 Mǐ​   *米* | 米* | *米 surname Mi
  米 mǐ​   *米* | 米* | *米 rice / CL: 粒 / meter (classifier) HSK 3
飮 飮 yǐn​   *飮* | 飮* | *飮 variant of 飲｜饮
米
쌀 미 1. 쌀 2. 미터(meter) [부수]米(쌀미) [총획]6획 [난이도]중학용, 읽기 6급, 쓰기 5급
庚加米
경가미
경신가정미(庚申加定米)의 준말
白米
백미
흰 쌀
玄米
현미
벼를 타서 왕겨만 벗기고 속겨는 벗기지 아니한 쌀
米穀
미곡
①쌀 　②또는, 쌀을 포함(包含)한 다른 곡식(穀食)

飮
마실 음 1. 마시다 2. 호흡하다(呼吸--) 3. 마시게 하다 4. 먹이다, 먹게 하다 5. 머금다, 품다 6. 숨기다 7. 음식(飮食), 음식물(飮食物)의 총칭(總稱) 8. 음료(飮料), 마실 것 9. 술자리 [부수]𩙿(밥식변) [총획]13획 [난이도]중학용, 읽기 6급II, 쓰기 5급II
飮食
음식
먹는 것과 마시는 것
飮食物
음식물
음식(飮食)으로서 만들어진 물질(物質). 음식(飮食)을 식욕(食慾)을 돋우는 먹는 대상(對象)으로서보다는, 물리적(物理的)ㆍ화학적(化學的)인 물질(物質)로서 가리키는 말임
飮食店
음식점
음식(飮食)을 파는 가게
飮酒
음주
술을 마심


-----------------------------------
문안하다

*****DEFINITION*****
…의 안부를 묻다, 문안하다

-----------------------------------
추궁하다

*****DEFINITION*****
close questioning, interrogation, press (sb about/on sth), question thoroughly, interrogate 책임을 추궁하다 call sb to account
追窮
追 追 duī​   *追* | 追* | *追 to sculpt / to carve / musical instrument (old)
  追 zhuī​   *追* | 追* | *追 to chase after / to seek / to do one's utmost to seek or procure sth / to recall
窮 穷 qióng​   *穷* | 穷* | *穷 poor / destitute / to use up / to exhaust / thoroughly / extremely / (coll.) persistently and pointlessly 窮 HSK 4
追
쫓을 추,따를 추,갈 퇴,따를 수 1. 쫓다 2. 이루다 3. 잇닿다(서로 이어져 맞닿다) 4. 거슬러 올라가다 5. 구하다(求--) 6. 채우다 7. 부르다 8. 따르다, 사모하다(思慕--) 9. 뒤쫓는 사람 10. 나라의 이름 11. 성(姓)의 하나 a. 갈다,... [부수]辶(책받침) [총획]10획 [난이도]중학용, 읽기 3급II, 쓰기 2급
追加
추가
나중에 더하여 보탬
追跡
추적
뒤를 밟아 쫓음
追求
추구
①어디까지나 뒤쫓아 구(求)함 　②목적(目的)한 바를 이루고자 끝까지 좇아 구(求)함
追慕
추모
죽은 사람을 사모(思慕)함

窮
다할 궁,궁할 궁 1. 다하다 2. (극에)달하다(達--) 3. 마치다, 중단하다(中斷--) 4. 궁하다(窮--: 가난하고 어렵다), 궁(窮)하게 하다 5. 가난하다 6. (이치에)닿지 아니하다 7. 외지다, 궁벽하다(窮僻--) 8. 작다, 좁다,... [부수]穴(구멍혈) [총획]15획 [난이도]고등용, 읽기 4급, 쓰기 3급
窮極的
궁극적
극도(極度)에 이르러 더할 나위 없는 것
無窮花
무궁화
①무궁화(無窮花)나무의 꽃 　②우리의 나라꽃
窮理
궁리
①일이나 물건(物件)을 처리(處理)하거나 밝히기 위(爲)하여 따져 헤아리며 이치(理致)를 깊이 연구(硏究)함 　②좋은 도리(道理)를 발견(發見)하려고 이모저모 생각함
困窮
곤궁
①가난하여 살림이 구차(苟且)함 　②어렵고 궁핍(窮乏)함


-----------------------------------
자칫하다

*****DEFINITION*****
자칫하다가 일을 그르칠 수도 있다 This can be ruined in a moment if we aren't careful.

-----------------------------------
낙심

*****DEFINITION*****
[명사] disappointment, despair, [동사] be discouraged, be disappointed, be downhearted, be dejected, be disheartened, be dispirited, lose heart 그는 해고당한 후 몹시 낙심하고 있다 He is extremely discouraged after being fired from work.
落心
落 落 là​   *落* | 落* | *落 to leave out / to be missing / to leave behind or forget to bring / to lag or fall behind
  落 lào​   *落* | 落* | *落 see 落枕 and 落炕
  落 luò​   *落* | 落* | *落 to fall or drop / (of the sun) to set / (of a tide) to go out / to lower / to decline or sink / to lag or fall behind / to fall onto / to rest with / to get or receive / to write down / whereabouts / settlement
心 心 xīn​   *心* | 心* | *心 heart / mind / intention / center / core / CL: 顆｜颗, 個｜个
落
떨어질 낙,떨어질 락 1. 떨어지다 2. 떨어뜨리다 3. 쓸쓸하다 4. 죽다 5. 이루다 6. 준공하다(竣工--) 7. 두르다 8. 두르다 9. 마을 10. 빗방울 11. 낙엽(落葉) 12. 울타리 [부수]艹(초두머리) [총획]13획 [난이도]중학용, 읽기 5급, 쓰기 4급
墜落
추락
높은 곳에서 떨어짐
下落
하락
값이나 등급(等級) 따위가 떨어짐
墮落
타락
①품행(品行)이 나빠서 못된 구렁에 빠짐 　②도심(道心)을 잃고 속심(俗心)으로 떨어짐 　③죄(罪)를 범(犯)하여 불신(不信)의 생활(生活)에 빠짐
漏落
누락
기록(記錄)에서 빠짐

心
마음 심 1. 마음, 뜻, 의지(意志) 2. 생각 3. 염통, 심장(心臟) 4. 가슴 5. 근본(根本), 본성(本性) 6. 가운데, 중앙(中央), 중심(中心) 7. 도(道)의 본원(本源) 8. 꽃술, 꽃수염 9. 별자리 이름 10. 진수(眞修:... [부수]心(마음심) [총획]4획 [난이도]중학용, 읽기 7급, 쓰기 6급
核心
핵심
사물(事物)의 중심(中心)이 되는 중요(重要)한 부분(部分)
關心
관심
어떤 일이나 대상(對象)에 흥미(興味)를 가지고 마음을 쓰거나 알고 싶어하는 상태(狀態)
疑心
의심
①마음에 미심(未審)하게 여기는 생각 　②믿지 못하는 모양(模樣)
疑懼心
의구심
의심(疑心)하고 두려워하는 마음


-----------------------------------
물두하다

*****DEFINITION*****
돈을 물 쓰듯 하다 spend money like water
쓰듯
쓰
자신
親展
친전
편지(便紙)에서, 받는 사람이 직접(直接) 펴 보아 주기를 바란다는 뜻으로, 　겉봉의 받는 사람의 이름 옆이나 아래에 쓰는 말
犬馬之勞
견마지로
개나 말의 하찮은 힘이라는 뜻으로, 　①임금이나 나라에 충성(忠誠)을 다하는 노력(努力) 　②윗사람에게 바치는 자기(自己)의 노력(努力)을 낮추어 말할 때 쓰는 말
本第入納
본제입납
자기(自己) 집에 편지(便紙)할 때에 겉봉 표면(表面)에 자기(自己) 이름을 쓰고 그 밑에 쓰는 말
壺中天
호중천
항아리 속의 하늘이라는 뜻으로, 　별천지(別天地)ㆍ별세계(別世界)ㆍ선경(仙境) 따위의 뜻으로 쓰는 말

듯
깊고 펀펀한 모양 태 1. (산골짜기가)깊고 펀펀한 모양 2. 산(山)이 먼듯 연달은 모양 [부수]山(뫼산) [총획]10획
劃一
획일
①사물(事物)이 똑같이 고른 것 　②한결같아서 변(變)함이 없음 　③줄로 친 듯 가지런함
虛脫感
허탈감
허탈(虛脫)한 듯 한 느낌
漠漠
막막
①소리가 들릴 듯 말 듯 멂 　②고요하고 쓸쓸함
病的
병적
①병(病)이 있는 듯 한 　②정상(正常)이 아닌 지나친


-----------------------------------
