멋대로

*****DEFINITION*****
as one pleases[likes] 멋대로 행동하다 act as one pleases[likes]

-----------------------------------
처절하다

*****DEFINITION*****
(필사적이다) desperate; (끔찍하다) horrible, gruesome 두 나라의 군대는 처절한 전투를 벌였다 The troops of the two countries fought desperately.
悽絶
悽 凄 qī​   *凄* | 凄* | *凄 variant of 淒｜凄 / sad / mournful 悽
絶 绝 jué​   *绝* | 绝* | *绝 variant of 絕｜绝 絶
悽
슬퍼할 처,바쁠 서 1. 슬퍼하다, 구슬픈 생각이 들다 2. 야위다 3. 차갑다, (추위로 오싹)소름이 끼치다 4. 굶주려 괴로워 하는 모양 a. 바쁘다 (서) b. 바쁜 모양 (서) c. 마음의 안정(安定)을 잃은 모양 (서) d. 입은 ... [부수]忄(심방변) [총획]11획 [난이도]읽기 2급, 쓰기 1급
悽絶
처절
①참혹(慘酷)하리 만큼 구슬픔 　②더할 나위 없이 처참(悽慘)함 　③너무 슬퍼하여 기절할 것 같음
悽慘
처참
끔찍스럽게 참혹(慘酷)함
悽然
처연
쓸쓸하고 구슬픈 모양(模樣)
悽愴
처창
몹시 슬프고 애달픔

絶
끊을 절 1. 끊다 2. 단절하다(斷切ㆍ斷截--), 숨이 끊어지다, 죽다 3. 다하다, 끝나다 4. 막히다, 막다르다 5. 뛰어나다, 비할 데 없다 6. 건너다 7. 기발하다(奇拔--), 색다르다 8. 으뜸 9. 매우, 몹시 10. 심히,... [부수]糸(실사) [총획]12획 [난이도]중학용, 읽기 4급II, 쓰기 3급II
絶對
절대
①상대(相對)하여 견줄 만한 다른 것이 없음 　②아무런 제약(制約)이나 구속(拘束)을 받지 않음
根絶
근절
다시 생환(生還)할 수 없게 아주 뿌리째 끊어 없애 버림
絶望
절망
①모든 기대(期待)를 저버리고 체념(諦念)함 　②희망(希望)이 없음
拒絶
거절
①남의 제의(提議)나 요구(要求) 따위를 응낙하지 않고 물리침 　②거부(拒否)하여 끊어버림


-----------------------------------
절감하다

*****DEFINITION*****
feel[realize] keenly[acutely], become keenly aware (of) 외국어의 필요성을 절감하다 feel keenly the necessity of knowing foreign languages
切感
切 切 qiē​   *切* | 切* | *切 to cut / to slice / tangent (math) HSK 5
  切 qiè​   *切* | 切* | *切 definitely / absolutely (not) / (scoffing or dismissive interjection) Yeah, right. / Tut! / to grind / close to / eager / to correspond to / see also 反切
感 感 gǎn​   *感* | 感* | *感 to feel / to move / to touch / to affect / feeling / emotion / (suffix) sense of ~
切
끊을 절,온통 체 1. 끊다 2. 베다 3. 정성스럽다(精誠---) 4. 적절하다 5. 중요하다(重要--) 6. 절박하다(切迫--) 7. 진맥하다 8. 문지방(門地枋) 9. 반절(反切: 한자의 음을 나타낼 때 다른 두 한자의 음을 반씩 따서... [부수]刀(칼도) [총획]4획 [난이도]고등용, 읽기 5급II, 쓰기 4급II
適切
적절
①꼭 맞음 　②어떤 기준(基準)이나 정도(程度)에 맞아 어울리는 상태(狀態)
切實
절실
①(어떤 일에 대(對)한 느낌이나 생각이)뼈저리게 강렬(强烈)한 상태(狀態)에 있음 　②또는, (어떤 일에 대(對)한 해결(解決)이나 요구(要求) 등(等)이)매우 시급(時急)하고도 중요(重要)한 상태(狀態)에...
懇切
간절
지성(至誠)스럽고 절실(切實)함
切迫
절박
마감, 시기(時期), 기일(期日) 등(等)이 매우 급(急)함

感
느낄 감,한할 감 1. 느끼다 2. 감응하다(感應--), 느낌이 통하다(通--) 3. 감동하다(感動--), 마음이 움직이다 4. 고맙게 여기다, 은혜(恩惠)를 새겨 두다 5. 깨닫다 6. 생각하다 7. 한하다(恨--: 몹시 억울하거나 원통하여... [부수]心(마음심) [총획]13획 [난이도]중학용, 읽기 6급, 쓰기 5급
敏感
민감
예민(銳敏)한 감각(感覺)
感情
감정
①사물(事物)에 느끼어 일어나는 심정(心情). 마음. 기분(氣分). 생각 　②쾌ㆍ불쾌(不快)를 중심(中心)으로 하는 의식(意識)의 주관적(主觀的) 측면(側面) 　③감각(感覺)이나 관념(觀念)에 따라 일어나는...
感謝
감사
①고마움 　②고맙게 여김 　③고맙게 여기고 사례(謝禮)함
感染
감염
①다른 풍습(風習)이 옮아서 물이 듦 　②병원체(病原體)가 몸 안에 들어오는 일. 발병(發病)하지 않을 수도 있음. 감염(感染)의 경로(經路)에 따라 공기(空氣) 감염(感染), 구강(口腔) 감염(感染), 접촉(接觸)...


-----------------------------------
