전역

*****DEFINITION*****
(제대) discharge (from), be discharged from military[active] service 그는 병장으로 전역했다 He was a sergeant when he was discharged from the service.
轉役
轉 转 zhuǎi​   *转* | 转* | *转 see 轉文｜转文 轉
  转 zhuǎn​   *转* | 转* | *转 to turn / to change direction / to transfer / to forward (mail) 轉
  转 zhuàn​   *转* | 转* | *转 to revolve / to turn / to circle about / to walk about / classifier for revolutions (per minute etc): revs, rpm / classifier for repeated actions 轉
役 役 yì​   *役* | 役* | *役 forced labor / corvée / obligatory task / military service / to use as servant / to enserf / servant (old) / war / campaign / battle
轉
구를 전 1. 구르다 2. 회전하다 3. 선회하다 4. 맴돌다 5. 옮기다 6. 바꾸다 7. 부리다 8. 조종하다 9. 깨닫다 10. 알다 11. 터득하다 12. 넘어지다 13. 다루다 14. 나부끼다 15. 오히려 16. 더욱 더 17. 한층... [부수]車(수레거) [총획]18획 [난이도]고등용, 읽기 4급, 쓰기 3급
轉換
전환
①사물(事物)의 방침(方針), 성질(性質), 경향(傾向) 등(等)이 이리저리 바뀜 둘로 바뀜 　②프로이트의 용어(用語)로서 억압(抑壓)된 마음속의 소망(所望)의 신체적(身體的) 증상(症狀)의 모양(模樣)으로...
移轉
이전
①사물(事物)의 소재(所在)나 주소(住所)를 다른 곳으로 옮김 　②권리(權利) 따위를 넘겨주거나 넘겨받는 것 　③이사(移徙)
榮轉
영전
더 좋거나 높은 직위(職位)로 옮아감
轉落
전락
①이리저리 굴러서 떨어짐 　②타락(墮落)하여 보잘것없는 지경(地境)에 빠짐 　③망하여 빈곤(貧困)하여짐

役
부릴 역 1. 부리다, 일을 시키다 2. 일하다, 힘쓰다, 경영하다(經營--) 3. 줄짓다, 죽 늘어서다 4. 골몰하다(汨沒--) 5. 낮다, 천하다(賤--) 6. 일, 육체적 노동 7. 부역(負役), 요역(徭役) 8. 일꾼, 남의 부림을... [부수]彳(두인변) [총획]7획 [난이도]고등용, 읽기 3급II, 쓰기 2급
役割
역할
①제가 하여야 할 제 앞의 일 　②대상(對象)이 어떤 일에 있어서 가지는 자격(資格)이나 의무(義務)나 기능(技能). 구실
懲役
징역
①기결(旣決) 죄인(罪人)을 교도소(矯導所) 안에 구치하여 일정(一定) 기간(期間) 노역(勞役)에 복무(服務)시키는 자유형(自由刑)의 한 가지. 무기(無期)와 유기(有期)가 있음 　②조선(朝鮮) 광무(光武)...
用役
용역
물재(物財)의 형태(形態)를 취(取)하지 않고 생산(生産)과 소비(消費)에 필요(必要)한 노무(勞務)를 제공(提供)하는 일
現役
현역
군에 입대(入隊)하여 실제(實際)로 근무(勤務)를 하는 병역(兵役). 또는, 그 사람. 지금 어떤 일에 종사(從事)하고 있는 사람


-----------------------------------
돌풍

*****DEFINITION*****
(바람) gust , (sudden) gust of wind ; (눈비와 함께 부는) squall 돌풍에 모자가 날아가 버렸다 A gust of wind blew my hat off. 2개 뜻 더보기 : (바람) gust , (sudden) gust of wind ; (눈비와 함께 부는) squall
突風
突 突 tū​   *突* | 突* | *突 to dash / to move forward quickly / to bulge / to protrude / to break through / to rush out / sudden / Taiwan pr. [tu2]
風 风 fēng​   *风* | 风* | *风 wind / news / style / custom / manner / CL: 陣｜阵, 絲｜丝 風
突
갑자기 돌 1. 갑자기 2. 갑작스럽다 3. 내밀다 4. 쑥 나오다 5. 부딪치다 6. 구멍을 파서 뚫다 7. 굴뚝 8. 대머리 9. 사나운 말 [부수]穴(구멍혈) [총획]9획 [난이도]고등용, 읽기 3급II, 쓰기 2급
衝突
충돌
①서로 대질러서 부딪침 　②쌍방(雙方)의 의견(意見)이 맞지 아니하여 서로 맞섬
突入
돌입
어떤 곳이나 상태(狀態)에 기세(氣勢) 있게 뛰어드는 것
突破
돌파
ⓛ무찔러 깨뜨림. 뚫어 깨뜨림. 특(特)히 전투행위(戰鬪行爲)에서 적의 부대(部隊)나 함대(艦隊)를 정면으로 공격(攻擊)해서 분단(分斷)함 　②어떤 기준(基準)에 도달(到達)하여 그것을 넘음
突破口
돌파구
①견고(堅固)한 진지(陣地) 등(等)의 한쪽을 돌파하여 만든 공격로(攻擊路) 　②곤란(困難)한 문제(問題) 따위를 해결(解決)하는 실마리

風
바람 풍 1. 바람 2. 가르침 3. 풍속(風俗), 습속(習俗) 4. 경치(景致), 경관(景觀) 5. 모습 6. 기질(氣質) 7. 병(病) 이름, 감기(感氣), 중풍(中風) 8. 기세(氣勢: 기운차게 뻗치는 형세) 9. 절조(節操: 절개와... [부수]風(바람풍) [총획]9획 [난이도]중학용, 읽기 6급II, 쓰기 5급II
熱風
열풍
뜨거운 바람. 사막(沙漠) 따위에서 여름에 부는 뜨겁고 마른 바람
風景
풍경
①어떤 상황(狀況)이나 형편(形便)이나 분위기(雰圍氣) 가운데에 있는 어느 곳의 모습 　②풍경화(風景畫)의 준말
颱風
태풍
①북(北) 태평양(太平洋) 서부(西部)에서 발생(發生)하여 아시아 대륙(大陸) 동부(東部)로 불어오는 열대성(熱帶性) 저기압(低氣壓). 또는, 그 열대성(熱帶性) 저기압(低氣壓)이 동반하는 폭풍우(暴風雨)....
風俗
풍속
①옛적부터 사회(社會)에 행(行)하여 온 의(衣), 식(食), 주(住) 그밖의 모든 생활(生活)에 관(關)한 습관(習慣) 　②세상(世上)의 시체(詩體)


-----------------------------------
생경하다

*****DEFINITION*****
strange, unfamiliar 그의 글은 생경한 표현들로 가득하다 His writing is full of strange expressions.
生硬
生硬 shēng​yìng​   *生硬* | 生硬* | *生硬 stiff / harsh
生
날 생 1. 나다 2. 낳다 3. 살다 4. 기르다 5. 서투르다 6. 싱싱하다 7. 만들다 8. 백성(百姓) 9. 선비(학식은 있으나 벼슬하지 않은 사람을 이르던 말) 10. 자기(自己)의 겸칭(謙稱) 11. 사람 12. 날(익지 않음)... [부수]生(날생) [총획]5획 [난이도]중학용, 읽기 8급, 쓰기 6급II
發生
발생
①(어떤 사건(事件)이나 사물(事物) 현상(現象)이 어느 곳 또는 세상(世上)에) 생겨나거나 나타나는 것 　②(생물학(生物學)ㆍ생리학) 세포(細胞)의 증식(增殖)ㆍ분화(分化)ㆍ형태(形態) 형성(形成) 등(等)에...
生活
생활
①살아서 활동(活動)함. 생계(生計)를 유지(維持)하여 살아나감 　②먹고 입고 쓰고 하는 등(等)의 살림살이 　③일정(一定)한 조직체(組織體)에 매여 구성원(構成員)으로 활동(活動)함
學生
학생
①배우는 사람, 주(主)로 학교(學校)에 다니면서 공부(工夫)하는 사람 　②벼슬하지 아니하고 죽은 사람의 명정, 지방(紙榜), 신주(神主) 따위에 쓰는 존칭(尊稱) 　③신라(新羅) 때 국학(國學)에서 가르침을...
先生
선생
①학생(學生)을 가르치는 사람. 학예(學藝), 기예(技藝) 등(等)을 남에게 가르치는 사람 　②자기(自己)보다 학식(學識)이 높은 사람을 높이어 일컫는 말 　③남을 존대(尊待)하여 부르는 말. 흔히 성이나...

硬
굳을 경,가로막을 경 1. 굳다 2. 단단하다 3. 강하다(強--) 4. 완강하다(頑強--) 5. 힘이 있다 6. 익숙하지 않다 7. 서투르다, 어색하다(語塞--) 8. 가로막다 9. 방해하다(妨害--) 10. 억지로, 무리하게(無理--) [부수]石(돌석) [총획]12획 [난이도]고등용, 읽기 3급II, 쓰기 2급
强硬
강경
타협(妥協)하거나 굽힘이 없이 힘차고 굳셈
强硬派
강경파
강경(强硬)한 주장(主張)을 내세우거나 강경(强硬)한 행동(行動)을 하는 파(派)
硬直
경직
①몸 따위가 굳어서 뻣뻣하게 되는 것 　②사고(思考) 방식(方式)이나 태도(態度)나 분위기(雰圍氣) 따위가 외곬으로 치우쳐 융통성(融通性)이 없거나 딱딱한 상태(狀態)가 되는 것
硬直性
경직성
곧고 곧은 성질(性質)


-----------------------------------
도전

*****DEFINITION*****
(싸움을 걸다) [명사] challenge; (권위에 대한) defiance, [동사] challenge (sb to sth); (권위에) defy 도전에 응하다 accept[take up] the challenge
挑戰
挑战 tiǎo​zhàn​   *挑战* | 挑战* | *挑战 to challenge / challenge 挑戰 HSK 5
挑
돋울 도 1. 돋우다(도드라지거나 높아지게 하다) 2. 꾀다, 꼬드기다 3. (줄을)뜯다, 튀기다 4. 드러내다, 폭로하다(暴露--) 5. 후비다, 도려 파내다 6. 가리다, (가려서)취하다(取--), 가려서 쓰다 7. 어깨에 메다... [부수]扌(재방변) [총획]9획 [난이도]고등용, 읽기 3급, 쓰기 2급
挑戰
도전
①싸움을 걸거나 돋움 　②비유적(比喩的)으로, 어려운 사업(事業)이나 기록(記錄) 경신(更新)에 맞섬
挑發
도발
①(전쟁(戰爭)ㆍ분쟁(紛爭) 등(等)을) 상대(相對)를 자극(刺戟)함으로써 일으키는 것 　②(욕정 등(等)을) 부추겨 불러일으키는 것
挑發的
도발적
집적거리는 태도(態度)를 취(取)하는 모양(模樣). 색정(色情)을 자극(刺戟)시키는 모양(模樣)
挑出
도출
시비(是非)를 일으키거나 싸움을 돋움

戰
싸움 전 1. 싸움 2. 전쟁(戰爭), 전투(戰鬪) 3. 경기(競技), 시합 4. 경쟁(競爭) 5. 싸우다 6. 전쟁하다(戰爭--) 7. 떨다 8. 두려워서 떨다 9. 동요하다(動搖--) 10. 흔들리다 11. 두려워하다 [부수]戈(창과) [총획]16획 [난이도]중학용, 읽기 6급II, 쓰기 5급II
戰爭
전쟁
①싸움 　②무력(武力)으로 국가(國家) 간(間)에 싸우는 일. 국제법(國際法) 상(上) 선전(宣戰) 포고에 의(依)하여 발생(發生)함
戰略
전략
①전쟁(戰爭)의 방략(方略) 　②전쟁(戰爭)에 있어서 용병(用兵)의 지휘(指揮). 전지(戰地)에 있어서 군대(軍隊)의 운용(運用) 방법(方法) 　③정치(政治), 사회(社會) 운동(運動) 등(等)에서의 책략(策略)
挑戰
도전
①싸움을 걸거나 돋움 　②비유적(比喩的)으로, 어려운 사업(事業)이나 기록(記錄) 경신(更新)에 맞섬
戰略的
전략적
적의 전쟁(戰爭) 행위(行爲)에 대항(對抗)하는, 군사(軍事) 상(上)의 대책(對策) 또는 행동(行動) 전반(全般)에 관(關)한 모양(模樣)


-----------------------------------
산모

*****DEFINITION*****
mother 산모와 아기 모두 건강하다 Both the mother and baby are doing well.
産母
産 産 chǎn​   *産* | 産* | *産 Japanese variant of 產｜产
母 母 mǔ​   *母* | 母* | *母 mother / elderly female relative / origin / source / (of animals) female
産
낳을 산 1. 낳다 2. 나다, 태어나다 3. 자라다 4. 생기다, 일어나다 5. 생산하다(生産--) 6. 출생(出生) 7. 재산(財産), 자산(資産) 8. 생업(生業) 9. 산물(産物) 10. 가축(家畜) [부수]生(날생) [총획]11획 [난이도]중학용, 읽기 5급II, 쓰기 4급II
不動産
부동산
토지(土地)나 집처럼 움직여서 옮길 수가 없는 재산(財産). 민법(民法) 상(上) 토지(土地) 및 건물(建物). 입목(立木)과 같은 토지(土地) 정착물(定着物)
財産
재산
①개인(個人)이나 가정(家庭), 단체(團體)가 소유(所有)하는 재물(財物) 　②경제적(經濟的) 가치(價値)가 있는 유형(有形), 무형(無形)의 온갖 것
産業
산업
①생산(生産)을 하는 사업(事業). 곧 자연물(自然物)에 사람의 힘을 가(加)하여 그 이용(利用) 가치(價値)를 창조(創造)하고 또 이것을 증대(增大)하기 위(爲)하여 그 형태(形態)를 변경(變更)하거나 또는...
生産
생산
①아이나 새끼를 낳음 　②자연물(自然物)에 사람의 힘을 가(加)하여 경제(經濟) 생활(生活)에 필요(必要)한 재화(財貨)를 만들어 내거나 증가(增加)시킴. 분배(分配), 교환(交換), 소비(消費)라고 하는...

母
어머니 모 1. 어머니 2. 어머니뻘의 여자(女子) 3. 할머니, 나이 많은 여자(女子) 4. 모체(母體) 5. 암컷 6. 유모(乳母) 7. 근본(根本), 근원(根源) 8. 본전(本錢), 원금(元金) 9. 표준(標準) 10. 엄지손가락 11.... [부수]毋(말무) [총획]5획 [난이도]중학용, 읽기 8급, 쓰기 6급II
父母
부모
어버이. 아버지와 어머니
學父母
학부모
학생(學生)의 어머니와 아버지
祖母
조모
할머니
王母
왕모
①할머니 　②임금의 어머니 　③정재(呈才) 때 헌선도무에서 선도반을 드리는 여기 　④중국(中國)의 주(周)나라 목왕이 요지에서 데리고 놀았다는 선녀(仙女) 이름


-----------------------------------
극복하다

*****DEFINITION*****
overcome, surmount, get over 시련을 극복하다 overcome trials (and tribulations)[an ordeal; hardships]
克服
克服 kè​fú​   *克服* | 克服* | *克服 (try to) overcome (hardships etc) / to conquer / to put up with / to endure HSK 5
克
이길 극 1. 이기다 2. 해내다 3. 참고 견디다 4. 능하다(能--) 5. 능력(能力)이 있다 6. 이루어내다 7. 메다 8. 다스리다 9. 정돈하다(整頓--) 10. 승벽(勝癖: 지기 싫어하는 성질) 11. 그램 [부수]儿(어진사람인발) [총획]7획 [난이도]고등용, 읽기 3급II, 쓰기 2급
克服
극복
①싸움에 이겨서 적을 복종(服從)시킴 　②곤란(困難)을 이겨내어 마음대로 함
金克己
김극기
고려(高麗) 중기(中期)의 시인(詩人). 호는 노봉(老峯)
克明
극명
①속속들이 잘 밝힘 　②똑똑히 밝힘
克家
극가
집안을 잘 다스림

服
옷 복 1. 옷, 의복(衣服) 2. 복(服) 3. 일 4. 한 번에 마시는 약의 분량(分量) 5. 직책(職責), 직업(職業) 6. 일용품(日用品) 7. 전동(箭筒: 화살을 담아 두는 통) 8. 수레를 끄는 말 9. 올빼미(올빼밋과의 새)... [부수]月(달월) [총획]8획 [난이도]중학용, 읽기 6급, 쓰기 5급
克服
극복
①싸움에 이겨서 적을 복종(服從)시킴 　②곤란(困難)을 이겨내어 마음대로 함
衣服
의복
옷. 몸을 싸서 가리거나 보호(保護)하기 위하여 피륙 따위로 만들어 입는 물건(物件)
屈服
굴복
①굽혀 복종(服從)함 　②힘이 모자라 복종(服從)함
降服
항복
☞ 항복(降伏)


-----------------------------------
헌신

*****DEFINITION*****
[명사] devotion (to), dedication (to), commitment (to), [동사] devote oneself (to), dedicate oneself (to), be committed to 그녀는 평생을 사회사업에 헌신했다 She devoted her whole life to social work.
獻身
献身 xiàn​shēn​   *献身* | 献身* | *献身 to commit one's energy to / to devote oneself to / to sacrifice one's life for / (coll.) (of a woman) to give one's virginity to 獻身
獻
드릴 헌,술두루미 사,위의 있을 의 1. 드리다 2. 바치다 3. 올리다 4. 나타내다 5. 표현하다(表現--) 6. 보이다 7. 권하다(勸--) 8. 나아가다 9. 좋다 10. 맞다 11. 바치는 물건(物件) 12. 어진 이, 현자(賢者) a. 술두루미(술을 담는 두루미)... [부수]犬(개견) [총획]20획 [난이도]고등용, 읽기 3급II, 쓰기 2급
獻血
헌혈
자기(自己)의 피를 다른 사람에게 뽑아 주는 일
獻身
헌신
신명(身命)을 바쳐 일에 진력함
貢獻
공헌
①사회(社會)를 위(爲)하여 이바지함 　②공물(貢物)을 나라에 바침
文獻
문헌
①옛날의 제도(制度)나 문물(文物)을 아는 데에 증거(證據)로 되는 기록(記錄)이나 서적(書籍) 　②특정(特定)한 연구(硏究)에 대(對)하여 참고(參考) 자료(資料)로 되는 인쇄물(印刷物) 　③또는 쓰여진...

身
몸 신,나라 이름 건 1. 몸, 신체(身體) 2. 줄기, 주(主)된 부분(部分) 3. 나, 1인칭 대명사(代名詞) 4. 자기(自己), 자신(自身) 5. 출신(出身), 신분(身分) 6. 몸소, 친히(親-) 7. 나이 8. (아이를)배다 9. 체험하다(體驗--)... [부수]身(몸신) [총획]7획 [난이도]중학용, 읽기 6급II, 쓰기 5급II
自身
자신
①제 몸 　②딴 말에 붙어서 딴 어떤 것도 아니고 그 스스로임을 강조(强調)할 때 쓰는 말
代身
대신
①남을 대리(代理) 함 　②새것으로나 다른 것으로 바꾸어 갈아 채움 　③어떠한 행위(行爲)나 현상(現象)에 상응(相應)하는 것이거나 그의 대가(代價)임을 나타내는 말
出身
출신
①무슨 지방(地方)이나 학교(學校)ㆍ직업(職業) 등(等)으로부터 나온 신분(身分) 　②처음으로 벼슬길에 나섬
身體
신체
사람의 몸


-----------------------------------
독실하다

*****DEFINITION*****
devout, committed 독실한 기독교 신자 a devout Christian
篤實
笃实 dǔ​shí​   *笃实* | 笃实* | *笃实 loyal / sincere / sound 篤實
篤
도타울 독 1. 도탑다(서로의 관계에 사랑이나 인정이 많고 깊다) 2. 두터이 하다, 도탑게 하다 3. 진심(眞心)이 깃들어 있다 4. 전일하다(專一--), 순일하다(純一--) 5. 단단하다, 견실하다(堅實--) 6. 살피다, ... [부수]竹(대죽) [총획]16획 [난이도]고등용, 읽기 3급, 쓰기 2급
敦篤
돈독
인정(人情)이 도타움
篤實
독실
①성실(誠實)하고도 극진(極盡)함 　②인정(人情)이 두텁고 친절(親切)함 　③열성(熱誠)이 있고 진실(眞實)함
醇篤
순독
☞ 순후(醇厚)
篤志家
독지가
①마음이 독실(篤實)한 사람 　②사업(事業)이나 공공(公共)의 일에 특(特)히 마음을 쓰고 협력(協力)ㆍ원조(援助)하는 사람

實
열매 실,이를 지 1. 열매 2. 씨, 종자 3. 공물(貢物) 4. 재물(財物), 재화(財貨) 5. 내용(內容) 6. 바탕, 본질(本質) 7. 녹봉(祿俸: 벼슬아치에게 주던 급료), 작록(爵祿: 관작(官爵)과 봉록(俸祿)) 8. 자취(어떤 것이... [부수]宀(갓머리) [총획]14획 [난이도]중학용, 읽기 5급II, 쓰기 4급II
事實
사실
①실제(實際)로 있었던 일, 또는 있는 일 　②법률(法律) 상(上)으로 효과(效果)를 내는 현상(現象)이나 경험(經驗) 　③생각하였거나 말한 일에 대(對)하여 현실(現實)로 이루어졌거나 일어난 일로서...
實際
실제
현실(現實)의 경우(境遇)나 형편(形便)
實施
실시
실제(實際)로 시행(施行)함
實踐
실천
①실제(實際)로 해냄 　②자연(自然)이나 사회(社會)를 변혁(變革)하는 의식적(意識的)이고 계획적(計劃的)인 모든 활동(活動) 　③얻어진 인식(認識)의 참과 거짓을 검증(檢證)하는 일


-----------------------------------
출전하다

*****DEFINITION*****
(시합·경기 등에) participation (in), participate (in), compete (in), enter, take part (in) 출전 자격을 박탈당하다 be disqualified from entering (an event)
出戰
出 出 chū​   *出* | 出* | *出 to go out / to come out / to occur / to produce / to go beyond / to rise / to put forth / to happen / classifier for dramas, plays, operas etc HSK 2
  出 chū​   *出* | 出* | *出 variant of 出 (classifier for plays or chapters of classical novels) 齣 HSK 2
戰 战 zhàn​   *战* | 战* | *战 to fight / fight / war / battle 戰
出
날 출,단락 척 1. 나다, 태어나다, 낳다 2. 나가다 3. 떠나다, 헤어지다 4. 드러내다, 나타내다 5. 내놓다 6. 내쫓다, 추방하다(追放--) 7. 돌려보내다 8. 내어주다, (셈을)치르다 9. 버리다 10. 게우다 11. 샘솟다,... [부수]凵(위튼입구몸) [총획]5획 [난이도]중학용, 읽기 7급, 쓰기 6급
輸出
수출
①실어서 내보냄 　②국내(國內)에서 외국(外國)으로 재화(財貨)를 팔기 위(爲)하여 실어 냄
出帆
출범
①배가 돛을 달고 떠남 　②단체(團體)가 새로 조직(組織)되어 일을 시작(始作)하는 것을 비유(比喩ㆍ譬喩)하여 이르는 말
提出
제출
문안(文案)이나 의견(意見)ㆍ법안(法案) 등(等)을 내어놓음
抽出
추출
①빼냄. 뽑아 냄 　②용매(溶媒)를 써서 고체(固體)ㆍ액체(液體)에서 어떤 물질(物質)을 뽑아 내는 일

戰
싸움 전 1. 싸움 2. 전쟁(戰爭), 전투(戰鬪) 3. 경기(競技), 시합 4. 경쟁(競爭) 5. 싸우다 6. 전쟁하다(戰爭--) 7. 떨다 8. 두려워서 떨다 9. 동요하다(動搖--) 10. 흔들리다 11. 두려워하다 [부수]戈(창과) [총획]16획 [난이도]중학용, 읽기 6급II, 쓰기 5급II
戰爭
전쟁
①싸움 　②무력(武力)으로 국가(國家) 간(間)에 싸우는 일. 국제법(國際法) 상(上) 선전(宣戰) 포고에 의(依)하여 발생(發生)함
戰略
전략
①전쟁(戰爭)의 방략(方略) 　②전쟁(戰爭)에 있어서 용병(用兵)의 지휘(指揮). 전지(戰地)에 있어서 군대(軍隊)의 운용(運用) 방법(方法) 　③정치(政治), 사회(社會) 운동(運動) 등(等)에서의 책략(策略)
挑戰
도전
①싸움을 걸거나 돋움 　②비유적(比喩的)으로, 어려운 사업(事業)이나 기록(記錄) 경신(更新)에 맞섬
戰略的
전략적
적의 전쟁(戰爭) 행위(行爲)에 대항(對抗)하는, 군사(軍事) 상(上)의 대책(對策) 또는 행동(行動) 전반(全般)에 관(關)한 모양(模樣)


-----------------------------------
역전

*****DEFINITION*****
turn around, turn the tables (on) 안타 하나면 경기를 역전시킬 수 있다 Just one hit will turn the game around.
逆轉
逆转 nì​zhuǎn​   *逆转* | 逆转* | *逆转 to turn back / to reverse 逆轉
逆
거스릴 역 1. 거스르다, 거역하다(拒逆--) 2. 거절하다(拒絶--) 3. 어기다, 어긋나다 4. 배반하다(背反ㆍ背叛--) 5. 어지러워지다 6. 맞다, 맞이하다, 마중하다 7. 만나다, 합류하다(合流--) 8. 돌다, 선회하다(旋回--)... [부수]辶(책받침) [총획]10획 [난이도]중학용, 읽기 4급II, 쓰기 3급II
逆轉
역전
①형세(形勢)가 뒤집힘 　②거꾸로 돎 　③일이 그릇되어서 좋지 아니한 방면(方面)으로 벌어져 감
逆行
역행
①거꾸로 나아감. 순서(順序)를 바꾸어 행(行)함. 생산물(生産物)의 수량(數量) 변화(變化)와 생산(生産) 요소(要素)의 수량(數量) 변화(變化)가 반비례(反比例)하는 일. 곧, 생산물(生産物) 값이 오르면...
逆風
역풍
①자기(自己)가 가는 방향(方向)에서 마주 불어오는 바람 　②거슬러 부는 바람. 앞바람
拒逆
거역
윗사람의 명령(命令)이나 뜻을 어김

轉
구를 전 1. 구르다 2. 회전하다 3. 선회하다 4. 맴돌다 5. 옮기다 6. 바꾸다 7. 부리다 8. 조종하다 9. 깨닫다 10. 알다 11. 터득하다 12. 넘어지다 13. 다루다 14. 나부끼다 15. 오히려 16. 더욱 더 17. 한층... [부수]車(수레거) [총획]18획 [난이도]고등용, 읽기 4급, 쓰기 3급
轉換
전환
①사물(事物)의 방침(方針), 성질(性質), 경향(傾向) 등(等)이 이리저리 바뀜 둘로 바뀜 　②프로이트의 용어(用語)로서 억압(抑壓)된 마음속의 소망(所望)의 신체적(身體的) 증상(症狀)의 모양(模樣)으로...
移轉
이전
①사물(事物)의 소재(所在)나 주소(住所)를 다른 곳으로 옮김 　②권리(權利) 따위를 넘겨주거나 넘겨받는 것 　③이사(移徙)
榮轉
영전
더 좋거나 높은 직위(職位)로 옮아감
轉落
전락
①이리저리 굴러서 떨어짐 　②타락(墮落)하여 보잘것없는 지경(地境)에 빠짐 　③망하여 빈곤(貧困)하여짐


-----------------------------------
입단

*****DEFINITION*****
[동사] join, enter 보이스카우트에 입단하다 join the Boy Scouts
入團
入团 rù​tuán​   *入团* | 入团* | *入团 to enroll in the Communist Youth League 入團
入
들 입 1. 들다, 들이다 2. 간여하다(干與--) 3. 빠지다, 지나치게 정신(精神)이 쏠려 헤어나지 못하다 4. 시집보내다, 받아들이다 5. 떨어지다, 떨어뜨리다 6. 투신하다(投身--) 7. 섬기다, 벼슬하다 8. 공략... [부수]入(들입) [총획]2획 [난이도]중학용, 읽기 7급, 쓰기 6급
輸入
수입
①외국(外國)으로부터 물품(物品)을 사 들임 　②외국(外國)의 사상(思想)이나 문물(文物), 제도(制度), 풍습(風習) 등(等)을 배워서 들여옴의 비유(比喩ㆍ譬喩)
導入
도입
①끌어들임. 인도(引導)하여 들임 　②학습(學習) 지도(指導) 과정(課程)의 최초(最初)의 단계(段階). 단원(單元)의 전개(展開)에 있어, 단원의 내용(內容)을 효과적(效果的)으로 피(被) 교육자(敎育者)가...
購入
구입
물건(物件)을 사들임
介入
개입
①어떠한 사건(事件)에 관계(關係)하게 됨 　②이쪽과 저쪽의 사이에 들어감

團
둥글 단,경단 단 1. 둥글다 2. 모이다 3. 모으다 4. 굴러가다 5. 지배하다(支配--) 6. 통치하다(統治--) 7. 덩어리 8. 모임 9. 가게 10. 점포 11. 조(組: 군대 조직의 하나) 12. 단체(團體), 집단(集團) 13. 경단(瓊團:... [부수]囗(큰입구몸) [총획]14획 [난이도]고등용, 읽기 5급II, 쓰기 4급II
團體
단체
공동(共同)의 목적(目的)을 달성(達成)하기 위(爲)하여 의식적(意識的)으로 결합(結合)한 두 사람 이상(以上)의 집단(集團). 법인(法人)ㆍ정당(政黨) 등(等)
集團
집단
①모여서 이룬 떼 　②개인(個人)이 모여서 이룬 단체(團體)
團束
단속
①잡도리를 단단히 함 　②경계(警戒)를 단단히 하여 다잡음 　③규칙(規則)ㆍ명령(命令)ㆍ법령(法令) 등(等)을 잘 지키도록 통제(統制)함
團地
단지
주택(住宅)ㆍ공장(工場) 등(等)이 집단(集團)을 이루고 있는 일정(一定) 구역(區域)


-----------------------------------
언론

*****DEFINITION*****
the press, the (mass) media 외국 언론사 foreign press
言論
言论 yán​lùn​   *言论* | 言论* | *言论 expression of opinion / views / remarks / arguments 言論 HSK 6
言
말씀 언,화기애애할 은 1. 말씀, 말 2. 견해(見解), 의견(意見) 3. 글 4. 언론(言論) 5. 맹세(盟誓)의 말 6. 호령(號令) 7. 하소연(딱한 사정 따위를 간곡히 호소함) 8. 건의(建議), 계책(計策) 9. 허물, 잘못 10. 혐극(嫌隙:... [부수]言(말씀언) [총획]7획 [난이도]중학용, 읽기 6급, 쓰기 5급
言論
언론
①말로나 글로써 자기(自己)의 의사(意思)를 발표(發表)하는 일 　②또는, 그 말이나 글
宣言
선언
①어떤나라가 다른 나라에 대(對)하여 행(行)하는 일방적(一方的)인 의사(意思) 표시(表示)　②나라와 나라 사이, 사회(社會) 집단(集團) 사이 또는 개인(個人) 상호(相互) 간(間)의 결정(決定)을 대외...
發言
발언
①의견(意見)을 나타내는 말 　②의견(意見)으로 말을 함　③말을 꺼냄
言及
언급
①어떤 일과 관련(關聯)하여 말함 　②말이 어떤 문제(問題)에 미침

論
논할 론,논할 논,조리 륜,조리 윤 1. 논(論)하다, 논의하다 2. 서술하다(敍述--) 3. 말하다 4. 언급하다(言及--) 5. 따지다 6. 문제(問題) 삼다 7. 문제시하다(問題視--) 8. 토론하다(討論--) 9. 중시하다(重視--) 10. 평가하여 결정하다(決定--)... [부수]言(말씀언) [총획]15획 [난이도]중학용, 읽기 4급II, 쓰기 3급II
論難
논란
(어떤 문제(問題)에 대(對)해서, 또는 어떤 문제(問題)를) 이러니저러니 옳으니 그르니 하며 시비(是非)를 따져 논(論)하는 것
輿論
여론
사회(社會)의 어떠한 현상(現象)이나 정치적(政治的) 문제(問題) 등(等)에 대(對)하여 국민(國民)들이 나타내는 공통(共通)된 의견(意見)
勿論
물론
말할 것도 없음
論議
논의
①서로 의견(意見)을 논술(論述)하여 토의(討議)함 　②의논(議論)


-----------------------------------
비아냥

*****DEFINITION*****
make sarcastic remarks[comments], be sarcastic

-----------------------------------
삽입

*****DEFINITION*****
insertion, interposition, interpolation, 삽입하다 insert, interpose, interpolate, put (a thing) in 신문의 삽입 광고 a leaflet[an advertising leaflet] inserted in a newspaper
揷入
揷 插 chā​   *插* | 插* | *插 old variant of 插 揷 HSK 5
入 入 rù​   *入* | 入* | *入 to enter / to go into / to join / to become a member of / to confirm or agree with / abbr. for 入聲｜入声
揷
꽂을 삽 1. 꽂다 2. 끼우다 3. 삽입하다 4. 찌르다 5. 개입하다(介入--) 6. 끼어들다 7. 가래(흙을 파헤치거나 떠서 던지는 기구) [부수]扌(재방변) [총획]12획 [난이도]읽기 2급, 쓰기 1급
揷畫
삽화
주로, 신문(新聞)ㆍ잡지(雜誌)ㆍ서적(書籍)의 문장(文章) 속에서 문장(文章)의 내용(內容)을 보완(補完)하거나 이해(理解)를 돕도록 장면(場面)을 묘사(描寫)하여 그린 그림
揷面
삽면
☞ 자자(刺字)
揷架
삽가
서가(書架). 책시렁
揷入
삽입
(원 줄거리에) 끼워 넣음. 끼움, 꽂음

入
들 입 1. 들다, 들이다 2. 간여하다(干與--) 3. 빠지다, 지나치게 정신(精神)이 쏠려 헤어나지 못하다 4. 시집보내다, 받아들이다 5. 떨어지다, 떨어뜨리다 6. 투신하다(投身--) 7. 섬기다, 벼슬하다 8. 공략... [부수]入(들입) [총획]2획 [난이도]중학용, 읽기 7급, 쓰기 6급
輸入
수입
①외국(外國)으로부터 물품(物品)을 사 들임 　②외국(外國)의 사상(思想)이나 문물(文物), 제도(制度), 풍습(風習) 등(等)을 배워서 들여옴의 비유(比喩ㆍ譬喩)
導入
도입
①끌어들임. 인도(引導)하여 들임 　②학습(學習) 지도(指導) 과정(課程)의 최초(最初)의 단계(段階). 단원(單元)의 전개(展開)에 있어, 단원의 내용(內容)을 효과적(效果的)으로 피(被) 교육자(敎育者)가...
購入
구입
물건(物件)을 사들임
介入
개입
①어떠한 사건(事件)에 관계(關係)하게 됨 　②이쪽과 저쪽의 사이에 들어감


-----------------------------------
지칭하다

*****DEFINITION*****
call (sb sth), name, refer to 2차 세계대전 직후에 출생한 세대를 베이비붐 세대로 지칭한다 The generation born after the second World War has been called the baby boom generation.
指稱
指称 zhǐ​chēng​   *指称* | 指称* | *指称 designation / reference / to refer to 指稱
指
가리킬 지 1. 가리키다, 손가락질하다 2. 지시하다(指示--), 가리켜 보이다 3. 곤두서다, 곧추 서다 4. 아름답다, 곱다 5. 손가락 6. 발가락 7. 마음, 뜻 [부수]扌(재방변) [총획]9획 [난이도]중학용, 읽기 4급II, 쓰기 3급II
指摘
지적
①꼭 집어서 가리킴 　②잘못을 들추어 냄
指揮
지휘
①어떤 목적(目的)을 효과적(效果的)으로 이루기 위(爲)하여 단체(團體)의 행동(行動)을 통솔(統率)하는 것. 어떤 일의 해야 할 방도를 지시(指示)하여 시킴 　②2인 이상(以上)이 연주(演奏)하는 음악(音樂)을...
指定
지정
①분명(分明)히 그렇게 가리켜 정(定)하는 것 　②행정(行政) 관청(官廳)이 법령(法令)이 정(定)하는 바에 의(依)하여 사정(事情)을 조사(調査)한 다음 어떤 자격(資格)을 주는 것
指示
지시
①(어떤 대상(對象)을) 가리켜 보이는 것 　②(어떤 일을 누구에게) 일러서 시키는 것 　③(법률(法律)ㆍ법학) 증권(證券) 상(上)의 기재(記載)에 의(依)하여 어떤 사람을 권리자(權利者)로 지정(指定)하는...

稱
일컬을 칭,저울 칭 1. 일컫다 2. 부르다 3. 칭찬하다(稱讚--) 4. 저울질하다 5. 무게를 달다 6. 드러내다 7. 들다, 거행하다(擧行--) 8. 걸맞다, 부합하다(符合--: 들어맞듯 사물이나 현상이 서로 꼭 들어맞다) 9. 알맞다... [부수]禾(벼화) [총획]14획 [난이도]고등용, 읽기 4급, 쓰기 3급
總稱
총칭
①전부(全部)를 총괄(總括)하여 일컬음 　②또는, 그 명칭(名稱)
名稱
명칭
사물(事物)이나 현상(現象)을 서로 다른 것 끼리 구별(區別)하여 부르는 이름
稱讚
칭찬
①(사람이 다른 사람을) 좋은 일을 한다거나 했다고, 또는 어떤 일을 잘 한다거나 했다고 말하거나 높이 평가(評價)하는 것 　②또는, (사람이 다른 사람의 행동(行動)이나 특성(特性), 또는 이룬 일을)...
僭稱
참칭
①자기(自己)의 신분(身分)에 넘치는 칭호(稱號)를 자칭함 　②또는, 그 칭호(稱號)


-----------------------------------
조어

*****DEFINITION*****
(말) a coined word, a coinage, a nonce word(임시 변통의), (말 만들기) coinage 이것은 B씨의 조어이다 This word was coined by Mr. B.
造語
造 造 zào​   *造* | 造* | *造 to make / to build / to manufacture / to invent / to fabricate / to go to / party (in a lawsuit or legal agreement) / crop / classifier for crops
語 语 yǔ​   *语* | 语* | *语 dialect / language / speech 語
  语 yù​   *语* | 语* | *语 to tell to 語
造
지을 조 1. 짓다 2. 만들다 3. 이루다 4. 성취하다(成就--) 5. 이룩하다 6. 양성하다(養成--) 7. 배양하다(培養--) 8. 기르다 9. 넣다 10. 조작하다 11. 가짜로 꾸미다 12. 날조하다(捏造--) 13. 시작하다(始作--)... [부수]辶(책받침) [총획]11획 [난이도]중학용, 읽기 4급II, 쓰기 3급II
構造
구조
①꾸밈새 　②꾸며 만듦　③각 부분(部分)이나 요소(要素)들을 모아 어떤 전체(全體)를 짜 이룸
造成
조성
①(단지ㆍ삼림(森林)ㆍ택지(宅地)ㆍ녹지 따위를) 인공적(人工的)ㆍ인위적(人爲的)으로 이루어 만드는 것 　②(분위기(雰圍氣)ㆍ상황(狀況) 따위를) 생겨나게 만드는 것
製造
제조
①큰 규모(規模)로 물건(物件)을 만듦 　②원료(原料)에 인공(人工)을 가(加)하여 정교품(精巧品)을 만듦
構造調整
구조조정
기업(企業)이나 산업(産業)의 구조적(構造的)인 불합리(不合理)한 점(點)을 해결(解決)하거나 조정(調整)하는 일

語
말씀 어 1. 말씀, 말, 이야기 2. (새, 벌레의)소리 3. 논어(論語)의 약칭(略稱) 4. 기뻐하는 모양 5. 말하다, 논란하다(論難▼--) 6. 알리다, 고하다(告--) 7. 발표하다(發表--) 8. 의논하다(議論▼--), 모의하다(謀議--)... [부수]言(말씀언) [총획]14획 [난이도]중학용, 읽기 7급, 쓰기 6급
言語
언어
①사람이 생각이나 느낌을 소리나 글자로 나타내는 수단(手段) 　②사람의 생각이나 느낌을 입으로 나타내는 소리. 또는, 그 행위(行爲)나 내용(內容)
國語
국어
①국민(國民) 전체(全體)가 쓰는 그 나라의 고유(固有)한 말 　②우리말 　③중국 춘추시대(春秋時代) 8국의 역사(歷史)를 나라별로 서술한 책(冊)
英語
영어
인도(印度)게르만 말 겨레에 딸리며, 영국(英國), 미국(美國) 외(外)에 지난날 영국(英國) 식민지(植民地)였던 많은 나라에서 일상어(日常語)로서 쓰이는 영국말(英國-). 사용(使用) 인구(人口)는 약 2억...
論語
논어
유교(儒敎) 경전(經典)인 4서 5경 중(中)에서도 가장 대표적(代表的)인 책으로서, 주(主)로 공자(孔子)의 語錄(어록)이 담겨 있음. 7권 20편


-----------------------------------
초점

*****DEFINITION*****
(렌즈의) focus (focuses, foci), focal point 초점이 맞다 be in focus 3개 뜻 더보기 : (렌즈의) focus (focuses, foci), focal point
焦點
焦点 jiāo​diǎn​   *焦点* | 焦点* | *焦点 focus / focal point 焦點 HSK 6
焦
탈 초 1. 타다 2. 그을리다 3. 태우다 4. 탄내 나다 5. 바삭바삭하다 6. 초조(焦燥)하게 굴다 7. 안달하다(속을 태우며 조급하게 굴다) 8. 애태우다 [부수]灬(연화발) [총획]12획 [난이도]읽기 2급, 쓰기 1급
焦點
초점
①사물(事物)ㆍ관심(關心)ㆍ흥미(興味)가 집중(集中)되는 가장 중요(重要)한 부분(部分) 　②구면경ㆍ포물면경 등(等)에 있어서 광축에 평행(平行)한 입사 광선이 한 곳으로 모이는 점. 또는, 반사(反射)...
焦燥
초조
애를 태워서 마음을 졸이는 모양(模樣)
焦熱地獄
초열지옥
①팔열지옥(八熱地獄)의 하나 　②아주 덥거나 뜨거운 상태를 비유적으로 이르는 말 　③아주 고통스럽거나 어려운 상황을 비유적으로 이르는 말
焦勞
초로
(마음을)태우고 애씀

點
점 점,시들 다 1. 점(點: 작고 둥글게 찍은 표) 2. 흠, 얼룩 3. 물방울 4. 권점(圈點: 후보자의 이름 아래에 둥근 점을 찍던 일) 5. 측면(側面) 6. 시간(時間) 단위(單位) 7. 점찍다 8. 고치다 9. 불 붙이다, 켜다 10.... [부수]黑(검을흑) [총획]17획 [난이도]고등용, 읽기 4급, 쓰기 3급
焦點
초점
①사물(事物)ㆍ관심(關心)ㆍ흥미(興味)가 집중(集中)되는 가장 중요(重要)한 부분(部分) 　②구면경ㆍ포물면경 등(等)에 있어서 광축에 평행(平行)한 입사 광선이 한 곳으로 모이는 점. 또는, 반사(反射)...
時點
시점
시간(時間)의 흐름 위의 어떤 한 점(點)
點檢
점검
①낱낱이 검사(檢査)함. 점사(點査). 검점(檢點) 　②매주 토요일(土曜日)에 실시(實施)하는 순검(巡檢). 함내(艦內) 또는 병사(兵舍) 내(內)에서 1주일(週日) 동안의 보급품(補給品)ㆍ병원(兵員)ㆍ교육(敎育)...
虛點
허점
비거나 허술한 부분(部分), 빈점


-----------------------------------
찬란하다

*****DEFINITION*****
(빛·태양 등이) brilliant, radiant 찬란한 태양 the radiant sun 2개 뜻 더보기 : (빛·태양 등이) brilliant, radiant
燦爛
灿烂 càn​làn​   *灿烂* | 灿烂* | *灿烂 to glitter / brilliant / splendid 燦爛 HSK 6
燦
빛날 찬 1. 빛나다 2. 번쩍번쩍하다 3. 찬란하다(燦爛ㆍ粲爛--) [부수]火(불화) [총획]17획 [난이도]읽기 2급, 쓰기 특급II
燦爛
찬란
①빛이 눈부시게 아름다움 　②훌륭하고 빛남
燦然
찬연
번쩍거리어 눈부시게 빛나는 모양
燦燦衣服
찬찬의복
번쩍번쩍하고 아름다운 비단옷
燦閃
찬섬
번쩍번쩍 빛남

爛
빛날 란,빛날 난,문드러질 란,문드러질 난 1. 빛나다, 밝다 2. 화미하다(華美--), 화려하다(華麗--) 3. 곱다 4. 무르익다, (꽃이)흐드러지다 5. 문드러지다, 문드러지게 하다 6. (불에)데다 7. 너무 익다, 지나치게 익히다 8. 다치어 헐다 9. 부스러지다... [부수]火(불화) [총획]21획 [난이도]읽기 2급, 쓰기 1급
燦爛
찬란
①빛이 눈부시게 아름다움 　②훌륭하고 빛남
絢爛
현란
①눈이 부시도록 찬란(燦爛)함 　②시나 글에 수식(修飾)을 하여 찬란(燦爛)함
爘爛
찬란
☞ 찬란(燦爛)
粲爛
찬란
☞ 찬란(燦爛)


-----------------------------------
진단

*****DEFINITION*****
(의사의) diagnosis (diagnoses), diagnose, make a diagnosis (of) 그는 작년에 당뇨병 진단을 받았다 He was diagnosed with diabetes last year. 2개 뜻 더보기 : (의사의) diagnosis (diagnoses), diagnose, make a diagnosis (of)
診斷
诊断 zhěn​duàn​   *诊断* | 诊断* | *诊断 diagnosis / to diagnose 診斷 HSK 5
診
진찰할 진 1. 진찰하다(診察--) 2. 맥보다 3. 보다 4. 증험하다(證驗--: 실지로 사실을 경험하다) 5. 고하다(告--) 6. 증상(症狀) [부수]言(말씀언) [총획]12획 [난이도]읽기 2급, 쓰기 1급
診斷
진단
의사(醫師)가 환자(患者)를 진찰(診察)하여 병상을 판단(判斷)함
診療
진료
진찰(診察)과 치료(治療)
打診
타진
①타진기나 손가락 끝으로 가슴이나 등을 두드려서 그 소리로 병세(病勢)를 알아냄 　②남의 마음이나 사정(事情)을 알려고 미리 떠봄
診斷書
진단서
의사(醫師)가 병(病)을 진단(診斷)한 결과(結果)를 적은 증명서(證明書)

斷
끊을 단 1. 끊다 2. 결단하다(決斷--) 3. 나누다 4. 나누이다 5. 결단(決斷) 6. 단연(斷然: 확실히 단정할 만하게) 7. 조각 8. 한결같음 [부수]斤(날근) [총획]18획 [난이도]고등용, 읽기 4급II, 쓰기 3급II
判斷
판단
①어떤 사물(事物)의 진위(眞僞). 선악(善惡). 미추(美醜) 등(等)을 생각하여 판가름함. 판정(判定). 단정(斷定) 　②길흉(吉凶)을 점침 　③형식(形式) 논리학(論理學) 상(上) 주사(主辭)와 빈사(賓辭)와의...
遮斷
차단
①막아서 멈추게 함 　②가로막아 사이를 끊음
斷乎
단호
일단 결심(決心)한 것을 과단성(果斷性) 있게 처리(處理)하는 모양(模樣)
診斷
진단
의사(醫師)가 환자(患者)를 진찰(診察)하여 병상을 판단(判斷)함


-----------------------------------
이면

*****DEFINITION*****
한국 정치사의 이면 the hidden side of the Korean political history
裏面
裏 里 lǐ​   *里* | 里* | *里 variant of 裡｜里 裏 HSK 1
面 面 miàn​   *面* | 面* | *面 face / side / surface / aspect / top / classifier for flat surfaces such as drums, mirrors, flags etc
  面 miàn​   *面* | 面* | *面 variant of 麵｜面 麪
  面 miàn​   *面* | 面* | *面 flour / noodles / (of food) soft (not crunchy) / (slang) (of a person) ineffectual / spineless 麵
裏
속 리,속 이 1. 속(=裡), 내부(內部), 가운데 2. (사물의)안쪽 3. 뱃속, 가슴속 4. 속마음, 충심(衷心: 마음속에서 우러나는 참된 마음) 5. 태, 모태 6. 곳, 장소(場所) 7. 다스려지다(=理) 8. 안에 받아들이다 [부수]衣(옷의) [총획]13획 [난이도]고등용, 읽기 3급II, 쓰기 2급
裏面
이면
①물체(物體)의 뒤쪽에 있는 면 　②표면(表面)에 나타나지 않는 내부(內部)의 사정(事情)이나 사실(事實). 속내평
禁裏
금리
궐내
內裏
내리
①천자(天子)의 궁전(宮殿) 　②내군(內君). 남의 부인(夫人)을 높여 이르는 말 　③속마음. 품고 있는 생각이나 마음 　④이면(裏面). 겉으로 나타나거나 눈에 보이지 않는 부분(部分)
心裏
심리
마음의 속

面
낯 면,밀가루 면 1. 낯, 얼굴 2. 표정(表情), 얼굴빛 3. 모양, 모습 4. 겉, 표면 5. 겉치레 6. 탈, 가면(假面) 7. 앞, 면전 8. 방면(方面), 쪽 9. 평면 10. 면(행정 구역 단위) 11. 면(물건의 세는 단위) 12. 밀가루 13.... [부수]面(낯면) [총획]9획 [난이도]중학용, 읽기 7급, 쓰기 6급
側面
측면
①물체(物體)의 상하(上下)ㆍ전후(前後) 이외(以外)의 좌우(左右)의 면 　②각기둥의 위아래 면이나 각뿔의 밑면 이외(以外)의 면 　③正面(정면)이 아닌 방면(方面). 옆면
反面
반면
①어떠한 사실(事實)과 반대(反對)되거나 다른 방면(方面) 　②어디를 다녀와서 어버이를 뵘
局面
국면
①일이 되어 나가는 상태(狀態) 또는 그 장면(場面) 　②승패(勝敗)를 겨루기 위(爲)한 바둑, 장기판(將棋板)의 형세(形勢)
面接
면접
①얼굴을 마주 대함 　②직접(直接) 만남 　③＇면접시험(試驗)＇의 준말


-----------------------------------
