가꾸기

*****DEFINITION*****
(식물을) grow, raise, cultivate 재배하다 뒤뜰에 채소를 가꾸다 grow vegetables in the backyard 3개 뜻 더보기 : (식물을) grow, raise, cultivate

-----------------------------------
곰곰이

*****DEFINITION*****
곰곰이 생각하다 think carefully

-----------------------------------
일리

*****DEFINITION*****
그것도 일리는 있다 That makes sense.
一理
一 一 yī​   *一* | 一* | *一 one / 1 / single / a (article) / as soon as / entire / whole / all / throughout / "one" radical in Chinese characters (Kangxi radical 1) / also pr. [yao1] for greater clarity when spelling out numbers digit by digit HSK 1
理 理 lǐ​   *理* | 理* | *理 texture / grain (of wood) / inner essence / intrinsic order / reason / logic / truth / science / natural science (esp. physics) / to manage / to pay attention to / to run (affairs) / to handle / to put in order / to tidy up
一
한 일 1. 하나, 일 2. 첫째, 첫번째 3. 오로지 4. 온, 전, 모든 5. 하나의, 한결같은 6. 다른, 또 하나의 7. 잠시(暫時), 한번 8. 좀, 약간(若干) 9. 만일(萬一) 10. 혹시(或時) 11. 어느 12. 같다, 동일하다(同一--) [부수]一(한일) [총획]1획 [난이도]중학용, 읽기 8급, 쓰기 6급II
一部
일부
①전체(全體)의 한 부분(部分) 　②한번
一般
일반
①한 모양(模樣) 　②같은 모양(模樣) 　③보통(普通) 　④특별(特別)히 정(定)한 어떤 일부(一部)가 아니라, 전체(全體)에 두루 해당(該當)되는 것
一旦
일단
①한번 　②일조(一朝)　③우선(于先) 잠깐
一定
일정
①하나로 고정(固定)되어 움직이지 않음. 변동(變動)이 없음. 　②어떤 기준(基準)에 의(依)해 범위(範圍)나 방향(方向) 따위가 정(定)해져 있음

理
다스릴 리,다스릴 이 1. 다스리다 2. 다스려지다 3. 깁다(떨어지거나 해어진 곳을 꿰매다) 4. 수선하다(修繕--) 5. 깨닫다 6. 의뢰하다(依賴--) 7. 사리 8. 도리(道理) 9. 이치(理致) 10. 매개(媒介) 11. 거동(擧動) 12. 나무결... [부수]王(구슬옥변) [총획]11획 [난이도]중학용, 읽기 6급II, 쓰기 5급II
理由
이유
①까닭, 사유(事由), 내력(來歷) 　②넓은 뜻으로는 존재(存在)의 기초(基礎), 또는 진리(眞理)라고 할 수 있는 조건(條件) 　③좁은 뜻으로는 추리(推理) 상(上)의 결론(結論), 또는 귀결(歸結)의 전제(前提)가...
管理
관리
①사람을 통제(統制)하고 지휘(指揮) 감독(監督)하는 것 　②시설(施設)이나 물건(物件)의 유지(維持)ㆍ개량(改良) 따위를 꾀하는 것 　③일을 맡아 처리(處理)하는 것 　④건전(健全)한 심신(心身)의...
處理
처리
①일을 다스려 치러 감 　②사건(事件) 또는 사무(事務)를 갈무리하여 끝장을 냄
總理
총리
①전체(全體)를 모두 관리(管理)함 　②또는, 그 직책(職責)


-----------------------------------
무신론

*****DEFINITION*****
atheism
無神論
无神论 wú​shén​lùn​   *无神论* | 无神论* | *无神论 atheism 無神論
無
없을 무 1. 없다 2. 아니다(=非) 3. 아니하다(=不) 4. 말다, 금지하다(禁止--) 5. ~하지 않다 6. 따지지 아니하다 7. ~아니 하겠느냐? 8. 무시하다(無視--), 업신여기다 9. ~에 관계없이(關係--) 10. ~를 막론(莫論)하고... [부수]灬(연화발) [총획]12획 [난이도]중학용, 읽기 5급, 쓰기 4급
無視
무시
①존재(存在)나 있는 값어치를 알아주지 아니함 　②사람을 깔보거나 업신여김 　③눈여겨 보지 않음
無責任
무책임
①책임(責任)이 없음 　②책임감(責任感)이 없음
無條件
무조건
어떤 일을 함에 있어서 아무런 조건(條件)이 없음
無關
무관
관계(關係)가 없음

神
귀신 신 1. 귀신(鬼神) 2. 신령(神靈) 3. 정신(精神), 혼(魂) 4. 마음 5. 덕이 높은 사람 6. 해박한 사람 7. 초상(肖像) 8. 표정(表情) 9. 불가사의(不可思議)한 것 10. 신품(神品) 11. 신운(神韻: 고상하고 신비스러운... [부수]示(보일시) [총획]10획 [난이도]중학용, 읽기 6급II, 쓰기 5급II
精神
정신
①마음이나 생각. 또는, 영혼(靈魂). 신사(神思). 성령(聖靈) 　②의식(意識) 　③사물(事物)에 접착(接着)하는 마음. 근기(根氣). 기력(氣力) 　④물질(物質)ㆍ육체(肉體)에 대(對)하여 마음의 일컬음...
神經
신경
①중추(中樞)의 흥분(興奮)을 몸의 각 부분(部分)에 전(傳)하고 또 몸의 각 부분(部分)으로부터의 자극(刺戟)을 중추(中樞)에 전(傳)하는 실 모양(模樣)의 기관(器官) 　②사물(事物)을 감각(感覺)하거나...
精神的
정신적
①정신(精神)에 관(關)한 모양(模樣) 　②정신(精神) 활동(活動)을 중하게 여기는 상태(狀態)
神話
신화
예로부터 사람들 사이에서 말로 전(傳)해져 오는 신을 중심(中心)으로 한 이야기

論
논할 론,논할 논,조리 륜,조리 윤 1. 논(論)하다, 논의하다 2. 서술하다(敍述--) 3. 말하다 4. 언급하다(言及--) 5. 따지다 6. 문제(問題) 삼다 7. 문제시하다(問題視--) 8. 토론하다(討論--) 9. 중시하다(重視--) 10. 평가하여 결정하다(決定--)... [부수]言(말씀언) [총획]15획 [난이도]중학용, 읽기 4급II, 쓰기 3급II
論難
논란
(어떤 문제(問題)에 대(對)해서, 또는 어떤 문제(問題)를) 이러니저러니 옳으니 그르니 하며 시비(是非)를 따져 논(論)하는 것
輿論
여론
사회(社會)의 어떠한 현상(現象)이나 정치적(政治的) 문제(問題) 등(等)에 대(對)하여 국민(國民)들이 나타내는 공통(共通)된 의견(意見)
勿論
물론
말할 것도 없음
論議
논의
①서로 의견(意見)을 논술(論述)하여 토의(討議)함 　②의논(議論)


-----------------------------------
정치가

*****DEFINITION*****
a statesman, a politician, a professional politician 선동 정치가 a demagog(ue)
政治家
政治家 zhèng​zhì​jiā​   *政治家* | 政治家* | *政治家 statesman / politician / CL: 個｜个, 位, 名
政
정사 정,칠 정 1. 정사(政事), 나라를 다스리는 일 2. 구실(온갖 세납을 통틀어 이르던 말), 조세(租稅) 3. 법(法), 법규(法規), 정사(政事)를 행하는 규칙(規則) 4. 부역(負役), 노역(勞役) 5. 벼슬아치의 직무(職務)나... [부수]攵(등글월문) [총획]9획 [난이도]중학용, 읽기 4급II, 쓰기 3급II
政府
정부
①국가(國家)를 다스리는 기관(機關). 곧, 입법부ㆍ사법부ㆍ행정부(行政府)의 총칭(總稱) 　②의정부(議政府)의 준말 　③특(特)히, 행정부(行政府)를 가리키는 말
政策
정책
국리민복(國利民福)을 증진(增進)하려고 하는 시정(施政)의 방법(方法). 정치적(政治的) 목적(目的)을 실현(實現)하기 위(爲)하여 꾀하는 방법(方法)
政權
정권
정치(政治) 상(上)의 권력(權力), 정부(政府)를 조직(組織)하여 정치(政治)를 담당(擔當)하는 권력(權力)
政治
정치
국가(國家)의 주권자(主權者)가 국가(國家) 권력(權力)을 행사(行使)하여 그 영토(領土)와 국민(國民)을 다스리는 일

治
다스릴 치,강 이름 이 1. 다스리다 2. 다스려지다, (질서가)바로 잡히다 3. (병을)고치다 4. 익히다, 배우다 5. 견주다(어떠한 차이가 있는지 알기 위하여 서로 대어 보다), 비교하다(比較--) 6. 돕다 7. 성해지다(盛---), ... [부수]氵(삼수변) [총획]8획 [난이도]중학용, 읽기 4급II, 쓰기 3급II
政治
정치
국가(國家)의 주권자(主權者)가 국가(國家) 권력(權力)을 행사(行使)하여 그 영토(領土)와 국민(國民)을 다스리는 일
治療
치료
병(病)이나 상처(傷處)를 다스려서 낫게 함
政治的
정치적
①정치(政治)에 관(關)한 모양(模樣). 정치(政治)에 관련(關聯)된 성격(性格)을 다분히 내포(內包)하는 모양(模樣) 　②사무적(事務的)이 아니고 흥정ㆍ변동(變動)에 의(依)하는 모양(模樣)
治癒
치유
치료(治療)하여 병(病)을 낫게 함

家
집 가,여자 고 1. 집 2. 자기(自己) 집 3. 가족(家族) 4. 집안 5. 문벌(門閥) 6. 지체 7. 조정 8. 도성(都城) 9. 전문가 10. 정통한 사람 11. 용한이 12. 학자(學者) 13. 학파(學派) 14. 남편(男便) 15. 아내 16. 마... [부수]宀(갓머리) [총획]10획 [난이도]중학용, 읽기 7급II, 쓰기 6급
假家
가가
①가게(=店)의 원말 　②임시(臨時)로 허름하게 지은 집 　③조선(朝鮮) 시대(時代) 때의 가게의 하나. 그 규모(規模)가 방(房) 보다는 작고 재가(在家)보다는 큼
國家
국가
①＇나라＇의 법적(法的)인 호칭(號稱) 　②일정(一定)한 영토(領土)를 가지며 거기에 거주(居住)하는 다수인(多數人)으로써 구성(構成)되어 하나의 통치(統治) 조직(組織)을 갖는 단체(團體). 통치권(統治權),...
家族
가족
①부부(夫婦)를 기초(基礎)로 하여 한 가정(家庭)을 이루는 사람들 　②가족(家族) 제도(制度)에서, 한 집의 친족(親族). 한 집안의 친족(親族) 가족(家族) 제도(制度)에 있어서 호주(戶主)의 친족(親族)...
家庭
가정
①한 가족(家族)으로서의 집안 　②부부(夫婦)를 중심(中心)으로 혈연(血緣) 관계자(關係者)가 모여 사는 사회(社會)의 가장 작은 집단(集團)


-----------------------------------
강의

*****DEFINITION*****
[명사] lecture, class, course, [동사] lecture, teach, give a lecture (on) 공개 강의 an open lecture
講義
讲义 jiǎng​yì​   *讲义* | 讲义* | *讲义 teaching materials 講義
講
외울 강,얽을 구 1. 외우다, 외다, 암송하다(暗誦--) 2. 배우다 3. 익히다, 연구하다(硏究--) 4. 설명하다(說明--) 5. 풀이하다 6. 이야기하다 7. 계획하다(計劃ㆍ計畫--) 8. 꾀하다, 모의하다(謀議--) 9. 화해하다(和解--)... [부수]言(말씀언) [총획]17획 [난이도]중학용, 읽기 4급II, 쓰기 3급II
講究
강구
좋은 방법(方法)을 조사(調査)하여 궁리(窮理)함
講義
강의
글이나 학설(學說)의 뜻을 설명(說明)하여 가르침
講師
강사
①학교(學校)의 부탁(付託)을 받아 강의(講義)하는 교원(敎員) 　②모임에서 강의(講義)를 맡은 사람 　③학원(學院)에서 수업(授業)을 맡은 사람 　④☞ 경(經) 스승
講演
강연
①사물(事物)의 뜻을 부연하여 논술(論述)함 　②청중(聽衆)에게 이야기를 함

義
옳을 의 1. 옳다, 의롭다 2. 바르다 3. 선량하다(善良--), 착하다 4. 순응하다(順應--) 5. 맺다 6. 해 넣다 7. 섞다, 혼합하다(混合--) 8. 간사하다(奸邪--: 마음이 바르지 않다), 옳지 않다 9. 의(義), 정의(正義),... [부수]羊(양양) [총획]13획 [난이도]중학용, 읽기 4급II, 쓰기 3급II
義務
의무
①일정(一定)한 사람에게 부과(賦課)되어 반드시 실행(實行)해야 하는 일 　②맡은 직분(職分)
講義
강의
글이나 학설(學說)의 뜻을 설명(說明)하여 가르침
國粹主義
국수주의
자기(自己) 나라의 고유(固有) 전통(傳統) 문화(文化)만이 우수(優秀)하다고 믿고 다른 나라의 문물(文物)을 지나치게 배척(排斥)하는 태도(態度)나 입장(立場)
民主主義
민주주의
인민(人民) 전체(全體)의 이익(利益)과 행복(幸福)을 기초(基礎)로 하여 행(行)하는 정치(政治) 상(上)의 주의(主義)


-----------------------------------
탁상시계

*****DEFINITION*****
table clock

-----------------------------------
호기

*****DEFINITION*****
(호방한 기상) gallant spirit, brave spirit 그의 목소리에는 호기가 넘쳤다 His voice was filled with a gallant[brave] spirit. 2개 뜻 더보기 : (호방한 기상) gallant spirit, brave spirit
豪氣
豪气 háo​qì​   *豪气* | 豪气* | *豪气 heroic spirit / heroism 豪氣
豪
호걸 호 1. 호걸 2. 귀인(貴人) 3. 사치(奢侈) 4. 우두머리 5. 호저(豪豬) 6. 물고기의 이름 7. 뛰어나다 8. 빼어나다 9. 성하다(盛--: 기운이나 세력이 한창 왕성하다) 10. 용감하다 11. 굳세다 12. 거느리다... [부수]豕(돼지시) [총획]14획 [난이도]고등용, 읽기 3급II, 쓰기 2급
豪傑
호걸
재주, 슬기, 용기(勇氣)가 뛰어나고 도량(度量)이 넓고 기개(氣槪)가 있는 사람, 넓은 마음과 높은 기상(氣像)을 가진 사람
豪華
호화
사치(奢侈)스럽고 화려(華麗)함
豪奢
호사
호화(豪華)롭게 사치(奢侈)하는 것. 또는, 그 사치(奢侈)
豪俊
호준
재주와 지혜(智慧ㆍ知慧)가 뛰어난 사람

氣
기운 기,보낼 희 1. 기운(눈에는 보이지 않으나 오관(五官)으로 느껴지는 현상) 2. 기백(氣魄) 3. 기세(氣勢: 기운차게 뻗치는 형세) 4. 힘 5. 숨(공기를 들이마시고 내쉬는 기운) 6. 공기(空氣) 7. 냄새 8. 바람 9. 기후(氣候)... [부수]气(기운기엄) [총획]10획 [난이도]중학용, 읽기 7급II, 쓰기 6급
雰圍氣
분위기
①지구(地球)를 둘러 싸고 있는 기체(氣體), 대기(大氣), 공기(空氣) 　②어떤 환경(環境)이나 어떤 자리 등(等)에서 저절로 만들어져서 감도는 느낌 　③개인(個人)의 주위(周圍)의 상황(狀況), 환경(環境)
景氣
경기
①기업(企業)을 중심(中心)으로 한 여러 가지 경제(經濟) 사상(事象)의 상태(狀態). 호경기(好景氣), 과잉(過剩) 생산(生産), 공황(恐惶), 불경기(不景氣) 등(等)의 국면(局面)이 있음 　②물건(物件)의...
節氣
절기
한 해 동안을 24로 가른 철
感氣
감기
추위에 상하여 일어나는 호흡기(呼吸器) 계통(系統)의 염증성(炎症性) 질환(疾患). 코가 막히고 머리가 아프며 열(熱)이 오름


-----------------------------------
불과하다

*****DEFINITION*****
이것은 시작에 불과하다 This is just a start[beginning].
不過
不过 bù​guò​   *不过* | 不过* | *不过 only / merely / no more than / but / however / anyway (to get back to a previous topic) / cannot be more (after adjectival) 不過 HSK 4
不
아닐 부,아닐 불 1. 아니다 2. 아니하다 3. 못하다 4. 없다 5. 말라 6. 아니하냐 7. 이르지 아니하다 8. 크다 9. 불통(不通: 과거에서 불합격의 등급) a. 아니다 (불) b. 아니하다 (불) c. 못하다 (불) d. 없다 (불) e.... [부수]一(한일) [총획]4획 [난이도]중학용, 읽기 7급II, 쓰기 6급
不可避
불가피
피할 수 없음
不拘
불구
주로 ＇∼하고＇로 쓰이어, 　＇무엇에 얽매이거나 거리끼지 아니하고＇의 뜻
不動産
부동산
토지(土地)나 집처럼 움직여서 옮길 수가 없는 재산(財産). 민법(民法) 상(上) 토지(土地) 및 건물(建物). 입목(立木)과 같은 토지(土地) 정착물(定着物)
不足
부족
①필요(必要)한 양이나 한계(限界)에 미치지 못하고 모자람. 넉넉하지 못함 　②만족(滿足)하지 않음. 마음에 차지 않음

過
지날 과,재앙 화 1. 지나다 2. (지나는 길에)들르다 3. 경과하다(經過--) 4. 왕래하다(往來--), 교제하다(交際--) 5. 초과하다(超過--) 6. 지나치다 7. (분수에)넘치다 8. 넘다 9. 나무라다 10. 보다, 돌이켜 보다 11.... [부수]辶(책받침) [총획]13획 [난이도]중학용, 읽기 5급II, 쓰기 4급II
過程
과정
일이 되어 가는 경로(經路)
過去
과거
①지나간 때 　②현재(現在)에 앞선 때 　③지난적 　④삼세(三世)의 하나로 출생(出生)하기 전(前). 전생(前生). 전세(前世) 　⑤하여 버린 동작(動作)을 보이는 어법(語法). ＇았＇, ＇었＇, ＇더＇의...
過剩
과잉
예정(豫定)한 수량(數量)이나 필요(必要)한 수량(數量)보다 많음. ＇지나침＇으로 순화
謝過
사과
잘못에 대(對)하여 용서(容恕)를 빎


-----------------------------------
의기양양

*****DEFINITION*****
elation, a triumphant air 의기양양하다 be triumphant[exultant]
意氣揚揚
意 意 Yì​   *意* | 意* | *意 Italy / Italian / abbr. for 意大利
  意 yì​   *意* | 意* | *意 idea / meaning / thought / to think / wish / desire / intention / to expect / to anticipate
氣 气 qì​   *气* | 气* | *气 gas / air / smell / weather / to make angry / to annoy / to get angry / vital energy / qi 氣
揚 扬 Yáng​   *扬* | 扬* | *扬 abbr. for 揚州｜扬州 / surname Yang 揚
  扬 yáng​   *扬* | 扬* | *扬 to raise / to hoist / the action of tossing or winnowing / scattering (in the wind) / to flutter / to propagate 揚
揚 扬 Yáng​   *扬* | 扬* | *扬 abbr. for 揚州｜扬州 / surname Yang 揚
  扬 yáng​   *扬* | 扬* | *扬 to raise / to hoist / the action of tossing or winnowing / scattering (in the wind) / to flutter / to propagate 揚
意
뜻 의,기억할 억 1. 뜻, 의미(意味) 2. 생각 3. 사사로운 마음, 사욕(私慾) 4. 정취(靜趣), 풍정(風情) 5. 대저(大抵: 대체로 보아서), 무릇, 혹은혹은(或-: 그렇지 아니하면) 6. 생각컨대 7. 아아! 8. 의심하다(疑心--)... [부수]心(마음심) [총획]13획 [난이도]중학용, 읽기 6급II, 쓰기 5급II
弔意
조의
죽은이를 슬퍼하는 마음
意味
의미
①말이나 글이 지니는 뜻, 내용(內容). 또 그 의도(意圖), 동기(動機), 이유(理由) 따위 　②행위(行爲)나 사물(事物)의 중요성(重要性), 효력(效力)
意識
의식
①(어떤 일ㆍ현상(現象)ㆍ대상(對象) 등(等)을) 생각이 미치어 대상(對象)으로서 알거나 깨닫거나 느끼는 것 　②(어떤 대상(對象)을) 특별(特別)히 두드러지게 느끼거나 마음에 두는 것 　③사람이 깨어...
意見
의견
마음에 생각하는 점(點)

氣
기운 기,보낼 희 1. 기운(눈에는 보이지 않으나 오관(五官)으로 느껴지는 현상) 2. 기백(氣魄) 3. 기세(氣勢: 기운차게 뻗치는 형세) 4. 힘 5. 숨(공기를 들이마시고 내쉬는 기운) 6. 공기(空氣) 7. 냄새 8. 바람 9. 기후(氣候)... [부수]气(기운기엄) [총획]10획 [난이도]중학용, 읽기 7급II, 쓰기 6급
雰圍氣
분위기
①지구(地球)를 둘러 싸고 있는 기체(氣體), 대기(大氣), 공기(空氣) 　②어떤 환경(環境)이나 어떤 자리 등(等)에서 저절로 만들어져서 감도는 느낌 　③개인(個人)의 주위(周圍)의 상황(狀況), 환경(環境)
景氣
경기
①기업(企業)을 중심(中心)으로 한 여러 가지 경제(經濟) 사상(事象)의 상태(狀態). 호경기(好景氣), 과잉(過剩) 생산(生産), 공황(恐惶), 불경기(不景氣) 등(等)의 국면(局面)이 있음 　②물건(物件)의...
節氣
절기
한 해 동안을 24로 가른 철
感氣
감기
추위에 상하여 일어나는 호흡기(呼吸器) 계통(系統)의 염증성(炎症性) 질환(疾患). 코가 막히고 머리가 아프며 열(熱)이 오름

揚
날릴 양 1. 날리다 2. 하늘을 날다 3. 바람에 흩날리다 4. 오르다, 올리다 5. 쳐들다 6. 나타나다, 드러나다 7. 들날리다, 알려지다 8. 말하다, 칭찬하다(稱讚--) 9. 누그러지다, 고르게 되다 10. 밝히다, 명백(明白)하게... [부수]扌(재방변) [총획]12획 [난이도]중학용, 읽기 3급II, 쓰기 2급
讚揚
찬양
①아름다움을 기리고 착함을 표창(表彰)함 　②칭찬(稱讚)하여 나타나게 함
浮揚策
부양책
부양(扶養)할 대책(對策)이나 방법(方法)
浮揚
부양
가라앉은 것이 떠오르거나 떠오르게 함
止揚
지양
①더 높은 단계(段階)로 오르기 위(爲)하여 어떠한 것을 하지 아니함 　②어떤 사물(事物)에 관(關)한 모순이나 대립(對立)을 부정(否定)하면서 도리어 한층 더 높은 단계(段階)에서 이것을 긍정(肯定)하여...

揚
날릴 양 1. 날리다 2. 하늘을 날다 3. 바람에 흩날리다 4. 오르다, 올리다 5. 쳐들다 6. 나타나다, 드러나다 7. 들날리다, 알려지다 8. 말하다, 칭찬하다(稱讚--) 9. 누그러지다, 고르게 되다 10. 밝히다, 명백(明白)하게... [부수]扌(재방변) [총획]12획 [난이도]중학용, 읽기 3급II, 쓰기 2급
讚揚
찬양
①아름다움을 기리고 착함을 표창(表彰)함 　②칭찬(稱讚)하여 나타나게 함
浮揚策
부양책
부양(扶養)할 대책(對策)이나 방법(方法)
浮揚
부양
가라앉은 것이 떠오르거나 떠오르게 함
止揚
지양
①더 높은 단계(段階)로 오르기 위(爲)하여 어떠한 것을 하지 아니함 　②어떤 사물(事物)에 관(關)한 모순이나 대립(對立)을 부정(否定)하면서 도리어 한층 더 높은 단계(段階)에서 이것을 긍정(肯定)하여...


-----------------------------------
