주로 

*****DEFINITION*****
mostly, mainly, chiefly, principally, primarily, in the main 저는 여름에 주로 여행을 갑니다 In the summer, I mostly travel.
主
主 zhǔ​   *主* | 主* | *主 owner / master / host / individual or party concerned / God / Lord / main / to indicate or signify / trump card (in card games)
主
임금 주,주인 주 1. 임금 2. 주인(主人), 임자, 소유주(所有主) 3. 우두머리 4. 상전(上典) 5. 여호와, 하느님, 알라(Allah) 6. 주체(主體) 7. 당사자(當事者), 관계자(關係者) 8. 결혼(結婚) 상대자(相對者) 9. 자신(自身)... [부수]丶(점주) [총획]5획 [난이도]중학용, 읽기 7급, 쓰기 6급
主張
주장
①자기(自己) 의견(意見)을 굳이 내세움 　②또는, 그 지설 　③주재(主宰)
主導
주도
주장(主將)이 되어 이끎
主要
주요
가장 소중(所重)하고 긴요(緊要)함
主宰
주재
①주장(主掌)하여 맡음 　②또는, 그 사람


-----------------------------------
인자하다

*****DEFINITION*****
(formal) benevolent, (formal) benign, kind 인자한 미소 a benevolent smile
仁慈
仁慈 rén​cí​   *仁慈* | 仁慈* | *仁慈 benevolent / charitable / kind / kindly / kindness / merciful HSK 6
仁
어질 인 1. 어질다, 자애롭다, 인자하다(仁慈--) 2. 감각(感覺)이 있다, 민감하다(敏感--) 3. 사랑하다 4. 불쌍히 여기다 5. 어진 이, 현자(賢者) 6. 인, 어진 마음, 박애(博愛) 7. 자네 8. 씨 9. 과실(果實) 씨의... [부수]亻(사람인변) [총획]4획 [난이도]중학용, 읽기 4급, 쓰기 3급
仁兄
인형
벗에 대(對)한 높임말, 친구(親舊)끼리 상대편(相對便)을 대접(待接)하여 부르는 인칭(人稱) 대명사(代名詞)
仁川
인천
☞ 인천광역시(仁川廣域市)
仁者
인자
마음이 어진 사람
能仁寂默
능인적묵
석가모니(釋迦牟尼)의 다른 이름

慈
사랑 자 1. 사랑 2. 어머니 3. 자비(慈悲) 4. 인정(人情), 동정(同情) 5. 사랑하다 [부수]心(마음심) [총획]13획 [난이도]중학용, 읽기 3급II, 쓰기 2급
家慈
가자
자기(自己)의 어머니를 남에게 이르는 말. 글에서 씀
慈悲心
자비심
①사랑하고 가엽게 여기는 마음 　②중생(衆生)에게 자비(慈悲)를 베푸는 마음
彌勒慈尊
미륵자존
☞ 미륵보살(彌勒菩薩)
慈氏尊
자씨존
미륵보살(彌勒菩薩)을 높이어 이르는 말


-----------------------------------
용납하다

*****DEFINITION*****
[동사] admit, approve (of), allow[let, permit] (sb/sth to do), (formal) countenance; (억지로) tolerate 이런 식의 실수는 용납할 수 없다 We cannot allow such a mistake to happen.
容納
容纳 róng​nà​   *容纳* | 容纳* | *容纳 to hold / to contain / to accommodate / to tolerate (different opinions) 容納 HSK 6
容
얼굴 용 1. 얼굴 2. 모양, 용모(容貌) 3. 몸가짐 4. 용량 5. 속내, 속에 든 것 6. 나부끼는 모양 7. 어찌 8. 혹(或), 혹은(或-: 그렇지 아니하면) 9. 담다, 그릇 안에 넣다 10. 용납하다(容納--) 11. 받아들이다... [부수]宀(갓머리) [총획]10획 [난이도]중학용, 읽기 4급II, 쓰기 3급II
內容
내용
①사물(事物)의 속내나 실속(實-) 　②형식(形式)에 의(依)해서 동일체(同一體)에 결합(結合)되는 여러 가지 실질(實質), 본질(本質), 의의(意義)
受容
수용
(남의 문물(文物)이나 의견(意見) 등(等)을) 인정(認定)하거나 용납(容納)하여 받아들이는 것
許容
허용
허락(許諾)하여 받아들임
容恕
용서
①관용(寬容)을 베풀어 벌(罰)하지 않음 　②꾸짖지 아니함 　③놓아 줌

納
들일 납 1. (거두어)들이다, 수확하다(收穫--) 2. 받다, 받아들이다, 수장하다(收藏--: 거두어 들여 간직하다) 3. 바치다, 헌납하다(獻納--) 4. 보내다, 되돌리다, 반납하다(返納--) 5. (해어진 곳을)깁다(떨어지거나... [부수]糸(실사) [총획]10획 [난이도]고등용, 읽기 4급, 쓰기 3급
納得
납득
①사리(事理)를 분별(分別)하여 해석(解釋)함 　②깨달아 앎 　③남의 말이나 행동(行動)을 잘 알아차려 이해(理解)함　④(남의 말이나 행동(行動), 또는 어떤 일 등(等)을) 헤아려 그것이 그럴 만하거나...
容納
용납
①너그러운 마음으로 남의 언행(言行)을 받아들임 　②물건(物件)을 포용(包容)함 　③(부정적(否定的)인 것을) 그냥 받아들이거나 내버려두는 것
納付
납부
관공서(官公署)나 공공단체(公共團體) 등(等)에 세금(稅金), 공과금 따위를 냄
納品
납품
①계약(契約)한 곳에 물품(物品)을 바치는 것 　②또는, 그 물품(物品)


-----------------------------------
멸시하다

*****DEFINITION*****
scorn, [명사] contempt, disdain, [동사] despise, scorn, (formal) disdain, hold sb in contempt, look down on 멸시를 받다 be despised
蔑視
蔑视 miè​shì​   *蔑视* | 蔑视* | *蔑视 to loathe / to despise / contempt 蔑視 HSK 6
蔑
업신여길 멸 1. 업신여기다 2. 욕되게 하다 3. 모독하다(冒瀆--) 4. 더럽히다 5. 멸하다(滅--)(=滅) 6. 코피를 흘리다 7. 깎다 8. 버리다 9. 없다 10. 잘다 11. 속이다 12. (사리에)어둡다 13. 더러운 피 [부수]艹(초두머리) [총획]15획 [난이도]읽기 2급, 쓰기 1급
凌蔑
능멸
(사람을) 업신여겨 깔보는 것
侮蔑
모멸
업신여겨 얕봄
輕蔑
경멸
(어떤 사람이나 태도(態度) 등(等)을) 낮추어 보거나 업신여겨 싫어하거나 미워하는 것
蔑視
멸시
업신여김

視
볼 시 1. 보다 2. 엿보다 3. 보이다 4. 간주하다(看做--) 5. 맡아보다 6. 본받다 7. 성(姓)의 하나 [부수]見(볼견) [총획]12획 [난이도]중학용, 읽기 4급II, 쓰기 3급II
無視
무시
①존재(存在)나 있는 값어치를 알아주지 아니함 　②사람을 깔보거나 업신여김 　③눈여겨 보지 않음
監視
감시
①경계(警戒)하기 위(爲)하여 미리 감독(監督)하고 살피어 봄 　②주의(注意)하여 지킴
視角
시각
①보고 있는 물체(物體)의 양 끝에서 눈에 이르는 두 직선(直線)이 이루는 각 　②무엇을 보는 각도(角度). 보거나 생각하는 방향(方向)
視覺
시각
①빛의 자극(刺戟)을 받아 눈으로 느끼는 것 　②눈의 감각(感覺)


-----------------------------------
