무례하다

*****DEFINITION*****
[명사] rudeness, disrespect, (formal) discourtesy, [형용사] impolite, rude, disrespectful, (formal) ill-mannered, (formal) discourteous; (특히 연장자·상사에 대해) (formal) impertinent 무례한 말을 하다 make rude[impolite] remarks
無禮
无礼 wú​lǐ​   *无礼* | 无礼* | *无礼 rude / rudely 無禮
無
없을 무 1. 없다 2. 아니다(=非) 3. 아니하다(=不) 4. 말다, 금지하다(禁止--) 5. ~하지 않다 6. 따지지 아니하다 7. ~아니 하겠느냐? 8. 무시하다(無視--), 업신여기다 9. ~에 관계없이(關係--) 10. ~를 막론(莫論)하고... [부수]灬(연화발) [총획]12획 [난이도]중학용, 읽기 5급, 쓰기 4급
無視
무시
①존재(存在)나 있는 값어치를 알아주지 아니함 　②사람을 깔보거나 업신여김 　③눈여겨 보지 않음
無責任
무책임
①책임(責任)이 없음 　②책임감(責任感)이 없음
無條件
무조건
어떤 일을 함에 있어서 아무런 조건(條件)이 없음
無關
무관
관계(關係)가 없음

禮
예도 례,예도 예 1. 예도(禮度) 2. 예절(禮節) 3. 절(남에게 공경하는 뜻으로 몸을 굽혀 하는 인사) 4. 인사 5. 예물(禮物) 6. 의식(儀式) 7. 책 이름(=예기(禮記)) 8. 경전(經典)의 이름 9. 단술 10. 예우하다(禮遇--)... [부수]示(보일시) [총획]18획 [난이도]중학용, 읽기 6급, 쓰기 5급
茶禮
차례
명절날(名節-)이나 조상(祖上)의 생일(生日) 또는 음력(陰曆)으로 매달 초하루와 보름날 등(等)의 낮에 간단(簡單)히 지내는 제사(祭祀)
禮記
예기
①유교(儒敎)의 경전(經典)으로, 예의(禮儀) 이론(理論)과 실제(實際)를 풀이해 적은 오경(五經)의 하나. 한 무제 때 하간의 헌 왕이 공자(孔子)와 그 후학(後學)들이 지은 131편의 책을 모아 정리(整理)한...
禮節
예절
①예의(禮儀)에 관(關)한 모든 질서(秩序)나 절차(節次) 　②예의(禮儀)와 절도(節度) 　③예의(禮儀) 범절(凡節)
婚禮
혼례
혼인(婚姻)의 의례(儀禮)


-----------------------------------
언급

*****DEFINITION*****
reference, mention, refer (to), mention, make reference (to), make mention of 그는 아내에 대한 언급을 회피했다 He avoided mentioning his wife.
言及
言 言 yán​   *言* | 言* | *言 words / speech / to say / to talk
及 及 jí​   *及* | 及* | *及 and / to reach / up to / in time for
言
말씀 언,화기애애할 은 1. 말씀, 말 2. 견해(見解), 의견(意見) 3. 글 4. 언론(言論) 5. 맹세(盟誓)의 말 6. 호령(號令) 7. 하소연(딱한 사정 따위를 간곡히 호소함) 8. 건의(建議), 계책(計策) 9. 허물, 잘못 10. 혐극(嫌隙:... [부수]言(말씀언) [총획]7획 [난이도]중학용, 읽기 6급, 쓰기 5급
言論
언론
①말로나 글로써 자기(自己)의 의사(意思)를 발표(發表)하는 일 　②또는, 그 말이나 글
宣言
선언
①어떤나라가 다른 나라에 대(對)하여 행(行)하는 일방적(一方的)인 의사(意思) 표시(表示)　②나라와 나라 사이, 사회(社會) 집단(集團) 사이 또는 개인(個人) 상호(相互) 간(間)의 결정(決定)을 대외...
發言
발언
①의견(意見)을 나타내는 말 　②의견(意見)으로 말을 함　③말을 꺼냄
言及
언급
①어떤 일과 관련(關聯)하여 말함 　②말이 어떤 문제(問題)에 미침

及
미칠 급 1. 미치다(영향이나 작용 따위가 대상에 가하여지다), 닿다 2. 미치게 하다, 끼치게 하다 3. 이르다(어떤 장소나 시간에 닿다), 도달하다(到達--) 4. 함께 하다, 더불어 하다 5. 함께, 더불어 6. 및, 와... [부수]又(또우) [총획]4획 [난이도]중학용, 읽기 3급II, 쓰기 2급
言及
언급
①어떤 일과 관련(關聯)하여 말함 　②말이 어떤 문제(問題)에 미침
遡及
소급
지나간 일에까지 거슬러 올라가서 미치게 하는 것
普及
보급
널리 펴서 골고루 미치게 함. 널리 퍼뜨려서 알리거나 실행(實行)되게 함
及其也
급기야
마침내. 필경에는. 마지막에는


-----------------------------------
무려

*****DEFINITION*****
판매량이 무려 90%나 신장했다 Sales grew by a whopping[staggering] 90 percent.
無慮
無 无 wú​   *无* | 无* | *无 not to have / no / none / not / to lack / un- / -less 無 HSK 4
慮 虑 lǜ​   *虑* | 虑* | *虑 to think over / to consider / anxiety 慮
無
없을 무 1. 없다 2. 아니다(=非) 3. 아니하다(=不) 4. 말다, 금지하다(禁止--) 5. ~하지 않다 6. 따지지 아니하다 7. ~아니 하겠느냐? 8. 무시하다(無視--), 업신여기다 9. ~에 관계없이(關係--) 10. ~를 막론(莫論)하고... [부수]灬(연화발) [총획]12획 [난이도]중학용, 읽기 5급, 쓰기 4급
無視
무시
①존재(存在)나 있는 값어치를 알아주지 아니함 　②사람을 깔보거나 업신여김 　③눈여겨 보지 않음
無責任
무책임
①책임(責任)이 없음 　②책임감(責任感)이 없음
無條件
무조건
어떤 일을 함에 있어서 아무런 조건(條件)이 없음
無關
무관
관계(關係)가 없음

慮
생각할 려,생각할 여,사실할 록,사실할 녹 1. 생각하다 2. 이리저리 헤아려 보다 3. 근심하다(속을 태우거나 우울해하다) 4. 걱정하다 5. 어지럽게 하다 6. 맺다, 연결하다 7. 꾀하다 8. 흩뜨리다(흩어지게 하다) 9. 생각 10. 계획(計劃ㆍ計畫)... [부수]心(마음심) [총획]15획 [난이도]고등용, 읽기 4급, 쓰기 3급
憂慮
우려
①(어떤 일을) 잘못되지 않을까 걱정하는 것 　②또는, (문제(問題)가 되는 일을) 애태우며 걱정하는 것 　③또는, 그 걱정
考慮
고려
깊이 생각하여 헤아림
配慮
배려
보살펴 주려고 이리저리 마음을 써 줌
無慮
무려
①수량(數量)을 나타내는 말 앞에서 ＇그 만큼은 넉넉하게＇의 뜻을 나타냄 　②수량(數量)을 나타내는 말 앞에서 ＇자그마치＇의 뜻을 나타냄 　③아무 염려(念慮)할 것이 없음


-----------------------------------
정의하다

*****DEFINITION*****
(지식재산권_특허) define

-----------------------------------
명제

*****DEFINITION*****
proposition, (formal) thesis (theses) 그 명제는 참[거짓]이다 The thesis is true[false].
命題
命题 mìng​tí​   *命题* | 命题* | *命题 proposition (logic, math.) / to assign an essay topic 命題
命
목숨 명 1. 목숨, 생명(生命), 수명(壽命) 2. 운수(運數), 운(運) 3. 표적(標的), 목표물(目標物) 4. 명령(命令), 분부(分付ㆍ吩咐) 5. 성질(性質), 천성(天性) 6. 말, 언약(言約) 7. 규정(規定), 규칙(規則) 8.... [부수]口(입구) [총획]8획 [난이도]중학용, 읽기 7급, 쓰기 6급
運命
운명
①앞으로의 존망이나 생사(生死)에 관(關)한 처지(處地). 　②운수(運數)와 명수(命數). 곧 인간(人間)을 둘러싼 선악(善惡), 길흉(吉凶), 화복(禍福) 등(等)의 온갖 것이 초인간적(超人間的)인 위력(偉力)에...
生命
생명
①목숨. 생(生) 　②사물(事物)의 존립(存立)에 관계(關係)되는 중요(重要)한 것 　③생물(生物)이 생물(生物)로서 존재(存在)할 수 있는 까닭의 본원적 속성(屬性)으로서 감각(感覺), 운동(運動), 자람,...
命令
명령
윗사람이 아랫사람에게 무엇을 하도록 시킴
任命
임명
①관직(官職)에 명함 　②직무(職務)를 맡김

題
제목 제 1. 제목(題目) 2. 머리말 3. 물음 4. 이마(앞머리) 5. 품평(品評) 6. 적다 7. 글을 쓰다 8. 값을 매기다 [부수]頁(머리혈) [총획]18획 [난이도]중학용, 읽기 6급II, 쓰기 5급II
問題
문제
①대답(對答), 해답(解答) 따위를 얻으려고 낸 물음 　②의논(議論)의 목적물(目的物)이 되거나 해결(解決)을 요하는 일 　③이야기거리로 되어 있는 일. 말썽
課題
과제
①부과(賦課)된 제목(題目)이나 문제(問題) 　②주어진 문제(問題)나 임무(任務)
宿題
숙제
①복습(復習)이나 예습(豫習)을 위(爲)하여 집에서 지어 오게 하거나 풀어 오게 하는 문제(問題) 　②두고 생각하여 보거나 해결(解決)해야 할 문제(問題)
問題點
문제점
문제(問題)가 되는 점(點)


-----------------------------------
내포

*****DEFINITION*****
(논리) connotation, intention, comprehension, 내포하다 connote, contain, involve 그의 말에는 중요한 뜻이 내포되어 있다 His words have a very significant implication.
內包
內 内 nèi​   *内* | 内* | *内 inside / inner / internal / within / interior 內 HSK 4
包 包 Bāo​   *包* | 包* | *包 surname Bao
  包 bāo​   *包* | 包* | *包 to cover / to wrap / to hold / to include / to take charge of / to contract (to or for) / package / wrapper / container / bag / to hold or embrace / bundle / packet / CL: 個｜个, 隻｜只 HSK 3
內
안 내,들일 납 1. 안, 속 2. 나라의 안, 국내(國內) 3. 대궐(大闕), 조정(朝廷), 궁중(宮中) 4. 뱃속 5. 부녀자(婦女子) 6. 아내 7. 몰래, 가만히 8. 비밀히(祕密-) 9. 중(重)히 여기다, 친하게 지내다 a. 들이다(=納)... [부수]入(들입) [총획]4획 [난이도]중학용, 읽기 7급II, 쓰기 6급
內容
내용
①사물(事物)의 속내나 실속(實-) 　②형식(形式)에 의(依)해서 동일체(同一體)에 결합(結合)되는 여러 가지 실질(實質), 본질(本質), 의의(意義)
內需
내수
국내에서의 수요(需要)
國內
국내
나라의 안
內部
내부
①물체(物體)ㆍ몸ㆍ장치(裝置)ㆍ구조물(構造物) 등(等)의 안쪽 부분(部分) 　②어떤 조직(組織)이나 집단(集團)의 범위(範圍) 안

包
쌀 포,꾸러미 포 1. 싸다 2. 감싸다 3. 용납하다(容納--) 4. 너그럽게 받아들이다 5. 아우르다, 함께 넣다 6. 아이를 배다 7. 더부룩하게 나다 8. 초목(草木)이 무성하다(茂盛--) 9. 꾸러미 10. 보따리 11. 푸줏간 12.... [부수]勹(쌀포몸) [총획]5획 [난이도]고등용, 읽기 4급II, 쓰기 3급II
包含
포함
①속에 싸이어 있음 　②함유(含有)함 　③어떤 사물(事物)이나 현상(現象) 가운데 함께 들어 있거나 함께 넣음
包裝
포장
물건(物件)을 싸서 꾸림
包括的
포괄적
포괄(包括)하는 상태(狀態)이거나 그러한 성질(性質)이 있는 모양(模樣)
包容
포용
①휩싸서 들임 　②도량(度量)이 넓어서, 남의 잘못을 이해(理解)하여 싸덮어 줌


-----------------------------------
변덕

*****DEFINITION*****
whim caprice, 날씨가 요즘 변덕을 부리고 있다 The weather has been fickle lately.
變德
變 变 biàn​   *变* | 变* | *变 to change / to become different / to transform / to vary / rebellion 變
德 德 Dé​   *德* | 德* | *德 Germany / German / abbr. for 德國｜德国
  德 dé​   *德* | 德* | *德 virtue / goodness / morality / ethics / kindness / favor / character / kind
  德 dé​   *德* | 德* | *德 variant of 德 悳
  德 dé​   *德* | 德* | *德 variant of 德 惪
變
변할 변 1. 변하다(變--), 변화하다(變化--) 2. 고치다, 변경하다(變更--) 3. 변통하다(變通--) 4. 움직이다 5. (조정에)고변하다(告變--) 6. 놀라게 하다 7. 다투다 8. 속이다 9. 어그러지다 10. 좁다 11. 변화(變化)... [부수]言(말씀언) [총획]23획 [난이도]중학용, 읽기 5급II, 쓰기 4급II
變化
변화
모양(模樣)이나 성질(性質)이 바뀌어 달라짐
變更
변경
바꾸어 고침
變數
변수
①어떠한 대응(對應) 관계(關係)로 변화(變化)하는 수(數) 　②함수(函數) 관계(關係)로 대응(對應)하여 주어진 범위(範圍) 안에서 변화(變化)하는 수(數)
變動
변동
움직여서 달라지거나 달라지게 함. 변(變)하여 움직임. 바뀌어 달라짐. 고침

德
큰 덕,덕 덕 1. 크다 2. (덕으로)여기다 3. (덕을)베풀다(일을 차리어 벌이다, 도와주어서 혜택을 받게 하다) 4. 고맙게 생각하다 5. 오르다, 타다 6. 덕(德), 도덕(道德) 7. 은덕(恩德) 8. 복(福), 행복(幸福) 9.... [부수]彳(두인변) [총획]15획 [난이도]중학용, 읽기 5급II, 쓰기 4급II
道德
도덕
사람으로서 지켜야 할 도리(道理)
德談
덕담
잘 되라고 비는 말
道德的
도덕적
①도덕(道德)에 의(依)하여 사물(事物)을 판단(判斷)하려고 하는 모양(模樣) 　②또는, 도덕(道德)에 적합(適合)한 모양(模樣)
德分
덕분
남에게 어질고 고마운 짓을 베푸는 일


-----------------------------------
행운

*****DEFINITION*****
(good) luck, good fortune, lucky break, piece of luck 행운을 잡다 grab a golden chance
幸運
幸运 xìng​yùn​   *幸运* | 幸运* | *幸运 fortunate / lucky / fortune / luck 幸運 HSK 5
幸
다행 행 1. 다행(多幸), 행복(幸福), 좋은 운 2. 요행(僥倖ㆍ徼幸), 뜻하지 않은 좋은 운 3. 거둥(擧動▼: 임금의 나들이) 4. 은총(恩寵), 베풀어 준 은혜(恩惠) 5. 오래 사는 일 6. 다행(多幸)히, 운좋게 7. ... [부수]干(방패간) [총획]8획 [난이도]중학용, 읽기 6급II, 쓰기 5급II
多幸
다행
①운수(運數)가 좋음 　②일이 좋게 됨 　③뜻밖에 잘 됨
幸福
행복
①복된 좋은 운수(運數) 　②생활(生活)의 만족(滿足)과 삶의 보람을 느끼는 흐뭇한 상태(狀態)
不幸
불행
①행복(幸福)하지 못함. 박복(薄福). 박행(薄行) 　②(운수(運數)가 언짢아)일이 순조(順調)롭지 못하게 가탈이 많음
幸運
행운
①행복(幸福)한 운수(運數) 　②좋은 운수(運數)

運
옮길 운 1. 옮기다 2. 움직이다, 돌다 3. 나르다, 운반하다(運搬--) 4. 궁리하다(窮理--) 5. 쓰다, 운용하다(運用--) 6. 휘두르다, 가지고 놀다 7. 배를 젖다 8. 어지럽다 9. (멀리까지)미치다(영향이나 작용 따위가... [부수]辶(책받침) [총획]13획 [난이도]중학용, 읽기 6급II, 쓰기 5급II
運營
운영
조직(組織), 기구(機構) 따위를 운용(運用)하여 경영(經營)함
運動
운동
①물체(物體)가 시간(時間)의 경과(經過)에 따라 위치(位置)를 바꾸는 일 　②몸을 단련(鍛鍊)하거나 건강(健康)을 보존(保存)하기 위(爲)하여 몸을 움직이는 일 　③어떤 목적(目的)을 달성(達成)하기...
運命
운명
①앞으로의 존망이나 생사(生死)에 관(關)한 처지(處地). 　②운수(運數)와 명수(命數). 곧 인간(人間)을 둘러싼 선악(善惡), 길흉(吉凶), 화복(禍福) 등(等)의 온갖 것이 초인간적(超人間的)인 위력(偉力)에...
運用
운용
돈이나 물건(物件)ㆍ제도(制度) 따위의 기능(機能)을 부리어 씀


-----------------------------------
초인

*****DEFINITION*****
(남자) superman; (여자) superwoman
超人
超人 Chāo​rén​   *超人* | 超人* | *超人 Superman, comic book superhero
超人 chāo​rén​   *超人* | 超人* | *超人 superhuman / exceptional
超
뛰어넘을 초 1. 뛰어넘다 2. 뛰다, 뛰어오르다 3. 뛰어나다, 빼어나다 4. 빠르다, 신속하다(迅速--) 5. 멀리 떨어지다 6. 멀다 7. 서글퍼하다, 근심스러워하다 8. 지나가다 9. 승진되다(昇進ㆍ陞進--), 발탁되다(拔擢--)... [부수]走(달릴주) [총획]12획 [난이도]고등용, 읽기 3급II, 쓰기 2급
超越
초월
①어떤 한계(限界)나 표준(標準)을 넘음 　②인식(認識)ㆍ경험(經驗)의 범위(範圍) 밖에 존재(存在)함. 가능적(可能的) 경험(經驗)의 영역(領域) 밖에 있음 　③칸트 철학에서, 우리들의 경험에서 독립하여...
超過
초과
①사물(事物)의 한도(限度)를 넘어섬 　②일정(一定)한 수를 넘음
超高速
초고속
고속(高速)보다 더 빠른 속도(速度)
超自然的
초자연적
자연(自然)을 초월(超越)한 그 어떤 존재(存在)나 힘에 의거(依據)하는 모양(模樣)

人
사람 인 1. 사람, 인간(人間) 2. 다른 사람, 타인(他人), 남 3. 딴 사람 4. 그 사람 5. 남자(男子) 6. 어른, 성인(成人) 7. 백성(百姓) 8. 인격(人格) 9. 낯, 체면(體面), 명예(名譽) 10. 사람의 품성(稟性), 사람됨... [부수]人(사람인) [총획]2획 [난이도]중학용, 읽기 8급, 쓰기 6급II
個人
개인
①국가(國家)나 사회(社會)에 대(對)하여 이를 구성(構成)하는 하나하나의 사람 　②한 사람 한 사람 　③각자
人物
인물
①사람 　②뛰어난 사람. 인재(人材) 　③사람의 얼굴 모양(模樣) 　④사람의 됨됨이. 인품(人品)
人事
인사
①안부(安否)를 묻거나 공경(恭敬)의 뜻을 표(表)하는 일 　②받은 은혜(恩惠)에 대(對)하여 갚거나 치하(致賀)하는 일 　③서로 알지 못하던 사람끼리 성명(姓名)을 통(通)하여 자기(自己)를 소개(紹介)하는...
人權
인권
사람으로서의 권리(權利)


-----------------------------------
썩이다

*****DEFINITION*****
네 엄마 속 좀 그만 썩여라! Stop worrying your mother so much!

-----------------------------------
슬며시

*****DEFINITION*****
(부드럽게) gently, lightly; (남의 눈에 띄지 않게) secretly, furtively

-----------------------------------
