용납

*****DEFINITION*****
[동사] admit, approve (of), allow[let, permit] (sb/sth to do), (formal) countenance; (억지로) tolerate 이런 식의 실수는 용납할 수 없다 We cannot allow such a mistake to happen.
容納
容纳 róng​nà​   *容纳* | 容纳* | *容纳 to hold / to contain / to accommodate / to tolerate (different opinions) 容納 HSK 6
容
얼굴 용 1. 얼굴 2. 모양, 용모(容貌) 3. 몸가짐 4. 용량 5. 속내, 속에 든 것 6. 나부끼는 모양 7. 어찌 8. 혹(或), 혹은(或-: 그렇지 아니하면) 9. 담다, 그릇 안에 넣다 10. 용납하다(容納--) 11. 받아들이다... [부수]宀(갓머리) [총획]10획 [난이도]중학용, 읽기 4급II, 쓰기 3급II
內容
내용
①사물(事物)의 속내나 실속(實-) 　②형식(形式)에 의(依)해서 동일체(同一體)에 결합(結合)되는 여러 가지 실질(實質), 본질(本質), 의의(意義)
受容
수용
(남의 문물(文物)이나 의견(意見) 등(等)을) 인정(認定)하거나 용납(容納)하여 받아들이는 것
許容
허용
허락(許諾)하여 받아들임
容恕
용서
①관용(寬容)을 베풀어 벌(罰)하지 않음 　②꾸짖지 아니함 　③놓아 줌

納
들일 납 1. (거두어)들이다, 수확하다(收穫--) 2. 받다, 받아들이다, 수장하다(收藏--: 거두어 들여 간직하다) 3. 바치다, 헌납하다(獻納--) 4. 보내다, 되돌리다, 반납하다(返納--) 5. (해어진 곳을)깁다(떨어지거나... [부수]糸(실사) [총획]10획 [난이도]고등용, 읽기 4급, 쓰기 3급
納得
납득
①사리(事理)를 분별(分別)하여 해석(解釋)함 　②깨달아 앎 　③남의 말이나 행동(行動)을 잘 알아차려 이해(理解)함　④(남의 말이나 행동(行動), 또는 어떤 일 등(等)을) 헤아려 그것이 그럴 만하거나...
容納
용납
①너그러운 마음으로 남의 언행(言行)을 받아들임 　②물건(物件)을 포용(包容)함 　③(부정적(否定的)인 것을) 그냥 받아들이거나 내버려두는 것
納付
납부
관공서(官公署)나 공공단체(公共團體) 등(等)에 세금(稅金), 공과금 따위를 냄
納品
납품
①계약(契約)한 곳에 물품(物品)을 바치는 것 　②또는, 그 물품(物品)


-----------------------------------
절실하다

*****DEFINITION*****
(느낌·생각 등이) 병에 걸린 후에야 건강의 소중함을 절실히 깨달았다 I fully realized the value of good health only after I fell ill. 2개 뜻 더보기 : (느낌·생각 등이)
切實
切实 qiè​shí​   *切实* | 切实* | *切实 feasible / realistic / practical / earnestly / conscientiously 切實 HSK 6
切
끊을 절,온통 체 1. 끊다 2. 베다 3. 정성스럽다(精誠---) 4. 적절하다 5. 중요하다(重要--) 6. 절박하다(切迫--) 7. 진맥하다 8. 문지방(門地枋) 9. 반절(反切: 한자의 음을 나타낼 때 다른 두 한자의 음을 반씩 따서... [부수]刀(칼도) [총획]4획 [난이도]고등용, 읽기 5급II, 쓰기 4급II
適切
적절
①꼭 맞음 　②어떤 기준(基準)이나 정도(程度)에 맞아 어울리는 상태(狀態)
切實
절실
①(어떤 일에 대(對)한 느낌이나 생각이)뼈저리게 강렬(强烈)한 상태(狀態)에 있음 　②또는, (어떤 일에 대(對)한 해결(解決)이나 요구(要求) 등(等)이)매우 시급(時急)하고도 중요(重要)한 상태(狀態)에...
懇切
간절
지성(至誠)스럽고 절실(切實)함
切迫
절박
마감, 시기(時期), 기일(期日) 등(等)이 매우 급(急)함

實
열매 실,이를 지 1. 열매 2. 씨, 종자 3. 공물(貢物) 4. 재물(財物), 재화(財貨) 5. 내용(內容) 6. 바탕, 본질(本質) 7. 녹봉(祿俸: 벼슬아치에게 주던 급료), 작록(爵祿: 관작(官爵)과 봉록(俸祿)) 8. 자취(어떤 것이... [부수]宀(갓머리) [총획]14획 [난이도]중학용, 읽기 5급II, 쓰기 4급II
事實
사실
①실제(實際)로 있었던 일, 또는 있는 일 　②법률(法律) 상(上)으로 효과(效果)를 내는 현상(現象)이나 경험(經驗) 　③생각하였거나 말한 일에 대(對)하여 현실(現實)로 이루어졌거나 일어난 일로서...
實際
실제
현실(現實)의 경우(境遇)나 형편(形便)
實施
실시
실제(實際)로 시행(施行)함
實踐
실천
①실제(實際)로 해냄 　②자연(自然)이나 사회(社會)를 변혁(變革)하는 의식적(意識的)이고 계획적(計劃的)인 모든 활동(活動) 　③얻어진 인식(認識)의 참과 거짓을 검증(檢證)하는 일


-----------------------------------
총선

*****DEFINITION*****
general election 총선에서 승리하다 win the general election
總選
總 总 zǒng​   *总* | 总* | *总 always / to assemble / gather / total / overall / head / chief / general / in every case 總
選 选 xuǎn​   *选* | 选* | *选 to choose / to pick / to select / to elect 選
總
다 총,합할 총 1. 다(남거나 빠진 것이 없이 모두) 2. 모두 3. 내내(처음부터 끝까지 계속해서) 4. 늘 5. 언제나 6. 줄곧 7. 주요한 8. 총괄적인 9. 지도적인 10. 우두머리의 11. 합하다(合--) 12. 종합하다(綜合--)... [부수]糸(실사) [총획]17획 [난이도]고등용, 읽기 4급II, 쓰기 3급II
總理
총리
①전체(全體)를 모두 관리(管理)함 　②또는, 그 직책(職責)
總選
총선
총선거(總選擧), 국회의원(國會議員) 전체(全體)를 한꺼번에 선출(選出)하는 선거(選擧)
總帥
총수
전군(全軍)을 지휘(指揮)하는 사람
總括
총괄
여러 가지를 한데 모아서 아우름

選
가릴 선 1. 가리다, 분간하다(分揀--) 2. 뽑다 3. 고르다 4. 선거하다(選擧--) 5. 선택하다(選擇--) 6. 임용되다(任用--) 7. 열거하다 8. 좋다 9. 뽑힌 사람 10. 선별된 작품 11. 잠깐 12. 잠시(暫時) [부수]辶(책받침) [총획]16획 [난이도]중학용, 읽기 5급, 쓰기 4급
選擧
선거
①많은 사람 가운데서 투표(投票) 등(等)에 의(依)하여 뽑아 냄 　②선거권(選擧權)을 가진 사람이 전국(全國)에 걸쳐서 또는 일정(一定)한 구역(區域)에서 의원(議員) 및 공직(公職)을 맡을 일정(一定)한...
選擇
선택
①여럿 가운데서 골라 뽑음 　②문제(問題)를 해결(解決)하기 위(爲)한 몇 가지 수단(手段)을 의식(意識)하고, 그 어느 것을 골라내는 작용(作用)
總選
총선
총선거(總選擧), 국회의원(國會議員) 전체(全體)를 한꺼번에 선출(選出)하는 선거(選擧)
選拔
선발
①많은 사람 가운데서 가려 뽑음 　②인위적(人爲的)으로 하는 도태


-----------------------------------
선거

*****DEFINITION*****
election 선거공약을 지키다 honor[keep] one's election pledges
選擧
選 选 xuǎn​   *选* | 选* | *选 to choose / to pick / to select / to elect 選
擧 举 jǔ​   *举* | 举* | *举 variant of 舉｜举 擧 HSK 5
選
가릴 선 1. 가리다, 분간하다(分揀--) 2. 뽑다 3. 고르다 4. 선거하다(選擧--) 5. 선택하다(選擇--) 6. 임용되다(任用--) 7. 열거하다 8. 좋다 9. 뽑힌 사람 10. 선별된 작품 11. 잠깐 12. 잠시(暫時) [부수]辶(책받침) [총획]16획 [난이도]중학용, 읽기 5급, 쓰기 4급
選擧
선거
①많은 사람 가운데서 투표(投票) 등(等)에 의(依)하여 뽑아 냄 　②선거권(選擧權)을 가진 사람이 전국(全國)에 걸쳐서 또는 일정(一定)한 구역(區域)에서 의원(議員) 및 공직(公職)을 맡을 일정(一定)한...
選擇
선택
①여럿 가운데서 골라 뽑음 　②문제(問題)를 해결(解決)하기 위(爲)한 몇 가지 수단(手段)을 의식(意識)하고, 그 어느 것을 골라내는 작용(作用)
總選
총선
총선거(總選擧), 국회의원(國會議員) 전체(全體)를 한꺼번에 선출(選出)하는 선거(選擧)
選拔
선발
①많은 사람 가운데서 가려 뽑음 　②인위적(人爲的)으로 하는 도태

擧
들 거 1. 들다 2. 일으키다 3. 행하다(行--) 4. 낱낱이 들다 5. 빼어 올리다 6. 들추어 내다 7. 흥기하다(興起--: 세력이 왕성해지다) 8. 선거하다(選擧--) 9. 추천하다(推薦--) 10. 제시하다(提示--) 11. 제... [부수]手(손수) [총획]18획 [난이도]중학용, 읽기 5급, 쓰기 4급
選擧
선거
①많은 사람 가운데서 투표(投票) 등(等)에 의(依)하여 뽑아 냄 　②선거권(選擧權)을 가진 사람이 전국(全國)에 걸쳐서 또는 일정(一定)한 구역(區域)에서 의원(議員) 및 공직(公職)을 맡을 일정(一定)한...
擧論
거론
어떤 사항(事項)을 내놓아 논제(論題)로 삼음
科擧
과거
옛날 문무관(文武官)을 뽑을 때에 보던 시험(試驗)
快擧
쾌거
①통쾌(痛快)한 거사(擧事) 　②통쾌(痛快)한 행동(行動)


-----------------------------------
한반도

*****DEFINITION*****
the Korean Peninsula 한반도의 긴장을 완화하다 relieve[defuse; alleviate] tension on the Korean Peninsula
韓半島
韩半岛 Hán​ Bàn​dǎo​   *韩半岛* | 韩半岛* | *韩半岛 Korean peninsula (esp. South Korean usage) 韓半島
韓
한국 한,나라 한 1. 대한민국(大韓民國)의 약칭(略稱) 2. 나라의 이름 3. 대한제국(大韓帝國)의 약칭(略稱) 4. 삼한의 통칭(通稱) 5. 전국 칠웅의 하나 6. 주나라(周--)의 제후국(諸侯國) 7. 우물 난간(欄干ㆍ欄杆) [부수]韋(가죽위) [총획]17획 [난이도]중학용, 읽기 8급, 쓰기 6급II
韓國
한국
대한민국(大韓民國)의 약칭(略稱)
北韓
북한
①한강(漢江) 이북(以北)의 한국(韓國) 　②중부(中部) 이북(以北)의 한국(韓國). 북조선(北朝鮮) 　③해방(解放) 후(後) 삼팔선 이북(以北)의 한국(韓國). 이북(以北) 　④한국(韓國) 동란 후(後) 휴...
韓半島
한반도
＇우리나라＇를 지형적(地形的)으로 일컫는 말
大韓民國
대한민국
아시아 대륙(大陸) 동북부(東北部)의 한반도(韓半島)에 위치(位置)하고 있는 민주(民主) 공화국(共和國). 수도(首都)는 서울 특별시(特別市). ROK

半
반 반 1. 반, 절반(折半) 2. 가운데 3. 한창, 절정, 가장 4. 반신불수(半身不隨) 5. 조각, 떨어진 한 부분(部分) 6. 가장 7. 똑같이 둘로 나누다 8. 반쪽을 내다 [부수]十(열십) [총획]5획 [난이도]중학용, 읽기 6급II, 쓰기 5급II
折半
절반
①하나를 둘로 똑같이 나눔. 일반(一半)　②또는, 그 반(半)
韓半島
한반도
＇우리나라＇를 지형적(地形的)으로 일컫는 말
半導體
반도체
규소(硅素)나 게르마늄 따위처럼, 낮은 온도(溫度)에서는 거의 전기(電氣)를 통(通)하지 않으나 열(熱)을 받음에 따라 전기(電氣)를 잘 통(通)하는 물질(物質). 정류기(整流器), 트랜지스터 등(等) 중요(重要)한...
上半期
상반기
한 해나 어떤 일정(一定)한 기간(期間)을 둘로 나눈 그 앞의 반 동안

島
섬 도 1. 섬 [부수]山(뫼산) [총획]10획 [난이도]중학용, 읽기 5급, 쓰기 4급
獨島
독도
경북(慶北) 울릉군(鬱陵郡) 울릉읍(鬱陵邑) 독도리(獨島里)에 딸린 섬
韓半島
한반도
＇우리나라＇를 지형적(地形的)으로 일컫는 말
汝矣島
여의도
서울 영등포(永登浦)구(永登浦區) 여의도동에 딸린 한강(漢江)의 하중도(河中島). 한강(漢江)에 발달(發達)한 범람원으로 영등포(永登浦) 쪽에 작은 샛강이 있음
鬱陵島
울릉도
경상북도(慶尙北道) 동쪽 동해(東海) 상(上)에 있는 섬


-----------------------------------
보수

*****DEFINITION*****
(전통적인 것을 옹호함) conservatism 이번 선거는 보수와 진보의 대결이 될 것 같다 The upcoming election will be a showdown between the conservatives and the progressives.
保守
保守 bǎo​shǒu​   *保守* | 保守* | *保守 conservative / to guard / to keep HSK 6
保
지킬 보 1. 지키다, 보호하다(保護--), 보위하다(保衛--) 2. 유지하다(維持--), 보존하다(保存--) 3. 보증하다(保證--), 책임지다(責任--) 4. 보증(保證)을 서다 5. 돕다, 보우하다(保佑--) 6. 기르다, 양육하다(養育--)... [부수]亻(사람인변) [총획]9획 [난이도]중학용, 읽기 4급II, 쓰기 3급II
保護
보호
잘 보살피고 지킴
保障
보장
일이 잘 되도록 보호(保護)하거나 뒷받침함
確保
확보
①확실(確實)히 보유(保有)함 　②확실(確實)히 지님, 보증(保證)함
安保
안보
편안(便安)히 보전(保全)함. 안전보장(安全保障)의 준말

守
지킬 수 1. 지키다, 다스리다 2. 머무르다 3. 기다리다 4. 거두다, 손에 넣다 5. 청하다(請--), 요구하다(要求--) 6. 지키는 사람 7. 직무, 직책(職責), 임무(任務) 8. 벼슬의 지위(地位)는 낮고 관직(官職)은... [부수]宀(갓머리) [총획]6획 [난이도]중학용, 읽기 4급II, 쓰기 3급II
遵守
준수
그대로 좇아 지킴
保守
보수
①보전(保全)하여 지킴 　②묵은 그대로 지킴
守護
수호
지키고 보호(保護)함
固守
고수
굳게 지킴


-----------------------------------
정당

*****DEFINITION*****
(정치단체) (political) party 정당에 가입하다 join[enter] a party
政黨
政党 zhèng​dǎng​   *政党* | 政党* | *政党 political party / CL: 個｜个 政黨
政
정사 정,칠 정 1. 정사(政事), 나라를 다스리는 일 2. 구실(온갖 세납을 통틀어 이르던 말), 조세(租稅) 3. 법(法), 법규(法規), 정사(政事)를 행하는 규칙(規則) 4. 부역(負役), 노역(勞役) 5. 벼슬아치의 직무(職務)나... [부수]攵(등글월문) [총획]9획 [난이도]중학용, 읽기 4급II, 쓰기 3급II
政府
정부
①국가(國家)를 다스리는 기관(機關). 곧, 입법부ㆍ사법부ㆍ행정부(行政府)의 총칭(總稱) 　②의정부(議政府)의 준말 　③특(特)히, 행정부(行政府)를 가리키는 말
政策
정책
국리민복(國利民福)을 증진(增進)하려고 하는 시정(施政)의 방법(方法). 정치적(政治的) 목적(目的)을 실현(實現)하기 위(爲)하여 꾀하는 방법(方法)
政權
정권
정치(政治) 상(上)의 권력(權力), 정부(政府)를 조직(組織)하여 정치(政治)를 담당(擔當)하는 권력(權力)
政治
정치
국가(國家)의 주권자(主權者)가 국가(國家) 권력(權力)을 행사(行使)하여 그 영토(領土)와 국민(國民)을 다스리는 일

黨
무리 당 1. 무리(모여서 뭉친 한 동아리), 한동아리 2. 마을, 향리(鄕里) 3. 일가(一家), 친척(親戚) 4. 바(所), 곳, 장소(場所) 5. 혹시(或是: 그러할 리는 없지만 만일에), 아마도 6. 거듭, 빈번히(頻繁-) 7.... [부수]黑(검을흑) [총획]20획 [난이도]고등용, 읽기 4급II, 쓰기 3급II
與黨
여당
①정부(政府)의 정책(政策)을 지지(支持)하여, 이것에 편을 드는 정당(政黨) 　②짝이 되는 무리
野黨
야당
정당(政黨) 정치(政治)에서 현재(現在) 내각(內閣)을 조직(組織)하지 않은 정당(政黨)
政黨
정당
정치(政治) 상(上)의 당파(黨派). 일정(一定)한 정치(政治) 이상(理想)의 실현(實現)을 위(爲)하여 정견(政見)이 같은 사람끼리 정치(政治) 권력(權力)에의 참여(參與)를 목적(目的)으로 하는 정치적(政治的)인...
脫黨
탈당
당원(黨員)이 당적(黨籍)을 떠남


-----------------------------------
당선

*****DEFINITION*****
(선거에) [명사] election, [동사] be elected, win (an election), (Am) carry (an election) 당선 소감을 밝히다 say a few words on being elected 2개 뜻 더보기 : (선거에) [명사] election, [동사] be elected, win (an election), (Am) carry (an election)
當選
当选 dāng​xuǎn​   *当选* | 当选* | *当选 to be elected 當選 HSK 6
當
마땅 당 1. 마땅 2. 밑바탕, 바닥 3. 저당(抵當) 4. 갚음, 보수(報酬) 5. 갑자기 6. 이, 그 7. 마땅하다 8. (임무, 책임을)맡다 9. 당하다(當--), 대하다(對--) 10. 주관하다(主管--), 주장하다(主掌--) 11. 필... [부수]田(밭전) [총획]13획 [난이도]중학용, 읽기 5급II, 쓰기 4급II
該當
해당
어떤 조건(條件)에 들어맞음. 꼭 맞음
堪當
감당
일을 능히 맡아서 해냄
當局
당국
①어떤 일을 처리(處理)하는 임무(任務)를 맡고 있음 　②어떤 일을 담당(擔當)함. 또 그곳 　③정무(政務)의 중요(重要)한 자리를 차지하는 기관(機關) 　④어떤 정무(政務)를 맡아보는 관청(官廳), ...
當時
당시
일이 생긴 그때. 그때

選
가릴 선 1. 가리다, 분간하다(分揀--) 2. 뽑다 3. 고르다 4. 선거하다(選擧--) 5. 선택하다(選擇--) 6. 임용되다(任用--) 7. 열거하다 8. 좋다 9. 뽑힌 사람 10. 선별된 작품 11. 잠깐 12. 잠시(暫時) [부수]辶(책받침) [총획]16획 [난이도]중학용, 읽기 5급, 쓰기 4급
選擧
선거
①많은 사람 가운데서 투표(投票) 등(等)에 의(依)하여 뽑아 냄 　②선거권(選擧權)을 가진 사람이 전국(全國)에 걸쳐서 또는 일정(一定)한 구역(區域)에서 의원(議員) 및 공직(公職)을 맡을 일정(一定)한...
選擇
선택
①여럿 가운데서 골라 뽑음 　②문제(問題)를 해결(解決)하기 위(爲)한 몇 가지 수단(手段)을 의식(意識)하고, 그 어느 것을 골라내는 작용(作用)
總選
총선
총선거(總選擧), 국회의원(國會議員) 전체(全體)를 한꺼번에 선출(選出)하는 선거(選擧)
選拔
선발
①많은 사람 가운데서 가려 뽑음 　②인위적(人爲的)으로 하는 도태


-----------------------------------
진보

*****DEFINITION*****
(정도·수준 등이 나아짐) progress, advance , (make) progress, advance 과학 기술의 진보 advancement in scientific technology 2개 뜻 더보기 : (정도·수준 등이 나아짐) progress, advance , (make) progress, advance
進步
进步 jìn​bù​   *进步* | 进步* | *进步 progress / improvement / to improve / to progress / CL: 個｜个 進步 HSK 5
進
나아갈 진,선사 신 1. 나아가다 2. 오르다 3. 다가오다 4. 힘쓰다 5. 더하다 a. 선사, 선물(膳物) (신) [부수]辶(책받침) [총획]12획 [난이도]중학용, 읽기 4급II, 쓰기 3급II
推進
추진
밀고 나아감
進行
진행
①앞으로 나아감 　②일을 처리(處理)해 나감
進展
진전
일이 진행(進行)되어 발전(發展)함
促進
촉진
재촉하여 빨리 나아가게 함

步
걸음 보 1. 걸음, 걸음걸이 2. 보(거리의 한 단위) 3. 행위(行爲) 4. 운수(運數), 시운(時運) 5. 보병(步兵) 6. 처하다 7. 나루터 8. 걷다, 걸어가다 9. 뒤따르다 10. (천문을)재다, 헤아리다 [부수]止(그칠지) [총획]7획 [난이도]중학용, 읽기 4급II, 쓰기 3급II
讓步
양보
①(남에게 좌석(座席)이나 길이나 물건(物件) 따위를) 사양(辭讓)하여 물러나는 것 　②자기(自己)의 주장(主張)을 굽혀 남의 의견(意見)을 좇는 것 　③남을 위(爲)하여 자신(自身)의 이익(利益)을 희...
進步
진보
①더욱 발달(發達)함 　②차차 더 좋게 되어 나아감
初步
초보
①보행(步行)의 첫걸음 　②학문(學問)ㆍ기술(技術) 등(等)의 첫걸음
踏步
답보
제자리에 서서 하는 걸음. 제자리걸음


-----------------------------------
일색

*****DEFINITION*****
(한 가지 색깔) single color 그녀의 옷차림은 노랑 일색이었다 She was dressed all[entirely] in yellow. 2개 뜻 더보기 : (한 가지 색깔) single color
一色
一 一 yī​   *一* | 一* | *一 one / 1 / single / a (article) / as soon as / entire / whole / all / throughout / "one" radical in Chinese characters (Kangxi radical 1) / also pr. [yao1] for greater clarity when spelling out numbers digit by digit HSK 1
色 色 sè​   *色* | 色* | *色 color / CL: 種｜种 / look / appearance / sex
  色 shǎi​   *色* | 色* | *色 color / dice
一
한 일 1. 하나, 일 2. 첫째, 첫번째 3. 오로지 4. 온, 전, 모든 5. 하나의, 한결같은 6. 다른, 또 하나의 7. 잠시(暫時), 한번 8. 좀, 약간(若干) 9. 만일(萬一) 10. 혹시(或時) 11. 어느 12. 같다, 동일하다(同一--) [부수]一(한일) [총획]1획 [난이도]중학용, 읽기 8급, 쓰기 6급II
一部
일부
①전체(全體)의 한 부분(部分) 　②한번
一般
일반
①한 모양(模樣) 　②같은 모양(模樣) 　③보통(普通) 　④특별(特別)히 정(定)한 어떤 일부(一部)가 아니라, 전체(全體)에 두루 해당(該當)되는 것
一旦
일단
①한번 　②일조(一朝)　③우선(于先) 잠깐
一定
일정
①하나로 고정(固定)되어 움직이지 않음. 변동(變動)이 없음. 　②어떤 기준(基準)에 의(依)해 범위(範圍)나 방향(方向) 따위가 정(定)해져 있음

色
빛 색 1. 빛, 빛깔 2. 색채(色彩) 3. 낯, 얼굴빛 4. 윤, 광택(光澤) 5. 기색(氣色) 6. 모양, 상태(狀態) 7. 미색(美色) 8. 색정(色情), 여색(女色), 정욕(情慾) 9. 갈래, 종류(種類) 10. 화장하다(化粧--), 꾸미다... [부수]色(빛색) [총획]6획 [난이도]중학용, 읽기 7급, 쓰기 6급
色彩
색채
①빛깔 　②사물(事物)의 표현(表現), 태도(態度) 등(等)에서 나타나는 일정(一定)한 성질(性質)이나 경향(傾向) 또는 맛
染色體
염색체
분열(分裂)하는 세포(細胞)에 나타나는 실, 막대, 알갱이 모양(模樣)의 물질(物質). 일정(一定)한 배열(配列)로 유전자(遺傳子)를 지니고 있으며, 생물(生物)의 성을 결정(決定)하는 데 관계(關係)가 있음
丹色
단색
붉은색
綠色
녹색
파랑과 노랑의 중간색(中間色), 곧 풀빛


-----------------------------------
편협하다

*****DEFINITION*****
narrow-minded, closed-minded, prejudiced 편협한 시각에서 벗어나다 free oneself from a narrow viewpoint[point of view]
偏狹
偏狭 piān​xiá​   *偏狭* | 偏狭* | *偏狭 prejudiced / narrow-minded 偏狹
偏
치우칠 편 1. 치우치다, 쏠리다, 기울다 2. 편향되다(偏向--), 편중되다(偏重--) 3. 먼저 실례하다(失禮--) 4. 속이다 5. 나부끼다 6. 곁, 가 7. 반, 절반(折半) 8. 한쪽, 한편 9. 하나, 한 사람 10. 보좌(補佐ㆍ輔佐)... [부수]亻(사람인변) [총획]11획 [난이도]고등용, 읽기 3급II, 쓰기 2급
偏頗
편파
치우쳐 공평(公平)하지 못함
偏見
편견
공정(公正)하지 못하고 한쪽으로 치우친 생각
偏狹
편협
생각이나 도량(度量)이 좁고 편벽(偏僻)됨
偏向
편향
①한 쪽으로 치우침 　②대전 입자(粒子)의 비행(飛行) 방향(方向)을 전계나 자계를 가(加)하여 변화(變化)시킴

狹
좁을 협 1. 좁다, 좁아지다 2. 조그마하다, 자질구레하다 3. 경시하다(輕視--) 4. 다가오다 5. 급하다(急--), 촉박하다(促迫--) [부수]犭(개사슴록변) [총획]10획 [난이도]읽기 1급, 쓰기 특급
偏狹
편협
생각이나 도량(度量)이 좁고 편벽(偏僻)됨
狹小
협소
공간(空間)이 어떤 일을 하기에 좁고 작음
褊狹
편협
☞ 편협(偏狹)
狹窄
협착
차지하고 있는 자리가 몹시 좁음


-----------------------------------
여실하다

*****DEFINITION*****
(be) lively, vivid, realistic, be like real, be true to life 여실히 vividly
如實
如实 rú​shí​   *如实* | 如实* | *如实 as things really are / realistic 如實
如
같을 여,말 이을 이 1. 같다, 같게 하다 2. 어떠하다 3. 미치다(영향이나 작용 따위가 대상에 가하여지다), 닿다 4. 좇다, 따르다 5. 가다, 이르다(어떤 장소나 시간에 닿다) 6. 당연히 ~하여야 한다 7. 맞서다, 대항하다(對抗--)... [부수]女(계집녀) [총획]6획 [난이도]중학용, 읽기 4급II, 쓰기 3급II
如前
여전
(어떤 대상(對象)이)변함이 없이 전(前)과 같음
缺如
결여
있어야 할 것이 없거나 모자람
如此
여차
이와 같음. 이렇게
如干
여간
①얼마 되지 아니함 　②보통(普通)으로 　③조금

實
열매 실,이를 지 1. 열매 2. 씨, 종자 3. 공물(貢物) 4. 재물(財物), 재화(財貨) 5. 내용(內容) 6. 바탕, 본질(本質) 7. 녹봉(祿俸: 벼슬아치에게 주던 급료), 작록(爵祿: 관작(官爵)과 봉록(俸祿)) 8. 자취(어떤 것이... [부수]宀(갓머리) [총획]14획 [난이도]중학용, 읽기 5급II, 쓰기 4급II
事實
사실
①실제(實際)로 있었던 일, 또는 있는 일 　②법률(法律) 상(上)으로 효과(效果)를 내는 현상(現象)이나 경험(經驗) 　③생각하였거나 말한 일에 대(對)하여 현실(現實)로 이루어졌거나 일어난 일로서...
實際
실제
현실(現實)의 경우(境遇)나 형편(形便)
實施
실시
실제(實際)로 시행(施行)함
實踐
실천
①실제(實際)로 해냄 　②자연(自然)이나 사회(社會)를 변혁(變革)하는 의식적(意識的)이고 계획적(計劃的)인 모든 활동(活動) 　③얻어진 인식(認識)의 참과 거짓을 검증(檢證)하는 일


-----------------------------------
우화

*****DEFINITION*****
fable, allegory 이솝우화 Aesop's fables
寓話
寓 寓 yù​   *寓* | 寓* | *寓 to reside / to imply / to contain / residence
  寓 yù​   *寓* | 寓* | *寓 variant of 寓 庽
話 话 huà​   *话* | 话* | *话 dialect / language / spoken words / speech / talk / words / conversation / what sb said / CL: 種｜种, 席, 句, 口, 番 話
寓
부칠 우 1. 부치다, 보내다 2. 맡기다, 위탁하다(委託--) 3. 기탁하다(寄託--) 4. 붙어 살다, 임시로 살다, 남에게 의지(依支)하여 살다 5. 머무르다, 객지(客地)에서 묵다 6. 핑계 삼다, 구실 삼다 7. 우거(寓居:... [부수]宀(갓머리) [총획]12획 [난이도]읽기 1급, 쓰기 특급
寓話
우화
딴 사물(事物)에 빗대어서 교훈적(敎訓的), 풍자적(諷刺的) 내용(內容)을 엮은 이야기
漂寓
표우
☞ 표박(漂泊)
寓言
우언
교훈적(敎訓的)이나 풍자적(諷刺的)인 내용(內容)을 지닌 짤막한 말
假寓
가우
①임시(臨時)로 거처(居處)함 　②임시(臨時)로 사는 곳

話
말씀 화 1. 말씀 2. 이야기 3. 좋은 말 4. 이야기하다 5. 말하다 [부수]言(말씀언) [총획]13획 [난이도]중학용, 읽기 7급II, 쓰기 6급
携帶電話
휴대전화
개인(個人)이 휴대(携帶)하여 옥내ㆍ옥외에서는 물론 이동(移動) 중(中)에도 통화(通話)할 수 있는 소형(小型) 무선(無線) 전화기(電話機). 핸드폰. 휴대폰(携帶-)
對話
대화
①마주 대(對)하여 서로 의견(意見)을 주고받으며 이야기하는 것 　②또는, 그 이야기
電話
전화
①전화기(電話機)를 이용(利用)하여 서로이야기 함 　②또는, 그 말 　③전화기(電話機)
神話
신화
예로부터 사람들 사이에서 말로 전(傳)해져 오는 신을 중심(中心)으로 한 이야기


-----------------------------------
우물

*****DEFINITION*****
(물을 긷는 곳) well 우물을 파다 dig a well 2개 뜻 더보기 : (물을 긷는 곳) well

-----------------------------------
포용하다

*****DEFINITION*****
[명사] magnanimity, tolerance , [동사] tolerate, (formal) embrace 대북 포용 정책 the engagement policy towards North Korea
包容
包容 bāo​róng​   *包容* | 包容* | *包容 to pardon / to forgive / to show tolerance / to contain / to hold / inclusive
包
쌀 포,꾸러미 포 1. 싸다 2. 감싸다 3. 용납하다(容納--) 4. 너그럽게 받아들이다 5. 아우르다, 함께 넣다 6. 아이를 배다 7. 더부룩하게 나다 8. 초목(草木)이 무성하다(茂盛--) 9. 꾸러미 10. 보따리 11. 푸줏간 12.... [부수]勹(쌀포몸) [총획]5획 [난이도]고등용, 읽기 4급II, 쓰기 3급II
包含
포함
①속에 싸이어 있음 　②함유(含有)함 　③어떤 사물(事物)이나 현상(現象) 가운데 함께 들어 있거나 함께 넣음
包裝
포장
물건(物件)을 싸서 꾸림
包括的
포괄적
포괄(包括)하는 상태(狀態)이거나 그러한 성질(性質)이 있는 모양(模樣)
包容
포용
①휩싸서 들임 　②도량(度量)이 넓어서, 남의 잘못을 이해(理解)하여 싸덮어 줌

容
얼굴 용 1. 얼굴 2. 모양, 용모(容貌) 3. 몸가짐 4. 용량 5. 속내, 속에 든 것 6. 나부끼는 모양 7. 어찌 8. 혹(或), 혹은(或-: 그렇지 아니하면) 9. 담다, 그릇 안에 넣다 10. 용납하다(容納--) 11. 받아들이다... [부수]宀(갓머리) [총획]10획 [난이도]중학용, 읽기 4급II, 쓰기 3급II
內容
내용
①사물(事物)의 속내나 실속(實-) 　②형식(形式)에 의(依)해서 동일체(同一體)에 결합(結合)되는 여러 가지 실질(實質), 본질(本質), 의의(意義)
受容
수용
(남의 문물(文物)이나 의견(意見) 등(等)을) 인정(認定)하거나 용납(容納)하여 받아들이는 것
許容
허용
허락(許諾)하여 받아들임
容恕
용서
①관용(寬容)을 베풀어 벌(罰)하지 않음 　②꾸짖지 아니함 　③놓아 줌


-----------------------------------
