거두라

*****DEFINITION*****
(곡식·열매 등을) harvest, gather (in) 곡식을 거두어들이다 harvest crops 5개 뜻 더보기 : (곡식·열매 등을) harvest, gather (in)

-----------------------------------
정의

*****DEFINITION*****
(뜻, 의미) definition , define (sth as sth) 행복의 정의는 무엇입니까? What is the definition of happiness?
定義
定义 dìng​yì​   *定义* | 定义* | *定义 definition 定義 HSK 6
定
정할 정,이마 정 1. 정하다(定--) 2. 정해지다 3. 바로잡다 4. 다스리다 5. 평정하다(平定--) 6. 편안하다(便安--) 7. 안정시키다(安定---) 8. 머무르다 9. 준비하다(準備--) 10. 자다 11. 그치다 12. 이마(앞머리) 13.... [부수]宀(갓머리) [총획]8획 [난이도]중학용, 읽기 6급, 쓰기 5급
決定
결정
①마지막으로 작정(作定)함, 일의 매듭을 지음 　②법원(法院)에서 행(行)하는 판결(判決) 및 명령(命令) 이외(以外)의 판결(判決)
認定
인정
①옳다고 믿고 정(定)하는 일 　②국가(國家)나 지방자치단체(地方自治團體)가 자기(自己)의 판단(判斷)에 의(依)하여 어떤 사실(事實)의 존부(存否)나 당부(當否)를 결정(決定)하는 일
豫定
예정
①이제부터 할 일에 대(對)하여 미리 정(定)하여 두는 것 　②또는, 미리 예상(豫想)하여 두는 것
規定
규정
①규칙(規則)으로 정(定)하는 것 　②법령(法令)에서 개개의 조항(條項)을 정(定)하는 일 　③또는, 그 조항(條項) 　④어떤 것의 성격(性格)이나 내용(內容)을 밝혀 정(定)하는 것

義
옳을 의 1. 옳다, 의롭다 2. 바르다 3. 선량하다(善良--), 착하다 4. 순응하다(順應--) 5. 맺다 6. 해 넣다 7. 섞다, 혼합하다(混合--) 8. 간사하다(奸邪--: 마음이 바르지 않다), 옳지 않다 9. 의(義), 정의(正義),... [부수]羊(양양) [총획]13획 [난이도]중학용, 읽기 4급II, 쓰기 3급II
義務
의무
①일정(一定)한 사람에게 부과(賦課)되어 반드시 실행(實行)해야 하는 일 　②맡은 직분(職分)
講義
강의
글이나 학설(學說)의 뜻을 설명(說明)하여 가르침
國粹主義
국수주의
자기(自己) 나라의 고유(固有) 전통(傳統) 문화(文化)만이 우수(優秀)하다고 믿고 다른 나라의 문물(文物)을 지나치게 배척(排斥)하는 태도(態度)나 입장(立場)
民主主義
민주주의
인민(人民) 전체(全體)의 이익(利益)과 행복(幸福)을 기초(基礎)로 하여 행(行)하는 정치(政治) 상(上)의 주의(主義)


-----------------------------------
상의

*****DEFINITION*****
(윗도리) top 상의를 입다 put on one's top
上衣
上衣 shàng​yī​   *上衣* | 上衣* | *上衣 jacket / upper outer garment / CL: 件
上
윗 상 1. 위, 윗 2. 앞 3. 첫째 4. 옛날 5. 이전 6. 임금 7. 군주(君主) 8. 사성의 일종(一種) 9. 높다 10. 올리다 11. 드리다 12. 진헌하다(進獻--: 임금께 예물을 바치다) 13. 오르다 14. 탈것을 타다 [부수]一(한일) [총획]3획 [난이도]중학용, 읽기 7급II, 쓰기 6급
以上
이상
①위치(位置)나 차례(次例)로 보아 어느 기준(基準)보다 위 　②수량(數量)이나 정도(程度)가 앞에 제시(提示)된 기준(基準)보다 많거나 높거나 큰 범위(範圍). 기준(基準)이 수량(數量)으로 제시(提示)될...
上昇
상승
위로 올라감. 오름
世上
세상
①인류(人類)가 살고 있는 지구(地球) 위 　②한 사람이 태어나서 죽을 때까지의 동안 　③활동(活動)하거나 생활(生活)하고 있는 사회(社會) 　④천상(天上)에 대(對)한 지상(地上) 　⑤제 마음대로 판을...
引上
인상
①끌어 올림 　②물건값(物件-)을 올림

衣
옷 의 1. 옷 2. 웃옷 3. 깃털, 우모(羽毛) 4. 옷자락 5. 살갗, 표피(表皮) 6. 싸는 것, 덮는 것 7. 이끼 8. (옷을)입다, 입히다 9. 덮다 10. 행하다(行--), 실천하다(實踐--) [부수]衣(옷의) [총획]6획 [난이도]중학용, 읽기 6급, 쓰기 5급
衣服
의복
옷. 몸을 싸서 가리거나 보호(保護)하기 위하여 피륙 따위로 만들어 입는 물건(物件)
衣食
의식
의복(衣服)과 음식(飮食). 옷밥
衣纏
의전
옷
脫衣
탈의
옷을 벗음


-----------------------------------
강의

*****DEFINITION*****
[명사] lecture, class, course, [동사] lecture, teach, give a lecture (on) 공개 강의 an open lecture
講義
讲义 jiǎng​yì​   *讲义* | 讲义* | *讲义 teaching materials 講義
講
외울 강,얽을 구 1. 외우다, 외다, 암송하다(暗誦--) 2. 배우다 3. 익히다, 연구하다(硏究--) 4. 설명하다(說明--) 5. 풀이하다 6. 이야기하다 7. 계획하다(計劃ㆍ計畫--) 8. 꾀하다, 모의하다(謀議--) 9. 화해하다(和解--)... [부수]言(말씀언) [총획]17획 [난이도]중학용, 읽기 4급II, 쓰기 3급II
講究
강구
좋은 방법(方法)을 조사(調査)하여 궁리(窮理)함
講義
강의
글이나 학설(學說)의 뜻을 설명(說明)하여 가르침
講師
강사
①학교(學校)의 부탁(付託)을 받아 강의(講義)하는 교원(敎員) 　②모임에서 강의(講義)를 맡은 사람 　③학원(學院)에서 수업(授業)을 맡은 사람 　④☞ 경(經) 스승
講演
강연
①사물(事物)의 뜻을 부연하여 논술(論述)함 　②청중(聽衆)에게 이야기를 함

義
옳을 의 1. 옳다, 의롭다 2. 바르다 3. 선량하다(善良--), 착하다 4. 순응하다(順應--) 5. 맺다 6. 해 넣다 7. 섞다, 혼합하다(混合--) 8. 간사하다(奸邪--: 마음이 바르지 않다), 옳지 않다 9. 의(義), 정의(正義),... [부수]羊(양양) [총획]13획 [난이도]중학용, 읽기 4급II, 쓰기 3급II
義務
의무
①일정(一定)한 사람에게 부과(賦課)되어 반드시 실행(實行)해야 하는 일 　②맡은 직분(職分)
講義
강의
글이나 학설(學說)의 뜻을 설명(說明)하여 가르침
國粹主義
국수주의
자기(自己) 나라의 고유(固有) 전통(傳統) 문화(文化)만이 우수(優秀)하다고 믿고 다른 나라의 문물(文物)을 지나치게 배척(排斥)하는 태도(態度)나 입장(立場)
民主主義
민주주의
인민(人民) 전체(全體)의 이익(利益)과 행복(幸福)을 기초(基礎)로 하여 행(行)하는 정치(政治) 상(上)의 주의(主義)


-----------------------------------
기경하라

*****DEFINITION*****
(종교) 묵은 땅을 기경하라

-----------------------------------
표준

*****DEFINITION*****
standard, average, norm 표준 이상이다 be above average[the standard]
標準
标准 biāo​zhǔn​   *标准* | 标准* | *标准 (an official) standard / norm / criterion / CL: 個｜个 標準 HSK 4
標
표할 표 1. 표하다(表--) 2. 나타내다 3. 기록하다(記錄--) 4. 표(標)를 하다 5. 적다 6. 표(標: 같은 종류의 다른 사물과 분간할 수 있도록 하는 그 사물만의 두드러진 특징) 7. 가지 8. 나무의 끝 9. 높은 나무... [부수]木(나무목) [총획]15획 [난이도]고등용, 읽기 4급, 쓰기 3급
目標
목표
①목적(目的)을 이루기 위(爲)하여 실제적(實際的) 대상(對象)으로 삼는 것 　②가서 닿을 곳 　③어떤 일을 이루어 내려는 시간(時間) 상(上)의 한계(限界)
標榜
표방
①어떠한 명목(名目)을 붙여 주의(主義), 주장(主張)을 앞에 내세움 　②남의 선행(善行)을 칭찬(稱讚)하고 기록(記錄)하여 여러 사람에게 보임
標準
표준
①사물(事物)을 정(定)하는 목표(目標). 기준(基準) 　②타(他)의 규범(規範)이 되는 준칙(準則). 규격(規格). 준거(準據) 　③물리량(物理量) 측정(測定)을 위(爲)한 단위(單位)를 확립(確立)하기 위(爲)하여...
指標
지표
①방향(方向)을 가리키는 표지(標識) 　②상용 대수의 정수(整數) 부분(部分)

準
준할 준,콧마루 절 1. 준하다(準--: 어떤 본보기에 비추어 그대로 좇다) 2. 의거하다(依據--), 본보기로 삼다 3. 본받다 4. 바로잡다 5. 고르다, 평평하다(平平--) 6. 정밀하다(精密--) 7. 정확하다, 확실하다(確實--) 8.... [부수]氵(삼수변) [총획]13획 [난이도]고등용, 읽기 4급II, 쓰기 3급II
水準
수준
①사물(事物)의 가치(價値)나 작용(作用) 등(等)에 관(關)한 일정(一定)한 표준(標準)이나 정도(程度) 　②수평(水平)
基準
기준
사물(事物)의 기본(基本)이 되는 표준(標準)
準備
준비
필요(必要)한 것을 미리 마련하여 갖춤
標準
표준
①사물(事物)을 정(定)하는 목표(目標). 기준(基準) 　②타(他)의 규범(規範)이 되는 준칙(準則). 규격(規格). 준거(準據) 　③물리량(物理量) 측정(測定)을 위(爲)한 단위(單位)를 확립(確立)하기 위(爲)하여...


-----------------------------------
싹트다

*****DEFINITION*****
(생각·감정 등이) blossom, spring up 그녀의 마음속에 질투심이 싹텄다 Jealousy sprang up inside her.

-----------------------------------
