비난하다

*****DEFINITION*****
[명사] criticism, attack, reproach, (informal) flak; (공식적인) condemnation, denunciation, (formal) censure, [동사] criticize, attack, blame, reproach, blast, (formal) deprecate, (formal) chastise; (공식적인 자리에서) condemn, denounce, (formal) censure; (부당하게) knock 그 일에 대해 비난받아야 할 사람은 나다 I am to blame for that.
非難
非难 fēi​nàn​   *非难* | 非难* | *非难 reproof / blame 非難
非
아닐 비,비방할 비 1. 아니다 2. 그르다 3. 나쁘다, 옳지 않다 4. 등지다, 배반하다(背反ㆍ背叛--) 5. 어긋나다 6. 벌하다(罰--) 7. 나무라다, 꾸짖다 8. 비방하다(誹謗--)(=誹) 9. 헐뜯다 10. 아닌가, 아니한가 11. 없다... [부수]非(아닐비) [총획]8획 [난이도]중학용, 읽기 4급II, 쓰기 3급II
非難
비난
남의 잘못이나 흠 따위를 책잡아서 나쁘게 말함
是非
시비
①시(是)와 비(非). 잘잘못 　②옳으니 그르니 하는 말다툼
非理
비리
옳은 이치(理致)에 어그러짐
非常
비상
①예사(例事)롭지 않고 특별(特別)함 　②다급(多急)하고 특별(特別)한 명령(命令)이나 선언(宣言)

難
어려울 난,우거질 나 1. 어렵다 2. 꺼리다 3. 싫어하다 4. 괴롭히다 5. 물리치다 6. 막다 7. 힐난하다 8. 나무라다 9. 삼가다(몸가짐이나 언행을 조심하다) 10. 공경하다(恭敬--), 황공해하다(惶恐---) 11. 근심, 재앙(災殃)... [부수]隹(새추) [총획]19획 [난이도]중학용, 읽기 4급II, 쓰기 3급II
論難
논란
(어떤 문제(問題)에 대(對)해서, 또는 어떤 문제(問題)를) 이러니저러니 옳으니 그르니 하며 시비(是非)를 따져 논(論)하는 것
非難
비난
남의 잘못이나 흠 따위를 책잡아서 나쁘게 말함
困難
곤란
①어떤 일을 하는 입장(立場)ㆍ상황(狀況)ㆍ조건(條件) 등(等)이 좋지 않아 어렵거나 까다로운 상태(狀態) 　②경제적(經濟的)으로 몹시 어렵고 궁핍(窮乏)함
災難
재난
뜻밖에 일어나는 불행(不幸)한 일


-----------------------------------
울분

*****DEFINITION*****
pent-up anger[frustration] 울분을 토하다[터뜨리다] let out one's pent-up anger
鬱憤
鬱 郁 Yù​   *郁* | 郁* | *郁 surname Yu 鬱
  郁 yù​   *郁* | 郁* | *郁 dense (growth) / melancholy 鬱
憤 愤 fèn​   *愤* | 愤* | *愤 indignant / anger / resentment 憤
鬱
답답할 울,울창할 울 1. 답답하다 2. 우울하다(憂鬱--) 3. 울적하다(鬱寂--) 4. 울창하다(鬱蒼--) 5. 우거지다 6. 무성하다(茂盛--) 7. 향기롭다(香氣--) 8. 화려하다(華麗--) 9. 찬란하다(燦爛ㆍ粲爛--) 10. 아름답다 11.... [부수]鬯(울창주창) [총획]29획 [난이도]읽기 2급, 쓰기 1급
抑鬱
억울
①억제(抑制)를 받아 답답함 　②애먼 일을 당해서 원통(寃痛)하여 가슴이 답답함
憂鬱
우울
마음이 어둡고 가슴이 답답한 상태(狀態)
鬱陵島
울릉도
경상북도(慶尙北道) 동쪽 동해(東海) 상(上)에 있는 섬
憂鬱症
우울증
우울(憂鬱)한 증세(症勢)

憤
분할 분 1. 분하다, 원통하다(冤痛--) 2. 성내다, 분노하다(憤怒--) 3. 번민하다(煩悶--), 괴로워하다 4. 어지러워지다, 어지럽히다 5. 힘쓰다, 분발하다(奮發--: 마음과 힘을 다하여 떨쳐 일어나다) 6. 왕성하... [부수]忄(심방변) [총획]15획 [난이도]고등용, 읽기 4급, 쓰기 3급
憤怒
분노
분(憤)하여 성을 냄
公憤
공분
공적(公的)인 일에 대(對)하여 느껴지는 분개심(憤慨心)
憤慨
분개
몹시 분(憤)하게 여김
激憤
격분
몹시 분개(憤慨)함


-----------------------------------
토하다

*****DEFINITION*****
(게우다) vomit, bring up, (informal) throw up, (informal) puke (up), (informal) spew (up) 피를 토하다 vomit[spit; cough up] blood 2개 뜻 더보기 : (게우다) vomit, bring up, (informal) throw up, (informal) puke (up), (informal) spew (up)
吐
吐 tǔ​   *吐* | 吐* | *吐 to spit / to put / to say
吐 tù​   *吐* | 吐* | *吐 to vomit / to throw up HSK 5
吐
토할 토 1. 토하다(吐--), 게우다, 뱉다 2. 털어놓다, 말하다, 펴다 3. 드러내다, 드러내어 보이다 4. 버리다 5. 게운 것, 토한 것, 뱉은 것 6. 게운 음식(飮食) 7. 토, 토시 [부수]口(입구) [총획]6획 [난이도]고등용, 읽기 3급II, 쓰기 2급
吐露
토로
속마음을 죄다 드러내어서 말함
吐含山
토함산
경북(慶北) 경주시(慶州市) 보덕동(普德洞)ㆍ불국동(佛國洞)ㆍ양북면(陽北面)의 경계(境界)에 있는 산(山). 높이 745 m. 경주(慶州) 시역에서 가장 큰 산으로 신라(新羅) 시대(時代)에는 동악(東嶽)이라...
嘔吐
구토
위(胃) 속의 음식물(飮食物)을 토함. 게움
懸吐
현토
한문(漢文)에 토를 다는 일. 한문(漢文)을 읽을 때 구절(句節)과 구절(句節) 사이에 우리말 조사(助詞)나 어미(語尾) 등을 붙여 읽는 방법(方法)


-----------------------------------
거두다

*****DEFINITION*****
(곡식·열매 등을) harvest, gather (in) 곡식을 거두어들이다 harvest crops 5개 뜻 더보기 : (곡식·열매 등을) harvest, gather (in)

-----------------------------------
충고

*****DEFINITION*****
advice, recommendation, (formal) counsel , advise, give (sb) advice (on/about), recommend, (formal) counsel 충고를 듣다 listen to sb's advice
忠告
忠告 zhōng​gào​   *忠告* | 忠告* | *忠告 to give sb a word of advice / advice / counsel / a wise word
忠
충성 충 1. 충성 2. 공평(公平) 3. 정성(精誠) 4. 공변되다(한쪽으로 치우치지 않고 공평하다) 5. 정성스럽다(精誠---) 6. 충성하다(忠誠--) [부수]心(마음심) [총획]8획 [난이도]중학용, 읽기 4급II, 쓰기 3급II
忠誠
충성
①마음에서 우러나는 정성(精誠) 　②나라와 임금 등(等)에게 몸과 마음을 다하여 헌신(獻身)하는 것
忠告
충고
①충심으로 남의 허물을 경계(警戒)함 　②남의 잘못을 고치도록 타이름
忠誠心
충성심
진정(眞情)에서 우러나오는 정성(精誠)스런 마음
忠南
충남
충청남도(忠淸南道)의 준말

告
고할 고,뵙고 청할 곡,국문할 국 1. 고하다(告--), 알리다 2. 아뢰다 3. 발표하다(發表--) 4. 여쭈다, (안부를)묻다 5. 하소연하다, 고발하다(告發--) 6. 가르치다, 깨우쳐 주다 7. 하소연(딱한 사정 따위를 간곡히 호소함) a. 뵙고 청하다(請--)... [부수]口(입구) [총획]7획 [난이도]중학용, 읽기 5급II, 쓰기 4급II
警告
경고
주의(注意)하라고 경계(警戒)하여 알림
廣告
광고
①세상(世上)에 널리 알림 　②영업체(營業體) 또는 상품(商品)의 존재(存在), 효능(效能)을 널리 선전(宣傳)하여 알림 　③자기(自己)의 존재(存在)를 여러 사람에게 널리 알리고 선전(宣傳)함
申告
신고
국민(國民)이 법률(法律) 상(上)의 의무(義務)로서 행정(行政) 관청(官廳)에 일정(一定)한 사실(事實)을 진술(陳述), 보고(報告)하는 일
報告
보고
알리어 바치거나 베풀어 알림. 보고서(報告書)의 준말


-----------------------------------
직성

*****DEFINITION*****
그는 하고 싶은 것을 해야 직성이 풀린다 He always has to do what he wants to do.
直星
直 直 Zhí​   *直* | 直* | *直 surname Zhi / Zhi (c. 2000 BC), fifth of the legendary Flame Emperors 炎帝 descended from Shennong 神農｜神农 Farmer God
  直 zhí​   *直* | 直* | *直 straight / to straighten / fair and reasonable / frank / straightforward / (indicates continuing motion or action) / vertical / vertical downward stroke in Chinese characters HSK 5
星 星 xīng​   *星* | 星* | *星 star / heavenly body / satellite / small amount
直
곧을 직,값 치 1. 곧다, 굳세다 2. 바르다, 옳다 3. 굽지 아니하다 4. 기울지 아니하다 5. 부정(不正)이 없다, 사(私)가 없다 6. 펴다, 곧게 하다 7. 꾸미지 아니하다 8. 온순하다(溫順--) 9. 억울함을 씻다 10. 당하다(當--),... [부수]目(눈목) [총획]8획 [난이도]중학용, 읽기 7급II, 쓰기 6급
直接
직접
중간(中間)에 매개(媒介)나 거리(距離)ㆍ간격(間隔)이 없이 바로 접함
率直
솔직
거짓으로 꾸미거나 숨김이 없이 바르고 곧음
直接的
직접적
직접(直接)으로 하거나 되는 (것)
正直
정직
거짓이나 꾸밈이 없이 성품(性品)이 바르고 곧음

星
별 성 1. 별 2. 별 이름 3. 해, 세월(歲月) 4. 천문, 천체(天體)의 현상(現狀) 5. 점(占) 6. 밤(=夜) 7. 저울의 눈금 8. 순도(純度) 9. 화폐(貨幣)를 세는 단위(單位) 10. 희뜩희뜩하다 11. (비가)개다 [부수]日(날일) [총획]9획 [난이도]중학용, 읽기 4급II, 쓰기 3급II
衛星
위성
①행성(行星)의 인력(引力)에 의(依)하여 그 행성(行星)의 주위(周圍)를 도는 별. 지구(地球)에 대(對)한 달 따위. 달별. 배성(陪星) 　②(물리학(物理學)) 인공위성(人工衛星)의 준말
行星
행성
①해의 둘레를 각자의 궤도(軌道)에 따라서 돌아다니는 별 　②태양(太陽)의 둘레를 공전(公轉)하는 별을 통틀어 이르는 말 　③태양(太陽)에 가까운 것부터 수성(水星)ㆍ금성(金星)ㆍ지구(地球)ㆍ화성...
彗星
혜성
①태양(太陽)을 초점(焦點)으로 긴 꼬리를 끌고 타원(楕圓)이나 포물선(抛物線), 또는 쌍곡선(雙曲線)의 궤도(軌道)를 그리며 운동(運動)하는 천체(天體). 꼬리별, 살별 　②갑자기 나타나 뚜렷하게 뛰어남을...
恒星
항성
①늘 같은 자리에 있는 것처럼 보이는 별 　②천구(天球) 상(上)에서 서로의 위치(位置)를 거의 바꾸지 않고, 자체(自體)의 에너지로 빛을 내는 별 　③성좌(星座)를 이루는 별이나 태양(太陽)ㆍ북극성(北極星)...


-----------------------------------
비록

*****DEFINITION*****
(even) though, although, even if 그 차는 비록 오래되었지만 아직도 잘 달린다 Although the car's old, it still runs well.

-----------------------------------
미숙하다

*****DEFINITION*****
(과실이) (be) unripe, green, immature, (경험이) inexperienced, unskilled, callow, raw, poor, half-fledged 미숙한 자 a greenhorn
未熟
未熟 wèi​shú​   *未熟* | 未熟* | *未熟 unripe
未
아닐 미 1. 아니다, 못하다 2. 아직 ~하지 못하다 3. 아니냐? 못하느냐? 4. 여덟째 지지(地支) 5. 미래(未來), 장차(將次) [부수]木(나무목) [총획]5획 [난이도]중학용, 읽기 4급II, 쓰기 3급II
未洽
미흡
아직 넉넉하지 못함, 흡족(洽足)하지 못함
未來
미래
아직 오지 않은 때
未滿
미만
정(定)한 수효(數爻)나 정도(程度)에 차지 못함
未熟
미숙
①열매가 채 익지 못함 　②음식(飮食) 따위가 덜 익음 　③일에 서툼

熟
익을 숙 1. 익다 2. 여물다 3. 무르익다 4. 익히다 5. 무르게 되다 6. 숙련하다(熟鍊ㆍ熟練--) 7. 익숙하다 8. 정통하다 9. 면밀(綿密)하게 10. 상세히 11. 깊이 12. 곰곰이 13. 익히 14. 정련(精鍊)한 15. 정제(精製)한 [부수]灬(연화발) [총획]15획 [난이도]고등용, 읽기 3급II, 쓰기 2급
成熟
성숙
①초목(草木)의 열매가 충분(充分)히 여묾 　②생물(生物)이 충분(充分)히 발육(發育)이 됨 　③어떤 현상(現象)이 충분(充分)히 발전(發展)하여 무르익은 시기(時機)에 달함
未熟
미숙
①열매가 채 익지 못함 　②음식(飮食) 따위가 덜 익음 　③일에 서툼
未成熟
미성숙
다 익거나 여물지 않음. 익숙하지 못함
熟成
숙성
충분(充分)하게 이루어짐. 물질(物質)을 적당(適當)한 온도(溫度)로 오랜 시간(時間) 버려둘 때 천천히 발효(醱酵)하거나 콜로이드입자(粒子)가 생성(生成)되는 따위의 화학(化學) 변화(變化)


-----------------------------------
팽배하다

*****DEFINITION*****
우리 사회에는 개인주의가 팽배해 있다 Our society is overflowing with individualism.
澎湃
澎湃 péng​pài​   *澎湃* | 澎湃* | *澎湃 to surge
澎
물소리 팽 1. 물소리 2. 물결이 서로 부딪치는 소리 3. 섬 이름. 팽호(澎湖) 4. 물결치다 5. 부풀어 오르다, 팽창하다(膨脹--) [부수]氵(삼수변) [총획]15획 [난이도]읽기 1급, 쓰기 특급
澎湃
팽배
①큰 물결이 서로 부딪쳐 솟구치는 것 　②(기세(氣勢)나 사조(思潮) 따위가) 맹렬(猛烈)한 기세(氣勢)로 일어나는 것
澎融性
팽융성
체적(體積)이 늘면서 녹는 성질(性質)

湃
물결칠 배 1. 물결치다 2. 물결이 이는 모양 3. 물결 소리 [부수]氵(삼수변) [총획]12획 [난이도]읽기 1급, 쓰기 특급
澎湃
팽배
①큰 물결이 서로 부딪쳐 솟구치는 것 　②(기세(氣勢)나 사조(思潮) 따위가) 맹렬(猛烈)한 기세(氣勢)로 일어나는 것


-----------------------------------
