성구

*****DEFINITION*****
(종교) a reading, a lesson, a lection
聖句
聖 圣 shèng​   *圣* | 圣* | *圣 holy / sacred / saint / sage 聖
句 句 gōu​   *句* | 句* | *句 variant of 勾
  句 jù​   *句* | 句* | *句 sentence / clause / phrase / classifier for phrases or lines of verse
聖
성인 성 1. 성인(聖人) 2. 임금, 천자(天子)의 존칭(尊稱) 3. 걸출(傑出)한 인물(人物) 4. 신선(神仙) 5. 슬기, 기술(技術) 6. 맑은 술 7. 거룩하다, 신성하다(神聖--) 8. 성스럽다(聖---), 존엄하다(尊嚴--) 9.... [부수]耳(귀이) [총획]13획 [난이도]중학용, 읽기 4급II, 쓰기 3급II
祝聖婚
축성혼
성(聖)스러운 결혼(結婚)을 축하(祝賀)함. 경조사(慶弔事)의 서식(書式)
聖域
성역
①성인(聖人)의 지위(地位) 　②거룩한 지역(地域)
聖人
성인
사리(事理)에 통달(通達)하고 덕과 지혜(智慧ㆍ知慧)가 뛰어나 길이 길이 우러러 받들어지고 만인(萬人)의 스승이 될 만한 사람을 일컫는 말
聖誕節
성탄절
①크리스마스 　②12월 24일부터 1월1일 또는 6일까지의 성탄(聖誕)을 축하(祝賀)하는 명절(名節)

句
글귀 구,올가미 구,글귀 귀 1. 글귀, 문장(文章)의 단락(段落) 2. 구절(句節) 3. 마디 4. 올가미, 함정(陷穽ㆍ檻穽), 책략(策略) 5. 갈고리 6. (삼각형에서)짧은 변 7. 네모 8. 땅의 이름 9. 굽다, 휘어지다 10. 지우다, 지워 없애다... [부수]口(입구) [총획]5획 [난이도]중학용, 읽기 4급II, 쓰기 3급II
高句麗
고구려
B.C. 37년 북부여(北扶餘)의 주몽(朱蒙) 동명왕(東明王)이 세워 A.D. 668년 28대 보장왕(寶藏王) 27년에 이르러 나(羅)ㆍ당(唐) 연합군(聯合軍)에 망한 삼국(三國) 시대(時代)의 한 나라. 700여 년 동안...
佳句
가구
①잘 지은 글귀(-句) 　②시문(詩文) 따위의 좋은 글귀(-句)
句節
구절
①구(句)와 절(節) 　②말이나 글을 여러 토막으로 나눈 그 각개의 부분(部分)
句讀
구두
단어(單語) 구절(句節)을 점(點)이나 부호(符號) 등(等)으로 표(表)하는 방법(方法)


-----------------------------------
특성

*****DEFINITION*****
characteristic, nature, character, property, quality, (formal) attribute 그는 업무 특성상 외근이 많다 He has a lot of outside duty due to the nature of his job.
特性
特性 tè​xìng​   *特性* | 特性* | *特性 property / characteristic
特
특별할 특,수컷 특 1. 특별하다(特別--) 2. 뛰어나다 3. 달리하다 4. 수컷 5. 수소, 수말 6. 짐승 7. 한 마리의 희생(犧牲) 8. 뛰어난 사람 9. 짝, 배필(配匹) 10. 말발굽 소리 11. 특히, 특별히 12. 일일이, 하나하나 13.... [부수]牛(소우) [총획]10획 [난이도]중학용, 읽기 6급, 쓰기 5급
特別
특별
①보통(普通)과 다름 　②보통(普通)보다 훨씬 뛰어남
特殊
특수
①특별(特別)히 다름. 또는, 그 모양(模樣) 　②일정(一定)한 대상군(對象群)에만 속(屬)하는 것. 곧, 보편(普遍)과 개인(個人), 곧, 개별(個別)에 대(對)하여 특수(特殊)가 되는 것 등(等). 형식(形式)...
特定
특정
①특별(特別)한 지정(指定) 　②특별(特別)히 지정(指定)함
特徵
특징
①다른 것에 비겨서 특별(特別)히 눈에 뜨이는 점 　②벼슬을 시키려고 임금이 특별(特別)히 부름

性
성품 성 1. 성품(性品), 타고난 사람의 천성(天性) 2. 바탕 3. 성질(性質), 사물(事物)의 본질(本質) 4. 생명(生命), 목숨 5. 마음 6. 만유(萬有)의 원인(原因) 7. 성별(性別) 8. 남녀(男女), 자웅(雌雄)의 구별(區別)... [부수]忄(심방변) [총획]8획 [난이도]중학용, 읽기 5급II, 쓰기 4급II
可能性
가능성
①가능(可能)한 성질(性質) 　②완성(完成)될 수 있는 성질(性質) 　③일정(一定)한 조건(條件) 밑에 현실적(現實的)이 될 수 있는 자격(資格)을 갖고 있는 일
柔軟性
유연성
유연(柔軟)한 성질(性質)
性格
성격
①성결 　②언행(言行), 사고(思考) 방식(方式), 몸가짐 등(等) 사람의 정신(精神) 생활(生活)의 모든 면에 나타나는 어느 정도(程度) 지속적(持續的)인, 각 개인(個人)에게 특유(特有)한 감정(感情),...
蓋然性
개연성
①꼭 단정(斷定)할 수는 없으나 대개 그러리라고 생각되는 성질(性質) 　②어떤 일이 일어날 수 있는 가능성(可能性)


-----------------------------------
부당하다

*****DEFINITION*****
[형용사] unfair, unjust, unjustified, unreasonable, wrongful, undeserved 부당한 요구를 하다 make an unreasonable demand
不當
不当 bù​dàng​   *不当* | 不当* | *不当 unsuitable / improper / inappropriate 不當
不
아닐 불,아닐 부 1. 아니다 2. 아니하다 3. 못하다 4. 없다 5. 말라 6. 아니하냐 7. 이르지 아니하다 8. 크다 9. 불통(不通: 과거에서 불합격의 등급) 10. 꽃받침, 꽃자루 a. 아니다 (부) b. 아니하다 (부) c. 못하다 (부)... [부수]一(한일) [총획]4획 [난이도]중학용, 읽기 7급II, 쓰기 6급
不可避
불가피
피할 수 없음
不拘
불구
주로 ＇∼하고＇로 쓰이어, 　＇무엇에 얽매이거나 거리끼지 아니하고＇의 뜻
不動産
부동산
토지(土地)나 집처럼 움직여서 옮길 수가 없는 재산(財産). 민법(民法) 상(上) 토지(土地) 및 건물(建物). 입목(立木)과 같은 토지(土地) 정착물(定着物)
不足
부족
①필요(必要)한 양이나 한계(限界)에 미치지 못하고 모자람. 넉넉하지 못함 　②만족(滿足)하지 않음. 마음에 차지 않음

當
마땅 당 1. 마땅 2. 밑바탕, 바닥 3. 저당(抵當) 4. 갚음, 보수(報酬) 5. 갑자기 6. 이, 그 7. 마땅하다 8. (임무, 책임을)맡다 9. 당하다(當--), 대하다(對--) 10. 주관하다(主管--), 주장하다(主掌--) 11. 필... [부수]田(밭전) [총획]13획 [난이도]중학용, 읽기 5급II, 쓰기 4급II
該當
해당
어떤 조건(條件)에 들어맞음. 꼭 맞음
堪當
감당
일을 능히 맡아서 해냄
當局
당국
①어떤 일을 처리(處理)하는 임무(任務)를 맡고 있음 　②어떤 일을 담당(擔當)함. 또 그곳 　③정무(政務)의 중요(重要)한 자리를 차지하는 기관(機關) 　④어떤 정무(政務)를 맡아보는 관청(官廳), ...
當時
당시
일이 생긴 그때. 그때


-----------------------------------
보복하다

*****DEFINITION*****
[명사] revenge, retaliation (against), reprisal (against), [동사] (formal) avenge (oneself on sb), (formal) revenge oneself on sb, take revenge on sb, pay sb back for sth, get back at sb, retaliate against sb for sth 보복 공격을 가하다 attack sb in revenge (for)
報復
报复 bào​fù​   *报复* | 报复* | *报复 to make reprisals / to retaliate / revenge / retaliation 報復 HSK 6
報
갚을 보,알릴 보 1. 갚다 2. 알리다 3. 대답하다(對答--) 4. 여쭈다 5. 치붙다 6. 재판하다 7. 판가름하다 8. 공초받다(供招--: 죄인이 범죄 사실을 진술하다) 9. 간통하다(姦通--), 간음하다(姦淫--) 10. 나아가다, 급(急)히... [부수]土(흙토) [총획]12획 [난이도]중학용, 읽기 4급II, 쓰기 3급II
報道
보도
①일반(一般)에게 알리는 새로운 소식(消息) 　②새로운 소식(消息)을 일반(一般)에게 알림
情報
정보
①사정(事情)이나 정황(情況)의 보고(報告) 　②전쟁(戰爭) 수행(遂行) 상(上) 필요(必要)한 첩보(諜報)를 수집(蒐集)하여 해석(解釋)ㆍ평가(評價)ㆍ분석(分析)한 적(敵)의 상황(狀況). 또는, 그에 관(關)한...
報告
보고
알리어 바치거나 베풀어 알림. 보고서(報告書)의 준말
弘報
홍보
①널리 알리는 것 　②또는, 그 소식(消息)이나 보도(報道)

復
회복할 복,다시 부 1. 회복하다 2. 돌아가다, 돌아오다 3. 돌려 보내다, 되돌리다 4. 고하다(告--), 초혼하다(招魂--) 5. (은혜나 원한을)갚다 6. 겹치다, 중복되다(重複--) 7. 되풀이하다 8. 채우다, 보충하다(補充--) 9.... [부수]彳(두인변) [총획]12획 [난이도]중학용, 읽기 4급II, 쓰기 3급II
回復
회복
①(일ㆍ건강(健康) 등(等)을) 나빠진 상태(狀態)에서 다시 좋은 상태(狀態)로 되돌리는 것 　②(잃어버리거나 없어진 것을) 다시 되찾거나 원 상태(狀態)로 되돌리는 것
復歸
복귀
본디 상태(狀態)나 자리로 다시 돌아감
反復
반복
한 가지 일을 되풀이함. 되풀이
復活
부활
①한 번 행(行)하여지지 않게 된 것을 다시 한 번 행(行)하여 지도록 하는 것 　②십자가(十字架)에서 세상(世上)을 떠난 예수가 자신(自身)의 예언(豫言)대로 사흘만에 구주(救主) 그리스도로 되살아난...


-----------------------------------
수신인

*****DEFINITION*****
(편지·소포 등의) addressee; (화물 등의) consignee

-----------------------------------
비일비재

*****DEFINITION*****
frequent occurrence, taking place time and again, taking place many times, 비일비재하다 (be) frequent, common 그런 일은 비일비재하다 It is just one of those common things.
非一非再
非 非 Fēi​   *非* | 非* | *非 abbr. for 非洲, Africa
  非 fēi​   *非* | 非* | *非 to not be / not / wrong / incorrect / non- / un- / in- / to reproach or blame / (colloquial) to insist on / simply must HSK 5
一 一 yī​   *一* | 一* | *一 one / 1 / single / a (article) / as soon as / entire / whole / all / throughout / "one" radical in Chinese characters (Kangxi radical 1) / also pr. [yao1] for greater clarity when spelling out numbers digit by digit HSK 1
非 非 Fēi​   *非* | 非* | *非 abbr. for 非洲, Africa
  非 fēi​   *非* | 非* | *非 to not be / not / wrong / incorrect / non- / un- / in- / to reproach or blame / (colloquial) to insist on / simply must HSK 5
再 再 zài​   *再* | 再* | *再 again / once more / re- / second / another / then (after sth, and not until then) HSK 2
非
아닐 비,비방할 비 1. 아니다 2. 그르다 3. 나쁘다, 옳지 않다 4. 등지다, 배반하다(背反ㆍ背叛--) 5. 어긋나다 6. 벌하다(罰--) 7. 나무라다, 꾸짖다 8. 비방하다(誹謗--)(=誹) 9. 헐뜯다 10. 아닌가, 아니한가 11. 없다... [부수]非(아닐비) [총획]8획 [난이도]중학용, 읽기 4급II, 쓰기 3급II
非難
비난
남의 잘못이나 흠 따위를 책잡아서 나쁘게 말함
是非
시비
①시(是)와 비(非). 잘잘못 　②옳으니 그르니 하는 말다툼
非理
비리
옳은 이치(理致)에 어그러짐
非常
비상
①예사(例事)롭지 않고 특별(特別)함 　②다급(多急)하고 특별(特別)한 명령(命令)이나 선언(宣言)

一
한 일 1. 하나, 일 2. 첫째, 첫번째 3. 오로지 4. 온, 전, 모든 5. 하나의, 한결같은 6. 다른, 또 하나의 7. 잠시(暫時), 한번 8. 좀, 약간(若干) 9. 만일(萬一) 10. 혹시(或時) 11. 어느 12. 같다, 동일하다(同一--) [부수]一(한일) [총획]1획 [난이도]중학용, 읽기 8급, 쓰기 6급II
一部
일부
①전체(全體)의 한 부분(部分) 　②한번
一般
일반
①한 모양(模樣) 　②같은 모양(模樣) 　③보통(普通) 　④특별(特別)히 정(定)한 어떤 일부(一部)가 아니라, 전체(全體)에 두루 해당(該當)되는 것
一旦
일단
①한번 　②일조(一朝)　③우선(于先) 잠깐
一定
일정
①하나로 고정(固定)되어 움직이지 않음. 변동(變動)이 없음. 　②어떤 기준(基準)에 의(依)해 범위(範圍)나 방향(方向) 따위가 정(定)해져 있음

非
아닐 비,비방할 비 1. 아니다 2. 그르다 3. 나쁘다, 옳지 않다 4. 등지다, 배반하다(背反ㆍ背叛--) 5. 어긋나다 6. 벌하다(罰--) 7. 나무라다, 꾸짖다 8. 비방하다(誹謗--)(=誹) 9. 헐뜯다 10. 아닌가, 아니한가 11. 없다... [부수]非(아닐비) [총획]8획 [난이도]중학용, 읽기 4급II, 쓰기 3급II
非難
비난
남의 잘못이나 흠 따위를 책잡아서 나쁘게 말함
是非
시비
①시(是)와 비(非). 잘잘못 　②옳으니 그르니 하는 말다툼
非理
비리
옳은 이치(理致)에 어그러짐
非常
비상
①예사(例事)롭지 않고 특별(特別)함 　②다급(多急)하고 특별(特別)한 명령(命令)이나 선언(宣言)

再
두 재 1. 두, 두 번 2. 재차, 거듭, 다시 한 번 3. 두 번 하다, 거듭하다 [부수]冂(멀경몸) [총획]6획 [난이도]중학용, 읽기 5급, 쓰기 4급
再檢討
재검토
한 번 검토(檢討)한 것을 다시 검토(檢討)함
再開
재개
①다시 엶 　②다시 시작(始作)함
再建築
재건축
무너질 위험(危險)이 있거나 일정(一定)한 연한을 넘긴 공동(共同) 주택(住宅)을 허물고 다시 지음
再建
재건
①무너진 것을 다시 일으켜 세움 　②단체(團體)나 모임 등(等)을 다시 조직(組織)함


-----------------------------------
소심하다

*****DEFINITION*****
timid 소심한 사람 a timid person
小心
小心 xiǎo​xīn​   *小心* | 小心* | *小心 to be careful / to take care HSK 3
小
작을 소 1. 작다 2. 적다 3. 협소하다(狹小--), 좁다 4. 적다고 여기다, 가볍게 여기다 5. 삼가다(몸가짐이나 언행을 조심하다), 주의하다(注意--) 6. 어리다, 젊다 7. (시간상으로)짧다 8. (지위가)낮다 9. 소인(小人)... [부수]小(작을소) [총획]3획 [난이도]중학용, 읽기 8급, 쓰기 6급II
縮小
축소
①줄여서 작아짐 　②또는, 작게 함
小滿
소만
24절기(節氣)의 하나. 만물(萬物)이 점차 성장(成長)하여 가득찬다는 의미(意味)
小暑
소서
24절기(節氣)의 열한 번째. 7월 7일 경(頃)으로, 하지(夏至)와 대서(大暑) 사이에 있음
小寒
소한
24절기(節氣)의 하나. 1월 6일 경(頃)으로, 동지(冬至)와 대한(大寒) 사이에 있음. 연중(年中) 가장 추운 때임

心
마음 심 1. 마음, 뜻, 의지(意志) 2. 생각 3. 염통, 심장(心臟) 4. 가슴 5. 근본(根本), 본성(本性) 6. 가운데, 중앙(中央), 중심(中心) 7. 도(道)의 본원(本源) 8. 꽃술, 꽃수염 9. 별자리 이름 10. 진수(眞修:... [부수]心(마음심) [총획]4획 [난이도]중학용, 읽기 7급, 쓰기 6급
核心
핵심
사물(事物)의 중심(中心)이 되는 중요(重要)한 부분(部分)
關心
관심
어떤 일이나 대상(對象)에 흥미(興味)를 가지고 마음을 쓰거나 알고 싶어하는 상태(狀態)
疑心
의심
①마음에 미심(未審)하게 여기는 생각 　②믿지 못하는 모양(模樣)
疑懼心
의구심
의심(疑心)하고 두려워하는 마음


-----------------------------------
예외

*****DEFINITION*****
exception 날씨가 계속 춥더니 오늘도 예외는 아니다 It's been cold recently, and today's no exception.
例外
例外 lì​wài​   *例外* | 例外* | *例外 exception / to be an exception HSK 6
例
법식 례,법식 예 1. 법식(法式) 2. 규칙(規則), 규정(規定) 3. 조목(條目) 4. 본보기 5. 예(例), 보기 6. 관례(慣例), 전례(前例), 선례(先例) 7. 전고(典故: 옛 사실) 8. 인증(引證: 인용하여 증거로 삼다) 9. 비류(比類:... [부수]亻(사람인변) [총획]8획 [난이도]중학용, 읽기 6급, 쓰기 5급
次例
차례
①순서(順序) 있게 벌여 나가는 관계(關係)나 그 관계(關係)에서 본 하나 　②여럿을 각각(各各) 선후(先後)로 구분(區分)하여 벌인 것. 또는, 그 구분(區分)에 따라 각각(各各)에게 돌아오는 기회(機會)...
事例
사례
①일의 전례(前例) 　②일의 실례(實例)
類例
유례
같은 사례(事例), 비슷한 전례(前例)
條例
조례
①조목(條目)을 적은 규례(規例) 　②지방자치단체(地方自治團體)의 자주법(自主法). 지방자치단체(地方自治團體)는 그 행(行)하는 고유 사무(固有事務)와 위임(委任) 사무(事務)에 관(關)하여 법령(法令)에...

外
바깥 외 1. 바깥, 밖 2. 겉, 표면(表面) 3. 남, 타인(他人) 4. 외국(外國) 5. 외가(外家), 어머니나 아내의 친척 6. 사랑, 바깥채 7. 타향(他鄕), 남의 집 8. 언행(言行), 용모(容貌) 9. 앞, 이전(以前) 10. 민간(民間),... [부수]夕(저녁석) [총획]5획 [난이도]중학용, 읽기 8급, 쓰기 6급II
除外
제외
범위(範圍) 밖에 두어 빼어 놓음
海外
해외
＇바다 밖의 다른 나라＇라는 뜻으로 ＇외국(外國)＇을 일컫는 말
外交
외교
①일을 하기 위(爲)하여 밖의 사람과 교제(交際)함 　②제 나라의 대외(對外) 정책(政策)을 실현(實現)하고, 나라 사이에 생기는 일을 처리(處理)하기 위(爲)하여 다른 나라와 하는 교제(交際)
外換
외환
☞ 외국환(外國換)


-----------------------------------
포용하다 

*****DEFINITION*****
[명사] magnanimity, tolerance , [동사] tolerate, (formal) embrace 대북 포용 정책 the engagement policy towards North Korea
包容
包容 bāo​róng​   *包容* | 包容* | *包容 to pardon / to forgive / to show tolerance / to contain / to hold / inclusive
包
쌀 포,꾸러미 포 1. 싸다 2. 감싸다 3. 용납하다(容納--) 4. 너그럽게 받아들이다 5. 아우르다, 함께 넣다 6. 아이를 배다 7. 더부룩하게 나다 8. 초목(草木)이 무성하다(茂盛--) 9. 꾸러미 10. 보따리 11. 푸줏간 12.... [부수]勹(쌀포몸) [총획]5획 [난이도]고등용, 읽기 4급II, 쓰기 3급II
包含
포함
①속에 싸이어 있음 　②함유(含有)함 　③어떤 사물(事物)이나 현상(現象) 가운데 함께 들어 있거나 함께 넣음
包裝
포장
물건(物件)을 싸서 꾸림
包括的
포괄적
포괄(包括)하는 상태(狀態)이거나 그러한 성질(性質)이 있는 모양(模樣)
包容
포용
①휩싸서 들임 　②도량(度量)이 넓어서, 남의 잘못을 이해(理解)하여 싸덮어 줌

容
얼굴 용 1. 얼굴 2. 모양, 용모(容貌) 3. 몸가짐 4. 용량 5. 속내, 속에 든 것 6. 나부끼는 모양 7. 어찌 8. 혹(或), 혹은(或-: 그렇지 아니하면) 9. 담다, 그릇 안에 넣다 10. 용납하다(容納--) 11. 받아들이다... [부수]宀(갓머리) [총획]10획 [난이도]중학용, 읽기 4급II, 쓰기 3급II
內容
내용
①사물(事物)의 속내나 실속(實-) 　②형식(形式)에 의(依)해서 동일체(同一體)에 결합(結合)되는 여러 가지 실질(實質), 본질(本質), 의의(意義)
受容
수용
(남의 문물(文物)이나 의견(意見) 등(等)을) 인정(認定)하거나 용납(容納)하여 받아들이는 것
許容
허용
허락(許諾)하여 받아들임
容恕
용서
①관용(寬容)을 베풀어 벌(罰)하지 않음 　②꾸짖지 아니함 　③놓아 줌


-----------------------------------
