대인

*****DEFINITION*****
그는 대인 관계가 원만하지 않다 His personal relationships are not good.
對人
對 对 duì​   *对* | 对* | *对 right / correct / couple / pair / towards / at / for / to face / opposite / to treat (sb a certain way) / to match together / to adjust / to fit / to suit / to answer / to reply / classifier: couple 對 HSK 2
人 人 rén​   *人* | 人* | *人 man / person / people / CL: 個｜个, 位 HSK 1
對
대할 대 1. 대하다(對--), 마주하다 2. 대답하다(對答--) 3. 대조하다(對照--), 맞추어 보다 4. 상대, 맞수 5. 짝, 배우자(配偶者) 6. 대구(對句) 7. 벌(옷을 세는 단위) 8. 쌍(두 짝으로 이루어 진 것의 단위)... [부수]寸(마디촌) [총획]14획 [난이도]중학용, 읽기 6급II, 쓰기 5급II
對策
대책
①어떤 사건(事件) 또는 시국(時局)에 대(對)한 방책(方策) 　②상대방(相對方)의 태도(態度)나 술책(術策)에 응(應)하는 방책(方策) 　③귀현(貴顯)한 사람의 순문(詢問)에 대답(對答)하는 책문(策文)
對象
대상
사람이 어떤 행위(行爲)를 할 때, 그 목적(目的)이 되는 사물(事物)이나 상대(相對)가 되는 사람
對應
대응
①마주 대함 　②상대(相對)함 　③서로 같음. 상등(相等)함 　④상대(相對)에 응(應)하여 수작함 　⑤합동(合同)되는 도형(圖形)의 서로 같은 점ㆍ변ㆍ면 또는 대칭(對稱)되는 두 도형(圖形)에서 서로...
反對
반대
①두 사물(事物)이 맞서 있는 상태(狀態) 　②무엇에 맞서서 거스름 　③사물(事物)의 위치(位置)ㆍ방향(方向)ㆍ순서(順序) 따위가 정상(正常)이 아니고 거꾸로 됨, 또는 그러한 상태(狀態) 　④어떤 ...

人
사람 인 1. 사람, 인간(人間) 2. 다른 사람, 타인(他人), 남 3. 딴 사람 4. 그 사람 5. 남자(男子) 6. 어른, 성인(成人) 7. 백성(百姓) 8. 인격(人格) 9. 낯, 체면(體面), 명예(名譽) 10. 사람의 품성(稟性), 사람됨... [부수]人(사람인) [총획]2획 [난이도]중학용, 읽기 8급, 쓰기 6급II
個人
개인
①국가(國家)나 사회(社會)에 대(對)하여 이를 구성(構成)하는 하나하나의 사람 　②한 사람 한 사람 　③각자
人物
인물
①사람 　②뛰어난 사람. 인재(人材) 　③사람의 얼굴 모양(模樣) 　④사람의 됨됨이. 인품(人品)
人事
인사
①안부(安否)를 묻거나 공경(恭敬)의 뜻을 표(表)하는 일 　②받은 은혜(恩惠)에 대(對)하여 갚거나 치하(致賀)하는 일 　③서로 알지 못하던 사람끼리 성명(姓名)을 통(通)하여 자기(自己)를 소개(紹介)하는...
人權
인권
사람으로서의 권리(權利)


-----------------------------------
권계하다

*****DEFINITION*****
권계하다 admonish, exhort, warn, remonstrate (with)
勸戒
劝戒 quàn​jiè​   *劝戒* | 劝戒* | *劝戒 variant of 勸誡｜劝诫 勸戒
勸
권할 권 1. 권하다(勸--) 2. 권장하다(勸奬--) 3. 가르치다 4. 힘쓰다 5. 따르다 6. 인도하다(引導--) 7. 애써 일하다 8. 좋아하다 9. 즐기다 10. 싫어지다 11. 싫증이 나다 12. 권고(勸告) 13. 권면(勸勉: 권하고... [부수]力(힘력) [총획]20획 [난이도]중학용, 읽기 4급, 쓰기 3급
勸奬
권장
권하여서 장려(奬勵)함
勸告
권고
①하도록 권(勸)하여 말함 　②타일러 권(勸)함 　③또는 그 말
勸誘
권유
상대편(相對便)이 어떤 일을 하도록 권(勸)함
奬勸
장권
장려(奬勵)하여 권(勸)함

戒
경계할 계 1. 경계하다(警戒--), 막아 지키다, 경비하다(警備--) 2. 조심하고 주의하다, 삼가다(몸가짐이나 언행을 조심하다) 3. 타이르다, 알리다 4. 이르다, 분부하다(分付ㆍ吩咐--) 5. 재계하다(齋戒--: 몸과... [부수]戈(창과) [총획]7획 [난이도]고등용, 읽기 4급, 쓰기 3급
警戒
경계
①잘못되는 일이 일어나지 않도록 미리 조심하는 것 　②잘못이 없도록 타일러 주의(注意)시키는 것
懲戒
징계
①자기(自己) 스스로 과거(過去)에 당(當)한 일을 돌아보고 뉘우치고 경계(警戒)함. 허물이나 잘못을 뉘우치도록 나무람 　②남을 장례(葬禮)에 삼가도록 하기 위(爲)하여 제재(制裁)를 가함
訓戒
훈계
타일러서 경계(警戒)함
警戒心
경계심
경계(警戒)하여 조심하는 마음


-----------------------------------
격려하다

*****DEFINITION*****
(군사) pat on the back

-----------------------------------
