국면

*****DEFINITION*****
situation, conditions, state 파업이 새로운 국면으로 접어들었다 The strike has entered new conditions.
局面
局面 jú​miàn​   *局面* | 局面* | *局面 aspect / phase / situation HSK 6
局
판 국 1. 판(장기ㆍ바둑) 2. 마을, 관청(官廳) 3. 방, 구분(區分), 구획(區劃) 4. 재간(才幹), 재능(才能) 5. 당면(當面)한 사태(事態) 6. 모임, 회합(會合) 7. 도량(度量) 8. 사물(事物)의 끝 9. 웃는 모양... [부수]尸(주검시엄) [총획]7획 [난이도]고등용, 읽기 5급II, 쓰기 4급II
結局
결국
①일의 끝장 혹은 일의 귀결(歸結)되는 마당을 뜻함 　②(부사(副詞)로 쓰이어)끝장에 이르러서
當局
당국
①어떤 일을 처리(處理)하는 임무(任務)를 맡고 있음 　②어떤 일을 담당(擔當)함. 또 그곳 　③정무(政務)의 중요(重要)한 자리를 차지하는 기관(機關) 　④어떤 정무(政務)를 맡아보는 관청(官廳), ...
局面
국면
①일이 되어 나가는 상태(狀態) 또는 그 장면(場面) 　②승패(勝敗)를 겨루기 위(爲)한 바둑, 장기판(將棋板)의 형세(形勢)
當局者
당국자
그 일을 맡아보는 자리에 있는 사람

面
낯 면,밀가루 면 1. 낯, 얼굴 2. 표정(表情), 얼굴빛 3. 모양, 모습 4. 겉, 표면 5. 겉치레 6. 탈, 가면(假面) 7. 앞, 면전 8. 방면(方面), 쪽 9. 평면 10. 면(행정 구역 단위) 11. 면(물건의 세는 단위) 12. 밀가루 13.... [부수]面(낯면) [총획]9획 [난이도]중학용, 읽기 7급, 쓰기 6급
側面
측면
①물체(物體)의 상하(上下)ㆍ전후(前後) 이외(以外)의 좌우(左右)의 면 　②각기둥의 위아래 면이나 각뿔의 밑면 이외(以外)의 면 　③正面(정면)이 아닌 방면(方面). 옆면
反面
반면
①어떠한 사실(事實)과 반대(反對)되거나 다른 방면(方面) 　②어디를 다녀와서 어버이를 뵘
局面
국면
①일이 되어 나가는 상태(狀態) 또는 그 장면(場面) 　②승패(勝敗)를 겨루기 위(爲)한 바둑, 장기판(將棋板)의 형세(形勢)
面接
면접
①얼굴을 마주 대함 　②직접(直接) 만남 　③＇면접시험(試驗)＇의 준말


-----------------------------------
여정

*****DEFINITION*****
(여행의 일정) itinerary, plan[schedule] for one's trip 1박 2일의 짧은 여정을 마치다 complete a short overnight itinerary
旅程
旅程 lǚ​chéng​   *旅程* | 旅程* | *旅程 journey / trip
旅
나그네 려,나그네 여 1. 나그네 2. 군대(軍隊) 3. 군대(軍隊) 편제(編制) 단위(單位) 4. 무리(모여서 뭉친 한 동아리), 군중(群衆) 5. 자제(子弟) 6. 척추(脊椎), 등뼈 7. 길, 도로(道路) 8. 괘(卦)의 이름 9. 땅의 이름 10.... [부수]方(모방) [총획]10획 [난이도]중학용, 읽기 5급II, 쓰기 4급II
旅行
여행
①자기(自己)의 거주지(居住地)를 떠나 객지(客地)에 나다니는 일 　②다른 고장이나 다른 나라에 가는 일
旅團
여단
몇 개의 독립(獨立) 대대(大隊)로 편성(編成)되는 군대(軍隊)의 편제(編制) 단위(單位). 사단(師團)보다 규모(規模)가 작고, 보통(普通) 2개 연대(聯隊)로 이루어짐
旅券
여권
외국(外國)에 여행(旅行)하는 것을 승인(承認)하는 증서(證書). 여행자(旅行者)의 신분(身分)과 국적(國籍)을 증명(證明)하고, 여행(旅行)하는 나라에 대(對)하여 그 사람을 보호(保護)해 줄 것까지 의...
軍旅
군려
①군대(軍隊)의 수 　②또는 군세(軍勢)

程
한도 정,길 정 1. 한도(限度) 2. 길 3. 단위(單位) 4. 법칙(法則) 5. 규정(規定) 6. 법(法) 7. 계량기(計量器) 8. 일정(一定)한 분량(分量) 9. 표준(標準) 10. 가늠하다 11. 벼르다 12. 보이다 13. 헤아리다 [부수]禾(벼화) [총획]12획 [난이도]고등용, 읽기 4급II, 쓰기 3급II
程度
정도
①알맞은 한도(限度). 정한(定限) 　②얼마 가량의 분량(分量) 　③다른 것과 비교(比較)해서 우열(優劣)의 어떠함
過程
과정
일이 되어 가는 경로(經路)
日程
일정
①그 날에 할 일 　②또는, 그 분량(分量), 순서(順序) 　③그 날의 동정(動靜) 　④의회(議會) 등(等)에 있어서 그 날 그날 심의(審議)할 의사(議事)나 그 순서(順序)
課程
과정
①과업(課業)의 정도(程度) 　②학교(學校) 등(等)에서 어느 일정(一定) 기간(期間) 중(中)에 할당(割當)된 학습(學習)ㆍ작업(作業)의 범위(範圍) 　③특(特)히 대학(大學) 등(等)에서 교수(敎授)ㆍ연구(硏究)를...


-----------------------------------
부제

*****DEFINITION*****
subtitle 그 책은 '건설적인 비평에 관한 논문'이라는 부제가 붙어 있다 The book is subtitled "An Essay on Constructive Criticism."
副題
副 副 fù​   *副* | 副* | *副 secondary / auxiliary / deputy / assistant / vice- / abbr. for 副詞｜副词 adverb / classifier for pairs, sets of things & facial expressions HSK 6
題 题 Tí​   *题* | 题* | *题 surname Ti 題
  题 tí​   *题* | 题* | *题 topic / problem for discussion / exam question / subject / to inscribe / to mention / CL: 個｜个, 道 題 HSK 2
副
버금 부,쪼갤 복,쪼갤 핍 1. 버금 2. 다음 3. 둘째 4. 부본(副本: 원본을 베낀 것) 5. 도움 6. 머리꾸미개 7. 머리를 땋아 꾸민 꾸밈 8. 돕다, 보좌하다(補佐ㆍ輔佐--) 9. 곁따르다, 옆에서 시중들다 10. 합당하다(合當--), 알맞다... [부수]刂(선칼도방) [총획]11획 [난이도]고등용, 읽기 4급II, 쓰기 3급II
副作用
부작용
①약이 지닌 그 본래(本來)의 작용(作用) 이외(以外)에 부수되어 일어나는 작용(作用). 보통(普通) 유해(有害)한 것을 이름 　②어떤 일에 부수되어 일어나는 바람직하지 못한 일
副總理
부총리
국무총리(國務總理)가 특별(特別)히 위임(委任)하는 사무(事務)를 처리(處理)하며, 국무총리(國務總理)의 유고시에 대리(代理)하는 국무위원(國務委員). 2008년 2월 정부 조직 개편(改編) 때 폐지(廢止)되었음
副會長
부회장
회장(會長)을 도우며 회장(會長)이 그 직무(職務)를 볼 수 없을 때 그를 대리(代理)하는 직위(職位). 그 사람
副應
부응
무엇에 쫓아서 응(應)함

題
제목 제 1. 제목(題目) 2. 머리말 3. 물음 4. 이마(앞머리) 5. 품평(品評) 6. 적다 7. 글을 쓰다 8. 값을 매기다 [부수]頁(머리혈) [총획]18획 [난이도]중학용, 읽기 6급II, 쓰기 5급II
問題
문제
①대답(對答), 해답(解答) 따위를 얻으려고 낸 물음 　②의논(議論)의 목적물(目的物)이 되거나 해결(解決)을 요하는 일 　③이야기거리로 되어 있는 일. 말썽
課題
과제
①부과(賦課)된 제목(題目)이나 문제(問題) 　②주어진 문제(問題)나 임무(任務)
宿題
숙제
①복습(復習)이나 예습(豫習)을 위(爲)하여 집에서 지어 오게 하거나 풀어 오게 하는 문제(問題) 　②두고 생각하여 보거나 해결(解決)해야 할 문제(問題)
問題點
문제점
문제(問題)가 되는 점(點)


-----------------------------------
대별

*****DEFINITION*****
a general[broad] classification, 대별하다 classify[divide] roughly[broadly] (into) , make a general classification (of) 세 그룹으로 대별하다 divide broadly into three groups
大別
大 大 dà​   *大* | 大* | *大 big / huge / large / major / great / wide / deep / older (than) / oldest / eldest / greatly / very much / (dialect) father / father's elder or younger brother HSK 1
  大 dài​   *大* | 大* | *大 see 大夫
別 别 Bié​   *别* | 别* | *别 surname Bie 別
  别 bié​   *别* | 别* | *别 to leave / to depart / to separate / to distinguish / to classify / other / another / don't ...! / to pin / to stick (sth) in 別 HSK 2
大
클 대,큰 대,클 태,클 다 1. 크다, 심하다(甚--: 정도가 지나치다) 2. 높다, 존귀하다(尊貴--) 3. 훌륭하다, 뛰어나다 4. 자랑하다, 뽐내다, 교만하다(驕慢--) 5. 많다, 수효(數爻)가 많다 6. 중(重)히 여기다, 중요시하다(重要視--)... [부수]大(큰대) [총획]3획 [난이도]중학용, 읽기 8급, 쓰기 6급II
大統領
대통령
공화국(共和國)의 원수(元首). 국민(國民)에 의(依)하여 직접(直接) 선출(選出)되거나, 국회(國會) 또는 기타 기관(機關)에 의(依)하여 간접(間接)으로 선출(選出)됨. 일정(一定)한 임기(任期) 동안 그...
擴大
확대
①모양이나 규모(規模) 따위를 늘이어서 크게 함 　②크게 넓힘
廓大
확대
넓혀서 크게 함
大學
대학
①국가(國家)와 인류(人類) 사회(社會) 발전(發展)에 필요(必要)한 학술(學術)의 심오(深奧)한 이론(理論)과 그 광범(廣範)하고 정치(精緻)한 응용(應用) 방법(方法)을 교수(敎授) 연구(硏究)하며 지도적(指導的)...

別
나눌 별,다를 별 1. 나누다 2. 몇 부분(部分)으로 가르다 3. 헤어지다 4. 따로 떨어지다 5. 떠나다 6. 다르다 7. 틀리다 8. 갈래, 계통(系統) 9. 구별(區別) 10. 차별(差別) 11. 이별, 헤어짐 12. 따로 달리 13. 특히 [부수]刂(선칼도방) [총획]7획 [난이도]중학용, 읽기 6급, 쓰기 5급
特別
특별
①보통(普通)과 다름 　②보통(普通)보다 훨씬 뛰어남
別途
별도
①딴 방면(方面)이나 방도. 딴 용도(用途) 　②한 종파(宗派)에만 통(通)하는 교리(敎理)
差別
차별
①차등이 있게 구별(區別)함 　②등급(等級)이 지게 나누어 가름
特別市
특별시
①지방자치단체(地方自治團體)의 하나. 도(道)와 동일(同一)한 것으로서, 보통(普通)의 시(市)가 도(道)의 감독(監督)을 받는 데 대(對)하여 특별시(特別市)는 직접(直接)으로 중앙(中央)의 감독(監督)을...


-----------------------------------
