심리

*****DEFINITION*****
(마음의 움직임, 의식 상태) psychology, mentality 나는 그녀의 심리를 이해할 수가 없다 I can't understand the mentality of her.
心理
心理 xīn​lǐ​   *心理* | 心理* | *心理 mental / psychological HSK 5
心
마음 심 1. 마음, 뜻, 의지(意志) 2. 생각 3. 염통, 심장(心臟) 4. 가슴 5. 근본(根本), 본성(本性) 6. 가운데, 중앙(中央), 중심(中心) 7. 도(道)의 본원(本源) 8. 꽃술, 꽃수염 9. 별자리 이름 10. 진수(眞修:... [부수]心(마음심) [총획]4획 [난이도]중학용, 읽기 7급, 쓰기 6급
核心
핵심
사물(事物)의 중심(中心)이 되는 중요(重要)한 부분(部分)
關心
관심
어떤 일이나 대상(對象)에 흥미(興味)를 가지고 마음을 쓰거나 알고 싶어하는 상태(狀態)
疑心
의심
①마음에 미심(未審)하게 여기는 생각 　②믿지 못하는 모양(模樣)
疑懼心
의구심
의심(疑心)하고 두려워하는 마음

理
다스릴 리,다스릴 이 1. 다스리다 2. 다스려지다 3. 깁다(떨어지거나 해어진 곳을 꿰매다) 4. 수선하다(修繕--) 5. 깨닫다 6. 의뢰하다(依賴--) 7. 사리 8. 도리(道理) 9. 이치(理致) 10. 매개(媒介) 11. 거동(擧動) 12. 나무결... [부수]王(구슬옥변) [총획]11획 [난이도]중학용, 읽기 6급II, 쓰기 5급II
理由
이유
①까닭, 사유(事由), 내력(來歷) 　②넓은 뜻으로는 존재(存在)의 기초(基礎), 또는 진리(眞理)라고 할 수 있는 조건(條件) 　③좁은 뜻으로는 추리(推理) 상(上)의 결론(結論), 또는 귀결(歸結)의 전제(前提)가...
管理
관리
①사람을 통제(統制)하고 지휘(指揮) 감독(監督)하는 것 　②시설(施設)이나 물건(物件)의 유지(維持)ㆍ개량(改良) 따위를 꾀하는 것 　③일을 맡아 처리(處理)하는 것 　④건전(健全)한 심신(心身)의...
處理
처리
①일을 다스려 치러 감 　②사건(事件) 또는 사무(事務)를 갈무리하여 끝장을 냄
總理
총리
①전체(全體)를 모두 관리(管理)함 　②또는, 그 직책(職責)


-----------------------------------
융의

*****DEFINITION*****
융의 철학

-----------------------------------
이론

*****DEFINITION*****
theory 그것은 논쟁의 여지가 있는 이론이다 It is a controversial theory.
理論
理论 lǐ​lùn​   *理论* | 理论* | *理论 theory / CL: 個｜个 / to argue / to take notice of 理論 HSK 5
理
다스릴 이,다스릴 리 1. 다스리다 2. 다스려지다 3. 깁다(떨어지거나 해어진 곳을 꿰매다) 4. 수선하다(修繕--) 5. 깨닫다 6. 의뢰하다(依賴--) 7. 도리(道理) 8. 이치(理致) 9. 사리 10. 나무결 11. 잔금 12. 학문(學問)ㆍ... [부수]王(구슬옥변) [총획]11획 [난이도]중학용, 읽기 6급II, 쓰기 5급II
理由
이유
①까닭, 사유(事由), 내력(來歷) 　②넓은 뜻으로는 존재(存在)의 기초(基礎), 또는 진리(眞理)라고 할 수 있는 조건(條件) 　③좁은 뜻으로는 추리(推理) 상(上)의 결론(結論), 또는 귀결(歸結)의 전제(前提)가...
管理
관리
①사람을 통제(統制)하고 지휘(指揮) 감독(監督)하는 것 　②시설(施設)이나 물건(物件)의 유지(維持)ㆍ개량(改良) 따위를 꾀하는 것 　③일을 맡아 처리(處理)하는 것 　④건전(健全)한 심신(心身)의...
處理
처리
①일을 다스려 치러 감 　②사건(事件) 또는 사무(事務)를 갈무리하여 끝장을 냄
總理
총리
①전체(全體)를 모두 관리(管理)함 　②또는, 그 직책(職責)

論
논할 론,논할 논,조리 륜,조리 윤 1. 논(論)하다, 논의하다 2. 서술하다(敍述--) 3. 말하다 4. 언급하다(言及--) 5. 따지다 6. 문제(問題) 삼다 7. 문제시하다(問題視--) 8. 토론하다(討論--) 9. 중시하다(重視--) 10. 평가하여 결정하다(決定--)... [부수]言(말씀언) [총획]15획 [난이도]중학용, 읽기 4급II, 쓰기 3급II
論難
논란
(어떤 문제(問題)에 대(對)해서, 또는 어떤 문제(問題)를) 이러니저러니 옳으니 그르니 하며 시비(是非)를 따져 논(論)하는 것
輿論
여론
사회(社會)의 어떠한 현상(現象)이나 정치적(政治的) 문제(問題) 등(等)에 대(對)하여 국민(國民)들이 나타내는 공통(共通)된 의견(意見)
勿論
물론
말할 것도 없음
論議
논의
①서로 의견(意見)을 논술(論述)하여 토의(討議)함 　②의논(議論)


-----------------------------------
구조

*****DEFINITION*****
structure, constitution, organization 인간의 뇌 구조를 연구하다 study the structure of the human brain
構造
构造 gòu​zào​   *构造* | 构造* | *构造 structure / composition / tectonic (geology) / CL: 個｜个 構造
構
얽을 구,닥나무 구 1. 얽다 2. (생각을)얽어 짜내다 3. (거짓을)꾸며대다 4. 음해하다(陰害--: 음흉한 방법으로 남에게 해를 가하다) 5. 이간하다(離間--: 헐뜯어 서로 멀어지게 하다) 6. 맺다 7. 집을 짓다 8. 이루다 9.... [부수]木(나무목) [총획]14획 [난이도]고등용, 읽기 4급, 쓰기 3급
構造
구조
①꾸밈새 　②꾸며 만듦　③각 부분(部分)이나 요소(要素)들을 모아 어떤 전체(全體)를 짜 이룸
構成
구성
①여러 부분(部分)이나 요소(要素)들을 모아서 일정(一定)한 전체(全體)를 짜 이룸 　②여러 부분(部分)이나 요소(要素)들을 모아서 짜 이룬 일정(一定)한 전체(全體)
構築
구축
①쌓아 올려 만듦 　②(어떤 일의) 바탕을 닦아 이루거나 마련함
機構
기구
①얽어 잡은 구조(構造) 　②기계(機械) 내부(內部)의 구조(構造) 　③하나의 조직(組織)을 이루고 있는 구조적(構造的)인 체계(體系)

造
지을 조 1. 짓다 2. 만들다 3. 이루다 4. 성취하다(成就--) 5. 이룩하다 6. 양성하다(養成--) 7. 배양하다(培養--) 8. 기르다 9. 넣다 10. 조작하다 11. 가짜로 꾸미다 12. 날조하다(捏造--) 13. 시작하다(始作--)... [부수]辶(책받침) [총획]11획 [난이도]중학용, 읽기 4급II, 쓰기 3급II
構造
구조
①꾸밈새 　②꾸며 만듦　③각 부분(部分)이나 요소(要素)들을 모아 어떤 전체(全體)를 짜 이룸
造成
조성
①(단지ㆍ삼림(森林)ㆍ택지(宅地)ㆍ녹지 따위를) 인공적(人工的)ㆍ인위적(人爲的)으로 이루어 만드는 것 　②(분위기(雰圍氣)ㆍ상황(狀況) 따위를) 생겨나게 만드는 것
製造
제조
①큰 규모(規模)로 물건(物件)을 만듦 　②원료(原料)에 인공(人工)을 가(加)하여 정교품(精巧品)을 만듦
構造調整
구조조정
기업(企業)이나 산업(産業)의 구조적(構造的)인 불합리(不合理)한 점(點)을 해결(解決)하거나 조정(調整)하는 일


-----------------------------------
자아

*****DEFINITION*****
ego, self, the conscious "I" 초자아 superego
自我
自我 zì​wǒ​   *自我* | 自我* | *自我 self- / ego (psychology)
自
스스로 자 1. 스스로, 몸소, 자기(自己) 2. 저절로, 자연히(自然-) 3. ~서부터 4. 써 5. 진실로(眞實-) 6. 본연(本然) 7. 처음, 시초(始初) 8. 출처(出處) 9. 코(=비(鼻)의 고자(古字)) 10. 말미암다, ~부터 하다... [부수]自(스스로자) [총획]6획 [난이도]중학용, 읽기 7급II, 쓰기 6급
自身
자신
①제 몸 　②딴 말에 붙어서 딴 어떤 것도 아니고 그 스스로임을 강조(强調)할 때 쓰는 말
自由
자유
①남의 구속(拘束)을 받지 않고, 자기(自己) 마음대로 함 　②자기(自己)가 뜻하는 대로 함. 마음내키는 대로 함 　③법률(法律)의 범위(範圍) 안에서 마음대로 하는 행위(行爲). 권리(權利), 의무(義務)를...
自體
자체
①제 몸 　②그 자신(自身) 　③사물(事物)의 본새
自然
자연
①저절로 그렇게 되는 모양(模樣). 사람의 힘을 더하지 않는 천연(天然) 그대로의 상태(狀態) 　②조화(調和)의 힘에 의(依)하여 이루어진 일체(一切)의 것

我
나 아 1. 나 2. 우리 3. 외고집(-固執: 자기의 생각을 굽히지 아니하는 일) 4. 나의 5. 아집을 부리다 6. 굶주리다 [부수]戈(창과) [총획]7획 [난이도]중학용, 읽기 3급II, 쓰기 2급
我執
아집
①소아(小我)에 집착(執着)함. 아의(我意)를 내세워 버팀 　②심신(心身) 중(中)에서 사물(事物)을 주재(主宰)하는 상주 불멸(常住不滅)의 실체(實體)가 있다고 믿는 집착(執着)
自我
자아
자기자신(自己自身)에 대한 의식이나 관념(觀念)
小我
소아
①우주(宇宙)의 절대적(絶對的)인 나와 구별(區別)한 자아(自我) 　②육체적(肉體的)인 나
我意
아의
나의 뜻


-----------------------------------
긍정

*****DEFINITION*****
[명사] affirmation , [동사] (formal) affirm , acknowledge 그는 긍정도 부정도 하지 않았다 He refused to deny or confirm.
肯定
肯定 kěn​dìng​   *肯定* | 肯定* | *肯定 to be certain / to be positive / assuredly / definitely / to give recognition / to affirm / affirmative (answer) HSK 4
肯
즐길 긍,뼈 사이의 살 개 1. 즐기다 2. 옳이 여기다 3. 들어주다 4. 수긍하다(首肯--) 5. 즐기어 하다 6. 감히(敢-) 7. 뼈에 붙은 살 8. 살이 붙지 않은 뼈 a. 뼈 사이의 살 (개) [부수]月(육달월) [총획]8획 [난이도]고등용, 읽기 3급, 쓰기 2급
肯定的
긍정적
①어떠한 사실(事實)에 대(對)하여 그렇다고 인정(認定)하거나 찬성(贊成)하는 (것) 　②또는, 그렇게 인정(認定)할 만하거나 찬성(贊成)할 만한 (것)
首肯
수긍
①그러하다고 고개를 끄덕임 　②옳다고 승락함
肯定
긍정
①그렇다고 인정(認定)함 　②사물(事物)의 일반적(一般的) 관계(關係)를 나타내고 판단(判斷)의 대상(對象)에 적극적(積極的) 태도(態度)를 취(取)함
肯可
긍가
☞ 허락(許諾)

定
정할 정,이마 정 1. 정하다(定--) 2. 정해지다 3. 바로잡다 4. 다스리다 5. 평정하다(平定--) 6. 편안하다(便安--) 7. 안정시키다(安定---) 8. 머무르다 9. 준비하다(準備--) 10. 자다 11. 그치다 12. 이마(앞머리) 13.... [부수]宀(갓머리) [총획]8획 [난이도]중학용, 읽기 6급, 쓰기 5급
決定
결정
①마지막으로 작정(作定)함, 일의 매듭을 지음 　②법원(法院)에서 행(行)하는 판결(判決) 및 명령(命令) 이외(以外)의 판결(判決)
認定
인정
①옳다고 믿고 정(定)하는 일 　②국가(國家)나 지방자치단체(地方自治團體)가 자기(自己)의 판단(判斷)에 의(依)하여 어떤 사실(事實)의 존부(存否)나 당부(當否)를 결정(決定)하는 일
豫定
예정
①이제부터 할 일에 대(對)하여 미리 정(定)하여 두는 것 　②또는, 미리 예상(豫想)하여 두는 것
規定
규정
①규칙(規則)으로 정(定)하는 것 　②법령(法令)에서 개개의 조항(條項)을 정(定)하는 일 　③또는, 그 조항(條項) 　④어떤 것의 성격(性格)이나 내용(內容)을 밝혀 정(定)하는 것


-----------------------------------
자부심

*****DEFINITION*****
self-respect pride, self-esteem, 그는 자부심이 강하다 He has much pride[confidence] (in himself).
自負心
自信心 zì​xìn​xīn​   *自信心* | 自信心* | *自信心 self-confidence
自尊心 zì​zūn​xīn​   *自尊心* | 自尊心* | *自尊心 self-respect / self-esteem / ego
自
스스로 자 1. 스스로, 몸소, 자기(自己) 2. 저절로, 자연히(自然-) 3. ~서부터 4. 써 5. 진실로(眞實-) 6. 본연(本然) 7. 처음, 시초(始初) 8. 출처(出處) 9. 코(=비(鼻)의 고자(古字)) 10. 말미암다, ~부터 하다... [부수]自(스스로자) [총획]6획 [난이도]중학용, 읽기 7급II, 쓰기 6급
自身
자신
①제 몸 　②딴 말에 붙어서 딴 어떤 것도 아니고 그 스스로임을 강조(强調)할 때 쓰는 말
自由
자유
①남의 구속(拘束)을 받지 않고, 자기(自己) 마음대로 함 　②자기(自己)가 뜻하는 대로 함. 마음내키는 대로 함 　③법률(法律)의 범위(範圍) 안에서 마음대로 하는 행위(行爲). 권리(權利), 의무(義務)를...
自體
자체
①제 몸 　②그 자신(自身) 　③사물(事物)의 본새
自然
자연
①저절로 그렇게 되는 모양(模樣). 사람의 힘을 더하지 않는 천연(天然) 그대로의 상태(狀態) 　②조화(調和)의 힘에 의(依)하여 이루어진 일체(一切)의 것

負
질 부 1. 지다, 짐지다 2. 떠맡다 3. 빚지다 4. 업다 5. 힘입다 6. (부상을)입다 7. 저버리다 8. 패하다(敗--) 9. 근심하다(속을 태우거나 우울해하다) 10. 짐 11. 지는 일 12. 빚 [부수]貝(조개패) [총획]9획 [난이도]고등용, 읽기 4급, 쓰기 3급
負擔
부담
어떤 일이나 의무(義務)ㆍ책임(責任) 따위를 떠맡음, 또는 떠맡게 된 일이나 의무(義務)ㆍ책임(責任) 따위
負債
부채
남에게 빚을 짐 또는, 그 빚
勝負
승부
이김과 짐
抱負
포부
마음속에 지닌 앞날에 대(對)한 생각이나 계획(計劃), 희망(希望), 자신(自信)

心
마음 심 1. 마음, 뜻, 의지(意志) 2. 생각 3. 염통, 심장(心臟) 4. 가슴 5. 근본(根本), 본성(本性) 6. 가운데, 중앙(中央), 중심(中心) 7. 도(道)의 본원(本源) 8. 꽃술, 꽃수염 9. 별자리 이름 10. 진수(眞修:... [부수]心(마음심) [총획]4획 [난이도]중학용, 읽기 7급, 쓰기 6급
核心
핵심
사물(事物)의 중심(中心)이 되는 중요(重要)한 부분(部分)
關心
관심
어떤 일이나 대상(對象)에 흥미(興味)를 가지고 마음을 쓰거나 알고 싶어하는 상태(狀態)
疑心
의심
①마음에 미심(未審)하게 여기는 생각 　②믿지 못하는 모양(模樣)
疑懼心
의구심
의심(疑心)하고 두려워하는 마음


-----------------------------------
책잡다

*****DEFINITION*****
find fault with, take to task for, blame (a person) 직무 태만을 책잡다 reproach[scold] 《a person》 for his neglect of duty
責
责 zé​   *责* | 责* | *责 duty / responsibility / to reproach / to blame 責
責
꾸짖을 책,빚 채 1. 꾸짖다 2. 나무라다 3. 책망하다(責望--) 4. 헐뜯다 5. 취하다(取--) 6. 받아내다 7. 요구하다(要求--), 바라다 8. 재촉하다 9. 권하다(勸--) 10. 책임을 지우다 11. 책임, 직책(職責) 12. 의무 13.... [부수]貝(조개패) [총획]11획 [난이도]중학용, 읽기 5급II, 쓰기 4급II
責任
책임
①도맡아 해야 할 임무(任務) 　②불법(不法) 행위(行爲)를 한 자에게 법률(法律) 상(上)의 불이익(不利益) 내지 제재(制裁)가 가(加)해지는 일. 민사(民事) 책임(責任)과 형사(刑事) 책임(責任)으로 나뉨
無責任
무책임
①책임(責任)이 없음 　②책임감(責任感)이 없음
叱責
질책
꾸짖어서 나무람
譴責
견책
①잘못을 꾸짖고 나무람 　②공무원(公務員) 등(等)에 대(對)한 징계(懲戒) 처분(處分)의 하나


-----------------------------------
급급하다

*****DEFINITION*****
busy 그는 자기 몫 챙기기에 급급하다 He is busy lining his own pockets.
汲汲
汲 汲 Jí​   *汲* | 汲* | *汲 surname Ji
  汲 jí​   *汲* | 汲* | *汲 to draw (water)
汲 汲 Jí​   *汲* | 汲* | *汲 surname Ji
  汲 jí​   *汲* | 汲* | *汲 to draw (water)
汲
길을 급 1. (물을)긷다, 푸다 2. 인도하다(引導--), 이끌다 3. 당기다, 끌어당기다 4. 천거하다(薦擧--) 5. 힘쓰는 모양 6. 속이는 모양 [부수]氵(삼수변) [총획]7획 [난이도]읽기 1급, 쓰기 특급
汲汲
급급
①골똘하게 한 가지 일에만 정신(精神)을 쏟음 　②또는 한 가지 일에만 정신(精神)을 쏟아 골똘함
遑汲
황급
황황(遑遑)하고 급급(汲汲)함
汲索
급삭
두레박에 맨 줄
汲綆
급경
두레박줄

汲
길을 급 1. (물을)긷다, 푸다 2. 인도하다(引導--), 이끌다 3. 당기다, 끌어당기다 4. 천거하다(薦擧--) 5. 힘쓰는 모양 6. 속이는 모양 [부수]氵(삼수변) [총획]7획 [난이도]읽기 1급, 쓰기 특급
汲汲
급급
①골똘하게 한 가지 일에만 정신(精神)을 쏟음 　②또는 한 가지 일에만 정신(精神)을 쏟아 골똘함
遑汲
황급
황황(遑遑)하고 급급(汲汲)함
汲索
급삭
두레박에 맨 줄
汲綆
급경
두레박줄


-----------------------------------
거칠다

*****DEFINITION*****
(표면이) rough, coarse, uneven; (땅·지형 등이) rugged 이 탁자는 표면이 거칠다 The surface of this table is rough. 5개 뜻 더보기 : (표면이) rough, coarse, uneven; (땅·지형 등이) rugged

-----------------------------------
메마른

*****DEFINITION*****
(땅이) parched, arid; (척박하다) barren, infertile, sterile 메마른 땅 barren[dry; infertile; poor] land 3개 뜻 더보기 : (땅이) parched, arid; (척박하다) barren, infertile, sterile

-----------------------------------
원고

*****DEFINITION*****
(소송을 제기한 사람)plaintiff, complainant 판사는 원고 승소 판결을 내렸다 The judge decided in favor of the plaintiff.
原告
原告 yuán​gào​   *原告* | 原告* | *原告 complainant / plaintiff HSK 6
原
언덕 원,근원 원 1. 언덕 2. 근원(根源), 근본(根本) 3. 저승 4. 들, 벌판 5. 문체(文體)의 한 가지 6. 원래 7. 거듭, 재차 8. 근본(根本)을 추구하다(追求--) 9. 캐묻다, 찾다 10. 의거하다(依據--), 기초(基礎)를 두다... [부수]厂(민엄호) [총획]10획 [난이도]중학용, 읽기 5급, 쓰기 4급
原因
원인
어떤 일의 근본(根本)이 되는 까닭
原則
원칙
①많은 경우(境遇)에 적용(適用)되는 근본(根本) 법칙(法則) 　②일반(一般)의 경우(境遇)에 적용(適用)되는 법칙(法則)
原理
원리
①사물(事物)이 근거(根據)하여 성립(成立)하는 근본(根本) 법칙(法則) 　②기초(基礎)가 되는 근거(根據) 또는 보편적(普遍的) 진리(眞理) 　③존재(存在)의 근거(根據)로서의 실재(實在) 원리(原理),...
高原
고원
상당(相當)히 높은 높이를 가지면서 비교적(比較的) 연속(連續)된 넓은 벌판을 가진 지역(地域)

告
고할 고,뵙고 청할 곡,국문할 국 1. 고하다(告--), 알리다 2. 아뢰다 3. 발표하다(發表--) 4. 여쭈다, (안부를)묻다 5. 하소연하다, 고발하다(告發--) 6. 가르치다, 깨우쳐 주다 7. 하소연(딱한 사정 따위를 간곡히 호소함) a. 뵙고 청하다(請--)... [부수]口(입구) [총획]7획 [난이도]중학용, 읽기 5급II, 쓰기 4급II
警告
경고
주의(注意)하라고 경계(警戒)하여 알림
廣告
광고
①세상(世上)에 널리 알림 　②영업체(營業體) 또는 상품(商品)의 존재(存在), 효능(效能)을 널리 선전(宣傳)하여 알림 　③자기(自己)의 존재(存在)를 여러 사람에게 널리 알리고 선전(宣傳)함
申告
신고
국민(國民)이 법률(法律) 상(上)의 의무(義務)로서 행정(行政) 관청(官廳)에 일정(一定)한 사실(事實)을 진술(陳述), 보고(報告)하는 일
報告
보고
알리어 바치거나 베풀어 알림. 보고서(報告書)의 준말


-----------------------------------
부리다

*****DEFINITION*****
(아랫사람을) manage, handle 그는 아랫사람을 부릴 줄 안다 He is good at managing[handling] his men. 3개 뜻 더보기 : (아랫사람을) manage, handle

-----------------------------------
