공화

*****DEFINITION*****
universal harmony, republicanism(공화제) 공화의 republican
共和
共和 gòng​hé​   *共和* | 共和* | *共和 republic / republicanism
共
한가지 공 1. 한가지 2. (은대의)나라의 이름 3. 주대의 지명 4. 함께, 같이, 하나로 합하여 5. 같게 하다, 한가지로 하다 6. 함께 하다, 여럿이 하다 7. 공손하다(恭遜--), 정중하다(鄭重--) 8. 공경하다(恭敬--)... [부수]八(여덟팔) [총획]6획 [난이도]중학용, 읽기 6급II, 쓰기 5급II
共同
공동
①여러 사람이 일을 같이 함 　②여러 사람이 같은 자격(資格)으로 모이는 결합(結合)
公共
공공
①여러 사람이 모여 힘을 함께 함 　②공중(公衆), 사회(社會) 일반(一般)
共助
공조
(어떤 사람이나 단체(團體)가 다른 사람이나 단체(團體)와) 어떤 일을 이루기 위(爲)해 서로 돕는 것
共通
공통
여러 곳에 두루 통용(通用) 되거나 관계(關係)가 같음

和
화할 화 1. 화하다(和--: 서로 뜻이 맞아 사이 좋은 상태가 되다) 2. 화목하다(和睦--) 3. 온화하다(溫和--) 4. 순하다(順--) 5. 화해하다(和解--) 6. 같다 7. 서로 응하다(應--) 8. 합치다(合--) 9. 허가하다(許可--)... [부수]口(입구) [총획]8획 [난이도]중학용, 읽기 6급II, 쓰기 5급II
緩和
완화
급박(急迫)하거나 긴장(緊張)된 상태(狀態)를 느슨하게 함
平和
평화
①평온(平穩)하고 화목(和睦)함 　②화합(和合)하고 안온(安穩)함 　③전쟁(戰爭)이 없이 세상(世上)이 평온(平穩)함
調和
조화
서로 잘 어울림
和解
화해
①다툼질을 서로 그치고 풂　②소송(訴訟) 또는 분쟁(紛爭) 당사자(當事者)가 서로 양보(讓步)하여 상호(相互) 간(間)의 분쟁(紛爭)을 그치기로 약속(約束)함으로써 성립(成立)하는 계약(契約)　③위장(胃腸)을...


-----------------------------------
오명

*****DEFINITION*****
dishonor, disgrace, bad name 오명을 남기다 bring dishonor to oneself
汚名
汚 污 wū​   *污* | 污* | *污 variant of 污 汚
名 名 míng​   *名* | 名* | *名 name / noun (part of speech) / place (e.g. among winners) / famous / classifier for people
汚
더러울 오,구부릴 우,팔 와 1. 더럽다, 추하다(醜--) 2. 더럽히다, 더러워지다 3. 나쁘다 4. 욕되다(辱--), 치욕스럽다(恥辱---) 5. 욕보이다(辱---) 6. (치욕을)씻다 7. (지위가)낮다 8. 수고롭다 9. 때, 더러운 물건(物件) 10.... [부수]氵(삼수변) [총획]6획 [난이도]고등용, 읽기 3급, 쓰기 2급
汚染
오염
①더럽게 물듦 　②핵무기(核武器) 따위의 방사성(放射性) 물질(物質)이 목표물(目標物)이나 대기(大氣) 속에 머무르는 일 　③생태계(生態系)에서, 환경(環境)을 훼손(毁損)하는 일
汚辱
오욕
남의 이름을 더럽히고 욕되게 함
汚名
오명
더러워진 명예(名譽)나 평판(評判)
大氣汚染
대기오염
산업(産業)ㆍ교통(交通) 등(等), 인간(人間)의 활동(活動)에 의(依)하여 만들어지는 유독(有毒) 물질(物質)이 지역(地域) 사회(社會)를 둘러싸고 있는 공기(空氣)를 오염(汚染)시키는 일. 주요(主要)한...

名
이름 명 1. 이름 2. 평판(評判), 소문(所聞) 3. 외관(外觀), 외형(外形) 4. 명분(名分) 5. 공적(功績) 6. 글자, 문자(文字) 7. 이름나다, 훌륭하다 8. 이름하다, 지칭하다(指稱--) [부수]口(입구) [총획]6획 [난이도]중학용, 읽기 7급II, 쓰기 6급
名譽
명예
①세상(世上)에서 인정(認定) 받는 좋은 이름이나 자랑 　②어떤 직위(職位)나 직명(職名) 앞에 쓰이어 그 권위(權威)나 공로(功勞)를 존경(尊敬)하는 뜻으로 쓰이는 이름
名分
명분
명목(名目)이 구별(區別)된 대로 그 사이에 반드시 지켜야 할 도리(道理)나 분수(分數)
名節
명절
①명일을 중심(中心)으로 한 좋은 철 　②민속적(民俗的)으로 해마다 일정(一定)하게 지키어 즐기는 날. 설날, 대보름날, 한식날, 삼짇날, 파일날, 단오날(端午-), 유두날, 백중날, 한가위날, 구월(九月)...
名稱
명칭
사물(事物)이나 현상(現象)을 서로 다른 것 끼리 구별(區別)하여 부르는 이름


-----------------------------------
협력

*****DEFINITION*****
[명사] cooperation, collaboration, [동사] cooperate (with), collaborate (with), work[pull] together, join[combine] forces (with) 협력 체계를 구축하다 build[set up] a cooperative system
協力
协力 xié​lì​   *协力* | 协力* | *协力 to unite in common effort 協力
協
화합할 협 1. 화합하다(和合--) 2. 돕다 3. 복종하다(服從--) 4. 적합하다(適合--) 5. 좇다 6. 맞다 7. 합하다(合--) 8. 협력하다 [부수]十(열십) [총획]8획 [난이도]중학용, 읽기 4급II, 쓰기 3급II
協商
협상
①여러 사람이 모여 서로 의논(議論)함 　②나라 사이에 외교(外交) 문서(文書)를 교환(交換)하여 어떤 일을 약속(約束)하는 일
妥協
타협
두 편이 서로 좋도록 양보(讓步)하여 협의(協議)함
協議
협의
여러 사람이 모여 서로 의논(議論)함
協力
협력
힘을 합(合)하여 서로 도움

力
힘 력,힘 역 1. 힘 2. 하인(下人) 3. 일꾼, 인부(人夫) 4. 군사(軍士), 병사(兵士) 5. 힘쓰다, 부지런히 일하다 6. 심하다(甚--: 정도가 지나치다), 어렵다, 매우 힘들다 7. 힘주다 8. 있는 힘을 다하여, 애써 [부수]力(힘력) [총획]2획 [난이도]중학용, 읽기 7급II, 쓰기 6급
努力
노력
①힘을 씀, 힘을 다함 　②어떤 일을 이루기 위(爲)해 어려움이나 괴로움 등(等)을 이겨 내면서 애쓰거나 힘쓰는 것
能力
능력
①일을 감당(堪當)하거나 해결(解決)해 낼 수 있는 힘 　②어떤 일에 대(對)하여 요구(要求)되고 적당(適當)하다고 인정(認定)되는 자격(資格)
勢力
세력
①권력(權力)이나 기세(氣勢)의 힘 　②일을 하는데 필요(必要)한 힘
壓力
압력
①두 물체(物體)의 접속(接續) 면(面) 또는 한 물체(物體) 속의 어느 단면(斷面)을 생각할 때 그 면을 경계(境界)로 양쪽 부분(部分)이 수직(垂直)으로 누르는 힘 　②권세(權勢) 따위로 누르는 힘


-----------------------------------
차지하다

*****DEFINITION*****
(자기 것으로) win, take possession (of) 마침내 나는 그녀의 마음을 차지했다 I finally won[captured] her heart. 3개 뜻 더보기 : (자기 것으로) win, take possession (of)


-----------------------------------
불명예

*****DEFINITION*****
(formal) dishonor, disgrace 불명예를 안다 be disgraced
不名譽
不名誉 bù​míng​yù​   *不名誉* | 不名誉* | *不名誉 disreputable / disgraceful 不名譽
不
아닐 부,아닐 불 1. 아니다 2. 아니하다 3. 못하다 4. 없다 5. 말라 6. 아니하냐 7. 이르지 아니하다 8. 크다 9. 불통(不通: 과거에서 불합격의 등급) a. 아니다 (불) b. 아니하다 (불) c. 못하다 (불) d. 없다 (불) e.... [부수]一(한일) [총획]4획 [난이도]중학용, 읽기 7급II, 쓰기 6급
不可避
불가피
피할 수 없음
不拘
불구
주로 ＇∼하고＇로 쓰이어, 　＇무엇에 얽매이거나 거리끼지 아니하고＇의 뜻
不動産
부동산
토지(土地)나 집처럼 움직여서 옮길 수가 없는 재산(財産). 민법(民法) 상(上) 토지(土地) 및 건물(建物). 입목(立木)과 같은 토지(土地) 정착물(定着物)
不足
부족
①필요(必要)한 양이나 한계(限界)에 미치지 못하고 모자람. 넉넉하지 못함 　②만족(滿足)하지 않음. 마음에 차지 않음

名
이름 명 1. 이름 2. 평판(評判), 소문(所聞) 3. 외관(外觀), 외형(外形) 4. 명분(名分) 5. 공적(功績) 6. 글자, 문자(文字) 7. 이름나다, 훌륭하다 8. 이름하다, 지칭하다(指稱--) [부수]口(입구) [총획]6획 [난이도]중학용, 읽기 7급II, 쓰기 6급
名譽
명예
①세상(世上)에서 인정(認定) 받는 좋은 이름이나 자랑 　②어떤 직위(職位)나 직명(職名) 앞에 쓰이어 그 권위(權威)나 공로(功勞)를 존경(尊敬)하는 뜻으로 쓰이는 이름
名分
명분
명목(名目)이 구별(區別)된 대로 그 사이에 반드시 지켜야 할 도리(道理)나 분수(分數)
名節
명절
①명일을 중심(中心)으로 한 좋은 철 　②민속적(民俗的)으로 해마다 일정(一定)하게 지키어 즐기는 날. 설날, 대보름날, 한식날, 삼짇날, 파일날, 단오날(端午-), 유두날, 백중날, 한가위날, 구월(九月)...
名稱
명칭
사물(事物)이나 현상(現象)을 서로 다른 것 끼리 구별(區別)하여 부르는 이름

譽
기릴 예,명예 예 1. 기리다 2. 즐기다(=豫) 3. 찬양하다(讚揚--) 4. 칭찬하다(稱讚--) 5. 바로잡다 6. 명예(名譽) 7. 영예(榮譽) 8. 좋은 평판 9. 칭찬(稱讚) 10. 찬양(讚揚) [부수]言(말씀언) [총획]21획 [난이도]고등용, 읽기 3급II, 쓰기 2급
名譽
명예
①세상(世上)에서 인정(認定) 받는 좋은 이름이나 자랑 　②어떤 직위(職位)나 직명(職名) 앞에 쓰이어 그 권위(權威)나 공로(功勞)를 존경(尊敬)하는 뜻으로 쓰이는 이름
榮譽
영예
빛나는 명예(名譽)
不名譽
불명예
언짢은 소문(所聞)이 나서 체면(體面)이 없이 되어 명예(名譽)스럽지 못함
稱譽
칭예
☞ 칭찬(稱讚)


-----------------------------------
자포자기

*****DEFINITION*****
[명사] despair , [동사] abandon oneself (to despair), give oneself up (in despair) 그는 실직 후 자포자기 상태가 되었다 After losing his job, he fell into despair.
自暴自棄
自暴自弃 zì​bào​zì​qì​   *自暴自弃* | 自暴自弃* | *自暴自弃 to abandon oneself to despair / to give up and stop bothering 自暴自棄
自
스스로 자 1. 스스로, 몸소, 자기(自己) 2. 저절로, 자연히(自然-) 3. ~서부터 4. 써 5. 진실로(眞實-) 6. 본연(本然) 7. 처음, 시초(始初) 8. 출처(出處) 9. 코(=비(鼻)의 고자(古字)) 10. 말미암다, ~부터 하다... [부수]自(스스로자) [총획]6획 [난이도]중학용, 읽기 7급II, 쓰기 6급
自身
자신
①제 몸 　②딴 말에 붙어서 딴 어떤 것도 아니고 그 스스로임을 강조(强調)할 때 쓰는 말
自由
자유
①남의 구속(拘束)을 받지 않고, 자기(自己) 마음대로 함 　②자기(自己)가 뜻하는 대로 함. 마음내키는 대로 함 　③법률(法律)의 범위(範圍) 안에서 마음대로 하는 행위(行爲). 권리(權利), 의무(義務)를...
自體
자체
①제 몸 　②그 자신(自身) 　③사물(事物)의 본새
自然
자연
①저절로 그렇게 되는 모양(模樣). 사람의 힘을 더하지 않는 천연(天然) 그대로의 상태(狀態) 　②조화(調和)의 힘에 의(依)하여 이루어진 일체(一切)의 것

暴
사나울 포,사나울 폭,쬘 폭,앙상할 박 1. 사납다 2. 난폭하다(亂暴--) 3. 해치다 4. 모질다, 모질게 굴다 5. 세차다 6. 맨손으로 치다 7. 불끈 일어나다 8. 업신여기다 9. 조급하다(躁急--) 10. 갑자기 a. 사납다 (폭) b. 난폭하다(亂暴--)... [부수]日(날일) [총획]15획 [난이도]중학용, 읽기 4급II, 쓰기 3급II
暴力
폭력
①난폭(亂暴)한 힘. 완력 　②사람이 불법(不法). 부당(不當)한 방법(方法)으로 물리적(物理的)인 강제력(强制力)을 행사(行使)하는 일
暴騰
폭등
물가(物價)ㆍ주가 등(等)이 갑자기 대폭적(大幅的)으로 오름
橫暴
횡포
제멋대로 굴며 난폭(亂暴)함
暴露
폭로
①비바람에 직접(直接) 노출(露出)됨. 풍우에 드러남 　②남의 비밀(秘密), 비행(非行) 따위를 파헤쳐서 남들 앞에 드러내 놓는 일

自
스스로 자 1. 스스로, 몸소, 자기(自己) 2. 저절로, 자연히(自然-) 3. ~서부터 4. 써 5. 진실로(眞實-) 6. 본연(本然) 7. 처음, 시초(始初) 8. 출처(出處) 9. 코(=비(鼻)의 고자(古字)) 10. 말미암다, ~부터 하다... [부수]自(스스로자) [총획]6획 [난이도]중학용, 읽기 7급II, 쓰기 6급
自身
자신
①제 몸 　②딴 말에 붙어서 딴 어떤 것도 아니고 그 스스로임을 강조(强調)할 때 쓰는 말
自由
자유
①남의 구속(拘束)을 받지 않고, 자기(自己) 마음대로 함 　②자기(自己)가 뜻하는 대로 함. 마음내키는 대로 함 　③법률(法律)의 범위(範圍) 안에서 마음대로 하는 행위(行爲). 권리(權利), 의무(義務)를...
自體
자체
①제 몸 　②그 자신(自身) 　③사물(事物)의 본새
自然
자연
①저절로 그렇게 되는 모양(模樣). 사람의 힘을 더하지 않는 천연(天然) 그대로의 상태(狀態) 　②조화(調和)의 힘에 의(依)하여 이루어진 일체(一切)의 것

棄
버릴 기 1. 버리다 2. 그만두다 3. 돌보지 않다 4. 꺼리어 멀리하다 5. 물리치다 6. 잊다 [부수]木(나무목) [총획]12획 [난이도]고등용, 읽기 3급, 쓰기 2급
抛棄
포기
①하던 일을 중도(中途)에 그만두어 버림 　②자기(自己)의 권리(權利)나 자격(資格)을 쓰지 않음
廢棄
폐기
①못 쓰게 된 것을 버림. 폐지(廢止)하여 방기함 　②조약(條約)을 당사자(當事者)의 의사(意思)에 의(依)하여 효력(效力)을 잃게 함
棄却
기각
①내버려 문제(問題) 삼지 않음. 어떤 사물(事物)을 버림 　②민사소송법(民事訴訟法) 상(上) 법원(法院)이 소송(訴訟) 당사자(當事者)의 신청(申請)의 내용(內容)을 종국적 재판(裁判)에서 이유(理由)...
遺棄
유기
①내버리고 돌아보지 않음 　②어떤 사람에 대(對)한 종래(從來)의 보호(保護)를 거부(拒否)하여, 그를 보호(保護)를 받지 못하는 상태(狀態)로 두는 일


-----------------------------------
파생

*****DEFINITION*****
[명사] (formal) derivation , [동사] derive[be derived] (from), stem (from) 많은 영어 단어들이 라틴어에서 파생되었다 Many English words are derived from Latin.
派生
派生 pài​shēng​   *派生* | 派生* | *派生 to produce (from sth else) / to derive (from raw material) / derivative
派
갈래 파 1. (물)갈래 2. 지류(支流) 3. 유파(流派), 학파(學派), 종파(宗派) 4. 보내다, 파견하다(派遣--) 5. 갈라지다 6. 가르다, 나누다 [부수]氵(삼수변) [총획]9획 [난이도]고등용, 읽기 4급, 쓰기 3급
派遣
파견
①일정(一定)한 임무(任務)를 주어 사람을 내보냄 　②사람에게 용무(用務)를 띄워서 출장(出張)시킴
派兵
파병
군대(軍隊)를 파출(派出)하는 일
强硬派
강경파
강경(强硬)한 주장(主張)을 내세우거나 강경(强硬)한 행동(行動)을 하는 파(派)
左派
좌파
①어떤 단체(團體)나 정당(政黨)에서, 급진적(急進的)인 사상(思想)을 가진 사람들의 파, 또는 그런 사람 　②좌익(左翼)의 당파(黨派)

生
날 생 1. 나다 2. 낳다 3. 살다 4. 기르다 5. 서투르다 6. 싱싱하다 7. 만들다 8. 백성(百姓) 9. 선비(학식은 있으나 벼슬하지 않은 사람을 이르던 말) 10. 자기(自己)의 겸칭(謙稱) 11. 사람 12. 날(익지 않음)... [부수]生(날생) [총획]5획 [난이도]중학용, 읽기 8급, 쓰기 6급II
發生
발생
①(어떤 사건(事件)이나 사물(事物) 현상(現象)이 어느 곳 또는 세상(世上)에) 생겨나거나 나타나는 것 　②(생물학(生物學)ㆍ생리학) 세포(細胞)의 증식(增殖)ㆍ분화(分化)ㆍ형태(形態) 형성(形成) 등(等)에...
生活
생활
①살아서 활동(活動)함. 생계(生計)를 유지(維持)하여 살아나감 　②먹고 입고 쓰고 하는 등(等)의 살림살이 　③일정(一定)한 조직체(組織體)에 매여 구성원(構成員)으로 활동(活動)함
學生
학생
①배우는 사람, 주(主)로 학교(學校)에 다니면서 공부(工夫)하는 사람 　②벼슬하지 아니하고 죽은 사람의 명정, 지방(紙榜), 신주(神主) 따위에 쓰는 존칭(尊稱) 　③신라(新羅) 때 국학(國學)에서 가르침을...
先生
선생
①학생(學生)을 가르치는 사람. 학예(學藝), 기예(技藝) 등(等)을 남에게 가르치는 사람 　②자기(自己)보다 학식(學識)이 높은 사람을 높이어 일컫는 말 　③남을 존대(尊待)하여 부르는 말. 흔히 성이나...


-----------------------------------
탁월하다

*****DEFINITION*****
excellent, outstanding, superior, superb 탁월한 수완을 보이다 show excellent[superior] ability
卓越
卓越 zhuó​yuè​   *卓越* | 卓越* | *卓越 outstanding / surpassing / distinguished / splendid HSK 6
卓
높을 탁 1. 높다 2. 멀다, 높고 멀다 3. 높이 세우다 4. 뛰어나다 5. 멈추다, 세우다, 정지하다(停止--) 6. 탁자(卓子) 7. 마침, 바로 그때 8. 홀로 [부수]十(열십) [총획]8획 [난이도]고등용, 읽기 5급, 쓰기 4급
卓越
탁월
월등(越等)하게 뛰어남
卓球
탁구
나무로 된 대(臺)의 중앙(中央)에 네트를 치고 셀룰로이드 공을 라켓으로 쳐 넘겨 승부(勝負)를 겨루는 실내(室內) 경기(競技)
食卓
식탁
식사용(食事用)의 탁자(卓子)
卓上
탁상
책상(冊床)이나 식탁(食卓) 등(等) 탁자(卓子)의 위

越
넘을 월,부들자리 활 1. 넘다, 건너가다 2. 넘기다, 넘어가다 3. 초과하다(超過--) 4. 지나다, 경과하다(經過--) 5. 빼앗다 6. 멀다 7. (물정에)어둡다 8. 어기다 9. 흐트러지다 10. 떨어뜨리다, 떨어지다 11. 드날리다, 널리... [부수]走(달릴주) [총획]12획 [난이도]고등용, 읽기 3급II, 쓰기 2급
超越
초월
①어떤 한계(限界)나 표준(標準)을 넘음 　②인식(認識)ㆍ경험(經驗)의 범위(範圍) 밖에 존재(存在)함. 가능적(可能的) 경험(經驗)의 영역(領域) 밖에 있음 　③칸트 철학에서, 우리들의 경험에서 독립하여...
卓越
탁월
월등(越等)하게 뛰어남
追越
추월
뒤에서 따라가 앞이 것을 앞지름
越權
월권
①권한(權限) 밖의 일을 함 　②남의 직권(職權)을 침범(侵犯)함


-----------------------------------
감수성

*****DEFINITION*****
sensitivity, sensibility 감수성이 풍부한 시인 a sensitive poet
感受性
感受器 gǎn​shòu​qì​   *感受器* | 感受器* | *感受器 sensory receptor
耐受性 nài​shòu​xìng​   *耐受性* | 耐受性* | *耐受性 tolerance (to heat, acid etc) / resistance
感
느낄 감,한할 감 1. 느끼다 2. 감응하다(感應--), 느낌이 통하다(通--) 3. 감동하다(感動--), 마음이 움직이다 4. 고맙게 여기다, 은혜(恩惠)를 새겨 두다 5. 깨닫다 6. 생각하다 7. 한하다(恨--: 몹시 억울하거나 원통하여... [부수]心(마음심) [총획]13획 [난이도]중학용, 읽기 6급, 쓰기 5급
敏感
민감
예민(銳敏)한 감각(感覺)
感情
감정
①사물(事物)에 느끼어 일어나는 심정(心情). 마음. 기분(氣分). 생각 　②쾌ㆍ불쾌(不快)를 중심(中心)으로 하는 의식(意識)의 주관적(主觀的) 측면(側面) 　③감각(感覺)이나 관념(觀念)에 따라 일어나는...
感謝
감사
①고마움 　②고맙게 여김 　③고맙게 여기고 사례(謝禮)함
感染
감염
①다른 풍습(風習)이 옮아서 물이 듦 　②병원체(病原體)가 몸 안에 들어오는 일. 발병(發病)하지 않을 수도 있음. 감염(感染)의 경로(經路)에 따라 공기(空氣) 감염(感染), 구강(口腔) 감염(感染), 접촉(接觸)...

受
받을 수 1. 받다 2. 거두어들이다, 회수하다(回收--) 3. 받아들이다, 받아들여 쓰다, 배우다 4. 얻다, (이익을)누리다 5. 주다, 내려 주다, 수여하다(授與--) 6. 담보하다(擔保--) 7. 응하다(應--), 들어주다 8.... [부수]又(또우) [총획]8획 [난이도]중학용, 읽기 4급II, 쓰기 3급II
受容
수용
(남의 문물(文物)이나 의견(意見) 등(等)을) 인정(認定)하거나 용납(容納)하여 받아들이는 것
受諾
수락
요구(要求)를 받아들여 승낙(承諾)함
引受
인수
①물건(物件)이나 권리(權利)를 넘기어 받음　②(경제학(經濟學)) 환어음의 지급인(支給人)이 어음 금액(金額)의 지급(支給) 의무(義務)를 진다는 뜻을 어음에 기재(記載)하고 서명(署名)하는 일
接受
접수
①받아들임 　②관청(官廳)이나 공공단체(公共團體)가 서류(書類) 또는 구두(口頭)로 제출(提出)되는 신청(申請) 사실(事實)을 처결(處決)할 목적(目的)으로 받아들임

性
성품 성 1. 성품(性品), 타고난 사람의 천성(天性) 2. 바탕 3. 성질(性質), 사물(事物)의 본질(本質) 4. 생명(生命), 목숨 5. 마음 6. 만유(萬有)의 원인(原因) 7. 성별(性別) 8. 남녀(男女), 자웅(雌雄)의 구별(區別)... [부수]忄(심방변) [총획]8획 [난이도]중학용, 읽기 5급II, 쓰기 4급II
可能性
가능성
①가능(可能)한 성질(性質) 　②완성(完成)될 수 있는 성질(性質) 　③일정(一定)한 조건(條件) 밑에 현실적(現實的)이 될 수 있는 자격(資格)을 갖고 있는 일
柔軟性
유연성
유연(柔軟)한 성질(性質)
性格
성격
①성결 　②언행(言行), 사고(思考) 방식(方式), 몸가짐 등(等) 사람의 정신(精神) 생활(生活)의 모든 면에 나타나는 어느 정도(程度) 지속적(持續的)인, 각 개인(個人)에게 특유(特有)한 감정(感情),...
蓋然性
개연성
①꼭 단정(斷定)할 수는 없으나 대개 그러리라고 생각되는 성질(性質) 　②어떤 일이 일어날 수 있는 가능성(可能性)


-----------------------------------
예민하다

*****DEFINITION*****
(감각이) keen, acute, sensitive, sharp 그는 청각이 예민하다 He has a(n) keen[acute] ear. 2개 뜻 더보기 : (감각이) keen, acute, sensitive, sharp
銳敏
锐敏 ruì​mǐn​   *锐敏* | 锐敏* | *锐敏 acute / astute / perceptive 銳敏
銳
날카로울 예,창 태 1. 날카롭다 2. 날카롭게 하다 3. 날래다 4. 날래게 하다 5. 빠르다 6. 민첩하다(敏捷--) 7. 급박하다(急迫--), 절박하다(切迫--) 8. 왕성하다(旺盛--) 9. 작다 10. 치밀하다(緻密--) 11. 잗달다(하는... [부수]金(쇠금) [총획]15획 [난이도]고등용, 읽기 3급, 쓰기 2급
尖銳
첨예
①날카롭고 뾰족함. 첨리(尖利)함 　②(사상(思想)ㆍ태도(態度)가)앞서 있거나 급진적(急進的)인 데가 있음 　③(대립(對立)이나 갈등(葛藤) 따위가)격하고 치열(熾烈)함
銳敏
예민
감각(感覺), 행동(行動), 재치, 느낌 따위가 날카롭고 민첩(敏捷)함
銳意
예의
열심히 잘 하려고 단단히 차린 마음
銳利
예리
①날이 서 있거나 끝이 뾰족함 　②사물(事物)을 이해(理解), 판단(判斷), 처리(處理)하는 힘이 빠름

敏
민첩할 민 1. 민첩하다(敏捷--) 2. 재빠르다 3. 영리하다(怜悧ㆍ伶俐--) 4. 총명하다(聰明--) 5. 공손하다(恭遜--) 6. 힘쓰다 7. 애써 일하다 8. 자세하다(仔細ㆍ子細--), 소상하다 9. 엄지발가락 10. 오음 중의... [부수]攵(등글월문) [총획]11획 [난이도]고등용, 읽기 3급, 쓰기 2급
敏感
민감
예민(銳敏)한 감각(感覺)
銳敏
예민
감각(感覺), 행동(行動), 재치, 느낌 따위가 날카롭고 민첩(敏捷)함
敏捷
민첩
재빠르고 날램
機敏
기민
눈치가 빠르고 행동(行動)이 민첩(敏捷)함


-----------------------------------
울분

*****DEFINITION*****
pent-up anger[frustration] 울분을 토하다[터뜨리다] let out one's pent-up anger
鬱憤
鬱 郁 Yù​   *郁* | 郁* | *郁 surname Yu 鬱
  郁 yù​   *郁* | 郁* | *郁 dense (growth) / melancholy 鬱
憤 愤 fèn​   *愤* | 愤* | *愤 indignant / anger / resentment 憤
鬱
답답할 울,울창할 울 1. 답답하다 2. 우울하다(憂鬱--) 3. 울적하다(鬱寂--) 4. 울창하다(鬱蒼--) 5. 우거지다 6. 무성하다(茂盛--) 7. 향기롭다(香氣--) 8. 화려하다(華麗--) 9. 찬란하다(燦爛ㆍ粲爛--) 10. 아름답다 11.... [부수]鬯(울창주창) [총획]29획 [난이도]읽기 2급, 쓰기 1급
抑鬱
억울
①억제(抑制)를 받아 답답함 　②애먼 일을 당해서 원통(寃痛)하여 가슴이 답답함
憂鬱
우울
마음이 어둡고 가슴이 답답한 상태(狀態)
鬱陵島
울릉도
경상북도(慶尙北道) 동쪽 동해(東海) 상(上)에 있는 섬
憂鬱症
우울증
우울(憂鬱)한 증세(症勢)

憤
분할 분 1. 분하다, 원통하다(冤痛--) 2. 성내다, 분노하다(憤怒--) 3. 번민하다(煩悶--), 괴로워하다 4. 어지러워지다, 어지럽히다 5. 힘쓰다, 분발하다(奮發--: 마음과 힘을 다하여 떨쳐 일어나다) 6. 왕성하... [부수]忄(심방변) [총획]15획 [난이도]고등용, 읽기 4급, 쓰기 3급
憤怒
분노
분(憤)하여 성을 냄
公憤
공분
공적(公的)인 일에 대(對)하여 느껴지는 분개심(憤慨心)
憤慨
분개
몹시 분(憤)하게 여김
激憤
격분
몹시 분개(憤慨)함


-----------------------------------
작가

*****DEFINITION*****
author, writer; (소설가) novelist; (시인) poet 그는 작가 지망생이다 He is a prospective writer.
作家
作家 zuò​jiā​   *作家* | 作家* | *作家 author / CL: 個｜个, 位
作
지을 작,저주 저,만들 주 1. 짓다, 만들다 2. 창작하다(創作--) 3. 일하다, 노동하다(勞動--) 4. 행하다(行--), 행동하다(行動--) 5. 부리다, ~하게 하다 6. 일어나다 7. 일으키다 8. 이르다(어떤 정도나 범위에 미치다), 미치... [부수]亻(사람인변) [총획]7획 [난이도]중학용, 읽기 6급II, 쓰기 5급II
始作
시작
①처음으로 함 　②하기를 비롯함
副作用
부작용
①약이 지닌 그 본래(本來)의 작용(作用) 이외(以外)에 부수되어 일어나는 작용(作用). 보통(普通) 유해(有害)한 것을 이름 　②어떤 일에 부수되어 일어나는 바람직하지 못한 일
製作
제작
①재료(材料)를 가지고 물건(物件)을 만듦 　②제술(製述) 　③영화(映畫)ㆍ연극(演劇)ㆍ방송(放送) 프로 등(等)을 맡은 사람이 협력(協力)하여 만듦
作業
작업
①일터에서 연장이나 기계(機械)를 가지고 일을 함 　②또는, 그러한 일

家
집 가,여자 고 1. 집 2. 자기(自己) 집 3. 가족(家族) 4. 집안 5. 문벌(門閥) 6. 지체 7. 조정 8. 도성(都城) 9. 전문가 10. 정통한 사람 11. 용한이 12. 학자(學者) 13. 학파(學派) 14. 남편(男便) 15. 아내 16. 마... [부수]宀(갓머리) [총획]10획 [난이도]중학용, 읽기 7급II, 쓰기 6급
假家
가가
①가게(=店)의 원말 　②임시(臨時)로 허름하게 지은 집 　③조선(朝鮮) 시대(時代) 때의 가게의 하나. 그 규모(規模)가 방(房) 보다는 작고 재가(在家)보다는 큼
國家
국가
①＇나라＇의 법적(法的)인 호칭(號稱) 　②일정(一定)한 영토(領土)를 가지며 거기에 거주(居住)하는 다수인(多數人)으로써 구성(構成)되어 하나의 통치(統治) 조직(組織)을 갖는 단체(團體). 통치권(統治權),...
家族
가족
①부부(夫婦)를 기초(基礎)로 하여 한 가정(家庭)을 이루는 사람들 　②가족(家族) 제도(制度)에서, 한 집의 친족(親族). 한 집안의 친족(親族) 가족(家族) 제도(制度)에 있어서 호주(戶主)의 친족(親族)...
家庭
가정
①한 가족(家族)으로서의 집안 　②부부(夫婦)를 중심(中心)으로 혈연(血緣) 관계자(關係者)가 모여 사는 사회(社會)의 가장 작은 집단(集團)


-----------------------------------
행여

*****DEFINITION*****
행여라도 그런 생각은 하지 마라 Don't even think about it.
幸
幸 xìng​   *幸* | 幸* | *幸 trusted / intimate / (of the emperor) to visit / variant of 幸 倖
幸 Xìng​   *幸* | 幸* | *幸 surname Xing
幸 xìng​   *幸* | 幸* | *幸 fortunate / lucky
幸
다행 행 1. 다행(多幸), 행복(幸福), 좋은 운 2. 요행(僥倖ㆍ徼幸), 뜻하지 않은 좋은 운 3. 거둥(擧動▼: 임금의 나들이) 4. 은총(恩寵), 베풀어 준 은혜(恩惠) 5. 오래 사는 일 6. 다행(多幸)히, 운좋게 7. ... [부수]干(방패간) [총획]8획 [난이도]중학용, 읽기 6급II, 쓰기 5급II
多幸
다행
①운수(運數)가 좋음 　②일이 좋게 됨 　③뜻밖에 잘 됨
幸福
행복
①복된 좋은 운수(運數) 　②생활(生活)의 만족(滿足)과 삶의 보람을 느끼는 흐뭇한 상태(狀態)
不幸
불행
①행복(幸福)하지 못함. 박복(薄福). 박행(薄行) 　②(운수(運數)가 언짢아)일이 순조(順調)롭지 못하게 가탈이 많음
幸運
행운
①행복(幸福)한 운수(運數) 　②좋은 운수(運數)


-----------------------------------
