여

*****DEFINITION*****
woman (women), female, lady; (젊은) girl; (집합적) (formal) womankind
女
女 nǚ​   *女* | 女* | *女 female / woman / daughter
女 rǔ​   *女* | 女* | *女 archaic variant of 汝
女
여자 여,여자 녀 1. 여자(女子) 2. 딸, 처녀(處女) 3. 너 4. 작고 연약한 것의 비유(比喩ㆍ譬喩) 5. 별 이름 6. 시집보내다 7. 짝짓다, 짝지어 주다 8. 섬기다 [부수]女(계집녀) [총획]3획 [난이도]중학용, 읽기 8급, 쓰기 6급II
女性
여성
①아기를 직접(直接) 낳을 수 있는 성(性)에 속(屬)하는 사람. 일정(一定)한 나이가 되면 월경(月經)을 하며, 젖을 먹일 수 있는 유방과 자궁(子宮)ㆍ음문(陰門) 등(等)의 생식(生殖) 기관(器官)을 가짐....
女史
여사
①결혼(結婚)한 여자(女子)를 높여 이르는 말 　②사회적(社會的)으로 저명한 여자(女子)를 높여 이르는 말. 주(主)로 성명(姓名) 아래 붙여 씀
女子
여자
①여성(女性)인 사람, 여성(女性)으로 태어난 사람 　②신라(新羅) 때 나인의 하나. 침방에서 바느질하는 일을 맡았음
男女
남녀
남자(男子)와 여자(女子)


-----------------------------------
절박하다

*****DEFINITION*****
desperate, urgent 절박한 위기 urgent crisis
切迫
切迫 qiè​pò​   *切迫* | 切迫* | *切迫 urgent
切
끊을 절,온통 체 1. 끊다 2. 베다 3. 정성스럽다(精誠---) 4. 적절하다 5. 중요하다(重要--) 6. 절박하다(切迫--) 7. 진맥하다 8. 문지방(門地枋) 9. 반절(反切: 한자의 음을 나타낼 때 다른 두 한자의 음을 반씩 따서... [부수]刀(칼도) [총획]4획 [난이도]고등용, 읽기 5급II, 쓰기 4급II
適切
적절
①꼭 맞음 　②어떤 기준(基準)이나 정도(程度)에 맞아 어울리는 상태(狀態)
切實
절실
①(어떤 일에 대(對)한 느낌이나 생각이)뼈저리게 강렬(强烈)한 상태(狀態)에 있음 　②또는, (어떤 일에 대(對)한 해결(解決)이나 요구(要求) 등(等)이)매우 시급(時急)하고도 중요(重要)한 상태(狀態)에...
懇切
간절
지성(至誠)스럽고 절실(切實)함
切迫
절박
마감, 시기(時期), 기일(期日) 등(等)이 매우 급(急)함

迫
핍박할 박 1. 핍박하다(逼迫--) 2. 닥치다 3. 줄어들다 4. 가까이하다 5. 궁하다(窮--: 가난하고 어렵다) 6. 좁다 7. 몰리다 8. 다가오다 9. 다급하다(多急--) 10. 허둥거리다 11. 다그치다 [부수]辶(책받침) [총획]9획 [난이도]고등용, 읽기 3급II, 쓰기 2급
壓迫
압박
①내리 누름 　②심리적(心理的)ㆍ정신적(精神的)으로 상대편(相對便)에게 겁을 줌, 또는 군사력(軍事力)ㆍ경제력(經濟力) 등(等)으로 상대편(相對便)의 행동(行動)을 제약(制約)함
脅迫
협박
①을러메서 핍박(逼迫)함 　②남을 두렵게 할 목적(目的)으로 불법(不法)하게 가해(加害)할 뜻을 보임 　③으르고 대듦
切迫
절박
마감, 시기(時期), 기일(期日) 등(等)이 매우 급(急)함
驅迫
구박
①못 견디게 몹시 굶 　②학대(虐待)함


-----------------------------------
다혈질

*****DEFINITION*****
그는 다혈질이다 He is short-tempered[quick-tempered; hot-tempered].
多血質
多 多 duō​   *多* | 多* | *多 many / much / often / a lot of / numerous / more / in excess / how (to what extent) / multi- / Taiwan pr. [duo2] when it means "how" HSK 1
血 血 xuè​   *血* | 血* | *血 blood / colloquial pr. [xie3] / CL: 滴, 片 HSK 4
質 质 zhì​   *质* | 质* | *质 character / nature / quality / plain / to pawn / pledge / hostage / to question / Taiwan pr. [zhi2] 質
多
많을 다 1. 많다 2. 낫다, 더 좋다, 뛰어나다 3. 아름답게 여기다 4. 많게 하다 5. 두텁다 6. 붇다, 늘어나다 7. 겹치다, 포개지다 8. (도량이)넓다 9. 중(重)히 여기다 10. 크다 11. 남다 12. 공훈(功勳), 전공(戰功)... [부수]夕(저녁석) [총획]6획 [난이도]중학용, 읽기 6급, 쓰기 5급
多樣
다양
①여러 가지 모양(模樣) 또는 양식(樣式) 　②모양(模樣)이나 양식(樣式)이 여러 가지임
多幸
다행
①운수(運數)가 좋음 　②일이 좋게 됨 　③뜻밖에 잘 됨
多數
다수
①수효(數爻)가 많음 　②또는, 많은 수효(數爻)
大多數
대다수
①대단히 많은 수 　②거의 다 　③전체수(全體數)의 거의 대부분(大部分)

血
피 혈 1. 피 2. 근친(近親) 3. (슬픔의)눈물 4. 빨간색 5. 월경(月經) 6. (피를)칠하다 7. 물들이다 [부수]血(피혈) [총획]6획 [난이도]중학용, 읽기 4급II, 쓰기 3급II
血液
혈액
사람 또는 동물(動物)의 몸 안에 돌며 산소(酸素)와 영양(營養)을 공급(供給)하는 붉은빛의 액체(液體). 피를 의학(醫學)ㆍ생리학(生理學)ㆍ생물학(生物學) 등(等)에서 이르는 말. 주(主)로, 치료(治療...
獻血
헌혈
자기(自己)의 피를 다른 사람에게 뽑아 주는 일
輸血
수혈
빈혈(貧血)이나 그밖의 치료(治療)의 목적(目的)으로, 건강(健康)한 사람의 혈액(血液)을 환자(患者)의 혈관(血管) 내(內)에 주입(注入)하는 일. 외상(外傷) 또는 수술(手術)로 인(因)한 실혈, 위장(胃腸)...
喀血
객혈
폐병 따위로 폐, 기관지(氣管支), 점막(粘膜) 등(等)에서 피를 토함

質
바탕 질,폐백 지 1. 바탕 2. 본질(本質) 3. 품질(品質) 4. 성질(性質), 품성(稟性) 5. 저당물(抵當物), 저당품(抵當品) 6. 맹세(盟誓) 7. 모양 8. 소박하다(素朴--), 질박하다(質樸ㆍ質朴--: 꾸민 데가 없이 수수하다)... [부수]貝(조개패) [총획]15획 [난이도]중학용, 읽기 5급II, 쓰기 4급II
蛋白質
단백질
아미노산으로 구성(構成)된 고분자(高分子) 화합물(化合物). 생물(生物) 세포(細胞)의 원형질(原形質)을 구성(構成)하는 주요(主要) 물질(物質)이며, 생명(生命) 현상(現象)과 밀접(密接)한 관련(關聯)을...
物質
물질
①물건(物件)의 본바탕 　②인간(人間) 의식(意識)으로부터 독립(獨立)된 고체(固體), 액체(液體), 기체(氣體) 상태(狀態)의 모든 것 　③재산(財産), 재물(財物)의 뜻
性質
성질
①사람이나 동물(動物)이 본디부터 가지고 있는 마음의 바탕 　②사물(事物)이나 현상(現象)이 지닌, 다른 것과 구별(區別)되는 특성(特性)
質問
질문
의문(疑問)이나 이유(理由)를 캐 물음


-----------------------------------
요식

*****DEFINITION*****
formality 그 서식에 서명을 하는 것은 요식적인 절차에 지나지 않는다 Signing the forms is no more than a formality.
要式
要 要 yāo​   *要* | 要* | *要 to demand / to request / to coerce
  要 yào​   *要* | 要* | *要 important / vital / to want / to ask for / will / going to (as future auxiliary) / may / must / (used in a comparison) must be / probably / if HSK 3
式 式 shì​   *式* | 式* | *式 type / form / pattern / style
要
요긴할 요 1. 요긴하다(要緊--), 중요하다(重要--) 2. 요약하다(要約--) 3. 모으다, 합치다(合--) 4. 원하다(願--), 바라다, 요구하다(要求--) 5. 맞히다, 적중하다(的中--) 6. 바루다 7. 얻다, 취득하다(取得--)... [부수]襾(덮을아) [총획]9획 [난이도]중학용, 읽기 5급II, 쓰기 4급II
必要
필요
①꼭 소용(所用)이 됨 　②없어서는 아니 됨
要求
요구
①필요(必要)하여 달라고 강력(强力)히 청(請)함 　②어떠한 작위(作爲) 또는 부작위(不作爲)의 행위(行爲)를 청구(請求)함 　③생활체(生活體)의 생리적(生理的), 심리적(心理的) 기구(機構)에 생기는...
重要
중요
매우 귀중(貴重)하고 소중(所重)함
需要
수요
구매력(購買力)의 뒷받침이 있는 상품(商品) 구매(購買)의 욕망(慾望)

式
법 식 1. 법(法) 2. 제도(制度) 3. 의식(儀式) 4. 정도(正度), 절도(節度) 5. 형상(形狀) 6. 점치는 기구(器具) 7. 수레의 손잡이 나무 8. 본뜨다 9. 본받다, 기준(基準)으로 삼고 따르다 10. 삼가다(몸가짐이나... [부수]弋(주살익) [총획]6획 [난이도]중학용, 읽기 6급, 쓰기 5급
方式
방식
일정(一定)한 방법(方法)이나 형식(形式)
公式
공식
①세상(世上)이 다 알도록 뚜렷하고 떳떳한 방식(方式). 공적(公的)으로 정(定)해진 형식(形式)이나 방식(方式) 　②관청(官廳)에서 규정(規定)한 방식(方式). 으레 정(定)해져 있는 일이나 행동(行動)...
形式
형식
①겉으로 드러나는 격식(格式) 　②내용(內容)을 담고 있는 바탕이 되는 틀
樣式
양식
①일정(一定)한 모양(模樣)과 방식(方式) 　②문학(文學), 예술(藝術), 공예(工藝) 따위에서 시대(時代) 또는 어떤 부류(部類)를 따라 각기 독특(獨特)하게 지니는 형식(形式)


-----------------------------------
불사하다

*****DEFINITION*****
be ready to, be willing to, be set to 경우에 따라서 죽음도 불사하겠다 I am willing to risk my life if necessary.
不辭
不 不 bù​   *不* | 不* | *不 (negative prefix) / not / no HSK 1
辭 辞 cí​   *辞* | 辞* | *辞 to resign / to dismiss / to decline / to take leave / ballad (archaic poetic genre) / variant of 詞｜词 辭
不
아닐 부,아닐 불 1. 아니다 2. 아니하다 3. 못하다 4. 없다 5. 말라 6. 아니하냐 7. 이르지 아니하다 8. 크다 9. 불통(不通: 과거에서 불합격의 등급) a. 아니다 (불) b. 아니하다 (불) c. 못하다 (불) d. 없다 (불) e.... [부수]一(한일) [총획]4획 [난이도]중학용, 읽기 7급II, 쓰기 6급
不可避
불가피
피할 수 없음
不拘
불구
주로 ＇∼하고＇로 쓰이어, 　＇무엇에 얽매이거나 거리끼지 아니하고＇의 뜻
不動産
부동산
토지(土地)나 집처럼 움직여서 옮길 수가 없는 재산(財産). 민법(民法) 상(上) 토지(土地) 및 건물(建物). 입목(立木)과 같은 토지(土地) 정착물(定着物)
不足
부족
①필요(必要)한 양이나 한계(限界)에 미치지 못하고 모자람. 넉넉하지 못함 　②만족(滿足)하지 않음. 마음에 차지 않음

辭
말씀 사 1. 말씀 2. 문체(文體) 이름 3. 핑계 4. 사퇴하다 5. 알리다 6. 청하다(請--) 7. 타이르다 8. 사양하다(辭讓--) [부수]辛(매울신) [총획]19획 [난이도]고등용, 읽기 4급, 쓰기 3급
辭退
사퇴
①받거나 응(應)하지 않고 사양(辭讓)하여 물리침 　②일정(一定)한 일을 그만두고 물러섬 　③또는, 작별(作別)을 고하고 물러감
辭表
사표
어떤 직에서 물러나겠다는 뜻을 적은 글
讚辭
찬사
칭찬(稱讚)하는 말, 찬미(讚美)하는 글이나 말
固辭
고사
굳이 사양(辭讓)함


-----------------------------------
감격

*****DEFINITION*****
[동사] be deeply moved[touched] (by/with) 가슴 벅찬 감격의 순간 an overwhelming moment
感激
感激 gǎn​jī​   *感激* | 感激* | *感激 to be grateful / to appreciate / thankful HSK 5
感
느낄 감,한할 감 1. 느끼다 2. 감응하다(感應--), 느낌이 통하다(通--) 3. 감동하다(感動--), 마음이 움직이다 4. 고맙게 여기다, 은혜(恩惠)를 새겨 두다 5. 깨닫다 6. 생각하다 7. 한하다(恨--: 몹시 억울하거나 원통하여... [부수]心(마음심) [총획]13획 [난이도]중학용, 읽기 6급, 쓰기 5급
敏感
민감
예민(銳敏)한 감각(感覺)
感情
감정
①사물(事物)에 느끼어 일어나는 심정(心情). 마음. 기분(氣分). 생각 　②쾌ㆍ불쾌(不快)를 중심(中心)으로 하는 의식(意識)의 주관적(主觀的) 측면(側面) 　③감각(感覺)이나 관념(觀念)에 따라 일어나는...
感謝
감사
①고마움 　②고맙게 여김 　③고맙게 여기고 사례(謝禮)함
感染
감염
①다른 풍습(風習)이 옮아서 물이 듦 　②병원체(病原體)가 몸 안에 들어오는 일. 발병(發病)하지 않을 수도 있음. 감염(感染)의 경로(經路)에 따라 공기(空氣) 감염(感染), 구강(口腔) 감염(感染), 접촉(接觸)...

激
격할 격 1. 격하다, 심하다(甚--: 정도가 지나치다) 2. 빠르다 3. 세차다 4. 격렬하다(激烈--) 5. (기가)높아지다 6. 과격하다(過激--), 직언하다(直言--) 7. (물결이)부딪쳐 흐르다 8. (물결이)부딪치다 9. (... [부수]氵(삼수변) [총획]16획 [난이도]고등용, 읽기 4급, 쓰기 3급
急激
급격
급(急)하고 격렬(激烈)함
激勵
격려
①몹시 장려(奬勵)함 　②마음이나 기운(氣運)을 북돋우어 힘쓰도록 함
過激
과격
지나치게 격렬(激烈)함
激烈
격렬
지극(至極)히 맹렬(猛烈)함


-----------------------------------
