활성화

*****DEFINITION*****
[명사] vitalization, invigoration, energization, [동사] vitalize, invigorate, energize 재래시장 활성화 방안을 논의하다 discuss ways to vitalize traditional markets
活性化
活性炭 huó​xìng​tàn​   *活性炭* | 活性炭* | *活性炭 activated carbon
女性化 nǚ​xìng​huà​   *女性化* | 女性化* | *女性化 to feminize / feminization
男性化 nán​xìng​huà​   *男性化* | 男性化* | *男性化 to masculinize / masculinization
活性剂 huó​xìng​jì​   *活性剂* | 活性剂* | *活性剂 reagent (chemistry) 活性劑
个性化 gè​xìng​huà​   *个性化* | 个性化* | *个性化 to personalize / to customize / customization 個性化
活
살 활,물 콸콸 흐를 괄 1. 살다 2. 생존하다(生存--), 목숨을 보전하다(保全--) 3. 태어나다 4. 생기가 있다 5. 응용하다(應用--) 6. 살리다, 소생시키다(蘇生ㆍ甦生---) 7. 생활(生活) 8. 생계(生計) a. 물 콸콸 흐르다 (괄) [부수]氵(삼수변) [총획]9획 [난이도]중학용, 읽기 7급II, 쓰기 6급
活動
활동
①기운(氣運)차게 움직임 　②무슨 일의 성과(成果)를 거두려고 운동(運動)함
生活
생활
①살아서 활동(活動)함. 생계(生計)를 유지(維持)하여 살아나감 　②먹고 입고 쓰고 하는 등(等)의 살림살이 　③일정(一定)한 조직체(組織體)에 매여 구성원(構成員)으로 활동(活動)함
活用
활용
①이리저리 잘 응용(應用)함 　②움직씨나 그림씨의 끝이 여러 가지 꼴로 바뀌는 현상(現象)
活潑
활발
생기 있고 힘차며 시원스러움

性
성품 성 1. 성품(性品), 타고난 사람의 천성(天性) 2. 바탕 3. 성질(性質), 사물(事物)의 본질(本質) 4. 생명(生命), 목숨 5. 마음 6. 만유(萬有)의 원인(原因) 7. 성별(性別) 8. 남녀(男女), 자웅(雌雄)의 구별(區別)... [부수]忄(심방변) [총획]8획 [난이도]중학용, 읽기 5급II, 쓰기 4급II
可能性
가능성
①가능(可能)한 성질(性質) 　②완성(完成)될 수 있는 성질(性質) 　③일정(一定)한 조건(條件) 밑에 현실적(現實的)이 될 수 있는 자격(資格)을 갖고 있는 일
柔軟性
유연성
유연(柔軟)한 성질(性質)
性格
성격
①성결 　②언행(言行), 사고(思考) 방식(方式), 몸가짐 등(等) 사람의 정신(精神) 생활(生活)의 모든 면에 나타나는 어느 정도(程度) 지속적(持續的)인, 각 개인(個人)에게 특유(特有)한 감정(感情),...
蓋然性
개연성
①꼭 단정(斷定)할 수는 없으나 대개 그러리라고 생각되는 성질(性質) 　②어떤 일이 일어날 수 있는 가능성(可能性)

化
될 화,잘못 와 1. 되다, 화하다(化--) 2. 교화하다(敎化--), 감화시키다(感化---) 3. 가르치다 4. 따르다, 본받다 5. 변천하다(變遷--), 달라지다 6. 죽다, 망하다(亡--) 7. 없애다, 제거하다(除去--) 8. 교역하다(交易--),... [부수]匕(비수비) [총획]4획 [난이도]중학용, 읽기 5급II, 쓰기 4급II
變化
변화
모양(模樣)이나 성질(性質)이 바뀌어 달라짐
强化
강화
①강하게 함 　②강하게 됨
惡化
악화
나쁘게 됨
文化
문화
인간(人間)의 공동(共同) 사회(社會)가 이룩하여 그 구성원(構成員)이 함께 누리는, 가치(價値) 있는 삶의 양식(樣式) 및 표현(表現) 체계(體系). 언어(言語)ㆍ예술(藝術)ㆍ종교(宗敎)ㆍ지식(知識)ㆍ도...


-----------------------------------
오로지

*****DEFINITION*****
only, solely, alone, exclusively, (formal) but 그는 오로지 학문에만 전념했다 He devoted himself solely to learning.

-----------------------------------
성향

*****DEFINITION*****
tendency, inclination, disposition, propensity 그곳은 전통적으로 보수적 성향이 강하다 Traditionally, the region has a strong conservative inclination[disposition].
性向
性向 xìng​xiàng​   *性向* | 性向* | *性向 aptitude / disposition / inclination
性
성품 성 1. 성품(性品), 타고난 사람의 천성(天性) 2. 바탕 3. 성질(性質), 사물(事物)의 본질(本質) 4. 생명(生命), 목숨 5. 마음 6. 만유(萬有)의 원인(原因) 7. 성별(性別) 8. 남녀(男女), 자웅(雌雄)의 구별(區別)... [부수]忄(심방변) [총획]8획 [난이도]중학용, 읽기 5급II, 쓰기 4급II
可能性
가능성
①가능(可能)한 성질(性質) 　②완성(完成)될 수 있는 성질(性質) 　③일정(一定)한 조건(條件) 밑에 현실적(現實的)이 될 수 있는 자격(資格)을 갖고 있는 일
柔軟性
유연성
유연(柔軟)한 성질(性質)
性格
성격
①성결 　②언행(言行), 사고(思考) 방식(方式), 몸가짐 등(等) 사람의 정신(精神) 생활(生活)의 모든 면에 나타나는 어느 정도(程度) 지속적(持續的)인, 각 개인(個人)에게 특유(特有)한 감정(感情),...
蓋然性
개연성
①꼭 단정(斷定)할 수는 없으나 대개 그러리라고 생각되는 성질(性質) 　②어떤 일이 일어날 수 있는 가능성(可能性)

向
향할 향,성씨 상 1. 향하다(向--) 2. 나아가다 3. 길잡다 4. 바라보다 5. 대하다(對--) 6. 대접(待接)을 받다 7. 누리다 8. 권하다(勸--) 9. 흠향하다(歆饗--) 10. 메아리 치다 11. 제사(祭祀) 지내다 12. 방향(方向) 13.... [부수]口(입구) [총획]6획 [난이도]중학용, 읽기 6급, 쓰기 5급
方向
방향
①어떤 곳을 향한 쪽 　②어떤 움직임, 현상(現象), 뜻하는 바가 나아가는 목표(目標)가 되는 쪽
向上
향상
위나 앞을 향(向)해 발전(發展)함
動向
동향
①마음의 움직임. 개인(個人)이나 집단(集團)의 심리(心理)ㆍ행동(行動)이 움직이는 방향(方向) 　②현상(現象)이 움직이는 방향(方向) 　③사회(社會)나 조직(組織)ㆍ기구(機構)의 사조(思潮)ㆍ정세(情勢)...
向後
향후
①뒤미처(그 뒤에 곧 잇따라) 오는 때나 자리 　②이다음


-----------------------------------
심리

*****DEFINITION*****
(마음의 움직임, 의식 상태) psychology, mentality 나는 그녀의 심리를 이해할 수가 없다 I can't understand the mentality of her.
心理
心理 xīn​lǐ​   *心理* | 心理* | *心理 mental / psychological HSK 5
心
마음 심 1. 마음, 뜻, 의지(意志) 2. 생각 3. 염통, 심장(心臟) 4. 가슴 5. 근본(根本), 본성(本性) 6. 가운데, 중앙(中央), 중심(中心) 7. 도(道)의 본원(本源) 8. 꽃술, 꽃수염 9. 별자리 이름 10. 진수(眞修:... [부수]心(마음심) [총획]4획 [난이도]중학용, 읽기 7급, 쓰기 6급
核心
핵심
사물(事物)의 중심(中心)이 되는 중요(重要)한 부분(部分)
關心
관심
어떤 일이나 대상(對象)에 흥미(興味)를 가지고 마음을 쓰거나 알고 싶어하는 상태(狀態)
疑心
의심
①마음에 미심(未審)하게 여기는 생각 　②믿지 못하는 모양(模樣)
疑懼心
의구심
의심(疑心)하고 두려워하는 마음

理
다스릴 리,다스릴 이 1. 다스리다 2. 다스려지다 3. 깁다(떨어지거나 해어진 곳을 꿰매다) 4. 수선하다(修繕--) 5. 깨닫다 6. 의뢰하다(依賴--) 7. 사리 8. 도리(道理) 9. 이치(理致) 10. 매개(媒介) 11. 거동(擧動) 12. 나무결... [부수]王(구슬옥변) [총획]11획 [난이도]중학용, 읽기 6급II, 쓰기 5급II
理由
이유
①까닭, 사유(事由), 내력(來歷) 　②넓은 뜻으로는 존재(存在)의 기초(基礎), 또는 진리(眞理)라고 할 수 있는 조건(條件) 　③좁은 뜻으로는 추리(推理) 상(上)의 결론(結論), 또는 귀결(歸結)의 전제(前提)가...
管理
관리
①사람을 통제(統制)하고 지휘(指揮) 감독(監督)하는 것 　②시설(施設)이나 물건(物件)의 유지(維持)ㆍ개량(改良) 따위를 꾀하는 것 　③일을 맡아 처리(處理)하는 것 　④건전(健全)한 심신(心身)의...
處理
처리
①일을 다스려 치러 감 　②사건(事件) 또는 사무(事務)를 갈무리하여 끝장을 냄
總理
총리
①전체(全體)를 모두 관리(管理)함 　②또는, 그 직책(職責)


-----------------------------------
연구소

*****DEFINITION*****
(research) laboratory, (informal) lab

-----------------------------------
번영

*****DEFINITION*****
[명사] prosperity, [동사] prosper 그 나라는 평화와 번영의 시기를 누리고 있다 The country is enjoying a period of peace and prosperity.
繁榮
繁荣 fán​róng​   *繁荣* | 繁荣* | *繁荣 prosperous / booming (economy) 繁榮 HSK 5
繁
번성할 번,뱃대끈 반,흴 파,날렵할 민 1. 번성하다(蕃盛ㆍ繁盛--) 2. 많다, 무성하다(茂盛--) 3. 번거롭다, 복잡하다(複雜--) 4. 잦다(잇따라 자주 있다) 5. 뒤섞이다 6. 바쁘다 7. 대개(大槪: 대부분) 8. 풀 이름 a. 뱃대끈(마소의 배에 걸쳐... [부수]糸(실사) [총획]17획 [난이도]고등용, 읽기 3급II, 쓰기 2급
繁榮
번영
번성(蕃盛ㆍ繁盛)하고 영화(榮華)롭게 됨
繁殖
번식
붇고 늘어서 많이 퍼지는 것
頻繁
빈번
일이 매우 잦음. 도수(度數)가 번거러울 정도(程度)로 잦고 복잡(複雜)함
繁昌
번창
①일이 한창 잘 되어 발전(發展)함 　②일이 한창 잘 되어 발전(發展)이 눈부심

榮
영화 영,꽃 영 1. 영화(榮華) 2. 영예(榮譽) 3. 영광(榮光) 4. 명예(名譽) 5. 피, 혈액 6. 꽃 7. 영광스럽다(榮光---) 8. 영예롭다(榮譽--) 9. 성하다(盛--: 기운이나 세력이 한창 왕성하다) 10. 무성하다(茂盛--) 11.... [부수]木(나무목) [총획]14획 [난이도]중학용, 읽기 4급II, 쓰기 3급II
繁榮
번영
번성(蕃盛ㆍ繁盛)하고 영화(榮華)롭게 됨
榮轉
영전
더 좋거나 높은 직위(職位)로 옮아감
榮光
영광
경쟁(競爭)에서 이기거나, 남이 하지 못한 어려운 일을 해냈을 때의 빛나는 영예(榮譽)
榮譽
영예
빛나는 명예(名譽)


-----------------------------------
지수

*****DEFINITION*****
index, quotient 종합주가지수가 큰 폭으로 상승[하락]했다 The composite stock index surged[nosedived].
指數
指数 zhǐ​shù​   *指数* | 指数* | *指数 (numerical, statistical) index / (math.) exponent / index / exponential (function, growth) 指數
指
가리킬 지 1. 가리키다, 손가락질하다 2. 지시하다(指示--), 가리켜 보이다 3. 곤두서다, 곧추 서다 4. 아름답다, 곱다 5. 손가락 6. 발가락 7. 마음, 뜻 [부수]扌(재방변) [총획]9획 [난이도]중학용, 읽기 4급II, 쓰기 3급II
指摘
지적
①꼭 집어서 가리킴 　②잘못을 들추어 냄
指揮
지휘
①어떤 목적(目的)을 효과적(效果的)으로 이루기 위(爲)하여 단체(團體)의 행동(行動)을 통솔(統率)하는 것. 어떤 일의 해야 할 방도를 지시(指示)하여 시킴 　②2인 이상(以上)이 연주(演奏)하는 음악(音樂)을...
指定
지정
①분명(分明)히 그렇게 가리켜 정(定)하는 것 　②행정(行政) 관청(官廳)이 법령(法令)이 정(定)하는 바에 의(依)하여 사정(事情)을 조사(調査)한 다음 어떤 자격(資格)을 주는 것
指示
지시
①(어떤 대상(對象)을) 가리켜 보이는 것 　②(어떤 일을 누구에게) 일러서 시키는 것 　③(법률(法律)ㆍ법학) 증권(證券) 상(上)의 기재(記載)에 의(依)하여 어떤 사람을 권리자(權利者)로 지정(指定)하는...

數
셈 수,자주 삭,촘촘할 촉 1. 셈, 산법 2. 역법(曆法) 3. 일정(一定)한 수량(數量)이나 수효(數爻) 4. 등급(等級), 구분(區分) 5. 이치(理致), 도리(道理) 6. 규칙(規則), 예법(禮法) 7. 정세, 되어 가는 형편(形便) 8. 꾀, 책략(策略)... [부수]攵(등글월문) [총획]15획 [난이도]중학용, 읽기 7급, 쓰기 6급
數値
수치
계산(計算)하여 얻은 수(數)
額數
액수
①돈의 머릿수 　②인원(人員)의 수효(數爻)
多數
다수
①수효(數爻)가 많음 　②또는, 많은 수효(數爻)
相當數
상당수
①어지간히 많은 수(數) 　②어떠한 기준량(基準量)에 상당(相當)하는 수(數)


-----------------------------------
실상

*****DEFINITION*****
(실제 상태) fact, truth 실상을 파악하다 understand the fact[truth]
實狀
實 实 shí​   *实* | 实* | *实 real / true / honest / really / solid / fruit / seed / definitely 實
狀 状 zhuàng​   *状* | 状* | *状 accusation / suit / state / condition / strong / great / -shaped 狀
實
열매 실,이를 지 1. 열매 2. 씨, 종자 3. 공물(貢物) 4. 재물(財物), 재화(財貨) 5. 내용(內容) 6. 바탕, 본질(本質) 7. 녹봉(祿俸: 벼슬아치에게 주던 급료), 작록(爵祿: 관작(官爵)과 봉록(俸祿)) 8. 자취(어떤 것이... [부수]宀(갓머리) [총획]14획 [난이도]중학용, 읽기 5급II, 쓰기 4급II
事實
사실
①실제(實際)로 있었던 일, 또는 있는 일 　②법률(法律) 상(上)으로 효과(效果)를 내는 현상(現象)이나 경험(經驗) 　③생각하였거나 말한 일에 대(對)하여 현실(現實)로 이루어졌거나 일어난 일로서...
實際
실제
현실(現實)의 경우(境遇)나 형편(形便)
實施
실시
실제(實際)로 시행(施行)함
實踐
실천
①실제(實際)로 해냄 　②자연(自然)이나 사회(社會)를 변혁(變革)하는 의식적(意識的)이고 계획적(計劃的)인 모든 활동(活動) 　③얻어진 인식(認識)의 참과 거짓을 검증(檢證)하는 일

狀
형상 상,문서 장 1. 형상(形狀) 2. 모양 3. 용모(容貌) 4. 정상(情狀) 5. 사실에 의한 근거(根據) 6. 공적(功績) 7. 형용하다(形容--) 8. 나타내다 9. 모방하다(模倣ㆍ摸倣ㆍ摹倣--) a. 문서(文書) (장) b. 편지(便紙ㆍ片紙)... [부수]犬(개견) [총획]8획 [난이도]고등용, 읽기 4급II, 쓰기 3급II
狀況
상황
어떤 일이 되어 가는 과정(過程)이나 또는 상태(狀態), 형편(形便)
狀態
상태
사물(事物)이나 현상(現象)이 현재(現在) 처하여 있는 형편(形便)이나 모양(模樣)
現狀
현상
①현재(現在)의 상태(狀態) 　②또는, 지금의 형편(形便)
令狀
영장
①법원(法院)이 형사(刑事) 사건(事件)에 관련(關聯)되는 사람이나 물건(物件)에 대(對)한 체포(逮捕), 구금(拘禁), 수색(搜索), 압수(押收) 따위 강제(强制) 처분(處分)을 하라고 내주는 문서(文書)....


-----------------------------------
빈곤

*****DEFINITION*****
(가난) [명사] poverty, (formal) penury, [형용사] poor 빈곤한 생활 a life of poverty 2개 뜻 더보기 : (가난) [명사] poverty, (formal) penury, [형용사] poor
貧困
贫困 pín​kùn​   *贫困* | 贫困* | *贫困 impoverished / poverty 貧困 HSK 6
貧
가난할 빈 1. 가난하다 2. 모자라다 3. 부족하다(不足--) 4. 빈궁하다(貧窮--) 5. 결핍되다(缺乏--) 6. 구차하다(苟且--) 7. 천하다(賤--) 8. 품위가 없다 9. 인색하다(吝嗇--) 10. 말이 많다 11. 수다스럽다 12.... [부수]貝(조개패) [총획]11획 [난이도]중학용, 읽기 4급II, 쓰기 3급II
貧困
빈곤
①가난하고 궁색(窮塞)하여 살기 어려움 　②내용(內容) 따위가 모자라거나 텅빔
貧富
빈부
가난함과 넉넉함
貧血
빈혈
피 속의 적혈구(赤血球)나 혈색소(血色素)의 수가 적어지는 현상(現象)
貧賤
빈천
가난하고 천함

困
곤할 곤 1. 곤하다(困--: 기운 없이 나른하다) 2. 졸리다 3. 지치다 4. 괴로움을 겪다, 시달리다 5. 위태롭다(危殆--), 위험하다(危險--) 6. 막다르다, 난처하다(難處--) 7. 괴롭다 8. 통하지 아니하다 9. 가난하다,... [부수]囗(큰입구몸) [총획]7획 [난이도]중학용, 읽기 4급, 쓰기 3급
困難
곤란
①어떤 일을 하는 입장(立場)ㆍ상황(狀況)ㆍ조건(條件) 등(等)이 좋지 않아 어렵거나 까다로운 상태(狀態) 　②경제적(經濟的)으로 몹시 어렵고 궁핍(窮乏)함
貧困
빈곤
①가난하고 궁색(窮塞)하여 살기 어려움 　②내용(內容) 따위가 모자라거나 텅빔
困境
곤경
①어렵고 딱한 형편(形便)이나 처지(處地) 　②곤란(困難)한 경우(境遇) 　③어려운 고비 　④딱한 지경(형편(形便))
困窮
곤궁
①가난하여 살림이 구차(苟且)함 　②어렵고 궁핍(窮乏)함


-----------------------------------
만연하다

*****DEFINITION*****
be rampant; (특정 시기·장소 등에) be prevalent (among/in), be endemic 우리 사회는 불신이 만연해 있다 Lack of trust among people is rampant in our society.
蔓延
蔓延 màn​yán​   *蔓延* | 蔓延* | *蔓延 to extend / to spread HSK 6
蔓
덩굴 만 1. 덩굴, 덩굴풀 2. 순무(십자화과의 한해살이풀 또는 두해살이풀) 3. 덩굴지다 4. 퍼지다 5. 뻗다 6. 감다 [부수]艹(초두머리) [총획]15획 [난이도]읽기 1급, 쓰기 특급
蔓延
만연
널리 번지어 퍼짐
蔓衍
만연
☞ 만연(蔓延)
蘿蔓
나만
담쟁이덩굴
天蔓菁
천만청
☞ 천명정(天名精)

延
늘일 연 1. 늘이다, 잇다 2. 늘어놓다, 벌여놓다 3. 끌다, 끌어들이다 4. 불러들이다 5. 이끌다, 인도하다(引導--) 6. 서로 통하다(通--) 7. 넓어지다, 퍼지다 8. 미치다(공간적 거리나 수준 따위가 일정한 선에... [부수]廴(민책받침) [총획]7획 [난이도]고등용, 읽기 4급, 쓰기 3급
遲延
지연
①오래 끎 　②더디게 끌어감 　③늘어짐 　④시기(時期)에 뒤짐
延長
연장
①시간(時間)이나 물건(物件)의 길이 따위를 처음에 정(定)한 것보다 늘이어 길게 함 　②여러 선의 길이를 연결(連結)했다고 생각한 때의 그 전체(全體)의 길이
延期
연기
정(定)한 때를 뒤로 물림
延滯
연체
①늦추어 지체(遲滯)함 　②기한(期限)이 늘어 지체(遲滯)됨


-----------------------------------
