국제

*****DEFINITION*****
국제 감각을 익히다 acquire[take on] a(n) cosmopolitan outlook[international mindset]
國際
国际 guó​jì​   *国际* | 国际* | *国际 international 國際 HSK 4
國
나라 국 1. 나라, 국가(國家) 2. 서울, 도읍(都邑) 3. 고향(故鄕) 4. 고장, 지방(地方) 5. 세상(世上), 세계(世界) 6. (나라를)세우다 [부수]囗(큰입구몸) [총획]11획 [난이도]중학용, 읽기 8급, 쓰기 6급II
國民
국민
①한 나라의 통치권(統治權) 아래에 그 나라의 국적(國籍)을 가지고 있는 인민(人民) 　②나라 백성(百姓)
韓國
한국
대한민국(大韓民國)의 약칭(略稱)
美國
미국
북아메리카 대륙(大陸)의 중앙부(中央部)를 차지하는 연방(聯邦) 공화국(共和國). 수도(首都)는 워싱턴. 미합중국(合衆國). 아메리카 합중국(合衆國). 유에스(U.S.). 유에스에이(U.S.A.)
國家
국가
①＇나라＇의 법적(法的)인 호칭(號稱) 　②일정(一定)한 영토(領土)를 가지며 거기에 거주(居住)하는 다수인(多數人)으로써 구성(構成)되어 하나의 통치(統治) 조직(組織)을 갖는 단체(團體). 통치권(統治權),...

際
즈음 제,가 제 1. 즈음 2. 가, 끝 3. 변두리 4. 사이 5. 때 6. 닿다 7. 만나다 8. 사귀다 [부수]阝(좌부변) [총획]14획 [난이도]고등용, 읽기 4급II, 쓰기 3급II
實際
실제
현실(現實)의 경우(境遇)나 형편(形便)
國際
국제
①나라와 나라 사이의 관계(關係) 　②세계(世界) 여러 나라에 공통적(共通的)인 것 　③여러 나라를 포괄(包括)하는 것
此際
차제
때마침 주어진 이 기회(機會)
國際社會
국제사회
다수(多數)의 국가(國家)가 상호(相互) 교통(交通)과 의존(依存)으로 국제적(國際的) 공동(共同) 생활(生活)을 영위(營爲)하는 사회(社會)


-----------------------------------
투명

*****DEFINITION*****
(속이 비치도록 맑음) [명사] transparency, [형용사] transparent, clear, (literary) limpid, (literary) pellucid 투명한 플라스틱 용기 a transparent plastic container 2개 뜻 더보기 : (속이 비치도록 맑음) [명사] transparency, [형용사] transparent, clear, (literary) limpid, (literary) pellucid
透明
透明 tòu​míng​   *透明* | 透明* | *透明 transparent / open (non-secretive) HSK 5
透
사무칠 투,놀랄 숙 1. 사무치다, 다하다 2. 꿰뚫다, 투과하다(透過--) 3. 통하다(通--) 4. 투명하다(透明--) 5. 환하다 6. 맑다 7. 달아나다 8. 뛰다, 뛰어오르다 9. 새다, 누설되다(漏泄ㆍ漏洩--) a. 놀라다 (숙) [부수]辶(책받침) [총획]11획 [난이도]고등용, 읽기 3급II, 쓰기 2급
透明
투명
①흐리지 않고 속까지 환히 트여 밝음 　②물체(物體)가 광선(光線)을 통과(通過)시킴. 빛은 물질(物質) 속을 지날 때 항상(恒常) 어느 정도(程度) 흡수(吸收)되는 데 그 정도(程度)가 약할 때를 이름
不透明
불투명
①속까지 비치게 환하지 못함 　②태도(態度)나 성질(性質) 따위가 확실(確實)하거나 분명(分明)하지 아니함 　③일이 되어 가는 모양(模樣)이나 앞날이 확실(確實)하지 아니함
透明性
투명성
투명(透明)한 성질(性質)
浸透
침투
①(액체(液體)가) 속으로 스며 젖어듦 　②세균(細菌)이나 병균 따위가 몸속에 들어옴 　③(어떤 현상(現狀)이나 사상(思想) 따위가) 깊이 스며들어 퍼짐 　④어떤 곳에 몰래 숨어 들어감

明
밝을 명 1. 밝다 2. 밝히다 3. 날새다 4. 나타나다, 명료(明瞭)하게 드러나다 5. 똑똑하다 6. 깨끗하다, 결백하다(潔白--) 7. 희다, 하얗다 8. 질서(秩序)가 서다 9. 갖추어지다 10. 높이다, 숭상하다(崇尙--),... [부수]日(날일) [총획]8획 [난이도]중학용, 읽기 6급II, 쓰기 5급II
說明
설명
①일정(一定)한 내용(內容)을 상대편(相對便)이 잘 알 수 있도록 풀어 밝힘, 또는 그 말 　②일정(一定)한 사물(事物)의 있는 그대로의 상태(狀態)를 밝힐 뿐만 아니라, 그것이 어떠한 법칙(法則)에 의(依)해서...
糾明
규명
자세(仔細)히 캐고 따져 사실(事實)을 밝힘
闡明
천명
사실(事實)이나 의사(意思)를 분명(分明)하게 드러내서 밝힘
透明
투명
①흐리지 않고 속까지 환히 트여 밝음 　②물체(物體)가 광선(光線)을 통과(通過)시킴. 빛은 물질(物質) 속을 지날 때 항상(恒常) 어느 정도(程度) 흡수(吸收)되는 데 그 정도(程度)가 약할 때를 이름


-----------------------------------
기구

*****DEFINITION*****
(도구) 난방 기구 a heating apparatus
器具
器具 qì​jù​   *器具* | 器具* | *器具 implement / ware
器
그릇 기 1. 그릇 2. 접시 3. 도구(道具) 4. (생물체의)기관(器官) 5. 그릇으로 쓰다 6. 그릇으로 여기다 7. 존중하다(尊重--) [부수]口(입구) [총획]16획 [난이도]고등용, 읽기 4급II, 쓰기 3급II
武器
무기
①전쟁(戰爭)에 쓰이는 총검, 화포(火砲), 핵병기(核兵器) 따위 온갖 기구(器具) 　②어떤 일을 달성(達成)하기 위(爲)한 힘이나 방패(防牌)가 되는 수단(手段)
核武器
핵무기
원자핵(原子核)이 분열(分裂), 융합(融合)할 때 생기는 힘을 이용(利用)한 무기(武器). 원자(原子) 폭탄(爆彈), 수소(水素) 폭탄(爆彈) 따위
呼吸器
호흡기
호흡(呼吸) 작용(作用)을 맡은 기관(氣管). 고등동물(高等動物)의 폐, 어류(魚類)의 아가미, 거미류의 폐서(肺書), 곤충류(昆蟲類)의 기관(氣管) 따위
器具
기구
①＇세간ㆍ그릇ㆍ도구(道具)＇ 따위의 통틀어 일컬음. 집물(什物) 　②구조(構造)나 조작(操作) 따위가 간단(簡單)한 기계(機械)

具
갖출 구 1. 갖추다, 갖추어지다 2. 구비하다(具備--) 3. 온전하다(穩全--), 족하다 4. 모두 5. 일일이 6. 자세히(仔細ㆍ子細-), 상세히 7. 함께, 다 같이 8. 차림 9. 그릇, 연장 10. 설비, 준비(準備) 11. 힘,... [부수]八(여덟팔) [총획]8획 [난이도]고등용, 읽기 5급II, 쓰기 4급II
具體的
구체적
사물(事物)이 뚜렷한 실체(實體)를 갖추고 실제(實際)의 형체(形體)ㆍ내용(內容)을 가지고 있는 모양(模樣)
道具
도구
①일에 쓰이는 여러 가지 연장, 제구(諸具) 　②불도(佛道)를 닦는 데 쓰는 기구(器具)의 총칭(總稱), 불상(佛像)ㆍ포단(布團)ㆍ바리때 등(等)
器具
기구
①＇세간ㆍ그릇ㆍ도구(道具)＇ 따위의 통틀어 일컬음. 집물(什物) 　②구조(構造)나 조작(操作) 따위가 간단(簡單)한 기계(機械)
具備
구비
①빠짐없이 차림 　②고루 갖추어 있음


-----------------------------------
제시

*****DEFINITION*****
(의견을) suggestion , suggest, (formal) propose 대안을 제시하다 suggest[propose] an alternative 3개 뜻 더보기 : (의견을) suggestion , suggest, (formal) propose
提示
提示 tí​shì​   *提示* | 提示* | *提示 to point out / to remind (sb of sth) / to suggest / suggestion / tip / reminder / notice HSK 6
提
끌 제,떼지어 날 시 1. 끌다, 이끌다 2. 끌어당기다 3. 거느리다 4. (손에)들다 5. 점잖게 걷다 6. 제시하다(提示--) 7. 던지다, 던져서 때리다 8. 끊다, 단절하다(斷切ㆍ斷截--) 9. 북 이름 10. 편안(便安)한 모양 a. 떼지어... [부수]扌(재방변) [총획]12획 [난이도]고등용, 읽기 4급II, 쓰기 3급II
提起
제기
①의견(意見)을 붙이어 의논(議論)할 것을 제초함 　②드러내어 문제(問題)를 일으킴
提供
제공
(어떤 사람에게, 또는 단체(團體)에 어떤 사물(事物)을) 가지거나 누리도록 주는 것
提示
제시
어떠한 뜻을 글이나 말로 드러내어 보이거나 가리킴
孩提
해제
어린아이

示
보일 시,땅 귀신 기,둘 치 1. 보이다 2. 보다, 간주하다(看做--) 3. 알리다, 일러주다 4. 지시하다(指示--) 5. 가르치다, 교도하다(敎導--) 6. 베풀다(일을 차리어 벌이다, 도와주어서 혜택을 받게 하다) 7. 고시(告示) 8. 지시(指示),... [부수]示(보일시) [총획]5획 [난이도]중학용, 읽기 5급, 쓰기 4급
提示
제시
어떠한 뜻을 글이나 말로 드러내어 보이거나 가리킴
示威
시위
①위력(威力)이나 기세(氣勢)를 드러내어 보임 　②시위(示威)운동(運動)
示唆
시사
미리 암시(暗示)하여 일러줌
指示
지시
①(어떤 대상(對象)을) 가리켜 보이는 것 　②(어떤 일을 누구에게) 일러서 시키는 것 　③(법률(法律)ㆍ법학) 증권(證券) 상(上)의 기재(記載)에 의(依)하여 어떤 사람을 권리자(權利者)로 지정(指定)하는...


-----------------------------------
운영하다

*****DEFINITION*****
[동사] manage, run, operate 조직을 운영하다 manage[run; operate] an organization
運營
运营 yùn​yíng​   *运营* | 运营* | *运营 to be in operation / to do business / (of train, bus etc) to be in service / operation / service 運營
運
옮길 운 1. 옮기다 2. 움직이다, 돌다 3. 나르다, 운반하다(運搬--) 4. 궁리하다(窮理--) 5. 쓰다, 운용하다(運用--) 6. 휘두르다, 가지고 놀다 7. 배를 젖다 8. 어지럽다 9. (멀리까지)미치다(영향이나 작용 따위가... [부수]辶(책받침) [총획]13획 [난이도]중학용, 읽기 6급II, 쓰기 5급II
運營
운영
조직(組織), 기구(機構) 따위를 운용(運用)하여 경영(經營)함
運動
운동
①물체(物體)가 시간(時間)의 경과(經過)에 따라 위치(位置)를 바꾸는 일 　②몸을 단련(鍛鍊)하거나 건강(健康)을 보존(保存)하기 위(爲)하여 몸을 움직이는 일 　③어떤 목적(目的)을 달성(達成)하기...
運命
운명
①앞으로의 존망이나 생사(生死)에 관(關)한 처지(處地). 　②운수(運數)와 명수(命數). 곧 인간(人間)을 둘러싼 선악(善惡), 길흉(吉凶), 화복(禍福) 등(等)의 온갖 것이 초인간적(超人間的)인 위력(偉力)에...
運用
운용
돈이나 물건(物件)ㆍ제도(制度) 따위의 기능(機能)을 부리어 씀

營
경영할 영 1. 경영하다(經營--) 2. 짓다 3. 꾀하다 4. 계획하다(計劃ㆍ計畫--) 5. 두려워하다 6. 변명하다(辨明--) 7. 오락가락하다 8. 재다 9. 현혹하다(眩惑--) 10. 갈다 11. 고을 이름 12. 별 이름 13. 진영 14.... [부수]火(불화) [총획]17획 [난이도]고등용, 읽기 4급, 쓰기 3급
運營
운영
조직(組織), 기구(機構) 따위를 운용(運用)하여 경영(經營)함
經營
경영
①규모(規模)를 정(定)하고 기초(基礎)를 세워 일을 해 나감 　②계획(計劃)을 세워 사업(事業)을 해 나감
陣營
진영
①군대(軍隊)가 집결(集結)하고 있는 곳 　②정치적(政治的), 사회적(社會的)으로 구분(區分)되어 구성(構成)된 집단(集團)
營養
영양
생물(生物)이 양분(養分)을 섭취(攝取)하여 삭임, 숨쉬기, 피돌기, 걸러내기 따위의 모든 작용(作用)을 돕고 체질(體質)의 소모(消耗)를 보충(補充)하여, 생활(生活) 기능(機能)을 유지(維持)하는 작용(作用)....


-----------------------------------
만연하다

*****DEFINITION*****
be rampant; (특정 시기·장소 등에) be prevalent (among/in), be endemic 우리 사회는 불신이 만연해 있다 Lack of trust among people is rampant in our society.
蔓延
蔓延 màn​yán​   *蔓延* | 蔓延* | *蔓延 to extend / to spread HSK 6
蔓
덩굴 만 1. 덩굴, 덩굴풀 2. 순무(십자화과의 한해살이풀 또는 두해살이풀) 3. 덩굴지다 4. 퍼지다 5. 뻗다 6. 감다 [부수]艹(초두머리) [총획]15획 [난이도]읽기 1급, 쓰기 특급
蔓延
만연
널리 번지어 퍼짐
蔓衍
만연
☞ 만연(蔓延)
蘿蔓
나만
담쟁이덩굴
天蔓菁
천만청
☞ 천명정(天名精)

延
늘일 연 1. 늘이다, 잇다 2. 늘어놓다, 벌여놓다 3. 끌다, 끌어들이다 4. 불러들이다 5. 이끌다, 인도하다(引導--) 6. 서로 통하다(通--) 7. 넓어지다, 퍼지다 8. 미치다(공간적 거리나 수준 따위가 일정한 선에... [부수]廴(민책받침) [총획]7획 [난이도]고등용, 읽기 4급, 쓰기 3급
遲延
지연
①오래 끎 　②더디게 끌어감 　③늘어짐 　④시기(時期)에 뒤짐
延長
연장
①시간(時間)이나 물건(物件)의 길이 따위를 처음에 정(定)한 것보다 늘이어 길게 함 　②여러 선의 길이를 연결(連結)했다고 생각한 때의 그 전체(全體)의 길이
延期
연기
정(定)한 때를 뒤로 물림
延滯
연체
①늦추어 지체(遲滯)함 　②기한(期限)이 늘어 지체(遲滯)됨


-----------------------------------
