언급하다

*****DEFINITION*****
reference, mention, refer (to), mention, make reference (to), make mention of 그는 아내에 대한 언급을 회피했다 He avoided mentioning his wife.
言及
言 言 yán​   *言* | 言* | *言 words / speech / to say / to talk
及 及 jí​   *及* | 及* | *及 and / to reach / up to / in time for
言
말씀 언,화기애애할 은 1. 말씀, 말 2. 견해(見解), 의견(意見) 3. 글 4. 언론(言論) 5. 맹세(盟誓)의 말 6. 호령(號令) 7. 하소연(딱한 사정 따위를 간곡히 호소함) 8. 건의(建議), 계책(計策) 9. 허물, 잘못 10. 혐극(嫌隙:... [부수]言(말씀언) [총획]7획 [난이도]중학용, 읽기 6급, 쓰기 5급
言論
언론
①말로나 글로써 자기(自己)의 의사(意思)를 발표(發表)하는 일 　②또는, 그 말이나 글
宣言
선언
①어떤나라가 다른 나라에 대(對)하여 행(行)하는 일방적(一方的)인 의사(意思) 표시(表示)　②나라와 나라 사이, 사회(社會) 집단(集團) 사이 또는 개인(個人) 상호(相互) 간(間)의 결정(決定)을 대외...
發言
발언
①의견(意見)을 나타내는 말 　②의견(意見)으로 말을 함　③말을 꺼냄
言及
언급
①어떤 일과 관련(關聯)하여 말함 　②말이 어떤 문제(問題)에 미침

及
미칠 급 1. 미치다(영향이나 작용 따위가 대상에 가하여지다), 닿다 2. 미치게 하다, 끼치게 하다 3. 이르다(어떤 장소나 시간에 닿다), 도달하다(到達--) 4. 함께 하다, 더불어 하다 5. 함께, 더불어 6. 및, 와... [부수]又(또우) [총획]4획 [난이도]중학용, 읽기 3급II, 쓰기 2급
言及
언급
①어떤 일과 관련(關聯)하여 말함 　②말이 어떤 문제(問題)에 미침
遡及
소급
지나간 일에까지 거슬러 올라가서 미치게 하는 것
普及
보급
널리 펴서 골고루 미치게 함. 널리 퍼뜨려서 알리거나 실행(實行)되게 함
及其也
급기야
마침내. 필경에는. 마지막에는


-----------------------------------
구조

*****DEFINITION*****
structure, constitution, organization 인간의 뇌 구조를 연구하다 study the structure of the human brain
構造
构造 gòu​zào​   *构造* | 构造* | *构造 structure / composition / tectonic (geology) / CL: 個｜个 構造
構
얽을 구,닥나무 구 1. 얽다 2. (생각을)얽어 짜내다 3. (거짓을)꾸며대다 4. 음해하다(陰害--: 음흉한 방법으로 남에게 해를 가하다) 5. 이간하다(離間--: 헐뜯어 서로 멀어지게 하다) 6. 맺다 7. 집을 짓다 8. 이루다 9.... [부수]木(나무목) [총획]14획 [난이도]고등용, 읽기 4급, 쓰기 3급
構造
구조
①꾸밈새 　②꾸며 만듦　③각 부분(部分)이나 요소(要素)들을 모아 어떤 전체(全體)를 짜 이룸
構成
구성
①여러 부분(部分)이나 요소(要素)들을 모아서 일정(一定)한 전체(全體)를 짜 이룸 　②여러 부분(部分)이나 요소(要素)들을 모아서 짜 이룬 일정(一定)한 전체(全體)
構築
구축
①쌓아 올려 만듦 　②(어떤 일의) 바탕을 닦아 이루거나 마련함
機構
기구
①얽어 잡은 구조(構造) 　②기계(機械) 내부(內部)의 구조(構造) 　③하나의 조직(組織)을 이루고 있는 구조적(構造的)인 체계(體系)

造
지을 조 1. 짓다 2. 만들다 3. 이루다 4. 성취하다(成就--) 5. 이룩하다 6. 양성하다(養成--) 7. 배양하다(培養--) 8. 기르다 9. 넣다 10. 조작하다 11. 가짜로 꾸미다 12. 날조하다(捏造--) 13. 시작하다(始作--)... [부수]辶(책받침) [총획]11획 [난이도]중학용, 읽기 4급II, 쓰기 3급II
構造
구조
①꾸밈새 　②꾸며 만듦　③각 부분(部分)이나 요소(要素)들을 모아 어떤 전체(全體)를 짜 이룸
造成
조성
①(단지ㆍ삼림(森林)ㆍ택지(宅地)ㆍ녹지 따위를) 인공적(人工的)ㆍ인위적(人爲的)으로 이루어 만드는 것 　②(분위기(雰圍氣)ㆍ상황(狀況) 따위를) 생겨나게 만드는 것
製造
제조
①큰 규모(規模)로 물건(物件)을 만듦 　②원료(原料)에 인공(人工)을 가(加)하여 정교품(精巧品)을 만듦
構造調整
구조조정
기업(企業)이나 산업(産業)의 구조적(構造的)인 불합리(不合理)한 점(點)을 해결(解決)하거나 조정(調整)하는 일


-----------------------------------
초조하다

*****DEFINITION*****
restlessness, nervousness, anxiety, restless, nervous, anxious, impatient 초조한 기색을 보이다 look anxious
焦燥
焦燥 jiāo​zào​   *焦燥* | 焦燥* | *焦燥 variant of 焦躁
焦
탈 초 1. 타다 2. 그을리다 3. 태우다 4. 탄내 나다 5. 바삭바삭하다 6. 초조(焦燥)하게 굴다 7. 안달하다(속을 태우며 조급하게 굴다) 8. 애태우다 [부수]灬(연화발) [총획]12획 [난이도]읽기 2급, 쓰기 1급
焦點
초점
①사물(事物)ㆍ관심(關心)ㆍ흥미(興味)가 집중(集中)되는 가장 중요(重要)한 부분(部分) 　②구면경ㆍ포물면경 등(等)에 있어서 광축에 평행(平行)한 입사 광선이 한 곳으로 모이는 점. 또는, 반사(反射)...
焦燥
초조
애를 태워서 마음을 졸이는 모양(模樣)
焦熱地獄
초열지옥
①팔열지옥(八熱地獄)의 하나 　②아주 덥거나 뜨거운 상태를 비유적으로 이르는 말 　③아주 고통스럽거나 어려운 상황을 비유적으로 이르는 말
焦勞
초로
(마음을)태우고 애씀

燥
마를 조 1. 마르다, (물기가)없어지다 2. 말리다, 마르게 하다 3. 애태우다, 초조하다(焦燥--) 4. 마른 물건(物件) [부수]火(불화) [총획]17획 [난이도]고등용, 읽기 3급, 쓰기 2급
乾燥
건조
습기(濕氣)나 물기가 없음, 마름
焦燥
초조
애를 태워서 마음을 졸이는 모양(模樣)
燥渴
조갈
목이 마름
乾燥爐
건조로
물기를 말리는 데 쓰는 노


-----------------------------------
부서

*****DEFINITION*****
department, division 어느 부서에서 근무하세요? Which department do you work in?
部署
部署 bù​shǔ​   *部署* | 部署* | *部署 to dispose / to deploy / deployment HSK 6
布署 bù​shǔ​   *布署* | 布署* | *布署 variant of 部署
部
떼 부,거느릴 부 1. 떼, 부락(部落), 집단(集團) 2. 마을, 관청(官廳) 3. 분류(分類), 구분(區分) 4. 분야(分野) 5. 부서(部署) 6. 지경(地境: 땅의 가장자리, 경계), 경계(經界) 7. 지역(地域), 구역(區域) 8. 곳, 장소(場所)... [부수]阝(우부방) [총획]11획 [난이도]중학용, 읽기 6급II, 쓰기 5급II
一部
일부
①전체(全體)의 한 부분(部分) 　②한번
部分
부분
전체(全體)를 몇으로 나눈 것의 하나하나
大部分
대부분
①반이 훨씬 넘는 수효(數爻)나 분량(分量) 　②거의 모두
部隊
부대
①어떤 일을 위(爲)해 똑같은 특징(特徵)을 지니고 한데 모인 사람들의 집단(集團) 　②하나의 단위(單位)를 이루는 군대(軍隊)의 조직(組織)

署
마을 서 1. 마을 2. 부서(部署) 3. 관청(官廳), 관아(官衙) 4. 표제(標題ㆍ表題), 제목(題目) 5. 대리(代理) 7. 벼슬, 관직(官職) 8. 수결(手決) 9. 임명하다(任命--) 10. 베풀다(일을 차리어 벌이다, 도와주어서... [부수]罒(그물망머리) [총획]14획 [난이도]고등용, 읽기 3급II, 쓰기 2급
署名
서명
①자기(自己)의 이름을 문서(文書)에 써넣음, 서류(書類)나 문서(文書)의 내용(內容)을 찬동(贊同)하거나 인정(認定)하는 표지(標識)로 자기(自己) 이름을 적음 　②문서(文書) 상(上)에서의 성명(姓名)...
部署
부서
여러 갈래로 나뉘어 있는 사무(事務)의 각 부분(部分)
官公署
관공서
관청(官廳)과 공서(公署)
消防署
소방서
소방에 관(關)한 일을 맡아보는 기관(機關). 서장(署長)은 소방정으로 보함


-----------------------------------
살벌하다

*****DEFINITION*****
bloody 그때는 폭동이 빈번했던 살벌한 시대였다 It was a bloody age with many riots.
殺伐
殺 杀 shā​   *杀* | 杀* | *杀 to kill / to murder / to attack / to weaken or reduce / to smart (dialect) / (used after a verb) extremely 殺 HSK 5
伐 伐 fá​   *伐* | 伐* | *伐 to cut down / to fell / to dispatch an expedition against / to attack / to boast / Taiwan pr. [fa1]
殺
죽일 살,감할 살,빠를 쇄,맴 도는 모양 설,윗사람 죽일 시 1. 죽이다 2. 죽다 3. 없애다 4. 지우다 5. 감하다(減--) 6. 얻다 7. 어조사(語助辭) a. 감하다(減--) (쇄) b. 내리다 (쇄) c. 덜다 (쇄) d. 심하다(甚--: 정도가 지나치다) (쇄) e. 빠르다 (쇄) f. 매우... [부수]殳(갖은등글월문) [총획]11획 [난이도]중학용, 읽기 4급II, 쓰기 3급II
被殺
피살
①살해(殺害)를 당(當)함 　②죽임을 당(當)함
自殺
자살
자기(自己) 목숨을 스스로 끊어서 죽음
殺害
살해
남의 생명(生命)을 해(害)침
相殺
상쇄
①(법률(法律)ㆍ법학) 상계(相計) 　②상반되는 것이 서로 영향(影響)을 미쳐서 효과(效果)가 없어지는 것

伐
칠 벌 1. 치다, 정벌하다(征伐--) 2. 베다 3. (북을)치다 4. 찌르다, 찔러 죽이다 5. 비평하다(批評--) 6. 모순되다(矛盾--), 저촉되다(抵觸--) 7. 무너지다 8. 자랑하다 9. 치료하다(治療--) 10. 방패(防牌ㆍ旁牌)... [부수]亻(사람인변) [총획]6획 [난이도]중학용, 읽기 4급II, 쓰기 3급II
討伐
토벌
군대(軍隊)를 보내어 반항(反抗)하는 무리를 침
矜伐
긍벌
겉으로 드러내어서 자랑함
自伐
자벌
①자기(自己)가 자기(自己)를 침 　②자기(自己)의 공(功)을 스스로 드러내어 자랑함
征伐
정벌
죄 있는 무리를 군대(軍隊)로써 침


-----------------------------------
간고사

*****DEFINITION*****
(종교) 간고사

-----------------------------------
빈번하다

*****DEFINITION*****
frequent 이 지역은 교통사고가 빈번한 곳이다 Traffic accidents are frequent in this area.
頻繁
频繁 pín​fán​   *频繁* | 频繁* | *频繁 frequently / often 頻繁 HSK 6
頻
자주 빈 1. 자주 2. 빈번히(頻繁-) 3. 급하다(急--), 절박하다(切迫--) 4. 찡그리다, 찌푸리다 5. 나란하다(여럿이 줄지어 늘어선 모양이 가지런하다), 나란히 서다 6. 어지러워지다 7. 친하다(親--), 가까이하다... [부수]頁(머리혈) [총획]16획 [난이도]고등용, 읽기 3급, 쓰기 2급
頻發
빈발
일이 자주 일어남
頻度
빈도
똑같은 것이 되풀이되는 도수(度數). 어떤 일이 되풀이되어 일어나는 정도(程度)
頻繁
빈번
일이 매우 잦음. 도수(度數)가 번거러울 정도(程度)로 잦고 복잡(複雜)함
迦陵頻伽
가릉빈가
(호성(好聲)의 뜻)①불경(佛經)에 나오는 상상(想像)의 새. 히말라야 산에 사는 데 소리가 곱기로 유명(有名)함. 또 극락정토(極樂淨土)에 깃들이며, 사람의 머리에 새의 몸 모양을 하고 있다 함. 옛날에...

繁
번성할 번,뱃대끈 반,흴 파,날렵할 민 1. 번성하다(蕃盛ㆍ繁盛--) 2. 많다, 무성하다(茂盛--) 3. 번거롭다, 복잡하다(複雜--) 4. 잦다(잇따라 자주 있다) 5. 뒤섞이다 6. 바쁘다 7. 대개(大槪: 대부분) 8. 풀 이름 a. 뱃대끈(마소의 배에 걸쳐... [부수]糸(실사) [총획]17획 [난이도]고등용, 읽기 3급II, 쓰기 2급
繁榮
번영
번성(蕃盛ㆍ繁盛)하고 영화(榮華)롭게 됨
繁殖
번식
붇고 늘어서 많이 퍼지는 것
頻繁
빈번
일이 매우 잦음. 도수(度數)가 번거러울 정도(程度)로 잦고 복잡(複雜)함
繁昌
번창
①일이 한창 잘 되어 발전(發展)함 　②일이 한창 잘 되어 발전(發展)이 눈부심


-----------------------------------
구도

*****DEFINITION*****
(예술 작품의 짜임새) composition 그림의 구도를 잡다 compose one's painting 2개 뜻 더보기 : (예술 작품의 짜임새) composition
構圖
构图 gòu​tú​   *构图* | 构图* | *构图 (art) composition 構圖
構
얽을 구,닥나무 구 1. 얽다 2. (생각을)얽어 짜내다 3. (거짓을)꾸며대다 4. 음해하다(陰害--: 음흉한 방법으로 남에게 해를 가하다) 5. 이간하다(離間--: 헐뜯어 서로 멀어지게 하다) 6. 맺다 7. 집을 짓다 8. 이루다 9.... [부수]木(나무목) [총획]14획 [난이도]고등용, 읽기 4급, 쓰기 3급
構造
구조
①꾸밈새 　②꾸며 만듦　③각 부분(部分)이나 요소(要素)들을 모아 어떤 전체(全體)를 짜 이룸
構成
구성
①여러 부분(部分)이나 요소(要素)들을 모아서 일정(一定)한 전체(全體)를 짜 이룸 　②여러 부분(部分)이나 요소(要素)들을 모아서 짜 이룬 일정(一定)한 전체(全體)
構築
구축
①쌓아 올려 만듦 　②(어떤 일의) 바탕을 닦아 이루거나 마련함
機構
기구
①얽어 잡은 구조(構造) 　②기계(機械) 내부(內部)의 구조(構造) 　③하나의 조직(組織)을 이루고 있는 구조적(構造的)인 체계(體系)

圖
그림 도 1. 그림 2. 도장(圖章) 3. 서적(書籍) 4. 책(冊) 5. 규칙(規則) 6. 그리다 7. 베끼다 8. 꾀하다 9. 대책(對策)과 방법(方法)을 세우다 10. 꾀하여 손에 넣다 11. 헤아리다 12. 계산하다(計算--) 13. 세다... [부수]囗(큰입구몸) [총획]14획 [난이도]중학용, 읽기 6급II, 쓰기 5급II
試圖
시도
①무엇을 이루어 보려고 계획(計劃)하거나 행동(行動)하는 것 　②시험적(試驗的)으로 해 봄
意圖
의도
①하고자 하는 생각이나 계획(計劃) 　②또는, 무엇을 하려고 꾀하는 것
圖謀
도모
앞으로 할 일을 이루기 위(爲)하여 수단(手段)과 방법(方法)을 꾀함
地圖
지도
지구(地球) 표면(表面)의 일부(一部)나 전부(全部)를 일정(一定)한 축척(縮尺)에 따라 평면(平面) 위에 나타낸 그림. 여러 가지 일정(一定)한 기호(記號)ㆍ문자(文字)ㆍ색 따위를 써서 바다ㆍ산천(山川...


-----------------------------------
매몰되다

*****DEFINITION*****
be buried (under/beneath) 산사태로 집이 매몰되었다 The house was buried under the landslide.
埋沒
埋没 mái​mò​   *埋没* | 埋没* | *埋没 to engulf / to bury / to overlook / to stifle / to neglect / to fall into oblivion 埋沒 HSK 6
埋
묻을 매 1. 묻다, 땅에 파묻다 2. 장사지내다(葬事---) 3. 감추다, 드러나지 않게 감추어지다 4. 메우다, 채우다 5. 영락하다(零落--: 보잘것없이 되다), 낙백하다(落魄--) [부수]土(흙토) [총획]10획 [난이도]고등용, 읽기 3급, 쓰기 2급
埋沒
매몰
파묻음. 파묻힘
埋立地
매립지
매립(埋立)한 땅
埋葬
매장
①송장을 땅에 묻음 　②못된 짓을 한 사람을 사회(社會)에서 용납(容納)하지 못하게 함
埋立
매립
우묵한 땅을 메워 올림. 바닷가나 강가를 메워서 뭍을 만드는 일

沒
빠질 몰 1. (물에)빠지다, 가라앉다 2. 잠수하다(潛水--), 무자맥질하다(물속에서 팔다리를 놀리며 떴다 잠겼다 하다) 3. 다하다, 끝나다, 바닥나다(돈이나 물건을 다 써서 없어지다) 4. 마치다 5. 죽다(=歿) 6.... [부수]氵(삼수변) [총획]7획 [난이도]고등용, 읽기 3급II, 쓰기 2급
汨沒
골몰
①다른 생각을 일절 하지 않고 한 가지 일에만 온 정신(精神)을 쏟음 　②부침(浮沈)
沒頭
몰두
다른 생각을 할 여유(餘裕)가 없이 어떤 일에 오로지 파묻힘
埋沒
매몰
파묻음. 파묻힘
沒落
몰락
성하던 것이 쇠하여 아주 형편(形便)없이 됨. 사회적(社會的)ㆍ경제적(經濟的)으로 쇠하여 보잘것없이 됨


-----------------------------------
