대결

*****DEFINITION*****
[명사] fight, contest, showdown, (informal) face-off; (대립 상황) confrontation (with); (스포츠에서의) match , [동사] fight 여야 간의 대결 a confrontation between the ruling party and the opposition parties
對決
对决 duì​jué​   *对决* | 对决* | *对决 confrontation / contest / showdown 對決
對
대할 대 1. 대하다(對--), 마주하다 2. 대답하다(對答--) 3. 대조하다(對照--), 맞추어 보다 4. 상대, 맞수 5. 짝, 배우자(配偶者) 6. 대구(對句) 7. 벌(옷을 세는 단위) 8. 쌍(두 짝으로 이루어 진 것의 단위)... [부수]寸(마디촌) [총획]14획 [난이도]중학용, 읽기 6급II, 쓰기 5급II
對策
대책
①어떤 사건(事件) 또는 시국(時局)에 대(對)한 방책(方策) 　②상대방(相對方)의 태도(態度)나 술책(術策)에 응(應)하는 방책(方策) 　③귀현(貴顯)한 사람의 순문(詢問)에 대답(對答)하는 책문(策文)
對象
대상
사람이 어떤 행위(行爲)를 할 때, 그 목적(目的)이 되는 사물(事物)이나 상대(相對)가 되는 사람
對應
대응
①마주 대함 　②상대(相對)함 　③서로 같음. 상등(相等)함 　④상대(相對)에 응(應)하여 수작함 　⑤합동(合同)되는 도형(圖形)의 서로 같은 점ㆍ변ㆍ면 또는 대칭(對稱)되는 두 도형(圖形)에서 서로...
反對
반대
①두 사물(事物)이 맞서 있는 상태(狀態) 　②무엇에 맞서서 거스름 　③사물(事物)의 위치(位置)ㆍ방향(方向)ㆍ순서(順序) 따위가 정상(正常)이 아니고 거꾸로 됨, 또는 그러한 상태(狀態) 　④어떤 ...

決
결단할 결,빠를 혈 1. 결단하다(決斷--), (승부를)가리다 2. 결정하다(決定--), 분별하다(分別--), 판단하다(判斷--) 3. 과감하다(果敢--) 4. 틔우다, 흐르게 하다 5. 터지다, 열리다 6. 자르다, 절단하다(切斷ㆍ截斷--)... [부수]氵(삼수변) [총획]7획 [난이도]중학용, 읽기 5급II, 쓰기 4급II
決定
결정
①마지막으로 작정(作定)함, 일의 매듭을 지음 　②법원(法院)에서 행(行)하는 판결(判決) 및 명령(命令) 이외(以外)의 판결(判決)
解決
해결
①얽힌 일을 풀어 처리(處理)함 　②문제(問題)를 풀어서 결말(結末)을 지음 　③안어울림음을 어울림음으로 이끄는 일 따위
判決
판결
①시비(是非). 선악(善惡)을 가리어 결정(決定)함. 부결(剖決) 　②민사소송법(民事訴訟法)에서 소송(訴訟)에 대(對)하여, 구두(口頭) 변론(辯論) 또는 공판(公判)의 결과(結果)에 의(依)하여 행(行)해지는...
決裂
결렬
①여러 갈래로 찢어짐 　②의견(意見)이 일치(一致)하지 아니하여 각각(各各) 헤어짐


-----------------------------------
자화상

*****DEFINITION*****
(그림) self-portrait 자화상을 그리다 paint[draw] a self-portrait 2개 뜻 더보기 : (그림) self-portrait
自畵像
自画像 zì​huà​xiàng​   *自画像* | 自画像* | *自画像 self-portrait 自畫像
自
스스로 자 1. 스스로, 몸소, 자기(自己) 2. 저절로, 자연히(自然-) 3. ~서부터 4. 써 5. 진실로(眞實-) 6. 본연(本然) 7. 처음, 시초(始初) 8. 출처(出處) 9. 코(=비(鼻)의 고자(古字)) 10. 말미암다, ~부터 하다... [부수]自(스스로자) [총획]6획 [난이도]중학용, 읽기 7급II, 쓰기 6급
自身
자신
①제 몸 　②딴 말에 붙어서 딴 어떤 것도 아니고 그 스스로임을 강조(强調)할 때 쓰는 말
自由
자유
①남의 구속(拘束)을 받지 않고, 자기(自己) 마음대로 함 　②자기(自己)가 뜻하는 대로 함. 마음내키는 대로 함 　③법률(法律)의 범위(範圍) 안에서 마음대로 하는 행위(行爲). 권리(權利), 의무(義務)를...
自體
자체
①제 몸 　②그 자신(自身) 　③사물(事物)의 본새
自然
자연
①저절로 그렇게 되는 모양(模樣). 사람의 힘을 더하지 않는 천연(天然) 그대로의 상태(狀態) 　②조화(調和)의 힘에 의(依)하여 이루어진 일체(一切)의 것

畵
그림 화,그을 획 1. 그림 2. 그리다 3. 그림으로 장식(裝飾)된 a. 긋다 (획) b. 분할하다(分割--) (획) c. 구분하다(區分--) (획) d. 계획하다(計劃ㆍ計畫--) (획) e. 설계하다 (획) f. 꾀하다 (획) g. 계책(計策) (획)... [부수]田(밭전) [총획]13획 [난이도]읽기 특급II
漫畵
만화
☞ 만화(漫畫)
漫筆畵
만필화
☞ 만필화(漫筆畫)
人物畵
인물화
☞ 인물화(人物畫)
眞彩畵
진채화
☞ 진채화(眞彩畫)

像
모양 상 1. 모양, 형상(形狀) 2. 본뜬 형상(形狀), 본떠 그린 모양 3. 초상(肖像) 4. 법식(法式), 양식(樣式) 5. 법(法), 규범(規範) 6. 본뜨다, 닮다, 모방하다(模倣ㆍ摸倣ㆍ摹倣--) 7. 닮다, 비슷하다 8. 따르다,... [부수]亻(사람인변) [총획]14획 [난이도]고등용, 읽기 3급II, 쓰기 2급
想像
상상
①미루어 생각함. 이미 아는 사실(事實)이나 관념(觀念)을 재료(材料)로 하여 새 사실(事實)과 새 관념(觀念)을 만드는 작용(作用) 　②어떤 사물(事物)의 사정(事情)이나 마음을 미루어 생각함
畫像
화상
①그림으로 그린 초상(肖像) 　②얼굴의 속(俗)된 말 　③어떠한 사람을 못마땅하게 이르는 말 　④텔레비전 수상기의 화면에 나타나는 상(像)
動映像
동영상
컴퓨터 화면(畫面)에 영화(映畫)처럼 연속적(連續的)으로 움직이는 상태(狀態)로 나타나는 영상(映像)
氣像
기상
사람의 타고난 성품(性品)과 몸가짐


-----------------------------------
충동

*****DEFINITION*****
(순간적 욕구) impulse, urge (to do), drive, compulsion (to do) 성적 충동을 느끼다 feel[have] a sexual urge
衝動
冲动 chōng​dòng​   *冲动* | 冲动* | *冲动 to have an urge / to be impetuous / impulse / urge 衝動 HSK 6
衝
찌를 충,뒤얽힐 종 1. 찌르다, 치다 2. 부딪치다 3. 향하다(向--) 4. 움직이다 5. 돌다, 회전하다(回轉ㆍ廻轉--) 6. 용솟음치다 7. 목, 요긴(要緊)한 곳 8. 길, 통로(通路) 9. 거리 10. 전거(戰車)의 이름 a. 뒤얽히다 (종) [부수]行(다닐행) [총획]15획 [난이도]고등용, 읽기 3급II, 쓰기 2급
衝擊
충격
①서로 맞부딪쳐서 몹시 침 　②마음에 격동(激動)을 받는 강(强)한 자극(刺戟). 쇼크 　③물체(物體)에 대(對)해 급격(急激)히 가(加)해지는 힘
衝突
충돌
①서로 대질러서 부딪침 　②쌍방(雙方)의 의견(意見)이 맞지 아니하여 서로 맞섬
衝擊的
충격적
마음에 충격(衝擊)을 주거나 사회적(社會的)으로 충격(衝擊)을 주는 것
折衝
절충
적의 창끝을 꺾어 막는다는 뜻에서, 　외교(外交), 기타의 교섭(交涉)에서 담판(談判)하거나 흥정하는 일

動
움직일 동 1. 움직이다 2. 옮기다 3. 흔들리다 4. 동요하다(動搖--) 5. 떨리다 6. 느끼다 7. 감응하다(感應--) 8. 일하다 9. 변하다(變--) 10. 일어나다 11. 시작하다(始作--) 12. 나오다 13. 나타나다 14. 어지럽다 [부수]力(힘력) [총획]11획 [난이도]중학용, 읽기 7급II, 쓰기 6급
活動
활동
①기운(氣運)차게 움직임 　②무슨 일의 성과(成果)를 거두려고 운동(運動)함
運動
운동
①물체(物體)가 시간(時間)의 경과(經過)에 따라 위치(位置)를 바꾸는 일 　②몸을 단련(鍛鍊)하거나 건강(健康)을 보존(保存)하기 위(爲)하여 몸을 움직이는 일 　③어떤 목적(目的)을 달성(達成)하기...
不動産
부동산
토지(土地)나 집처럼 움직여서 옮길 수가 없는 재산(財産). 민법(民法) 상(上) 토지(土地) 및 건물(建物). 입목(立木)과 같은 토지(土地) 정착물(定着物)
行動
행동
①동작(動作)을 하여 행(行)하는 일 　②반사적(反射的), 본능적(本能的)인 동작(動作)이나 반응(反應)ㆍ자극(刺戟)에 대(對)한 근육(筋肉) 반응(反應)이나 내분비(內分泌)샘의 작용(作用) 상태(狀態)...


-----------------------------------
문득

*****DEFINITION*****
suddenly, all of a sudden 문득 옛일이 생각났다 An old memory suddenly returned to me.

-----------------------------------
무렵

*****DEFINITION*****
19세기가 끝날 무렵에 toward the end of the 19th century

-----------------------------------
동병상련

*****DEFINITION*****
나도 일찍 부모님을 여의었기에 그녀에게 동병상련을 느꼈다 I sympathized with her because I had lost my parents early as well.
同病相憐
同病相怜 tóng​bìng​xiāng​lián​   *同病相怜* | 同病相怜* | *同病相怜 fellow sufferers empathize with each other (idiom); misery loves company 同病相憐
同
한가지 동 1. 한가지 2. 무리(모여서 뭉친 한 동아리) 3. 함께(=同) 4. 그 5. 전한 바와 같은 6. 같다 7. 같이하다 8. 합치다(合--) 9. 균일(均一)하게 하다 10. 화합하다(和合--) 11. 모이다 12. 회동하다 [부수]口(입구) [총획]6획 [난이도]중학용, 읽기 7급, 쓰기 6급
共同
공동
①여러 사람이 일을 같이 함 　②여러 사람이 같은 자격(資格)으로 모이는 결합(結合)
同盟
동맹
①개인(個人)ㆍ단체(團體) 및 국가(國家)가 서로 공동(共同)의 목적(目的)을 이루기 위(爲)하여 동일(同一)한 행동(行動)을 취할 것을 맹세(盟誓)하여 맺는 약속(約束)이나 언약(言約) 　②또는, 그 결...
同時
동시
①같은 때 　②같은 시간(時間) 　③같은 시기(時期) 　④같은 시대(時代)
同僚
동료
①같은 곳에서 같은 일을 보는 사람 　②임무(任務)가 같은 사람

病
병 병 1. 병(病), 질병(疾病) 2. 근심 3. 흠, 결점(缺點), 하자(瑕疵) 4. 성벽(性癖), 좋지 않은 버릇 5. 손해(損害) 6. 병들다(病--), 앓다 7. 피로하다(疲勞--), 지치다 8. 시들다, 마르다 9. 괴로워하다 10.... [부수]疒(병질엄) [총획]10획 [난이도]중학용, 읽기 6급, 쓰기 5급
痼疾病
고질병
①오래도록 낳지 아니하여 고치기 어려운 병　②오래되어 바로잡기 어렵게 된 나쁜 버릇
病院
병원
①병든 사람을 진찰(診察), 치료(治療) 및 예방(豫防)하기 위(爲)하여 설비(設備)를 갖추어 놓은 곳 　②병든 사람 스무 명 이상(以上)을 수용(收容)하면서 치료(治療)할 수 있는 시설(施設)을 한 곳
疾病
질병
①신체(身體)의 온갖 기능(機能)의 장애(障礙)로 말미암은 병 　②건강(健康)하지 않은 상태(狀態) 질환(疾患)
病弊
병폐
병통(病痛)과 폐단(弊端)

相
서로 상,빌 양 1. 서로 2. 바탕 3. 도움, 보조자(補助者) 4. 시중드는 사람, 접대원(接待員) 5. 담당자(擔當者) 6. 정승(政丞) 7. 모양, 형상(形象ㆍ形像) 8. 방아타령 9. 악기(樂器) 이름 10. 자세히 보다 11. 돕다... [부수]目(눈목) [총획]9획 [난이도]중학용, 읽기 5급II, 쓰기 4급II
樣相
양상
①생김새나 모습 　②판단(判斷)의 확실성(確實性). 곧, 일정(一定)한 판단(判斷)의 타당(妥當)한 정도(程度)
相對
상대
①서로 마주 보고 있음, 마주 겨룸. 또는 그 대상(對象) 　②서로 대립(對立)이 됨 　③다른 것과 관계(關係)가 있어, 그것과 떨어져 존재(存在)할 수 없는 것. 그것과 함께 변화(變化)함. 상대자(相對者)
相當
상당
①일정(一定)한 액수(額數)나 수치(數値) 따위에 해당(該當)함　②대단한 정도(程度)에 가까움 　③적지 않은 정도(程度)
相互
상호
서로. 서로서로

憐
불쌍히 여길 련,불쌍히 여길 연,이웃 린,이웃 인 1. 불쌍히 여기다 2. 가엾게 여기다 3. 어여삐 여기다 4. 귀여워하다 5. 사랑하다 6. 동정(同情) 7. 사랑 a. 이웃 (린) [부수]忄(심방변) [총획]15획 [난이도]고등용, 읽기 3급, 쓰기 2급
憐憫
연민
①가엾어 함 　②불쌍히 여김
憐愍
연민
☞ 연민(憐憫)
可憐
가련
①불쌍함 　②가엾음 　③애틋하게 동정심(同情心)이 감
哀憐
애련
남의 불행(不幸)을 가엾게 여김


-----------------------------------
조차

*****DEFINITION*****
나는 서 있기조차 힘들었다 I wasn't even able to stand.

-----------------------------------
무디다

*****DEFINITION*****
(칼날 등이) blunt, dull 칼날이 너무 무디다 The blade is too blunt[dull]. 2개 뜻 더보기 : (칼날 등이) blunt, dull

-----------------------------------
물들다

*****DEFINITION*****
(빛깔이) be[get] dyed, be[get] colored, be tinged (with) 까맣게[파랗게] 물들다 be dyed black[blue] 2개 뜻 더보기 : (빛깔이) be[get] dyed, be[get] colored, be tinged (with)

-----------------------------------
견제

*****DEFINITION*****
[명사] check, [동사] keep[hold] (sb/sth) in check 견제와 균형 checks and balances
牽制
牵制 qiān​zhì​   *牵制* | 牵制* | *牵制 to control / to curb / to restrict / to impede / to pin down (enemy troops) 牽制 HSK 6
牽
이끌 견,끌 견 1. 이끌다 2. 끌다 3. 강제하다(強制--) 4. 거리끼다, 구애되다(拘礙--) 5. 매이다 6. 관련되다(關聯ㆍ關連--), 연계되다(連繫ㆍ聯繫--) 7. 거느리다, 통솔하다(統率--) 8. 끌려가는 동물(動物), 희생(犧牲)... [부수]牛(소우) [총획]11획 [난이도]고등용, 읽기 3급, 쓰기 2급
牽制
견제
①끌어 당기어 자유(自由)로운 행동(行動)을 하지 못하게 함 　②적을 자기(自己) 쪽에 유리(有利)한 지점(地點)으로 이끌어서 억누르고 자유(自由) 행동(行動)을 못 하게 방해(妨害)함
牽引車
견인차
①짐을 실은 차량(車輛)을 끄는 기관차(機關車) 　②견인(牽引) 자동차(自動車) 　③선두에 서서 여러 사람을 이끌어 가는 사람을 비유적(比喩的)으로 이르는 말
牽制球
견제구
(선수(選手)에서) 주자의 도루(盜壘)를 막기 위(爲)하여, 또는 베이스에서 떨어져 있는 주자를 잡으려고, 투수(投手)나 포수가 누수(壘手)에게 던지는 공
牽引
견인
끌어당김

制
절제할 제,지을 제 1. 절제하다(節制--) 2. 억제하다(抑制--) 3. 금하다(禁--) 4. 마름질하다 5. 짓다 6. 만들다 7. 맡다 8. 바로잡다 9. 법도(法度) 10. 규정(規定) 11. 천자(天子)의 말 [부수]刂(선칼도방) [총획]8획 [난이도]고등용, 읽기 4급II, 쓰기 3급II
制度
제도
①제정(制定)된 법규(法規) 　②나라의 법칙(法則) 　③국가(國家)ㆍ사회(社會) 구조(構造)의 체제(體制)
牽制
견제
①끌어 당기어 자유(自由)로운 행동(行動)을 하지 못하게 함 　②적을 자기(自己) 쪽에 유리(有利)한 지점(地點)으로 이끌어서 억누르고 자유(自由) 행동(行動)을 못 하게 방해(妨害)함
規制
규제
①규정(規定)에 따른 통제(統制) 　②(어떤 일을) 법이나 규정(規定)으로 제한(制限)하거나 금(禁)하는 것
制限
제한
①정(定)해진 한계(限界). 또는, 한계(限界)를 정(定)함. 한제(限制). 한정(限定) 　②어떤 개념(槪念)에 새로운 내포(內包)를 가(加)하여서 외연(外延)을 작게 하는 일. 가령, 동물(動物)이라는 개념(槪念)에...


-----------------------------------
심도

*****DEFINITION*****
(바다·강 등의) depth 심도를 재다 measure the depth (of) 2개 뜻 더보기 : (바다·강 등의) depth
深度
深度 shēn​dù​   *深度* | 深度* | *深度 depth / (of a speech etc) profundity / advanced stage of development
深
깊을 심 1. 깊다 2. 깊어지다 3. (색이)짙다 4. 심하다(甚--: 정도가 지나치다) 5. 두텁다, 후하다(厚--) 6. 무성하다(茂盛--), 우거지다 7. 많다, 넉넉하다 8. (책임이)중하다, 무겁다 9. 감추다, 숨기다 10.... [부수]氵(삼수변) [총획]11획 [난이도]중학용, 읽기 4급II, 쓰기 3급II
深刻
심각
①마음에 깊이 새겨 두는 일 　②크게 감동(感動)시키는 것이 있는 일 　③일을 깊이 파고들어 생각하거나 추구(追求)하는 일 　④사태(事態)가 절박(切迫)하여, 중대(重大)한 일
深化
심화
①깊게 함 　②또는, 깊어짐
深刻性
심각성
심각(深刻)한 상태(狀態)를 띤 성질(性質)
深夜
심야
깊은 밤

度
법도 도,헤아릴 탁,살 택 1. 법도(法度), 법제(法制), 법(法) 2. 자, 도구(道具) 3. 도수(度數: 거듭하는 횟수), 횟수(回數), 번 4. 도(온도 등의 단위) 5. 기량(技倆ㆍ伎倆), 국량(局量: 남의 잘못을 이해하고 감싸주며 일을 능히... [부수]广(엄호) [총획]9획 [난이도]중학용, 읽기 6급, 쓰기 5급
程度
정도
①알맞은 한도(限度). 정한(定限) 　②얼마 가량의 분량(分量) 　③다른 것과 비교(比較)해서 우열(優劣)의 어떠함
制度
제도
①제정(制定)된 법규(法規) 　②나라의 법칙(法則) 　③국가(國家)ㆍ사회(社會) 구조(構造)의 체제(體制)
態度
태도
①속의 뜻이 드러나 보이는 겉모양(模樣) 　②몸을 가지는 모양(模樣). 스타일. 몸가짐
速度
속도
①움직이는 사물(事物)의 빠르기, 빠른 정도(程度) 　②물체(物體)의 운동(運動)을 나타내는 양(量)


-----------------------------------
