유용

*****DEFINITION*****
[명사] misuse, (formal) appropriation; (횡령) embezzlement, (formal) misappropriation , [동사] misuse, appropriate, divert sth to[from] sth; (횡령하다) embezzle, (formal) misappropriate 공금을 유용하다 misappropriate[misuse] public[government] funds
流用
流 流 liú​   *流* | 流* | *流 to flow / to disseminate / to circulate or spread / to move or drift / to degenerate / to banish or send into exile / stream of water or sth resembling one / class, rate or grade
用 用 yòng​   *用* | 用* | *用 to use / to employ / to have to / to eat or drink / expense or outlay / usefulness / hence / therefore HSK 3
流
흐를 유,흐를 류 1. 흐르다 2. 번져 퍼지다 3. 전하다(傳--) 4. 시간이 지나가다 5. 내치다 6. 귀양 보내다 7. 흐르게 하다 8. 흘리다 9. 구하다(求--) 10. 무리(모여서 뭉친 한 동아리) 11. 핏줄 12. 갈래 13. 분파(分派) [부수]氵(삼수변) [총획]10획 [난이도]중학용, 읽기 5급II, 쓰기 4급II
流通
유통
①거침없이 흘러 통(通)함. 세상(世上)에 널리 통용(通用)됨 　②(화폐(貨幣) 따위가) 세상(世上)에 널리 쓰이는 것 　③(상품(商品) 따위가) 생산자(生産者)ㆍ소비자(消費者)ㆍ수요자(需要者)에 도달...
交流
교류
①서로 주고받음 　②서로 뒤섞이어 흐름 　③전류(電流)가 일정(一定)한 시간(時間)마다 서로 반대(反對) 방향(方向)으로 흐르는 현상(現象) 　④문화(文化), 사상(思想) 따위의 조류(潮流)가 서로 섞이는...
漂流
표류
①물에 떠서 흘러감 　②정처 없이 돌아다님
流出
유출
①(액체(液體)가) 밖으로 흘러 나가거나 나오는 것 　②(중요(重要)한 것이)나라나 조직(組織)의 밖으로 나가 버리는 것

用
쓸 용 1. 쓰다 2. 부리다, 사역하다(使役--) 3. 베풀다(일을 차리어 벌이다, 도와주어서 혜택을 받게 하다), 시행하다(施行--) 4. 일하다 5. 등용하다(登用ㆍ登庸--) 6. 다스리다 7. 들어주다 8. 하다, 행하다(行--)... [부수]用(쓸용) [총획]5획 [난이도]중학용, 읽기 6급II, 쓰기 5급II
雇用
고용
삯을 주고 사람을 부림
使用
사용
①물건(物件)을 씀 　②사람을 부리어 씀
適用
적용
①맞추어 씀 　②쓰기에 알맞음
利用
이용
①편리(便利)하게 씀 　②자신(自身)을 위(爲)하여 남이나 물품(物品)을 쓸모 있게 씀


-----------------------------------
적절

*****DEFINITION*****
pertinence; appropriateness; ap-titude; propriety. 적절하다 pertinent; fit; appropriate; adequate; proper; apposite; happy; well fitted; [시기가] well-timed; timely.
適切
适切 shì​qiè​   *适切* | 适切* | *适切 apt / appropriate 適切
適
맞을 적 1. 맞다 2. 마땅하다 3. 가다 4. 시집가다(媤---) 5. 즐기다 6. 꾸짖다 7. 전일하다(專---: 마음과 힘을 모아 오직 한 곳에만 쓰다) 8. 마침 9. 맏아들 10. 큰마누라 [부수]辶(책받침) [총획]15획 [난이도]중학용, 읽기 4급, 쓰기 3급
適用
적용
①맞추어 씀 　②쓰기에 알맞음
適切
적절
①꼭 맞음 　②어떤 기준(基準)이나 정도(程度)에 맞아 어울리는 상태(狀態)
適應
적응
①걸맞아서 서로 어울림 　②개인(個人)이 어떠한 경우(境遇)에 순응(順應)하기에 이르는 과정(過程) 　③약이 병에 맞아서 잘 들음 　④동식물(動植物)이 환경(環境)에 걸맞게 그 형태(形態)와 버릇을...
不適切
부적절
적절(適切)하지 않음

切
끊을 절,온통 체 1. 끊다 2. 베다 3. 정성스럽다(精誠---) 4. 적절하다 5. 중요하다(重要--) 6. 절박하다(切迫--) 7. 진맥하다 8. 문지방(門地枋) 9. 반절(反切: 한자의 음을 나타낼 때 다른 두 한자의 음을 반씩 따서... [부수]刀(칼도) [총획]4획 [난이도]고등용, 읽기 5급II, 쓰기 4급II
適切
적절
①꼭 맞음 　②어떤 기준(基準)이나 정도(程度)에 맞아 어울리는 상태(狀態)
切實
절실
①(어떤 일에 대(對)한 느낌이나 생각이)뼈저리게 강렬(强烈)한 상태(狀態)에 있음 　②또는, (어떤 일에 대(對)한 해결(解決)이나 요구(要求) 등(等)이)매우 시급(時急)하고도 중요(重要)한 상태(狀態)에...
懇切
간절
지성(至誠)스럽고 절실(切實)함
切迫
절박
마감, 시기(時期), 기일(期日) 등(等)이 매우 급(急)함


-----------------------------------
고대

*****DEFINITION*****
ancient times[era], antiquity 고대와 중세의 역사 ancient and medieval history
古代
古代 gǔ​dài​   *古代* | 古代* | *古代 ancient times / olden times HSK 5
古
옛 고 1. 옛, 예, 예전 2. 옛날 3. 선조 4. 묵다 5. 오래 되다 6. 예스럽다 7. 순박하다(淳朴ㆍ淳樸ㆍ醇朴--) 8. 잠시(暫時) 9. 우선 [부수]口(입구) [총획]5획 [난이도]중학용, 읽기 6급, 쓰기 5급
古代
고대
옛 시대(時代). 역사(歷史) 상(上)의 연대(年代) 구분(區分)의 한 가지. 한국사(韓國史)에서는 신라(新羅) 멸망(滅亡) 이전(以前)을 고대(古代)로 함
古蹟
고적
☞ 고적(古跡)
古字
고자
①지금은 쓰이지 않는 옛 글자 　②오늘날 쓰는 글자와 모양은 같으나 포함(包含)하는 의미(意味) 범위(範圍)는 더 넓었던, 고대(古代)에 쓰던 글자
蒙古
몽고
몽골. 유라시아 대륙(大陸) 중앙부(中央部)에 있는 인민(人民) 공화국(共和國). 수도(首都)는 울란바토르

代
대신할 대 1. 대신하다(代身--), 대리하다(代理--) 2. 교체하다(交替ㆍ交遞--), 번갈아들다 3. 시대(時代) 4. 일생(一生) 5. 세대(世代) 6. 대리(代理) 7. 대금(代金) 8. 계승(繼承)의 차례(次例) 9. 번갈아 [부수]亻(사람인변) [총획]5획 [난이도]중학용, 읽기 6급II, 쓰기 5급II
代表
대표
①전체(全體)의 상태(狀態)나 성질(性質)을 어느 하나로 잘 나타내는 일. 또는, 나타낸 그것 　②어떤 일을 집단(集團)을 대신(代身)하여 하는 것. 또는, 그 사람 　③(법률(法律)ㆍ법학) 법인(法人)ㆍ...
代替
대체
다른 것으로 바꿈
時代
시대
역사적(歷史的)으로 구분(區分)한 어떤 기간(期間)
代身
대신
①남을 대리(代理) 함 　②새것으로나 다른 것으로 바꾸어 갈아 채움 　③어떠한 행위(行爲)나 현상(現象)에 상응(相應)하는 것이거나 그의 대가(代價)임을 나타내는 말


-----------------------------------
저술

*****DEFINITION*****
[명사] writing, [동사] write 그는 열 권의 소설을 저술했다 He has written 10 novels.
著述
著述 zhù​shù​   *著述* | 著述* | *著述 writing / to write / to compile
著
나타날 저,붙을 착 1. 나타나다, 나타내다 2. 분명하다(分明--) 3. 드러나다, 분명해지다(分明---) 4. 두드러지다 5. 그리다 6. 짓다, 저술하다(著述--) 7. 쌓다 8. 두다, 비축하다(備蓄--) 9. 세우다, 확립하다(確立--)... [부수]艹(초두머리) [총획]13획 [난이도]중학용, 읽기 3급II, 쓰기 2급
顯著
현저
①뚜렷이 심(甚)하게 드러남 　②드러나서 두드러짐
著作權
저작권
무체(無體) 재산권(財産權)의 한 가지. 저작물(著作物)을 저작자(著作者)가 독점적(獨占的)으로, 복제(複製), 반포(頒布), 연술(演述), 번역(飜譯), 흥행(興行), 상영(上映), 방송(放送) 등(等)으로 이...
著者
저자
책을 지은 사람
著述
저술
논문(論文)이나 책 등(等) 글을 써서 책을 만듦

述
펼 술 1. 펴다, (글을)짓다 2. 서술하다(敍述--) 3. 말하다 4. 따르다, 잇다, 계승하다(繼承--) 5. 닦다, 전술하다(傳述--) 6. 밝히다 7. 기록(記錄) 8. 언설(言舌), 변설(辯舌) 9. 저술(著述) 10. 도(道), 정도(正道)... [부수]辶(책받침) [총획]9획 [난이도]고등용, 읽기 3급II, 쓰기 2급
陳述
진술
①구두(口頭)로 자세(仔細)히 말함 　②민사소송(民事訴訟)에서, 당사자(當事者)나 관계인(關係人)이 계류 중(中)인 사건(事件)에 대(對)한 사실(事實)이나 법률(法律) 상(上)의 사항(事項)을 서면(書面)...
敍述
서술
어떤 내용(內容)을 차례(次例)로 좇아 말하거나 적음
記述
기술
①문장(文章)으로 적음 　②사물(事物)의 특질을 객관적(客觀的)ㆍ조직적(組織的)ㆍ학문적(學文的)으로 적음
論述
논술
어떤 사물(事物)을 논(論)하여 말하거나 적음


-----------------------------------
탁월

*****DEFINITION*****
[뛰어남] excellence; superiority; eminence; [걸출함] prominence. 2개 뜻 더보기 : [뛰어남] excellence; superiority; eminence; [걸출함] prominence.
卓越
卓越 zhuó​yuè​   *卓越* | 卓越* | *卓越 outstanding / surpassing / distinguished / splendid HSK 6
卓
높을 탁 1. 높다 2. 멀다, 높고 멀다 3. 높이 세우다 4. 뛰어나다 5. 멈추다, 세우다, 정지하다(停止--) 6. 탁자(卓子) 7. 마침, 바로 그때 8. 홀로 [부수]十(열십) [총획]8획 [난이도]고등용, 읽기 5급, 쓰기 4급
卓越
탁월
월등(越等)하게 뛰어남
卓球
탁구
나무로 된 대(臺)의 중앙(中央)에 네트를 치고 셀룰로이드 공을 라켓으로 쳐 넘겨 승부(勝負)를 겨루는 실내(室內) 경기(競技)
食卓
식탁
식사용(食事用)의 탁자(卓子)
卓上
탁상
책상(冊床)이나 식탁(食卓) 등(等) 탁자(卓子)의 위

越
넘을 월,부들자리 활 1. 넘다, 건너가다 2. 넘기다, 넘어가다 3. 초과하다(超過--) 4. 지나다, 경과하다(經過--) 5. 빼앗다 6. 멀다 7. (물정에)어둡다 8. 어기다 9. 흐트러지다 10. 떨어뜨리다, 떨어지다 11. 드날리다, 널리... [부수]走(달릴주) [총획]12획 [난이도]고등용, 읽기 3급II, 쓰기 2급
超越
초월
①어떤 한계(限界)나 표준(標準)을 넘음 　②인식(認識)ㆍ경험(經驗)의 범위(範圍) 밖에 존재(存在)함. 가능적(可能的) 경험(經驗)의 영역(領域) 밖에 있음 　③칸트 철학에서, 우리들의 경험에서 독립하여...
卓越
탁월
월등(越等)하게 뛰어남
追越
추월
뒤에서 따라가 앞이 것을 앞지름
越權
월권
①권한(權限) 밖의 일을 함 　②남의 직권(職權)을 침범(侵犯)함


-----------------------------------
기꺼이

*****DEFINITION*****
readily , gladly , willingly 그는 나의 제안을 기꺼이 받아들였다 He readily accepted my proposal.

-----------------------------------
의역하다

*****DEFINITION*****
[명사] liberal translation, [동사] translate liberally, give[make] a liberal translation 이 문장은 너무 의역되었다 This sentence has been translated too liberally.
意譯
意译 yì​yì​   *意译* | 意译* | *意译 meaning (of foreign expression) / translation of the meaning (as opposed to literal translation 直譯｜直译) / paraphrase / free translation 意譯
意
뜻 의,기억할 억 1. 뜻, 의미(意味) 2. 생각 3. 사사로운 마음, 사욕(私慾) 4. 정취(靜趣), 풍정(風情) 5. 대저(大抵: 대체로 보아서), 무릇, 혹은혹은(或-: 그렇지 아니하면) 6. 생각컨대 7. 아아! 8. 의심하다(疑心--)... [부수]心(마음심) [총획]13획 [난이도]중학용, 읽기 6급II, 쓰기 5급II
弔意
조의
죽은이를 슬퍼하는 마음
意味
의미
①말이나 글이 지니는 뜻, 내용(內容). 또 그 의도(意圖), 동기(動機), 이유(理由) 따위 　②행위(行爲)나 사물(事物)의 중요성(重要性), 효력(效力)
意識
의식
①(어떤 일ㆍ현상(現象)ㆍ대상(對象) 등(等)을) 생각이 미치어 대상(對象)으로서 알거나 깨닫거나 느끼는 것 　②(어떤 대상(對象)을) 특별(特別)히 두드러지게 느끼거나 마음에 두는 것 　③사람이 깨어...
意見
의견
마음에 생각하는 점(點)

譯
번역할 역 1. 번역하다(飜譯ㆍ翻譯--) 2. 통변하다(通辯--) 3. 풀이하다 4. 나타내다 [부수]言(말씀언) [총획]20획 [난이도]고등용, 읽기 3급II, 쓰기 2급
飜譯
번역
어떤 말의 글을 다른 나라 말의 글로 옮김
內譯
내역
분명(分明)하고 자세(仔細)한 내용(內容)
音譯
음역
한자(漢字)의 음(音)을 가지고 외국어(外國語)의 음(音)을 나타내는 일. 곧, 아시아(Asia)를 亞細亞로 나타내는 따위
譯官
역관
통역(通譯)하는 일을 맡은 관리(官吏). 사역원(司譯院) 관원(官員)을 통틀어 일컫던 말


-----------------------------------
능동

*****DEFINITION*****
activeness 능동적 active
能動
能 能 Néng​   *能* | 能* | *能 surname Neng
  能 néng​   *能* | 能* | *能 can / to be able to / might possibly / ability / (physics) energy HSK 1
動 动 dòng​   *动* | 动* | *动 (of sth) to move / to set in movement / to displace / to touch / to make use of / to stir (emotions) / to alter / abbr. for 動詞｜动词, verb 動
能
능할 능,견딜 내 1. 능하다(能--) 2. 능(能)히 할 수 있다 3. 기량(技倆ㆍ伎倆)을 보이다 4. 재능(才能)이 있다 5. 화목하게 지내다 6. ~할 수 있다 7. 응당 ~해야 한다 8. 능력(能力) 9. 재능(才能) 10. 인재(人才) 11.... [부수]月(육달월) [총획]10획 [난이도]중학용, 읽기 5급II, 쓰기 4급II
可能性
가능성
①가능(可能)한 성질(性質) 　②완성(完成)될 수 있는 성질(性質) 　③일정(一定)한 조건(條件) 밑에 현실적(現實的)이 될 수 있는 자격(資格)을 갖고 있는 일
能力
능력
①일을 감당(堪當)하거나 해결(解決)해 낼 수 있는 힘 　②어떤 일에 대(對)하여 요구(要求)되고 적당(適當)하다고 인정(認定)되는 자격(資格)
可能
가능
①할 수 있음 　②될 수 있음 　③사유(思惟) 상(上) 모순이 없음
機能
기능
①어느 기관(機關)이 그 기관(機關)으로써 작용(作用)할 수 있는 능력(能力) 또는 작용(作用) 　②작용(作用), 활동(活動)

動
움직일 동 1. 움직이다 2. 옮기다 3. 흔들리다 4. 동요하다(動搖--) 5. 떨리다 6. 느끼다 7. 감응하다(感應--) 8. 일하다 9. 변하다(變--) 10. 일어나다 11. 시작하다(始作--) 12. 나오다 13. 나타나다 14. 어지럽다 [부수]力(힘력) [총획]11획 [난이도]중학용, 읽기 7급II, 쓰기 6급
活動
활동
①기운(氣運)차게 움직임 　②무슨 일의 성과(成果)를 거두려고 운동(運動)함
運動
운동
①물체(物體)가 시간(時間)의 경과(經過)에 따라 위치(位置)를 바꾸는 일 　②몸을 단련(鍛鍊)하거나 건강(健康)을 보존(保存)하기 위(爲)하여 몸을 움직이는 일 　③어떤 목적(目的)을 달성(達成)하기...
不動産
부동산
토지(土地)나 집처럼 움직여서 옮길 수가 없는 재산(財産). 민법(民法) 상(上) 토지(土地) 및 건물(建物). 입목(立木)과 같은 토지(土地) 정착물(定着物)
行動
행동
①동작(動作)을 하여 행(行)하는 일 　②반사적(反射的), 본능적(本能的)인 동작(動作)이나 반응(反應)ㆍ자극(刺戟)에 대(對)한 근육(筋肉) 반응(反應)이나 내분비(內分泌)샘의 작용(作用) 상태(狀態)...


-----------------------------------
직역하다

*****DEFINITION*****
literal translation, word-for-word translation, translate literally, translate word for word 영어 원문을 그대로 직역하다 make a direct translation of the English text
直譯
意译 yì​yì​   *意译* | 意译* | *意译 meaning (of foreign expression) / translation of the meaning (as opposed to literal translation 直譯｜直译) / paraphrase / free translation 意譯
直译 zhí​yì​   *直译* | 直译* | *直译 literal translation 直譯
直
곧을 직,값 치 1. 곧다, 굳세다 2. 바르다, 옳다 3. 굽지 아니하다 4. 기울지 아니하다 5. 부정(不正)이 없다, 사(私)가 없다 6. 펴다, 곧게 하다 7. 꾸미지 아니하다 8. 온순하다(溫順--) 9. 억울함을 씻다 10. 당하다(當--),... [부수]目(눈목) [총획]8획 [난이도]중학용, 읽기 7급II, 쓰기 6급
直接
직접
중간(中間)에 매개(媒介)나 거리(距離)ㆍ간격(間隔)이 없이 바로 접함
率直
솔직
거짓으로 꾸미거나 숨김이 없이 바르고 곧음
直接的
직접적
직접(直接)으로 하거나 되는 (것)
正直
정직
거짓이나 꾸밈이 없이 성품(性品)이 바르고 곧음

譯
번역할 역 1. 번역하다(飜譯ㆍ翻譯--) 2. 통변하다(通辯--) 3. 풀이하다 4. 나타내다 [부수]言(말씀언) [총획]20획 [난이도]고등용, 읽기 3급II, 쓰기 2급
飜譯
번역
어떤 말의 글을 다른 나라 말의 글로 옮김
內譯
내역
분명(分明)하고 자세(仔細)한 내용(內容)
音譯
음역
한자(漢字)의 음(音)을 가지고 외국어(外國語)의 음(音)을 나타내는 일. 곧, 아시아(Asia)를 亞細亞로 나타내는 따위
譯官
역관
통역(通譯)하는 일을 맡은 관리(官吏). 사역원(司譯院) 관원(官員)을 통틀어 일컫던 말


-----------------------------------
맥락

*****DEFINITION*****
context 이것도 같은 맥락에서 이해할 수 있다 This can be understood in the same context.
脈絡
脉络 mài​luò​   *脉络* | 脉络* | *脉络 arteries and veins / network of blood vessels / vascular system (of a plant or animal) / (fig.) fabric (i.e. underlying structure, as in "social fabric") / overall context 脈絡
脈
줄기 맥 1. 줄기 2. 맥 3. 맥박(脈搏) 4. 혈관 5. 혈맥 6. 수로 7. 진맥하다 8. 연달아 하다 [부수]月(육달월) [총획]10획 [난이도]고등용, 읽기 4급II, 쓰기 3급II
脈絡
맥락
①혈맥이 서로 연락(連絡)되어 있는 계통(系統) 　②사물(事物)의 이어져 있는 연관(聯關)
山脈
산맥
여러 산악(山岳)이 잇달아 길게 뻗치어 줄기를 이룬 지대(地帶). 산줄기
血脈
혈맥
①동물(動物)의 몸에서 피가 도는 줄기 　②조사(祖師)로부터 이어져 내려 온 종지(宗旨)
文脈
문맥
글의 성분(成分)들이 서로 맺고 있는 관계(關係)

絡
이을 락,이을 낙,얽을 락,얽을 낙 1. 잇다 2. 두르다 3. 둘러 싸다 4. 얽다, 얽히다 5. 묶다, 잡아매다 6. 포괄하다(包括--) 7. 헌솜(옷, 이불 따위에서 빼낸 묵은 솜), 실, 면 8. 줄, 고삐(코뚜레, 굴레에 잡아매는 줄) 9. 조리(條理),... [부수]糸(실사) [총획]12획 [난이도]고등용, 읽기 3급II, 쓰기 2급
連絡
연락
①서로 관련(關聯)을 지음 　②사정(事情)을 알림 　③오고 가는 일이나 교통(交通)을 이어 주는 일 　④서로 옮겨 주고받고 하는 일
脈絡
맥락
①혈맥이 서로 연락(連絡)되어 있는 계통(系統) 　②사물(事物)의 이어져 있는 연관(聯關)
籠絡
농락
(사람을) 교묘(巧妙)한 꾀로 휘어잡아 제 마음대로 이용(利用)하거나 다루는 것
聯絡
연락
☞ 연락(連絡)


-----------------------------------
긴밀하다

*****DEFINITION*****
close, intimate 긴밀한 연락을 취하다 be in close touch[contact] (with)
緊密
紧密 jǐn​mì​   *紧密* | 紧密* | *紧密 inseparably close 緊密 HSK 6
緊
긴할 긴 1. 긴하다(緊--: 꼭 필요하다), 요긴하다(要緊--) 2. 팽팽하다(膨膨--), 엄하다(嚴--: 매우 철저하고 바르다), 급하다(急--) 3. 굵게 얽다 4. (속이)차다 5. 굳다, 단단하다 6. 급박하다(急迫--), 절박... [부수]糸(실사) [총획]14획 [난이도]고등용, 읽기 3급II, 쓰기 2급
緊張
긴장
①마음을 다잡아 정신(精神)을 바짝 차리거나 몸이 굳어질 정도(程度)로 켕기는 일, 또는 그런 심리(心理) 상태(狀態) 　②곧 무슨 일이 터질 듯이 형편(形便)이나 분위기(雰圍氣) 따위가 예사(例事)롭지...
緊急
긴급
①요긴(要緊)하고 급함 　②일이 중대(重大)하고도 급함 　③현악기(絃樂器)의 줄이 되고 팽팽함
緊要
긴요
꼭 필요(必要)함
緊密
긴밀
①(서로의 관계(關係)가)몹시 긴하고 가까움 　②아주 엄밀(嚴密)함. 바싹 가까워 틈이 없음

密
빽빽할 밀 1. 빽빽하다, 촘촘하다 2. 빈틈없다, 착 붙다 3. 자세하다, 꼼꼼하다 4. 가깝다, 가까이하다, 친하게 하다 5. 조용하다, 깊숙하다 6. 가깝다 7. 비밀(祕密)로 하다 8. 숨기다, 누설하지 아니하다 9. 은... [부수]宀(갓머리) [총획]11획 [난이도]중학용, 읽기 4급II, 쓰기 3급II
緻密
치밀
①자세(仔細)하고 꼼꼼함 　②썩 곱고 백빽함 　③피륙 등(等)이 배고 톡톡함
綿密
면밀
자세(仔細)하고도 빈틈이 없음
祕密
비밀
①남에게는 알려서는 안 되거나 드러내지 않아야 할 일 　②밝혀지지 않았거나 알려지지 않은 속내 　③숨기어 남에게 공개(公開)하지 않는 일
精密
정밀
①가늘고 촘촘함 　②아주 잘고 자세(仔細)함 　③정세(精細)하고 치밀(緻密)함


-----------------------------------
