기력

*****DEFINITION*****
energy , vigor , vitality 기력을 회복하다 regain one's vigor
氣力
气力 qì​lì​   *气力* | 气力* | *气力 strength / energy / vigor / talent 氣力
氣
기운 기,보낼 희 1. 기운(눈에는 보이지 않으나 오관(五官)으로 느껴지는 현상) 2. 기백(氣魄) 3. 기세(氣勢: 기운차게 뻗치는 형세) 4. 힘 5. 숨(공기를 들이마시고 내쉬는 기운) 6. 공기(空氣) 7. 냄새 8. 바람 9. 기후(氣候)... [부수]气(기운기엄) [총획]10획 [난이도]중학용, 읽기 7급II, 쓰기 6급
雰圍氣
분위기
①지구(地球)를 둘러 싸고 있는 기체(氣體), 대기(大氣), 공기(空氣) 　②어떤 환경(環境)이나 어떤 자리 등(等)에서 저절로 만들어져서 감도는 느낌 　③개인(個人)의 주위(周圍)의 상황(狀況), 환경(環境)
景氣
경기
①기업(企業)을 중심(中心)으로 한 여러 가지 경제(經濟) 사상(事象)의 상태(狀態). 호경기(好景氣), 과잉(過剩) 생산(生産), 공황(恐惶), 불경기(不景氣) 등(等)의 국면(局面)이 있음 　②물건(物件)의...
節氣
절기
한 해 동안을 24로 가른 철
感氣
감기
추위에 상하여 일어나는 호흡기(呼吸器) 계통(系統)의 염증성(炎症性) 질환(疾患). 코가 막히고 머리가 아프며 열(熱)이 오름

力
힘 력,힘 역 1. 힘 2. 하인(下人) 3. 일꾼, 인부(人夫) 4. 군사(軍士), 병사(兵士) 5. 힘쓰다, 부지런히 일하다 6. 심하다(甚--: 정도가 지나치다), 어렵다, 매우 힘들다 7. 힘주다 8. 있는 힘을 다하여, 애써 [부수]力(힘력) [총획]2획 [난이도]중학용, 읽기 7급II, 쓰기 6급
努力
노력
①힘을 씀, 힘을 다함 　②어떤 일을 이루기 위(爲)해 어려움이나 괴로움 등(等)을 이겨 내면서 애쓰거나 힘쓰는 것
能力
능력
①일을 감당(堪當)하거나 해결(解決)해 낼 수 있는 힘 　②어떤 일에 대(對)하여 요구(要求)되고 적당(適當)하다고 인정(認定)되는 자격(資格)
勢力
세력
①권력(權力)이나 기세(氣勢)의 힘 　②일을 하는데 필요(必要)한 힘
壓力
압력
①두 물체(物體)의 접속(接續) 면(面) 또는 한 물체(物體) 속의 어느 단면(斷面)을 생각할 때 그 면을 경계(境界)로 양쪽 부분(部分)이 수직(垂直)으로 누르는 힘 　②권세(權勢) 따위로 누르는 힘


-----------------------------------
동기

*****DEFINITION*****
(같은 학교·회사 등의) 그와 나는 입사 동기다 He and I joined the company at the same time. 2개 뜻 더보기 : (같은 학교·회사 등의)
同期
同期 tóng​qī​   *同期* | 同期* | *同期 the corresponding time period (in a different year etc) / concurrent / synchronous
同
한가지 동 1. 한가지 2. 무리(모여서 뭉친 한 동아리) 3. 함께(=同) 4. 그 5. 전한 바와 같은 6. 같다 7. 같이하다 8. 합치다(合--) 9. 균일(均一)하게 하다 10. 화합하다(和合--) 11. 모이다 12. 회동하다 [부수]口(입구) [총획]6획 [난이도]중학용, 읽기 7급, 쓰기 6급
共同
공동
①여러 사람이 일을 같이 함 　②여러 사람이 같은 자격(資格)으로 모이는 결합(結合)
同盟
동맹
①개인(個人)ㆍ단체(團體) 및 국가(國家)가 서로 공동(共同)의 목적(目的)을 이루기 위(爲)하여 동일(同一)한 행동(行動)을 취할 것을 맹세(盟誓)하여 맺는 약속(約束)이나 언약(言約) 　②또는, 그 결...
同時
동시
①같은 때 　②같은 시간(時間) 　③같은 시기(時期) 　④같은 시대(時代)
同僚
동료
①같은 곳에서 같은 일을 보는 사람 　②임무(任務)가 같은 사람

期
기약할 기 1. 기약하다(期約--), 약속하다(約束--) 2. 기다리다 3. 바라다, 기대하다(期待ㆍ企待--) 4. 모이다 5. 정하다(定--), 결정하다(決定--) 6. 적합하다(適合--), 알맞다 7. 가르치다 8. 더듬거리다 9. 기간(期間)... [부수]月(달월) [총획]12획 [난이도]중학용, 읽기 5급, 쓰기 4급
期待
기대
희망(希望)을 가지고 기약(期約)한 것을 기다림
期間
기간
어느 일정(一定)한 시기(時期)에서 어떤 다른 일정(一定)한 시기(時期)까지의 사이
早期
조기
①어떤 기한(期限)이 빨리 옴 　②또는, 빠른 시기(時期)
時期
시기
①정(定)한 때 　②어떤 일이나 현상(現象)이 진행(進行)되는 때


-----------------------------------
강연

*****DEFINITION*****
[명사]; (강의) lecture; (연설) speech, [동사] give[deliver] a lecture[speech] 강연을 부탁하다 ask[invite] sb to give a lecture (to)
講演
讲演 jiǎng​yǎn​   *讲演* | 讲演* | *讲演 to lecture / to speak publicly 講演
講
외울 강,얽을 구 1. 외우다, 외다, 암송하다(暗誦--) 2. 배우다 3. 익히다, 연구하다(硏究--) 4. 설명하다(說明--) 5. 풀이하다 6. 이야기하다 7. 계획하다(計劃ㆍ計畫--) 8. 꾀하다, 모의하다(謀議--) 9. 화해하다(和解--)... [부수]言(말씀언) [총획]17획 [난이도]중학용, 읽기 4급II, 쓰기 3급II
講究
강구
좋은 방법(方法)을 조사(調査)하여 궁리(窮理)함
講義
강의
글이나 학설(學說)의 뜻을 설명(說明)하여 가르침
講師
강사
①학교(學校)의 부탁(付託)을 받아 강의(講義)하는 교원(敎員) 　②모임에서 강의(講義)를 맡은 사람 　③학원(學院)에서 수업(授業)을 맡은 사람 　④☞ 경(經) 스승
講演
강연
①사물(事物)의 뜻을 부연하여 논술(論述)함 　②청중(聽衆)에게 이야기를 함

演
펼 연 1. 펴다, 늘이다 2. 부연하다(敷衍ㆍ敷演--), 자세히 설명하다(說明--) 3. 넓히다, 넓게 미치다(영향이나 작용 따위가 대상에 가하여지다) 4. 스며들다 5. 멀리 흐르다 6. (기운이 서로)통하다(通--) 7.... [부수]氵(삼수변) [총획]14획 [난이도]고등용, 읽기 4급II, 쓰기 3급II
演說
연설
여러 사람 앞에서 체계(體系)를 세워 자기(自己)의 주의(主義), 주장(主張)을 말함
演劇
연극
①배우(俳優)가 연출자(演出者)의 지도(指導) 하(下)에 각본(脚本)에 의(依)하여 분장(扮裝)하고 음악(音樂), 배경(背景), 조명(照明), 그밖의 여러 가지 장치(裝置)의 힘을 빌어서 어떤 사건(事件)과...
再演
재연
①다시 상연(上演)함 　②한 번 행했던 일을 다시 되풀이함
演藝人
연예인
연예(演藝)에 종사(從事)하는 사람들. 배우(俳優), 가수(歌手), 무용가(舞踊家) 등(等)이 있음


-----------------------------------
식민지

*****DEFINITION*****
colony 일제 식민지 시대 the Japanese colonial period
植民地
殖民地 zhí​mín​dì​   *殖民地* | 殖民地* | *殖民地 colony HSK 6
植
심을 식,둘 치 1. 심다 2. 세우다 3. 수립하다(樹立--) 4. 번식하다(繁殖ㆍ蕃殖ㆍ蕃息--) 5. 자라다 6. 약하다(弱--) 7. 식물(植物) 8. 행렬, 줄 a. 두다 (치) b. 서다 (치) c. 기대다 (치) d. 의지하다(依支--) (치)... [부수]木(나무목) [총획]12획 [난이도]중학용, 읽기 7급, 쓰기 6급
植物
식물
온갖 나무와 풀의 총칭(總稱)
移植
이식
①식물(植物) 따위를 옮겨 심음. 이종(移種). 　②신체(身體)의 환부(患部)를 베어 내고 건전(健全)한 부분(部分)을 떼어다 붙이는 일
植樹
식수
나무를 심음
動植物
동식물
동물(動物)과 식물(植物)

民
백성 민 1. 백성(百姓) 2. 사람 3. 직업인 4. 나(자신) [부수]氏(각시씨) [총획]5획 [난이도]중학용, 읽기 8급, 쓰기 6급II
國民
국민
①한 나라의 통치권(統治權) 아래에 그 나라의 국적(國籍)을 가지고 있는 인민(人民) 　②나라 백성(百姓)
庶民
서민
①관직(官職)이 없는 평민(平民) 　②귀족(貴族) 등(等)에 대(對)하여 사회적(社會的)인 특권(特權)을 가지고 있지 않는 보통(普通) 사람. 일반(一般) 백성(百姓). 일반(一般) 대중(大衆) 　③중류(中流)...
住民
주민
그 땅에 사는 백성(百姓)
大韓民國
대한민국
아시아 대륙(大陸) 동북부(東北部)의 한반도(韓半島)에 위치(位置)하고 있는 민주(民主) 공화국(共和國). 수도(首都)는 서울 특별시(特別市). ROK

地
땅 지 1. 땅, 대지(大地) 2. 곳, 장소(場所) 3. 노정(路程: 목적지까지의 거리) 4. 논밭 5. 뭍, 육지(陸地) 6. 영토(領土), 국토(國土) 7. 토지(土地)의 신(神) 8. 처지(處地), 처해 있는 형편(形便) 9. 바탕,... [부수]土(흙토) [총획]6획 [난이도]중학용, 읽기 7급, 쓰기 6급
地域
지역
일정(一定)한 땅의 구역(區域)
敷地
부지
건축물(建築物)이나 도로(道路)에 쓰이는 땅
地方
지방
①어느 방면(方面)의 땅 　②서울 이외(以外)의 지역(地域)
處地
처지
①자기(自己)가 처해 있는 경우(境遇) 또는 환경(環境) 　②서로 사귀어 지내는 관계(關係) 　③지위(地位) 또는 신분(身分)


-----------------------------------
고문

*****DEFINITION*****
[명사, 동사] (육체적 고통을 가하는 것) torture 전기 고문 electrical torture
拷問
拷问 kǎo​wèn​   *拷问* | 拷问* | *拷问 to question via torture 拷問
拷
칠 고 1. 치다, 때리다 2. 두드리다 3. 도려내다 4. 약탈하다(掠奪--) 5. 빼앗다 [부수]扌(재방변) [총획]9획 [난이도]읽기 1급, 쓰기 특급
拷問
고문
죄(罪)를 진 혐의(嫌疑)가 있는 사람에게 자백(自白)을 강요(强要)하기 위(爲)하여 견디기 어려운 육체적(肉體的) 고통(苦痛)을 주며 신문(訊問)함
拷槃餘事
고반여사
중국(中國)의 문방 청완(文房淸玩)이 취미(趣味)를 개설한 책(冊). 명(明)나라 도 융(屠隆)의 편찬(編纂)으로 되어 있으나, 재료(材料)는 명(明)나라의 고 염의 『준생팔전(遵生八牋)』을 주(主)로 하고,...
拷打
고타
피의자(被疑者)를 고문(拷問)하여 때림
拷訊
고신
☞ 고문(拷問)

問
물을 문 1. 묻다 2. 문초하다(問招--) 3. 방문하다(訪問--) 4. 찾다 5. 알리다 6. 부르다 7. 소식(消息) 8. 물음 [부수]口(입구) [총획]11획 [난이도]중학용, 읽기 7급, 쓰기 6급
問題
문제
①대답(對答), 해답(解答) 따위를 얻으려고 낸 물음 　②의논(議論)의 목적물(目的物)이 되거나 해결(解決)을 요하는 일 　③이야기거리로 되어 있는 일. 말썽
疑問
의문
①의심(疑心)하여 물음 　②의심(疑心)스러운 생각을 함, 또는 그런 일
訪問
방문
남을 찾아가 봄
諮問
자문
(어떤 사람이나 기업체(企業體)나 정부(政府) 등(等)이) 어려운 일이나 문제(問題)를 잘 처리(處理)하거나 해결(解決)하고자 할 때, 그 방면(方面)의 전문가(專門家)에게, 또는 전문가(專門家)들로 이루어진...


-----------------------------------
살벌하다

*****DEFINITION*****
bloody 그때는 폭동이 빈번했던 살벌한 시대였다 It was a bloody age with many riots.
殺伐
殺 杀 shā​   *杀* | 杀* | *杀 to kill / to murder / to attack / to weaken or reduce / to smart (dialect) / (used after a verb) extremely 殺 HSK 5
伐 伐 fá​   *伐* | 伐* | *伐 to cut down / to fell / to dispatch an expedition against / to attack / to boast / Taiwan pr. [fa1]
殺
죽일 살,감할 살,빠를 쇄,맴 도는 모양 설,윗사람 죽일 시 1. 죽이다 2. 죽다 3. 없애다 4. 지우다 5. 감하다(減--) 6. 얻다 7. 어조사(語助辭) a. 감하다(減--) (쇄) b. 내리다 (쇄) c. 덜다 (쇄) d. 심하다(甚--: 정도가 지나치다) (쇄) e. 빠르다 (쇄) f. 매우... [부수]殳(갖은등글월문) [총획]11획 [난이도]중학용, 읽기 4급II, 쓰기 3급II
被殺
피살
①살해(殺害)를 당(當)함 　②죽임을 당(當)함
自殺
자살
자기(自己) 목숨을 스스로 끊어서 죽음
殺害
살해
남의 생명(生命)을 해(害)침
相殺
상쇄
①(법률(法律)ㆍ법학) 상계(相計) 　②상반되는 것이 서로 영향(影響)을 미쳐서 효과(效果)가 없어지는 것

伐
칠 벌 1. 치다, 정벌하다(征伐--) 2. 베다 3. (북을)치다 4. 찌르다, 찔러 죽이다 5. 비평하다(批評--) 6. 모순되다(矛盾--), 저촉되다(抵觸--) 7. 무너지다 8. 자랑하다 9. 치료하다(治療--) 10. 방패(防牌ㆍ旁牌)... [부수]亻(사람인변) [총획]6획 [난이도]중학용, 읽기 4급II, 쓰기 3급II
討伐
토벌
군대(軍隊)를 보내어 반항(反抗)하는 무리를 침
矜伐
긍벌
겉으로 드러내어서 자랑함
自伐
자벌
①자기(自己)가 자기(自己)를 침 　②자기(自己)의 공(功)을 스스로 드러내어 자랑함
征伐
정벌
죄 있는 무리를 군대(軍隊)로써 침


-----------------------------------
겨워하다

*****DEFINITION*****
feel 《it》 difficult to (do), think of 《a task》 to be beyond one´s power[ability, capacity], feel something to be much for one 그 젊은 과부는 혼자서 세 자녀를 기르는 것을 힘에 겨워하고 있다 The young widow feels it beyond her ability to take care of her three children by herself.

-----------------------------------
관공서

*****DEFINITION*****
public office, government office
官公署
官 官 Guān​   *官* | 官* | *官 surname Guan
  官 guān​   *官* | 官* | *官 government official / governmental / official / public / organ of the body / CL: 個｜个 HSK 5
公署 公署 gōng​shǔ​   *公署* | 公署* | *公署 government office
官
벼슬 관 1. 벼슬, 벼슬자리 2. 벼슬아치 3. 마을 4. 관청(官廳), 공무(公務)를 집행(執行)하는 곳 5. 기관(機關) 6. 일, 직무(職務) 7. 임금, 아버지, 시아버지 8. 관능(官能), 이목구비 등 사람의 기관 9. 본받다,... [부수]宀(갓머리) [총획]8획 [난이도]중학용, 읽기 4급II, 쓰기 3급II
長官
장관
①한 관청(官廳)의 으뜸 벼슬 　②국무(國務)를 나누어 맡아보는 각부(各部)의 으뜸 벼슬
官吏
관리
①국가공무원(國家公務員) 　②벼슬아치 　③관직(官職)에 있는 사람
官僚
관료
①관리(官吏)들 　②같은 관직(官職)의 동료(同僚) 　③특수(特殊)한 권력(權力)을 가진 관리(官吏)들
次官
차관
장관(長官)을 보좌(補佐ㆍ輔佐)하고 그를 대리(代理)할 수 있는 별정직(別定職) 공무원(公務員)

公
공평할 공 1. 공평하다(公平--) 2. 공변되다(한쪽으로 치우치지 않고 공평하다) 3. 공평무사하다(公平無私--) 4. 숨김없이 드러내 놓다 5. 함께 하다 6. 공적(公的)인 것 7. 상대를 높이는 말 8. 벼슬 9. 존칭(尊稱)... [부수]八(여덟팔) [총획]4획 [난이도]중학용, 읽기 6급II, 쓰기 5급II
公開
공개
①(어떤 내용(內容)을 알리거나 보이거나 하기 위(爲)하여)여러 사람에게 널리 터놓음 　②여러 사람에게 개방(開放)함
公務員
공무원
국가(國家) 또는 지방공공단체(地方公共團體)의 사무(事務)를 담당(擔當)하는 사람으로 국가공무원(國家公務員), 지방공무원(地方公務員)이 있으며, 전자(前者)는 다시 별정직(別定職) 공무원(公務員)과...
公共
공공
①여러 사람이 모여 힘을 함께 함 　②공중(公衆), 사회(社會) 일반(一般)
公式
공식
①세상(世上)이 다 알도록 뚜렷하고 떳떳한 방식(方式). 공적(公的)으로 정(定)해진 형식(形式)이나 방식(方式) 　②관청(官廳)에서 규정(規定)한 방식(方式). 으레 정(定)해져 있는 일이나 행동(行動)...

署
마을 서 1. 마을 2. 부서(部署) 3. 관청(官廳), 관아(官衙) 4. 표제(標題ㆍ表題), 제목(題目) 5. 대리(代理) 7. 벼슬, 관직(官職) 8. 수결(手決) 9. 임명하다(任命--) 10. 베풀다(일을 차리어 벌이다, 도와주어서... [부수]罒(그물망머리) [총획]14획 [난이도]고등용, 읽기 3급II, 쓰기 2급
署名
서명
①자기(自己)의 이름을 문서(文書)에 써넣음, 서류(書類)나 문서(文書)의 내용(內容)을 찬동(贊同)하거나 인정(認定)하는 표지(標識)로 자기(自己) 이름을 적음 　②문서(文書) 상(上)에서의 성명(姓名)...
部署
부서
여러 갈래로 나뉘어 있는 사무(事務)의 각 부분(部分)
官公署
관공서
관청(官廳)과 공서(公署)
消防署
소방서
소방에 관(關)한 일을 맡아보는 기관(機關). 서장(署長)은 소방정으로 보함


-----------------------------------
투사

*****DEFINITION*****
fighter, champion (of) 그는 민주화 운동의 투사였다 He was a democratic activist.
鬪士
鬪 斗 dòu​   *斗* | 斗* | *斗 variant of 鬥｜斗 鬪
士 士 Shì​   *士* | 士* | *士 surname Shi
  士 shì​   *士* | 士* | *士 member of the senior ministerial class (old) / scholar (old) / bachelor / honorific / soldier / noncommissioned officer / specialist worker
鬪
싸울 투,싸움 투 1. (두 병사가 손에 병기를 들고)싸우다 2. 싸우게 하다 3. 승패를 겨루다 4. 투쟁하다 5. (두 사람이 손에 물건을 들고)다투다 6. 경쟁하다(競爭--) 7. 당하다(當--) 8. 맞서다 9. 한데 모으다 10. 맞추다... [부수]鬥(싸울투) [총획]20획 [난이도]고등용, 읽기 4급, 쓰기 3급
鬪爭
투쟁
①상대(相對)를 쓰러뜨리려고 싸워서 다툼 　②사회(社會) 운동(運動). 노동(勞動) 운동(運動) 등(等)에서 계급(階級)이나 주의(主義)가 다른 사람끼리 다툼. 흔히 피지배(被支配) 계급(階級)에서의 행위(行爲)를...
戰鬪
전투
싸움, 교전(交戰). 넓은 뜻에서는 적을 쳐서 승리(勝利)를 얻기 위(爲)한 수단(手段), 좁은 뜻으로는 규모(規模)가 작은 전쟁(戰爭)
鬪魂
투혼
끝까지 투쟁(鬪爭)하려는 기백(氣魄). 투쟁(鬪爭) 정신(精神)
戰鬪的
전투적
전투(戰鬪)를 하는 것과 같음

士
선비 사 1. 선비(학식은 있으나 벼슬하지 않은 사람을 이르던 말) 2. 관리(官吏), 벼슬아치 3. 사내, 남자(男子) 4. 군사(軍士), 병사(兵士) 5. 일, 직무(職務) 6. 칭호(稱號)나 직업(職業) 이름에 붙이는 말 7.... [부수]士(선비사) [총획]3획 [난이도]중학용, 읽기 5급II, 쓰기 4급II
辯護士
변호사
법률(法律)에 규정(規定)한 자격(資格)을 가지고, 소송(訴訟) 당사자(當事者)나 관계인(關係人)의 의뢰(依賴) 또는 법원(法院)의 명령(命令)에 좇아 피고나 원고(原告)를 변론(辯論)하며 그밖의 법률(法律)에...
人士
인사
교육(敎育)이나 사회적(社會的)인 지위(地位)가 있는 사람
博士
박사
①교수(敎授)의 임무(任務)를 맡거나 전문(專門) 기술(技術)에 종사(從事)하는 사람에게 주는 벼슬. 고구려(高句麗)의 태학, 신라(新羅)의 국학, 고려(高麗)의 국자감(國子監), 조선(朝鮮)의 성균관(成...
操縱士
조종사
비행기(飛行機)를 조종(操縱)하는 사람


-----------------------------------
반열

*****DEFINITION*****
선진국 반열에 오르다 join the ranks of advanced nations
班列
班 班 Bān​   *班* | 班* | *班 surname Ban
  班 bān​   *班* | 班* | *班 team / class / squad / work shift / ranking / CL: 個｜个 / classifier for groups HSK 3
列 列 liè​   *列* | 列* | *列 to arrange / to line up / row / file / series / column
班
나눌 반 1. 나누다 2. 이별하다(離別--) 3. 돌아가다 4. 돌아오다 5. 주다 6. 벌려서다 7. 서성거리다 8. 같다 9. 차례(次例) 10. 자리 11. 줄(길이로 죽 벌이거나 늘여 있는 것) [부수]王(구슬옥변) [총획]10획 [난이도]고등용, 읽기 6급II, 쓰기 5급II
首班
수반
①반열(班列) 가운데의 수위(首位) 　②행정부(行政府)의 우두머리
班長
반장
＇반(班)＇으로 일컬어지는 조직체(組織體), 부서(部署), 지방(地方) 행정(行政) 단위(單位), 교육(敎育) 기관(機關)의 학급(學級) 같은 곳에서 그 안의 일을 맡아보는 사람. 반(班)의 우두머리
兩班
양반
①조선(朝鮮) 시대(時代) 중기(中期) 이후(以後)부터 지체나 신분(身分)이 높은 상류(上流) 계급(階級) 사람, 곧 사대부(士大夫) 계층(階層)을 이르던 말. ↔상사람 　②고려(高麗)ㆍ조선(朝鮮) 시대(時代)에...
虎班
호반
무신(武臣)의 반열(班列). ‘서반(西班)’의 다른 이름

列
벌일 열,벌일 렬 1. 벌이다 2. 늘어서다 3. 줄짓다 4. 나란히 서다 5. 분리하다(分離--) 6. 순서(順序)를 매기다 7. 진열하다(陳列--) 8. 차례(次例) 9. 등급(等級) 10. 반열(班列: 품계나 신분, 등급의 차례) 11. 석차... [부수]刂(선칼도방) [총획]6획 [난이도]중학용, 읽기 4급II, 쓰기 3급II
列車
열차
기관차(機關車)에 객차(客車)ㆍ화차(貨車) 등(等)을 연결(連結)하고 운전(運轉) 장치(裝置)를 설비(設備)한 차량(車輛)
陳列
진열
물건(物件) 따위를 보이기 위(爲)해 죽 벌려놓음
隊列
대열
무리를 지어 죽 늘어선 행렬(行列)
行列
행렬
①여럿이 벌이어 줄서서 감. 또는, 그 줄. 　②어떤 수를 정(定)한 몇 개의 행과 몇 개의 열로 나열한 표(標)


-----------------------------------
명목

*****DEFINITION*****
name, title; (구실, 이유) pretext, cause 그는 명목상의 사장이다 He is president in name only.
名目
名目 míng​mù​   *名目* | 名目* | *名目 name / designation / item / rubric / (formal usage) fame
名
이름 명 1. 이름 2. 평판(評判), 소문(所聞) 3. 외관(外觀), 외형(外形) 4. 명분(名分) 5. 공적(功績) 6. 글자, 문자(文字) 7. 이름나다, 훌륭하다 8. 이름하다, 지칭하다(指稱--) [부수]口(입구) [총획]6획 [난이도]중학용, 읽기 7급II, 쓰기 6급
名譽
명예
①세상(世上)에서 인정(認定) 받는 좋은 이름이나 자랑 　②어떤 직위(職位)나 직명(職名) 앞에 쓰이어 그 권위(權威)나 공로(功勞)를 존경(尊敬)하는 뜻으로 쓰이는 이름
名分
명분
명목(名目)이 구별(區別)된 대로 그 사이에 반드시 지켜야 할 도리(道理)나 분수(分數)
名節
명절
①명일을 중심(中心)으로 한 좋은 철 　②민속적(民俗的)으로 해마다 일정(一定)하게 지키어 즐기는 날. 설날, 대보름날, 한식날, 삼짇날, 파일날, 단오날(端午-), 유두날, 백중날, 한가위날, 구월(九月)...
名稱
명칭
사물(事物)이나 현상(現象)을 서로 다른 것 끼리 구별(區別)하여 부르는 이름

目
눈 목 1. 눈(감각 기관) 2. 눈빛, 시력(視力) 3. 견해(見解), 안목(眼目) 4. 요점(要點) 5. 옹이, 그루터기(풀이나 나무 따위의 아랫동아리) 6. 제목(題目), 표제(標題ㆍ表題) 7. 목록(目錄) 8. 조목(條目),... [부수]目(눈목) [총획]5획 [난이도]중학용, 읽기 6급, 쓰기 5급
目標
목표
①목적(目的)을 이루기 위(爲)하여 실제적(實際的) 대상(對象)으로 삼는 것 　②가서 닿을 곳 　③어떤 일을 이루어 내려는 시간(時間) 상(上)의 한계(限界)
目的
목적
①이루려 하는 일 　②또는, 나아가려고 하는 방향(方向)
注目
주목
①어떤 사물(事物)을 주의(注意)해서 봄 　②시선을 모아 봄
刮目
괄목
전(前)에 비하여 딴판으로 학식(學識) 등(等)이 부쩍 늘어서 눈을 비비고 다시 봄


-----------------------------------
단적

*****DEFINITION*****
이것은 중국 경제의 위상을 단적으로 보여 주는 예다 This is a direct example that reflects the economic phase of China.
端的
端的 duān​dì​   *端的* | 端的* | *端的 really / after all / details / particulars
端
끝 단,헐떡일 천,홀 전 1. 끝 2. 가, 한계(限界) 3. 처음, 시초(始初) 4. 길이의 단위(單位) 5. 실마리, 일의 단서(端緖) 6. 까닭, 원인(原因) 7. 막료(幕僚) 8. 예복(禮服) 9. 조짐(兆朕) 10. 생각, 느낌 11. 등차(等差), 등급(等級)... [부수]立(설립) [총획]14획 [난이도]중학용, 읽기 4급II, 쓰기 3급II
尖端
첨단
①물건(物件)의 뾰족한 끝 　②시대(時代)의 사조(思潮), 유행(流行) 같은 것에 앞장서는 일
弊端
폐단
①괴롭고 번거로운 일. 귀찮고 해(害)로운 일 　②좋지 못하고 해(害)로운 점(點)
端緖
단서
①일의 처음 　②일의 실마리, 실마리
端午
단오
민속(民俗)에서 음력(陰曆) 오월(五月) 초닷샛날을 명절(名節)로 이르는 말. 고래(古來)로 농경(農耕)의 풍작을 기원(祈願)하던 제삿날이었으나, 현재(現在)는 주(主)로 농촌(農村)의 명절(名節)로서 수리치를...

的
과녁 적 1. 과녁 2. 참, 진실(眞實) 3. 목표(目標), 표준(標準) 4. 맏아들(=嫡) 5. 연밥(蓮-: 연꽃의 열매) 6. 연지(臙脂: 입술이나 뺨에 찍는 붉은 빛깔의 염료) 7. 이마가 흰 말 8. 뾰족한 봉우리 9. ~의 10.... [부수]白(흰백) [총획]8획 [난이도]중학용, 읽기 5급II, 쓰기 4급II
積極的
적극적
사물(事物)에 대(對)하여 긍정(肯定)하고 능동적(能動的)인 것
具體的
구체적
사물(事物)이 뚜렷한 실체(實體)를 갖추고 실제(實際)의 형체(形體)ㆍ내용(內容)을 가지고 있는 모양(模樣)
肯定的
긍정적
①어떠한 사실(事實)에 대(對)하여 그렇다고 인정(認定)하거나 찬성(贊成)하는 (것) 　②또는, 그렇게 인정(認定)할 만하거나 찬성(贊成)할 만한 (것)
衝擊的
충격적
마음에 충격(衝擊)을 주거나 사회적(社會的)으로 충격(衝擊)을 주는 것


-----------------------------------
