불과하다

*****DEFINITION*****
이것은 시작에 불과하다 This is just a start[beginning].
不過
不过 bù​guò​   *不过* | 不过* | *不过 only / merely / no more than / but / however / anyway (to get back to a previous topic) / cannot be more (after adjectival) 不過 HSK 4
不
아닐 부,아닐 불 1. 아니다 2. 아니하다 3. 못하다 4. 없다 5. 말라 6. 아니하냐 7. 이르지 아니하다 8. 크다 9. 불통(不通: 과거에서 불합격의 등급) a. 아니다 (불) b. 아니하다 (불) c. 못하다 (불) d. 없다 (불) e.... [부수]一(한일) [총획]4획 [난이도]중학용, 읽기 7급II, 쓰기 6급
不可避
불가피
피할 수 없음
不拘
불구
주로 ＇∼하고＇로 쓰이어, 　＇무엇에 얽매이거나 거리끼지 아니하고＇의 뜻
不動産
부동산
토지(土地)나 집처럼 움직여서 옮길 수가 없는 재산(財産). 민법(民法) 상(上) 토지(土地) 및 건물(建物). 입목(立木)과 같은 토지(土地) 정착물(定着物)
不足
부족
①필요(必要)한 양이나 한계(限界)에 미치지 못하고 모자람. 넉넉하지 못함 　②만족(滿足)하지 않음. 마음에 차지 않음

過
지날 과,재앙 화 1. 지나다 2. (지나는 길에)들르다 3. 경과하다(經過--) 4. 왕래하다(往來--), 교제하다(交際--) 5. 초과하다(超過--) 6. 지나치다 7. (분수에)넘치다 8. 넘다 9. 나무라다 10. 보다, 돌이켜 보다 11.... [부수]辶(책받침) [총획]13획 [난이도]중학용, 읽기 5급II, 쓰기 4급II
過程
과정
일이 되어 가는 경로(經路)
過去
과거
①지나간 때 　②현재(現在)에 앞선 때 　③지난적 　④삼세(三世)의 하나로 출생(出生)하기 전(前). 전생(前生). 전세(前世) 　⑤하여 버린 동작(動作)을 보이는 어법(語法). ＇았＇, ＇었＇, ＇더＇의...
過剩
과잉
예정(豫定)한 수량(數量)이나 필요(必要)한 수량(數量)보다 많음. ＇지나침＇으로 순화
謝過
사과
잘못에 대(對)하여 용서(容恕)를 빎


-----------------------------------
소음

*****DEFINITION*****
noise (informal) racket; (오랫동안 계속되는) din, 소음을 줄이다 reduce noise
騷音
騷 骚 sāo​   *骚* | 骚* | *骚 trouble / disturbance / rumpus / flirty / coquettish / abbr. for 離騷｜离骚 / literary writings / smell of urine / foul smell / male (animal) (dialect) 騷
音 音 yīn​   *音* | 音* | *音 sound / noise / note (of musical scale) / tone / news / syllable / reading (phonetic value of a character)
騷
떠들 소 1. 떠들다, 떠들썩하다 2. 근심하다(속을 태우거나 우울해하다) 3. 급하다(急--) 4. 쓸다 5. (말을)긁다, 긁어 주다 6. 비리다, 비린내가 나다 7. 떨다, 제거하다(除去--) 8. 근심 9. 소동(騷動) 10. 시부(詩賦:... [부수]馬(말마) [총획]20획 [난이도]고등용, 읽기 3급, 쓰기 2급
騷動
소동
①수선거리면서 움직이는 일 　②사건(事件)이나 큰변 　③규모(規模)가 작은 폭동(暴動)
騷音
소음
①진동수(振動數)나 그 변화(變化)가 불규칙(不規則)한 음 　②시끄럽게 들리어 불쾌감(不快感)을 자아내는 소리의 총칭(總稱)
騷亂
소란
①야단스럽고 시끄러움 　②술렁거리어 어수선함
騷擾
소요
①여러 사람이 떠들썩하게 들고 일어남 　②뭇 사람이 들고일어나서 폭행(暴行), 협박(脅迫)을 함으로써 한 지방(地方)의 공공(公共) 질서(秩序)를 문란(紊亂)하게 하는 행위(行爲)

音
소리 음,그늘 음 1. 소리 2. 글 읽는 소리 3. 말, 언어(言語) 4. 음악(音樂), 음률(音律) 5. 소식(消息), 음신(音信) 6. 그늘 [부수]音(소리음) [총획]9획 [난이도]중학용, 읽기 6급II, 쓰기 5급II
音樂
음악
성악(聲樂)과 기악(器樂)의 예술(藝術), 박자(拍子)ㆍ가락ㆍ음색ㆍ화성(和聲) 등(等)에 의(依)해 갖가지 형식(形式)으로 조립(組立)한 곡을 목소리나 악기(樂器)로 연주(演奏)하는 것
騷音
소음
①진동수(振動數)나 그 변화(變化)가 불규칙(不規則)한 음 　②시끄럽게 들리어 불쾌감(不快感)을 자아내는 소리의 총칭(總稱)
雜音
잡음
시끄러운 소리. 전신(電信), 라디오의 청취(聽取)를 방해(妨害)하는 소리. 부당(不當)한 간섭(干涉)이나 이의(異義)의 비유(比喩ㆍ譬喩). 불규칙(不規則)한 파동(波動)으로 불유쾌(不愉快)한 느낌을 주는...
訓民正音
훈민정음
1443년 세종대왕(世宗大王)이 집현전 학자(學者) 정인지(鄭麟趾), 성삼문(成三問), 신숙주(申叔舟) 등(等)의 도움을 얻어 창제(創製)한, 우리나라 국자(國字)를 반포(頒布)함에 있어서 이를 해설(解說)한...


-----------------------------------
허무

*****DEFINITION*****
[명사] futility, [형용사] vain, futile 인생의 허무함을 느끼다 feel the futility of life
虛無
虚无 xū​wú​   *虚无* | 虚无* | *虚无 nothingness 虛無
虛
빌 허 1. 비다, 없다 2. 비워 두다 3. 헛되다 4. 공허하다(空虛--) 5. 약하다(弱--) 6. 앓다 7. 살다, 거주하다(居住--) 8. 구멍 9. 틈, 빈틈 10. 공허(空虛), 무념무상(無念無想) 11. 마음 12. 하늘 13. 폐허(廢墟)... [부수]虍(범호엄) [총획]12획 [난이도]중학용, 읽기 4급II, 쓰기 3급II
謙虛
겸허
①겸손(謙遜)하게 자기(自己)를 낮춤 　②자기(自己)의 무력(無力)과 죄업(罪業)에 대(對)한 심각(深刻)한 자각(自覺)에서 우러나오는, 신(神)의 의사(意思)에 어디까지나 순종(順從)하려는 마음
虛僞
허위
①사실(事實)이 아닌 것을 사실(事實)처럼 꾸민 것 　②없는 사실(事實)을 거짓으로 꾸밈
虛點
허점
비거나 허술한 부분(部分), 빈점
虛構
허구
사실(事實)에 없는 일을 얽어서 꾸밈. 작가(作家)가 상상(想像)을 통(通)하여 실제(實際)로 있을 수 있는 일처럼 꾸며낸 작품(作品)이나 그 구성(構成)

無
없을 무 1. 없다 2. 아니다(=非) 3. 아니하다(=不) 4. 말다, 금지하다(禁止--) 5. ~하지 않다 6. 따지지 아니하다 7. ~아니 하겠느냐? 8. 무시하다(無視--), 업신여기다 9. ~에 관계없이(關係--) 10. ~를 막론(莫論)하고... [부수]灬(연화발) [총획]12획 [난이도]중학용, 읽기 5급, 쓰기 4급
無視
무시
①존재(存在)나 있는 값어치를 알아주지 아니함 　②사람을 깔보거나 업신여김 　③눈여겨 보지 않음
無責任
무책임
①책임(責任)이 없음 　②책임감(責任感)이 없음
無條件
무조건
어떤 일을 함에 있어서 아무런 조건(條件)이 없음
無關
무관
관계(關係)가 없음


-----------------------------------
허망

*****DEFINITION*****
falsehood, falsity, untruth, 허망하다 (be) vain, untrue, false, unreliable, groundless 허망지설 a groundless[an unreliable] view
虛妄
虚妄 xū​wàng​   *虚妄* | 虚妄* | *虚妄 fabricated 虛妄
虛
빌 허 1. 비다, 없다 2. 비워 두다 3. 헛되다 4. 공허하다(空虛--) 5. 약하다(弱--) 6. 앓다 7. 살다, 거주하다(居住--) 8. 구멍 9. 틈, 빈틈 10. 공허(空虛), 무념무상(無念無想) 11. 마음 12. 하늘 13. 폐허(廢墟)... [부수]虍(범호엄) [총획]12획 [난이도]중학용, 읽기 4급II, 쓰기 3급II
謙虛
겸허
①겸손(謙遜)하게 자기(自己)를 낮춤 　②자기(自己)의 무력(無力)과 죄업(罪業)에 대(對)한 심각(深刻)한 자각(自覺)에서 우러나오는, 신(神)의 의사(意思)에 어디까지나 순종(順從)하려는 마음
虛僞
허위
①사실(事實)이 아닌 것을 사실(事實)처럼 꾸민 것 　②없는 사실(事實)을 거짓으로 꾸밈
虛點
허점
비거나 허술한 부분(部分), 빈점
虛構
허구
사실(事實)에 없는 일을 얽어서 꾸밈. 작가(作家)가 상상(想像)을 통(通)하여 실제(實際)로 있을 수 있는 일처럼 꾸며낸 작품(作品)이나 그 구성(構成)

妄
망령될 망 1. 망령되다(妄靈--), 어그러지다 2. 허망하다(虛妄--), 헛되다 3. 속이다 4. 잊다, 잊어버리다 5. 거짓 6. 제멋대로, 함부로 7. 대개(大槪: 대부분), 모두, 널리 [부수]女(계집녀) [총획]6획 [난이도]고등용, 읽기 3급II, 쓰기 2급
妄言
망언
망령(妄靈)된 말
妄靈
망령
늙거나 정신(精神)이 흐려져서 말과 행동(行動)이 정상(正常)에서 어그러지는 상태(狀態)
妄想
망상
이치(理致)에 어긋나는 헛된 생각. 이것이 지나치면 병적(病的)인 것으로 되어 피해(被害) 망상(妄想), 과대망상(誇大妄想) 따위의 정신(精神) 이상(異常)이 일어남
輕妄
경망
(언행(言行)이)가볍고 방정맞음


-----------------------------------
체감

*****DEFINITION*****
feel 온도 변화를 체감하다 feel the temperature change
體感
体感 tǐ​gǎn​   *体感* | 体感* | *体感 physical sensation / somatosensory / motion sensing (gaming) 體感
體
몸 체 1. 몸, 신체(身體) 2. 몸소, 친히(親-) 3. 형상(形狀) 4. 근본(根本) 5. 격식(格式) 6. 물질(物質) 7. 물체(物體) 8. 서체(書體) 9. 체재(體裁) 10. 체험하다(體驗--) 11. 체득하다(體得--) 12. 알아주다... [부수]骨(뼈골) [총획]23획 [난이도]중학용, 읽기 6급II, 쓰기 5급II
團體
단체
공동(共同)의 목적(目的)을 달성(達成)하기 위(爲)하여 의식적(意識的)으로 결합(結合)한 두 사람 이상(以上)의 집단(集團). 법인(法人)ㆍ정당(政黨) 등(等)
體系
체계
①낱낱이 다른 것을 통일(統一)한 조직(組織) 　②또는, 그것을 구성(構成)하는 각 부분(部分)을 계통적(系統的)으로 통일(統一)한 전체(全體) 　③일정(一定)한 원리(原理)에 의(依)해 조직(組織)된 ...
具體的
구체적
사물(事物)이 뚜렷한 실체(實體)를 갖추고 실제(實際)의 형체(形體)ㆍ내용(內容)을 가지고 있는 모양(模樣)
全體
전체
①온몸. 전신(全身) 　②전부(全部). 총체　③개개 또는 부분(部分)의 집합(集合)으로 구성(構成)되어 있으면서도 그 총화(總和) 이상(以上)의 기능(機能), 의의(意義), 가치(價値) 따위를 가지는 존재(存在)

感
느낄 감,한할 감 1. 느끼다 2. 감응하다(感應--), 느낌이 통하다(通--) 3. 감동하다(感動--), 마음이 움직이다 4. 고맙게 여기다, 은혜(恩惠)를 새겨 두다 5. 깨닫다 6. 생각하다 7. 한하다(恨--: 몹시 억울하거나 원통하여... [부수]心(마음심) [총획]13획 [난이도]중학용, 읽기 6급, 쓰기 5급
敏感
민감
예민(銳敏)한 감각(感覺)
感情
감정
①사물(事物)에 느끼어 일어나는 심정(心情). 마음. 기분(氣分). 생각 　②쾌ㆍ불쾌(不快)를 중심(中心)으로 하는 의식(意識)의 주관적(主觀的) 측면(側面) 　③감각(感覺)이나 관념(觀念)에 따라 일어나는...
感謝
감사
①고마움 　②고맙게 여김 　③고맙게 여기고 사례(謝禮)함
感染
감염
①다른 풍습(風習)이 옮아서 물이 듦 　②병원체(病原體)가 몸 안에 들어오는 일. 발병(發病)하지 않을 수도 있음. 감염(感染)의 경로(經路)에 따라 공기(空氣) 감염(感染), 구강(口腔) 감염(感染), 접촉(接觸)...


-----------------------------------
매끄럽다

*****DEFINITION*****
(감촉이) smooth, soft 그녀의 피부는 비단결같이 매끄럽다 Her skin is as smooth as silk. 2개 뜻 더보기 : (감촉이) smooth, soft

-----------------------------------
청산유수

*****DEFINITION*****
그는 말이 청산유수다 He's a(n) smooth[eloquent; good; glib] talker.
靑山流水
靑 靑 qīng​   *靑* | 靑* | *靑 variant of 青
山 山 Shān​   *山* | 山* | *山 surname Shan
  山 shān​   *山* | 山* | *山 mountain / hill / anything that resembles a mountain / CL: 座 / bundled straw in which silkworms spin cocoons / gable
流水 流水 liú​shuǐ​   *流水* | 流水* | *流水 running water
靑
푸를 청 1. 푸르다 2. 젊다 3. 고요하다, 조용하다 4. 푸른빛 5. 대껍질 6. 봄 7. 동쪽 8. 땅의 이름 [부수]靑(푸를청) [총획]8획 [난이도]중학용, 읽기 8급, 쓰기 6급II
靑瓦臺
청와대
서울 경복궁(景福宮) 뒤 북악산(北岳山) 기슭에 있는 대통령(大統領) 관저(官邸). 전(前)에는 경무대(景武臺)로도 불렀음. 조선(朝鮮) 시대(時代) 때에는 경복궁(景福宮)의 일부(一部)로 연무장(鍊武場...
靑年
청년
청춘기(靑春期)에 있는 젊은 사람. 특(特)히, 남자(男子)를 일컬음
靑寫眞
청사진
①미래(未來)의 계획(計劃)ㆍ구상 　②파랗게 나오는 도면(圖面)
靑少年
청소년
청년(靑年)과 소년(少年)의 총칭(總稱). 특(特)히, 10대의 남녀(男女)를 가리키는 말임

山
메 산 1. 메(산(山)을 예스럽게 이르는 말), 뫼 2. 산신(山神: 산신령), 산(山)의 신(神) 3. 무덤, 분묘(墳墓) 4. 절, 사찰(寺刹) 5. 임금의 상(象) 6. (산처럼)움직이지 아니하다 [부수]山(뫼산) [총획]3획 [난이도]중학용, 읽기 8급, 쓰기 6급II
山羊
산양
①염소 　②영양. 솟과의 동물(動物). 산악(山岳) 지대(地帶)에 사는 데, 몸길이 100∼120cm, 키 68∼72cm로 동작(動作)이 매우 재빠름. 암수 모두 끝이 뾰족한 뿔이 있으며, 털빛은 주(主)로 회색(灰色)...
釜山
부산
☞ 부산광역시(釜山廣域市)
蔚山
울산
☞ 울산광역시(蔚山廣域市)
金剛山
금강산
강원도(江原道) 고성군(高城郡)과 회양군에 걸쳐 있는 이름난 산 　봄에는 금강산(金剛山), 여름에는 봉래산(蓬萊山), 가을에는 풍악산(楓嶽山), 겨울에는 개골산(皆骨山)이라고 함

流
흐를 유,흐를 류 1. 흐르다 2. 번져 퍼지다 3. 전하다(傳--) 4. 시간이 지나가다 5. 내치다 6. 귀양 보내다 7. 흐르게 하다 8. 흘리다 9. 구하다(求--) 10. 무리(모여서 뭉친 한 동아리) 11. 핏줄 12. 갈래 13. 분파(分派) [부수]氵(삼수변) [총획]10획 [난이도]중학용, 읽기 5급II, 쓰기 4급II
流通
유통
①거침없이 흘러 통(通)함. 세상(世上)에 널리 통용(通用)됨 　②(화폐(貨幣) 따위가) 세상(世上)에 널리 쓰이는 것 　③(상품(商品) 따위가) 생산자(生産者)ㆍ소비자(消費者)ㆍ수요자(需要者)에 도달...
交流
교류
①서로 주고받음 　②서로 뒤섞이어 흐름 　③전류(電流)가 일정(一定)한 시간(時間)마다 서로 반대(反對) 방향(方向)으로 흐르는 현상(現象) 　④문화(文化), 사상(思想) 따위의 조류(潮流)가 서로 섞이는...
漂流
표류
①물에 떠서 흘러감 　②정처 없이 돌아다님
流出
유출
①(액체(液體)가) 밖으로 흘러 나가거나 나오는 것 　②(중요(重要)한 것이)나라나 조직(組織)의 밖으로 나가 버리는 것

水
물 수 1. 물 2. 강물 3. 액체(液體), 물과 관련(關聯)된 일 4. 홍수(洪水), 수재(水災), 큰물(비가 많이 와서 강이나 개천에 갑자기 크게 불은 물) 5. 수성(水星: 태양에 가장 가까운 별) 6. 별자리 이름 7.... [부수]水(물수) [총획]4획 [난이도]중학용, 읽기 8급, 쓰기 6급II
水準
수준
①사물(事物)의 가치(價値)나 작용(作用) 등(等)에 관(關)한 일정(一定)한 표준(標準)이나 정도(程度) 　②수평(水平)
雨水
우수
①빗물 　②24절기(節氣)의 하나. 양력(陽曆) 2월 19일 경(頃)으로 입춘(立春)과 경칩(驚蟄) 사이에 있음. 날씨가 많이 풀려 초목이 싹트는 시기(時期)
洪水
홍수
①비가 많이 와서 하천(河川)이 넘치거나 땅이 물에 잠기게 된 상태(狀態). 큰물 　②사람이나 사물(事物)이 제한(制限)된 곳에 엄청나게 많이 있는 상태(狀態)를 비유적(比喩的)으로 이르는 말
水位
수위
①주기적(週期的)으로 변(變)하는 높고 낮은 수면(水面)의 높이　②어떤 일을 처리(處理)하는 수준(水準)이나 정도(程度)를 조절(調節)함


-----------------------------------
