임직

*****DEFINITION*****
appointment to an office
任職
任职 rèn​zhí​   *任职* | 任职* | *任职 to hold an office or post 任職
任
맡길 임,맞을 임 1. 맡기다, 주다 2. 능하다(能--), 잘하다 3. (공을)세우다 4. 배다, 임신하다(妊娠--) 5. 맞다, 당하다(當--) 6. (책임을)맡다, 지다 7. 견디다, 감내하다(堪耐--) 8. 보증하다(保證--) 9. 비뚤어지다,... [부수]亻(사람인변) [총획]6획 [난이도]고등용, 읽기 5급II, 쓰기 4급II
責任
책임
①도맡아 해야 할 임무(任務) 　②불법(不法) 행위(行爲)를 한 자에게 법률(法律) 상(上)의 불이익(不利益) 내지 제재(制裁)가 가(加)해지는 일. 민사(民事) 책임(責任)과 형사(刑事) 책임(責任)으로 나뉨
就任
취임
맡은 자리에 나아가 임무(任務)를 봄
無責任
무책임
①책임(責任)이 없음 　②책임감(責任感)이 없음
任期
임기
임무(任務)를 맡아보는 일정(一定)한 기한(期限)

職
직분 직 1. 직분(職分) 2. 직책(職責) 3. 벼슬 4. 공물(貢物) 5. 일 6. 사업(事業) 7. 맡다 8. 오로지 9. 주로 [부수]耳(귀이) [총획]18획 [난이도]고등용, 읽기 4급II, 쓰기 3급II
職員
직원
관공서(官公署)ㆍ회사(會社)ㆍ학교(學校) 등(等)에서 각각(各各)의 직무(職務)를 담당(擔當)하는 사람
職業
직업
생계(生計)를 세워가기 위(爲)해 일상적(日常的)으로 종사(從事)하는 일
職場
직장
공장(工場)ㆍ회사(會社)ㆍ관청(官廳) 등(等)에 있어 각자가 맡은 일을 하는 일터ㆍ일자리
職務
직무
①담당(擔當)하여 맡은 사무(事務) 　②직장(職場)으로 삼는 근무(勤務)


-----------------------------------
손색

*****DEFINITION*****
이 영화는 당대 최고의 작품이라고 해도 손색이 없다 It is safe to say that this movie is the finest work of our day.
遜色
逊色 xùn​sè​   *逊色* | 逊色* | *逊色 inferior (often in the combination 毫無遜色｜毫无逊色, not in the least inferior) 遜色
遜
겸손할 손 1. 겸손하다(謙遜ㆍ謙巽--) 2. 순하다(順--) 3. 사양하다(辭讓--) 4. 양위하다 5. 못하다 6. 뒤지다 7. 뒤떨어지다 8. 따르다 9. 달아나다 [부수]辶(책받침) [총획]14획 [난이도]읽기 1급, 쓰기 특급
謙遜
겸손
남을 대할 때에 거만(倨慢)하지 않고 공손(恭遜)한 태도(態度)로 제 몸을 낮춤
遜色
손색
서로 견주어 보아서 못한 점(點)
恭遜
공손
공경(恭敬)하고 겸손(謙遜)함
不遜
불손
거만(倨慢)하여 겸손(謙遜)하지 못함. 버릇없음

色
빛 색 1. 빛, 빛깔 2. 색채(色彩) 3. 낯, 얼굴빛 4. 윤, 광택(光澤) 5. 기색(氣色) 6. 모양, 상태(狀態) 7. 미색(美色) 8. 색정(色情), 여색(女色), 정욕(情慾) 9. 갈래, 종류(種類) 10. 화장하다(化粧--), 꾸미다... [부수]色(빛색) [총획]6획 [난이도]중학용, 읽기 7급, 쓰기 6급
色彩
색채
①빛깔 　②사물(事物)의 표현(表現), 태도(態度) 등(等)에서 나타나는 일정(一定)한 성질(性質)이나 경향(傾向) 또는 맛
染色體
염색체
분열(分裂)하는 세포(細胞)에 나타나는 실, 막대, 알갱이 모양(模樣)의 물질(物質). 일정(一定)한 배열(配列)로 유전자(遺傳子)를 지니고 있으며, 생물(生物)의 성을 결정(決定)하는 데 관계(關係)가 있음
丹色
단색
붉은색
綠色
녹색
파랑과 노랑의 중간색(中間色), 곧 풀빛


-----------------------------------
가난뱅이

*****DEFINITION*****
poor man, poor person

-----------------------------------
취급하다

*****DEFINITION*****
(물건·일 등을) handling, handle, deal with; (판매하다) carry, trade in, deal in 취급 주의 Handle With Care 2개 뜻 더보기 : (물건·일 등을) handling, handle, deal with; (판매하다) carry, trade in, deal in
取扱
取 取 qǔ​   *取* | 取* | *取 to take / to get / to choose / to fetch HSK 4
扱 扱 xī​   *扱* | 扱* | *扱 to collect / to receive
取
가질 취 1. 가지다, 손에 들다 2. 취하다(取--) 3. 의지하다(依支--), 돕다 4. 채용하다(採用--), 골라 뽑다 5. 받다, 받아들이다 6. 이기다 7. 다스리다 8. 멸망시키다(滅亡---) 9. 장가들다 10. 어조사(語助辭)... [부수]又(또우) [총획]8획 [난이도]중학용, 읽기 4급II, 쓰기 3급II
取消
취소
①기재(記載)하거나 진술(陳述)한 사실(事實)을 말살(抹殺)함. 있는 사실(事實)을 없애 버림 　②하자 있는 의사(意思) 표시(表示)ㆍ법률(法律) 행위(行爲)의 효력(效力)을 표의 자나 그밖의 특정(特定)한...
攝取
섭취
영양분(營養分)을 빨아들임
搾取
착취
①꼭 누르거나 비틀어서 즙을 짜 냄　②자본가(資本家)나 지주(地主)가 노동자(勞動者)나 농민(農民)을 임금(賃金)에 상당(相當)한 시간(時間) 이상(以上)으로 부려서 생기는 잉여(剩餘) 가치(價値)를...
取扱
취급
①사물(事物)을 다룸 　②다루어 처리(處理)함

扱
미칠 급,거둘 흡,꽂을 삽 1. 미치다(영향이나 작용 따위가 대상에 가하여지다), 이르다(어떤 정도나 범위에 미치다) 2. 다루다, 처리하다(處理--) 3. 취급하다(取扱--) a. 거두다 (흡) b. 거두어 모으다, 수렴하다(收斂--) (흡)... [부수]扌(재방변) [총획]7획 [난이도]읽기 1급, 쓰기 특급
取扱
취급
①사물(事物)을 다룸 　②다루어 처리(處理)함
取扱者
취급자
취급(取扱)하는 사람
稅關貨物取扱人
세관화물취급인
일정(一定)한 취급료(取扱料)를 받고, 화물(貨物)의 통관(通關) 절차(節次) 등(等)을 화주(貨主)에 대신(代身)하여 맡아 하는 것을 업(業)으로 삼는 사람
稻扱機
도급기
벼훑이


-----------------------------------
적선하다

*****DEFINITION*****
[동사] give alms 가난한 사람들에게 적선하다 give alms to the poor
積善
積 积 jī​   *积* | 积* | *积 to amass / to accumulate / to store / measured quantity (such as area of volume) / product (the result of multiplication) / to integrate (math.) / to solve (or integrate) an ordinary differential equation (math.) / old / long-standing 積
善 善 shàn​   *善* | 善* | *善 good (virtuous) / benevolent / well-disposed / good at sth / to improve or perfect
積
쌓을 적,저축 자 1. 쌓다 2. 많다 3. 머무르다 4. 울적하다(鬱寂--) 5. 병이 들다 6. 심하다(甚--: 정도가 지나치다) 7. 더미 8. 곱하여 얻은 수 9. 부피 10. 넓이 11. 자취(어떤 것이 남긴 표시나 자리) 12. 병(病) 이름... [부수]禾(벼화) [총획]16획 [난이도]고등용, 읽기 4급, 쓰기 3급
積極
적극
사물(事物)에 대(對)하여 그것을 긍정(肯定)하고 능동적(能動的)으로 활동(活動)함
積極的
적극적
사물(事物)에 대(對)하여 긍정(肯定)하고 능동적(能動的)인 것
累積
누적
①포개어 쌓음. 또는 포개져 쌓임　②되풀이하거나 지속(持續)하여 더 많아지거나 심해지게 하는 것
蓄積
축적
①많이 모이는 일 　②또는, 그것

善
착할 선 1. 착하다 2. 좋다 3. 훌륭하다 4. 잘하다 5. 옳게 여기다 6. 아끼다 7. 친하다(親--) 8. 사이좋다 9. 착하고 정당하여 도덕적(道德的) 기준(基準)에 맞는 것 [부수]口(입구) [총획]12획 [난이도]중학용, 읽기 5급, 쓰기 4급
改善
개선
잘못을 고쳐 좋게 함
最善
최선
①가장 좋음 　②가장 적합(適合)함 　③전력(全力)
善惡
선악
착한 것과 악(惡)한 것. 선과 악
善意
선의
①선량(善良)한 마음. 착한 마음 　②남을 위(爲)해서 좋게 보거나 좋은 면을 보려고 하는 마음 　③관계(關係)의 발생(發生)과 소멸(消滅) 및 그 효력(效力)에 영향(影響)을 끼치는 사실(事實)을 모름


-----------------------------------
푼

*****DEFINITION*****
(돈의 단위) penny 그런 일에는 한 푼도 낼 수 없다 I wouldn't give a penny for that. 2개 뜻 더보기 : (돈의 단위) penny

-----------------------------------
균형

*****DEFINITION*****
(자세·상황 등의) balance; (힘·세력 등의) equilibrium 균형 잡힌 몸매 a well-proportioned figure
均衡
均衡 jūn​héng​   *均衡* | 均衡* | *均衡 equal / balanced / harmony / equilibrium
均
고를 균,운 운,따를 연 1. 고르다 2. 평평하다(平平--) 3. 가지런히 하다, 조절하다(調節--) 4. 비교하다(比較--), 따지다 5. (밭을)갈다, 김매다(논밭의 잡풀을 뽑아내다) 6. 널리, 빠짐없이 7. 두루, 모두, 죄다 8. 녹로대(轆轤臺:... [부수]土(흙토) [총획]7획 [난이도]중학용, 읽기 4급, 쓰기 3급
均衡
균형
치우침이 없이 고름
平均
평균
①부동(不同)이나 다소(多少)가 없이 균일(均一)함. 또는, 그렇게 함. 연등(連等) 　②어떤 가정(假定) 밑에서, 많은 수(數)나 같은 종류(種類)의 양(量)의 중간(中間)의 값을 갖는 수(數). 혹은 그런...
不均衡
불균형
①균형(均衡)이 잡히지 않고 어느 편으로 치우쳐서 고르지 못함 　②고르지 않음
均等
균등
①차별(差別) 없이 고름 　②개념(槪念), 명제(命題) 등(等) 외형만 다르고 실상(實相)은 뜻이 같음

衡
저울대 형,가로 횡 1. 저울대, 저울 2. (수레의)가로장 3. 도리(서까래를 받치기 위하여 기둥 위에 건너지르는 나무) 4. 뿔막이나무, 쇠코뚜레 5. 비녀(여자의 쪽 찐 머리가 풀어지지 않도록 꽂는 장신구) 6. 권병(權柄:... [부수]行(다닐행) [총획]16획 [난이도]고등용, 읽기 3급II, 쓰기 2급
均衡
균형
치우침이 없이 고름
銓衡
전형
인물(人物)의 됨됨이나 재능(才能)을 시험(試驗)하여 뽑음
不均衡
불균형
①균형(均衡)이 잡히지 않고 어느 편으로 치우쳐서 고르지 못함 　②고르지 않음
衡平性
형평성
형평(衡平)을 이루는 성질(性質)


-----------------------------------
