종종

*****DEFINITION*****
(가끔) sometimes, occasionally, (every) now and then, (every) once in a while, from time to time; (자주) often, frequently 종종 놀러 오십시오 Come and see us often[sometimes].
種種
种种 zhǒng​zhǒng​   *种种* | 种种* | *种种 all kinds of 種種
種
씨 종 1. 씨 2. 종족(種族) 3. 종류(種類) 4. 식물(植物) 5. 뿌리다 6. 심다 7. 펴다 [부수]禾(벼화) [총획]14획 [난이도]중학용, 읽기 5급II, 쓰기 4급II
各種
각종
①여러 가지의 종류(種類) 각가지 　②여러 가지
芒種
망종
24절기(節氣)의 하나. 양력(陽曆) 6월 5일 경(頃)으로, 보리가 익고 모를 심기 좋은 때
種類
종류
물건(物件)을 부문(部門)에 따라 나눈 갈래
業種
업종
①직업(職業)이나 영업(營業)의 종류(種類) 　②반드시 고락(苦樂)의 과보(果報)를 내는 것이 씨가 열매를 맺는 것과 같다 하여 ＇선악(善惡)의 업＇을 일컫는 말

種
씨 종 1. 씨 2. 종족(種族) 3. 종류(種類) 4. 식물(植物) 5. 뿌리다 6. 심다 7. 펴다 [부수]禾(벼화) [총획]14획 [난이도]중학용, 읽기 5급II, 쓰기 4급II
各種
각종
①여러 가지의 종류(種類) 각가지 　②여러 가지
芒種
망종
24절기(節氣)의 하나. 양력(陽曆) 6월 5일 경(頃)으로, 보리가 익고 모를 심기 좋은 때
種類
종류
물건(物件)을 부문(部門)에 따라 나눈 갈래
業種
업종
①직업(職業)이나 영업(營業)의 종류(種類) 　②반드시 고락(苦樂)의 과보(果報)를 내는 것이 씨가 열매를 맺는 것과 같다 하여 ＇선악(善惡)의 업＇을 일컫는 말


-----------------------------------
대대로

*****DEFINITION*****
for generations, from generation to generation, generation after generation, from father to son 그 집은 대대로 학자 집안이다 They have been scholars for generations.
代代
代代 dài​dài​   *代代* | 代代* | *代代 from generation to generation / generation after generation
代
대신할 대 1. 대신하다(代身--), 대리하다(代理--) 2. 교체하다(交替ㆍ交遞--), 번갈아들다 3. 시대(時代) 4. 일생(一生) 5. 세대(世代) 6. 대리(代理) 7. 대금(代金) 8. 계승(繼承)의 차례(次例) 9. 번갈아 [부수]亻(사람인변) [총획]5획 [난이도]중학용, 읽기 6급II, 쓰기 5급II
代表
대표
①전체(全體)의 상태(狀態)나 성질(性質)을 어느 하나로 잘 나타내는 일. 또는, 나타낸 그것 　②어떤 일을 집단(集團)을 대신(代身)하여 하는 것. 또는, 그 사람 　③(법률(法律)ㆍ법학) 법인(法人)ㆍ...
代替
대체
다른 것으로 바꿈
時代
시대
역사적(歷史的)으로 구분(區分)한 어떤 기간(期間)
代身
대신
①남을 대리(代理) 함 　②새것으로나 다른 것으로 바꾸어 갈아 채움 　③어떠한 행위(行爲)나 현상(現象)에 상응(相應)하는 것이거나 그의 대가(代價)임을 나타내는 말

代
대신할 대 1. 대신하다(代身--), 대리하다(代理--) 2. 교체하다(交替ㆍ交遞--), 번갈아들다 3. 시대(時代) 4. 일생(一生) 5. 세대(世代) 6. 대리(代理) 7. 대금(代金) 8. 계승(繼承)의 차례(次例) 9. 번갈아 [부수]亻(사람인변) [총획]5획 [난이도]중학용, 읽기 6급II, 쓰기 5급II
代表
대표
①전체(全體)의 상태(狀態)나 성질(性質)을 어느 하나로 잘 나타내는 일. 또는, 나타낸 그것 　②어떤 일을 집단(集團)을 대신(代身)하여 하는 것. 또는, 그 사람 　③(법률(法律)ㆍ법학) 법인(法人)ㆍ...
代替
대체
다른 것으로 바꿈
時代
시대
역사적(歷史的)으로 구분(區分)한 어떤 기간(期間)
代身
대신
①남을 대리(代理) 함 　②새것으로나 다른 것으로 바꾸어 갈아 채움 　③어떠한 행위(行爲)나 현상(現象)에 상응(相應)하는 것이거나 그의 대가(代價)임을 나타내는 말


-----------------------------------
등장

*****DEFINITION*****
(무대 등에) [명사] appearance, [동사] appear, make an appearance, come on 그녀는 1막에 등장한다 She appears[comes on] in the first act[Act Ⅰ]. 3개 뜻 더보기 : (무대 등에) [명사] appearance, [동사] appear, make an appearance, come on
登場
登场 dēng​chǎng​   *登场* | 登场* | *登场 to go on stage / fig. to appear on the scene / used in advertising to mean new product 登場
登
오를 등 1. 오르다 2. 나가다 3. 기재하다(記載--) 4. 익다 [부수]癶(필발머리) [총획]12획 [난이도]중학용, 읽기 7급, 쓰기 6급
登場
등장
①소설(小說)ㆍ영화(映畫) 또는 무대(舞臺) 등(等)에서 나옴 　②무슨 일에 어떠한 사람이 나타남 　③새로운 제품(製品) 등(等)이 세상(世上)에 처음으로 나옴
登錄
등록
①문서(文書)에 올림 　②법령(法令)의 규정(規定)에 의(依)한 어떠한 사항(事項)을 공증(公證)하기 위(爲)하여 관계(關係)되는 관청(官廳)의 공부(公簿)에 기재(記載)하는 일. 등록(登錄)에 의(依)하여...
登校
등교
학교(學校)에 출석(出席)함
登載
등재
①서적(書籍) 또는 잡지(雜誌) 등(等)에 올려 적음 　②일정(一定)한 사항(事項)을 장부(帳簿)나 대장(臺帳)에 올림

場
마당 장 1. 마당 2. 구획(區劃) 3. 때(시기), 경우(境遇) 4. 곳, 장소(場所) 5. 밭, 논밭 6. 들판, 일구지 않은 땅 7. 무대(舞臺) 8. 시장, 장터 9. 시험장(試驗場) 10. 신을 모신 곳 [부수]土(흙토) [총획]12획 [난이도]중학용, 읽기 7급II, 쓰기 6급
市場
시장
①도회지(都會地)에 날마다 서는 물건(物件)을 사고 파는 곳. 일용품(日用品), 식료품(食料品) 따위를 한곳에 모아 파는 곳. 저자(著者) 　②상품(商品) 경제(經濟)에 있어서, 파는 사람과 사는 사람과의...
立場
입장
①처하여 있는 사정(事情)이나 형편(形便) 　②지위(地位) 또는, 신분(身分)
登場
등장
①소설(小說)ㆍ영화(映畫) 또는 무대(舞臺) 등(等)에서 나옴 　②무슨 일에 어떠한 사람이 나타남 　③새로운 제품(製品) 등(等)이 세상(世上)에 처음으로 나옴
工場
공장
많은 노동자(勞動者)를 써서 물건(物件)을 만들거나 가공(加工), 생산(生産)에 종사(從事)하는 시설(施設)


-----------------------------------
