유의하다

*****DEFINITION*****
[동사] pay[give] attention (to), (formal) pay[give] heed (to), (formal) take heed (of), (formal) note; (마음에 새기다) keep[bear] (sth) in mind, take notice (of), be mindful (of) 유의하여 듣다 listen attentively
留意
留意 liú​yì​   *留意* | 留意* | *留意 to be mindful / to pay attention to / to take note of
留
머무를 류,머무를 유 1. 머무르다 2. 정지하다(停止--) 3. 뒤지다 4. 지체하다(遲滯--), 더디다 5. 늦다 6. 붙잡다, 만류하다(挽留--) 7. 억류하다(抑留--) 8. 죽이다 9. 다스리다 10. 기다리다 11. 오래다, 장구하다 12. 혹,... [부수]田(밭전) [총획]10획 [난이도]중학용, 읽기 4급II, 쓰기 3급II
滯留
체류
①사물(事物)의 진전(進展)이 머뭇거림 　②여행지(旅行地) 등(等)에서 오래 머물러 있음
保留
보류
어떤 일을 처리(處理)하지 않고 미루어 둠
留保
유보
①뒷날로 미루어 둠 　②멈추어 두고 보존(保存)함 　③권리(權利)ㆍ의무(義務)에 관(關)해 제한(制限)을 붙임
抑留
억류
불법적(不法的)으로 남의 자유(自由)를 억지로 구속(拘束)함

意
뜻 의,기억할 억 1. 뜻, 의미(意味) 2. 생각 3. 사사로운 마음, 사욕(私慾) 4. 정취(靜趣), 풍정(風情) 5. 대저(大抵: 대체로 보아서), 무릇, 혹은혹은(或-: 그렇지 아니하면) 6. 생각컨대 7. 아아! 8. 의심하다(疑心--)... [부수]心(마음심) [총획]13획 [난이도]중학용, 읽기 6급II, 쓰기 5급II
弔意
조의
죽은이를 슬퍼하는 마음
意味
의미
①말이나 글이 지니는 뜻, 내용(內容). 또 그 의도(意圖), 동기(動機), 이유(理由) 따위 　②행위(行爲)나 사물(事物)의 중요성(重要性), 효력(效力)
意識
의식
①(어떤 일ㆍ현상(現象)ㆍ대상(對象) 등(等)을) 생각이 미치어 대상(對象)으로서 알거나 깨닫거나 느끼는 것 　②(어떤 대상(對象)을) 특별(特別)히 두드러지게 느끼거나 마음에 두는 것 　③사람이 깨어...
意見
의견
마음에 생각하는 점(點)


-----------------------------------
주석

*****DEFINITION*****
(주해) annotation, footnote, comment 한시에 주석을 붙이다 annotate Chinese poems
註釋
註 注 zhù​   *注* | 注* | *注 to register / to annotate / note / comment 註
釋 释 shì​   *释* | 释* | *释 to explain / to release / Buddha (abbr. for 釋迦牟尼｜释迦牟尼) / Buddhism 釋
註
글 뜻 풀 주 1. 글 뜻을 풀다 2. 뜻을 풀어 밝히다 3. 주(註)를 내다 4. 기술하다(記述--), 기재하다(記載--) 5. 적다, 기록하다(記錄--) 6. 물대다 7. 머물러 기다리다 8. 주(註), 주해(註解), 해석(解釋) [부수]言(말씀언) [총획]12획 [난이도]읽기 1급, 쓰기 특급
註釋
주석
낱말이나 문장(文章)의 뜻을 자세(仔細)하게 풀이함
註文
주문
어떤 문장(文章)이나 글귀(-句)에 주(註)를 붙여 쉽게 풀이한 글
註解
주해
①본문(本文)의 뜻을 알기 쉽게 주를 달아 풀이함 　②또는, 그 글 주석(注釋)
脚註
각주
본문(本文) 밑에 붙인 풀이. 본문(本文)의 어떤 부분(部分)의 뜻을 보충(補充)하거나 풀이하기 위(爲)한 글을 본문(本文)의 아래쪽에 따로 단 것

釋
풀 석,기뻐할 역 1. 풀다 2. 설명하다(說明--) 3. 풀리다, 깨닫다 4. (의심이나 오해가)사라지다, 벗다 5. 용서하다(容恕--) 6. 놓아주다, 석방하다(釋放--) 7. 내놓다, 내버리다 8. 쫓기다, 추방하다(追放--) 9. (쌀을)씻다... [부수]釆(분별할변) [총획]20획 [난이도]고등용, 읽기 3급II, 쓰기 2급
解釋
해석
①풀이. 기호(記號), 말, 예술(藝術) 따위로 표현(表現)된 것을 실마리로 하여 그 속에 담긴 내용(內容)을 밝히거나 기교적(技巧的)으로 이행(履行)하는 것　②(어떤 일이나 현상(現象) 등(等)을) 자기(自己)...
釋放
석방
법에 의(依)하여 구속(拘束)된 사람을 풀어 자유(自由)롭게 함
釋然
석연
①마음이 환하게 풀림 　②미심(未審)쩍었던 것이나 원한(怨恨) 등(等)이 풀림
釋迦牟尼
석가모니
불교(佛敎)의 개조(開祖)


-----------------------------------
형성

*****DEFINITION*****
[명사] formation, development, [동사] form, build (up), develop 사회적 공감대를 형성하다 form a social consensus
形成
形成 xíng​chéng​   *形成* | 形成* | *形成 to form / to take shape HSK 5
形
모양 형 1. 모양, 꼴 2. 형상(形狀) 3. 얼굴 4. 몸, 육체(肉體) 5. 그릇 6. 형세(形勢), 세력(勢力) 7. 모범(模範) 8. 이치(理致), 도리(道理) 9. 거푸집 10. 형상하다(形象ㆍ形像), 형상(形象ㆍ形像)을 이루다... [부수]彡(터럭삼) [총획]7획 [난이도]중학용, 읽기 6급II, 쓰기 5급II
形便
형편
①일이 되어 가는 모양(模樣)이나 경로(經路) 　②또는, 결과(結果) 　③살림살이의 형세(形勢) 　④어떠한 셈평 　⑤땅의 생긴 현상(現象)
形態
형태
①사물(事物)의 생김새 　②어떤 도형(圖形), 멜로디, 동작(動作) 따위와 같이 유기적(有機的), 전체적(全體的) 구조(構造) 　③또는, 체제(體制)를 갖는 사물(事物). 곧, 대상(對象) 그 자체(自體)
形式
형식
①겉으로 드러나는 격식(格式) 　②내용(內容)을 담고 있는 바탕이 되는 틀
形成
형성
①어떠한 꼴을 이룸 　②또는, 어떠한 꼴로 이루어짐

成
이룰 성 1. 이루다 2. 이루어지다 3. 갖추어지다, 정리되다(整理--), 구비되다(具備--) 4. 살찌다, 비대해지다(肥大---) 5. 우거지다, 무성해지다(茂盛---) 6. 익다, 성숙하다(成熟--) 7. 일어나다, 흥기하다(興起--:... [부수]戈(창과) [총획]7획 [난이도]중학용, 읽기 6급II, 쓰기 5급II
構成
구성
①여러 부분(部分)이나 요소(要素)들을 모아서 일정(一定)한 전체(全體)를 짜 이룸 　②여러 부분(部分)이나 요소(要素)들을 모아서 짜 이룬 일정(一定)한 전체(全體)
成績
성적
①사업(事業)이나 일을 한 결과(結果)로 얻은 실적(實績). 일의 성과(成果) 　②학생(學生)들의 학업(學業)과 시험(試驗)의 결과(結果)로 얻은 실적(實績)
成熟
성숙
①초목(草木)의 열매가 충분(充分)히 여묾 　②생물(生物)이 충분(充分)히 발육(發育)이 됨 　③어떤 현상(現象)이 충분(充分)히 발전(發展)하여 무르익은 시기(時機)에 달함
成功
성공
①뜻한 것이 이루어짐 　②목적(目的)을 이룸 　③사회적(社會的) 지위(地位)를 얻음


-----------------------------------
다반사

*****DEFINITION*****
우리 부서는 야근이 다반사다 Our department works overtime frequently.
茶飯事
茶 茶 chá​   *茶* | 茶* | *茶 tea / tea plant / CL: 杯, 壺｜壶 HSK 1
飯 饭 fàn​   *饭* | 饭* | *饭 food / cuisine / cooked rice / meal / CL: 碗, 頓｜顿 飯
事 事 shì​   *事* | 事* | *事 matter / thing / item / work / affair / CL: 件, 樁｜桩, 回
茶
차 다,차 차 1. 차(茶) 2. 차나무(茶--) 3. 동백나무(冬柏--: 차나뭇과의 상록 활엽 교목) 4. 다갈색(茶褐色) 5. 소녀에 대한 미칭(美稱) 6. (차를)마시다 a. 차(茶) (차) b. 차나무(茶--) (차) c. 동백나무(冬柏--:... [부수]艹(초두머리) [총획]10획 [난이도]고등용, 읽기 3급II, 쓰기 2급
茶禮
차례
명절날(名節-)이나 조상(祖上)의 생일(生日) 또는 음력(陰曆)으로 매달 초하루와 보름날 등(等)의 낮에 간단(簡單)히 지내는 제사(祭祀)
茶母
다모
관청(官廳)의 식모(食母) 노릇을 하는 천비(賤婢)
甘茶
감차
단술. 쌀밥에 엿기름가루를 우린 물을 부어서 삭힌 뒤 끓인 음식(飮食)
茶飯事
다반사
①차를 마시고 밥을 먹듯 일상적(日常的)으로 하는 일 　②예사(例事)로운 일

飯
밥 반 1. 밥 2. 식사 3. 먹다 4. 먹이다 5. 사육하다(飼育--) 6. 기르다 [부수]飠(밥식변) [총획]12획 [난이도]중학용, 읽기 3급II, 쓰기 2급
茶飯事
다반사
①차를 마시고 밥을 먹듯 일상적(日常的)으로 하는 일 　②예사(例事)로운 일
飯饌
반찬
밥에 곁들여 먹는 온갖 음식(飮食)
飯酒
반주
끼니 때 밥에 곁들여서 한두 잔 마시는 술
朝飯
조반
아침밥. 아침 끼니로 먹는 밥

事
일 사 1. 일 2. 직업(職業) 3. 재능(才能) 4. 공업(工業), 사업(事業) 5. 관직(官職), 벼슬 6. 국가(國家) 대사(大事) 7. 경치(景致), 흥치(興致) 8. 변고(變故), 사고(事故) 9. 벌(옷을 세는 단위) 10. 섬기다... [부수]亅(갈고리궐) [총획]8획 [난이도]중학용, 읽기 7급II, 쓰기 6급
事實
사실
①실제(實際)로 있었던 일, 또는 있는 일 　②법률(法律) 상(上)으로 효과(效果)를 내는 현상(現象)이나 경험(經驗) 　③생각하였거나 말한 일에 대(對)하여 현실(現實)로 이루어졌거나 일어난 일로서...
事件
사건
①뜻밖에 일어난 사고(事故) 　②사회적(社會的) 관심(關心)이나 주목(注目)을 끌 만한 일
事態
사태
①일이 되어 가는 형편(形便) 　②벌어진 일의 상태(狀態)
事例
사례
①일의 전례(前例) 　②일의 실례(實例)


-----------------------------------
비하

*****DEFINITION*****
(자기를 낮춤) abasement, belittlement, disparagement, selfhumbling, 비하하다 belittle[humble, disparage, depreciate] oneself 지나치게 자신을 비하할 필요는 없다 You don´t have to humble yourself too much. 2개 뜻 더보기 : (자기를 낮춤) abasement, belittlement, disparagement, selfhumbling, 비하하다 belittle[humble, disparage, depreciate] oneself
卑下
卑下 bēi​xià​   *卑下* | 卑下* | *卑下 base / low
卑
낮을 비 1. 낮다 2. 왜소하다(矮小--) 3. 낮추다 4. 겸손(謙遜ㆍ謙巽)하게 대하다(對--) 5. 천하다(賤--) 6. 천하게 여기다 7. 비루하다 8. 저속하다 9. 쇠하다(衰--) 10. 가깝다 11. ~으로 하여금 ~하게 하다... [부수]十(열십) [총획]8획 [난이도]고등용, 읽기 3급II, 쓰기 2급
卑怯
비겁
①비열(卑劣)하고 겁이 많음 　②사람됨이 옹졸(壅拙)하고 겁이 많음 　③정정(正正) 당당(堂堂)하지 못하고 야비(野鄙)함
卑劣
비열
①성품(性品)이나 하는 짓이 천하고 용렬(庸劣)함 　②사람 됨됨이가 못나고 어리석으며 지저분함
卑俗
비속
낮고 천(賤)한 풍속(風俗)
卑下
비하
①땅이 낮음 　②지위(地位)가 낮음 　③스스로를 낮춤

下
아래 하 1. 아래 2. 밑(물체의 아래나 아래쪽) 3. 뒤, 끝 4. 임금 5. 귀인(貴人)의 거처(居處) 6. 아랫사람 7. 천한 사람 8. 하급(下級), 열등(劣等) 9. 조건(條件), 환경(環境) 등을 나타내는 말 10. 내리다,... [부수]一(한일) [총획]3획 [난이도]중학용, 읽기 7급II, 쓰기 6급
傘下
산하
①보호(保護)를 받는 어떤 세력(勢力)의 그늘 　②어떤 대상(對象)이 중심적(中心的)ㆍ지배적(支配的)인 인물(人物)이나 기관(機關)ㆍ단체(團體) 등(等)의 세력(勢力) 아래에 딸려 있는 상태(狀態)
下降
하강
①공중(空中)에서 아래쪽으로 내림 　②기온(氣溫) 따위가 내림 　③＇지체가 낮은 데로 시집간다는 뜻＇으로, 　＇공주(公主)나 옹주가 귀족(貴族)이나 신하(臣下)에게로 시집감＇을 이르는 말
下落
하락
값이나 등급(等級) 따위가 떨어짐
以下
이하
일정(一定)한 한도(限度)의 아래


-----------------------------------
투명

*****DEFINITION*****
(속이 비치도록 맑음) [명사] transparency, [형용사] transparent, clear, (literary) limpid, (literary) pellucid 투명한 플라스틱 용기 a transparent plastic container 2개 뜻 더보기 : (속이 비치도록 맑음) [명사] transparency, [형용사] transparent, clear, (literary) limpid, (literary) pellucid
透明
透明 tòu​míng​   *透明* | 透明* | *透明 transparent / open (non-secretive) HSK 5
透
사무칠 투,놀랄 숙 1. 사무치다, 다하다 2. 꿰뚫다, 투과하다(透過--) 3. 통하다(通--) 4. 투명하다(透明--) 5. 환하다 6. 맑다 7. 달아나다 8. 뛰다, 뛰어오르다 9. 새다, 누설되다(漏泄ㆍ漏洩--) a. 놀라다 (숙) [부수]辶(책받침) [총획]11획 [난이도]고등용, 읽기 3급II, 쓰기 2급
透明
투명
①흐리지 않고 속까지 환히 트여 밝음 　②물체(物體)가 광선(光線)을 통과(通過)시킴. 빛은 물질(物質) 속을 지날 때 항상(恒常) 어느 정도(程度) 흡수(吸收)되는 데 그 정도(程度)가 약할 때를 이름
不透明
불투명
①속까지 비치게 환하지 못함 　②태도(態度)나 성질(性質) 따위가 확실(確實)하거나 분명(分明)하지 아니함 　③일이 되어 가는 모양(模樣)이나 앞날이 확실(確實)하지 아니함
透明性
투명성
투명(透明)한 성질(性質)
浸透
침투
①(액체(液體)가) 속으로 스며 젖어듦 　②세균(細菌)이나 병균 따위가 몸속에 들어옴 　③(어떤 현상(現狀)이나 사상(思想) 따위가) 깊이 스며들어 퍼짐 　④어떤 곳에 몰래 숨어 들어감

明
밝을 명 1. 밝다 2. 밝히다 3. 날새다 4. 나타나다, 명료(明瞭)하게 드러나다 5. 똑똑하다 6. 깨끗하다, 결백하다(潔白--) 7. 희다, 하얗다 8. 질서(秩序)가 서다 9. 갖추어지다 10. 높이다, 숭상하다(崇尙--),... [부수]日(날일) [총획]8획 [난이도]중학용, 읽기 6급II, 쓰기 5급II
說明
설명
①일정(一定)한 내용(內容)을 상대편(相對便)이 잘 알 수 있도록 풀어 밝힘, 또는 그 말 　②일정(一定)한 사물(事物)의 있는 그대로의 상태(狀態)를 밝힐 뿐만 아니라, 그것이 어떠한 법칙(法則)에 의(依)해서...
糾明
규명
자세(仔細)히 캐고 따져 사실(事實)을 밝힘
闡明
천명
사실(事實)이나 의사(意思)를 분명(分明)하게 드러내서 밝힘
透明
투명
①흐리지 않고 속까지 환히 트여 밝음 　②물체(物體)가 광선(光線)을 통과(通過)시킴. 빛은 물질(物質) 속을 지날 때 항상(恒常) 어느 정도(程度) 흡수(吸收)되는 데 그 정도(程度)가 약할 때를 이름


-----------------------------------
사복

*****DEFINITION*****
plain[ordinary civilian] clothes; (군복과 반대되는 개념의) (informal) civvies 사복으로 갈아입다 change[get] back into civilian clothes
私服
私 私 sī​   *私* | 私* | *私 personal / private / selfish
服 服 fú​   *服* | 服* | *服 clothes / dress / garment / to serve (in the military, a prison sentence etc) / to obey / to convince / to admire / to acclimatize / to take (medicine) / mourning clothes / to wear mourning clothes
  服 fù​   *服* | 服* | *服 dose (measure word for medicine) / Taiwan pr. [fu2]
私
사사 사 1. 사사(私事: 사삿일), 사삿일(私事-: 개인의 사사로운 일) 2. 가족(家族) 3. 집안 4. 간통(姦通) 5. 편복(便服) 6. 은혜(恩惠) 7. 가신(家臣) 8. 사처(私處) 9. 오줌 10. 음부(陰部) 11. 총애(寵愛)하는... [부수]禾(벼화) [총획]7획 [난이도]중학용, 읽기 4급, 쓰기 3급
私學
사학
①개인(個人)의 사사(私事)로운 학설(學說). 사설(私設) 　②개인(個人)이 설립(設立)한 교육(敎育) 기관(機關). 사설 학교(學校) 　③11세기(世紀) 중엽(中葉) 고려(高麗) 11대 문종(文宗) 때, 최 충(崔庶)이...
私人
사인
①사삿 사람 　②사권(私權)의 주체(主體)가 되는 것. 곧 공공단체(公共團體), 공법인(公法人)에 대(對)하여 개인(個人), 사단체(私團體), 사법인(私法人) 등(等)
私淑
사숙
직접(直接) 가르침을 받지는 않았으나 마음속으로 그 사람을 본받아서 도(道)나 학문(學文)을 배우거나 따름
私生活
사생활
개인(個人)의 사사(私事)로운 일상(日常) 생활(生活)

服
옷 복 1. 옷, 의복(衣服) 2. 복(服) 3. 일 4. 한 번에 마시는 약의 분량(分量) 5. 직책(職責), 직업(職業) 6. 일용품(日用品) 7. 전동(箭筒: 화살을 담아 두는 통) 8. 수레를 끄는 말 9. 올빼미(올빼밋과의 새)... [부수]月(달월) [총획]8획 [난이도]중학용, 읽기 6급, 쓰기 5급
克服
극복
①싸움에 이겨서 적을 복종(服從)시킴 　②곤란(困難)을 이겨내어 마음대로 함
衣服
의복
옷. 몸을 싸서 가리거나 보호(保護)하기 위하여 피륙 따위로 만들어 입는 물건(物件)
屈服
굴복
①굽혀 복종(服從)함 　②힘이 모자라 복종(服從)함
降服
항복
☞ 항복(降伏)


-----------------------------------
태세

*****DEFINITION*****
전투태세를 취하다 prepare[get ready] for combat
態勢
态势 tài​shì​   *态势* | 态势* | *态势 posture / situation 態勢
態
모습 태 1. 모습 2. 모양 3. 형태 4. 상태 5. 태도(態度) 6. 몸가짐 7. 몸짓 8. 생김새 [부수]心(마음심) [총획]14획 [난이도]고등용, 읽기 4급II, 쓰기 3급II
狀態
상태
사물(事物)이나 현상(現象)이 현재(現在) 처하여 있는 형편(形便)이나 모양(模樣)
事態
사태
①일이 되어 가는 형편(形便) 　②벌어진 일의 상태(狀態)
態度
태도
①속의 뜻이 드러나 보이는 겉모양(模樣) 　②몸을 가지는 모양(模樣). 스타일. 몸가짐
行態
행태
하는 짓과 몸가짐. 행동(行動)하는 모양(模樣)

勢
형세 세 1. 형세(形勢) 2. 권세(權勢) 3. 기세(氣勢: 기운차게 뻗치는 형세) 4. 기회(機會) 5. 동향(動向) 6. 시기(時期) 7. 불알,고환(睾丸) 8. 언저리 [부수]力(힘력) [총획]13획 [난이도]중학용, 읽기 4급II, 쓰기 3급II
姿勢
자세
①어떤 동작(動作)을 취할 때 몸이 이루는 어떤 형태(形態) 　②사물(事物)을 대하는 마음가짐이나 태도(態度)
趨勢
추세
①어떤 현상(現象)이 일정(一定)한 방향(方向)으로 움직여 나가는 힘 　②또는, 그 형편(形便)
勢力
세력
①권력(權力)이나 기세(氣勢)의 힘 　②일을 하는데 필요(必要)한 힘
攻勢
공세
공격(攻擊)하는 태세(態勢)나 그 힘


-----------------------------------
등골

*****DEFINITION*****
(등뼈) spine, backbone, spinal[vertebral] column; (각각의 뼈) vertebra (vertebrae) 2개 뜻 더보기 : (등뼈) spine, backbone, spinal[vertebral] column; (각각의 뼈) vertebra (vertebrae)

-----------------------------------
오싹

*****DEFINITION*****
[명사] the shivers 몸서리, 오싹(한 느낌); 오한 I don't like him. He gives me the shivers. 난 그를 좋아하지 않아. 그를 보면 오싹해져. 3개 뜻 더보기 : [동사] (추위・두려움・흥분 등으로 가볍게) (몸을) 떨다 , [명사] (추위・두려움・흥분 등으로 인한) 전율

-----------------------------------
소재

*****DEFINITION*****
(영화·소설 등을 만들기 위한) material, subject matter 소설을 쓰기 위한 소재 material for writing a novel 2개 뜻 더보기 : (영화·소설 등을 만들기 위한) material, subject matter
素材
素材 sù​cái​   *素材* | 素材* | *素材 source material (in literature and art)
素
본디 소,흴 소 1. 본디 2. 바탕 3. 성질(性質) 4. 정성(精誠) 5. 평소(平素) 6. 처음 7. 흰깁 8. 희다 9. 질박하다(質樸ㆍ質朴--: 꾸민 데가 없이 수수하다) 10. 넓다 11. 부질없다 12. 옳다 [부수]糸(실사) [총획]10획 [난이도]중학용, 읽기 4급II, 쓰기 3급II
要素
요소
①사물(事物)의 성립(成立)ㆍ효력(效力) 발생(發生) 등(等)에 필요(必要) 불가결(不可缺)한 성분(成分) 또는 근본적(根本的) 조건(條件) 　②그 이상(以上) 더 간단(簡單)하게 분석(分析)할 수 없는 성분(成分)...
素地
소지
어떤 사람이나 대상(對象)이 본바탕에 있어서 어떤 일을 일으키거나 이루게 될 가능성(可能性)
素材
소재
①예술(藝術) 작품(作品)의 바탕이 되는 재료(材料) 　②기계적(機械的)인 가공(加工)을 하지 않은 본디 그대로의 재료(材料)
平素
평소
①평상시(平常時). 생시(生時) 　②지나간 적의 날

材
재목 재 1. 재목(材木) 2. 재료(材料), 원료(原料) 3. 재능(才能), 재주, 수완(手腕) 4. 성질(性質) 5. 자질(資質), 바탕 6. 도리(道理), 길 7. 보물(寶物), 재화(財貨) 8. 가, 변두리 9. 나무의 열매 10. 헤아리다... [부수]木(나무목) [총획]7획 [난이도]중학용, 읽기 5급II, 쓰기 4급II
素材
소재
①예술(藝術) 작품(作品)의 바탕이 되는 재료(材料) 　②기계적(機械的)인 가공(加工)을 하지 않은 본디 그대로의 재료(材料)
材料
재료
①물건(物件)을 만드는데드는 원료(原料) 　②일을 할 거리 　③예술적(藝術的) 표현(表現)의 제재(題材)
取材
취재
어떤 사물(事物)에서 작품(作品)ㆍ기사(記事)의 재료(材料) 또는 제재(題材)를 얻음
人材
인재
①학식(學識)과 능력(能力)이 뛰어난 사람 　②재능(才能)이 있는 사람


-----------------------------------
합리

*****DEFINITION*****
rationality, reasonableness, 합리하다 (be) rational, reasonable, logical 합리적으로 rationally
合理
合理 hé​lǐ​   *合理* | 合理* | *合理 rational / reasonable / fair HSK 5
合
합할 합,쪽문 합,홉 홉 1. 합하다(合--) 2. 모으다 3. 맞다 4. 대답하다(對答--) 5. 만나다 6. 싸우다 7. 적합하다(適合--) 8. 짝 9. 합(그릇) 10. 홉(양을 되는 단위) 11. 쪽문 12. 협문(夾門: 대문이나 정문 옆에 있는 작은... [부수]口(입구) [총획]6획 [난이도]중학용, 읽기 6급, 쓰기 5급
合意
합의
①서로 뜻이 맞음 　②서로 의사(意思)가 합치(合致)하는 일. 계약(契約)의 성립(成立) 요건(要件)이 됨
統合
통합
①모두 합쳐서 하나로 모음. 둘 이상(以上)의 것을 하나로 모아서 다스림. 통일(統一) 　②아동(兒童) 및 학생(學生)의 생활(生活) 경험(經驗)을 중심(中心)으로 학습(學習)을 종합(綜合), 통일(統一)하는...
綜合
종합
①개개 별별(個個別別)의 것을 한데 모아 합(合)함. 총괄(總括) 　②변증법(辯證法)에서 상호(相互) 모순(矛盾)되는 정립(定立)과 반정립(反定立)을 지양(止揚)함 　③개개(個個)의 개념(槪念)이나 또는...
聯合
연합
①일정(一定)한 테두리 안에서 공동(共同) 목적(目的)으로 둘 이상(以上)의 개별적(個別的)인 단체(團體)나 조직체(組織體)가 아울러서 하나를 이룸 　②두 가지 이상(以上)의 사물(事物)이 합(合)하여...

理
다스릴 리,다스릴 이 1. 다스리다 2. 다스려지다 3. 깁다(떨어지거나 해어진 곳을 꿰매다) 4. 수선하다(修繕--) 5. 깨닫다 6. 의뢰하다(依賴--) 7. 사리 8. 도리(道理) 9. 이치(理致) 10. 매개(媒介) 11. 거동(擧動) 12. 나무결... [부수]王(구슬옥변) [총획]11획 [난이도]중학용, 읽기 6급II, 쓰기 5급II
理由
이유
①까닭, 사유(事由), 내력(來歷) 　②넓은 뜻으로는 존재(存在)의 기초(基礎), 또는 진리(眞理)라고 할 수 있는 조건(條件) 　③좁은 뜻으로는 추리(推理) 상(上)의 결론(結論), 또는 귀결(歸結)의 전제(前提)가...
管理
관리
①사람을 통제(統制)하고 지휘(指揮) 감독(監督)하는 것 　②시설(施設)이나 물건(物件)의 유지(維持)ㆍ개량(改良) 따위를 꾀하는 것 　③일을 맡아 처리(處理)하는 것 　④건전(健全)한 심신(心身)의...
處理
처리
①일을 다스려 치러 감 　②사건(事件) 또는 사무(事務)를 갈무리하여 끝장을 냄
總理
총리
①전체(全體)를 모두 관리(管理)함 　②또는, 그 직책(職責)


-----------------------------------
