용납하라

*****DEFINITION*****
[동사] admit, approve (of), allow[let, permit] (sb/sth to do), (formal) countenance; (억지로) tolerate 이런 식의 실수는 용납할 수 없다 We cannot allow such a mistake to happen.
容納
容纳 róng​nà​   *容纳* | 容纳* | *容纳 to hold / to contain / to accommodate / to tolerate (different opinions) 容納 HSK 6
容
얼굴 용 1. 얼굴 2. 모양, 용모(容貌) 3. 몸가짐 4. 용량 5. 속내, 속에 든 것 6. 나부끼는 모양 7. 어찌 8. 혹(或), 혹은(或-: 그렇지 아니하면) 9. 담다, 그릇 안에 넣다 10. 용납하다(容納--) 11. 받아들이다... [부수]宀(갓머리) [총획]10획 [난이도]중학용, 읽기 4급II, 쓰기 3급II
內容
내용
①사물(事物)의 속내나 실속(實-) 　②형식(形式)에 의(依)해서 동일체(同一體)에 결합(結合)되는 여러 가지 실질(實質), 본질(本質), 의의(意義)
受容
수용
(남의 문물(文物)이나 의견(意見) 등(等)을) 인정(認定)하거나 용납(容納)하여 받아들이는 것
許容
허용
허락(許諾)하여 받아들임
容恕
용서
①관용(寬容)을 베풀어 벌(罰)하지 않음 　②꾸짖지 아니함 　③놓아 줌

納
들일 납 1. (거두어)들이다, 수확하다(收穫--) 2. 받다, 받아들이다, 수장하다(收藏--: 거두어 들여 간직하다) 3. 바치다, 헌납하다(獻納--) 4. 보내다, 되돌리다, 반납하다(返納--) 5. (해어진 곳을)깁다(떨어지거나... [부수]糸(실사) [총획]10획 [난이도]고등용, 읽기 4급, 쓰기 3급
納得
납득
①사리(事理)를 분별(分別)하여 해석(解釋)함 　②깨달아 앎 　③남의 말이나 행동(行動)을 잘 알아차려 이해(理解)함　④(남의 말이나 행동(行動), 또는 어떤 일 등(等)을) 헤아려 그것이 그럴 만하거나...
容納
용납
①너그러운 마음으로 남의 언행(言行)을 받아들임 　②물건(物件)을 포용(包容)함 　③(부정적(否定的)인 것을) 그냥 받아들이거나 내버려두는 것
納付
납부
관공서(官公署)나 공공단체(公共團體) 등(等)에 세금(稅金), 공과금 따위를 냄
納品
납품
①계약(契約)한 곳에 물품(物品)을 바치는 것 　②또는, 그 물품(物品)


-----------------------------------
막말

*****DEFINITION*****
막말로 to put it bluntly

-----------------------------------
반감

*****DEFINITION*****
hostility (to/toward), antagonism (toward/to), animosity (toward/against), (formal) antipathy (for/to/toward), ill feeling, bad feeling 임금 삭감 조치는 노동자들의 반감을 불러 일으켰다 The wage cut created hostility among the laborers.
反感
反感 fǎn​gǎn​   *反感* | 反感* | *反感 to be disgusted with / to dislike / bad reaction / antipathy HSK 6
反
돌이킬 반,돌아올 반,어려울 번,삼갈 판 1. 돌이키다 2. 돌아오다, 되돌아가다 3. 되풀이하다, 반복하다(反復--) 4. 뒤집다, 뒤엎다 5. 배반하다(背反ㆍ背叛--) 6. 어기다, 어긋나다 7. 반대하다(反對--) 8. 물러나다, 후퇴하다(後退--) 9. 보... [부수]又(또우) [총획]4획 [난이도]중학용, 읽기 6급II, 쓰기 5급II
反撥
반발
①되받아서 퉁김 　②반향하여 받아들이지 아니함 　③떨어진 시세(時勢)가 갑자기 오름
反對
반대
①두 사물(事物)이 맞서 있는 상태(狀態) 　②무엇에 맞서서 거스름 　③사물(事物)의 위치(位置)ㆍ방향(方向)ㆍ순서(順序) 따위가 정상(正常)이 아니고 거꾸로 됨, 또는 그러한 상태(狀態) 　④어떤 ...
反駁
반박
①남의 의견(意見)에 반대(反對)하여 논박(論駁)함 　②또는, 남에게서 받은 비난(非難) 공격(攻擊)에 대(對)하여 도리어 논란(論難)함
反映
반영
①반사(反射)하여 비침 　②어떤 영향(影響)을 받아 사실(事實)로 나타냄

感
느낄 감,한할 감 1. 느끼다 2. 감응하다(感應--), 느낌이 통하다(通--) 3. 감동하다(感動--), 마음이 움직이다 4. 고맙게 여기다, 은혜(恩惠)를 새겨 두다 5. 깨닫다 6. 생각하다 7. 한하다(恨--: 몹시 억울하거나 원통하여... [부수]心(마음심) [총획]13획 [난이도]중학용, 읽기 6급, 쓰기 5급
敏感
민감
예민(銳敏)한 감각(感覺)
感情
감정
①사물(事物)에 느끼어 일어나는 심정(心情). 마음. 기분(氣分). 생각 　②쾌ㆍ불쾌(不快)를 중심(中心)으로 하는 의식(意識)의 주관적(主觀的) 측면(側面) 　③감각(感覺)이나 관념(觀念)에 따라 일어나는...
感謝
감사
①고마움 　②고맙게 여김 　③고맙게 여기고 사례(謝禮)함
感染
감염
①다른 풍습(風習)이 옮아서 물이 듦 　②병원체(病原體)가 몸 안에 들어오는 일. 발병(發病)하지 않을 수도 있음. 감염(感染)의 경로(經路)에 따라 공기(空氣) 감염(感染), 구강(口腔) 감염(感染), 접촉(接觸)...


-----------------------------------
근거

*****DEFINITION*****
[명사] grounds , basis , [동사] be based[founded] (on/upon) 그것 근거 있는 이야기인가요? Are there any grounds for that story?
根據
根据 gēn​jù​   *根据* | 根据* | *根据 according to / based on / basis / foundation / CL: 個｜个 根據 HSK 3
根
뿌리 근 1. 뿌리 2. 근본(根本) 3. 밑동 4. 능력(能力), 마음 5. 생식기(生殖器) 6. 근(부스럼 속에서 곪아 단단하여진 망울) 7. 뿌리 박다, 뿌리를 내리다 8. 근거하다(根據--), 기인하다(起因--) 9. (뿌리째)뽑아... [부수]木(나무목) [총획]10획 [난이도]중학용, 읽기 6급, 쓰기 5급
根據
근거
①근본(根本) 되는 토대(土臺) 　②의논(議論), 의견(意見)에 그 근본(根本)이 되는 의거(依據)
根本
근본
①사물(事物)의 생겨나는 근원(根源) 　②어떤 것의 본질(本質)로 되거나 어떤 것이 이루어지는 바탕 　③시초적(始初的)인 것이나 주가 되거나 기본(基本)이 되는 것 　④초목(草木)의 뿌리
根本的
근본적
근본(根本)을 이루거나 근본(根本)으로 되는 모양(模樣)
根絶
근절
다시 생환(生還)할 수 없게 아주 뿌리째 끊어 없애 버림

據
근거 거 1. 근거(根據) 2. 근원(根源) 3. 증거(證據) 4. 의지(依支)할 데 5. 기댈 곳 6. 의지하다(依支--) 7. 의탁하다(依託ㆍ依托--) 8. 믿고 의지하다(依支--) 9. 의거하다(依據--) 10. (증거로)삼다 11. 웅... [부수]扌(재방변) [총획]16획 [난이도]고등용, 읽기 4급, 쓰기 3급
根據
근거
①근본(根本) 되는 토대(土臺) 　②의논(議論), 의견(意見)에 그 근본(根本)이 되는 의거(依據)
證據
증거
①어떤 사실(事實)을 증명(證明)할 수 있는 근거(根據) 　②(법률(法律)ㆍ법학) 법원(法院)이 법률(法律)을 적용(適用)할 사실(事實)의 유무(有無)를 확정(確定)하는 재료(材料)
占據
점거
①장소(場所)를 차지하여 자리를 잡음 　②일정(一定)한 자리를 점령(占領)함
據點
거점
①활동(活動)의 발판이 되는 점(點) 　②근거(根據)가 되는 점(點)


-----------------------------------
구도

*****DEFINITION*****
(예술 작품의 짜임새) composition 그림의 구도를 잡다 compose one's painting 2개 뜻 더보기 : (예술 작품의 짜임새) composition
構圖
构图 gòu​tú​   *构图* | 构图* | *构图 (art) composition 構圖
構
얽을 구,닥나무 구 1. 얽다 2. (생각을)얽어 짜내다 3. (거짓을)꾸며대다 4. 음해하다(陰害--: 음흉한 방법으로 남에게 해를 가하다) 5. 이간하다(離間--: 헐뜯어 서로 멀어지게 하다) 6. 맺다 7. 집을 짓다 8. 이루다 9.... [부수]木(나무목) [총획]14획 [난이도]고등용, 읽기 4급, 쓰기 3급
構造
구조
①꾸밈새 　②꾸며 만듦　③각 부분(部分)이나 요소(要素)들을 모아 어떤 전체(全體)를 짜 이룸
構成
구성
①여러 부분(部分)이나 요소(要素)들을 모아서 일정(一定)한 전체(全體)를 짜 이룸 　②여러 부분(部分)이나 요소(要素)들을 모아서 짜 이룬 일정(一定)한 전체(全體)
構築
구축
①쌓아 올려 만듦 　②(어떤 일의) 바탕을 닦아 이루거나 마련함
機構
기구
①얽어 잡은 구조(構造) 　②기계(機械) 내부(內部)의 구조(構造) 　③하나의 조직(組織)을 이루고 있는 구조적(構造的)인 체계(體系)

圖
그림 도 1. 그림 2. 도장(圖章) 3. 서적(書籍) 4. 책(冊) 5. 규칙(規則) 6. 그리다 7. 베끼다 8. 꾀하다 9. 대책(對策)과 방법(方法)을 세우다 10. 꾀하여 손에 넣다 11. 헤아리다 12. 계산하다(計算--) 13. 세다... [부수]囗(큰입구몸) [총획]14획 [난이도]중학용, 읽기 6급II, 쓰기 5급II
試圖
시도
①무엇을 이루어 보려고 계획(計劃)하거나 행동(行動)하는 것 　②시험적(試驗的)으로 해 봄
意圖
의도
①하고자 하는 생각이나 계획(計劃) 　②또는, 무엇을 하려고 꾀하는 것
圖謀
도모
앞으로 할 일을 이루기 위(爲)하여 수단(手段)과 방법(方法)을 꾀함
地圖
지도
지구(地球) 표면(表面)의 일부(一部)나 전부(全部)를 일정(一定)한 축척(縮尺)에 따라 평면(平面) 위에 나타낸 그림. 여러 가지 일정(一定)한 기호(記號)ㆍ문자(文字)ㆍ색 따위를 써서 바다ㆍ산천(山川...


-----------------------------------
윽박지르다

*****DEFINITION*****
bully (sb into sth / sb into doing), browbeat (sb into doing) 그는 곧잘 아이들을 윽박지른다 He often bullies his children.

-----------------------------------
타락

*****DEFINITION*****
[명사] corruption, (formal) depravity, (퇴폐) decadence, [동사] become corrupt 타락한 사회 a corrupt[decadent; depraved] society
墮落
堕落 duò​luò​   *堕落* | 堕落* | *堕落 to degrade / to degenerate / to become depraved / corrupt / a fall from grace 墮落 HSK 6
墮
떨어질 타,무너뜨릴 휴 1. 떨어지다 2. 떨어뜨리다 3. 낙하하다(落下--) 4. 빠지다, 탈락하다(脫落--) 5. 게으르다, 태만하다(怠慢--) a. 무너뜨리다, 훼손하다(毁損--) (휴) b. 황폐해지다(荒弊---), 버려지다 (휴) c. (실어)보내다... [부수]土(흙토) [총획]15획 [난이도]고등용, 읽기 3급, 쓰기 2급
墮落
타락
①품행(品行)이 나빠서 못된 구렁에 빠짐 　②도심(道心)을 잃고 속심(俗心)으로 떨어짐 　③죄(罪)를 범(犯)하여 불신(不信)의 생활(生活)에 빠짐
墮淚
타루
☞ 낙루(落淚)
墮漏
타루
☞ 누락(漏落)
墮落者
타락자
타락(墮落)한 사람

落
떨어질 락,떨어질 낙 1. 떨어지다 2. 떨어뜨리다 3. 이루다 4. 준공하다(竣工--) 5. 두르다 6. 쓸쓸하다 7. 죽다 8. 낙엽(落葉) 9. 마을 10. 빗방울 11. 울타리 [부수]艹(초두머리) [총획]13획 [난이도]중학용, 읽기 5급, 쓰기 4급
墜落
추락
높은 곳에서 떨어짐
下落
하락
값이나 등급(等級) 따위가 떨어짐
墮落
타락
①품행(品行)이 나빠서 못된 구렁에 빠짐 　②도심(道心)을 잃고 속심(俗心)으로 떨어짐 　③죄(罪)를 범(犯)하여 불신(不信)의 생활(生活)에 빠짐
漏落
누락
기록(記錄)에서 빠짐


-----------------------------------
별의별

*****DEFINITION*****
various kinds of, all sorts of, all kinds of
別
别 Bié​   *别* | 别* | *别 surname Bie 別
别 bié​   *别* | 别* | *别 to leave / to depart / to separate / to distinguish / to classify / other / another / don't ...! / to pin / to stick (sth) in 別 HSK 2
別
나눌 별,다를 별 1. 나누다 2. 몇 부분(部分)으로 가르다 3. 헤어지다 4. 따로 떨어지다 5. 떠나다 6. 다르다 7. 틀리다 8. 갈래, 계통(系統) 9. 구별(區別) 10. 차별(差別) 11. 이별, 헤어짐 12. 따로 달리 13. 특히 [부수]刂(선칼도방) [총획]7획 [난이도]중학용, 읽기 6급, 쓰기 5급
特別
특별
①보통(普通)과 다름 　②보통(普通)보다 훨씬 뛰어남
別途
별도
①딴 방면(方面)이나 방도. 딴 용도(用途) 　②한 종파(宗派)에만 통(通)하는 교리(敎理)
差別
차별
①차등이 있게 구별(區別)함 　②등급(等級)이 지게 나누어 가름
特別市
특별시
①지방자치단체(地方自治團體)의 하나. 도(道)와 동일(同一)한 것으로서, 보통(普通)의 시(市)가 도(道)의 감독(監督)을 받는 데 대(對)하여 특별시(特別市)는 직접(直接)으로 중앙(中央)의 감독(監督)을...


-----------------------------------
방어하라

*****DEFINITION*****
[명사] defense [동사]; (공격으로부터) defend (against); (위험·해 등을 입지 않도록) protect, shield 자기 방어 self-defence
防禦
防御 fáng​yù​   *防御* | 防御* | *防御 defense / to defend 防禦 HSK 6
防
막을 방 1. 막다, 방어하다(防禦--) 2. 맞서다, 필적하다(匹敵--: 능력이나 세력이 엇비슷하여 서로 맞서다) 3. 헤살놓다, 훼방하다(毁謗--) 4. 둑, 방죽(물이 밀려들어 오는 것을 막기 위하여 쌓은 둑) 5. 요새(要塞),... [부수]阝(좌부변) [총획]7획 [난이도]중학용, 읽기 4급II, 쓰기 3급II
防禦
방어
①남 또는 적의 침노(侵擄)하는 것을 막아냄 　②민사소송(民事訴訟)의 진행(進行) 중(中) 피고(被告)가 원고(原告)의 주장(主張)을 배척(排斥)하기 위(爲)하여 사용(使用)하는 소송(訴訟) 행위(行爲)...
豫防
예방
①(질병(疾病)ㆍ재해(災害) 따위를) 미리 대처(對處)하여 막는 것 　②(민속) 이방의 원말
防止
방지
①어떤 일이나 현상(現象)이 일어나지 못하게 막음 　②막아서 그치게 함
攻防
공방
공격(攻擊)과 방어(防禦)

禦
막을 어 1. 막다, 방어하다(防禦--) 2. 금하다(禁--), 금지하다(禁止--) 3. 멈추다 4. 항거하다(抗拒--), 저항하다(抵抗--) 5. 제사(祭祀) 지내다 6. 올리다, 바치다 7. 필적하다(匹敵--: 능력이나 세력이 엇비슷하여... [부수]示(보일시) [총획]17획 [난이도]읽기 1급, 쓰기 특급
防禦
방어
①남 또는 적의 침노(侵擄)하는 것을 막아냄 　②민사소송(民事訴訟)의 진행(進行) 중(中) 피고(被告)가 원고(原告)의 주장(主張)을 배척(排斥)하기 위(爲)하여 사용(使用)하는 소송(訴訟) 행위(行爲)...
扞禦
한어
☞ 방어(防禦)
防禦的
방어적
①상대편(相對便)의 공격(攻擊)을 막는 　②또는 그런 것
防禦使
방어사
조선(朝鮮) 시대(時代) 16대 인조(仁祖) 때 경기도(京畿道)ㆍ강원도(江原道)ㆍ함경도(咸鏡道)ㆍ평안도(平安道)의 요긴(要緊)한 곳을 방어(防禦)하기 위(爲)하여 둔 무관(武官)의 종2품(從二品) 벼슬. ...


-----------------------------------
용솟음

*****DEFINITION*****
(끓음) boiling up, (솟음) leaping up, bubbling up, gush, (끓다) 용솟음하다 boil up, seethe, bubble up, (솟다) well (up, forth, out), gush[spring] out
湧
涌 yǒng​   *涌* | 涌* | *涌 variant of 湧｜涌
涌 yǒng​   *涌* | 涌* | *涌 to bubble up / to rush forth 湧
悀 yǒng​   *悀* | 悀* | *悀 to be angry / to like / variant of 湧｜涌
湧
물 솟을 용 1. 물이 솟다, 솟구치다 2. (땅에서 사물이)나오다, 솟아나다 3. 떠오르다, 나타나다 4. (물가가)오르다 5. 성(盛)하게 일다 6. 토하다(吐--) [부수]氵(삼수변) [총획]12획 [난이도]읽기 특급II
湧出
용출
(액체(液體)가)솟아 나옴
湧昇
용승
200~300m의 중층(中層)의 찬 바닷물이 여러 가지 원인(原因)으로 상승(上昇)하여 해면(海面)으로 솟아오르는 현상(現狀). 이 때문에 용승이 있는 해면(海面)은 둘레보다 온도(溫度)가 낮아짐
洶湧
흉용
물결이 매우 세차게 일어남, 또는 물이 힘차게 솟아 남
京畿道 龍仁市 處仁區 白巖面 湧泉里
경기도 용인시 처인구 백암면 용천리
경기도(京畿道) 용인시 처인구(龍仁市 處仁區) 백암면(白巖面) 용천리(湧泉里)


-----------------------------------
관용

*****DEFINITION*****
(다른 의견·행동 등을 허용함) tolerance; (너그러움) generosity, (formal) magnanimity 관용적인 tolerant
寬容
宽容 kuān​róng​   *宽容* | 宽容* | *宽容 lenient / tolerant / indulgent / charitable / to forgive 寬容
寬
너그러울 관 1. 너그럽다, 도량(度量)이 크다 2. 관대하다(寬大--) 3. 관대(寬大)히 용서하다(容恕--) 4. 느슨하다, 늦추다 5. 넓다, 광활하다(廣闊--) 6. 크다 7. 물러나다, 멀어지다 8. 떠나다, 멀어지다 9. 사랑하다... [부수]宀(갓머리) [총획]15획 [난이도]고등용, 읽기 3급II, 쓰기 2급
寬大
관대
마음이 너그럽고 큼
寬容
관용
마음이 넓어 남의 말을 너그럽게 받아들이거나 용서(容恕)함
寬弘
관홍
너그럽고 도량(度量)이 큼
寬待
관대
너그럽게 대접(待接)함

容
얼굴 용 1. 얼굴 2. 모양, 용모(容貌) 3. 몸가짐 4. 용량 5. 속내, 속에 든 것 6. 나부끼는 모양 7. 어찌 8. 혹(或), 혹은(或-: 그렇지 아니하면) 9. 담다, 그릇 안에 넣다 10. 용납하다(容納--) 11. 받아들이다... [부수]宀(갓머리) [총획]10획 [난이도]중학용, 읽기 4급II, 쓰기 3급II
內容
내용
①사물(事物)의 속내나 실속(實-) 　②형식(形式)에 의(依)해서 동일체(同一體)에 결합(結合)되는 여러 가지 실질(實質), 본질(本質), 의의(意義)
受容
수용
(남의 문물(文物)이나 의견(意見) 등(等)을) 인정(認定)하거나 용납(容納)하여 받아들이는 것
許容
허용
허락(許諾)하여 받아들임
容恕
용서
①관용(寬容)을 베풀어 벌(罰)하지 않음 　②꾸짖지 아니함 　③놓아 줌


-----------------------------------
