염두

*****DEFINITION*****
나는 그 가르침을 늘 염두에 두고 있다 I always keep[bear] that teaching in mind.
念頭
念头 niàn​tou​   *念头* | 念头* | *念头 thought / idea / intention 念頭
念
생각 염,생각 념 1. 생각 2. 스물, 이십 3. 잠깐, 극히 짧은 시간(時間) 4. 생각하다, (마음에)두다 5. 기억하다(記憶--) 6. 외우다, 읊다, 암송하다(暗誦--) 7. 삼가다(몸가짐이나 언행을 조심하다) 8. 가엾게 여기다,... [부수]心(마음심) [총획]8획 [난이도]중학용, 읽기 5급II, 쓰기 4급II
槪念
개념
①여러 관념(觀念) 속에서 공통(共通)된 요소(要素)를 추상(抽象)하여 종합(綜合)한 하나의 관념(觀念) 　②판단(判斷)의 결과(結果)로 얻어지며 판단(判斷)을 성립(成立)시키는 것으로 인간(人間)의 ...
念慮
염려
①여러 가지로 헤아려 걱정하는 것 　②또는, 그 걱정
記念
기념
☞ 기념(紀念)
理念
이념
이성(理性)에 의(依)하여 얻어지는 최고(最高)의 개념(槪念). 생각, 의식(意識) 내용(內容)

頭
머리 두 1. 머리 2. 꼭대기, 최상부(最上部) 3. 우두머리 4. 처음, 시초(始初) 5. 첫째, 상위(上位) 6. 맨 앞, 선단(先端) 7. 근처(近處), 근방(近方) 8. 변두리 9. 물건을 셀 때의 단위, 마리 10. 사람을 세는... [부수]頁(머리혈) [총획]16획 [난이도]중학용, 읽기 6급, 쓰기 5급
口頭禪
구두선
실행(實行)함이 없이 말로만 거창하게 떠들어대는 일
沒頭
몰두
다른 생각을 할 여유(餘裕)가 없이 어떤 일에 오로지 파묻힘
饅頭
만두
밀가루를 반죽하여 고기나 야채(野菜) 등(等)을 다져 만든 소를 넣고 둥글거나 길둥글게 빚어 찌거나 삶거나 튀긴 음식(飮食)
念頭
염두
①머리 속의 생각 　②마음속


-----------------------------------
조직

*****DEFINITION*****
(집단, 단체) group, organization, syndicate; (범죄 조직) ring, gang , organize 마약 밀매 조직을 검거하다 round up a drug-smuggling ring
組織
组织 zǔ​zhī​   *组织* | 组织* | *组织 to organize / organization / organized system / nerve / tissue / CL: 個｜个 組織 HSK 4
組
짤 조 1. (베를)짜다 2. 꿰매다 3. 조직하다(組織--) 4. 빛나다, 화려하다 5. 끈, 줄 6. 조직(組織)의 단위(單位) 7. 풀 이름 [부수]糸(실사) [총획]11획 [난이도]고등용, 읽기 4급, 쓰기 3급
組織
조직
①짜서 이룸. 얽어서 만듦 　②거의 모양(模樣)과 크기가 같으며, 작용(作用)도 비슷한 세포(細胞)의 집단(集團). 같은 기능(機能)과 같은 구성(構成)을 가진 세포(細胞)의 단결(團結). 조직(組織)이 여러...
勞組
노조
노동조합(勞動組合)의 준말. 노동(勞動) 조건(條件)의 유지(維持) 개선(改善) 및 노동자(勞動者)의 사회적(社會的), 경제적(經濟的) 지위(地位) 향상(向上)을 꾀하려고 조직(組織)하는 노동자(勞動者)의...
組織的
조직적
개개(個個)의 사물(事物)이 일정(一定)한 계통(系統)에 속(屬)해 있는 모양(模樣)
全敎組
전교조
전국(全國) 교직원(敎職員) 노동(勞動) 조합(組合)의 준말. 교직원(敎職員)들의 지위(地位) 향상(向上)과 권리(權利) 획득(獲得) 및 교육(敎育) 여건의 개선(改善)을 도모(圖謀)하려는 노동(勞動) 조합(組合)

織
짤 직,기치 치 1. 짜다 2. 만들다 3. 베틀 4. 직물(織物) a. 기치(旗幟: 군대에서 사용하던 기) (치) b. 표 (치) c. 휘장(揮帳: 피륙을 여러 폭으로 이어서 빙 둘러치는 장막) (치) d. 무늬 있는 옷감 (치) [부수]糸(실사) [총획]18획 [난이도]고등용, 읽기 4급, 쓰기 3급
組織
조직
①짜서 이룸. 얽어서 만듦 　②거의 모양(模樣)과 크기가 같으며, 작용(作用)도 비슷한 세포(細胞)의 집단(集團). 같은 기능(機能)과 같은 구성(構成)을 가진 세포(細胞)의 단결(團結). 조직(組織)이 여러...
組織的
조직적
개개(個個)의 사물(事物)이 일정(一定)한 계통(系統)에 속(屬)해 있는 모양(模樣)
組織化
조직화
사물(事物)이 일정(一定)한 질서(秩序)를 갖고 유기적(有機的)인 활동(活動)을 하게 끔 통일화(統一化)함
組織體
조직체
조직(組織)을 이룬 몸뚱이나 단체(團體)


-----------------------------------
표준

*****DEFINITION*****
standard, average, norm 표준 이상이다 be above average[the standard]
標準
标准 biāo​zhǔn​   *标准* | 标准* | *标准 (an official) standard / norm / criterion / CL: 個｜个 標準 HSK 4
標
표할 표 1. 표하다(表--) 2. 나타내다 3. 기록하다(記錄--) 4. 표(標)를 하다 5. 적다 6. 표(標: 같은 종류의 다른 사물과 분간할 수 있도록 하는 그 사물만의 두드러진 특징) 7. 가지 8. 나무의 끝 9. 높은 나무... [부수]木(나무목) [총획]15획 [난이도]고등용, 읽기 4급, 쓰기 3급
目標
목표
①목적(目的)을 이루기 위(爲)하여 실제적(實際的) 대상(對象)으로 삼는 것 　②가서 닿을 곳 　③어떤 일을 이루어 내려는 시간(時間) 상(上)의 한계(限界)
標榜
표방
①어떠한 명목(名目)을 붙여 주의(主義), 주장(主張)을 앞에 내세움 　②남의 선행(善行)을 칭찬(稱讚)하고 기록(記錄)하여 여러 사람에게 보임
標準
표준
①사물(事物)을 정(定)하는 목표(目標). 기준(基準) 　②타(他)의 규범(規範)이 되는 준칙(準則). 규격(規格). 준거(準據) 　③물리량(物理量) 측정(測定)을 위(爲)한 단위(單位)를 확립(確立)하기 위(爲)하여...
指標
지표
①방향(方向)을 가리키는 표지(標識) 　②상용 대수의 정수(整數) 부분(部分)

準
준할 준,콧마루 절 1. 준하다(準--: 어떤 본보기에 비추어 그대로 좇다) 2. 의거하다(依據--), 본보기로 삼다 3. 본받다 4. 바로잡다 5. 고르다, 평평하다(平平--) 6. 정밀하다(精密--) 7. 정확하다, 확실하다(確實--) 8.... [부수]氵(삼수변) [총획]13획 [난이도]고등용, 읽기 4급II, 쓰기 3급II
水準
수준
①사물(事物)의 가치(價値)나 작용(作用) 등(等)에 관(關)한 일정(一定)한 표준(標準)이나 정도(程度) 　②수평(水平)
基準
기준
사물(事物)의 기본(基本)이 되는 표준(標準)
準備
준비
필요(必要)한 것을 미리 마련하여 갖춤
標準
표준
①사물(事物)을 정(定)하는 목표(目標). 기준(基準) 　②타(他)의 규범(規範)이 되는 준칙(準則). 규격(規格). 준거(準據) 　③물리량(物理量) 측정(測定)을 위(爲)한 단위(單位)를 확립(確立)하기 위(爲)하여...


-----------------------------------
생애

*****DEFINITION*****
one's life, lifetime 작년은 내 생애 최고의 해였다 Last year was the best one of my life.
生涯
生涯 shēng​yá​   *生涯* | 生涯* | *生涯 career / life (way in which sb lives) / period of one's life
生
날 생 1. 나다 2. 낳다 3. 살다 4. 기르다 5. 서투르다 6. 싱싱하다 7. 만들다 8. 백성(百姓) 9. 선비(학식은 있으나 벼슬하지 않은 사람을 이르던 말) 10. 자기(自己)의 겸칭(謙稱) 11. 사람 12. 날(익지 않음)... [부수]生(날생) [총획]5획 [난이도]중학용, 읽기 8급, 쓰기 6급II
發生
발생
①(어떤 사건(事件)이나 사물(事物) 현상(現象)이 어느 곳 또는 세상(世上)에) 생겨나거나 나타나는 것 　②(생물학(生物學)ㆍ생리학) 세포(細胞)의 증식(增殖)ㆍ분화(分化)ㆍ형태(形態) 형성(形成) 등(等)에...
生活
생활
①살아서 활동(活動)함. 생계(生計)를 유지(維持)하여 살아나감 　②먹고 입고 쓰고 하는 등(等)의 살림살이 　③일정(一定)한 조직체(組織體)에 매여 구성원(構成員)으로 활동(活動)함
學生
학생
①배우는 사람, 주(主)로 학교(學校)에 다니면서 공부(工夫)하는 사람 　②벼슬하지 아니하고 죽은 사람의 명정, 지방(紙榜), 신주(神主) 따위에 쓰는 존칭(尊稱) 　③신라(新羅) 때 국학(國學)에서 가르침을...
先生
선생
①학생(學生)을 가르치는 사람. 학예(學藝), 기예(技藝) 등(等)을 남에게 가르치는 사람 　②자기(自己)보다 학식(學識)이 높은 사람을 높이어 일컫는 말 　③남을 존대(尊待)하여 부르는 말. 흔히 성이나...

涯
물가 애 1. 물가 2. 끝, 한계(限界) 3. 근처(近處) 4. 어느 곳 5. 단속하다(團束--), 잡도리하다 6. 헤아리다, 가늠하다 [부수]氵(삼수변) [총획]11획 [난이도]고등용, 읽기 3급, 쓰기 2급
生涯
생애
①살아 있는 한평생(-平生) 동안 　②생활(生活)하는 형편(形便) 　③생계(生計)
涯限
애한
☞ 한계(限界)
天涯
천애
①하늘 끝. 먼 변방(邊方) 　②아득히 떨어진 타향(他鄕) 　③이승에 살아 있는 핏줄이나 부모가 없음을 이르는 말
境涯
경애
자기자신(自己自身)이 처하여 있는 환경(環境)과 생애(生涯)


-----------------------------------
은덕

*****DEFINITION*****
good done by stealth, a secret act of virtue[charity], a hidden virtue 은덕을 베풀다 do good by stealth
隱德
隱 隐 yǐn​   *隐* | 隐* | *隐 secret / hidden / concealed / (prefix) crypto- 隱
  隐 yìn​   *隐* | 隐* | *隐 to lean upon 隱
德 德 Dé​   *德* | 德* | *德 Germany / German / abbr. for 德國｜德国
  德 dé​   *德* | 德* | *德 virtue / goodness / morality / ethics / kindness / favor / character / kind
  德 dé​   *德* | 德* | *德 variant of 德 悳
  德 dé​   *德* | 德* | *德 variant of 德 惪
隱
숨을 은 1. 숨다 2. 점치다(占--) 3. 가엾어 하다 4. 근심하다(속을 태우거나 우울해하다) 5. 음흉하다(陰凶--) 6. 쌓다 7. 무게 있다 8. 기대다 9. 수수께끼 [부수]阝(좌부변) [총획]17획 [난이도]고등용, 읽기 4급, 쓰기 3급
隱蔽
은폐
가리어 숨김. 덮어 감춤
隱匿
은닉
숨김. 감춤
隱密
은밀
숨어 있어서 형적(形跡)이 나타나지 않음
隱退
은퇴
직임에서 물러나거나 세속(世俗)의 일에서 손을 떼고 한가(閑暇)히 삶

德
큰 덕,덕 덕 1. 크다 2. (덕으로)여기다 3. (덕을)베풀다(일을 차리어 벌이다, 도와주어서 혜택을 받게 하다) 4. 고맙게 생각하다 5. 오르다, 타다 6. 덕(德), 도덕(道德) 7. 은덕(恩德) 8. 복(福), 행복(幸福) 9.... [부수]彳(두인변) [총획]15획 [난이도]중학용, 읽기 5급II, 쓰기 4급II
道德
도덕
사람으로서 지켜야 할 도리(道理)
德談
덕담
잘 되라고 비는 말
道德的
도덕적
①도덕(道德)에 의(依)하여 사물(事物)을 판단(判斷)하려고 하는 모양(模樣) 　②또는, 도덕(道德)에 적합(適合)한 모양(模樣)
德分
덕분
남에게 어질고 고마운 짓을 베푸는 일


-----------------------------------
의아하다

*****DEFINITION*****
strange, weird, odd 그녀가 갑자기 나타난 것이 의아했다 It was just strange how she so suddenly appeared.
疑訝
疑 疑 yí​   *疑* | 疑* | *疑 to doubt / to suspect
訝 讶 yà​   *讶* | 讶* | *讶 astounded 訝
疑
의심할 의,안정할 응 1. 의심하다(疑心--) 2. 헛갈리다 3. 믿지 아니하다 4. 미혹되다(迷惑--), 미혹시키다(迷惑---) 5. 두려워하다 6. 머뭇거리다, 주저하다(躊躇--) 7. 괴이(怪異)하게 여기다 8. 비기다(=擬) 9. 같다, 비슷하다... [부수]疋(짝필) [총획]14획 [난이도]고등용, 읽기 4급, 쓰기 3급
嫌疑
혐의
①꺼리고 싫어함 　②의심(疑心)스러움 미심(未審)쩍음 　③범죄(犯罪)를 저지른 사실(事實)이 있으리라는 의심(疑心). 단순(單純)히 판단(判斷)자의 주관적(主觀的)인 범죄(犯罪) 사실(事實)의 존재(存在)...
疑惑
의혹
①의심(疑心)하여 분별(分別)에 당혹(當惑)함 　②수상(殊常)하게 여김
疑問
의문
①의심(疑心)하여 물음 　②의심(疑心)스러운 생각을 함, 또는 그런 일
疑心
의심
①마음에 미심(未審)하게 여기는 생각 　②믿지 못하는 모양(模樣)

訝
의심할 아 1. 의심하다(疑心--) 2. 의아하다 3. 맞다 [부수]言(말씀언) [총획]11획 [난이도]읽기 1급, 쓰기 특급
疑訝
의아
의심(疑心)스러워 괴이(怪異)쩍음
疑訝心
의아심
의아하게 여기는 마음
驚訝
경아
놀랄 만큼 의아하게 여김
訝惑
아혹
괴이(怪異)하고 의심(疑心)스러움


-----------------------------------
의존하다

*****DEFINITION*****
[명사] dependence (up)on, reliance (up)on, [동사] depend (up)on, rely (up)on, be dependent (up)on, turn to 약물에 의존하다 depend on drugs[medicine]
依存
依存 yī​cún​   *依存* | 依存* | *依存 to depend on sth for existence / dependent on
依
의지할 의 1. 의지하다(依支--), 기대다 2. 전과 같다 3. 좇다 4. 따르다, 순종하다(順從--) 5. 동의하다(同意--), 허락하다(許諾--), 용서하다(容恕--) 6. 우거지다 7. 돕다 8. 믿다 9. 비기다, 견주다(어떠한 차이가... [부수]亻(사람인변) [총획]8획 [난이도]중학용, 읽기 4급, 쓰기 3급
依賴
의뢰
①남에게 의지(依支)함. 뇌비 　②남에게 부탁(付託)함
依存
의존
의지(依支)하고 있음
依支
의지
①다른 것에 몸을 기댐, 또는 기댈 대상(對象) 　②무엇에 마음을 붙여 도움을 받음
依存度
의존도
의존(依存)하는 정도(程度)

存
있을 존 1. 있다, 존재하다(存在--) 2. 살아 있다 3. 안부를 묻다, 노고를 치하하고 위로하다(慰勞--) 4. 존문하다(存問--), 문안하다(問安--) 5. 보살피다, 살펴보다 6. 보존하다(保存--), 보전하다(保全--) 7.... [부수]子(아들자) [총획]6획 [난이도]중학용, 읽기 4급, 쓰기 3급
旣存
기존
①이미 존재(存在)함 　②이전(以前)부터 있음
存在
존재
①현존(現存)하여 있음 　②또는 있는 그것
依存
의존
의지(依支)하고 있음
保存
보존
①보호(保護)하여 남아 있게 함 　②원상대로 유지(維持)함


-----------------------------------
독백

*****DEFINITION*****
monologue, soliloquy 독백을 하다 soliloquize
獨白
独白 dú​bái​   *独白* | 独白* | *独白 stage monologue / soliloquy 獨白
獨
홀로 독 1. 홀로, 혼자 2. 어찌 3. 다만, 오직 4. 장차(將次) 5. 어느 6. 그 7. 홀몸, 홀어미 8. 외로운 사람 9. 외발 사람, 월형(刖刑: 발꿈치를 베는 형벌)을 받은 사람 10. 외롭다 11. 전단하다(專斷--: 혼자... [부수]犭(개사슴록변) [총획]16획 [난이도]중학용, 읽기 5급II, 쓰기 4급II
獨逸
독일
중부(中部) 유럽을 차지하는 나라. 동쪽은 폴란드, 서쪽은 네덜란드ㆍ룩셈부르크ㆍ프랑스, 남쪽은 체코슬로바키아ㆍ오스트리아ㆍ스위스, 북쪽은 발트해ㆍ북해및 덴마크와 각각(各各) 접경함. 주민(住民)은...
獨島
독도
경북(慶北) 울릉군(鬱陵郡) 울릉읍(鬱陵邑) 독도리(獨島里)에 딸린 섬
單獨
단독
단 하나. 단 한 사람. 혼자
獨立
독립
①남의 힘을 입지 않고 홀로 섬 　②남의 속박(束縛)ㆍ지배(支配)를 받지 않음 　③한 나라나 단체(團體)가 대내(對內)ㆍ대외적(對外的)으로 완전(完全)한 주권(主權)을 행사(行使)하는 능력(能力)을 가짐...

白
흰 백 1. 희다 2. 깨끗하다 3. 분명하다(分明--), 명백하다(明白--) 4. 진솔하다 5. 밝다, 밝아지다 6. 빛나다 7. 비다, (가진 것이)없다 8. 아뢰다, 탄핵하다(彈劾--) 9. 흘겨보다, 경멸하다(輕蔑--) 10. 흰빛... [부수]白(흰백) [총획]5획 [난이도]중학용, 읽기 8급, 쓰기 6급II
蛋白質
단백질
아미노산으로 구성(構成)된 고분자(高分子) 화합물(化合物). 생물(生物) 세포(細胞)의 원형질(原形質)을 구성(構成)하는 주요(主要) 물질(物質)이며, 생명(生命) 현상(現象)과 밀접(密接)한 관련(關聯)을...
白露
백로
①24절기(節氣)의 열다섯째. 처서와 추분(秋分) 사이에 듦 　②흰 이슬
告白
고백
①숨긴 일이나 생각한 바를 사실(事實)대로 솔직(率直)하게 말함 　②참회자가 고백(告白) 성사를 통(通)해 죄(罪)를 용서(容恕)받으려고 고해 신부(神父)에게 지은 죄(罪)를 솔직(率直)히 말하는 일
明白
명백
의심(疑心)할 것 없이 아주 뚜렷하고 환함


-----------------------------------
