신뢰

*****DEFINITION*****
trust (in), faith (in), confidence (in), trust, have confidence (in), have[put] faith (in), put one's trust (in) 신뢰를 받다[얻다] gain[get; win] sb's trust[confidence]
信賴
信赖 xìn​lài​   *信赖* | 信赖* | *信赖 to trust / to have confidence in / to have faith in / to rely on 信賴 HSK 6
信
믿을 신 1. 믿다 2. 신임하다(信任--) 3. 맡기다 4. 신봉하다(信奉--) 5. 성실하다(誠實--) 6. ~에 맡기다 7. 확실하다(確實--) 8. 마음대로 하다 9. 알다 10. 신의(信義), 신용(信用), 신표(信標: 증거가 되게... [부수]亻(사람인변) [총획]9획 [난이도]중학용, 읽기 6급II, 쓰기 5급II
信賴
신뢰
남을 믿고 의지(依支)함
通信
통신
①소식(消息), 의지(意志), 지식(知識) 등(等)을 남에게 전(傳)함. 음신(音信)을 통(通)함 　②우편(郵便). 전신(電信). 전화(電話) 등(等)으로 서로 소식(消息). 정보(情報)를 전(傳)하는 일 　③지사(支社)...
信用
신용
①믿어 의심(疑心)하지 아니함 　②평판(評判)이 좋고 인망(人望)이 있음 　③재화(財貨) 및 화폐(貨幣)의 급부(給付)와 반대(反對) 급부(給付) 사이에 시간적(時間的)인 차이(差異)가 있는 일반(一般)...
平信
평신
①평상시(平常時)의 소식(消息) 　②무사(無事)한 소식(消息)

賴
의뢰할 뢰,의뢰할 뇌 1. 의뢰하다(依賴--) 2. 힘입다 3. 의지하다(依支--) 4. 얻다 5. 버티다 6. 억지 부리다 7. 책망하다(責望--) 8. 탓하다 9. 생떼를 쓰다 10. 전가시키다 11. 덮어씌우다 12. 발뺌하다 13. 머물러 떠나려... [부수]貝(조개패) [총획]16획 [난이도]고등용, 읽기 3급II, 쓰기 2급
信賴
신뢰
남을 믿고 의지(依支)함
依賴
의뢰
①남에게 의지(依支)함. 뇌비 　②남에게 부탁(付託)함
信賴性
신뢰성
신뢰(信賴)할 만한 성질(性質)
信賴度
신뢰도
신뢰(信賴)하는 정도(程度)


-----------------------------------
험난하다

*****DEFINITION*****
(지형 등이) rugged, rough, dangerous, (literary) perilous 험하다 험난한 산길을 오르다 climb[ascend; go up] a rough mountain road 2개 뜻 더보기 : (지형 등이) rugged, rough, dangerous, (literary) perilous
險難
險 险 xiǎn​   *险* | 险* | *险 danger / dangerous / rugged 險
難 难 nán​   *难* | 难* | *难 difficult (to...) / problem / difficulty / difficult / not good 難 HSK 3
  难 nàn​   *难* | 难* | *难 disaster / distress / to scold 難
險
험할 험,괴로워할 삼,낭떠러지 암 1. 험하다(險--) 2. 높다, 험준하다(險峻--) 3. 음흉하다(陰凶--), 음험하다 4. 간악하다(奸惡--) 5. 멀다 6. 위태롭다(危殆--) 7. 간난하다(艱難--: 몹시 힘들고 고생스럽다) 8. 넓다, 평평하다 9. 고민(苦悶),... [부수]阝(좌부변) [총획]16획 [난이도]고등용, 읽기 4급, 쓰기 3급
危險
위험
①실패(失敗)하거나 목숨을 다치게 할 만함 　②안전(安全)하지 못함
保險
보험
담당(擔當) 회사(會社)와 일정(一定)한 계약(契約)에 따라 미리 돈을 별러 내다가 재해(災害)나 사고(事故) 등(等)으로 말미암은 손해(損害) 및 사망(死亡) 등(等)에 대(對)하여 보상(補償)을 받는 일....
保險料
보험료
보험(保險) 가입자(加入者)가 보험자(保險者)에게 정기적(定期的)으로 내는 돈
健康保險
건강보험
①질병(疾病), 상해(傷害), 사망(死亡), 해산(解散) 따위의 의료(醫療)를 위(爲)한 비용(費用)이나 그로 인(因)한 수입(收入) 감소(減少)를 보상(補償)하는 보험(保險) 　②고용(雇用) 보험(保險)ㆍ국민(國民)...

難
어려울 난,우거질 나 1. 어렵다 2. 꺼리다 3. 싫어하다 4. 괴롭히다 5. 물리치다 6. 막다 7. 힐난하다 8. 나무라다 9. 삼가다(몸가짐이나 언행을 조심하다) 10. 공경하다(恭敬--), 황공해하다(惶恐---) 11. 근심, 재앙(災殃)... [부수]隹(새추) [총획]19획 [난이도]중학용, 읽기 4급II, 쓰기 3급II
論難
논란
(어떤 문제(問題)에 대(對)해서, 또는 어떤 문제(問題)를) 이러니저러니 옳으니 그르니 하며 시비(是非)를 따져 논(論)하는 것
非難
비난
남의 잘못이나 흠 따위를 책잡아서 나쁘게 말함
困難
곤란
①어떤 일을 하는 입장(立場)ㆍ상황(狀況)ㆍ조건(條件) 등(等)이 좋지 않아 어렵거나 까다로운 상태(狀態) 　②경제적(經濟的)으로 몹시 어렵고 궁핍(窮乏)함
災難
재난
뜻밖에 일어나는 불행(不幸)한 일


-----------------------------------
피차

*****DEFINITION*****
피차 잘된 일이다 It's good for both of us.
彼此
彼此 bǐ​cǐ​   *彼此* | 彼此* | *彼此 each other / one another HSK 5
彼
저 피 1. 저 2. 그 3. 저쪽 4. 덮다 5. 아니다 [부수]彳(두인변) [총획]8획 [난이도]중학용, 읽기 3급II, 쓰기 2급
於此彼
어차피
어차어피(於此於彼)의 준말
彼此
피차
①저것과 이것 　②서로
此一時彼一時
차일시피일시
①이때 한 일과 저 때 한 일이 서로 사정(事情)이 다름 　②이것도 저것도 다 한때임
到彼岸
도피안
①파라밀다(波羅蜜多)의 역어. 생사(生死)의 경계(境界)인 차안(此岸)에서 피안(彼岸)인 열반(涅槃)에 다다르는 일 　②또 그를 위(爲)한 보살(菩薩)의 수행(修行)

此
이 차 1. 이 2. 이에(발어사) [부수]止(그칠지) [총획]6획 [난이도]중학용, 읽기 3급II, 쓰기 2급
此際
차제
때마침 주어진 이 기회(機會)
於此彼
어차피
어차어피(於此於彼)의 준말
如此
여차
이와 같음. 이렇게
此後
차후
이 뒤. 이다음


-----------------------------------
초래하다

*****DEFINITION*****
cause, bring about, lead to, result in; (좋지 않은 일을) (formal) give rise to 실패를 초래하다 cause[lead to; give rise to] a failure
招來
招来 zhāo​lái​   *招来* | 招来* | *招来 to attract / to incur 招來
招
부를 초,지적할 교,풍류 이름 소 1. 부르다, 손짓하다 2. 묶다, 결박하다(結縛--) 3. 얽어매다, 속박하다(束縛--) 4. 구하다(求--) 5. 나타내다, 밝히다 6. 흔들리다 7. (몸을)움직이다 8. 과녁 9. 별 이름 a. 지적하다(指摘--) (교) b.... [부수]扌(재방변) [총획]8획 [난이도]중학용, 읽기 4급, 쓰기 3급
招來
초래
①불러 옴 　②그렇게 되게 함 　③어떤 결과(結果)를 가져옴
招請
초청
청하여 불러들임
自招
자초
스스로 그러한 결과(結果)가 오게 함
招聘
초빙
①예(禮)를 갖춰 불러 맞아들임 　②초대(招待)함

來
올 래,올 내 1. 오다 2. 돌아오다 3. 부르다 4. 위로하다(慰勞--) 5. 이래 6. 그 이후(以後)로 7. 앞으로 8. 미래(未來) 9. 후세(後世) 10. 보리(볏과의 두해살이풀) [부수]人(사람인) [총획]8획 [난이도]중학용, 읽기 7급, 쓰기 6급
招來
초래
①불러 옴 　②그렇게 되게 함 　③어떤 결과(結果)를 가져옴
未來
미래
아직 오지 않은 때
來年
내년
올해의 다음 해, 명년(明年)
去來
거래
①금전(金錢)을 서로 대차(貸借)하거나 물건(物件)을 매매(賣買)하는 일 　②사건(事件)이 생기는 대로 하인(下人)이 상사(上司)에게 알리는 일 　③과거(過去)와 미래(未來)


-----------------------------------
어김없다

*****DEFINITION*****
(be) unerring, infallible 어김없이 without fail

-----------------------------------
목격하다

*****DEFINITION*****
[동사] witness; (발견하다) observe, see, spot, catch sight of 사고를 목격하다 witness an accident
目擊
目击 mù​jī​   *目击* | 目击* | *目击 to see with one's own eyes / to witness 目擊
目
눈 목 1. 눈(감각 기관) 2. 눈빛, 시력(視力) 3. 견해(見解), 안목(眼目) 4. 요점(要點) 5. 옹이, 그루터기(풀이나 나무 따위의 아랫동아리) 6. 제목(題目), 표제(標題ㆍ表題) 7. 목록(目錄) 8. 조목(條目),... [부수]目(눈목) [총획]5획 [난이도]중학용, 읽기 6급, 쓰기 5급
目標
목표
①목적(目的)을 이루기 위(爲)하여 실제적(實際的) 대상(對象)으로 삼는 것 　②가서 닿을 곳 　③어떤 일을 이루어 내려는 시간(時間) 상(上)의 한계(限界)
目的
목적
①이루려 하는 일 　②또는, 나아가려고 하는 방향(方向)
注目
주목
①어떤 사물(事物)을 주의(注意)해서 봄 　②시선을 모아 봄
刮目
괄목
전(前)에 비하여 딴판으로 학식(學識) 등(等)이 부쩍 늘어서 눈을 비비고 다시 봄

擊
칠 격 1. 치다 2. 부딪치다 3. 공격하다(攻擊--) 4. 마주치다 5. 보다 6. 두드리다 7. 지탱하다(支撐--) 8. 죽이다 [부수]手(손수) [총획]17획 [난이도]고등용, 읽기 4급, 쓰기 3급
衝擊
충격
①서로 맞부딪쳐서 몹시 침 　②마음에 격동(激動)을 받는 강(强)한 자극(刺戟). 쇼크 　③물체(物體)에 대(對)해 급격(急激)히 가(加)해지는 힘
攻擊
공격
①나아가 적을 침 　②말로 상대편(相對便)을 심(甚)하게 논박(論駁)하거나 비난(非難)함 　③운동(運動) 경기(競技) 따위에서, 상대편(相對便)을 수세(守勢)에 몰아넣고 강(强)하게 밀어붙임
衝擊的
충격적
마음에 충격(衝擊)을 주거나 사회적(社會的)으로 충격(衝擊)을 주는 것
打擊
타격
①때리어 침 　②어떤 영향(影響)을 받아서 기운(氣運)이 크게 꺾임. 쇼크 　③손해(損害). 손실(損失) 　④야구(野球)에서, 투수(投手)가 던지는 공을 배트로 침. 타봉(打棒)


-----------------------------------
