사납다

*****DEFINITION*****
(성질·행동·생김새 등이) wild, violent, fierce, ferocious 사나운 사람 a person of violent temper 3개 뜻 더보기 : (성질·행동·생김새 등이) wild, violent, fierce, ferocious

-----------------------------------
우려

*****DEFINITION*****
[명사] concern, worry, fear, [동사] be concerned, worry (about), fear (that) 우려를 나타내다 express concern (about/over)
憂慮
忧虑 yōu​lǜ​   *忧虑* | 忧虑* | *忧虑 to worry / anxiety (about) 憂慮
憂
근심 우 1. 근심, 걱정 2. 병(病), 질병(疾病) 3. 고통(苦痛), 괴로움, 환난(患難) 4. 친상, 상중(喪中) 5. 근심하다(속을 태우거나 우울해하다), 걱정하다, 애태우다 6. 고생하다, 괴로워하다 7. 두려워하다 8.... [부수]心(마음심) [총획]15획 [난이도]중학용, 읽기 3급II, 쓰기 2급
憂慮
우려
①(어떤 일을) 잘못되지 않을까 걱정하는 것 　②또는, (문제(問題)가 되는 일을) 애태우며 걱정하는 것 　③또는, 그 걱정
憂鬱
우울
마음이 어둡고 가슴이 답답한 상태(狀態)
憂鬱症
우울증
우울(憂鬱)한 증세(症勢)
外憂
외우
①외환(外患) 　②외간(外艱)

慮
생각할 려,생각할 여,사실할 록,사실할 녹 1. 생각하다 2. 이리저리 헤아려 보다 3. 근심하다(속을 태우거나 우울해하다) 4. 걱정하다 5. 어지럽게 하다 6. 맺다, 연결하다 7. 꾀하다 8. 흩뜨리다(흩어지게 하다) 9. 생각 10. 계획(計劃ㆍ計畫)... [부수]心(마음심) [총획]15획 [난이도]고등용, 읽기 4급, 쓰기 3급
憂慮
우려
①(어떤 일을) 잘못되지 않을까 걱정하는 것 　②또는, (문제(問題)가 되는 일을) 애태우며 걱정하는 것 　③또는, 그 걱정
考慮
고려
깊이 생각하여 헤아림
配慮
배려
보살펴 주려고 이리저리 마음을 써 줌
無慮
무려
①수량(數量)을 나타내는 말 앞에서 ＇그 만큼은 넉넉하게＇의 뜻을 나타냄 　②수량(數量)을 나타내는 말 앞에서 ＇자그마치＇의 뜻을 나타냄 　③아무 염려(念慮)할 것이 없음


-----------------------------------
동반하다

*****DEFINITION*****
(~와 함께 하다) [동사] accompany , go (in company) with , be accompanied by 그는 부부 동반으로 미국에 갔다 He went to America (together) with his wife. 2개 뜻 더보기 : (~와 함께 하다) [동사] accompany , go (in company) with , be accompanied by
同伴
同伴 tóng​bàn​   *同伴* | 同伴* | *同伴 companion / comrade / fellow
同
한가지 동 1. 한가지 2. 무리(모여서 뭉친 한 동아리) 3. 함께(=同) 4. 그 5. 전한 바와 같은 6. 같다 7. 같이하다 8. 합치다(合--) 9. 균일(均一)하게 하다 10. 화합하다(和合--) 11. 모이다 12. 회동하다 [부수]口(입구) [총획]6획 [난이도]중학용, 읽기 7급, 쓰기 6급
共同
공동
①여러 사람이 일을 같이 함 　②여러 사람이 같은 자격(資格)으로 모이는 결합(結合)
同盟
동맹
①개인(個人)ㆍ단체(團體) 및 국가(國家)가 서로 공동(共同)의 목적(目的)을 이루기 위(爲)하여 동일(同一)한 행동(行動)을 취할 것을 맹세(盟誓)하여 맺는 약속(約束)이나 언약(言約) 　②또는, 그 결...
同時
동시
①같은 때 　②같은 시간(時間) 　③같은 시기(時期) 　④같은 시대(時代)
同僚
동료
①같은 곳에서 같은 일을 보는 사람 　②임무(任務)가 같은 사람

伴
짝 반 1. 짝 2. 반려(伴侶: 짝이 되는 동무) 3. 동반자(同伴者) 4. 벗(비슷한 또래로서 서로 친하게 사귀는 사람) 5. 동료(同僚) 6. 큰 모양 7. 한가로운 모양 8. 모시다 9. 동반하다(同伴--) 10. 의지하다(依支--)... [부수]亻(사람인변) [총획]7획 [난이도]고등용, 읽기 3급, 쓰기 2급
隨伴
수반
①붙좇아서 따르는 일. 반수(伴隨) 　②어떤 사물(事物) 현상(現象)에 따라서 함께 생기는 것
同伴
동반
①데리고 함께 다님 　②길을 같이 감
同伴者
동반자
①동반하는 사람 　②어떤 운동(運動)에 적극적(積極的)으로 참가(參加)하지는 않으나 상당(相當)한 이해(理解)를 가지고 있는 이
伴侶者
반려자
반려(伴侶)가 되는 사람


-----------------------------------
지지

*****DEFINITION*****
(정책·의견 등을) support, support, backing , back (up), stand by, (formal) countenance 지지를 보내다 give sb support 2개 뜻 더보기 : (정책·의견 등을) support, support, backing , back (up), stand by, (formal) countenance
支持
支持 zhī​chí​   *支持* | 支持* | *支持 to be in favor of / to support / to back / support / backing / to stand by / CL: 個｜个 HSK 4
支
지탱할 지 1. 지탱하다(支撐--), 버티다 2. 가르다, 갈리다 3. 괴다 4. 유지하다(維持--), 보전하다(保全--) 5. 치르다, 값을 주다 6. 헤아리다, 계산하다(計算--) 7. 가지, 근원(根源)에서 갈라진 것 8. 팔과 다리... [부수]支(지탱할지) [총획]4획 [난이도]중학용, 읽기 4급II, 쓰기 3급II
支援
지원
①지지(支持)하여 도움 　②원조(援助)함
支持
지지
①붙들어서 버티는 것. 또는, 부지하여 지니는 것 　②개인(個人)이나 단체(團體) 등(等)의 주의(主義)ㆍ정책(政策) 등(等)에 찬동(贊同)하여 도와서 힘을 쓰는 것. 또는, 그 원조(援助) 　③(경제학(經濟學))...
支配
지배
①아랫사람을 감독(監督)하고 사무(事務)를 정리(整理)함 　②통치(統治)함 　③어떤 사람의 의사(意思)가 상대자(相對者)의 행위(行爲)를 규제(規制), 속박(束縛)함
支給
지급
①(금품(金品) 따위를)내어 줌 치러 줌 　②특정인(特定人) 또는 기관(機關)에 대(對)하여 일정(一定)한 물건(物件)이나 금전(金錢)을 출급(出給)하는 행위(行爲)

持
가질 지 1. 가지다, (손에)쥐다, 잡다 2. 지니다 3. 버티다, 견디어내다, 대립하다(對立--) 4. 보전하다(保全--), 보존하다(保存--) 5. 지키다, 유지하다(維持--) 6. 균형(均衡)이 깨지지 아니하다, 형편(形便)에... [부수]扌(재방변) [총획]9획 [난이도]중학용, 읽기 4급, 쓰기 3급
維持
유지
①지탱(支撐)하여 감 　②또는 버티어 감
支持
지지
①붙들어서 버티는 것. 또는, 부지하여 지니는 것 　②개인(個人)이나 단체(團體) 등(等)의 주의(主義)ㆍ정책(政策) 등(等)에 찬동(贊同)하여 도와서 힘을 쓰는 것. 또는, 그 원조(援助) 　③(경제학(經濟學))...
持續
지속
①계속(繼續)해 지녀 나감 　②같은 상태(狀態)가 오래 계속(繼續)됨
持續的
지속적
오래 계속(繼續)되는 (것)


-----------------------------------
