전수

*****DEFINITION*****
[동사] (기술 등을 전해 받음) learn (as an apprentice) 그녀는 어머니에게 된장을 담그는 법을 전수받았다 She learned the way of making soybean paste from her mother.
傳受
傳 传 chuán​   *传* | 传* | *传 to pass on / to spread / to transmit / to infect / to transfer / to circulate / to conduct (electricity) 傳
  传 zhuàn​   *传* | 传* | *传 biography / historical narrative / commentaries / relay station 傳
受 受 shòu​   *受* | 受* | *受 to receive / to accept / to suffer / subjected to / to bear / to stand / pleasant / (passive marker)
傳
전할 전 1. 전하다(傳--) 2. 펴다 3. 널리 퍼뜨리다 4. 전해 내려오다 5. 퍼지다 6. 옮기다 7. 알리다 8. 전기(傳記: 사람의 일대기) 9. 현인의 저서, 고서 10. 경서(經書)의 주해(註解), 주석(註釋) 11. 역(驛),... [부수]亻(사람인변) [총획]13획 [난이도]중학용, 읽기 5급II, 쓰기 4급II
傳達
전달
①전(傳)하여 이르게 함 　②명령(命令)ㆍ지시(指示)ㆍ연락(連絡) 사항(事項) 등(等)을 구두(口頭) 또는 서류(書類)로 전(傳)함 　③흥분(興奮)이 신경(神經)ㆍ근육(筋肉)의 접합부(接合部)에 전(傳)해지는...
宣傳
선전
사상(思想), 이론(理論), 지식(知識) 또는 사실(事實) 등(等)을 대중(大衆)에게 널리 인식(認識)시키는 일
遺傳子
유전자
생물체(生物體)의 개개의 유전(遺傳) 형질(形質)을 발현(發現)시키는 근원(根源)이 되는 것. 염색체(染色體) 중(中)에 일정(一定)한 순서(順序)로 배열(配列)되어, 생식(生殖) 세포(細胞)를 통(通)하여...
傳播
전파
①전(傳)하여 널리 퍼뜨림. 전포(傳布). 파전(播傳) 　②파동(波動)이 매질(媒質) 속을 펴져 감

受
받을 수 1. 받다 2. 거두어들이다, 회수하다(回收--) 3. 받아들이다, 받아들여 쓰다, 배우다 4. 얻다, (이익을)누리다 5. 주다, 내려 주다, 수여하다(授與--) 6. 담보하다(擔保--) 7. 응하다(應--), 들어주다 8.... [부수]又(또우) [총획]8획 [난이도]중학용, 읽기 4급II, 쓰기 3급II
受容
수용
(남의 문물(文物)이나 의견(意見) 등(等)을) 인정(認定)하거나 용납(容納)하여 받아들이는 것
受諾
수락
요구(要求)를 받아들여 승낙(承諾)함
引受
인수
①물건(物件)이나 권리(權利)를 넘기어 받음　②(경제학(經濟學)) 환어음의 지급인(支給人)이 어음 금액(金額)의 지급(支給) 의무(義務)를 진다는 뜻을 어음에 기재(記載)하고 서명(署名)하는 일
接受
접수
①받아들임 　②관청(官廳)이나 공공단체(公共團體)가 서류(書類) 또는 구두(口頭)로 제출(提出)되는 신청(申請) 사실(事實)을 처결(處決)할 목적(目的)으로 받아들임


-----------------------------------
대목

*****DEFINITION*****
(이야기·글 등의 특정 부분) part, passage 나는 그 대목을 다시 읽었다 I reread that passage. 2개 뜻 더보기 : (이야기·글 등의 특정 부분) part, passage

-----------------------------------
반영하다

*****DEFINITION*****
[명사] reflection, [동사] reflect, mirror; (적용하다) apply 원가 인상분을 가격에 반영하다 reflect the cost increase in the price
反映
反映 fǎn​yìng​   *反映* | 反映* | *反映 to mirror / to reflect / mirror image / reflection / (fig.) to report / to make known / to render HSK 4
反
돌이킬 반,돌아올 반,어려울 번,삼갈 판 1. 돌이키다 2. 돌아오다, 되돌아가다 3. 되풀이하다, 반복하다(反復--) 4. 뒤집다, 뒤엎다 5. 배반하다(背反ㆍ背叛--) 6. 어기다, 어긋나다 7. 반대하다(反對--) 8. 물러나다, 후퇴하다(後退--) 9. 보... [부수]又(또우) [총획]4획 [난이도]중학용, 읽기 6급II, 쓰기 5급II
反撥
반발
①되받아서 퉁김 　②반향하여 받아들이지 아니함 　③떨어진 시세(時勢)가 갑자기 오름
反對
반대
①두 사물(事物)이 맞서 있는 상태(狀態) 　②무엇에 맞서서 거스름 　③사물(事物)의 위치(位置)ㆍ방향(方向)ㆍ순서(順序) 따위가 정상(正常)이 아니고 거꾸로 됨, 또는 그러한 상태(狀態) 　④어떤 ...
反駁
반박
①남의 의견(意見)에 반대(反對)하여 논박(論駁)함 　②또는, 남에게서 받은 비난(非難) 공격(攻擊)에 대(對)하여 도리어 논란(論難)함
反映
반영
①반사(反射)하여 비침 　②어떤 영향(影響)을 받아 사실(事實)로 나타냄

映
비칠 영,희미할 앙 1. 비치다, 반사하다(反射--) 2. 비추다 3. 덮다, 덮어 가리다 5. 햇빛, 햇살 6. 미시(未時: 지금의 오후 두 시 경) a. 희미하다(稀微--), 흐릿하다 (앙) b. 밝지 아니하다 (앙) [부수]日(날일) [총획]9획 [난이도]고등용, 읽기 4급, 쓰기 3급
反映
반영
①반사(反射)하여 비침 　②어떤 영향(影響)을 받아 사실(事實)로 나타냄
映畫
영화
실재(實在)의 현실(現實)처럼 느끼게 하는 극예술(劇藝術)의 하나. 연속(連續) 촬영(撮影)한 필름을 연속(連續)으로 영사막(映寫幕)에 비추어, 물건(物件)의 모습이나 움직임을 실제(實際)와 같이 재현(再現)하여...
動映像
동영상
컴퓨터 화면(畫面)에 영화(映畫)처럼 연속적(連續的)으로 움직이는 상태(狀態)로 나타나는 영상(映像)
放映
방영
텔레비전으로 방송(放送)하는 일


-----------------------------------
제안

*****DEFINITION*****
suggestion, offer; (공식적인) proposal; (특히 사업·정치 등의) proposition , suggest, (formal) propose, make a suggestion[proposal, proposition]; (회의 등에서) move 제안을 받아들이다 accept a(n) proposal[suggestion; offer]
提案
提案 tí​'àn​   *提案* | 提案* | *提案 proposal / draft resolution / motion (to be debated) / to propose a bill / to make a proposal
提
끌 제,떼지어 날 시 1. 끌다, 이끌다 2. 끌어당기다 3. 거느리다 4. (손에)들다 5. 점잖게 걷다 6. 제시하다(提示--) 7. 던지다, 던져서 때리다 8. 끊다, 단절하다(斷切ㆍ斷截--) 9. 북 이름 10. 편안(便安)한 모양 a. 떼지어... [부수]扌(재방변) [총획]12획 [난이도]고등용, 읽기 4급II, 쓰기 3급II
提起
제기
①의견(意見)을 붙이어 의논(議論)할 것을 제초함 　②드러내어 문제(問題)를 일으킴
提供
제공
(어떤 사람에게, 또는 단체(團體)에 어떤 사물(事物)을) 가지거나 누리도록 주는 것
提示
제시
어떠한 뜻을 글이나 말로 드러내어 보이거나 가리킴
孩提
해제
어린아이

案
책상 안 1. 책상(冊床) 2. 생각 3. 안건(案件) 4. 지경(地境: 땅의 가장자리, 경계) 5. 초안(草案) 6. 인도하다(引導--) 7. 상고하다(詳考--) 8. 어루만지다 [부수]木(나무목) [총획]10획 [난이도]중학용, 읽기 5급, 쓰기 4급
勘案
감안
참고(參考)하여 생각함
方案
방안
일을 처리(處理)해 나갈 방법(方法)에 관(關)한 일
懸案
현안
해결(解決)이 안 되어 걸려 있는 안건(案件)
提案
제안
①안을 냄 　②계획(計劃)을 제출(提出)함


-----------------------------------
후원

*****DEFINITION*****
sponsor, [명사] support, backing, sponsorship, patronage support, patronize, give[lend] support (to), back (up) 예술가를 후원하다 patronize an artist
後援
后援 hòu​yuán​   *后援* | 后援* | *后援 reinforcement / back-up / supporting force 後援
後
뒤 후,임금 후 1. 뒤 2. 곁 3. 딸림 4. 아랫사람 5. 뒤떨어지다 6. 능력(能力) 따위가 뒤떨어지다 7. 뒤지다 8. 뒤서다 9. 늦다 10. 뒤로 미루다 11. 뒤로 돌리다 12. 뒤로 하다 13. 임금 14. 왕후(王后), 후비(后妃)... [부수]彳(두인변) [총획]9획 [난이도]중학용, 읽기 7급II, 쓰기 6급
以後
이후
①일정(一定)한 때로부터 그 뒤 　②이다음
午後
오후
①정오(正午)로부터 밤 열두 시까지의 동안 　②정오(正午)로부터 해가 질 때까지의 동안
後遺症
후유증
병을 앓고 난 뒤에도 남아 있는 병적(病的) 증세(症勢)
後續
후속
뒤를 이어 계속(繼續) 됨

援
도울 원 1. 돕다 2. 당기다 3. 잡다 4. 매달리다 5. 구원하다(救援--) 6. 뽑다 7. 도움 [부수]扌(재방변) [총획]12획 [난이도]고등용, 읽기 4급, 쓰기 3급
支援
지원
①지지(支持)하여 도움 　②원조(援助)함
應援
응원
①운동(運動) 경기(競技) 따위를 곁에서 성원함 　②호응(呼應)하며 도와 줌
援助
원조
도와 줌. 조원(助援)
聲援
성원
①옆에서 소리를 질러 응원(應援)함 　②사기(士氣)나 기세(氣勢)를 북돋아 주는 응원(應援)이나 원조(援助)


-----------------------------------
농어촌

*****DEFINITION*****
farming and fishing village[community] 이 사업은 농어촌 지역에서 우선 시행될 예정이다 This project will be put into effect in the farming and fishing communities first.
農漁村
農 农 Nóng​   *农* | 农* | *农 surname Nong 農
  农 nóng​   *农* | 农* | *农 peasant / to farm / agriculture / diligent (old) / government field official (old) 農
漁 渔 yú​   *渔* | 渔* | *渔 fisherman / to fish 漁
村 村 cūn​   *村* | 村* | *村 village
  村 cūn​   *村* | 村* | *村 variant of 村 邨
農
농사 농 1. 농사(農事) 2. 농부(農夫) 3. 농가(農家) 4. 농사짓다(農事--) 5. 노력하다(努力--) 6. 힘쓰다 [부수]辰(별진) [총획]13획 [난이도]중학용, 읽기 7급II, 쓰기 6급
農民
농민
농사(農事) 짓는 백성(百姓)
農事
농사
논밭을 갈라 농작물(農作物)을 심어 가꾸고 거두어 들이는 일
農村
농촌
농토(農土)를 끼고 농사(農事)를 짓는 사람들이 사는 마을
農業
농업
①농작물(農作物)을 심어 가꾸고 거두어 들이는 생산(生産) 분야(分野) 　②땅을 이용(利用)하여 유용(有用)한 식물(植物)을 재배(栽培)하거나 유용(有用)한 동물(動物)을 먹이는 유기적(有機的) 생산업(生産業)...

漁
고기 잡을 어 1. 고기 잡다 2. 빼앗다 3. 사냥하다 4. 약탈하다 5. 고기잡이 6. 어부 [부수]氵(삼수변) [총획]14획 [난이도]중학용, 읽기 5급, 쓰기 4급
漁夫
어부
고기잡이를 업으로 하는 사람
漁船
어선
고기잡이 하는 배
遠洋漁船
원양어선
구조(構造), 설비(設備)가 모두 외양(外洋)의 거친 파도(波濤)에 견딜 수 있도록 완전(完全)하며, 어획물(魚獲物)을 운반(運搬)하고 또 배안에서 처리(處理)할 수 있는 배
農漁村
농어촌
농촌(農村)과 어촌(漁村)

村
마을 촌 1. 마을 2. 시골 3. 농막(農幕: 농사짓는 데 편리하도록 논밭 근처에 간단하게 지은 집) 4. 촌스럽다 5. 꾸밈이 없다 6. 야비하다(野鄙ㆍ野卑--: 성질이나 행동이 야하고 천하다) [부수]木(나무목) [총획]7획 [난이도]중학용, 읽기 7급, 쓰기 6급
農村
농촌
농토(農土)를 끼고 농사(農事)를 짓는 사람들이 사는 마을
地球村
지구촌
텔레비전ㆍ컴퓨터 등(等)의 전자(電子) 통신(通信) 매체(媒體)의 개발(開發)과 교통(交通) 수단(手段)의 눈부신 발달(發達)로 모든 나라가 하나의 마을처럼 상호(相互) 의존적(依存的)으로 깊은 관계(關係)를...
村落
촌락
마을, 촌에 이루어진 부락(部落). 그 주민(住民)의 생활(生活)에 따라 농촌(農村)ㆍ어촌(漁村)ㆍ산촌(山村)ㆍ광산촌(鑛山村) 등(等)으로 구분(區分)
江村
강촌
강가에 있는 마을


-----------------------------------
검진

*****DEFINITION*****
(physical) examination, (medical) checkup, health screening 정기 건강검진을 받다 have regular checkups
檢診
檢 检 jiǎn​   *检* | 检* | *检 to check / to examine / to inspect / to exercise restraint 檢
診 诊 zhěn​   *诊* | 诊* | *诊 to examine or treat medically 診
檢
검사할 검 1. 검사하다(檢査--) 2. 조사하다(調査--) 3. 단속하다(團束--) 4. 검속하다(檢束--) 5. 금제하다(禁制--: 어떤 행위를 하지 못하게 말리다) 6. 봉함(봉한 곳에 하는 표시) 7. 법식(法式) 8. 본 9. 모... [부수]木(나무목) [총획]17획 [난이도]고등용, 읽기 4급II, 쓰기 3급II
檢察
검찰
①검사(檢査)하여 살핌 　②죄 지은 흔적(痕跡ㆍ痕迹)을 가려 그 사실(事實)과 증거(證據)를 찾음 또는 그 기관(機關)
檢討
검토
내용(內容)을 충분(充分)히 조사(調査)하여 연구(硏究)함
檢査
검사
①실제(實際)의 상황(狀況)을 잘 살피고 조사(調査)함 　②실상(實相)을 검토(檢討)하여 옳고 그름이나 좋고 나쁨을 조사(調査)함
檢證
검증
①검사(檢査)하여 증명(證明)함 　②판사(判事)나 검사(檢査)가 직접(直接) 증거(證據)가 될 만한 일이나 물건(物件)을 조사(調査)함

診
진찰할 진 1. 진찰하다(診察--) 2. 맥보다 3. 보다 4. 증험하다(證驗--: 실지로 사실을 경험하다) 5. 고하다(告--) 6. 증상(症狀) [부수]言(말씀언) [총획]12획 [난이도]읽기 2급, 쓰기 1급
診斷
진단
의사(醫師)가 환자(患者)를 진찰(診察)하여 병상을 판단(判斷)함
診療
진료
진찰(診察)과 치료(治療)
打診
타진
①타진기나 손가락 끝으로 가슴이나 등을 두드려서 그 소리로 병세(病勢)를 알아냄 　②남의 마음이나 사정(事情)을 알려고 미리 떠봄
診斷書
진단서
의사(醫師)가 병(病)을 진단(診斷)한 결과(結果)를 적은 증명서(證明書)


-----------------------------------
부담금

*****DEFINITION*****
one´s share (in expenses), a share, allotment
負擔金
负担者 fù​dān​zhě​   *负担者* | 负担者* | *负担者 bearer 負擔者
負
질 부 1. 지다, 짐지다 2. 떠맡다 3. 빚지다 4. 업다 5. 힘입다 6. (부상을)입다 7. 저버리다 8. 패하다(敗--) 9. 근심하다(속을 태우거나 우울해하다) 10. 짐 11. 지는 일 12. 빚 [부수]貝(조개패) [총획]9획 [난이도]고등용, 읽기 4급, 쓰기 3급
負擔
부담
어떤 일이나 의무(義務)ㆍ책임(責任) 따위를 떠맡음, 또는 떠맡게 된 일이나 의무(義務)ㆍ책임(責任) 따위
負債
부채
남에게 빚을 짐 또는, 그 빚
勝負
승부
이김과 짐
抱負
포부
마음속에 지닌 앞날에 대(對)한 생각이나 계획(計劃), 희망(希望), 자신(自信)

擔
멜 담 1. 메다 2. 들다 3. 들어 올리다 4. 짊어지다 5. 책임지다 6. 맡다 7. 떠맡다 8. 짐 9. 화물 10. 맡은 일 11. 부피의 단위(單位) 12. 양의 단위(單位) [부수]扌(재방변) [총획]16획 [난이도]고등용, 읽기 4급II, 쓰기 3급II
負擔
부담
어떤 일이나 의무(義務)ㆍ책임(責任) 따위를 떠맡음, 또는 떠맡게 된 일이나 의무(義務)ㆍ책임(責任) 따위
擔當
담당
어떤 일을 넘겨 맡음
擔保
담보
①빚을 대신(代身)할 수 있는 신용(信用)으로 제공(提供)하는 보장(保障) 　②맡아서 보관(保管)함 　③대차(貸借) 관계(關係)에 있어서, 채무자(債務者)가 그 채무(債務)를 이행(履行)하지 아니할 경우(境遇)에...
分擔
분담
일을 나누어서 맡음

金
쇠 금,성씨 김 1. 쇠 2. 금 3. 돈, 화폐(貨幣) 4. 금나라(金--) 5. 누른빛 6. 귀하다(貴--) a. 성(姓)의 하나 (김) [부수]金(쇠금) [총획]8획 [난이도]중학용, 읽기 8급, 쓰기 6급II
稅金
세금
①조세(租稅)로서의 돈 　②조세(租稅)로 바치는 돈
金融
금융
①돈의 융통(融通) 　②경제(經濟) 상(上) 자금(資金)의 수요(需要)와 공급(供給)의 관계(關係)
賃金
임금
①노동(勞動)의 대가로서 사용자(使用者)가 근로자에게 지불(支拂)하거나, 노동(勞動)을 제공(提供)한 대가로 받는 보수(報酬). 노동력(勞動力)의 가치(價値)를 화폐(貨幣)로 나타낸 것. 급료(給料)ㆍ...
資金
자금
①자본금(資本金)의 준말로, 이익(利益)을 낳는 바탕이 되는 돈 　②사업(事業)을 경영(經營)하는 데 쓰이는 돈


-----------------------------------
숙박

*****DEFINITION*****
lodge (in/at), stay (at/with), put up 싸구려 호텔에서 숙박하다 lodge[stay; put up] at a cheap hotel
宿泊
宿 宿 sù​   *宿* | 宿* | *宿 old variant of 宿 㝛
  宿 Sù​   *宿* | 宿* | *宿 surname Su
  宿 sù​   *宿* | 宿* | *宿 lodge for the night / old / former
  宿 xiǔ​   *宿* | 宿* | *宿 night / classifier for nights
  宿 xiù​   *宿* | 宿* | *宿 constellation
泊 泊 bó​   *泊* | 泊* | *泊 to anchor / touch at / to moor
  泊 pō​   *泊* | 泊* | *泊 lake / Taiwan pr. [bo2]
宿
잘 숙,별자리 수 1. (잠을)자다, 숙박하다 2. 묵다, 오래 되다 3. 나이가 많다 4. 한 해 묵다 5. 지키다, 숙위하다 6. 안심시키다(安心---) 7. 찾아 구하다(求--) 8. 재계하다(齋戒--: 몸과 마음을 깨끗이 하다) 9. 크다... [부수]宀(갓머리) [총획]11획 [난이도]중학용, 읽기 5급II, 쓰기 4급II
宿題
숙제
①복습(復習)이나 예습(豫習)을 위(爲)하여 집에서 지어 오게 하거나 풀어 오게 하는 문제(問題) 　②두고 생각하여 보거나 해결(解決)해야 할 문제(問題)
宿命
숙명
날 때부터 타고난 운명(運命)
宿願
숙원
①오래도록 지녀온 소원(所願) 　②여러 해의 소원(所願)
宿泊
숙박
여관(旅館)이나 주막(酒幕)에 들어 밤을 자고 머무름

泊
머무를 박,배 댈 박,잔 물결 백 1. 머무르다 2. 묵다 3. (배를)대다 4. 담백하다(淡白--) 5. 뒤섞이다 6. 얇다 7. 조용하다 8. 물의 모양 9. 머무는 곳 10. 여관(旅館), 여인숙(旅人宿) 11. 호수(湖水) a. 잔 물결 (백) b. 빽빽한 모양... [부수]氵(삼수변) [총획]8획 [난이도]고등용, 읽기 3급, 쓰기 2급
宿泊
숙박
여관(旅館)이나 주막(酒幕)에 들어 밤을 자고 머무름
漂泊
표박
①(풍랑(風浪)을 만난 배가) 정처(定處) 없이 물 위에 떠도는 것 　②정처(定處) 없이 떠돌아다니며 사는 것. 표우(漂寓)　③일정(一定)한 주거(住居)나 생업(生業)이 없이 떠돌아 다니며 지냄
憩泊
게박
쉬려고 머무름
碇泊
정박
배가 닻을 내리고 머무름


-----------------------------------
원목

*****DEFINITION*****
hardwood, solid wood 원목으로 마루를 깔다 lay a hardwood floor
原木
原木 yuán​mù​   *原木* | 原木* | *原木 logs
原
언덕 원,근원 원 1. 언덕 2. 근원(根源), 근본(根本) 3. 저승 4. 들, 벌판 5. 문체(文體)의 한 가지 6. 원래 7. 거듭, 재차 8. 근본(根本)을 추구하다(追求--) 9. 캐묻다, 찾다 10. 의거하다(依據--), 기초(基礎)를 두다... [부수]厂(민엄호) [총획]10획 [난이도]중학용, 읽기 5급, 쓰기 4급
原因
원인
어떤 일의 근본(根本)이 되는 까닭
原則
원칙
①많은 경우(境遇)에 적용(適用)되는 근본(根本) 법칙(法則) 　②일반(一般)의 경우(境遇)에 적용(適用)되는 법칙(法則)
原理
원리
①사물(事物)이 근거(根據)하여 성립(成立)하는 근본(根本) 법칙(法則) 　②기초(基礎)가 되는 근거(根據) 또는 보편적(普遍的) 진리(眞理) 　③존재(存在)의 근거(根據)로서의 실재(實在) 원리(原理),...
高原
고원
상당(相當)히 높은 높이를 가지면서 비교적(比較的) 연속(連續)된 넓은 벌판을 가진 지역(地域)

木
나무 목 1. 나무 2. 목재(木材) 3. 널(시체를 넣는 관이나 곽 따위를 통틀어 이르는 말), 관(棺) 4. 오행(五行)의 하나 5. 목성(木星: 별 이름) 6. 목제(木製) 악기(樂器) 7. 형구(刑具: 형벌을 가하거나 고문을... [부수]木(나무목) [총획]4획 [난이도]중학용, 읽기 8급, 쓰기 6급II
草木
초목
풀과 나무
木工
목공
목수(木手). 나무를 다루어서 물건(物件)을 만들어 내는 일
木材
목재
건축(建築)ㆍ가구(家具), 그밖에 여러 가지로 쓰이는 나무로 된 재료(材料)
木瓜
모과
(본음은 ＇목과＇)모과나무의 열매, ＇모과＇를 약재(藥材)로 일컫는 말. 성질(性質)이 따뜻하며 각기, 갈증(渴症), 곽란(癨亂), 부종 따위를 다스림


-----------------------------------
혜택

*****DEFINITION*****
benefit 혜택을 입다[받다] benefit (from/by)
惠澤
惠 惠 Huì​   *惠* | 惠* | *惠 surname Hui
  惠 huì​   *惠* | 惠* | *惠 favor / benefit / to bestow / (literary) benevolence / (honorific)
澤 泽 zé​   *泽* | 泽* | *泽 pool / pond / (of metals etc) luster / favor or beneficence / damp / moist 澤
惠
은혜 혜 1. 은혜(恩惠), 사랑, 자애(慈愛) 2. 경어(敬語: 상대를 공경하는 뜻의 말) 3. 세모창(--槍: 세모진 창) 4. 털매미(매밋과의 곤충), 씽씽매미(털매미) 5. (은혜를)베풀다(일을 차리어 벌이다, 도와주어서... [부수]心(마음심) [총획]12획 [난이도]중학용, 읽기 4급II, 쓰기 3급II
惠澤
혜택
은혜(恩惠)와 덕택(德澤). 자연(自然)이나 문명(文明)이나 단체(團體) 등(等)이 사람에게 베푸는 이로움이나 이익(利益)
恩惠
은혜
자연(自然)이나 남에게서 받는 고마운 혜택(惠澤)
特惠
특혜
특별(特別)한 은혜(恩惠) 또는 혜택(惠澤)
惠存
혜존
자기(自己)의 저서(著書)나 작품(作品)을 남에게 드릴 때, ＇받아 간직해 주십사＇라는 뜻으로 쓰는 말

澤
못 택,풀 석,전국술 역,별 이름 탁 1. 못(넓고 오목하게 팬 땅에 물이 괴어 있는 곳) 2. 늪(땅바닥이 우묵하게 뭉떵 빠지고 늘 물이 괴어 있는 곳) 3. 윤, 윤택(潤澤) 4. 은혜(恩惠) 5. 덕택(德澤), 덕분(德分) 6. 은덕 7. 자취(어떤 것이... [부수]氵(삼수변) [총획]16획 [난이도]고등용, 읽기 3급II, 쓰기 2급
惠澤
혜택
은혜(恩惠)와 덕택(德澤). 자연(自然)이나 문명(文明)이나 단체(團體) 등(等)이 사람에게 베푸는 이로움이나 이익(利益)
潤澤
윤택
①윤기(潤氣) 있는 광택(光澤) 　②물건(物件)이 풍부(豐富)함. 넉넉함
光澤
광택
①빛의 반사(反射)에 의(依)하여 물체(物體)의 표면(表面)에 어른어른하게 번쩍이는 윤기(潤氣). 금속(金屬) 광택(光澤)ㆍ유리(琉璃) 광택(光澤)ㆍ금강석(金剛石) 광택(光澤)ㆍ지방(脂肪) 광택(光澤)ㆍ진주(眞珠)...
平澤
평택
☞ 평택시(平澤市)


-----------------------------------
설득

*****DEFINITION*****
persuasion, persuade, convince, coax 그의 주장은 설득력이 부족하다 His argument lacks persuasion.
說得
說 说 shuì​   *说* | 说* | *说 to persuade 說
  说 shuō​   *说* | 说* | *说 to speak / to say / to explain / to scold / to tell off / a theory (usually in compounds such as 日心说 heliocentric theory) 說
得 得 dé​   *得* | 得* | *得 to obtain / to get / to gain / to catch (a disease) / proper / suitable / proud / contented / to allow / to permit / ready / finished
  得 de​   *得* | 得* | *得 structural particle: used after a verb (or adjective as main verb), linking it to following phrase indicating effect, degree, possibility etc HSK 2
  得 děi​   *得* | 得* | *得 to have to / must / ought to / to need to HSK 4
說
말씀 설,달랠 세,기뻐할 열,벗을 탈 1. 말씀 2. 문체(文體) 이름 3. 제사(祭祀) 이름 4. 말하다 5. 이야기하다 6. 서술하다(敍述--), 진술하다(陳述--) a. 달래다 (세) b. 유세하다(遊說--) (세) c. 기뻐하다, 기쁘다 (열) d. 즐거워하다... [부수]言(말씀언) [총획]14획 [난이도]중학용, 읽기 5급II, 쓰기 4급II
說明
설명
①일정(一定)한 내용(內容)을 상대편(相對便)이 잘 알 수 있도록 풀어 밝힘, 또는 그 말 　②일정(一定)한 사물(事物)의 있는 그대로의 상태(狀態)를 밝힐 뿐만 아니라, 그것이 어떠한 법칙(法則)에 의(依)해서...
演說
연설
여러 사람 앞에서 체계(體系)를 세워 자기(自己)의 주의(主義), 주장(主張)을 말함
說得
설득
여러 모로 설명(說明)하여 상대방(相對方)이 납득할 수 있도록 잘 알아듣게 함
辱說
욕설
①남을 저주(咀呪)하는 말 　②남을 미워하는 말 　③남의 명예(名譽)를 더럽히는 말. 방언(謗言)

得
얻을 득 1. 얻다 2. 손에 넣다 3. 만족하다(滿足--) 4. 고맙게 여기다 5. 깨닫다 6. 알다 7. 분명해지다(分明---) 8. 적합하다(適合--) 9. 이르다(어떤 장소나 시간에 닿다), 도달하다(到達--) 10. 이루어지다... [부수]彳(두인변) [총획]11획 [난이도]중학용, 읽기 4급II, 쓰기 3급II
所得
소득
①수입(收入)이 되는 이익(利益) 　②경제(經濟) 활동(活動)을 하는 주체(主體). 즉 개인(個人) 또는 법인(法人)이 일정(一定)한 기간(期間) 안에 생산(生産) 자원(資源)의 용역(用役)에 대(對)한 보수(報酬)로서...
納得
납득
①사리(事理)를 분별(分別)하여 해석(解釋)함 　②깨달아 앎 　③남의 말이나 행동(行動)을 잘 알아차려 이해(理解)함　④(남의 말이나 행동(行動), 또는 어떤 일 등(等)을) 헤아려 그것이 그럴 만하거나...
獲得
획득
얻어 내거나 얻어 가짐. 손에 넣음
旣得權
기득권
특정(特定)한 자연인(自然人) 또는 법인(法人)이 정당(正當)한 절차(節次)를 밟아 이미 법규(法規)에 의(依)하여 얻은 권리(權利)


-----------------------------------
목도

*****DEFINITION*****
witnessing
目睹
目睹 mù​dǔ​   *目睹* | 目睹* | *目睹 to witness / to see at first hand / to see with one's own eyes HSK 6
目
눈 목 1. 눈(감각 기관) 2. 눈빛, 시력(視力) 3. 견해(見解), 안목(眼目) 4. 요점(要點) 5. 옹이, 그루터기(풀이나 나무 따위의 아랫동아리) 6. 제목(題目), 표제(標題ㆍ表題) 7. 목록(目錄) 8. 조목(條目),... [부수]目(눈목) [총획]5획 [난이도]중학용, 읽기 6급, 쓰기 5급
目標
목표
①목적(目的)을 이루기 위(爲)하여 실제적(實際的) 대상(對象)으로 삼는 것 　②가서 닿을 곳 　③어떤 일을 이루어 내려는 시간(時間) 상(上)의 한계(限界)
目的
목적
①이루려 하는 일 　②또는, 나아가려고 하는 방향(方向)
注目
주목
①어떤 사물(事物)을 주의(注意)해서 봄 　②시선을 모아 봄
刮目
괄목
전(前)에 비하여 딴판으로 학식(學識) 등(等)이 부쩍 늘어서 눈을 비비고 다시 봄

睹
볼 도 1. 보다(=覩) 2. 가리다, 분간하다(分揀--) 3. 분별하다(分別--) 4. 자세(仔細ㆍ子細)히 보다 5. 알다, 예견하다(豫見--) 6. 국명(國命) [부수]目(눈목) [총획]14획 [난이도]읽기 1급, 쓰기 특급
目睹
목도
(어떤 모습이나 장면(場面)을) 눈으로 보는 것. 문어적인 말임
睹聞
도문
보고 들음
始睹
시도
처음 봄
逆睹
역도
앞일을 미리 내다봄


-----------------------------------
시댁

*****DEFINITION*****
one's husband's home[family], (informal) in-laws' 시댁 어른들께 절을 올리다 make a deep bow to one's husband's senior in-laws
媤宅
媤 媤 [Not in dictionary]
宅 宅 zhái​   *宅* | 宅* | *宅 residence / (coll.) to stay in at home / to hang around at home
媤
시집 시,여자의 자 사 1. 시집(남편의 집) a. 여자(女子)의 자(字) (사) [부수]女(계집녀) [총획]12획 [난이도]읽기 1급, 쓰기 특급
媤宅
시댁
시집(媤家)을 높여 이르는 말
媤家
시가
시집. 시부모(媤父母)가 사는 집. 또는 남편(男便)의 집안
媤外三寸宅
시외삼촌댁
①시외삼촌(媤外三寸)의 집 　②시외삼촌(媤外三寸)의 아내
媤三寸宅
시삼촌댁
①시삼촌(媤三寸)의 집 　②시삼촌(媤三寸)의 아내

宅
댁 댁,집 택,터질 탁 1. 댁(남을 높여 그의 집이나 가정, 그의 아내를 이르는 말) a. 집, 주거 (택) b. 구덩이 (택) c. 무덤, 묘지(墓地) (택) d. 살다 (택) e. 벼슬살이 하다, 임용하다(任用--) (택) f. 안정시키다(安定---),... [부수]宀(갓머리) [총획]6획 [난이도]중학용, 읽기 5급II, 쓰기 4급II
住宅
주택
①살림살이를 할 수 있도록 지은 집 　②사람이 살 수 있도록 지은 집
宅地
택지
집터. 집을 지을 땅
宅內
댁내
남의 집안의 존칭(尊稱)
住宅街
주택가
도회지(都會地)의 번잡(煩雜)한 상가(商街)나 공업(工業) 지대(地帶)와 격리(隔離)되어 주택(住宅)들로만 이루어진 조용한 거리


-----------------------------------
