실상

*****DEFINITION*****
(실제 상태) fact, truth 실상을 파악하다 understand the fact[truth]
實狀
實 实 shí​   *实* | 实* | *实 real / true / honest / really / solid / fruit / seed / definitely 實
狀 状 zhuàng​   *状* | 状* | *状 accusation / suit / state / condition / strong / great / -shaped 狀
實
열매 실,이를 지 1. 열매 2. 씨, 종자 3. 공물(貢物) 4. 재물(財物), 재화(財貨) 5. 내용(內容) 6. 바탕, 본질(本質) 7. 녹봉(祿俸: 벼슬아치에게 주던 급료), 작록(爵祿: 관작(官爵)과 봉록(俸祿)) 8. 자취(어떤 것이... [부수]宀(갓머리) [총획]14획 [난이도]중학용, 읽기 5급II, 쓰기 4급II
事實
사실
①실제(實際)로 있었던 일, 또는 있는 일 　②법률(法律) 상(上)으로 효과(效果)를 내는 현상(現象)이나 경험(經驗) 　③생각하였거나 말한 일에 대(對)하여 현실(現實)로 이루어졌거나 일어난 일로서...
實際
실제
현실(現實)의 경우(境遇)나 형편(形便)
實施
실시
실제(實際)로 시행(施行)함
實踐
실천
①실제(實際)로 해냄 　②자연(自然)이나 사회(社會)를 변혁(變革)하는 의식적(意識的)이고 계획적(計劃的)인 모든 활동(活動) 　③얻어진 인식(認識)의 참과 거짓을 검증(檢證)하는 일

狀
형상 상,문서 장 1. 형상(形狀) 2. 모양 3. 용모(容貌) 4. 정상(情狀) 5. 사실에 의한 근거(根據) 6. 공적(功績) 7. 형용하다(形容--) 8. 나타내다 9. 모방하다(模倣ㆍ摸倣ㆍ摹倣--) a. 문서(文書) (장) b. 편지(便紙ㆍ片紙)... [부수]犬(개견) [총획]8획 [난이도]고등용, 읽기 4급II, 쓰기 3급II
狀況
상황
어떤 일이 되어 가는 과정(過程)이나 또는 상태(狀態), 형편(形便)
狀態
상태
사물(事物)이나 현상(現象)이 현재(現在) 처하여 있는 형편(形便)이나 모양(模樣)
現狀
현상
①현재(現在)의 상태(狀態) 　②또는, 지금의 형편(形便)
令狀
영장
①법원(法院)이 형사(刑事) 사건(事件)에 관련(關聯)되는 사람이나 물건(物件)에 대(對)한 체포(逮捕), 구금(拘禁), 수색(搜索), 압수(押收) 따위 강제(强制) 처분(處分)을 하라고 내주는 문서(文書)....


-----------------------------------
수용

*****DEFINITION*****
(의견·조건 등을) accept, (formal) embrace; (동의하다) agree (to) 변화를 수용하다 accept change
受容
受 受 shòu​   *受* | 受* | *受 to receive / to accept / to suffer / subjected to / to bear / to stand / pleasant / (passive marker)
容 容 Róng​   *容* | 容* | *容 surname Rong
  容 róng​   *容* | 容* | *容 to hold / to contain / to allow / to tolerate / appearance / look / countenance
受
받을 수 1. 받다 2. 거두어들이다, 회수하다(回收--) 3. 받아들이다, 받아들여 쓰다, 배우다 4. 얻다, (이익을)누리다 5. 주다, 내려 주다, 수여하다(授與--) 6. 담보하다(擔保--) 7. 응하다(應--), 들어주다 8.... [부수]又(또우) [총획]8획 [난이도]중학용, 읽기 4급II, 쓰기 3급II
受容
수용
(남의 문물(文物)이나 의견(意見) 등(等)을) 인정(認定)하거나 용납(容納)하여 받아들이는 것
受諾
수락
요구(要求)를 받아들여 승낙(承諾)함
引受
인수
①물건(物件)이나 권리(權利)를 넘기어 받음　②(경제학(經濟學)) 환어음의 지급인(支給人)이 어음 금액(金額)의 지급(支給) 의무(義務)를 진다는 뜻을 어음에 기재(記載)하고 서명(署名)하는 일
接受
접수
①받아들임 　②관청(官廳)이나 공공단체(公共團體)가 서류(書類) 또는 구두(口頭)로 제출(提出)되는 신청(申請) 사실(事實)을 처결(處決)할 목적(目的)으로 받아들임

容
얼굴 용 1. 얼굴 2. 모양, 용모(容貌) 3. 몸가짐 4. 용량 5. 속내, 속에 든 것 6. 나부끼는 모양 7. 어찌 8. 혹(或), 혹은(或-: 그렇지 아니하면) 9. 담다, 그릇 안에 넣다 10. 용납하다(容納--) 11. 받아들이다... [부수]宀(갓머리) [총획]10획 [난이도]중학용, 읽기 4급II, 쓰기 3급II
內容
내용
①사물(事物)의 속내나 실속(實-) 　②형식(形式)에 의(依)해서 동일체(同一體)에 결합(結合)되는 여러 가지 실질(實質), 본질(本質), 의의(意義)
受容
수용
(남의 문물(文物)이나 의견(意見) 등(等)을) 인정(認定)하거나 용납(容納)하여 받아들이는 것
許容
허용
허락(許諾)하여 받아들임
容恕
용서
①관용(寬容)을 베풀어 벌(罰)하지 않음 　②꾸짖지 아니함 　③놓아 줌


-----------------------------------
소경

*****DEFINITION*****
person who is visually impaired, blind person; (집합적) the blind

-----------------------------------
맹인

*****DEFINITION*****
person who is visually impaired, blind person; (집합적) the blind
盲人
盲人 máng​rén​   *盲人* | 盲人* | *盲人 blind person
盲
소경 맹,눈 멀 맹,바라볼 망 1. 소경(눈동자가 없는 장님) 2. 장님 3. 눈이 멀다 4. (사리에)어둡다 5. 무지하다(無知--) 6. 빠르다 a. 바라보다 (망) [부수]目(눈목) [총획]8획 [난이도]고등용, 읽기 3급II, 쓰기 2급
盲目的
맹목적
아무 분간(分揀)없이 덮어놓고 행동(行動)하는 상태(狀態)
盲人
맹인
장님. 시각장애인(視覺障碍人)
盲腸
맹장
큰창자의 위 끝으로 작은창자에 이어진 곳에 자그마하게 내민 부분(部分)
盲點
맹점
①보기신경(神經)이 그물막으로 들어오는 곳에 있는 희고 둥근 부분(部分). 시세포(視細胞)가 없어 빛을 느끼지 못함 　②어떠한 일에 생각이 미치지 못한 점(點)

人
사람 인 1. 사람, 인간(人間) 2. 다른 사람, 타인(他人), 남 3. 딴 사람 4. 그 사람 5. 남자(男子) 6. 어른, 성인(成人) 7. 백성(百姓) 8. 인격(人格) 9. 낯, 체면(體面), 명예(名譽) 10. 사람의 품성(稟性), 사람됨... [부수]人(사람인) [총획]2획 [난이도]중학용, 읽기 8급, 쓰기 6급II
個人
개인
①국가(國家)나 사회(社會)에 대(對)하여 이를 구성(構成)하는 하나하나의 사람 　②한 사람 한 사람 　③각자
人物
인물
①사람 　②뛰어난 사람. 인재(人材) 　③사람의 얼굴 모양(模樣) 　④사람의 됨됨이. 인품(人品)
人事
인사
①안부(安否)를 묻거나 공경(恭敬)의 뜻을 표(表)하는 일 　②받은 은혜(恩惠)에 대(對)하여 갚거나 치하(致賀)하는 일 　③서로 알지 못하던 사람끼리 성명(姓名)을 통(通)하여 자기(自己)를 소개(紹介)하는...
人權
인권
사람으로서의 권리(權利)


-----------------------------------
일으키다

*****DEFINITION*****
(몸을) raise (up), pick (sb) up, set (sb) upright; (일으켜 앉히다) sit (sb) upright 일으켜 세우다 raise sb up 5개 뜻 더보기 : (몸을) raise (up), pick (sb) up, set (sb) upright; (일으켜 앉히다) sit (sb) upright

-----------------------------------
근거

*****DEFINITION*****
[명사] grounds , basis , [동사] be based[founded] (on/upon) 그것 근거 있는 이야기인가요? Are there any grounds for that story?
根據
根据 gēn​jù​   *根据* | 根据* | *根据 according to / based on / basis / foundation / CL: 個｜个 根據 HSK 3
根
뿌리 근 1. 뿌리 2. 근본(根本) 3. 밑동 4. 능력(能力), 마음 5. 생식기(生殖器) 6. 근(부스럼 속에서 곪아 단단하여진 망울) 7. 뿌리 박다, 뿌리를 내리다 8. 근거하다(根據--), 기인하다(起因--) 9. (뿌리째)뽑아... [부수]木(나무목) [총획]10획 [난이도]중학용, 읽기 6급, 쓰기 5급
根據
근거
①근본(根本) 되는 토대(土臺) 　②의논(議論), 의견(意見)에 그 근본(根本)이 되는 의거(依據)
根本
근본
①사물(事物)의 생겨나는 근원(根源) 　②어떤 것의 본질(本質)로 되거나 어떤 것이 이루어지는 바탕 　③시초적(始初的)인 것이나 주가 되거나 기본(基本)이 되는 것 　④초목(草木)의 뿌리
根本的
근본적
근본(根本)을 이루거나 근본(根本)으로 되는 모양(模樣)
根絶
근절
다시 생환(生還)할 수 없게 아주 뿌리째 끊어 없애 버림

據
근거 거 1. 근거(根據) 2. 근원(根源) 3. 증거(證據) 4. 의지(依支)할 데 5. 기댈 곳 6. 의지하다(依支--) 7. 의탁하다(依託ㆍ依托--) 8. 믿고 의지하다(依支--) 9. 의거하다(依據--) 10. (증거로)삼다 11. 웅... [부수]扌(재방변) [총획]16획 [난이도]고등용, 읽기 4급, 쓰기 3급
根據
근거
①근본(根本) 되는 토대(土臺) 　②의논(議論), 의견(意見)에 그 근본(根本)이 되는 의거(依據)
證據
증거
①어떤 사실(事實)을 증명(證明)할 수 있는 근거(根據) 　②(법률(法律)ㆍ법학) 법원(法院)이 법률(法律)을 적용(適用)할 사실(事實)의 유무(有無)를 확정(確定)하는 재료(材料)
占據
점거
①장소(場所)를 차지하여 자리를 잡음 　②일정(一定)한 자리를 점령(占領)함
據點
거점
①활동(活動)의 발판이 되는 점(點) 　②근거(根據)가 되는 점(點)


-----------------------------------
역군

*****DEFINITION*****
산업 역군을 배출하다 produce a pillar of industry
役軍
役 役 yì​   *役* | 役* | *役 forced labor / corvée / obligatory task / military service / to use as servant / to enserf / servant (old) / war / campaign / battle
軍 军 jūn​   *军* | 军* | *军 army / military / arms / CL: 個｜个 軍
役
부릴 역 1. 부리다, 일을 시키다 2. 일하다, 힘쓰다, 경영하다(經營--) 3. 줄짓다, 죽 늘어서다 4. 골몰하다(汨沒--) 5. 낮다, 천하다(賤--) 6. 일, 육체적 노동 7. 부역(負役), 요역(徭役) 8. 일꾼, 남의 부림을... [부수]彳(두인변) [총획]7획 [난이도]고등용, 읽기 3급II, 쓰기 2급
役割
역할
①제가 하여야 할 제 앞의 일 　②대상(對象)이 어떤 일에 있어서 가지는 자격(資格)이나 의무(義務)나 기능(技能). 구실
懲役
징역
①기결(旣決) 죄인(罪人)을 교도소(矯導所) 안에 구치하여 일정(一定) 기간(期間) 노역(勞役)에 복무(服務)시키는 자유형(自由刑)의 한 가지. 무기(無期)와 유기(有期)가 있음 　②조선(朝鮮) 광무(光武)...
用役
용역
물재(物財)의 형태(形態)를 취(取)하지 않고 생산(生産)과 소비(消費)에 필요(必要)한 노무(勞務)를 제공(提供)하는 일
現役
현역
군에 입대(入隊)하여 실제(實際)로 근무(勤務)를 하는 병역(兵役). 또는, 그 사람. 지금 어떤 일에 종사(從事)하고 있는 사람

軍
군사 군 1. 군사(軍士) 2. 진치다 [부수]車(수레거) [총획]9획 [난이도]중학용, 읽기 8급, 쓰기 6급II
國軍
국군
①나라의 군대(軍隊) 　②대한민국(大韓民國)의 군대(軍隊)
軍隊
군대
①일정(一定)한 조직(組織) 편제(編制)를 가진 군인(軍人)의 집단(集團) 　②군오(軍伍)를 편성(編成)하고 있는 대오(隊伍) 　③군인(軍人)의 별칭(別稱)
美軍
미군
①미국(美國) 군인(軍人) 　②또는, 미국(美國) 군대(軍隊)
軍事
군사
병비(兵備) 및 군대(軍隊) 또는 전쟁(戰爭)에 관(關)한 일


-----------------------------------
강제

*****DEFINITION*****
compulsion, coercion 강제로 forcibly
强制
强制 qiáng​zhì​   *强制* | 强制* | *强制 to enforce / enforcement / forcibly / compulsory 強制 HSK 6
强
강할 강 1. 강하다(強--) 2. 강(強)하게 하다 3. 굳세다 4. 힘쓰다 5. 강제(強制)로 하다, 억지로 시키다 6. 굳다, 단단하다 7. 거스르다, 순종(順從)하지 아니하다 8. 세차다, 성하다(盛--: 기운이나 세력이 한창... [부수]弓(활궁) [총획]12획 [난이도]중학용, 읽기 특급II
强調
강조
①말이나 글에서, (다른 사람에게 어떤 부분(部分)이나 요소(要素)나 내용(內容)을) 분명(分明)히 깨달아 알도록 중요(重要)하다고 말하거나 여러 번 말하는 것 　②힘차게 외치어 의기(義氣)를 돋움 ...
强化
강화
①강하게 함 　②강하게 됨
强勁
강경
☞ 강경(强硬)
强制
강제
①위력(威力)을 써서 남의 자유(自由) 의사(意思)를 누르고 무리하게 행(行)함 　②억지로 시킴

制
절제할 제,지을 제 1. 절제하다(節制--) 2. 억제하다(抑制--) 3. 금하다(禁--) 4. 마름질하다 5. 짓다 6. 만들다 7. 맡다 8. 바로잡다 9. 법도(法度) 10. 규정(規定) 11. 천자(天子)의 말 [부수]刂(선칼도방) [총획]8획 [난이도]고등용, 읽기 4급II, 쓰기 3급II
制度
제도
①제정(制定)된 법규(法規) 　②나라의 법칙(法則) 　③국가(國家)ㆍ사회(社會) 구조(構造)의 체제(體制)
牽制
견제
①끌어 당기어 자유(自由)로운 행동(行動)을 하지 못하게 함 　②적을 자기(自己) 쪽에 유리(有利)한 지점(地點)으로 이끌어서 억누르고 자유(自由) 행동(行動)을 못 하게 방해(妨害)함
規制
규제
①규정(規定)에 따른 통제(統制) 　②(어떤 일을) 법이나 규정(規定)으로 제한(制限)하거나 금(禁)하는 것
制限
제한
①정(定)해진 한계(限界). 또는, 한계(限界)를 정(定)함. 한제(限制). 한정(限定) 　②어떤 개념(槪念)에 새로운 내포(內包)를 가(加)하여서 외연(外延)을 작게 하는 일. 가령, 동물(動物)이라는 개념(槪念)에...


-----------------------------------
노역

*****DEFINITION*****
(hard) labor 그는 일제강점기에 탄광노역에 강제 동원되었다 During the Japanese occupation he did forced labor[was forced to work] in a coal mine.
勞役
劳役 láo​yì​   *劳役* | 劳役* | *劳役 forced labor / corvée (labor required of a serf) / animal labor 勞役
勞
일할 로,일할 노 1. 일하다 2. 힘들이다 3. 애쓰다 4. 지치다 5. 고달프다 6. 고단하다 7. 괴로워하다 8. 근심하다(속을 태우거나 우울해하다) 9. 수고롭다 10. 위로하다(慰勞--) 11. 치사하다 12. 수고 13. 노고 14. 공로(功勞)... [부수]力(힘력) [총획]12획 [난이도]중학용, 읽기 5급II, 쓰기 4급II
勞組
노조
노동조합(勞動組合)의 준말. 노동(勞動) 조건(條件)의 유지(維持) 개선(改善) 및 노동자(勞動者)의 사회적(社會的), 경제적(經濟的) 지위(地位) 향상(向上)을 꾀하려고 조직(組織)하는 노동자(勞動者)의...
勤勞者
근로자
근로(勤勞)에 의(依)한 소득(所得)으로 생활(生活)하는 사람
勤勞
근로
①일정(一定)한 시간(時間) 동안 일정(一定)한 노무(勞務)에 종사(從事)하는 일 　②심신(心身)을 수고롭게 하여 일에 힘씀
勞動者
노동자
①노동력(勞動力)을 제공(提供)하고 얻은 임금으로 생활(生活)을 유지(維持)하는 사람. 근로자(勤勞者) 　②특(特)히, 막일꾼을 이르는 말

役
부릴 역 1. 부리다, 일을 시키다 2. 일하다, 힘쓰다, 경영하다(經營--) 3. 줄짓다, 죽 늘어서다 4. 골몰하다(汨沒--) 5. 낮다, 천하다(賤--) 6. 일, 육체적 노동 7. 부역(負役), 요역(徭役) 8. 일꾼, 남의 부림을... [부수]彳(두인변) [총획]7획 [난이도]고등용, 읽기 3급II, 쓰기 2급
役割
역할
①제가 하여야 할 제 앞의 일 　②대상(對象)이 어떤 일에 있어서 가지는 자격(資格)이나 의무(義務)나 기능(技能). 구실
懲役
징역
①기결(旣決) 죄인(罪人)을 교도소(矯導所) 안에 구치하여 일정(一定) 기간(期間) 노역(勞役)에 복무(服務)시키는 자유형(自由刑)의 한 가지. 무기(無期)와 유기(有期)가 있음 　②조선(朝鮮) 광무(光武)...
用役
용역
물재(物財)의 형태(形態)를 취(取)하지 않고 생산(生産)과 소비(消費)에 필요(必要)한 노무(勞務)를 제공(提供)하는 일
現役
현역
군에 입대(入隊)하여 실제(實際)로 근무(勤務)를 하는 병역(兵役). 또는, 그 사람. 지금 어떤 일에 종사(從事)하고 있는 사람


-----------------------------------
신음하다

*****DEFINITION*****
groan, moan 그녀는 너무 아파서 신음 소리를 냈다 She groaned[moaned] in pain.
呻吟
呻吟 shēn​yín​   *呻吟* | 呻吟* | *呻吟 to moan / to groan HSK 6
呻
읊조릴 신 1. 읊조리다 2. 웅얼거리다 3. 끙끙거리다 4. 앓는 소리를 내다 [부수]口(입구) [총획]8획 [난이도]읽기 1급, 쓰기 특급
呻吟
신음
병(病)이나 고통(苦痛)으로 앓는 소리를 냄
呻囈
신예
☞ 신음(呻吟)
呻吟聲
신음성
신음(呻吟)하는 소리
嚬呻
빈신
얼굴을 찡그리고 끙끙거림

吟
읊을 음,입 다물 금 1. 읊다 2. 신음하다(呻吟--) 3. 탄식하다(歎息ㆍ嘆息--) 4. (새가)울다, 노래하다 5. 끙끙 앓다 6. 취주하다(吹奏--: 관악기를 불어 연주하다) 7. 말을 더듬다 8. 시가(時歌), 읊는 시가(時歌) 9. 주걱턱... [부수]口(입구) [총획]7획 [난이도]중학용, 읽기 3급, 쓰기 2급
呻吟
신음
병(病)이나 고통(苦痛)으로 앓는 소리를 냄
吟味
음미
①시나 노래를 읊어 그 맛을 봄 　②사물(事物)의 의미(意味)를 새겨 궁구(窮究)함
吟客
음객
☞ 시인(詩人)
吟詠
음영
시부를 읊조림


-----------------------------------
압제

*****DEFINITION*****
(탄압) oppression, repression; (학정) tyranny; (전제) despotism 압제를 가하다 oppress
壓制
压制 yā​zhì​   *压制* | 压制* | *压制 to suppress / to inhibit / to stifle 壓制 HSK 6
壓
누를 압,싫어할 염,숙일 엽,누를 녑,누를 엽 1. 누르다, 억압하다(抑壓--) 2. 막다, 가로막다 3. 진압하다(鎭壓--), 평정하다(平定--) 4. 좁혀지다, 죄어들다 5. 무너뜨리다, 무너지다 6. 항복시키다(降伏ㆍ降服---) 7. 진정하다(鎭靜--) 8. 맞다,... [부수]土(흙토) [총획]17획 [난이도]고등용, 읽기 4급II, 쓰기 3급II
壓迫
압박
①내리 누름 　②심리적(心理的)ㆍ정신적(精神的)으로 상대편(相對便)에게 겁을 줌, 또는 군사력(軍事力)ㆍ경제력(經濟力) 등(等)으로 상대편(相對便)의 행동(行動)을 제약(制約)함
壓力
압력
①두 물체(物體)의 접속(接續) 면(面) 또는 한 물체(物體) 속의 어느 단면(斷面)을 생각할 때 그 면을 경계(境界)로 양쪽 부분(部分)이 수직(垂直)으로 누르는 힘 　②권세(權勢) 따위로 누르는 힘
壓縮
압축
①눌러서 쭈그러뜨림 　②많은 내용(內容)을 간추려 요약(要略)함 　③스핑크스처럼, 둘 이상(以上)의 상이 합쳐져 내용(內容)이 축소(縮小)되는 일. 꿈이나 신화(神話), 정신(精神) 분열병자(分裂病者)의...
彈壓
탄압
①함부로 을러대고 억누름 　②지배(支配) 계급(階級)이 피지배(被支配) 계급(階級)에 대(對)하여 강권적으로 억누름 　③죄악(罪惡)을 밝히고 억누름

制
절제할 제,지을 제 1. 절제하다(節制--) 2. 억제하다(抑制--) 3. 금하다(禁--) 4. 마름질하다 5. 짓다 6. 만들다 7. 맡다 8. 바로잡다 9. 법도(法度) 10. 규정(規定) 11. 천자(天子)의 말 [부수]刂(선칼도방) [총획]8획 [난이도]고등용, 읽기 4급II, 쓰기 3급II
制度
제도
①제정(制定)된 법규(法規) 　②나라의 법칙(法則) 　③국가(國家)ㆍ사회(社會) 구조(構造)의 체제(體制)
牽制
견제
①끌어 당기어 자유(自由)로운 행동(行動)을 하지 못하게 함 　②적을 자기(自己) 쪽에 유리(有利)한 지점(地點)으로 이끌어서 억누르고 자유(自由) 행동(行動)을 못 하게 방해(妨害)함
規制
규제
①규정(規定)에 따른 통제(統制) 　②(어떤 일을) 법이나 규정(規定)으로 제한(制限)하거나 금(禁)하는 것
制限
제한
①정(定)해진 한계(限界). 또는, 한계(限界)를 정(定)함. 한제(限制). 한정(限定) 　②어떤 개념(槪念)에 새로운 내포(內包)를 가(加)하여서 외연(外延)을 작게 하는 일. 가령, 동물(動物)이라는 개념(槪念)에...


-----------------------------------
속박

*****DEFINITION*****
restriction, restraint, yoke, (literary) fetters, (literary) shackles, restrict, restrain, tie (sb) down, (literary) fetter, (literary) shackle 속박을 당하다 be subject to restraint
束縛
束缚 shù​fù​   *束缚* | 束缚* | *束缚 to bind / to restrict / to tie / to commit / fetters 束縛 HSK 6
束
묶을 속,약속할 속 1. 묶다, 동여매다(두르거나 감거나 하여 묶다) 2. 결박하다(結縛--) 3. (잡아)매다, (띠를)매다 4. 합치다(合--) 5. 단속하다(團束--) 6. 삼가다(몸가짐이나 언행을 조심하다), 잡도리하다 7. 약속하... [부수]木(나무목) [총획]7획 [난이도]고등용, 읽기 5급II, 쓰기 4급II
約束
약속
①언약(言約)하여 정(定)함 　②서로 언약(言約)한 내용(內容)
拘束
구속
①자유(自由)를 억제(抑制)함 　②구인(拘引)하여 속박(束縛)함
團束
단속
①잡도리를 단단히 함 　②경계(警戒)를 단단히 하여 다잡음 　③규칙(規則)ㆍ명령(命令)ㆍ법령(法令) 등(等)을 잘 지키도록 통제(統制)함
束縛
속박
①몸을 자유(自由)롭지 못하게 얽어맴 　②어떤 행위(行爲)를 자유(自由)로이 못하도록 얽어매거나 제한(制限)을 더함. 얽어맴. 묶음

縛
얽을 박 1. 얽다 2. 동이다(끈이나 실 따위로 감거나 둘러 묶다) 3. 묶다, 포박하다(捕縛--) 4. 매이다 5. 구속되다(拘束--) 6. 포승(捕繩) 7. 복토(伏兔: 차여(車輿)와 차축을 연결 고정하는 나무) [부수]糸(실사) [총획]16획 [난이도]읽기 1급, 쓰기 특급
束縛
속박
①몸을 자유(自由)롭지 못하게 얽어맴 　②어떤 행위(行爲)를 자유(自由)로이 못하도록 얽어매거나 제한(制限)을 더함. 얽어맴. 묶음
繫縛
계박
불교(佛敎)에서, 번뇌(煩惱)ㆍ망상(妄想) 또는 외계의 것에 속박(束縛)되어 자유(自由)를 잃는다는 뜻에서, 얽어맴
結縛
결박
몸을 자유(自由)롭게 움직이지 못하도록 두 팔이나 다리를 묶음
自業自縛
자업자박
☞ 자업자득(自業自得)


-----------------------------------
