용도

*****DEFINITION*****
use 용도가 다양하다 be multipurpose
用途
用途 yòng​tú​   *用途* | 用途* | *用途 use / application HSK 5
用
쓸 용 1. 쓰다 2. 부리다, 사역하다(使役--) 3. 베풀다(일을 차리어 벌이다, 도와주어서 혜택을 받게 하다), 시행하다(施行--) 4. 일하다 5. 등용하다(登用ㆍ登庸--) 6. 다스리다 7. 들어주다 8. 하다, 행하다(行--)... [부수]用(쓸용) [총획]5획 [난이도]중학용, 읽기 6급II, 쓰기 5급II
雇用
고용
삯을 주고 사람을 부림
使用
사용
①물건(物件)을 씀 　②사람을 부리어 씀
適用
적용
①맞추어 씀 　②쓰기에 알맞음
利用
이용
①편리(便利)하게 씀 　②자신(自身)을 위(爲)하여 남이나 물품(物品)을 쓸모 있게 씀

途
길 도 1. 길 2. 도로(道路) [부수]辶(책받침) [총획]11획 [난이도]고등용, 읽기 3급II, 쓰기 2급
別途
별도
①딴 방면(方面)이나 방도. 딴 용도(用途) 　②한 종파(宗派)에만 통(通)하는 교리(敎理)
途中
도중
①길을 가고 있는 동안. 왕래(往來)하는 사이. 길 　②일이 미처 끝나지 못한 사이. 곧, 일의 중간(中間)
中途
중도
일이 되어 가는 동안
用途
용도
쓰이는 곳


-----------------------------------
자원

*****DEFINITION*****
(natural) resources 자원이 풍부하다 have many[abundant] (natural) resources
資源
资源 Zī​yuán​   *资源* | 资源* | *资源 Ziyuan county in Guilin 桂林, Guangxi 資源
资源 zī​yuán​   *资源* | 资源* | *资源 natural resource (such as water or minerals) / resource (such as manpower or tourism) 資源 HSK 5
資
재물 자 1. 재물(財物) 2. 자본(資本) 3. 바탕 4. 비용(費用) 5. 의뢰(依賴) 6. 도움 7. 돕다 8. 취하다(取--) 9. 주다 10. 쓰다 [부수]貝(조개패) [총획]13획 [난이도]고등용, 읽기 4급, 쓰기 3급
投資
투자
①사업(事業)에 자금(資金)을 투입(投入)함. 출자(出資) 　②이익(利益)을 고려(考慮)하여 주권(株券). 채권(債券) 등(等)의 구입(購入)에 자금(資金)을 돌림. 방자(放資) 　③공장(工場), 기계(機械)나...
資料
자료
무엇을 하기 위(爲)한 재료(材料). 특(特)히 연구(硏究)나 조사(調査) 등(等)의 바탕이 되는 재료(材料)
資金
자금
①자본금(資本金)의 준말로, 이익(利益)을 낳는 바탕이 되는 돈 　②사업(事業)을 경영(經營)하는 데 쓰이는 돈
資格
자격
①일정(一定)한 신분(身分)ㆍ지위(地位)를 가지거나, 어떤 행동(行動)을 하는 데 필요(必要)한 조건(條件) 　②어떤 조직(組織) 속에서의 일정(一定)한 지위(地位)나 신분(身分)

源
근원 원 1. 근원(根源) 2. 기원(起源ㆍ起原) 3. 출처(出處) 4. 수원(水源: 물이 발원하는 곳) 5. 발원지(發源地) 6. 성(姓)의 하나 [부수]氵(삼수변) [총획]13획 [난이도]고등용, 읽기 4급, 쓰기 3급
源泉
원천
①물이 흘러나오는 근원(根源) 　②사물(事物)의 근원(根源)
資源
자원
①지하의 광물(鑛物)이나 임산물(林産物)ㆍ수산물(水産物) 등(等)과 같이 생산(生産)의 바탕이 되는 여러 가지 물자(物資)　②어떤 목적(目的)에 이용(利用)할 수 있는 물자(物資)나 인재(人材)
財源
재원
①재화(財貨)를 발생(發生), 수득(收得)하게 하는 근원(根源) 　②돈의 출처(出處) 　③재물(財物)을 얻는 근원(根源)
敎育人的資源部
교육인적자원부
중앙(中央) 행정(行政) 기관(機關)의 하나. 교육(敎育) 및 학술(學術) 진흥(振興)에 관(關)한 사무(事務) 를 맡아봄


-----------------------------------
조치

*****DEFINITION*****
action, measure, step , take action (to), take measures (to), take steps (to) 법적 조치를 취하다 take legal action[steps] (against)
措置
措置 cuò​zhì​   *措置* | 措置* | *措置 to handle / to arrange
措
둘 조,섞을 착,잡을 책,찌를 척 1. 두다 2. 놓다 3. 처리하다(處理--), 조처하다 4. 베풀다(일을 차리어 벌이다, 도와주어서 혜택을 받게 하다) 5. 그만두다, 하던 일을 버리다 6. 행동거지(行動擧止: 몸을 움직여 하는 모든 짓) 7. 가난한... [부수]扌(재방변) [총획]11획 [난이도]읽기 2급, 쓰기 1급
措置
조치
일을 잘 정돈(整頓)하여 처치(處置)함
措處
조처
일을 정돈(整頓)하여 처리(處理)함
擧措
거조
☞ 행동거지(行動擧止)
罔措
망조
☞ 망지소조(罔知所措)

置
둘 치 1. 두다, 배치하다(配置--) 2. 내버려 두다 3. 버리다, 폐기하다(廢棄--) 4. 사면하다(赦免--), 석방하다(釋放--) 5. 베풀다(일을 차리어 벌이다, 도와주어서 혜택을 받게 하다), 차려 놓다 6. 세우다,... [부수]罒(그물망머리) [총획]13획 [난이도]고등용, 읽기 4급II, 쓰기 3급II
措置
조치
일을 잘 정돈(整頓)하여 처치(處置)함
設置
설치
①(어떤 기계(機械)나 장치(裝置) 등(等)을 어느 곳에) 달거나 매거나 붙이거나 하여 놓아두는 것 　②(어떤 단체(團體)나 기관(機關)에 특정(特定)한 목적(目的)의 기구(機構)나 조직(組織)이나 건물(建物)...
裝置
장치
①차리어 둠. 어떤 목적(目的)에 따라서 기능(機能)을 발휘(發揮)할 수 있도록 기계(機械)나 도구(道具)를 그 장소(場所)에 정착시키는 것. 또는, 그 기계(機械)ㆍ도구(道具)ㆍ설비(設備) 　②만들어 둠...
放置
방치
그대로 내버려 둠


-----------------------------------
절규

*****DEFINITION*****
cry, scream, shriek; (항의의 목소리) outcry, cry out, scream 그녀는 도와 달라고 절규했다 She screamed for help.
絶叫
絶 绝 jué​   *绝* | 绝* | *绝 variant of 絕｜绝 絶
叫 叫 jiào​   *叫* | 叫* | *叫 to shout / to call / to order / to ask / to be called / by (indicates agent in the passive mood) HSK 1
  叫 jiào​   *叫* | 叫* | *叫 variant of 叫 呌 HSK 1
絶
끊을 절 1. 끊다 2. 단절하다(斷切ㆍ斷截--), 숨이 끊어지다, 죽다 3. 다하다, 끝나다 4. 막히다, 막다르다 5. 뛰어나다, 비할 데 없다 6. 건너다 7. 기발하다(奇拔--), 색다르다 8. 으뜸 9. 매우, 몹시 10. 심히,... [부수]糸(실사) [총획]12획 [난이도]중학용, 읽기 4급II, 쓰기 3급II
絶對
절대
①상대(相對)하여 견줄 만한 다른 것이 없음 　②아무런 제약(制約)이나 구속(拘束)을 받지 않음
根絶
근절
다시 생환(生還)할 수 없게 아주 뿌리째 끊어 없애 버림
絶望
절망
①모든 기대(期待)를 저버리고 체념(諦念)함 　②희망(希望)이 없음
拒絶
거절
①남의 제의(提議)나 요구(要求) 따위를 응낙하지 않고 물리침 　②거부(拒否)하여 끊어버림

叫
부르짖을 규 1. 부르짖다 2. (크게)외치다 3. 부르다 4. (큰소리로)울다 5. 불다, 연주하다(演奏--) [부수]口(입구) [총획]5획 [난이도]고등용, 읽기 3급, 쓰기 2급
絶叫
절규
힘을 다하여 부르짖음
叫彈
규탄
잘못을 꼬집어 말함
叫喚地獄
규환지옥
팔열 지옥의 하나
叫聲
규성
①부르짖는 소리 　②외치는 소리


-----------------------------------
전율

*****DEFINITION*****
shudder (at/with), shiver, tremble 전율을 느끼다 feel a shudder[shiver]
戰慄
颤栗 zhàn​lì​   *颤栗* | 颤栗* | *颤栗 variant of 戰慄｜战栗 顫慄
战栗 zhàn​lì​   *战栗* | 战栗* | *战栗 to tremble / shudder 戰慄
戰
싸움 전 1. 싸움 2. 전쟁(戰爭), 전투(戰鬪) 3. 경기(競技), 시합 4. 경쟁(競爭) 5. 싸우다 6. 전쟁하다(戰爭--) 7. 떨다 8. 두려워서 떨다 9. 동요하다(動搖--) 10. 흔들리다 11. 두려워하다 [부수]戈(창과) [총획]16획 [난이도]중학용, 읽기 6급II, 쓰기 5급II
戰爭
전쟁
①싸움 　②무력(武力)으로 국가(國家) 간(間)에 싸우는 일. 국제법(國際法) 상(上) 선전(宣戰) 포고에 의(依)하여 발생(發生)함
戰略
전략
①전쟁(戰爭)의 방략(方略) 　②전쟁(戰爭)에 있어서 용병(用兵)의 지휘(指揮). 전지(戰地)에 있어서 군대(軍隊)의 운용(運用) 방법(方法) 　③정치(政治), 사회(社會) 운동(運動) 등(等)에서의 책략(策略)
挑戰
도전
①싸움을 걸거나 돋움 　②비유적(比喩的)으로, 어려운 사업(事業)이나 기록(記錄) 경신(更新)에 맞섬
戰略的
전략적
적의 전쟁(戰爭) 행위(行爲)에 대항(對抗)하는, 군사(軍事) 상(上)의 대책(對策) 또는 행동(行動) 전반(全般)에 관(關)한 모양(模樣)

慄
떨릴 율,떨릴 률 1. 떨리다 2. 떨다 3. 두려워하다 4. 슬퍼하다, 비통해 하다 5. 오싹하다, 소름이 끼치다 [부수]忄(심방변) [총획]13획 [난이도]읽기 1급, 쓰기 특급
戰慄
전율
몹시 두렵거나 큰 감동(感動)을 느끼거나 하여 몸이 벌벌 떨리는 것
慄然
율연
두려워하여 떠는 모양
惴慄
췌율
두려워하여 부들부들 떪
股慄
고율
두려워서 다리가 떨림


-----------------------------------
희생

*****DEFINITION*****
[명사, 동사] sacrifice 희생을 치르다 make sacrifices (for)
犧牲
牺牲 xī​shēng​   *牺牲* | 牺牲* | *牺牲 to sacrifice one's life / to sacrifice (sth valued) / beast slaughtered as a sacrifice 犧牲 HSK 6
犧
희생 희,술 그릇 사 1. 희생(犧牲) 2. 짐승 a. 술그릇 (사) [부수]牛(소우) [총획]20획 [난이도]읽기 1급, 쓰기 특급
犧牲者
희생자
①희생(犧牲)을 당(當)한 사람 　②어떤 일로 하여 죽은 사람
犧牲的
희생적
희생(犧牲)하는 특성(特性)이 있는 (것)
全犧
전희
☞ 희생(犧牲)
犧尊
희준
제례(祭禮) 때에 쓰는 술 항아리의 하나

牲
희생 생 1. 희생(犧牲: 제사에 쓰이는 짐승) 2. 제사(祭祀)에 쓰는 소 3. 가축(家畜)의 통칭(通稱) [부수]牛(소우) [총획]9획 [난이도]읽기 1급, 쓰기 특급
犧牲者
희생자
①희생(犧牲)을 당(當)한 사람 　②어떤 일로 하여 죽은 사람
視牲
시생
☞ 생성(生成)
省牲
성생
제사(祭祀)에 쓸 희생(犧牲)을 검사(檢査)하던 일. 대개 제사(祭祀)를 지내기 하루 전(前)에 헌관(獻官)이 제사(祭祀)에 쓸 쇠고기ㆍ돼지고기ㆍ양고기 등(等)이 충실(充實)한가의 여부를 하나하나 자세히...
犧牲的
희생적
희생(犧牲)하는 특성(特性)이 있는 (것)


-----------------------------------
헌신

*****DEFINITION*****
[명사] devotion (to), dedication (to), commitment (to), [동사] devote oneself (to), dedicate oneself (to), be committed to 그녀는 평생을 사회사업에 헌신했다 She devoted her whole life to social work.
獻身
献身 xiàn​shēn​   *献身* | 献身* | *献身 to commit one's energy to / to devote oneself to / to sacrifice one's life for / (coll.) (of a woman) to give one's virginity to 獻身
獻
드릴 헌,술두루미 사,위의 있을 의 1. 드리다 2. 바치다 3. 올리다 4. 나타내다 5. 표현하다(表現--) 6. 보이다 7. 권하다(勸--) 8. 나아가다 9. 좋다 10. 맞다 11. 바치는 물건(物件) 12. 어진 이, 현자(賢者) a. 술두루미(술을 담는 두루미)... [부수]犬(개견) [총획]20획 [난이도]고등용, 읽기 3급II, 쓰기 2급
獻血
헌혈
자기(自己)의 피를 다른 사람에게 뽑아 주는 일
獻身
헌신
신명(身命)을 바쳐 일에 진력함
貢獻
공헌
①사회(社會)를 위(爲)하여 이바지함 　②공물(貢物)을 나라에 바침
文獻
문헌
①옛날의 제도(制度)나 문물(文物)을 아는 데에 증거(證據)로 되는 기록(記錄)이나 서적(書籍) 　②특정(特定)한 연구(硏究)에 대(對)하여 참고(參考) 자료(資料)로 되는 인쇄물(印刷物) 　③또는 쓰여진...

身
몸 신,나라 이름 건 1. 몸, 신체(身體) 2. 줄기, 주(主)된 부분(部分) 3. 나, 1인칭 대명사(代名詞) 4. 자기(自己), 자신(自身) 5. 출신(出身), 신분(身分) 6. 몸소, 친히(親-) 7. 나이 8. (아이를)배다 9. 체험하다(體驗--)... [부수]身(몸신) [총획]7획 [난이도]중학용, 읽기 6급II, 쓰기 5급II
自身
자신
①제 몸 　②딴 말에 붙어서 딴 어떤 것도 아니고 그 스스로임을 강조(强調)할 때 쓰는 말
代身
대신
①남을 대리(代理) 함 　②새것으로나 다른 것으로 바꾸어 갈아 채움 　③어떠한 행위(行爲)나 현상(現象)에 상응(相應)하는 것이거나 그의 대가(代價)임을 나타내는 말
出身
출신
①무슨 지방(地方)이나 학교(學校)ㆍ직업(職業) 등(等)으로부터 나온 신분(身分) 　②처음으로 벼슬길에 나섬
身體
신체
사람의 몸


-----------------------------------
거세다

*****DEFINITION*****
fierce, violent, strong, wild 강의 물살이 거세다 There's a strong current in the river.

-----------------------------------
도전

*****DEFINITION*****
(싸움을 걸다) [명사] challenge; (권위에 대한) defiance, [동사] challenge (sb to sth); (권위에) defy 도전에 응하다 accept[take up] the challenge
挑戰
挑战 tiǎo​zhàn​   *挑战* | 挑战* | *挑战 to challenge / challenge 挑戰 HSK 5
挑
돋울 도 1. 돋우다(도드라지거나 높아지게 하다) 2. 꾀다, 꼬드기다 3. (줄을)뜯다, 튀기다 4. 드러내다, 폭로하다(暴露--) 5. 후비다, 도려 파내다 6. 가리다, (가려서)취하다(取--), 가려서 쓰다 7. 어깨에 메다... [부수]扌(재방변) [총획]9획 [난이도]고등용, 읽기 3급, 쓰기 2급
挑戰
도전
①싸움을 걸거나 돋움 　②비유적(比喩的)으로, 어려운 사업(事業)이나 기록(記錄) 경신(更新)에 맞섬
挑發
도발
①(전쟁(戰爭)ㆍ분쟁(紛爭) 등(等)을) 상대(相對)를 자극(刺戟)함으로써 일으키는 것 　②(욕정 등(等)을) 부추겨 불러일으키는 것
挑發的
도발적
집적거리는 태도(態度)를 취(取)하는 모양(模樣). 색정(色情)을 자극(刺戟)시키는 모양(模樣)
挑出
도출
시비(是非)를 일으키거나 싸움을 돋움

戰
싸움 전 1. 싸움 2. 전쟁(戰爭), 전투(戰鬪) 3. 경기(競技), 시합 4. 경쟁(競爭) 5. 싸우다 6. 전쟁하다(戰爭--) 7. 떨다 8. 두려워서 떨다 9. 동요하다(動搖--) 10. 흔들리다 11. 두려워하다 [부수]戈(창과) [총획]16획 [난이도]중학용, 읽기 6급II, 쓰기 5급II
戰爭
전쟁
①싸움 　②무력(武力)으로 국가(國家) 간(間)에 싸우는 일. 국제법(國際法) 상(上) 선전(宣戰) 포고에 의(依)하여 발생(發生)함
戰略
전략
①전쟁(戰爭)의 방략(方略) 　②전쟁(戰爭)에 있어서 용병(用兵)의 지휘(指揮). 전지(戰地)에 있어서 군대(軍隊)의 운용(運用) 방법(方法) 　③정치(政治), 사회(社會) 운동(運動) 등(等)에서의 책략(策略)
挑戰
도전
①싸움을 걸거나 돋움 　②비유적(比喩的)으로, 어려운 사업(事業)이나 기록(記錄) 경신(更新)에 맞섬
戰略的
전략적
적의 전쟁(戰爭) 행위(行爲)에 대항(對抗)하는, 군사(軍事) 상(上)의 대책(對策) 또는 행동(行動) 전반(全般)에 관(關)한 모양(模樣)


-----------------------------------
안중

*****DEFINITION*****
그에게 다른 사람은 안중에 없다 He thinks of no one else.
眼中
眼中 yǎn​zhōng​   *眼中* | 眼中* | *眼中 in one's eyes
眼
눈 안,눈 불거질 은 1. 눈, 눈동자 2. 구멍 3. 안광(眼光), 시력(視力) 4. 요점(要點) 5. 어린 싹 6. 거품 7. 기수사(基數詞: 수량을 셀 때 쓰는 수사), 양수사(量數詞: 기수사) 8. 보다, 만나다 a. 눈 불거지다 (은) b. 눈... [부수]目(눈목) [총획]11획 [난이도]중학용, 읽기 4급II, 쓰기 3급II
眼目
안목
사물(事物)을 분별(分別)하는 견식(見識)
瞥眼間
별안간
①눈 깜짝할 동안 　②갑자기 　③난데없이
眼界
안계
눈으로 바라볼 수 있는 범위(範圍)
眼鏡
안경
눈을 보호(保護)하거나 시력(視力)을 돕기 위(爲)해 쓰는 기구(器具)

中
가운데 중 1. 가운데 2. 안, 속 3. 사이 4. 진행(進行) 5. 마음, 심중(心中) 6. 몸, 신체(身體) 7. 내장(內臟) 8. 중도(中途) 9. 절반(折半) 10. 장정(壯丁) 11. 관아의 장부(帳簿ㆍ賬簿), 안건(案件) 12. 가운데... [부수]丨(뚫을곤) [총획]4획 [난이도]중학용, 읽기 8급, 쓰기 6급II
中國
중국
①유라시아 대륙(大陸)의 동남부(東南部)를 차지하는 나라. 1949년 중화인민공화국(中華人民共和國)과 중화민국(中華民國)으로 분단됨. 차이나 　②중화인민공화국(中華人民共和國)
中斷
중단
①중도(中途)에서 끊어짐. 또는, 끊음 　②중도(中途)에서 단절(斷切)하여 이제까지의 효력(效力)을 잃게 함
集中
집중
①(어떤 일ㆍ현상(現象)ㆍ대상(對象) 등(等)이) 한 곳이나 한 대상(對象)에, 또는 한정(限定)된 짧은 시간(時間)에 몰리거나 쏠리게 함 　②(어떤 일에 정신(精神)을) 바짝 차리고 쏠리게 함 　③(어떤...
中心
중심
①한가운데, 복판 　②중요(重要)하고 기본(基本)이 되는 부분(部分), 줏대


-----------------------------------
율

*****DEFINITION*****
a rate
率
率 lǜ​   *率* | 率* | *率 rate / frequency
率 shuài​   *率* | 率* | *率 to lead / to command / rash / hasty / frank / straightforward / generally / usually
卛 lǜ​   *卛* | 卛* | *卛 old variant of 率
卛 shuài​   *卛* | 卛* | *卛 old variant of 率
率
비율 율,비율 률,거느릴 솔,우두머리 수 1. 비율 2. 제한(制限) a. 거느리다 (솔) b. 좇다 (솔) c. 따르다 (솔) d. 소탈하다 (솔) e. 꾸밈없다 (솔) f. 경솔하다(輕率--) (솔) g. 가볍다 (솔) h. 거칠다 (솔) i. 대략(大略) (솔) j. 대강(大綱)... [부수]玄(검을현) [총획]11획 [난이도]고등용, 읽기 3급II, 쓰기 2급
換率
환율
①두 나라 화폐(貨幣) 간(間)의 교환(交換) 비율(比率). 곧, 한 나라 화폐(貨幣) 단위(單位)로 표시(表示)한 외국(外國) 화폐(貨幣)의 가격(價格) 　②외국환(外國換) 시세(時勢)
比率
비율
일정(一定)한 양이나 수에 대(對)한 다른 양이나 수의 비(比)
率直
솔직
거짓으로 꾸미거나 숨김이 없이 바르고 곧음
成長率
성장률
어떤 시점(時點)으로부터 일정(一定)한 시간(時間)이 경과(經過) 한 때의 성장량(成長量)과 본디의 시점(時點)에 있어서의 양과의 비율(比率)


-----------------------------------
