교리

*****DEFINITION*****
doctrine, (formal) creed, religious dogma 기독교의 교리를 설파하다 teach Christian doctrines
敎理
敎 敎 jiào​   *敎* | 敎* | *敎 variant of 教
理 理 lǐ​   *理* | 理* | *理 texture / grain (of wood) / inner essence / intrinsic order / reason / logic / truth / science / natural science (esp. physics) / to manage / to pay attention to / to run (affairs) / to handle / to put in order / to tidy up
敎
가르칠 교 1. 가르치다 2. 본받다 3. 가르침 4. ~로 하여금 ~하게 함 5. 교령(敎令: 임금의 명령(命令)) 6. 종교 [부수]攵(등글월문) [총획]11획 [난이도]중학용, 읽기 8급, 쓰기 6급II
敎授
교수
①교수, 부교수, 조교수, 강사 등(等)의 대학(大學)의 교원(敎員) 　②사학(四學)의 유생(儒生)을 가르치던 벼슬아치 　③동학(東學)의 교직인 육임(六任)의 제2위 　④학술(學術)이나 기예(技藝)를 가르침
敎育
교육
①가르치어 지능(知能)을 가지게 하는 일 　②개인(個人) 또는 특정(特定)한 기관(機關)이 일정(一定)한 이상(理想) 또는 가치(價値)를 지향(志向)하여 미성숙(未成熟)한 아이나 청년(靑年)을 지도(指導)하여,...
敎師
교사
학술(學術)이나 기예(技藝)를 가르치는 스승, 선생(先生), 초등학교(初等學校), 중(中)ㆍ고등학교(高等學校)에서 소정(所定)의 자격(資格)을 가지고 학생(學生)을 지도(指導)하는 사람
敎科書
교과서
학교(學校)에서 가르치는 데 쓰는 책(冊)

理
다스릴 리,다스릴 이 1. 다스리다 2. 다스려지다 3. 깁다(떨어지거나 해어진 곳을 꿰매다) 4. 수선하다(修繕--) 5. 깨닫다 6. 의뢰하다(依賴--) 7. 사리 8. 도리(道理) 9. 이치(理致) 10. 매개(媒介) 11. 거동(擧動) 12. 나무결... [부수]王(구슬옥변) [총획]11획 [난이도]중학용, 읽기 6급II, 쓰기 5급II
理由
이유
①까닭, 사유(事由), 내력(來歷) 　②넓은 뜻으로는 존재(存在)의 기초(基礎), 또는 진리(眞理)라고 할 수 있는 조건(條件) 　③좁은 뜻으로는 추리(推理) 상(上)의 결론(結論), 또는 귀결(歸結)의 전제(前提)가...
管理
관리
①사람을 통제(統制)하고 지휘(指揮) 감독(監督)하는 것 　②시설(施設)이나 물건(物件)의 유지(維持)ㆍ개량(改良) 따위를 꾀하는 것 　③일을 맡아 처리(處理)하는 것 　④건전(健全)한 심신(心身)의...
處理
처리
①일을 다스려 치러 감 　②사건(事件) 또는 사무(事務)를 갈무리하여 끝장을 냄
總理
총리
①전체(全體)를 모두 관리(管理)함 　②또는, 그 직책(職責)


-----------------------------------
기준

*****DEFINITION*****
(표준) standard ; (결정·판단 등의) criteria (criterion) 미에는 절대적인 기준이 없다 There is no absolute standard of beauty.
基準
基准 jī​zhǔn​   *基准* | 基准* | *基准 norm / standard / standard of reference / base / base point / base line / benchmark / reference point / reference frame / criterion / data 基準
基
터 기 1. 터, 기초(基礎), 토대(土臺) 2. 근본(根本) 3. 사업(事業) 4. 꾀 5. 일주년(一周年ㆍ一週年) 6. 쟁기(논밭을 가는 농기구) 7. 기(탑, 무덤 등을 세는 단위) 8. 자리를 잡다 9. 비롯하다, 기인하다(起因--),... [부수]土(흙토) [총획]11획 [난이도]중학용, 읽기 5급II, 쓰기 4급II
基準
기준
사물(事物)의 기본(基本)이 되는 표준(標準)
基礎
기초
①사물(事物)의 밑바닥 　②건물(建物), 다리, 탑 같은 건조물(建造物)이나 안벽(岸壁), 방파제(防波堤)와 같은 구축물(構築物)의 무게를 받치기 위(爲)해 만든 바닥
基盤
기반
사물(事物)의 밑바탕. 터전
基本
기본
사물(事物)의 근본(根本)

準
준할 준,콧마루 절 1. 준하다(準--: 어떤 본보기에 비추어 그대로 좇다) 2. 의거하다(依據--), 본보기로 삼다 3. 본받다 4. 바로잡다 5. 고르다, 평평하다(平平--) 6. 정밀하다(精密--) 7. 정확하다, 확실하다(確實--) 8.... [부수]氵(삼수변) [총획]13획 [난이도]고등용, 읽기 4급II, 쓰기 3급II
水準
수준
①사물(事物)의 가치(價値)나 작용(作用) 등(等)에 관(關)한 일정(一定)한 표준(標準)이나 정도(程度) 　②수평(水平)
基準
기준
사물(事物)의 기본(基本)이 되는 표준(標準)
準備
준비
필요(必要)한 것을 미리 마련하여 갖춤
標準
표준
①사물(事物)을 정(定)하는 목표(目標). 기준(基準) 　②타(他)의 규범(規範)이 되는 준칙(準則). 규격(規格). 준거(準據) 　③물리량(物理量) 측정(測定)을 위(爲)한 단위(單位)를 확립(確立)하기 위(爲)하여...


-----------------------------------
익히

*****DEFINITION*****
그 사실은 익히 알고 있다 I know that fully well.

-----------------------------------
간과

*****DEFINITION*****
(못 보고 빠뜨림) passing over, failure to notice, (묵인함) connivance, overlooking, 간과하다 pass over, fail to notice, connive (at), wink (at), overlook 아무의 과실을 간과하다 wink at 《a person´s》 fault
看過
看 看 kān​   *看* | 看* | *看 to look after / to take care of / to watch / to guard
  看 kàn​   *看* | 看* | *看 to see / to look at / to read / to watch / to visit / to call on / to consider / to regard as / to look after / to treat (an illness) / to depend on / to feel (that) / (after verb) to give it a try / Watch out! (for a danger) HSK 3
過 过 Guò​   *过* | 过* | *过 surname Guo 過
  过 guò​   *过* | 过* | *过 to cross / to go over / to pass (time) / to celebrate (a holiday) / to live / to get along / excessively / too- 過 HSK 2
  过 guo​   *过* | 过* | *过 (experienced action marker) 過 HSK 5
看
볼 간 1. 보다, 바라보다 2. 지키다, 감시하다(監視--), 번서다(番--) 3. 관찰하다(觀察--), 헤아리다 4. 가리다, 고르다 5. 방문하다(訪問--) 6. 환대하다(歡待--), 극진(極盡)하게 대접하다(待接--) 7. 진... [부수]目(눈목) [총획]9획 [난이도]중학용, 읽기 4급, 쓰기 3급
看做
간주
①그러한 것으로 여김 　②그렇다고 침
看板
간판
상점(商店) 등(等)에 내 건 표지(標識)
看過
간과
①대강 보아 넘기다 빠뜨림 　②예사(例事)로이 보아 넘김
看護師
간호사
일정(一定)한 법정(法定) 자격(資格)을 갖추고 의사(醫師)의 진료(診療) 보조(補助)와 환자(患者)의 간호(看護)에 종사(從事)하는 사람

過
지날 과,재앙 화 1. 지나다 2. (지나는 길에)들르다 3. 경과하다(經過--) 4. 왕래하다(往來--), 교제하다(交際--) 5. 초과하다(超過--) 6. 지나치다 7. (분수에)넘치다 8. 넘다 9. 나무라다 10. 보다, 돌이켜 보다 11.... [부수]辶(책받침) [총획]13획 [난이도]중학용, 읽기 5급II, 쓰기 4급II
過程
과정
일이 되어 가는 경로(經路)
過去
과거
①지나간 때 　②현재(現在)에 앞선 때 　③지난적 　④삼세(三世)의 하나로 출생(出生)하기 전(前). 전생(前生). 전세(前世) 　⑤하여 버린 동작(動作)을 보이는 어법(語法). ＇았＇, ＇었＇, ＇더＇의...
過剩
과잉
예정(豫定)한 수량(數量)이나 필요(必要)한 수량(數量)보다 많음. ＇지나침＇으로 순화
謝過
사과
잘못에 대(對)하여 용서(容恕)를 빎


-----------------------------------
일독

*****DEFINITION*****
reading through once, a perusal, 일독하다 read 《a book》 through, run one´s eyes over (a paper), peruse 일독의 가치가 있다 The book is worth reading.
一讀
一 一 yī​   *一* | 一* | *一 one / 1 / single / a (article) / as soon as / entire / whole / all / throughout / "one" radical in Chinese characters (Kangxi radical 1) / also pr. [yao1] for greater clarity when spelling out numbers digit by digit HSK 1
讀 读 dòu​   *读* | 读* | *读 comma / phrase marked by pause 讀
  读 dú​   *读* | 读* | *读 to read / to study / reading of word (i.e. pronunciation), similar to 拼音 讀 HSK 1
一
한 일 1. 하나, 일 2. 첫째, 첫번째 3. 오로지 4. 온, 전, 모든 5. 하나의, 한결같은 6. 다른, 또 하나의 7. 잠시(暫時), 한번 8. 좀, 약간(若干) 9. 만일(萬一) 10. 혹시(或時) 11. 어느 12. 같다, 동일하다(同一--) [부수]一(한일) [총획]1획 [난이도]중학용, 읽기 8급, 쓰기 6급II
一部
일부
①전체(全體)의 한 부분(部分) 　②한번
一般
일반
①한 모양(模樣) 　②같은 모양(模樣) 　③보통(普通) 　④특별(特別)히 정(定)한 어떤 일부(一部)가 아니라, 전체(全體)에 두루 해당(該當)되는 것
一旦
일단
①한번 　②일조(一朝)　③우선(于先) 잠깐
一定
일정
①하나로 고정(固定)되어 움직이지 않음. 변동(變動)이 없음. 　②어떤 기준(基準)에 의(依)해 범위(範圍)나 방향(方向) 따위가 정(定)해져 있음

讀
읽을 독,구절 두 1. 읽다 2. 이해하다(理解--) 3. 세다 4. 계산하다(計算--) 5. 구절(句節) 6. 읽기 a. 구절(句節) (두) b. 구두(읽기 편하게 구절에 점을 찍는 일) (두) c. 이두 (두) d. 풍류(風流) 이름 (두) [부수]言(말씀언) [총획]22획 [난이도]중학용, 읽기 6급II, 쓰기 5급II
讀書
독서
책을 그 내용(內容)과 뜻을 헤아리거나 이해(理解)하면서 읽는 것
讀者
독자
책ㆍ신문(新聞)ㆍ잡지(雜誌) 따위의 출판물(出版物)을 읽는 사람
句讀
구두
단어(單語) 구절(句節)을 점(點)이나 부호(符號) 등(等)으로 표(表)하는 방법(方法)
精讀
정독
①자세(仔細)히 살피어 읽음 　②서책(書冊)에 기재(記載)된 재료(材料)의 내용(內容)과 형식(形式)을 자세(仔細)히 검토(檢討)하면서 읽는 일


-----------------------------------
촉구하다

*****DEFINITION*****
(재촉하다) press (sb to do), urge (sb to do); (요구하다) demand; (공식적으로) call (up)on (sb to do) 대답을 촉구하다 press sb for an answer
促求
促求 cù​qiú​   *促求* | 促求* | *促求 to urge
促
재촉할 촉,악착스러울 착 1. 재촉하다, 다그치다, 촉진하다(促進--) 2. 촉박하다(促迫--), 급하다(急--) 3. 다가오다, 가까이하다 4. 빠르다, 신속하다(迅速--) 5. 군색하다(窘塞--), 구차하다(苟且--) 6. 짧다 7. 좁다, 협소하다(狹小--)... [부수]亻(사람인변) [총획]9획 [난이도]고등용, 읽기 3급II, 쓰기 2급
促求
촉구
재촉하여 요구(要求)함
促進
촉진
재촉하여 빨리 나아가게 함
督促
독촉
①빨리 서둘러 하도록 재촉하는 것 　②국세(國稅)ㆍ지방세(地方稅), 그밖에 강제(强制) 징수(徵收)가 인정(認定)되어 있는 공법(公法) 상(上)의 금전채권(金錢債權)에 대(對)한 채무자(債務者)가 기한(期限)이...
催促
최촉
어서 빨리 할 것을 요구(要求)함, 재촉, 독촉(督促)

求
구할 구 1. 구하다(求--) 2. 빌다, 청하다(請--) 3. 탐하다(貪--), (욕심을)부리다 4. 취하다(取--) 5. 모으다, 모이다 6. 나무라다, 책망하다(責望--) 7. 가리다, 선택하다(選擇--) 8. 묻다 9. 부르다, 불러들이다... [부수]氺(아래물수) [총획]7획 [난이도]중학용, 읽기 4급II, 쓰기 3급II
要求
요구
①필요(必要)하여 달라고 강력(强力)히 청(請)함 　②어떠한 작위(作爲) 또는 부작위(不作爲)의 행위(行爲)를 청구(請求)함 　③생활체(生活體)의 생리적(生理的), 심리적(心理的) 기구(機構)에 생기는...
促求
촉구
재촉하여 요구(要求)함
請求
청구
①상대방(相對方)에 대(對)하여 일정(一定)한 행위(行爲)를 요구(要求)하는 일 　②(법률(法律)ㆍ법학) 민사소송법(民事訴訟法) 상(上) 원고(原告)가 소송(訴訟)에 의(依)하여 그 취지(趣旨)나 이유(理由)의...
追求
추구
①어디까지나 뒤쫓아 구(求)함 　②목적(目的)한 바를 이루고자 끝까지 좇아 구(求)함


-----------------------------------
구비하다

*****DEFINITION*****
[동사]; (조건을) fulfill, satisfy; (시설·비품 등을) be furnished[equipped] (with) 모든 조건을 구비한 사람을 찾기가 쉽지 않다 It is not easy to find someone who can fulfill all the qualifications.
具備
具备 jù​bèi​   *具备* | 具备* | *具备 to possess / to have / equipped with / able to fulfill (conditions or requirements) 具備 HSK 5
具
갖출 구 1. 갖추다, 갖추어지다 2. 구비하다(具備--) 3. 온전하다(穩全--), 족하다 4. 모두 5. 일일이 6. 자세히(仔細ㆍ子細-), 상세히 7. 함께, 다 같이 8. 차림 9. 그릇, 연장 10. 설비, 준비(準備) 11. 힘,... [부수]八(여덟팔) [총획]8획 [난이도]고등용, 읽기 5급II, 쓰기 4급II
具體的
구체적
사물(事物)이 뚜렷한 실체(實體)를 갖추고 실제(實際)의 형체(形體)ㆍ내용(內容)을 가지고 있는 모양(模樣)
道具
도구
①일에 쓰이는 여러 가지 연장, 제구(諸具) 　②불도(佛道)를 닦는 데 쓰는 기구(器具)의 총칭(總稱), 불상(佛像)ㆍ포단(布團)ㆍ바리때 등(等)
器具
기구
①＇세간ㆍ그릇ㆍ도구(道具)＇ 따위의 통틀어 일컬음. 집물(什物) 　②구조(構造)나 조작(操作) 따위가 간단(簡單)한 기계(機械)
具備
구비
①빠짐없이 차림 　②고루 갖추어 있음

備
갖출 비 1. 갖추다 2. 준비하다(準備--) 3. 채우다 4. 예방하다(豫防--) 5. 의장 6. 모두 7. 발톱 8. 비품 [부수]亻(사람인변) [총획]12획 [난이도]중학용, 읽기 4급II, 쓰기 3급II
準備
준비
필요(必要)한 것을 미리 마련하여 갖춤
對備
대비
①어떠한 일에 대응(對應)할 준비(準備)를 함 　②또는, 그러한 준비(準備)
裝備
장비
①비품이나 부속품(附屬品) 따위를 장치(裝置)하는 일 　②군대(軍隊)나 함정(艦艇) 따위의 무장(武裝) 　③갖추어 장식(裝飾)함. 꾸미어 갖춤
設備
설비
①베풀어서 갖춤, 또는 그 시설(施設) 　②건축물(建築物)에 부대(附帶)하는 것. 기구(器具), 기계(機械), 전기(電氣), 난방(暖房), 냉방(冷房) 등(等) 부대(附帶) 설비(設備)


-----------------------------------
