소년원

*****DEFINITION*****
Youth Detention Center, Juvenile hall 그는 어릴 때부터 소년원을 들락거렸다 As a child, he was in and out of Youth Detention Center.

-----------------------------------
출소하다

*****DEFINITION*****
be released[discharged] from prison, leave[get out of] prison 그는 출소하자마자 또다시 범행을 저질렀다 He committed another crime right after he got out of prison.
出所
出 出 chū​   *出* | 出* | *出 to go out / to come out / to occur / to produce / to go beyond / to rise / to put forth / to happen / classifier for dramas, plays, operas etc HSK 2
  出 chū​   *出* | 出* | *出 variant of 出 (classifier for plays or chapters of classical novels) 齣 HSK 2
所 所 suǒ​   *所* | 所* | *所 actually / place / classifier for houses, small buildings, institutions etc / that which / particle introducing a relative clause or passive / CL: 個｜个 HSK 5
出
날 출,단락 척 1. 나다, 태어나다, 낳다 2. 나가다 3. 떠나다, 헤어지다 4. 드러내다, 나타내다 5. 내놓다 6. 내쫓다, 추방하다(追放--) 7. 돌려보내다 8. 내어주다, (셈을)치르다 9. 버리다 10. 게우다 11. 샘솟다,... [부수]凵(위튼입구몸) [총획]5획 [난이도]중학용, 읽기 7급, 쓰기 6급
輸出
수출
①실어서 내보냄 　②국내(國內)에서 외국(外國)으로 재화(財貨)를 팔기 위(爲)하여 실어 냄
出帆
출범
①배가 돛을 달고 떠남 　②단체(團體)가 새로 조직(組織)되어 일을 시작(始作)하는 것을 비유(比喩ㆍ譬喩)하여 이르는 말
提出
제출
문안(文案)이나 의견(意見)ㆍ법안(法案) 등(等)을 내어놓음
抽出
추출
①빼냄. 뽑아 냄 　②용매(溶媒)를 써서 고체(固體)ㆍ액체(液體)에서 어떤 물질(物質)을 뽑아 내는 일

所
바 소 1. 바(일의 방법이나 방도) 2. 것 3. 곳, 일정(一定)한 곳이나 지역(地域) 4. 처소(處所) 5. 관아(官衙), 어떤 일을 처리(處理)하는 곳 6. 지위(地位), 자리, 위치(位置) 7. 장소(場所)를 세는 단위(單位)... [부수]戶(지게호) [총획]8획 [난이도]중학용, 읽기 7급, 쓰기 6급
所得
소득
①수입(收入)이 되는 이익(利益) 　②경제(經濟) 활동(活動)을 하는 주체(主體). 즉 개인(個人) 또는 법인(法人)이 일정(一定)한 기간(期間) 안에 생산(生産) 자원(資源)의 용역(用役)에 대(對)한 보수(報酬)로서...
所屬
소속
①일정(一定)한 기관(機關)이나 단체(團體)에 속(屬)함 　②또는 속하고 있는 것이나 그 속(屬)한 곳
憲法裁判所
헌법재판소
일반(一般) 법원(法院)과는 달리 법령(法令)의 위헌(違憲) 심사(審査), 헌법(憲法) 해석(解釋), 정당(政黨) 해산(解散), 탄핵(彈劾) 심판(審判) 따위에 관(關)한 일을 하도록 헌법(憲法)에 규정(規定)한...
場所
장소
어떤 일이 이루어지거나 일어나는 곳


-----------------------------------
예산

*****DEFINITION*****
budget 예산을 확보하다 secure budget
豫算
豫 豫 Yù​   *豫* | 豫* | *豫 abbr. for Henan province 河南 in central China
  豫 yù​   *豫* | 豫* | *豫 happy / carefree / at one's ease / variant of 預｜预 / old variant of 與｜与
算 算 suàn​   *算* | 算* | *算 to regard as / to figure / to calculate / to compute HSK 4
豫
미리 예,펼 서 1. 미리 2. 먼저 3. 기뻐하다 4. 즐기다 5. 놀다 6. 편안하다(便安--) 7. 머뭇거리다 8. 싫어하다 9. 참여하다(參與--) 10. 괘(卦) 이름(=坤下震上) 11. 땅의 이름 a. 펴다 (서) [부수]豕(돼지시) [총획]16획 [난이도]고등용, 읽기 4급, 쓰기 3급
豫定
예정
①이제부터 할 일에 대(對)하여 미리 정(定)하여 두는 것 　②또는, 미리 예상(豫想)하여 두는 것
豫想
예상
①어떤 일을 직접(直接) 대하기 전(前)에 미리 상상(想像)함 　②또는, 그 상상(想像)
豫算
예산
①필요(必要)한 금액(金額) 따위를 미리 한 계산(計算) 　②국가(國家)나 단체(團體)에서 수입(收入)과 지출(支出)을 미리 셈하여 정(定)한 계획(計劃). 재무(財務) 예산(豫算), 추가(追加) 경정(更正)...
豫告
예고
미리 일러서 알게 함

算
셈 산 1. 셈 2. 계산(計算) 3. 수(數), 수효(數爻) 4. 산가지(算--: 수효를 셈하는 데에 쓰던 막대기) 5. 나이, 수명(壽命) 6. 지혜(智慧ㆍ知慧), 슬기 7. 대그릇(대로 만든 그릇) 8. 세금(稅金) 9. 셈하다 10.... [부수]竹(대죽) [총획]14획 [난이도]중학용, 읽기 7급, 쓰기 6급
豫算
예산
①필요(必要)한 금액(金額) 따위를 미리 한 계산(計算) 　②국가(國家)나 단체(團體)에서 수입(收入)과 지출(支出)을 미리 셈하여 정(定)한 계획(計劃). 재무(財務) 예산(豫算), 추가(追加) 경정(更正)...
計算
계산
①수량(數量)을 헤아림 　②식의 운산으로 수치(數値)를 구(求)해 내는 일
淸算
청산
①상호(相互) 간(間)에 채무(債務)ㆍ채권(債權) 관계(關係)를 셈하여 깨끗이 정리(整理)함 　②회사(會社)ㆍ조합(組合) 등(等)의 법인(法人)이 해산(解散)할 때에 뒤처리(-處理)로서 재산(財産) 관계(關係)...
推算
추산
①짐작(斟酌)으로 미뤄서 셈침 　②또는 그 계산(計算)


-----------------------------------
찡하다

*****DEFINITION*****
코끝이 찡하다 be choked up

-----------------------------------
도전

*****DEFINITION*****
(싸움을 걸다) [명사] challenge; (권위에 대한) defiance, [동사] challenge (sb to sth); (권위에) defy 도전에 응하다 accept[take up] the challenge
挑戰
挑战 tiǎo​zhàn​   *挑战* | 挑战* | *挑战 to challenge / challenge 挑戰 HSK 5
挑
돋울 도 1. 돋우다(도드라지거나 높아지게 하다) 2. 꾀다, 꼬드기다 3. (줄을)뜯다, 튀기다 4. 드러내다, 폭로하다(暴露--) 5. 후비다, 도려 파내다 6. 가리다, (가려서)취하다(取--), 가려서 쓰다 7. 어깨에 메다... [부수]扌(재방변) [총획]9획 [난이도]고등용, 읽기 3급, 쓰기 2급
挑戰
도전
①싸움을 걸거나 돋움 　②비유적(比喩的)으로, 어려운 사업(事業)이나 기록(記錄) 경신(更新)에 맞섬
挑發
도발
①(전쟁(戰爭)ㆍ분쟁(紛爭) 등(等)을) 상대(相對)를 자극(刺戟)함으로써 일으키는 것 　②(욕정 등(等)을) 부추겨 불러일으키는 것
挑發的
도발적
집적거리는 태도(態度)를 취(取)하는 모양(模樣). 색정(色情)을 자극(刺戟)시키는 모양(模樣)
挑出
도출
시비(是非)를 일으키거나 싸움을 돋움

戰
싸움 전 1. 싸움 2. 전쟁(戰爭), 전투(戰鬪) 3. 경기(競技), 시합 4. 경쟁(競爭) 5. 싸우다 6. 전쟁하다(戰爭--) 7. 떨다 8. 두려워서 떨다 9. 동요하다(動搖--) 10. 흔들리다 11. 두려워하다 [부수]戈(창과) [총획]16획 [난이도]중학용, 읽기 6급II, 쓰기 5급II
戰爭
전쟁
①싸움 　②무력(武力)으로 국가(國家) 간(間)에 싸우는 일. 국제법(國際法) 상(上) 선전(宣戰) 포고에 의(依)하여 발생(發生)함
戰略
전략
①전쟁(戰爭)의 방략(方略) 　②전쟁(戰爭)에 있어서 용병(用兵)의 지휘(指揮). 전지(戰地)에 있어서 군대(軍隊)의 운용(運用) 방법(方法) 　③정치(政治), 사회(社會) 운동(運動) 등(等)에서의 책략(策略)
挑戰
도전
①싸움을 걸거나 돋움 　②비유적(比喩的)으로, 어려운 사업(事業)이나 기록(記錄) 경신(更新)에 맞섬
戰略的
전략적
적의 전쟁(戰爭) 행위(行爲)에 대항(對抗)하는, 군사(軍事) 상(上)의 대책(對策) 또는 행동(行動) 전반(全般)에 관(關)한 모양(模樣)


-----------------------------------
시선

*****DEFINITION*****
(눈길) one's eyes 시선을 피하다 avoid[escape] sb's eyes 2개 뜻 더보기 : (눈길) one's eyes
視線
视线 shì​xiàn​   *视线* | 视线* | *视线 line of sight 視線 HSK 6
視
볼 시 1. 보다 2. 엿보다 3. 보이다 4. 간주하다(看做--) 5. 맡아보다 6. 본받다 7. 성(姓)의 하나 [부수]見(볼견) [총획]12획 [난이도]중학용, 읽기 4급II, 쓰기 3급II
無視
무시
①존재(存在)나 있는 값어치를 알아주지 아니함 　②사람을 깔보거나 업신여김 　③눈여겨 보지 않음
監視
감시
①경계(警戒)하기 위(爲)하여 미리 감독(監督)하고 살피어 봄 　②주의(注意)하여 지킴
視角
시각
①보고 있는 물체(物體)의 양 끝에서 눈에 이르는 두 직선(直線)이 이루는 각 　②무엇을 보는 각도(角度). 보거나 생각하는 방향(方向)
視覺
시각
①빛의 자극(刺戟)을 받아 눈으로 느끼는 것 　②눈의 감각(感覺)

線
줄 선 1. 줄(무엇을 묶거나 동이는 데에 쓸 수 있는 가늘고 긴 물건) 2. 선(線) 3. 실 4. (사상적, 정치적)노선(路線) 5. 교통(交通) 노선(路線) 6. 경계선(境界線) 7. 단서(端緖) 8. 실마리 9. 범위(範圍) 10.... [부수]糸(실사) [총획]15획 [난이도]중학용, 읽기 6급II, 쓰기 5급II
混線
혼선
①말이나 일 따위의 갈래가 얽혀 종잡을 수 없음 　②전신(電信), 전화(電話), 전파(電波) 따위가 여러 가지 작용(作用)에 의(依)해 엉클어지거나 방해(妨害)를 받는 일 　③줄이 갈피를 잡을 수 없게...
路線
노선
①버스ㆍ기차(汽車)ㆍ항공기(航空機) 따위가 정(定)해 놓고 다니도록 되어 있는 길 　②어느 지점(地點)에서 다른 지점(地點)에 이르는 도로(道路)나 선로(線路) 따위 　③개인(個人)이나 조직(組織)ㆍ단체(團體)...
戰線
전선
①전쟁(戰爭)에서 바로 전쟁(戰爭)이 행(行)해지는 지역(地域) 　②한 사령관(司令官)의 지휘(指揮) 밑에 군대(軍隊)의 집단(集團)이 작전(作戰)하는 지역(地域) 　③일정(一定)한 활동(活動)의 분야(分野)를...
視線
시선
①눈이 가는 방향(方向) 　②눈동자의 중심점(中心點)과 외계(外界)의 주시점(注視點)과를 잇는 직선(直線) 　③주의(注意)나 관심(關心)


-----------------------------------
목도

*****DEFINITION*****
witnessing
目睹
目睹 mù​dǔ​   *目睹* | 目睹* | *目睹 to witness / to see at first hand / to see with one's own eyes HSK 6
目
눈 목 1. 눈(감각 기관) 2. 눈빛, 시력(視力) 3. 견해(見解), 안목(眼目) 4. 요점(要點) 5. 옹이, 그루터기(풀이나 나무 따위의 아랫동아리) 6. 제목(題目), 표제(標題ㆍ表題) 7. 목록(目錄) 8. 조목(條目),... [부수]目(눈목) [총획]5획 [난이도]중학용, 읽기 6급, 쓰기 5급
目標
목표
①목적(目的)을 이루기 위(爲)하여 실제적(實際的) 대상(對象)으로 삼는 것 　②가서 닿을 곳 　③어떤 일을 이루어 내려는 시간(時間) 상(上)의 한계(限界)
目的
목적
①이루려 하는 일 　②또는, 나아가려고 하는 방향(方向)
注目
주목
①어떤 사물(事物)을 주의(注意)해서 봄 　②시선을 모아 봄
刮目
괄목
전(前)에 비하여 딴판으로 학식(學識) 등(等)이 부쩍 늘어서 눈을 비비고 다시 봄

睹
볼 도 1. 보다(=覩) 2. 가리다, 분간하다(分揀--) 3. 분별하다(分別--) 4. 자세(仔細ㆍ子細)히 보다 5. 알다, 예견하다(豫見--) 6. 국명(國命) [부수]目(눈목) [총획]14획 [난이도]읽기 1급, 쓰기 특급
目睹
목도
(어떤 모습이나 장면(場面)을) 눈으로 보는 것. 문어적인 말임
睹聞
도문
보고 들음
始睹
시도
처음 봄
逆睹
역도
앞일을 미리 내다봄


-----------------------------------
