비결

*****DEFINITION*****
secret (of/to), key (to), (informal) know-how 몸매 유지 비결이 뭐예요? What's the secret to maintaining a good figure?
秘訣
秘诀 mì​jué​   *秘诀* | 秘诀* | *秘诀 secret know-how / key (to longevity) / secret (of happiness) / recipe (for success) 秘訣
秘
숨길 비,심오할 필 1. 숨기다 2. 신묘(神妙)하여 알기가 어렵다 3. 신비하다(神祕--) 4. 알리지 않다 5. 신(神), 귀신(鬼神) 6. 성(姓)의 하나 7. 오의(奧義: 알기 어려운 매우 깊은 뜻) a. 심오하다(深奧--) (필) b. 깊어... [부수]禾(벼화) [총획]10획 [난이도]읽기 특급II
秘密
비밀
☞ 비밀(祕密)
神秘
신비
☞ 신비(神祕)
秘闍赤
비도지
☞ 필자지(必者赤)
神秘論
신비론
☞ 신비론(神祕論)

訣
이별할 결,결정할 계 1. 이별하다(離別--) 2. 사별하다(死別--) 3. 헤어지다 4. 끊다, 결단하다(決斷--) 5. (노하여)꾸짖다 6. 비결(祕訣), 비방(祕方) a. 결정하다(決定--) (계) [부수]言(말씀언) [총획]11획 [난이도]읽기 3급II, 쓰기 2급
口訣
구결
한문(漢文)의 글 뜻을 명백(明白)히 하거나 읽기 쉽게 하기 위(爲)하여 한문(漢文) 중간(中間) 중간(中間)에 끼워 넣는 우리말 요소(要素). 가령, ＇萬物之中厓(애) 唯人是(이) 最貴爲尼(니) (만물(萬物)...
訣別
결별
①기약(期約) 없는 이별(離別) 　②관계(關係)나 교제(交際)를 영원(永遠)히 끊음
祕訣
비결
숨겨 두고 혼자만이 쓰는 썩 좋은 방법(方法)
擊蒙要訣
격몽요결
선조(宣祖) 때 율곡(栗谷) 이이(李珥)가 청소년(靑少年)들의 학습(學習)을 위(爲)하여 독서궁리(讀書窮理), 입신칙궁(立身飭躬), 봉친접물(奉親接物) 등(等)에 관(關)한 내용(內容)으로 편찬(編纂)한 책(冊)


-----------------------------------
붉다

*****DEFINITION*****
red, (literary) ruddy, (선홍색의) crimson, (진홍색의) scarlet 단풍이 붉게 물들기 시작했다 The maples have begun to turn red[crimson].

-----------------------------------
광대하다

*****DEFINITION*****
vast, extensive 광대한 평야가 우리 앞에 펼쳐졌다 A vast plain unfolded before us.
廣大
广大 guǎng​dà​   *广大* | 广大* | *广大 (of an area) vast or extensive / large-scale / widespread / (of people) numerous 廣大 HSK 5
廣
넓을 광 1. 넓다 2. 넓게 되다 3. 넓히다 4. 널찍하다 5. 공허하다(空虛--) 6. 비다 7. 빛나다 8. 널리 9. 넓이 10. 무덤 11. 직경 12. 광서성(廣西省)의 약칭(略稱) [부수]广(엄호) [총획]15획 [난이도]중학용, 읽기 5급II, 쓰기 4급II
廣告
광고
①세상(世上)에 널리 알림 　②영업체(營業體) 또는 상품(商品)의 존재(存在), 효능(效能)을 널리 선전(宣傳)하여 알림 　③자기(自己)의 존재(存在)를 여러 사람에게 널리 알리고 선전(宣傳)함
廣場
광장
①너른 마당 　②너른 빈터
廣範圍
광범위
넓은 범위(範圍)
廣域
광역
①넓은 구역(區域) 　②넓은 지역(地域)

大
클 대,큰 대,클 태,클 다 1. 크다, 심하다(甚--: 정도가 지나치다) 2. 높다, 존귀하다(尊貴--) 3. 훌륭하다, 뛰어나다 4. 자랑하다, 뽐내다, 교만하다(驕慢--) 5. 많다, 수효(數爻)가 많다 6. 중(重)히 여기다, 중요시하다(重要視--)... [부수]大(큰대) [총획]3획 [난이도]중학용, 읽기 8급, 쓰기 6급II
大統領
대통령
공화국(共和國)의 원수(元首). 국민(國民)에 의(依)하여 직접(直接) 선출(選出)되거나, 국회(國會) 또는 기타 기관(機關)에 의(依)하여 간접(間接)으로 선출(選出)됨. 일정(一定)한 임기(任期) 동안 그...
擴大
확대
①모양이나 규모(規模) 따위를 늘이어서 크게 함 　②크게 넓힘
廓大
확대
넓혀서 크게 함
大學
대학
①국가(國家)와 인류(人類) 사회(社會) 발전(發展)에 필요(必要)한 학술(學術)의 심오(深奧)한 이론(理論)과 그 광범(廣範)하고 정치(精緻)한 응용(應用) 방법(方法)을 교수(敎授) 연구(硏究)하며 지도적(指導的)...


-----------------------------------
원악

*****DEFINITION*****
-----------------------------------
배경

*****DEFINITION*****
(뒤쪽의 경치) background, backdrop 산을 배경으로 사진을 찍다 have one's picture taken with mountains in the background[a mountain backdrop] 4개 뜻 더보기 : (뒤쪽의 경치) background, backdrop
背景
背景 bèi​jǐng​   *背景* | 背景* | *背景 background / backdrop / context / (fig.) powerful backer / CL: 種｜种 HSK 5
背
등 배,배반할 배 1. 등 2. 뒤 3. 집의 북쪽(北-) 4. 간괘(艮卦: 8괘의 하나) 5. 배자(褙子: 부녀자들이 저고리 위에 덧입는 옷) 6. 햇무리(해의 둘레에 둥글게 나타나는 빛깔이 있는 테두리) 7. 등지다, 등 뒤에 두다 8.... [부수]月(육달월) [총획]9획 [난이도]고등용, 읽기 4급II, 쓰기 3급II
背景
배경
①뒤의 경치(景致) 　②무대(舞臺)의 뒤쪽에 그리거나 꾸며놓은 장치(裝置) 　③그림이나 사진(寫眞) 따위에서 주요(主要) 제재(題材)의 뒤쪽 광경(光景) 　④문학(文學) 작품(作品)에서 주제(主題)를...
背馳
배치
반대(反對)로 되어 어긋남
違背
위배
약속(約束)한 바를 어김
背反
배반
신의(信義)를 등지고 저버림

景
볕 경,그림자 영 1. 볕, 햇빛, 햇살 2. 해, 태양(太陽) 3. 경치(景致), 풍치(風致), 풍물(風物) 4. 바람 이름 5. 남풍(南風), 온화한 바람 6. 환하다, 빛나다 7. 경사스럽다(慶事---), 상서롭다(祥瑞--) 8. 우러러보다,... [부수]日(날일) [총획]12획 [난이도]중학용, 읽기 5급, 쓰기 4급
景氣
경기
①기업(企業)을 중심(中心)으로 한 여러 가지 경제(經濟) 사상(事象)의 상태(狀態). 호경기(好景氣), 과잉(過剩) 생산(生産), 공황(恐惶), 불경기(不景氣) 등(等)의 국면(局面)이 있음 　②물건(物件)의...
背景
배경
①뒤의 경치(景致) 　②무대(舞臺)의 뒤쪽에 그리거나 꾸며놓은 장치(裝置) 　③그림이나 사진(寫眞) 따위에서 주요(主要) 제재(題材)의 뒤쪽 광경(光景) 　④문학(文學) 작품(作品)에서 주제(主題)를...
景致
경치
자연(自然)의 아름다운 모습
風景
풍경
①어떤 상황(狀況)이나 형편(形便)이나 분위기(雰圍氣) 가운데에 있는 어느 곳의 모습 　②풍경화(風景畫)의 준말


-----------------------------------
건조

*****DEFINITION*****
(날씨·피부 등이) [형용사] dry; (메마르다) arid (land/climate) 이 식물은 건조한 지역에서 잘 자란다 This plant grows well in arid regions. 2개 뜻 더보기 : (날씨·피부 등이) [형용사] dry; (메마르다) arid (land/climate)
乾燥
干燥 gān​zào​   *干燥* | 干燥* | *干燥 to dry (of weather, paint, cement etc) / desiccation / dull / uninteresting / arid 乾燥 HSK 4
乾
하늘 건,마를 건,마를 간 1. 하늘 2. 괘(卦)의 이름 3. 임금 4. 남자(男子) 5. 아버지, 친족 관계(關係) 6. 마르다, 건조하다(乾燥--) 7. 말리다 8. 건성(어떤 일을 성의 없이 대충 겉으로만 함)으로 하다, 형식적이다 9. 텅 비다... [부수]乙(새을) [총획]11획 [난이도]중학용, 읽기 3급II, 쓰기 2급
乾坤
건곤
①하늘과 땅을 상징적(象徵的)으로 일컫는 말　②온 세상(世上) 　③주역(周易)의 두 가지 괘명 건괘와 곤괘. 하늘과 땅. 양(陽)과 음(陰). 서북과 서남(西南)
乾燥
건조
습기(濕氣)나 물기가 없음, 마름
乾達
건달
①하는 일 없이 빈둥빈둥 놀거나 게으름을 부리는 짓 　②또는, 그러한 사람
乾綱
건강
①하늘이 만물(萬物)을 주재(主宰)하는 벼리 　②제왕(帝王)의 다스리는 방침(方針), 권능(權能)

燥
마를 조 1. 마르다, (물기가)없어지다 2. 말리다, 마르게 하다 3. 애태우다, 초조하다(焦燥--) 4. 마른 물건(物件) [부수]火(불화) [총획]17획 [난이도]고등용, 읽기 3급, 쓰기 2급
乾燥
건조
습기(濕氣)나 물기가 없음, 마름
焦燥
초조
애를 태워서 마음을 졸이는 모양(模樣)
燥渴
조갈
목이 마름
乾燥爐
건조로
물기를 말리는 데 쓰는 노


-----------------------------------
유발하다

*****DEFINITION*****
(흥미 등을) arouse, cause, trigger, lead to, give rise to, set off, touch off induce 흥미를 유발하다 arouse one's interest
誘發
诱发 yòu​fā​   *诱发* | 诱发* | *诱发 to induce / to cause / to elicit / to trigger 誘發
誘
꾈 유 1. 꾀다, 유혹하다(誘惑--) 2. 불러내다, 유인하다(誘引--) 3. 달래다, 권하다(勸--) 4. 혼란시키다(混亂---), 미혹(迷惑)하게 하다 5. 속이다, 농락하다(籠絡--), 기만하다(欺瞞--) 6. 가르치다, 지도... [부수]言(말씀언) [총획]14획 [난이도]고등용, 읽기 3급II, 쓰기 2급
誘致
유치
①꾀어서 데려옴 　②끌어옴
誘導
유도
①꾀어서 이끎. 도유(導誘) 　②전기(電氣)와 자기(磁氣)가 전기장(電氣場). 자기장(磁氣場) 안에 있는 물체(物體)에 미치는 작용(作用). 도체(導體)가 대전체(帶電體)나 자석(磁石)에 접근(接近)할 때...
誘惑
유혹
①남을 꾀어서 정신(精神)을 어지럽게 함 　②나쁜 길로 꾐
誘發
유발
①꾀어 일으킴 　②어떤 일이 원인(原因)이 되어, 이에 이끌려 다른 일이 일어남

發
필 발 1. 피다 2. 쏘다 3. 일어나다 4. 떠나다 5. 나타나다 6. 드러내다 7. 밝히다 8. 들추다 9. 계발하다(啓發--) 10. 베풀다(일을 차리어 벌이다, 도와주어서 혜택을 받게 하다) 11. 빠른 발 모양 [부수]癶(필발머리) [총획]12획 [난이도]중학용, 읽기 6급II, 쓰기 5급II
發表
발표
널리 드러내어 세상(世上)에 알림
發展
발전
①한 상태(狀態)로부터 더 잘 되고 좋아지는 상태(狀態)로 일이 옮아가는 과정(過程) 　②널리 뻗어 나감
開發
개발
①미개지(未開地)를 개척(開拓)하여 발전(發展)시킴 　②산업(産業)을 일으켜 자원(資源)으로 인간(人間) 사회(社會)를 도움 　③아이들을 교육(敎育)시키는 데 문답식을 써서 자발적(自發的)으로 이해...
發生
발생
①(어떤 사건(事件)이나 사물(事物) 현상(現象)이 어느 곳 또는 세상(世上)에) 생겨나거나 나타나는 것 　②(생물학(生物學)ㆍ생리학) 세포(細胞)의 증식(增殖)ㆍ분화(分化)ㆍ형태(形態) 형성(形成) 등(等)에...


-----------------------------------
중동

*****DEFINITION*****
the Middle East, (Am) Mideast
中東
中东 Zhōng​dōng​   *中东* | 中东* | *中东 Middle East 中東
中
가운데 중 1. 가운데 2. 안, 속 3. 사이 4. 진행(進行) 5. 마음, 심중(心中) 6. 몸, 신체(身體) 7. 내장(內臟) 8. 중도(中途) 9. 절반(折半) 10. 장정(壯丁) 11. 관아의 장부(帳簿ㆍ賬簿), 안건(案件) 12. 가운데... [부수]丨(뚫을곤) [총획]4획 [난이도]중학용, 읽기 8급, 쓰기 6급II
中國
중국
①유라시아 대륙(大陸)의 동남부(東南部)를 차지하는 나라. 1949년 중화인민공화국(中華人民共和國)과 중화민국(中華民國)으로 분단됨. 차이나 　②중화인민공화국(中華人民共和國)
中斷
중단
①중도(中途)에서 끊어짐. 또는, 끊음 　②중도(中途)에서 단절(斷切)하여 이제까지의 효력(效力)을 잃게 함
集中
집중
①(어떤 일ㆍ현상(現象)ㆍ대상(對象) 등(等)이) 한 곳이나 한 대상(對象)에, 또는 한정(限定)된 짧은 시간(時間)에 몰리거나 쏠리게 함 　②(어떤 일에 정신(精神)을) 바짝 차리고 쏠리게 함 　③(어떤...
中心
중심
①한가운데, 복판 　②중요(重要)하고 기본(基本)이 되는 부분(部分), 줏대

東
동녘 동 1. 동녘 2. 동쪽 3. 오른쪽 4. 주인(主人) 5. 동쪽으로 가다 [부수]木(나무목) [총획]8획 [난이도]중학용, 읽기 8급, 쓰기 6급II
東海
동해
①동쪽의 바다. 동명(東溟). 동영(東瀛) 　②한국(韓國) 동쪽의 바다. 한반도(韓半島)와 일본(日本) 열도(列島). 러시아의 연해주(沿海州) 및 사할린 섬으로 둘러싸여 있음 　③황해(黃海) 남쪽에 있는...
東西
동서
①동쪽과 서쪽. 묘유(卯酉) 　②동양(東洋)과 서양(西洋) 　③소련(蘇聯)이 붕괴(崩壞)되기 이전(以前)의 공산권과 자유(自由) 진영(陣營)
東北
동북
①동쪽과 북쪽 　②동쪽과 북쪽의 중간(中間)이 되는 방위(方位). 곧, 간방(艮方)
東西南北
동서남북
①동쪽ㆍ서쪽ㆍ남쪽ㆍ북쪽. 곧, 사방(四方) 　②동쪽과 서쪽 그리고 남쪽과 북쪽. 동서(東西)와 남북(南北)


-----------------------------------
짜릿하다

*****DEFINITION*****
thrilling, electrifying, exhilarating 짜릿한 승리를 거두다 win an electrifying victory

-----------------------------------
