사모하다

*****DEFINITION*****
love, have an affection (for) 오래전부터 당신을 사모하고 있었습니다 I have been in love with you for a long time.
思慕
思慕 sī​mù​   *思慕* | 思慕* | *思慕 to cherish the memory of sb / to think of with respect
思
생각 사,수염이 많을 새 1. 생각, 심정(心情), 정서(情緖) 2. 의사(意思), 의지(意志), 사상(思想) 3. 뜻 4. 마음 5. 시호(諡號) 6. 성(姓)의 하나 7. 어조사(語助辭) 8. 생각하다, 사색하다(思索--) 9. 그리워하다 10. 슬퍼하다,... [부수]心(마음심) [총획]9획 [난이도]중학용, 읽기 5급, 쓰기 4급
意思
의사
마음 먹은 생각. 마음
思考
사고
①생각하고 궁리(窮理)함 　②사유(思惟) 　③어떠한 문제(問題)나 과제(課題)에서 출발(出發)하여 결론(結論)으로 이끄는 관념(觀念)의 과정(過程). 상징적(象徵的)인 것이 그 특징(特徵)임. 또는, 개...
思想
사상
①사유(思惟)를 통(通)하여 생겨나는 생각 　②사고(思考) 작용(作用)의 결과(結果)로 생기는 의식(意識) 내용(內容) 　③논리적(論理的) 정합성을 가진 판단(判斷) 체계(體系) 　④사회(社會)와 인생(人生)에...
思慕
사모
①정(情)을 들이고 애틋하게 생각하며 그리워함 　②남을 우러러 받들고 마음으로 따름

慕
그릴 모 1. 그리다(사랑하는 마음으로 간절히 생각하다) 2. 그리워하다, 사모하다(思慕--) 3. 뒤를 따르다 4. 생각하다 5. 높이다, 우러러 받들어 본받다 6. 탐하다(貪--) 7. 바라다, 원하다(願--) [부수]㣺(마음심밑) [총획]15획 [난이도]고등용, 읽기 3급II, 쓰기 2급
追慕
추모
죽은 사람을 사모(思慕)함
思慕
사모
①정(情)을 들이고 애틋하게 생각하며 그리워함 　②남을 우러러 받들고 마음으로 따름
欽慕
흠모
기쁜 마음으로 사모(思慕)함
戀慕
연모
이성(異性)을 사랑하여 간절(懇切)히 그리워함


-----------------------------------
예외

*****DEFINITION*****
exception 날씨가 계속 춥더니 오늘도 예외는 아니다 It's been cold recently, and today's no exception.
例外
例外 lì​wài​   *例外* | 例外* | *例外 exception / to be an exception HSK 6
例
법식 례,법식 예 1. 법식(法式) 2. 규칙(規則), 규정(規定) 3. 조목(條目) 4. 본보기 5. 예(例), 보기 6. 관례(慣例), 전례(前例), 선례(先例) 7. 전고(典故: 옛 사실) 8. 인증(引證: 인용하여 증거로 삼다) 9. 비류(比類:... [부수]亻(사람인변) [총획]8획 [난이도]중학용, 읽기 6급, 쓰기 5급
次例
차례
①순서(順序) 있게 벌여 나가는 관계(關係)나 그 관계(關係)에서 본 하나 　②여럿을 각각(各各) 선후(先後)로 구분(區分)하여 벌인 것. 또는, 그 구분(區分)에 따라 각각(各各)에게 돌아오는 기회(機會)...
事例
사례
①일의 전례(前例) 　②일의 실례(實例)
類例
유례
같은 사례(事例), 비슷한 전례(前例)
條例
조례
①조목(條目)을 적은 규례(規例) 　②지방자치단체(地方自治團體)의 자주법(自主法). 지방자치단체(地方自治團體)는 그 행(行)하는 고유 사무(固有事務)와 위임(委任) 사무(事務)에 관(關)하여 법령(法令)에...

外
바깥 외 1. 바깥, 밖 2. 겉, 표면(表面) 3. 남, 타인(他人) 4. 외국(外國) 5. 외가(外家), 어머니나 아내의 친척 6. 사랑, 바깥채 7. 타향(他鄕), 남의 집 8. 언행(言行), 용모(容貌) 9. 앞, 이전(以前) 10. 민간(民間),... [부수]夕(저녁석) [총획]5획 [난이도]중학용, 읽기 8급, 쓰기 6급II
除外
제외
범위(範圍) 밖에 두어 빼어 놓음
海外
해외
＇바다 밖의 다른 나라＇라는 뜻으로 ＇외국(外國)＇을 일컫는 말
外交
외교
①일을 하기 위(爲)하여 밖의 사람과 교제(交際)함 　②제 나라의 대외(對外) 정책(政策)을 실현(實現)하고, 나라 사이에 생기는 일을 처리(處理)하기 위(爲)하여 다른 나라와 하는 교제(交際)
外換
외환
☞ 외국환(外國換)


-----------------------------------
초점

*****DEFINITION*****
(렌즈의) focus (focuses, foci), focal point 초점이 맞다 be in focus 3개 뜻 더보기 : (렌즈의) focus (focuses, foci), focal point
焦點
焦点 jiāo​diǎn​   *焦点* | 焦点* | *焦点 focus / focal point 焦點 HSK 6
焦
탈 초 1. 타다 2. 그을리다 3. 태우다 4. 탄내 나다 5. 바삭바삭하다 6. 초조(焦燥)하게 굴다 7. 안달하다(속을 태우며 조급하게 굴다) 8. 애태우다 [부수]灬(연화발) [총획]12획 [난이도]읽기 2급, 쓰기 1급
焦點
초점
①사물(事物)ㆍ관심(關心)ㆍ흥미(興味)가 집중(集中)되는 가장 중요(重要)한 부분(部分) 　②구면경ㆍ포물면경 등(等)에 있어서 광축에 평행(平行)한 입사 광선이 한 곳으로 모이는 점. 또는, 반사(反射)...
焦燥
초조
애를 태워서 마음을 졸이는 모양(模樣)
焦熱地獄
초열지옥
①팔열지옥(八熱地獄)의 하나 　②아주 덥거나 뜨거운 상태를 비유적으로 이르는 말 　③아주 고통스럽거나 어려운 상황을 비유적으로 이르는 말
焦勞
초로
(마음을)태우고 애씀

點
점 점,시들 다 1. 점(點: 작고 둥글게 찍은 표) 2. 흠, 얼룩 3. 물방울 4. 권점(圈點: 후보자의 이름 아래에 둥근 점을 찍던 일) 5. 측면(側面) 6. 시간(時間) 단위(單位) 7. 점찍다 8. 고치다 9. 불 붙이다, 켜다 10.... [부수]黑(검을흑) [총획]17획 [난이도]고등용, 읽기 4급, 쓰기 3급
焦點
초점
①사물(事物)ㆍ관심(關心)ㆍ흥미(興味)가 집중(集中)되는 가장 중요(重要)한 부분(部分) 　②구면경ㆍ포물면경 등(等)에 있어서 광축에 평행(平行)한 입사 광선이 한 곳으로 모이는 점. 또는, 반사(反射)...
時點
시점
시간(時間)의 흐름 위의 어떤 한 점(點)
點檢
점검
①낱낱이 검사(檢査)함. 점사(點査). 검점(檢點) 　②매주 토요일(土曜日)에 실시(實施)하는 순검(巡檢). 함내(艦內) 또는 병사(兵舍) 내(內)에서 1주일(週日) 동안의 보급품(補給品)ㆍ병원(兵員)ㆍ교육(敎育)...
虛點
허점
비거나 허술한 부분(部分), 빈점


-----------------------------------
일구다

*****DEFINITION*****
(개간하다)cultivate, reclaim 황무지를 일구다 cultivate the wasteland

-----------------------------------
부질없다

*****DEFINITION*****
vain, useless, futile 그녀는 부질없이 눈물만 흘리고 있었다 She was shedding tears in vain.

-----------------------------------
관점

*****DEFINITION*****
point of view, viewpoint, standpoint, perspective, angle 다양한 관점을 제시하다 present a variety of views
觀點
观点 guān​diǎn​   *观点* | 观点* | *观点 point of view / viewpoint / standpoint / CL: 個｜个 觀點 HSK 5
觀
볼 관 1. 보다 2. 보이게 하다 3. 보게 하다 4. 나타내다 5. 점치다(占--) 6. 모양 7. 용모(容貌) 8. 생각 9. 누각(樓閣: 문과 벽이 없이 다락처럼 높이 지은 집) 10. 황새 11. 괘(卦)의 이름 [부수]見(볼견) [총획]25획 [난이도]중학용, 읽기 5급II, 쓰기 4급II
觀光
관광
다른 지방(地方)이나 나라의 명승(名勝)ㆍ고적(古蹟)과 풍속(風俗) 등(等)을 돌아다니며 구경하는 것
觀測
관측
①자연(自然) 현상(現象)의 추이 　②변화(變化)를 정확(正確), 세밀(細密)하게 관찰(觀察)하여 수량적(數量的)인 측정(測定)을 헤아림 　③사물(事物)을 살펴 봄
客觀的
객관적
객관(客觀)을 기초(基礎)로 한 모양(模樣)
觀察
관찰
사물(事物)을 잘 살펴 봄

點
점 점,시들 다 1. 점(點: 작고 둥글게 찍은 표) 2. 흠, 얼룩 3. 물방울 4. 권점(圈點: 후보자의 이름 아래에 둥근 점을 찍던 일) 5. 측면(側面) 6. 시간(時間) 단위(單位) 7. 점찍다 8. 고치다 9. 불 붙이다, 켜다 10.... [부수]黑(검을흑) [총획]17획 [난이도]고등용, 읽기 4급, 쓰기 3급
焦點
초점
①사물(事物)ㆍ관심(關心)ㆍ흥미(興味)가 집중(集中)되는 가장 중요(重要)한 부분(部分) 　②구면경ㆍ포물면경 등(等)에 있어서 광축에 평행(平行)한 입사 광선이 한 곳으로 모이는 점. 또는, 반사(反射)...
時點
시점
시간(時間)의 흐름 위의 어떤 한 점(點)
點檢
점검
①낱낱이 검사(檢査)함. 점사(點査). 검점(檢點) 　②매주 토요일(土曜日)에 실시(實施)하는 순검(巡檢). 함내(艦內) 또는 병사(兵舍) 내(內)에서 1주일(週日) 동안의 보급품(補給品)ㆍ병원(兵員)ㆍ교육(敎育)...
虛點
허점
비거나 허술한 부분(部分), 빈점


-----------------------------------
