태도

*****DEFINITION*****
(마음가짐, 몸가짐) attitude (to/toward), manner (toward); (몸가짐) bearing, (formal) demeanor 그는 태도에 문제가 있다 He has an attitude problem. 2개 뜻 더보기 : (마음가짐, 몸가짐) attitude (to/toward), manner (toward); (몸가짐) bearing, (formal) demeanor
態度
态度 tài​du​   *态度* | 态度* | *态度 manner / bearing / attitude / approach / CL: 個｜个 態度 HSK 4
態
모습 태 1. 모습 2. 모양 3. 형태 4. 상태 5. 태도(態度) 6. 몸가짐 7. 몸짓 8. 생김새 [부수]心(마음심) [총획]14획 [난이도]고등용, 읽기 4급II, 쓰기 3급II
狀態
상태
사물(事物)이나 현상(現象)이 현재(現在) 처하여 있는 형편(形便)이나 모양(模樣)
事態
사태
①일이 되어 가는 형편(形便) 　②벌어진 일의 상태(狀態)
態度
태도
①속의 뜻이 드러나 보이는 겉모양(模樣) 　②몸을 가지는 모양(模樣). 스타일. 몸가짐
行態
행태
하는 짓과 몸가짐. 행동(行動)하는 모양(模樣)

度
법도 도,헤아릴 탁,살 택 1. 법도(法度), 법제(法制), 법(法) 2. 자, 도구(道具) 3. 도수(度數: 거듭하는 횟수), 횟수(回數), 번 4. 도(온도 등의 단위) 5. 기량(技倆ㆍ伎倆), 국량(局量: 남의 잘못을 이해하고 감싸주며 일을 능히... [부수]广(엄호) [총획]9획 [난이도]중학용, 읽기 6급, 쓰기 5급
程度
정도
①알맞은 한도(限度). 정한(定限) 　②얼마 가량의 분량(分量) 　③다른 것과 비교(比較)해서 우열(優劣)의 어떠함
制度
제도
①제정(制定)된 법규(法規) 　②나라의 법칙(法則) 　③국가(國家)ㆍ사회(社會) 구조(構造)의 체제(體制)
態度
태도
①속의 뜻이 드러나 보이는 겉모양(模樣) 　②몸을 가지는 모양(模樣). 스타일. 몸가짐
速度
속도
①움직이는 사물(事物)의 빠르기, 빠른 정도(程度) 　②물체(物體)의 운동(運動)을 나타내는 양(量)


-----------------------------------
승복하다

*****DEFINITION*****
submit (to), accept, acknowledge 선거 결과에 승복하다 accept the result of the election
承服
承 承 Chéng​   *承* | 承* | *承 surname Cheng / Cheng (c. 2000 BC), third of the legendary Flame Emperors 炎帝 descended from Shennong 神農｜神农 Farmer God
  承 chéng​   *承* | 承* | *承 to bear / to carry / to hold / to continue / to undertake / to take charge / owing to / due to / to receive
服 服 fú​   *服* | 服* | *服 clothes / dress / garment / to serve (in the military, a prison sentence etc) / to obey / to convince / to admire / to acclimatize / to take (medicine) / mourning clothes / to wear mourning clothes
  服 fù​   *服* | 服* | *服 dose (measure word for medicine) / Taiwan pr. [fu2]
承
이을 승,구원할 증 1. 잇다, 계승하다(繼承--) 2. 받들다 3. 받다, 받아들이다 4. 장가들다 5. 돕다 6. 도움 7. 후계(後繼), 후사(後嗣) 8. 절구(節句)에서 둘째 구의 이름 9. 차례(次例), 순서(順序) a. 구원하다(救援--)... [부수]手(손수) [총획]8획 [난이도]중학용, 읽기 4급II, 쓰기 3급II
承認
승인
①일정(一定)한 사실(事實)을 인정(認定)하는 행위(行爲) 　②어떤 사실(事實)을 인정(認定)하는 행위(行爲)
承諾
승낙
①청하는 바를 들어 줌 　②청약(請約)을 받아들이어 계약(契約)을 성립(成立)시키는 의사(意思) 표시(表示)
承化
승화
중국(中國) 신강성(新强省) 위구르 자치구(自治區) 최북부에 위치(位置)한 도시(都市). 아륵태(阿勒泰; 알타이)의 구명(舊名). 우룸치(Urumchi)의 북쪽 약 450km 지점(地點)임. 교역(交易)의 중심지(中心地)로서...
繼承
계승
조상(祖上)이나 전임자의 뒤를 이어받음

服
옷 복 1. 옷, 의복(衣服) 2. 복(服) 3. 일 4. 한 번에 마시는 약의 분량(分量) 5. 직책(職責), 직업(職業) 6. 일용품(日用品) 7. 전동(箭筒: 화살을 담아 두는 통) 8. 수레를 끄는 말 9. 올빼미(올빼밋과의 새)... [부수]月(달월) [총획]8획 [난이도]중학용, 읽기 6급, 쓰기 5급
克服
극복
①싸움에 이겨서 적을 복종(服從)시킴 　②곤란(困難)을 이겨내어 마음대로 함
衣服
의복
옷. 몸을 싸서 가리거나 보호(保護)하기 위하여 피륙 따위로 만들어 입는 물건(物件)
屈服
굴복
①굽혀 복종(服從)함 　②힘이 모자라 복종(服從)함
降服
항복
☞ 항복(降伏)


-----------------------------------
설득

*****DEFINITION*****
persuasion, persuade, convince, coax 그의 주장은 설득력이 부족하다 His argument lacks persuasion.
說得
說 说 shuì​   *说* | 说* | *说 to persuade 說
  说 shuō​   *说* | 说* | *说 to speak / to say / to explain / to scold / to tell off / a theory (usually in compounds such as 日心说 heliocentric theory) 說
得 得 dé​   *得* | 得* | *得 to obtain / to get / to gain / to catch (a disease) / proper / suitable / proud / contented / to allow / to permit / ready / finished
  得 de​   *得* | 得* | *得 structural particle: used after a verb (or adjective as main verb), linking it to following phrase indicating effect, degree, possibility etc HSK 2
  得 děi​   *得* | 得* | *得 to have to / must / ought to / to need to HSK 4
說
말씀 설,달랠 세,기뻐할 열,벗을 탈 1. 말씀 2. 문체(文體) 이름 3. 제사(祭祀) 이름 4. 말하다 5. 이야기하다 6. 서술하다(敍述--), 진술하다(陳述--) a. 달래다 (세) b. 유세하다(遊說--) (세) c. 기뻐하다, 기쁘다 (열) d. 즐거워하다... [부수]言(말씀언) [총획]14획 [난이도]중학용, 읽기 5급II, 쓰기 4급II
說明
설명
①일정(一定)한 내용(內容)을 상대편(相對便)이 잘 알 수 있도록 풀어 밝힘, 또는 그 말 　②일정(一定)한 사물(事物)의 있는 그대로의 상태(狀態)를 밝힐 뿐만 아니라, 그것이 어떠한 법칙(法則)에 의(依)해서...
演說
연설
여러 사람 앞에서 체계(體系)를 세워 자기(自己)의 주의(主義), 주장(主張)을 말함
說得
설득
여러 모로 설명(說明)하여 상대방(相對方)이 납득할 수 있도록 잘 알아듣게 함
辱說
욕설
①남을 저주(咀呪)하는 말 　②남을 미워하는 말 　③남의 명예(名譽)를 더럽히는 말. 방언(謗言)

得
얻을 득 1. 얻다 2. 손에 넣다 3. 만족하다(滿足--) 4. 고맙게 여기다 5. 깨닫다 6. 알다 7. 분명해지다(分明---) 8. 적합하다(適合--) 9. 이르다(어떤 장소나 시간에 닿다), 도달하다(到達--) 10. 이루어지다... [부수]彳(두인변) [총획]11획 [난이도]중학용, 읽기 4급II, 쓰기 3급II
所得
소득
①수입(收入)이 되는 이익(利益) 　②경제(經濟) 활동(活動)을 하는 주체(主體). 즉 개인(個人) 또는 법인(法人)이 일정(一定)한 기간(期間) 안에 생산(生産) 자원(資源)의 용역(用役)에 대(對)한 보수(報酬)로서...
納得
납득
①사리(事理)를 분별(分別)하여 해석(解釋)함 　②깨달아 앎 　③남의 말이나 행동(行動)을 잘 알아차려 이해(理解)함　④(남의 말이나 행동(行動), 또는 어떤 일 등(等)을) 헤아려 그것이 그럴 만하거나...
獲得
획득
얻어 내거나 얻어 가짐. 손에 넣음
旣得權
기득권
특정(特定)한 자연인(自然人) 또는 법인(法人)이 정당(正當)한 절차(節次)를 밟아 이미 법규(法規)에 의(依)하여 얻은 권리(權利)


-----------------------------------
당하다

*****DEFINITION*****
(좋지 않은 일을) 나는 며칠 전에 교통사고를 당했다 I had a car accident a couple of days ago. 3개 뜻 더보기 : (좋지 않은 일을)
當
当 dāng​   *当* | 当* | *当 to be / to act as / manage / withstand / when / during / ought / should / match equally / equal / same / obstruct / just at (a time or place) / on the spot / right / just at 當 HSK 4
当 dàng​   *当* | 当* | *当 at or in the very same... / suitable / adequate / fitting / proper / to replace / to regard as / to think / to pawn / (coll.) to fail (a student) 當
當
마땅 당 1. 마땅 2. 밑바탕, 바닥 3. 저당(抵當) 4. 갚음, 보수(報酬) 5. 갑자기 6. 이, 그 7. 마땅하다 8. (임무, 책임을)맡다 9. 당하다(當--), 대하다(對--) 10. 주관하다(主管--), 주장하다(主掌--) 11. 필... [부수]田(밭전) [총획]13획 [난이도]중학용, 읽기 5급II, 쓰기 4급II
該當
해당
어떤 조건(條件)에 들어맞음. 꼭 맞음
堪當
감당
일을 능히 맡아서 해냄
當局
당국
①어떤 일을 처리(處理)하는 임무(任務)를 맡고 있음 　②어떤 일을 담당(擔當)함. 또 그곳 　③정무(政務)의 중요(重要)한 자리를 차지하는 기관(機關) 　④어떤 정무(政務)를 맡아보는 관청(官廳), ...
當時
당시
일이 생긴 그때. 그때


-----------------------------------
경향

*****DEFINITION*****
(추세) tendency (to/toward), trend; (성향) inclination, disposition; (선천적) propensity 최신 패션 경향을 분석하다 analyze recent fashion trend
傾向
倾向 qīng​xiàng​   *倾向* | 倾向* | *倾向 trend / tendency / orientation 傾向 HSK 6
傾
기울 경 1. 기울다 2. 기울어지다 3. (마음을)기울이다 4. 비스듬하다 5. 바르지 않다 6. 다투다 7. 다치다 8. 잠깐 [부수]亻(사람인변) [총획]13획 [난이도]고등용, 읽기 4급, 쓰기 3급
傾向
경향
마음이나 형세(形勢)가 어느 한쪽으로 향(向)하여 기울어짐
右傾化
우경화
정치(政治) 동향(動向)이 우경으로 되거나 되게 함
傾斜
경사
①비스듬히 기울어짐, 또는 그 정도(程度)나 상태(狀態) 　②지층면(地層面)과 수평면(水平面)이 어떤 각도(角度)를 이룸, 또는 그 각도(角度)
傾聽
경청
주의(注意)를 기울여 열심히 들음

向
향할 향,성씨 상 1. 향하다(向--) 2. 나아가다 3. 길잡다 4. 바라보다 5. 대하다(對--) 6. 대접(待接)을 받다 7. 누리다 8. 권하다(勸--) 9. 흠향하다(歆饗--) 10. 메아리 치다 11. 제사(祭祀) 지내다 12. 방향(方向) 13.... [부수]口(입구) [총획]6획 [난이도]중학용, 읽기 6급, 쓰기 5급
方向
방향
①어떤 곳을 향한 쪽 　②어떤 움직임, 현상(現象), 뜻하는 바가 나아가는 목표(目標)가 되는 쪽
向上
향상
위나 앞을 향(向)해 발전(發展)함
動向
동향
①마음의 움직임. 개인(個人)이나 집단(集團)의 심리(心理)ㆍ행동(行動)이 움직이는 방향(方向) 　②현상(現象)이 움직이는 방향(方向) 　③사회(社會)나 조직(組織)ㆍ기구(機構)의 사조(思潮)ㆍ정세(情勢)...
向後
향후
①뒤미처(그 뒤에 곧 잇따라) 오는 때나 자리 　②이다음


-----------------------------------
애환

*****DEFINITION*****
'아리랑'은 한민족의 애환이 담겨 있는 노래다 The traditional Korean folk song "Arirang" embraces the joys and sorrows of the Korean people.
哀歡
哀 哀 Āi​   *哀* | 哀* | *哀 Ai (c. 2000 BC), sixth of legendary Flame Emperors 炎帝 descended from Shennong 神農｜神农 Farmer God, also known as Li 釐｜厘
  哀 āi​   *哀* | 哀* | *哀 sorrow / grief / pity / to grieve for / to pity / to lament / to condole
歡 欢 huān​   *欢* | 欢* | *欢 joyous / happy / pleased 歡
哀
슬플 애 1. 슬프다, 가엾다 2. 불쌍히 여기다, 가련하다(可憐--) 3. 사랑하다, 애지중지하다(愛之重之--) 4. 슬퍼하다, 마음을 아파하다 5. 민망(憫惘)히 여기다 6. 슬픔 7. 상중(喪中) 8. 슬프게, 애처로이 [부수]口(입구) [총획]9획 [난이도]중학용, 읽기 3급II, 쓰기 2급
哀悼
애도
사람의 죽음을 슬퍼함
悲哀
비애
①슬픔과 설움 　②슬퍼하고 서러워함
哀惜
애석
슬프고 아깝게 여김
哀痛
애통
슬프고 가슴 아파함

歡
기쁠 환 1. 기쁘다 2. 기뻐하다 3. 사랑하다 4. 좋아하다 5. 기쁨 6. 즐거움 [부수]欠(하품흠) [총획]22획 [난이도]중학용, 읽기 4급, 쓰기 3급
歡迎
환영
기쁜 마음으로 맞음
歡呼
환호
기쁘고 반가워서 고함(高喊)을 지름
歡喜
환희
①매우 즐거움 　②불법(佛法)을 듣고 믿음을 얻어 느끼는 기쁨
歡心
환심
기쁘고 즐거워 하는 마음


-----------------------------------
상사

*****DEFINITION*****
(상급자) (one's) superior, (one's) boss 상사의 명령에 복종하다 obey one's superior[boss]
上司
上司 shàng​si​   *上司* | 上司* | *上司 boss / superior
上
윗 상 1. 위, 윗 2. 앞 3. 첫째 4. 옛날 5. 이전 6. 임금 7. 군주(君主) 8. 사성의 일종(一種) 9. 높다 10. 올리다 11. 드리다 12. 진헌하다(進獻--: 임금께 예물을 바치다) 13. 오르다 14. 탈것을 타다 [부수]一(한일) [총획]3획 [난이도]중학용, 읽기 7급II, 쓰기 6급
以上
이상
①위치(位置)나 차례(次例)로 보아 어느 기준(基準)보다 위 　②수량(數量)이나 정도(程度)가 앞에 제시(提示)된 기준(基準)보다 많거나 높거나 큰 범위(範圍). 기준(基準)이 수량(數量)으로 제시(提示)될...
上昇
상승
위로 올라감. 오름
世上
세상
①인류(人類)가 살고 있는 지구(地球) 위 　②한 사람이 태어나서 죽을 때까지의 동안 　③활동(活動)하거나 생활(生活)하고 있는 사회(社會) 　④천상(天上)에 대(對)한 지상(地上) 　⑤제 마음대로 판을...
引上
인상
①끌어 올림 　②물건값(物件-)을 올림

司
맡을 사 1. (직무로서 어떤 일을)맡다 2. 엿보다, 살피다 3. 지키다, 수호하다(守護--) 4. 관아(官衙: 공무를 집행하는 곳) 5. 마을 6. 벼슬 7. 벼슬아치, 관리(官吏), 공무원(公務員) [부수]口(입구) [총획]5획 [난이도]고등용, 읽기 3급II, 쓰기 2급
司法
사법
법의 진행(進行). 법률(法律)을 실제(實際)의 사실(事實)에 적용(適用)하는 국가(國家) 작용(作用). 법률(法律)에 따른 민사(民事)ㆍ형사(刑事) 상(上)의 재판(裁判)
司法府
사법부
대법원(大法院) 및 그 소할(所轄)에 딸린 모든 기관(機關)의 총칭(總稱)
司令官
사령관
군대(軍隊) 등(等)에서 군(軍), 함대(艦隊) 따위를 지휘(指揮), 통솔(統率)하는 직책(職責)
上司
상사
①윗등급(等級)의 관아(官衙) 　②윗 관청(官廳), 상부(上府)


-----------------------------------
피차

*****DEFINITION*****
피차 잘된 일이다 It's good for both of us.
彼此
彼此 bǐ​cǐ​   *彼此* | 彼此* | *彼此 each other / one another HSK 5
彼
저 피 1. 저 2. 그 3. 저쪽 4. 덮다 5. 아니다 [부수]彳(두인변) [총획]8획 [난이도]중학용, 읽기 3급II, 쓰기 2급
於此彼
어차피
어차어피(於此於彼)의 준말
彼此
피차
①저것과 이것 　②서로
此一時彼一時
차일시피일시
①이때 한 일과 저 때 한 일이 서로 사정(事情)이 다름 　②이것도 저것도 다 한때임
到彼岸
도피안
①파라밀다(波羅蜜多)의 역어. 생사(生死)의 경계(境界)인 차안(此岸)에서 피안(彼岸)인 열반(涅槃)에 다다르는 일 　②또 그를 위(爲)한 보살(菩薩)의 수행(修行)

此
이 차 1. 이 2. 이에(발어사) [부수]止(그칠지) [총획]6획 [난이도]중학용, 읽기 3급II, 쓰기 2급
此際
차제
때마침 주어진 이 기회(機會)
於此彼
어차피
어차어피(於此於彼)의 준말
如此
여차
이와 같음. 이렇게
此後
차후
이 뒤. 이다음


-----------------------------------
동일

*****DEFINITION*****
[형용사] same (as) , identical (to/with) , equal (to) 동일한 조건이면 under the same[identical] conditions
同一
同一 tóng​yī​   *同一* | 同一* | *同一 identical / the same
同
한가지 동 1. 한가지 2. 무리(모여서 뭉친 한 동아리) 3. 함께(=同) 4. 그 5. 전한 바와 같은 6. 같다 7. 같이하다 8. 합치다(合--) 9. 균일(均一)하게 하다 10. 화합하다(和合--) 11. 모이다 12. 회동하다 [부수]口(입구) [총획]6획 [난이도]중학용, 읽기 7급, 쓰기 6급
共同
공동
①여러 사람이 일을 같이 함 　②여러 사람이 같은 자격(資格)으로 모이는 결합(結合)
同盟
동맹
①개인(個人)ㆍ단체(團體) 및 국가(國家)가 서로 공동(共同)의 목적(目的)을 이루기 위(爲)하여 동일(同一)한 행동(行動)을 취할 것을 맹세(盟誓)하여 맺는 약속(約束)이나 언약(言約) 　②또는, 그 결...
同時
동시
①같은 때 　②같은 시간(時間) 　③같은 시기(時期) 　④같은 시대(時代)
同僚
동료
①같은 곳에서 같은 일을 보는 사람 　②임무(任務)가 같은 사람

一
한 일 1. 하나, 일 2. 첫째, 첫번째 3. 오로지 4. 온, 전, 모든 5. 하나의, 한결같은 6. 다른, 또 하나의 7. 잠시(暫時), 한번 8. 좀, 약간(若干) 9. 만일(萬一) 10. 혹시(或時) 11. 어느 12. 같다, 동일하다(同一--) [부수]一(한일) [총획]1획 [난이도]중학용, 읽기 8급, 쓰기 6급II
一部
일부
①전체(全體)의 한 부분(部分) 　②한번
一般
일반
①한 모양(模樣) 　②같은 모양(模樣) 　③보통(普通) 　④특별(特別)히 정(定)한 어떤 일부(一部)가 아니라, 전체(全體)에 두루 해당(該當)되는 것
一旦
일단
①한번 　②일조(一朝)　③우선(于先) 잠깐
一定
일정
①하나로 고정(固定)되어 움직이지 않음. 변동(變動)이 없음. 　②어떤 기준(基準)에 의(依)해 범위(範圍)나 방향(方向) 따위가 정(定)해져 있음


-----------------------------------
돌변하다

*****DEFINITION*****
change abruptly[suddenly] 날씨가 돌변했다 The weather suddenly changed.
突變
突变 tū​biàn​   *突变* | 突变* | *突变 sudden change / mutation 突變
突
갑자기 돌 1. 갑자기 2. 갑작스럽다 3. 내밀다 4. 쑥 나오다 5. 부딪치다 6. 구멍을 파서 뚫다 7. 굴뚝 8. 대머리 9. 사나운 말 [부수]穴(구멍혈) [총획]9획 [난이도]고등용, 읽기 3급II, 쓰기 2급
衝突
충돌
①서로 대질러서 부딪침 　②쌍방(雙方)의 의견(意見)이 맞지 아니하여 서로 맞섬
突入
돌입
어떤 곳이나 상태(狀態)에 기세(氣勢) 있게 뛰어드는 것
突破
돌파
ⓛ무찔러 깨뜨림. 뚫어 깨뜨림. 특(特)히 전투행위(戰鬪行爲)에서 적의 부대(部隊)나 함대(艦隊)를 정면으로 공격(攻擊)해서 분단(分斷)함 　②어떤 기준(基準)에 도달(到達)하여 그것을 넘음
突破口
돌파구
①견고(堅固)한 진지(陣地) 등(等)의 한쪽을 돌파하여 만든 공격로(攻擊路) 　②곤란(困難)한 문제(問題) 따위를 해결(解決)하는 실마리

變
변할 변 1. 변하다(變--), 변화하다(變化--) 2. 고치다, 변경하다(變更--) 3. 변통하다(變通--) 4. 움직이다 5. (조정에)고변하다(告變--) 6. 놀라게 하다 7. 다투다 8. 속이다 9. 어그러지다 10. 좁다 11. 변화(變化)... [부수]言(말씀언) [총획]23획 [난이도]중학용, 읽기 5급II, 쓰기 4급II
變化
변화
모양(模樣)이나 성질(性質)이 바뀌어 달라짐
變更
변경
바꾸어 고침
變數
변수
①어떠한 대응(對應) 관계(關係)로 변화(變化)하는 수(數) 　②함수(函數) 관계(關係)로 대응(對應)하여 주어진 범위(範圍) 안에서 변화(變化)하는 수(數)
變動
변동
움직여서 달라지거나 달라지게 함. 변(變)하여 움직임. 바뀌어 달라짐. 고침


-----------------------------------
위선

*****DEFINITION*****
hypocrisy 위선적인 hypocritical
僞善
僞 伪 wěi​   *伪* | 伪* | *伪 variant of 偽｜伪 僞
善 善 shàn​   *善* | 善* | *善 good (virtuous) / benevolent / well-disposed / good at sth / to improve or perfect
僞
거짓 위,잘못 될 와 1. 거짓 2. 사투리(=訛) 3. 잘못 4. 작위(作爲: 의식적으로 꾸며서 하는 행위) 5. 속이다 6. 그릇 되게 바뀌다 7. 그런양 나타내 보이다 a. 잘못 되다 (와) b. 틀리다 (와) c. 고치다, 변화시키다(變化---)... [부수]亻(사람인변) [총획]14획 [난이도]고등용, 읽기 3급II, 쓰기 2급
僞幣
위폐
위조(僞造)한 화폐(貨幣), 지폐(紙幣)
虛僞
허위
①사실(事實)이 아닌 것을 사실(事實)처럼 꾸민 것 　②없는 사실(事實)을 거짓으로 꾸밈
眞僞
진위
정말과 거짓말. 진짜와 가짜
僞裝
위장
①본래(本來)의 속셈이나 모습이 드러나지 않도록 거짓으로 꾸미는 것. 또는, 그러한 수단(手段)이나 방법(方法) 　②병력(兵力)ㆍ장비(裝備)ㆍ시설(施設) 등(等) 공격(攻擊)의 대상물(對象物)이 적의...

善
착할 선 1. 착하다 2. 좋다 3. 훌륭하다 4. 잘하다 5. 옳게 여기다 6. 아끼다 7. 친하다(親--) 8. 사이좋다 9. 착하고 정당하여 도덕적(道德的) 기준(基準)에 맞는 것 [부수]口(입구) [총획]12획 [난이도]중학용, 읽기 5급, 쓰기 4급
改善
개선
잘못을 고쳐 좋게 함
最善
최선
①가장 좋음 　②가장 적합(適合)함 　③전력(全力)
善惡
선악
착한 것과 악(惡)한 것. 선과 악
善意
선의
①선량(善良)한 마음. 착한 마음 　②남을 위(爲)해서 좋게 보거나 좋은 면을 보려고 하는 마음 　③관계(關係)의 발생(發生)과 소멸(消滅) 및 그 효력(效力)에 영향(影響)을 끼치는 사실(事實)을 모름


-----------------------------------
기능

*****DEFINITION*****
(작용) function 이 휴대전화는 다양한 기능이 있다 This cellphone has various functions.
機能
机能 jī​néng​   *机能* | 机能* | *机能 function 機能
機
틀 기 1. 틀, 기계 2. 베틀 3. 기틀, 고동(기계 장치) 4. 재치 5. 기교(技巧) 6. 거짓 7. 허위 8. 기회(機會) 9. 때, 시기(時期) 10. 계기(契機) 11. 권세(權勢) 12. 갈림길, 분기점(分岐點) 13. 찌(글을 써서... [부수]木(나무목) [총획]16획 [난이도]고등용, 읽기 4급, 쓰기 3급
契機
계기
일이 일어나거나 결정(決定)되는 근거(根據)
機關
기관
①물건(物件)을 활동(活動)시키는 장치(裝置)를 하여 놓은 기계(機械) 　②열에너지를 받아 이것을 기계적(機械的) 에너지로 하여 딴 데로 보내는 기계(機械) 장치(裝置). 곧 증기기관(蒸氣機關). 내연(內燃)...
危機
위기
①위험(危險)한 고비 　②위험(危險)한 경우(境遇)
機會
기회
①공교(工巧)롭게 보람 있는 고비 　②기대(期待)하던 그때, 일을 하기에 적당(適當)한 시기(時期)

能
능할 능,견딜 내 1. 능하다(能--) 2. 능(能)히 할 수 있다 3. 기량(技倆ㆍ伎倆)을 보이다 4. 재능(才能)이 있다 5. 화목하게 지내다 6. ~할 수 있다 7. 응당 ~해야 한다 8. 능력(能力) 9. 재능(才能) 10. 인재(人才) 11.... [부수]月(육달월) [총획]10획 [난이도]중학용, 읽기 5급II, 쓰기 4급II
可能性
가능성
①가능(可能)한 성질(性質) 　②완성(完成)될 수 있는 성질(性質) 　③일정(一定)한 조건(條件) 밑에 현실적(現實的)이 될 수 있는 자격(資格)을 갖고 있는 일
能力
능력
①일을 감당(堪當)하거나 해결(解決)해 낼 수 있는 힘 　②어떤 일에 대(對)하여 요구(要求)되고 적당(適當)하다고 인정(認定)되는 자격(資格)
可能
가능
①할 수 있음 　②될 수 있음 　③사유(思惟) 상(上) 모순이 없음
機能
기능
①어느 기관(機關)이 그 기관(機關)으로써 작용(作用)할 수 있는 능력(能力) 또는 작용(作用) 　②작용(作用), 활동(活動)


-----------------------------------
