작사

*****DEFINITION*****
[동사] write the words (to/for a song), write the lyrics (to/for a song) 김동진 작사 작곡 words and music by Kim Dong-jin
作詞
作 作 zuō​   *作* | 作* | *作 worker / workshop / (slang) troublesome / high-maintenance (person)
  作 zuò​   *作* | 作* | *作 to do / to grow / to write or compose / to pretend / to regard as / to feel / writings or works
詞 词 cí​   *词* | 词* | *词 word / statement / speech / lyrics / CL: 組｜组, 個｜个 / classical Chinese poem / CL: 首 詞
作
지을 작,저주 저,만들 주 1. 짓다, 만들다 2. 창작하다(創作--) 3. 일하다, 노동하다(勞動--) 4. 행하다(行--), 행동하다(行動--) 5. 부리다, ~하게 하다 6. 일어나다 7. 일으키다 8. 이르다(어떤 정도나 범위에 미치다), 미치... [부수]亻(사람인변) [총획]7획 [난이도]중학용, 읽기 6급II, 쓰기 5급II
始作
시작
①처음으로 함 　②하기를 비롯함
副作用
부작용
①약이 지닌 그 본래(本來)의 작용(作用) 이외(以外)에 부수되어 일어나는 작용(作用). 보통(普通) 유해(有害)한 것을 이름 　②어떤 일에 부수되어 일어나는 바람직하지 못한 일
製作
제작
①재료(材料)를 가지고 물건(物件)을 만듦 　②제술(製述) 　③영화(映畫)ㆍ연극(演劇)ㆍ방송(放送) 프로 등(等)을 맡은 사람이 협력(協力)하여 만듦
作業
작업
①일터에서 연장이나 기계(機械)를 가지고 일을 함 　②또는, 그러한 일

詞
말 사,글 사 1. 말, 말씀 2. 시문(詩文) 3. 문체(文體) 이름 4. 글, 문장(文章) 5. 말하다 6. 고하다(告--) 7. 알리다 8. 잇다 9. 청하다(請--) 10. 호소하다(呼訴--) 11. 계승하다(繼承--) [부수]言(말씀언) [총획]12획 [난이도]고등용, 읽기 3급II, 쓰기 2급
動詞
동사
사물(事物)의 동작(動作)이나 작용(作用)을 나타내는 품사(品詞). 그 뜻과 쓰임에 따라 본동사(本動詞)와 조동사(助動詞)로, 성질(性質)에 따라 자동사(自動詞)와 타동사(他動詞)로, 어미(語尾)의 변화(變化)...
歌詞
가사
①가극(歌劇)ㆍ가요곡(歌謠曲)ㆍ가곡(歌曲) 등(等)에서 노래 내용(內容)이 되는 글. 노랫말 　②가사(歌辭)
名詞
명사
사물(事物)의 이름을 나타내는 낱말 갈래. 그 쓰이는 범위(範圍)로 보아 두루이름씨와 홀이름씨, 자립성(自立性)의 있고 없음을 따라 옹근이름씨와 매인이름씨 들로 나뉨
名詞形
명사형
풀이씨가 임자씨 노릇을 나타내는 끝바꿈꼴. 그 씨 끝에 ＇쏘기, 잡기, 쏨, 잡음＇에서 ＇-기, -ㅁ, -음＇ 등(等)이 있음


-----------------------------------
사연

*****DEFINITION*****
(이야기) story (사정) situation, circumstances; (이유) reason 그녀는 사연 많은 인생을 살았다 She's had a difficult life.
事緣
事 事 shì​   *事* | 事* | *事 matter / thing / item / work / affair / CL: 件, 樁｜桩, 回
緣 缘 yuán​   *缘* | 缘* | *缘 cause / reason / karma / fate / predestined affinity / margin / hem / edge / along 緣
事
일 사 1. 일 2. 직업(職業) 3. 재능(才能) 4. 공업(工業), 사업(事業) 5. 관직(官職), 벼슬 6. 국가(國家) 대사(大事) 7. 경치(景致), 흥치(興致) 8. 변고(變故), 사고(事故) 9. 벌(옷을 세는 단위) 10. 섬기다... [부수]亅(갈고리궐) [총획]8획 [난이도]중학용, 읽기 7급II, 쓰기 6급
事實
사실
①실제(實際)로 있었던 일, 또는 있는 일 　②법률(法律) 상(上)으로 효과(效果)를 내는 현상(現象)이나 경험(經驗) 　③생각하였거나 말한 일에 대(對)하여 현실(現實)로 이루어졌거나 일어난 일로서...
事件
사건
①뜻밖에 일어난 사고(事故) 　②사회적(社會的) 관심(關心)이나 주목(注目)을 끌 만한 일
事態
사태
①일이 되어 가는 형편(形便) 　②벌어진 일의 상태(狀態)
事例
사례
①일의 전례(前例) 　②일의 실례(實例)

緣
인연 연,부인 옷 이름 단 1. 인연(因緣), 연줄 2. 연분(緣分) 3. 가장자리, 가선(-縇: 의복의 가장자리를 딴 헝겊으로 가늘게 싸서 돌린 선) 4. 까닭, 이유(理由) 5. 가설(架設) 6. 장식(裝飾) 7. 겉(물체의 바깥 부분) 8. 연유... [부수]糸(실사) [총획]15획 [난이도]고등용, 읽기 4급, 쓰기 3급
因緣
인연
①어떤 사물(事物)들 사이에 맺어지는 관계(關係). 내력(來歷) 　②연분. 어떤 사물과 관계되는 연줄 　③결과(結果)를 얻을 직접(直接) 원인(原因)과 그 인(因)으로 말미암아 얻을 간접적(間接的)인 힘....
事緣
사연
일의 앞 뒤 사정(事情)과 까닭
緣故
연고
①까닭 　②사유(事由) 　③어떤 인연(因緣)으로 맺어진 관계(關係)
學緣
학연
출신(出身) 학교(學校)에 따른 연고(緣故) 관계(關係)


-----------------------------------
중병

*****DEFINITION*****
serious illness[disease], severe illness[disease] 중병에 걸리다 get a serious illness
重病
重病 zhòng​bìng​   *重病* | 重病* | *重病 serious illness
重
무거울 중,아이 동 1. 무겁다 2. 소중하다(所重--), 귀중하다(貴重--) 3. 자주 하다, 거듭하다 4. 무겁게 하다, 소중(所重)히 하다 5. 삼가다(몸가짐이나 언행을 조심하다), 조심하다 6. 보태다, 곁들이다 7. 붓다(살가죽이나... [부수]里(마을리) [총획]9획 [난이도]중학용, 읽기 7급, 쓰기 6급
重要
중요
매우 귀중(貴重)하고 소중(所重)함
愼重
신중
매우 조심스러움
尊重
존중
높이고 중(重)히 여김
比重
비중
①어떤 물체(物體)의 무게와 그와 같은 부피의 섭씨(攝氏) 4도의 물의 무게와의 비 　②다른 사물(事物)과 견주어지는 사물(事物)의 중요성(重要性)

病
병 병 1. 병(病), 질병(疾病) 2. 근심 3. 흠, 결점(缺點), 하자(瑕疵) 4. 성벽(性癖), 좋지 않은 버릇 5. 손해(損害) 6. 병들다(病--), 앓다 7. 피로하다(疲勞--), 지치다 8. 시들다, 마르다 9. 괴로워하다 10.... [부수]疒(병질엄) [총획]10획 [난이도]중학용, 읽기 6급, 쓰기 5급
痼疾病
고질병
①오래도록 낳지 아니하여 고치기 어려운 병　②오래되어 바로잡기 어렵게 된 나쁜 버릇
病院
병원
①병든 사람을 진찰(診察), 치료(治療) 및 예방(豫防)하기 위(爲)하여 설비(設備)를 갖추어 놓은 곳 　②병든 사람 스무 명 이상(以上)을 수용(收容)하면서 치료(治療)할 수 있는 시설(施設)을 한 곳
疾病
질병
①신체(身體)의 온갖 기능(機能)의 장애(障礙)로 말미암은 병 　②건강(健康)하지 않은 상태(狀態) 질환(疾患)
病弊
병폐
병통(病痛)과 폐단(弊端)


-----------------------------------
재발

*****DEFINITION*****
[명사] (formal) recurrence; (질병의) relapse (into) , [동사] recur, have a relapse 병의 재발을 막다 prevent a recurrence of an illness
再發
再发 zài​fā​   *再发* | 再发* | *再发 to reissue 再發
再
두 재 1. 두, 두 번 2. 재차, 거듭, 다시 한 번 3. 두 번 하다, 거듭하다 [부수]冂(멀경몸) [총획]6획 [난이도]중학용, 읽기 5급, 쓰기 4급
再檢討
재검토
한 번 검토(檢討)한 것을 다시 검토(檢討)함
再開
재개
①다시 엶 　②다시 시작(始作)함
再建築
재건축
무너질 위험(危險)이 있거나 일정(一定)한 연한을 넘긴 공동(共同) 주택(住宅)을 허물고 다시 지음
再建
재건
①무너진 것을 다시 일으켜 세움 　②단체(團體)나 모임 등(等)을 다시 조직(組織)함

發
필 발 1. 피다 2. 쏘다 3. 일어나다 4. 떠나다 5. 나타나다 6. 드러내다 7. 밝히다 8. 들추다 9. 계발하다(啓發--) 10. 베풀다(일을 차리어 벌이다, 도와주어서 혜택을 받게 하다) 11. 빠른 발 모양 [부수]癶(필발머리) [총획]12획 [난이도]중학용, 읽기 6급II, 쓰기 5급II
發表
발표
널리 드러내어 세상(世上)에 알림
發展
발전
①한 상태(狀態)로부터 더 잘 되고 좋아지는 상태(狀態)로 일이 옮아가는 과정(過程) 　②널리 뻗어 나감
開發
개발
①미개지(未開地)를 개척(開拓)하여 발전(發展)시킴 　②산업(産業)을 일으켜 자원(資源)으로 인간(人間) 사회(社會)를 도움 　③아이들을 교육(敎育)시키는 데 문답식을 써서 자발적(自發的)으로 이해...
發生
발생
①(어떤 사건(事件)이나 사물(事物) 현상(現象)이 어느 곳 또는 세상(世上)에) 생겨나거나 나타나는 것 　②(생물학(生物學)ㆍ생리학) 세포(細胞)의 증식(增殖)ㆍ분화(分化)ㆍ형태(形態) 형성(形成) 등(等)에...


-----------------------------------
하루살이

*****DEFINITION*****
(벌레) mayfly 2개 뜻 더보기 : (벌레) mayfly

-----------------------------------
엿보다

*****DEFINITION*****
(몰래 보다) peep (into/through), peek (at/through/into) 그는 창고 안을 엿보았다 He peeped into the shed. 4개 뜻 더보기 : (몰래 보다) peep (into/through), peek (at/through/into)

-----------------------------------
구덩이

*****DEFINITION*****
hole, pit; (폭발 등으로 생긴) crater 운석구덩이 a meteorite[meteor] crater

-----------------------------------
