결산

*****DEFINITION*****
(수입과 지출의) [명사] settlement of accounts, balancing[closing] accounts, [동사] settle[balance] accounts 매월 말에 매출을 결산하다 settle sales accounts at the end of every month 2개 뜻 더보기 : (수입과 지출의) [명사] settlement of accounts, balancing[closing] accounts, [동사] settle[balance] accounts
決算
决算 jué​suàn​   *决算* | 决算* | *决算 final account / to calculate the final bill / fig. to draw up plans to deal with sth 決算
決
결단할 결,빠를 혈 1. 결단하다(決斷--), (승부를)가리다 2. 결정하다(決定--), 분별하다(分別--), 판단하다(判斷--) 3. 과감하다(果敢--) 4. 틔우다, 흐르게 하다 5. 터지다, 열리다 6. 자르다, 절단하다(切斷ㆍ截斷--)... [부수]氵(삼수변) [총획]7획 [난이도]중학용, 읽기 5급II, 쓰기 4급II
決定
결정
①마지막으로 작정(作定)함, 일의 매듭을 지음 　②법원(法院)에서 행(行)하는 판결(判決) 및 명령(命令) 이외(以外)의 판결(判決)
解決
해결
①얽힌 일을 풀어 처리(處理)함 　②문제(問題)를 풀어서 결말(結末)을 지음 　③안어울림음을 어울림음으로 이끄는 일 따위
判決
판결
①시비(是非). 선악(善惡)을 가리어 결정(決定)함. 부결(剖決) 　②민사소송법(民事訴訟法)에서 소송(訴訟)에 대(對)하여, 구두(口頭) 변론(辯論) 또는 공판(公判)의 결과(結果)에 의(依)하여 행(行)해지는...
決裂
결렬
①여러 갈래로 찢어짐 　②의견(意見)이 일치(一致)하지 아니하여 각각(各各) 헤어짐

算
셈 산 1. 셈 2. 계산(計算) 3. 수(數), 수효(數爻) 4. 산가지(算--: 수효를 셈하는 데에 쓰던 막대기) 5. 나이, 수명(壽命) 6. 지혜(智慧ㆍ知慧), 슬기 7. 대그릇(대로 만든 그릇) 8. 세금(稅金) 9. 셈하다 10.... [부수]竹(대죽) [총획]14획 [난이도]중학용, 읽기 7급, 쓰기 6급
豫算
예산
①필요(必要)한 금액(金額) 따위를 미리 한 계산(計算) 　②국가(國家)나 단체(團體)에서 수입(收入)과 지출(支出)을 미리 셈하여 정(定)한 계획(計劃). 재무(財務) 예산(豫算), 추가(追加) 경정(更正)...
計算
계산
①수량(數量)을 헤아림 　②식의 운산으로 수치(數値)를 구(求)해 내는 일
淸算
청산
①상호(相互) 간(間)에 채무(債務)ㆍ채권(債權) 관계(關係)를 셈하여 깨끗이 정리(整理)함 　②회사(會社)ㆍ조합(組合) 등(等)의 법인(法人)이 해산(解散)할 때에 뒤처리(-處理)로서 재산(財産) 관계(關係)...
推算
추산
①짐작(斟酌)으로 미뤄서 셈침 　②또는 그 계산(計算)


-----------------------------------
임기응변

*****DEFINITION*****
일을 임기응변으로 처리하다 take care of matters as they come
臨機應變
随机应变 suí​jī​yìng​biàn​   *随机应变* | 随机应变* | *随机应变 to change according to the situation (idiom); pragmatic 隨機應變
臨
임할 임,임할 림 1. 임하다(臨--: 어떤 사태나 일에 직면하다) 2. 내려다보다 3. 다스리다, 통치하다(統治--) 4. 대하다(對--), 뵙다 5. 비추다, 비추어 밝히다 6. 본떠 그리다 7. 접근하다(接近--) 8. 지키다 9. 치다,... [부수]臣(신하신) [총획]17획 [난이도]고등용, 읽기 3급II, 쓰기 2급
臨時
임시
①얼마 동안의 시간(時間) 　②본래(本來) 정(定)해져 있는 것이 아닌, 어떤 일에 당(當)하여 정(定)한 때 　③정(定)해진 시간(時間)에 다다름. 또는, 그 무렵
臨時國會
임시국회
필요(必要)에 따라 임시(臨時)로 소집(召集)하는 국회(國會)
君臨
군림
①임금으로서 나라를 다스리는 것 　②어떤 분야(分野)나 세계(世界)에서 강력(强力)한 세력(勢力)이나 영향력(影響力)을 가지고 지배적(支配的)인 위치(位置)를 차지하는 것. 비유적(比喩的)인 말임
臨時變通
임시변통
갑자기 생긴 일을 우선(于先) 임시(臨時)로 둘러맞춰서 처리(處理)함

機
틀 기 1. 틀, 기계 2. 베틀 3. 기틀, 고동(기계 장치) 4. 재치 5. 기교(技巧) 6. 거짓 7. 허위 8. 기회(機會) 9. 때, 시기(時期) 10. 계기(契機) 11. 권세(權勢) 12. 갈림길, 분기점(分岐點) 13. 찌(글을 써서... [부수]木(나무목) [총획]16획 [난이도]고등용, 읽기 4급, 쓰기 3급
契機
계기
일이 일어나거나 결정(決定)되는 근거(根據)
機關
기관
①물건(物件)을 활동(活動)시키는 장치(裝置)를 하여 놓은 기계(機械) 　②열에너지를 받아 이것을 기계적(機械的) 에너지로 하여 딴 데로 보내는 기계(機械) 장치(裝置). 곧 증기기관(蒸氣機關). 내연(內燃)...
危機
위기
①위험(危險)한 고비 　②위험(危險)한 경우(境遇)
機會
기회
①공교(工巧)롭게 보람 있는 고비 　②기대(期待)하던 그때, 일을 하기에 적당(適當)한 시기(時期)

應
응할 응 1. 응하다(應--) 2. 대답하다(對答--) 3. 맞장구치다 4. 승낙하다(承諾--) 5. 화답하다(和答--) 6. 당하다(當--) 7. 응당 ~하여야 한다 8. 받다 9. 아마도 10. 조짐(兆朕)이나 대답(對答) 11. 성(姓)의... [부수]心(마음심) [총획]17획 [난이도]중학용, 읽기 4급II, 쓰기 3급II
對應
대응
①마주 대함 　②상대(相對)함 　③서로 같음. 상등(相等)함 　④상대(相對)에 응(應)하여 수작함 　⑤합동(合同)되는 도형(圖形)의 서로 같은 점ㆍ변ㆍ면 또는 대칭(對稱)되는 두 도형(圖形)에서 서로...
反應
반응
①자극(刺戟)이나 작용(作用)에 대응(對應)하여 일어남 　②또는, 그 일어나는 현상(現象). 어떤 물질(物質)이 그 성질(性質)이나 짜임새가 변화(變化)함 　③또는, 그 변화(變化) 　④배반(背反)하여...
適應
적응
①걸맞아서 서로 어울림 　②개인(個人)이 어떠한 경우(境遇)에 순응(順應)하기에 이르는 과정(過程) 　③약이 병에 맞아서 잘 들음 　④동식물(動植物)이 환경(環境)에 걸맞게 그 형태(形態)와 버릇을...
應答
응답
물음이나 부름에 응(應)하여 대답(對答)함

變
변할 변 1. 변하다(變--), 변화하다(變化--) 2. 고치다, 변경하다(變更--) 3. 변통하다(變通--) 4. 움직이다 5. (조정에)고변하다(告變--) 6. 놀라게 하다 7. 다투다 8. 속이다 9. 어그러지다 10. 좁다 11. 변화(變化)... [부수]言(말씀언) [총획]23획 [난이도]중학용, 읽기 5급II, 쓰기 4급II
變化
변화
모양(模樣)이나 성질(性質)이 바뀌어 달라짐
變更
변경
바꾸어 고침
變數
변수
①어떠한 대응(對應) 관계(關係)로 변화(變化)하는 수(數) 　②함수(函數) 관계(關係)로 대응(對應)하여 주어진 범위(範圍) 안에서 변화(變化)하는 수(數)
變動
변동
움직여서 달라지거나 달라지게 함. 변(變)하여 움직임. 바뀌어 달라짐. 고침


-----------------------------------
