갑절

*****DEFINITION*****
남보다 갑절 열심히 일하다 work twice as hard as others

-----------------------------------
스승

*****DEFINITION*****
teacher 스승과 제자 a teacher and pupil[student]

-----------------------------------
물꼬

*****DEFINITION*****
(논의) 논의 물꼬를 트다 open the sluice gate of a paddy 2개 뜻 더보기 : (논의)

-----------------------------------
당대

*****DEFINITION*****
그녀는 당대 제일의 미인이었다 She was the reigning beauty of the day.
當代
当代 dāng​dài​   *当代* | 当代* | *当代 the present age / the contemporary era 當代 HSK 5
當
마땅 당 1. 마땅 2. 밑바탕, 바닥 3. 저당(抵當) 4. 갚음, 보수(報酬) 5. 갑자기 6. 이, 그 7. 마땅하다 8. (임무, 책임을)맡다 9. 당하다(當--), 대하다(對--) 10. 주관하다(主管--), 주장하다(主掌--) 11. 필... [부수]田(밭전) [총획]13획 [난이도]중학용, 읽기 5급II, 쓰기 4급II
該當
해당
어떤 조건(條件)에 들어맞음. 꼭 맞음
堪當
감당
일을 능히 맡아서 해냄
當局
당국
①어떤 일을 처리(處理)하는 임무(任務)를 맡고 있음 　②어떤 일을 담당(擔當)함. 또 그곳 　③정무(政務)의 중요(重要)한 자리를 차지하는 기관(機關) 　④어떤 정무(政務)를 맡아보는 관청(官廳), ...
當時
당시
일이 생긴 그때. 그때

代
대신할 대 1. 대신하다(代身--), 대리하다(代理--) 2. 교체하다(交替ㆍ交遞--), 번갈아들다 3. 시대(時代) 4. 일생(一生) 5. 세대(世代) 6. 대리(代理) 7. 대금(代金) 8. 계승(繼承)의 차례(次例) 9. 번갈아 [부수]亻(사람인변) [총획]5획 [난이도]중학용, 읽기 6급II, 쓰기 5급II
代表
대표
①전체(全體)의 상태(狀態)나 성질(性質)을 어느 하나로 잘 나타내는 일. 또는, 나타낸 그것 　②어떤 일을 집단(集團)을 대신(代身)하여 하는 것. 또는, 그 사람 　③(법률(法律)ㆍ법학) 법인(法人)ㆍ...
代替
대체
다른 것으로 바꿈
時代
시대
역사적(歷史的)으로 구분(區分)한 어떤 기간(期間)
代身
대신
①남을 대리(代理) 함 　②새것으로나 다른 것으로 바꾸어 갈아 채움 　③어떠한 행위(行爲)나 현상(現象)에 상응(相應)하는 것이거나 그의 대가(代價)임을 나타내는 말


-----------------------------------
전수

*****DEFINITION*****
[동사] (기술 등을 전해 받음) learn (as an apprentice) 그녀는 어머니에게 된장을 담그는 법을 전수받았다 She learned the way of making soybean paste from her mother.
傳受
傳 传 chuán​   *传* | 传* | *传 to pass on / to spread / to transmit / to infect / to transfer / to circulate / to conduct (electricity) 傳
  传 zhuàn​   *传* | 传* | *传 biography / historical narrative / commentaries / relay station 傳
受 受 shòu​   *受* | 受* | *受 to receive / to accept / to suffer / subjected to / to bear / to stand / pleasant / (passive marker)
傳
전할 전 1. 전하다(傳--) 2. 펴다 3. 널리 퍼뜨리다 4. 전해 내려오다 5. 퍼지다 6. 옮기다 7. 알리다 8. 전기(傳記: 사람의 일대기) 9. 현인의 저서, 고서 10. 경서(經書)의 주해(註解), 주석(註釋) 11. 역(驛),... [부수]亻(사람인변) [총획]13획 [난이도]중학용, 읽기 5급II, 쓰기 4급II
傳達
전달
①전(傳)하여 이르게 함 　②명령(命令)ㆍ지시(指示)ㆍ연락(連絡) 사항(事項) 등(等)을 구두(口頭) 또는 서류(書類)로 전(傳)함 　③흥분(興奮)이 신경(神經)ㆍ근육(筋肉)의 접합부(接合部)에 전(傳)해지는...
宣傳
선전
사상(思想), 이론(理論), 지식(知識) 또는 사실(事實) 등(等)을 대중(大衆)에게 널리 인식(認識)시키는 일
遺傳子
유전자
생물체(生物體)의 개개의 유전(遺傳) 형질(形質)을 발현(發現)시키는 근원(根源)이 되는 것. 염색체(染色體) 중(中)에 일정(一定)한 순서(順序)로 배열(配列)되어, 생식(生殖) 세포(細胞)를 통(通)하여...
傳播
전파
①전(傳)하여 널리 퍼뜨림. 전포(傳布). 파전(播傳) 　②파동(波動)이 매질(媒質) 속을 펴져 감

受
받을 수 1. 받다 2. 거두어들이다, 회수하다(回收--) 3. 받아들이다, 받아들여 쓰다, 배우다 4. 얻다, (이익을)누리다 5. 주다, 내려 주다, 수여하다(授與--) 6. 담보하다(擔保--) 7. 응하다(應--), 들어주다 8.... [부수]又(또우) [총획]8획 [난이도]중학용, 읽기 4급II, 쓰기 3급II
受容
수용
(남의 문물(文物)이나 의견(意見) 등(等)을) 인정(認定)하거나 용납(容納)하여 받아들이는 것
受諾
수락
요구(要求)를 받아들여 승낙(承諾)함
引受
인수
①물건(物件)이나 권리(權利)를 넘기어 받음　②(경제학(經濟學)) 환어음의 지급인(支給人)이 어음 금액(金額)의 지급(支給) 의무(義務)를 진다는 뜻을 어음에 기재(記載)하고 서명(署名)하는 일
接受
접수
①받아들임 　②관청(官廳)이나 공공단체(公共團體)가 서류(書類) 또는 구두(口頭)로 제출(提出)되는 신청(申請) 사실(事實)을 처결(處決)할 목적(目的)으로 받아들임


-----------------------------------
유의

*****DEFINITION*****
[동사] pay[give] attention (to), (formal) pay[give] heed (to), (formal) take heed (of), (formal) note; (마음에 새기다) keep[bear] (sth) in mind, take notice (of), be mindful (of) 유의하여 듣다 listen attentively
留意
留意 liú​yì​   *留意* | 留意* | *留意 to be mindful / to pay attention to / to take note of
留
머무를 류,머무를 유 1. 머무르다 2. 정지하다(停止--) 3. 뒤지다 4. 지체하다(遲滯--), 더디다 5. 늦다 6. 붙잡다, 만류하다(挽留--) 7. 억류하다(抑留--) 8. 죽이다 9. 다스리다 10. 기다리다 11. 오래다, 장구하다 12. 혹,... [부수]田(밭전) [총획]10획 [난이도]중학용, 읽기 4급II, 쓰기 3급II
滯留
체류
①사물(事物)의 진전(進展)이 머뭇거림 　②여행지(旅行地) 등(等)에서 오래 머물러 있음
保留
보류
어떤 일을 처리(處理)하지 않고 미루어 둠
留保
유보
①뒷날로 미루어 둠 　②멈추어 두고 보존(保存)함 　③권리(權利)ㆍ의무(義務)에 관(關)해 제한(制限)을 붙임
抑留
억류
불법적(不法的)으로 남의 자유(自由)를 억지로 구속(拘束)함

意
뜻 의,기억할 억 1. 뜻, 의미(意味) 2. 생각 3. 사사로운 마음, 사욕(私慾) 4. 정취(靜趣), 풍정(風情) 5. 대저(大抵: 대체로 보아서), 무릇, 혹은혹은(或-: 그렇지 아니하면) 6. 생각컨대 7. 아아! 8. 의심하다(疑心--)... [부수]心(마음심) [총획]13획 [난이도]중학용, 읽기 6급II, 쓰기 5급II
弔意
조의
죽은이를 슬퍼하는 마음
意味
의미
①말이나 글이 지니는 뜻, 내용(內容). 또 그 의도(意圖), 동기(動機), 이유(理由) 따위 　②행위(行爲)나 사물(事物)의 중요성(重要性), 효력(效力)
意識
의식
①(어떤 일ㆍ현상(現象)ㆍ대상(對象) 등(等)을) 생각이 미치어 대상(對象)으로서 알거나 깨닫거나 느끼는 것 　②(어떤 대상(對象)을) 특별(特別)히 두드러지게 느끼거나 마음에 두는 것 　③사람이 깨어...
意見
의견
마음에 생각하는 점(點)


-----------------------------------
회오리

*****DEFINITION*****
whirlwind, tornado, twister; (규모가 작은) dust devil 갑자기 사막 한가운데에 회오리가 일었다 A whirlwind[dust devil] suddenly began to blow in the middle of the desert.

-----------------------------------
지명

*****DEFINITION*****
nomination, designation, nominate, designate[name] (sb sth / sb as sth) 그는 아들을 후계자로 지명했다 He designated his son as his successor.
指名
指名 zhǐ​míng​   *指名* | 指名* | *指名 to mention by name / to designate / designated
指
가리킬 지 1. 가리키다, 손가락질하다 2. 지시하다(指示--), 가리켜 보이다 3. 곤두서다, 곧추 서다 4. 아름답다, 곱다 5. 손가락 6. 발가락 7. 마음, 뜻 [부수]扌(재방변) [총획]9획 [난이도]중학용, 읽기 4급II, 쓰기 3급II
指摘
지적
①꼭 집어서 가리킴 　②잘못을 들추어 냄
指揮
지휘
①어떤 목적(目的)을 효과적(效果的)으로 이루기 위(爲)하여 단체(團體)의 행동(行動)을 통솔(統率)하는 것. 어떤 일의 해야 할 방도를 지시(指示)하여 시킴 　②2인 이상(以上)이 연주(演奏)하는 음악(音樂)을...
指定
지정
①분명(分明)히 그렇게 가리켜 정(定)하는 것 　②행정(行政) 관청(官廳)이 법령(法令)이 정(定)하는 바에 의(依)하여 사정(事情)을 조사(調査)한 다음 어떤 자격(資格)을 주는 것
指示
지시
①(어떤 대상(對象)을) 가리켜 보이는 것 　②(어떤 일을 누구에게) 일러서 시키는 것 　③(법률(法律)ㆍ법학) 증권(證券) 상(上)의 기재(記載)에 의(依)하여 어떤 사람을 권리자(權利者)로 지정(指定)하는...

名
이름 명 1. 이름 2. 평판(評判), 소문(所聞) 3. 외관(外觀), 외형(外形) 4. 명분(名分) 5. 공적(功績) 6. 글자, 문자(文字) 7. 이름나다, 훌륭하다 8. 이름하다, 지칭하다(指稱--) [부수]口(입구) [총획]6획 [난이도]중학용, 읽기 7급II, 쓰기 6급
名譽
명예
①세상(世上)에서 인정(認定) 받는 좋은 이름이나 자랑 　②어떤 직위(職位)나 직명(職名) 앞에 쓰이어 그 권위(權威)나 공로(功勞)를 존경(尊敬)하는 뜻으로 쓰이는 이름
名分
명분
명목(名目)이 구별(區別)된 대로 그 사이에 반드시 지켜야 할 도리(道理)나 분수(分數)
名節
명절
①명일을 중심(中心)으로 한 좋은 철 　②민속적(民俗的)으로 해마다 일정(一定)하게 지키어 즐기는 날. 설날, 대보름날, 한식날, 삼짇날, 파일날, 단오날(端午-), 유두날, 백중날, 한가위날, 구월(九月)...
名稱
명칭
사물(事物)이나 현상(現象)을 서로 다른 것 끼리 구별(區別)하여 부르는 이름


-----------------------------------
선정

*****DEFINITION*****
(골라서 정하다) selection, choice, select, choose (from/between) 부지를 선정하다 select[choose] a site (for)
選定
选定 xuǎn​dìng​   *选定* | 选定* | *选定 to select / to choose / to settle on 選定
選
가릴 선 1. 가리다, 분간하다(分揀--) 2. 뽑다 3. 고르다 4. 선거하다(選擧--) 5. 선택하다(選擇--) 6. 임용되다(任用--) 7. 열거하다 8. 좋다 9. 뽑힌 사람 10. 선별된 작품 11. 잠깐 12. 잠시(暫時) [부수]辶(책받침) [총획]16획 [난이도]중학용, 읽기 5급, 쓰기 4급
選擧
선거
①많은 사람 가운데서 투표(投票) 등(等)에 의(依)하여 뽑아 냄 　②선거권(選擧權)을 가진 사람이 전국(全國)에 걸쳐서 또는 일정(一定)한 구역(區域)에서 의원(議員) 및 공직(公職)을 맡을 일정(一定)한...
選擇
선택
①여럿 가운데서 골라 뽑음 　②문제(問題)를 해결(解決)하기 위(爲)한 몇 가지 수단(手段)을 의식(意識)하고, 그 어느 것을 골라내는 작용(作用)
總選
총선
총선거(總選擧), 국회의원(國會議員) 전체(全體)를 한꺼번에 선출(選出)하는 선거(選擧)
選拔
선발
①많은 사람 가운데서 가려 뽑음 　②인위적(人爲的)으로 하는 도태

定
정할 정,이마 정 1. 정하다(定--) 2. 정해지다 3. 바로잡다 4. 다스리다 5. 평정하다(平定--) 6. 편안하다(便安--) 7. 안정시키다(安定---) 8. 머무르다 9. 준비하다(準備--) 10. 자다 11. 그치다 12. 이마(앞머리) 13.... [부수]宀(갓머리) [총획]8획 [난이도]중학용, 읽기 6급, 쓰기 5급
決定
결정
①마지막으로 작정(作定)함, 일의 매듭을 지음 　②법원(法院)에서 행(行)하는 판결(判決) 및 명령(命令) 이외(以外)의 판결(判決)
認定
인정
①옳다고 믿고 정(定)하는 일 　②국가(國家)나 지방자치단체(地方自治團體)가 자기(自己)의 판단(判斷)에 의(依)하여 어떤 사실(事實)의 존부(存否)나 당부(當否)를 결정(決定)하는 일
豫定
예정
①이제부터 할 일에 대(對)하여 미리 정(定)하여 두는 것 　②또는, 미리 예상(豫想)하여 두는 것
規定
규정
①규칙(規則)으로 정(定)하는 것 　②법령(法令)에서 개개의 조항(條項)을 정(定)하는 일 　③또는, 그 조항(條項) 　④어떤 것의 성격(性格)이나 내용(內容)을 밝혀 정(定)하는 것


-----------------------------------
화근

*****DEFINITION*****
source of trouble[calamity] 화근을 없애다 eliminate[eradicate; remove; get rid of] the source of trouble
禍根
祸根 huò​gēn​   *祸根* | 祸根* | *祸根 root of the trouble / cause of the ruin 禍根
禍
재앙 화 1. 재앙(災殃) 2. 재화(災禍) 3. 사고(事故) 4. 허물 5. 죄 6. 재앙(災殃)을 내리다 7. 화를 입히다 8. 해치다 [부수]示(보일시) [총획]14획 [난이도]고등용, 읽기 3급II, 쓰기 2급
災禍
재화
재앙(災殃)과 화난(禍難)
禍福
화복
재앙(災殃)과 복(福)
禍根
화근
재앙(災殃)을 가져올 근원(根源)
殃禍
앙화
죄악(罪惡)의 과보(果報)로 받는 재앙(災殃). 어떤 일로 말미암아 생기는 근심이나 재난(災難)

根
뿌리 근 1. 뿌리 2. 근본(根本) 3. 밑동 4. 능력(能力), 마음 5. 생식기(生殖器) 6. 근(부스럼 속에서 곪아 단단하여진 망울) 7. 뿌리 박다, 뿌리를 내리다 8. 근거하다(根據--), 기인하다(起因--) 9. (뿌리째)뽑아... [부수]木(나무목) [총획]10획 [난이도]중학용, 읽기 6급, 쓰기 5급
根據
근거
①근본(根本) 되는 토대(土臺) 　②의논(議論), 의견(意見)에 그 근본(根本)이 되는 의거(依據)
根本
근본
①사물(事物)의 생겨나는 근원(根源) 　②어떤 것의 본질(本質)로 되거나 어떤 것이 이루어지는 바탕 　③시초적(始初的)인 것이나 주가 되거나 기본(基本)이 되는 것 　④초목(草木)의 뿌리
根本的
근본적
근본(根本)을 이루거나 근본(根本)으로 되는 모양(模樣)
根絶
근절
다시 생환(生還)할 수 없게 아주 뿌리째 끊어 없애 버림


-----------------------------------
지름

*****DEFINITION*****
diameter 이 나무는 지름이 3미터다 This tree is three meters in diameter.

-----------------------------------
우직하다

*****DEFINITION*****
simple[naive] and honest, honest to a fault 그는 정말 우직한 사람이다 He is naively honest.
愚直
愚 愚 yú​   *愚* | 愚* | *愚 to be stupid / to cheat or deceive / me or I (modest)
直 直 Zhí​   *直* | 直* | *直 surname Zhi / Zhi (c. 2000 BC), fifth of the legendary Flame Emperors 炎帝 descended from Shennong 神農｜神农 Farmer God
  直 zhí​   *直* | 直* | *直 straight / to straighten / fair and reasonable / frank / straightforward / (indicates continuing motion or action) / vertical / vertical downward stroke in Chinese characters HSK 5
愚
어리석을 우 1. 어리석다 2. 우직하다 3. 고지식하다 4. 어리석게 하다 5. 나(자기의 겸칭) 6. 어리석은 사람 7. 어리석은 마음 8. 자기(自己)에 관계(關係)되는 사물(事物)에 붙이는 겸칭 [부수]心(마음심) [총획]13획 [난이도]고등용, 읽기 3급II, 쓰기 2급
愚弄
우롱
사람을 바보로 만들어 놀림
愚鈍
우둔
어리석고 둔함
愚直
우직
어리석고 고지식함
愚昧
우매
어리석고 몽매(蒙昧)함

直
곧을 직,값 치 1. 곧다, 굳세다 2. 바르다, 옳다 3. 굽지 아니하다 4. 기울지 아니하다 5. 부정(不正)이 없다, 사(私)가 없다 6. 펴다, 곧게 하다 7. 꾸미지 아니하다 8. 온순하다(溫順--) 9. 억울함을 씻다 10. 당하다(當--),... [부수]目(눈목) [총획]8획 [난이도]중학용, 읽기 7급II, 쓰기 6급
直接
직접
중간(中間)에 매개(媒介)나 거리(距離)ㆍ간격(間隔)이 없이 바로 접함
率直
솔직
거짓으로 꾸미거나 숨김이 없이 바르고 곧음
直接的
직접적
직접(直接)으로 하거나 되는 (것)
正直
정직
거짓이나 꾸밈이 없이 성품(性品)이 바르고 곧음


-----------------------------------
