주옥

*****DEFINITION*****
gem, jewel 주옥같은 글 a literary gem
珠玉
珠玉 zhū​yù​   *珠玉* | 珠玉* | *珠玉 pearls and jades / jewels / clever remark / beautiful writing / gems of wisdom / genius / outstanding person
珠
구슬 주 1. 구슬 2. 진주(眞珠ㆍ珍珠) 3. 방울 4. 붉은색 5. 붉다 [부수]王(구슬옥변) [총획]10획 [난이도]고등용, 읽기 3급II, 쓰기 2급
蚌珠
방주
☞ 진주(眞珠)
蠙珠
빈주
☞ 진주(眞珠)
眞珠
진주
조개류, 특(特)히 판새류(板鰓類) 조개의 살 속에서 형성(形成)되는 동그스름한 덩어리 주(主)로 탄산칼슘으로 이루어지며, 약간의 유기물이 함유(含有)되었으며 은빛의 우아하고 아름다운 광택(光澤)이...
眞珠婚式
진주혼식
결혼(結婚) 30주년(周年ㆍ週年)

玉
구슬 옥 1. 구슬 2. 옥(玉) 3. 아름다운 덕(德) 4. 미칭(美稱), 상대편의 것을 높여 이른 말 5. 옥(玉)과 같은 사물(事物)의 비유(比喩ㆍ譬喩) 6. 아름답다 7. 훌륭하다 8. 가꾸다 9. 소중(所重)히 하다 [부수]玉(구슬옥) [총획]5획 [난이도]중학용, 읽기 4급II, 쓰기 3급II
鶴林玉露
학림옥로
시화(詩話)ㆍ어록(語錄)ㆍ소설(小說)의 문체(文體)로 문인(文人)ㆍ도학자(道學者)ㆍ산인(山人)의 말을 실어, 주희(朱憙)ㆍ장재(張載) 등(等)의 말을 인용(引用)하고, 구양수(歐陽修)ㆍ소동파(蘇東坡)의...
玉篇
옥편
①한자(漢字)의 글자 하나하나에 대(對)하여 그 소리를 달고 뜻을 풀어 일정(一定)한 차례(次例)로 모아 놓은 책 　②한자(漢字)를 모아 부수(部首)와 획수에 따라 배열(配列)하고, 그 음ㆍ뜻 등(等)을...
玉石
옥석
옥과 돌, 좋은 것과 나쁜 것, 옳은 것과 그른 것
玉女
옥녀
①옥(玉)과 같이 몸과 마음이 깨끗한 여자(女子) 　②선경(仙境)에 있는 여자(女子). 선녀(仙女) 　③남의 딸의 높임말


-----------------------------------
어설프다

*****DEFINITION*****
(미숙하다, 엉성하다) 어설픈 변명하지 마라 Don't make lame excuses. 2개 뜻 더보기 : (미숙하다, 엉성하다)

-----------------------------------
결코

*****DEFINITION*****
never 그의 성공은 결코 우연이 아니다 His success is not a fluke.
決
决 jué​   *决* | 决* | *决 to decide / to determine / to execute (sb) / (of a dam etc) to breach or burst / definitely / certainly 決
決
결단할 결,빠를 혈 1. 결단하다(決斷--), (승부를)가리다 2. 결정하다(決定--), 분별하다(分別--), 판단하다(判斷--) 3. 과감하다(果敢--) 4. 틔우다, 흐르게 하다 5. 터지다, 열리다 6. 자르다, 절단하다(切斷ㆍ截斷--)... [부수]氵(삼수변) [총획]7획 [난이도]중학용, 읽기 5급II, 쓰기 4급II
決定
결정
①마지막으로 작정(作定)함, 일의 매듭을 지음 　②법원(法院)에서 행(行)하는 판결(判決) 및 명령(命令) 이외(以外)의 판결(判決)
解決
해결
①얽힌 일을 풀어 처리(處理)함 　②문제(問題)를 풀어서 결말(結末)을 지음 　③안어울림음을 어울림음으로 이끄는 일 따위
判決
판결
①시비(是非). 선악(善惡)을 가리어 결정(決定)함. 부결(剖決) 　②민사소송법(民事訴訟法)에서 소송(訴訟)에 대(對)하여, 구두(口頭) 변론(辯論) 또는 공판(公判)의 결과(結果)에 의(依)하여 행(行)해지는...
決裂
결렬
①여러 갈래로 찢어짐 　②의견(意見)이 일치(一致)하지 아니하여 각각(各各) 헤어짐


-----------------------------------
탄압

*****DEFINITION*****
[명사] suppression, oppression, repression, crackdown (on), [동사] suppress, oppress, repress 노동 탄압 labor repression
彈壓
弹压 tán​yā​   *弹压* | 弹压* | *弹压 to suppress / to quell (a disturbance) / repression 彈壓
彈
탄알 탄 1. 탄알(彈-) 2. 탄알(彈-)을 쏘는 활 3. 과실(果實) 4. 열매 5. 튀기다 6. 두드리다 7. 힐책하다(詰責--) 8. 탄핵하다(彈劾--) 9. 바루다 10. 타다 11. 연주하다(演奏--) 12. 치다 [부수]弓(활궁) [총획]15획 [난이도]고등용, 읽기 4급, 쓰기 3급
彈劾
탄핵
죄상(罪狀)을 조사(調査)하여 꾸짖음
爆彈
폭탄
금속(金屬) 용기(容器)에 폭약(爆藥)을 채워서 손으로 던지거나 또는 공중(空中)에서 투하(投下)하여 적을 살상(殺傷)하거나 적의 구조물(構造物)을 파괴(破壞)할 것을 목적(目的)으로 만든 병기(兵器)의...
彈壓
탄압
①함부로 을러대고 억누름 　②지배(支配) 계급(階級)이 피지배(被支配) 계급(階級)에 대(對)하여 강권적으로 억누름 　③죄악(罪惡)을 밝히고 억누름
糾彈
규탄
잘못이나 허물을 잡아 내어 따지고 나무람

壓
누를 압,싫어할 염,숙일 엽,누를 녑,누를 엽 1. 누르다, 억압하다(抑壓--) 2. 막다, 가로막다 3. 진압하다(鎭壓--), 평정하다(平定--) 4. 좁혀지다, 죄어들다 5. 무너뜨리다, 무너지다 6. 항복시키다(降伏ㆍ降服---) 7. 진정하다(鎭靜--) 8. 맞다,... [부수]土(흙토) [총획]17획 [난이도]고등용, 읽기 4급II, 쓰기 3급II
壓迫
압박
①내리 누름 　②심리적(心理的)ㆍ정신적(精神的)으로 상대편(相對便)에게 겁을 줌, 또는 군사력(軍事力)ㆍ경제력(經濟力) 등(等)으로 상대편(相對便)의 행동(行動)을 제약(制約)함
壓力
압력
①두 물체(物體)의 접속(接續) 면(面) 또는 한 물체(物體) 속의 어느 단면(斷面)을 생각할 때 그 면을 경계(境界)로 양쪽 부분(部分)이 수직(垂直)으로 누르는 힘 　②권세(權勢) 따위로 누르는 힘
壓縮
압축
①눌러서 쭈그러뜨림 　②많은 내용(內容)을 간추려 요약(要略)함 　③스핑크스처럼, 둘 이상(以上)의 상이 합쳐져 내용(內容)이 축소(縮小)되는 일. 꿈이나 신화(神話), 정신(精神) 분열병자(分裂病者)의...
彈壓
탄압
①함부로 을러대고 억누름 　②지배(支配) 계급(階級)이 피지배(被支配) 계급(階級)에 대(對)하여 강권적으로 억누름 　③죄악(罪惡)을 밝히고 억누름


-----------------------------------
수시

*****DEFINITION*****
그는 대학 수시 모집에 합격했다 He was accepted by the university through nonscheduled[rolling] admission.
隨時
随时 suí​shí​   *随时* | 随时* | *随时 at any time / at all times / at the right time 隨時 HSK 5
隨
따를 수,게으를 타 1. 따르다 2. 추종하다(追從--) 3. 부화하다(附和--: 주견이 없이 경솔하게 남의 의견에 따르다) 4. 좇다, 추구하다(追求--) 5. 발 6. 발꿈치 7. 괘(卦)의 이름 8. 따라서 9. 즉시, 곧바로 a. 게으르다... [부수]阝(좌부변) [총획]16획 [난이도]고등용, 읽기 3급II, 쓰기 2급
隨時
수시
①때때로 　②그때그때
隨伴
수반
①붙좇아서 따르는 일. 반수(伴隨) 　②어떤 사물(事物) 현상(現象)에 따라서 함께 생기는 것
隨筆
수필
어떤 양식(樣式)에도 해당(該當)되지 아니하는 산문(散文) 문학(文學)의 한 부문(部門). 인생(人生)과 자연(自然)에 대(對)한 수상(隨相), 수감(隨感), 단상(斷想), 논고(論考), 잡기(雜記) 등(等)이 ...
隨意契約
수의계약
경쟁(競爭) 또는 입찰(入札)의 방법(方法)에 의지(依支) 않고, 상대방(相對方)을 수의로 선택(選擇)하여 이를 체결(締結)하는 계약(契約)

時
때 시 1. 때 2. 철, 계절(季節) 3. 기한(期限) 4. 세대(世代), 시대(時代) 5. 기회(機會) 6. 시세(時勢) 7. 당시(當時), 그때 8. 때마다, 늘 9. 때를 맞추다 10. 엿보다, 기회(機會)를 노리다 11. 좋다 12. 훌륭하다... [부수]日(날일) [총획]10획 [난이도]중학용, 읽기 7급II, 쓰기 6급
時間
시간
①어떤 시각(時刻)에서 어떤 시각(時刻)까지의 사이 　②과거(過去)와 현재(現在)와 미래(未來)가 종으로 무한(無限)하게 유전(遺傳)하여 연속(連續)하는 것. 곧, 사물(事物)의 현상(現象)이나 운동(運動)...
當時
당시
일이 생긴 그때. 그때
隨時
수시
①때때로 　②그때그때
時代
시대
역사적(歷史的)으로 구분(區分)한 어떤 기간(期間)


-----------------------------------
당부

*****DEFINITION*****
[명사] request, (formal) entreaty, [동사] request, ask (sb to do), (formal) entreat 당부의 말을 전하다 pass along a request
當付
當 当 dāng​   *当* | 当* | *当 to be / to act as / manage / withstand / when / during / ought / should / match equally / equal / same / obstruct / just at (a time or place) / on the spot / right / just at 當 HSK 4
  当 dàng​   *当* | 当* | *当 at or in the very same... / suitable / adequate / fitting / proper / to replace / to regard as / to think / to pawn / (coll.) to fail (a student) 當
付 付 Fù​   *付* | 付* | *付 surname Fu
  付 fù​   *付* | 付* | *付 to pay / to hand over to / classifier for pairs or sets of things
當
마땅 당 1. 마땅 2. 밑바탕, 바닥 3. 저당(抵當) 4. 갚음, 보수(報酬) 5. 갑자기 6. 이, 그 7. 마땅하다 8. (임무, 책임을)맡다 9. 당하다(當--), 대하다(對--) 10. 주관하다(主管--), 주장하다(主掌--) 11. 필... [부수]田(밭전) [총획]13획 [난이도]중학용, 읽기 5급II, 쓰기 4급II
該當
해당
어떤 조건(條件)에 들어맞음. 꼭 맞음
堪當
감당
일을 능히 맡아서 해냄
當局
당국
①어떤 일을 처리(處理)하는 임무(任務)를 맡고 있음 　②어떤 일을 담당(擔當)함. 또 그곳 　③정무(政務)의 중요(重要)한 자리를 차지하는 기관(機關) 　④어떤 정무(政務)를 맡아보는 관청(官廳), ...
當時
당시
일이 생긴 그때. 그때

付
줄 부 1. 주다, 수여하다(授與--) 2. 맡기다, 부탁하다(付託--) 3. 의지하다(依支--) 4. 따르다, 따라 붙다(=附) 5. 부제(祔祭: 삼년상을 마친 뒤에 그 신주를 조상의 신주 곁에 모실 때 지내는 제사) [부수]亻(사람인변) [총획]5획 [난이도]고등용, 읽기 3급II, 쓰기 2급
當付
당부
말로써 어찌하라고 단단히 부탁(付託)함
納付
납부
관공서(官公署)나 공공단체(公共團體) 등(等)에 세금(稅金), 공과금 따위를 냄
付託
부탁
어떤 일을 해 달라고 맡기거나 청(請)함
發付
발부
증서(證書)ㆍ영장(令狀) 따위를 발행(發行)하는 것


-----------------------------------
기득권

*****DEFINITION*****
vested rights , vested interests 기득권을 상실하다 lose one's vested rights
旣得權
旣 旣 jì​   *旣* | 旣* | *旣 variant of 既
得 得 dé​   *得* | 得* | *得 to obtain / to get / to gain / to catch (a disease) / proper / suitable / proud / contented / to allow / to permit / ready / finished
  得 de​   *得* | 得* | *得 structural particle: used after a verb (or adjective as main verb), linking it to following phrase indicating effect, degree, possibility etc HSK 2
  得 děi​   *得* | 得* | *得 to have to / must / ought to / to need to HSK 4
權 权 Quán​   *权* | 权* | *权 surname Quan 權
  权 quán​   *权* | 权* | *权 authority / power / right / (literary) to weigh / expedient / temporary 權
旣
이미 기,쌀 희 1. 이미, 벌써, 이전에 2. 원래, 처음부터 3. 그러는 동안에, 이윽고 4. 다하다, 다 없어 지다, 다 없애다 5. 끝나다, 끝내다 a. 쌀 (희) b. 녹미(祿米: 녹봉으로 받는 쌀) (희) [부수]无(이미기방) [총획]11획 [난이도]중학용, 읽기 3급, 쓰기 2급
旣存
기존
①이미 존재(存在)함 　②이전(以前)부터 있음
旣得權
기득권
특정(特定)한 자연인(自然人) 또는 법인(法人)이 정당(正當)한 절차(節次)를 밟아 이미 법규(法規)에 의(依)하여 얻은 권리(權利)
旣往
기왕
①이전(以前). 그 전 　②이미. 벌써. 이왕에
旣定
기정
①이미 정(定)함 　②미리 작정(作定)함

得
얻을 득 1. 얻다 2. 손에 넣다 3. 만족하다(滿足--) 4. 고맙게 여기다 5. 깨닫다 6. 알다 7. 분명해지다(分明---) 8. 적합하다(適合--) 9. 이르다(어떤 장소나 시간에 닿다), 도달하다(到達--) 10. 이루어지다... [부수]彳(두인변) [총획]11획 [난이도]중학용, 읽기 4급II, 쓰기 3급II
所得
소득
①수입(收入)이 되는 이익(利益) 　②경제(經濟) 활동(活動)을 하는 주체(主體). 즉 개인(個人) 또는 법인(法人)이 일정(一定)한 기간(期間) 안에 생산(生産) 자원(資源)의 용역(用役)에 대(對)한 보수(報酬)로서...
納得
납득
①사리(事理)를 분별(分別)하여 해석(解釋)함 　②깨달아 앎 　③남의 말이나 행동(行動)을 잘 알아차려 이해(理解)함　④(남의 말이나 행동(行動), 또는 어떤 일 등(等)을) 헤아려 그것이 그럴 만하거나...
獲得
획득
얻어 내거나 얻어 가짐. 손에 넣음
旣得權
기득권
특정(特定)한 자연인(自然人) 또는 법인(法人)이 정당(正當)한 절차(節次)를 밟아 이미 법규(法規)에 의(依)하여 얻은 권리(權利)

權
권세 권 1. 권세(權勢) 2. 권력(權力) 3. 권한(權限) 4. 권리(權利) 5. 유리한 형세(形勢) 6. 저울 7. 저울추(--錘) 8. 방편(方便) 9. 계량하다(計量--) 10. 저울질하다 11. 꾀하다 12. 잠시(暫時) 13. 당분간(當分間)... [부수]木(나무목) [총획]22획 [난이도]중학용, 읽기 4급II, 쓰기 3급II
政權
정권
정치(政治) 상(上)의 권력(權力), 정부(政府)를 조직(組織)하여 정치(政治)를 담당(擔當)하는 권력(權力)
執權
집권
①정권(政權)을 잡음 　②정사(政事)를 행(行)하는 실권(實權)을 잡음
權利
권리
①권세(權勢)와 이익(利益) 　②일정(一定)한 이익(利益)을 주장(主張)하고 그것을 누릴 수 있는 수단(手段)으로써 법률(法律)이 일정(一定)한 자격(資格)을 가진 사람에게 부여(附與)하는 힘 　③법에...
權限
권한
①권리(權利)의 한계(限界) 　②행정(行政) 기관(機關)의 정당(正當)한 사무(事務) 범위(範圍). 직권(職權)이 미치는 범위(範圍)


-----------------------------------
면전

*****DEFINITION*****
그는 그녀를 면전에서 모욕했다 He insulted her to her face.
面前
面前 miàn​qián​   *面前* | 面前* | *面前 in front of / facing / (in the) presence (of)
面
낯 면,밀가루 면 1. 낯, 얼굴 2. 표정(表情), 얼굴빛 3. 모양, 모습 4. 겉, 표면 5. 겉치레 6. 탈, 가면(假面) 7. 앞, 면전 8. 방면(方面), 쪽 9. 평면 10. 면(행정 구역 단위) 11. 면(물건의 세는 단위) 12. 밀가루 13.... [부수]面(낯면) [총획]9획 [난이도]중학용, 읽기 7급, 쓰기 6급
側面
측면
①물체(物體)의 상하(上下)ㆍ전후(前後) 이외(以外)의 좌우(左右)의 면 　②각기둥의 위아래 면이나 각뿔의 밑면 이외(以外)의 면 　③正面(정면)이 아닌 방면(方面). 옆면
反面
반면
①어떠한 사실(事實)과 반대(反對)되거나 다른 방면(方面) 　②어디를 다녀와서 어버이를 뵘
局面
국면
①일이 되어 나가는 상태(狀態) 또는 그 장면(場面) 　②승패(勝敗)를 겨루기 위(爲)한 바둑, 장기판(將棋板)의 형세(形勢)
面接
면접
①얼굴을 마주 대함 　②직접(直接) 만남 　③＇면접시험(試驗)＇의 준말

前
앞 전,자를 전 1. 앞 2. 먼저 3. 미래(未來), 앞날 4. 미리, 앞서서, 사전에(事前-) 5. 거무스름한 빛깔 6. 가위 7. 앞서다 8. 나아가다 9. 인도하다(引導--) 10. 뵙다, 찾아뵙다 11. 소멸하다(消滅--) 12. 자르다 [부수]刂(선칼도방) [총획]9획 [난이도]중학용, 읽기 7급II, 쓰기 6급
如前
여전
(어떤 대상(對象)이)변함이 없이 전(前)과 같음
前提
전제
①어떤 사물(事物)을 의논(議論)할 때 먼저 내세우는 기본(基本)이 되는 것 　②추리(推理)를 할 때의 결론(結論)의 기초(基礎)가 되는 판단(判斷) 　③삼단(三段) 논법(論法)의 대소(大小)의 두 전제(前提)
以前
이전
①오래 전(前) 　②그 전(前)
午前
오전
①자정으로부터 낮 열두 시까지의 동안 　②아침부터 정오(正午)까지의 동안


-----------------------------------
냉정

*****DEFINITION*****
[형용사] (침착하고 이성적이다) cool-headed, cool; (객관적이다) objective 냉정을 유지하다 keep[remain; stay] cool
冷靜
冷静 lěng​jìng​   *冷静* | 冷静* | *冷静 calm / cool-headed 冷靜 HSK 4
冷
찰 냉,찰 랭,물소리 영,물소리 령 1. 차다, 한랭하다(寒冷--) 2. 식히다, 차게 하다 3. 쌀쌀하다, 얼다 4. 한산하다(閑散--), 한가하다(閑暇--) 5. 낯설다, 생소하다(生疏--) 6. 쓸쓸하다 7. 인정미가 적다 8. 맑다 a. 물소리 (령) b. 글... [부수]冫(이수변) [총획]7획 [난이도]중학용, 읽기 5급, 쓰기 4급
冷徹
냉철
(생각이나 판단(判斷)이)감정(感情)에 치우치지 않고 이성적(理性的)으로 철저(徹底)함
冷戰
냉전
직접적(直接的)으로 무력(武力)을 사용(使用)하지 않고 경제(經濟)ㆍ외교(外交)ㆍ정보(情報) 등(等)을 수단(手段)으로 서로 적대시(敵對視)하고 있는 국가(國家) 간(間)의 대립(對立) 상태(狀態)
冷酷
냉혹
①인정(人情)이 없고 혹독(酷毒)함 　②박정(薄情)하고 가혹(苛酷)함
冷却
냉각
①차게 하는 것 　②또는, 식히는 것 　③애정(愛情)ㆍ정열(情熱)ㆍ흥분(興奮) 등(等)의 기분(氣分)을 가라앉히는 것

靜
고요할 정 1. 고요하다 2. 깨끗하게 하다 3. 깨끗하다 4. 쉬다, 휴식하다(休息--) 5. 조용하게 하다 6. 조용하다 7. 조용히 [부수]靑(푸를청) [총획]16획 [난이도]중학용, 읽기 4급, 쓰기 3급
鎭靜
진정
①시끄럽고 요란(擾亂)한 일이나 상태(狀態)를 조용하게 가라앉히는 것 　②흥분(興奮)되거나 격앙(激昻)된 마음을 차분하게 가라앉히는 것
安靜
안정
①정신(精神)이 편안(便安)하고 고요함 　②편안(便安)하고 고요하게 하는 일
冷靜
냉정
감정(感情)에 사로잡히지 아니하고 차분함
靜肅
정숙
고요하고 엄숙(嚴肅)함


-----------------------------------
자부하다

*****DEFINITION*****
be confident (of/about/that), have confidence (in) 나는 그 문제에 관해서는 누구보다 잘 안다고 자부한다 I'm confident I'm the best expert on that matter.
自負
自负 zì​fù​   *自负* | 自负* | *自负 conceited / to take responsibility 自負
自
스스로 자 1. 스스로, 몸소, 자기(自己) 2. 저절로, 자연히(自然-) 3. ~서부터 4. 써 5. 진실로(眞實-) 6. 본연(本然) 7. 처음, 시초(始初) 8. 출처(出處) 9. 코(=비(鼻)의 고자(古字)) 10. 말미암다, ~부터 하다... [부수]自(스스로자) [총획]6획 [난이도]중학용, 읽기 7급II, 쓰기 6급
自身
자신
①제 몸 　②딴 말에 붙어서 딴 어떤 것도 아니고 그 스스로임을 강조(强調)할 때 쓰는 말
自由
자유
①남의 구속(拘束)을 받지 않고, 자기(自己) 마음대로 함 　②자기(自己)가 뜻하는 대로 함. 마음내키는 대로 함 　③법률(法律)의 범위(範圍) 안에서 마음대로 하는 행위(行爲). 권리(權利), 의무(義務)를...
自體
자체
①제 몸 　②그 자신(自身) 　③사물(事物)의 본새
自然
자연
①저절로 그렇게 되는 모양(模樣). 사람의 힘을 더하지 않는 천연(天然) 그대로의 상태(狀態) 　②조화(調和)의 힘에 의(依)하여 이루어진 일체(一切)의 것

負
질 부 1. 지다, 짐지다 2. 떠맡다 3. 빚지다 4. 업다 5. 힘입다 6. (부상을)입다 7. 저버리다 8. 패하다(敗--) 9. 근심하다(속을 태우거나 우울해하다) 10. 짐 11. 지는 일 12. 빚 [부수]貝(조개패) [총획]9획 [난이도]고등용, 읽기 4급, 쓰기 3급
負擔
부담
어떤 일이나 의무(義務)ㆍ책임(責任) 따위를 떠맡음, 또는 떠맡게 된 일이나 의무(義務)ㆍ책임(責任) 따위
負債
부채
남에게 빚을 짐 또는, 그 빚
勝負
승부
이김과 짐
抱負
포부
마음속에 지닌 앞날에 대(對)한 생각이나 계획(計劃), 희망(希望), 자신(自信)


-----------------------------------
뭉클

*****DEFINITION*****
(먹은 것이) be[lie] heavy on one´s stomach 먹은 것이 뭉클하고 내리지 않는다 The food I have eaten rests heavy on my stomach. 2개 뜻 더보기 : (먹은 것이) be[lie] heavy on one´s stomach

-----------------------------------
