선행

*****DEFINITION*****
precedence, precede 선행조건을 제시하다 present preceding conditions
先行
先行 xiān​xíng​   *先行* | 先行* | *先行 to precede others / in advance
先
먼저 선 1. 먼저, 미리 2. 옛날, 이전 3. 앞, 처음, 첫째 4. 돌아가신 이, 죽은 아버지 5. 선구(先驅), 앞선 사람 6. 조상(祖上) 7. 형수(兄嫂) 8. 앞서다, 뛰어넘다, 이끌다 9. 나아가다, 앞으로 가다 10. 높이다,... [부수]儿(어진사람인발) [총획]6획 [난이도]중학용, 읽기 8급, 쓰기 6급II
于先
우선
무엇보다도 먼저
先生
선생
①학생(學生)을 가르치는 사람. 학예(學藝), 기예(技藝) 등(等)을 남에게 가르치는 사람 　②자기(自己)보다 학식(學識)이 높은 사람을 높이어 일컫는 말 　③남을 존대(尊待)하여 부르는 말. 흔히 성이나...
優先
우선
다른 것 보다 앞섬
先祖
선조
할아버지 이상(以上)의 조상(祖上)

行
다닐 행,항렬 항 1. 다니다, 가다 2. 행하다(行--), 하다 3. 행하여지다(行----), 쓰이다 4. 보다, 관찰하다(觀察--) 5. 유행하다(流行--) 6. 돌다, 순시하다(巡視--) 7. 늘다, 뻗다 8. 장사지내다(葬事---) 9. 시집가다(媤---)... [부수]行(다닐행) [총획]6획 [난이도]중학용, 읽기 6급, 쓰기 5급
施行
시행
①실제(實際)로 행(行)함 　②법령(法令)의 효력(效力)을 실제(實際)로 발생(發生)시킴
慣行
관행
①관례(慣例)대로 행(行)함 　②한가지 일을 자주 행(行)함 　③익숙하여 잘함
行爲
행위
①사람이 행(行)하는 짓 　②권리(權利)의 득실(得失), 이전(移轉) 등(等)의 원인(原因)이 되는 의사(意思)의 표시(表示) 　③사람의 도덕적(道德的) 성질(性質)을 띤 의식적(意識的)인 행동(行動)
進行
진행
①앞으로 나아감 　②일을 처리(處理)해 나감


-----------------------------------
다짐

*****DEFINITION*****
[명사]; (약속) promise; (결심) resolution; (공식적) pledge [동사]; (약속하다) promise, make a promise; (결심하다) (formal) resolve, make a resolution; (공식적으로) pledge (oneself to do) 그는 속으로 다짐했다 He made himself a promise.

-----------------------------------
가급적

*****DEFINITION*****
as...as possible, as...as one can[may] 가급적 빨리 as soon as possible
可及的
可 可 kě​   *可* | 可* | *可 can / may / able to / to approve / to permit / to suit / (particle used for emphasis) certainly / very
  可 kè​   *可* | 可* | *可 see 可汗
及 及 jí​   *及* | 及* | *及 and / to reach / up to / in time for
的 的 de​   *的* | 的* | *的 of / ~'s (possessive particle) / (used after an attribute) / (used to form a nominal expression) / (used at the end of a declarative sentence for emphasis) HSK 1
  的 dī​   *的* | 的* | *的 see 的士
  的 dí​   *的* | 的* | *的 really and truly
  的 dì​   *的* | 的* | *的 aim / clear
可
옳을 가,오랑캐 임금 이름 극 1. 옳다 2. 허락하다(許諾--) 3. 듣다, 들어주다 4. 쯤, 정도 5. 가히 6. 군주(君主)의 칭호(稱號) 7. 신의 칭호(稱號) a. 오랑캐 임금 이름 (극) [부수]口(입구) [총획]5획 [난이도]중학용, 읽기 5급, 쓰기 4급
可能性
가능성
①가능(可能)한 성질(性質) 　②완성(完成)될 수 있는 성질(性質) 　③일정(一定)한 조건(條件) 밑에 현실적(現實的)이 될 수 있는 자격(資格)을 갖고 있는 일
不可避
불가피
피할 수 없음
可能
가능
①할 수 있음 　②될 수 있음 　③사유(思惟) 상(上) 모순이 없음
許可
허가
①법령(法令)으로 제한(制限) 금지(禁止)하는 일을 특정(特定)한 경우(境遇)에 허락(許諾)해 주는 행정(行政) 행위(行爲) 　②법률(法律)이 정(定)한 범위(範圍)에서 허락(許諾)하는 일. 권리(權利)를...

及
미칠 급 1. 미치다(영향이나 작용 따위가 대상에 가하여지다), 닿다 2. 미치게 하다, 끼치게 하다 3. 이르다(어떤 장소나 시간에 닿다), 도달하다(到達--) 4. 함께 하다, 더불어 하다 5. 함께, 더불어 6. 및, 와... [부수]又(또우) [총획]4획 [난이도]중학용, 읽기 3급II, 쓰기 2급
言及
언급
①어떤 일과 관련(關聯)하여 말함 　②말이 어떤 문제(問題)에 미침
遡及
소급
지나간 일에까지 거슬러 올라가서 미치게 하는 것
普及
보급
널리 펴서 골고루 미치게 함. 널리 퍼뜨려서 알리거나 실행(實行)되게 함
及其也
급기야
마침내. 필경에는. 마지막에는

的
과녁 적 1. 과녁 2. 참, 진실(眞實) 3. 목표(目標), 표준(標準) 4. 맏아들(=嫡) 5. 연밥(蓮-: 연꽃의 열매) 6. 연지(臙脂: 입술이나 뺨에 찍는 붉은 빛깔의 염료) 7. 이마가 흰 말 8. 뾰족한 봉우리 9. ~의 10.... [부수]白(흰백) [총획]8획 [난이도]중학용, 읽기 5급II, 쓰기 4급II
積極的
적극적
사물(事物)에 대(對)하여 긍정(肯定)하고 능동적(能動的)인 것
具體的
구체적
사물(事物)이 뚜렷한 실체(實體)를 갖추고 실제(實際)의 형체(形體)ㆍ내용(內容)을 가지고 있는 모양(模樣)
肯定的
긍정적
①어떠한 사실(事實)에 대(對)하여 그렇다고 인정(認定)하거나 찬성(贊成)하는 (것) 　②또는, 그렇게 인정(認定)할 만하거나 찬성(贊成)할 만한 (것)
衝擊的
충격적
마음에 충격(衝擊)을 주거나 사회적(社會的)으로 충격(衝擊)을 주는 것


-----------------------------------
부서

*****DEFINITION*****
department, division 어느 부서에서 근무하세요? Which department do you work in?
部署
部署 bù​shǔ​   *部署* | 部署* | *部署 to dispose / to deploy / deployment HSK 6
布署 bù​shǔ​   *布署* | 布署* | *布署 variant of 部署
部
떼 부,거느릴 부 1. 떼, 부락(部落), 집단(集團) 2. 마을, 관청(官廳) 3. 분류(分類), 구분(區分) 4. 분야(分野) 5. 부서(部署) 6. 지경(地境: 땅의 가장자리, 경계), 경계(經界) 7. 지역(地域), 구역(區域) 8. 곳, 장소(場所)... [부수]阝(우부방) [총획]11획 [난이도]중학용, 읽기 6급II, 쓰기 5급II
一部
일부
①전체(全體)의 한 부분(部分) 　②한번
部分
부분
전체(全體)를 몇으로 나눈 것의 하나하나
大部分
대부분
①반이 훨씬 넘는 수효(數爻)나 분량(分量) 　②거의 모두
部隊
부대
①어떤 일을 위(爲)해 똑같은 특징(特徵)을 지니고 한데 모인 사람들의 집단(集團) 　②하나의 단위(單位)를 이루는 군대(軍隊)의 조직(組織)

署
마을 서 1. 마을 2. 부서(部署) 3. 관청(官廳), 관아(官衙) 4. 표제(標題ㆍ表題), 제목(題目) 5. 대리(代理) 7. 벼슬, 관직(官職) 8. 수결(手決) 9. 임명하다(任命--) 10. 베풀다(일을 차리어 벌이다, 도와주어서... [부수]罒(그물망머리) [총획]14획 [난이도]고등용, 읽기 3급II, 쓰기 2급
署名
서명
①자기(自己)의 이름을 문서(文書)에 써넣음, 서류(書類)나 문서(文書)의 내용(內容)을 찬동(贊同)하거나 인정(認定)하는 표지(標識)로 자기(自己) 이름을 적음 　②문서(文書) 상(上)에서의 성명(姓名)...
部署
부서
여러 갈래로 나뉘어 있는 사무(事務)의 각 부분(部分)
官公署
관공서
관청(官廳)과 공서(公署)
消防署
소방서
소방에 관(關)한 일을 맡아보는 기관(機關). 서장(署長)은 소방정으로 보함


-----------------------------------
공급

*****DEFINITION*****
[명사] supply, provision , [동사] supply, provide, furnish 공급을 받다 be supplied (with)
供給
供给 gōng​jǐ​   *供给* | 供给* | *供给 to furnish / to provide / supply (as in supply and demand) 供給 HSK 6
供
이바지할 공 1. 이바지하다 2. 받들다 3. 모시다 4. 베풀다(일을 차리어 벌이다, 도와주어서 혜택을 받게 하다) 5. 갖추어지다 6. 공초하다(供招--: 죄인이 범죄 사실을 진술하다) 7. 바치다 8. 설비하다(設備--) 9.... [부수]亻(사람인변) [총획]8획 [난이도]고등용, 읽기 3급II, 쓰기 2급
提供
제공
(어떤 사람에게, 또는 단체(團體)에 어떤 사물(事物)을) 가지거나 누리도록 주는 것
供給
공급
①물건(物件)을 갖추고 쓰임에 응(應)함 　②수요(需要)에 응(應)하여 재물(財物)을 댐 　③판매(販賣) 또는 교환(交換)을 위(爲)하여 시장(市場)에 재화(財貨)를 내 놓음. 또는 그 재화(財貨)
供述
공술
형사소송법(刑事訴訟法) 상(上) 질문(質問)이나 신문(訊問)에 관계(關係) 없이 사실(事實)을 사실(事實)대로 말함
供養
공양
①어른에게 음식(飮食)을 드림 　②부처에게 와구, 탕약(湯藥), 의복(衣服)을 바치는 사사 공양(供養)과 공경(恭敬), 찬탄(讚歎), 예배(禮拜) 등(等)을 바치는 정신(精神) 공양(供養)

給
줄 급 1. 주다 2. 대다, 공급하다(供給--) 3. 제때에 대다 4. 더하다, 보태다 5. 넉넉하다 6. 두루 미치다(영향이나 작용 따위가 대상에 가하여지다) 7. (말을)잘하다 8. 갖추어지다 9. 급여(給與) 10. 보탬... [부수]糸(실사) [총획]12획 [난이도]중학용, 읽기 5급, 쓰기 4급
供給
공급
①물건(物件)을 갖추고 쓰임에 응(應)함 　②수요(需要)에 응(應)하여 재물(財物)을 댐 　③판매(販賣) 또는 교환(交換)을 위(爲)하여 시장(市場)에 재화(財貨)를 내 놓음. 또는 그 재화(財貨)
支給
지급
①(금품(金品) 따위를)내어 줌 치러 줌 　②특정인(特定人) 또는 기관(機關)에 대(對)하여 일정(一定)한 물건(物件)이나 금전(金錢)을 출급(出給)하는 행위(行爲)
給與
급여
①급료(給料). 특(特)히, 관공서(官公署)나 회사(會社) 같은 곳에서 근무자(勤務者)에게 주는 급료(給料)나 수당(手當) 　②금품(金品) 등(等)을 줌
需給
수급
수요(需要)와 공급(供給)


-----------------------------------
주례

*****DEFINITION*****
officiant 주례를 서다 officiate (at) sb's wedding
主禮
主 主 zhǔ​   *主* | 主* | *主 owner / master / host / individual or party concerned / God / Lord / main / to indicate or signify / trump card (in card games)
禮 礼 Lǐ​   *礼* | 礼* | *礼 surname Li / abbr. for 禮記｜礼记, Classic of Rites 禮
  礼 lǐ​   *礼* | 礼* | *礼 gift / rite / ceremony / CL: 份 / propriety / etiquette / courtesy 禮
主
임금 주,주인 주 1. 임금 2. 주인(主人), 임자, 소유주(所有主) 3. 우두머리 4. 상전(上典) 5. 여호와, 하느님, 알라(Allah) 6. 주체(主體) 7. 당사자(當事者), 관계자(關係者) 8. 결혼(結婚) 상대자(相對者) 9. 자신(自身)... [부수]丶(점주) [총획]5획 [난이도]중학용, 읽기 7급, 쓰기 6급
主張
주장
①자기(自己) 의견(意見)을 굳이 내세움 　②또는, 그 지설 　③주재(主宰)
主導
주도
주장(主將)이 되어 이끎
主要
주요
가장 소중(所重)하고 긴요(緊要)함
主宰
주재
①주장(主掌)하여 맡음 　②또는, 그 사람

禮
예도 례,예도 예 1. 예도(禮度) 2. 예절(禮節) 3. 절(남에게 공경하는 뜻으로 몸을 굽혀 하는 인사) 4. 인사 5. 예물(禮物) 6. 의식(儀式) 7. 책 이름(=예기(禮記)) 8. 경전(經典)의 이름 9. 단술 10. 예우하다(禮遇--)... [부수]示(보일시) [총획]18획 [난이도]중학용, 읽기 6급, 쓰기 5급
茶禮
차례
명절날(名節-)이나 조상(祖上)의 생일(生日) 또는 음력(陰曆)으로 매달 초하루와 보름날 등(等)의 낮에 간단(簡單)히 지내는 제사(祭祀)
禮記
예기
①유교(儒敎)의 경전(經典)으로, 예의(禮儀) 이론(理論)과 실제(實際)를 풀이해 적은 오경(五經)의 하나. 한 무제 때 하간의 헌 왕이 공자(孔子)와 그 후학(後學)들이 지은 131편의 책을 모아 정리(整理)한...
禮節
예절
①예의(禮儀)에 관(關)한 모든 질서(秩序)나 절차(節次) 　②예의(禮儀)와 절도(節度) 　③예의(禮儀) 범절(凡節)
婚禮
혼례
혼인(婚姻)의 의례(儀禮)


-----------------------------------
정중

*****DEFINITION*****
the very middle
正中
正中 zhèng​zhōng​   *正中* | 正中* | *正中 middle / center / right in the middle or center / nub
正
바를 정,정월 정 1. 바르다 2. 정당하다(正當--), 바람직하다 3. 올바르다, 정직하다(正直--) 4. 바로잡다 5. 서로 같다 6. 다스리다 7. 결정하다(決定--) 8. 순일하다(純一--), 순수하다(純粹--) 9. (자리에)오르다 10.... [부수]止(그칠지) [총획]5획 [난이도]중학용, 읽기 7급II, 쓰기 6급
正確
정확
어떤 기준(基準)이나 사실(事實)에 잘못됨이나 어긋남이 없이 바르게 맞는 상태(狀態)에 있는 것
嚴正
엄정
엄하고 바름
改正案
개정안
고쳐 바로잡은 안(案)
正直
정직
거짓이나 꾸밈이 없이 성품(性品)이 바르고 곧음

中
가운데 중 1. 가운데 2. 안, 속 3. 사이 4. 진행(進行) 5. 마음, 심중(心中) 6. 몸, 신체(身體) 7. 내장(內臟) 8. 중도(中途) 9. 절반(折半) 10. 장정(壯丁) 11. 관아의 장부(帳簿ㆍ賬簿), 안건(案件) 12. 가운데... [부수]丨(뚫을곤) [총획]4획 [난이도]중학용, 읽기 8급, 쓰기 6급II
中國
중국
①유라시아 대륙(大陸)의 동남부(東南部)를 차지하는 나라. 1949년 중화인민공화국(中華人民共和國)과 중화민국(中華民國)으로 분단됨. 차이나 　②중화인민공화국(中華人民共和國)
中斷
중단
①중도(中途)에서 끊어짐. 또는, 끊음 　②중도(中途)에서 단절(斷切)하여 이제까지의 효력(效力)을 잃게 함
集中
집중
①(어떤 일ㆍ현상(現象)ㆍ대상(對象) 등(等)이) 한 곳이나 한 대상(對象)에, 또는 한정(限定)된 짧은 시간(時間)에 몰리거나 쏠리게 함 　②(어떤 일에 정신(精神)을) 바짝 차리고 쏠리게 함 　③(어떤...
中心
중심
①한가운데, 복판 　②중요(重要)하고 기본(基本)이 되는 부분(部分), 줏대


-----------------------------------
