명문

*****DEFINITION*****
(가문) noble[prestigious] family; (학교) prestigious school 사학의 명문 the leading private school[university]
名門
名门 míng​mén​   *名门* | 名门* | *名门 famous family / prestigious house 名門
名
이름 명 1. 이름 2. 평판(評判), 소문(所聞) 3. 외관(外觀), 외형(外形) 4. 명분(名分) 5. 공적(功績) 6. 글자, 문자(文字) 7. 이름나다, 훌륭하다 8. 이름하다, 지칭하다(指稱--) [부수]口(입구) [총획]6획 [난이도]중학용, 읽기 7급II, 쓰기 6급
名譽
명예
①세상(世上)에서 인정(認定) 받는 좋은 이름이나 자랑 　②어떤 직위(職位)나 직명(職名) 앞에 쓰이어 그 권위(權威)나 공로(功勞)를 존경(尊敬)하는 뜻으로 쓰이는 이름
名分
명분
명목(名目)이 구별(區別)된 대로 그 사이에 반드시 지켜야 할 도리(道理)나 분수(分數)
名節
명절
①명일을 중심(中心)으로 한 좋은 철 　②민속적(民俗的)으로 해마다 일정(一定)하게 지키어 즐기는 날. 설날, 대보름날, 한식날, 삼짇날, 파일날, 단오날(端午-), 유두날, 백중날, 한가위날, 구월(九月)...
名稱
명칭
사물(事物)이나 현상(現象)을 서로 다른 것 끼리 구별(區別)하여 부르는 이름

門
문 문 1. 문(門) 2. 집안 3. 문벌(門閥) 4. 동문(同門) 5. 전문 6. 방법(方法) 7. 방도(方道ㆍ方途) 8. 가지 9. 과목(科目) 10. 부문(部門) 11. 종류(種類) 12. 분류(分類) 13. 비결(祕訣) 14. 요령 [부수]門(문문) [총획]8획 [난이도]중학용, 읽기 8급, 쓰기 6급II
專門家
전문가
어떤 학과(學科)나 일을 집중적(集中的)으로 연구(硏究)하여 그에 관(關)한 지식(知識)이나 경험(經驗)이 풍부(豐富)한 사람
部門
부문
갈라 놓은 부류(部類)
專門
전문
한 가지의 학문(學問)이나 사업(事業)에만 전적으로 전심함
窓門
창문
공기(空氣)나 빛이 들어올 수 있도록 벽에 만들어 놓은 작은 문(門)


-----------------------------------
승승장구

*****DEFINITION*****
승승장구하다 make a long drive taking advantage of victory, press hard on the heels of enemy, seize[avail oneself of] an opportunity 승승장구하여 driving on without a stop
乘勝長驅
乘勝 乘胜 chéng​shèng​   *乘胜* | 乘胜* | *乘胜 to follow up a victory / to pursue retreating enemy 乘勝
長 长 cháng​   *长* | 长* | *长 length / long / forever / always / constantly 長 HSK 2
  长 zhǎng​   *长* | 长* | *长 chief / head / elder / to grow / to develop / to increase / to enhance 長 HSK 3
驅 驱 qū​   *驱* | 驱* | *驱 to expel / to urge on / to drive / to run quickly 驅
乘
탈 승 1. 타다 2. 오르다 3. 헤아리다 4. 이기다 5. 업신여기다 6. 꾀하다 7. 다스리다 8. 곱하다 9. 불법(佛法) 10. 수레 11. 넷(셋에 하나를 더한 수) 12. 기수사(基數詞: 수량을 셀 때 쓰는 수사), 양수사(量數詞:... [부수]丿(삐침별) [총획]10획 [난이도]중학용, 읽기 3급II, 쓰기 2급
乘客
승객
차, 배, 비행기(飛行機) 등(等)의 탈것을 타는 손님
大乘的
대승적
①불교(佛敎)의 대승(大乘)의 진리(眞理)와 들어맞은 모양(模樣) 　②개인(個人)의 감정(感情)이나 사리(私利) 또는 목전(目前)의 사정(事情)에 매이지 않고, 보다 높고 큰 관점(觀點)에서 판단(判斷)...
便乘
편승
①남이 타고 가는 거마(車馬)의 한 자리를 얻어 탐. 편의(便宜)를 얻어 거마(車馬)를 탐 　②편선(便船)을 탐 　③세태(世態)를 잘 이용(利用)하거나 남의 세력(勢力)을 이용(利用)하여 자신(自身)의 ...
乘用車
승용차
사람이 타는 자동차(自動車)

勝
이길 승 1. 이기다 2. 뛰어나다 3. 훌륭하다 4. 경치(景致)가 좋다 5. 낫다 6. 승리를 거두어 멸망시키다(滅亡---) 7. 넘치다 8. 지나치다 9. 견디다 10. 바르다 11. 곧다 12. 기회(機會)를 활용하다(活用--) 13.... [부수]力(힘력) [총획]12획 [난이도]중학용, 읽기 6급, 쓰기 5급
勝利
승리
겨루어 이김
勝敗
승패
이김과 짐
勝負
승부
이김과 짐
名勝
명승
훌륭하고 이름난 경치(景致)

長
길 장,어른 장 1. 길다 2. 낫다 3. 나아가다 4. 자라다 5. 맏 6. 어른 7. 길이 8. 우두머리 9. 처음 10. 늘 11. 항상(恒常) [부수]長(길장) [총획]8획 [난이도]중학용, 읽기 8급, 쓰기 6급II
長官
장관
①한 관청(官廳)의 으뜸 벼슬 　②국무(國務)를 나누어 맡아보는 각부(各部)의 으뜸 벼슬
成長
성장
①생물(生物)이 자라서 점점 커짐, 또는 성숙(成熟)해짐 　②사물(事物)의 규모(規模)가 커짐
總長
총장
①전체(全體)의 사무(事務)를 관리(管理)하는 으뜸 벼슬 　②종합(綜合) 대학(大學)의 장 　③수도회(修道會)의 대표자(代表者)
延長
연장
①시간(時間)이나 물건(物件)의 길이 따위를 처음에 정(定)한 것보다 늘이어 길게 함 　②여러 선의 길이를 연결(連結)했다고 생각한 때의 그 전체(全體)의 길이

驅
몰 구 1. (말을 타고)몰다 2. 빨리 달리다 3. 내쫓다 4. 내보내다 5. 몰아내다 6. 축출하다(逐出--) 7. 내침 8. 대열(隊列: 줄을 지어 늘어선 행렬) 9. 앞잡이 [부수]馬(말마) [총획]21획 [난이도]고등용, 읽기 3급, 쓰기 2급
驅使
구사
①(사람이나 동물(動物)을) 몰아서 부리는 것 　②(말이나 수단(手段)ㆍ수법(手法) 따위를) 능숙(能熟)하게 다루거나 부리어 사용(使用)하는 것
驅迫
구박
①못 견디게 몹시 굶 　②학대(虐待)함
驅逐艦
구축함
해군(海軍) 함선(艦船)의 한 가지. 어뢰(魚雷)를 주(主) 무기(武器)로 하여,주로 적의 주력함이나 잠수함(潛水艦) 따위를 공격(攻擊)함
驅蟲
구충
해충(害蟲)들을 없애 버림


-----------------------------------
자처하다

*****DEFINITION*****
think of oneself (as), consider oneself (as); (사실과는 다르게) flatter oneself, fancy oneself (as) 그는 자신이 테니스의 일인자라고 자처한다 He fancies himself as the best tennis player.
自處
自 自 zì​   *自* | 自* | *自 self / oneself / from / since / naturally / surely
處 处 chǔ​   *处* | 处* | *处 to reside / to live / to dwell / to be in / to be situated at / to stay / to get along with / to be in a position of / to deal with / to discipline / to punish 處
  处 chù​   *处* | 处* | *处 place / location / spot / point / office / department / bureau / respect / classifier for locations or items of damage: spot, point 處
自
스스로 자 1. 스스로, 몸소, 자기(自己) 2. 저절로, 자연히(自然-) 3. ~서부터 4. 써 5. 진실로(眞實-) 6. 본연(本然) 7. 처음, 시초(始初) 8. 출처(出處) 9. 코(=비(鼻)의 고자(古字)) 10. 말미암다, ~부터 하다... [부수]自(스스로자) [총획]6획 [난이도]중학용, 읽기 7급II, 쓰기 6급
自身
자신
①제 몸 　②딴 말에 붙어서 딴 어떤 것도 아니고 그 스스로임을 강조(强調)할 때 쓰는 말
自由
자유
①남의 구속(拘束)을 받지 않고, 자기(自己) 마음대로 함 　②자기(自己)가 뜻하는 대로 함. 마음내키는 대로 함 　③법률(法律)의 범위(範圍) 안에서 마음대로 하는 행위(行爲). 권리(權利), 의무(義務)를...
自體
자체
①제 몸 　②그 자신(自身) 　③사물(事物)의 본새
自然
자연
①저절로 그렇게 되는 모양(模樣). 사람의 힘을 더하지 않는 천연(天然) 그대로의 상태(狀態) 　②조화(調和)의 힘에 의(依)하여 이루어진 일체(一切)의 것

處
곳 처 1. 곳, 처소(處所) 2. 때, 시간(時間) 3. 지위(地位), 신분 4. 부분(部分) 5. 일정(一定)한 표준(標準) 6. 살다, 거주하다 7. 휴식하다(休息--), 정착하다 8. 머무르다 9. (어떤 지위에)있다, 은거하다... [부수]虍(범호엄) [총획]11획 [난이도]중학용, 읽기 4급II, 쓰기 3급II
處理
처리
①일을 다스려 치러 감 　②사건(事件) 또는 사무(事務)를 갈무리하여 끝장을 냄
措處
조처
일을 정돈(整頓)하여 처리(處理)함
處罰
처벌
①형벌(刑罰)에 처함 　②위법(違法) 행위(行爲)에 대(對)하여 고통(苦痛)을 줌
處暑
처서
스물 네 절기(節氣)의 하나. 입추(立秋)와 백로(白露)의 사이에 있는 절기(節氣). 양력(陽曆) 8월 22일쯤에 듦. 태양(太陽)이 황경(黃經) 150°에 달하는 시각(時刻)


-----------------------------------
비방

*****DEFINITION*****
[명사] slander, [동사] slander, malign 상대 후보를 비방하다 slander the opposing candidate
誹謗
诽谤 fěi​bàng​   *诽谤* | 诽谤* | *诽谤 to slander / to libel 誹謗 HSK 6
誹
헐뜯을 비 1. 헐뜯다 2. 비방하다(誹謗--) 3. 흉을 보다 [부수]言(말씀언) [총획]15획 [난이도]읽기 1급, 쓰기 특급
誹謗
비방
남을 헐뜯어 말함
誹訕
비산
☞ 비방(誹謗)
腹誹
복비
말없이 마음속으로 나무람
誹毁罪
비훼죄
남의 명예(名譽)를 헐뜯어 훼방(毁謗)한 죄(罪)

謗
헐뜯을 방 1. 헐뜯다 2. 나무라다 3. 비방하다(誹謗--) 4. 대답하다(對答--) 5. 헐뜯는 말 [부수]言(말씀언) [총획]17획 [난이도]읽기 1급, 쓰기 특급
誹謗
비방
남을 헐뜯어 말함
毁謗
훼방
①남을 헐뜯어 비방(誹謗)함 　②남의 일을 방해(妨害)함
讒謗
참방
비웃어서 말함. 남을 헐어서 말함
譏謗
기방
남을 헐뜯어서 말함


-----------------------------------
박해

*****DEFINITION*****
[명사] persecution, oppression, [동사] persecute, oppress 그들은 원주민을 노예로 삼고 박해했다 They enslaved and oppressed the natives.
迫害
迫害 pò​hài​   *迫害* | 迫害* | *迫害 to persecute / persecution HSK 6
迫
핍박할 박 1. 핍박하다(逼迫--) 2. 닥치다 3. 줄어들다 4. 가까이하다 5. 궁하다(窮--: 가난하고 어렵다) 6. 좁다 7. 몰리다 8. 다가오다 9. 다급하다(多急--) 10. 허둥거리다 11. 다그치다 [부수]辶(책받침) [총획]9획 [난이도]고등용, 읽기 3급II, 쓰기 2급
壓迫
압박
①내리 누름 　②심리적(心理的)ㆍ정신적(精神的)으로 상대편(相對便)에게 겁을 줌, 또는 군사력(軍事力)ㆍ경제력(經濟力) 등(等)으로 상대편(相對便)의 행동(行動)을 제약(制約)함
脅迫
협박
①을러메서 핍박(逼迫)함 　②남을 두렵게 할 목적(目的)으로 불법(不法)하게 가해(加害)할 뜻을 보임 　③으르고 대듦
切迫
절박
마감, 시기(時期), 기일(期日) 등(等)이 매우 급(急)함
驅迫
구박
①못 견디게 몹시 굶 　②학대(虐待)함

害
해할 해,어느 할,어찌 아니할 갈 1. 해하다(害--) 2. 거리끼다 3. 해롭다(害--) 4. 시기하다(猜忌--) 5. 훼방하다(毁謗--) 6. 방해하다(妨害--) 7. 해 8. 재앙(災殃) 9. 요새 10. 손해(損害) a. 어느 (할) b. 어찌 (할) [부수]宀(갓머리) [총획]10획 [난이도]중학용, 읽기 5급II, 쓰기 4급II
被害
피해
어떤 사람이 재물(財物)을 잃거나 신체적(身體的)ㆍ정신적(精神的)으로 해를 입은 상태(狀態)
侵害
침해
불법적(不法的)으로 남을 해(害)침
弊害
폐해
①폐단(弊端)과 해악(害惡) 　②폐가 되는 나쁜 일 　③나쁘고 해(害)로운 일
妨害
방해
남의 일에 헤살을 놓아 해를 끼침


-----------------------------------
미쁘다

*****DEFINITION*****
(be) trustworthy, reliable, trusty

-----------------------------------
괴수

*****DEFINITION*****
monster 그리스신화에는 반인반마의 형상을 한 켄타우루스라는 괴수가 나온다 In the Greek mythology, there is a half-human, half-horse monster called Centaurs.
怪獸
怪兽 guài​shòu​   *怪兽* | 怪兽* | *怪兽 rare animal / mythical animal / monster 怪獸
怪
괴이할 괴 1. 괴이하다(怪異--) 2. 기이하다(奇異--) 3. 괴상하다(怪常--) 4. 의심하다(疑心--) 5. 의심스럽다(疑心---) 6. 도깨비 7. 유령 [부수]忄(심방변) [총획]8획 [난이도]고등용, 읽기 3급II, 쓰기 2급
怪傑
괴걸
①괴상(怪常)한 재주나 힘이 있는 호걸(豪傑) 　②성질(性質)이나 행동(行動)이 이상(異常)한 호걸(豪傑) 　③정체(正體)를 알 수 없는 인걸(人傑)
怪疾
괴질
①원인(原因)을 알 수 없는 괴상(怪常)한 돌림병 　②콜레라
迂怪
우괴
오괴의 원말
駭怪
해괴
①매우 괴이(怪異)함 　②야릇하고 괴상(怪常)함

獸
짐승 수 1. 짐승 2. 가축(家畜) 3. 야만(野蠻) 4. 하류(下流) 5. 포(脯), 포육(脯肉: 얇게 저미어서 양념을 하여 말린 고기) 6. 짐승같은, 야만스러운 7. 사냥하다 [부수]犬(개견) [총획]19획 [난이도]고등용, 읽기 3급II, 쓰기 2급
猛獸
맹수
육식(肉食)을 주(主)로 하는 매우 사나운 짐승
惡獸
악수
흉악(凶惡)한 짐승
獸醫大
수의대
수의과(獸醫科) 대학(大學)
野獸的
야수적
야수(野獸)와 같이 모질고 사나움


-----------------------------------
지배하다

*****DEFINITION*****
[동사] (흔히 수동태로) 지배[좌우/통제]하다 Prices are governed by market demand. 가격은 시장의 수요에 의해 좌우된다. 3개 뜻 더보기 : [동사] 지배[좌우/통제]하다

-----------------------------------
요동

*****DEFINITION*****
(비행기·배의) pitching, (배가) 요동하다 pitch and roll 천지를 요동하다 shake heaven and earth
搖動
摇动 yáo​dòng​   *摇动* | 摇动* | *摇动 to shake / to sway 搖動
搖
흔들 요 1. 흔들다 2. 흔들리다 3. 움직이다 4. 오르다, 올라가다 5. 멀다, 요원하다(遙遠ㆍ遼遠--) 6. 어지럽히다 7. 빠르다 8. 새매(수릿과의 새) 9. 머리나 상투에 꽂는 장식품(裝飾品) [부수]扌(재방변) [총획]13획 [난이도]고등용, 읽기 3급, 쓰기 2급
搖亂
요란
①시끄럽고 어지러움. 요양(擾攘) 　②암석(巖石)ㆍ지층(地層) 등(等)의 처음 생긴 장소(場所)에서 일어나는 습곡(褶曲) 운동(運動)이나 단층(斷層) 운동(運動) 　③저ㆍ고기압(高氣壓), 전선(前線), 뇌우(雷雨)...
動搖
동요
①흔들려 움직임 　②또는, 그 움직여 흔들림 　③어수선하고 떠들썩하여 갈팡질팡함
搖動
요동
흔들리어 움직임
搖籃
요람
젖먹이를 놀게 하거나 재우기 위(爲)하여 올려놓고 흔들도록 만든 물건(物件)

動
움직일 동 1. 움직이다 2. 옮기다 3. 흔들리다 4. 동요하다(動搖--) 5. 떨리다 6. 느끼다 7. 감응하다(感應--) 8. 일하다 9. 변하다(變--) 10. 일어나다 11. 시작하다(始作--) 12. 나오다 13. 나타나다 14. 어지럽다 [부수]力(힘력) [총획]11획 [난이도]중학용, 읽기 7급II, 쓰기 6급
活動
활동
①기운(氣運)차게 움직임 　②무슨 일의 성과(成果)를 거두려고 운동(運動)함
運動
운동
①물체(物體)가 시간(時間)의 경과(經過)에 따라 위치(位置)를 바꾸는 일 　②몸을 단련(鍛鍊)하거나 건강(健康)을 보존(保存)하기 위(爲)하여 몸을 움직이는 일 　③어떤 목적(目的)을 달성(達成)하기...
不動産
부동산
토지(土地)나 집처럼 움직여서 옮길 수가 없는 재산(財産). 민법(民法) 상(上) 토지(土地) 및 건물(建物). 입목(立木)과 같은 토지(土地) 정착물(定着物)
行動
행동
①동작(動作)을 하여 행(行)하는 일 　②반사적(反射的), 본능적(本能的)인 동작(動作)이나 반응(反應)ㆍ자극(刺戟)에 대(對)한 근육(筋肉) 반응(反應)이나 내분비(內分泌)샘의 작용(作用) 상태(狀態)...


-----------------------------------
낙도

*****DEFINITION*****
(외딴섬) remote island, distant island
落島
落 落 là​   *落* | 落* | *落 to leave out / to be missing / to leave behind or forget to bring / to lag or fall behind
  落 lào​   *落* | 落* | *落 see 落枕 and 落炕
  落 luò​   *落* | 落* | *落 to fall or drop / (of the sun) to set / (of a tide) to go out / to lower / to decline or sink / to lag or fall behind / to fall onto / to rest with / to get or receive / to write down / whereabouts / settlement
島 岛 dǎo​   *岛* | 岛* | *岛 island / CL: 個｜个, 座 島 HSK 5
落
떨어질 락,떨어질 낙 1. 떨어지다 2. 떨어뜨리다 3. 이루다 4. 준공하다(竣工--) 5. 두르다 6. 쓸쓸하다 7. 죽다 8. 낙엽(落葉) 9. 마을 10. 빗방울 11. 울타리 [부수]艹(초두머리) [총획]13획 [난이도]중학용, 읽기 5급, 쓰기 4급
墜落
추락
높은 곳에서 떨어짐
下落
하락
값이나 등급(等級) 따위가 떨어짐
墮落
타락
①품행(品行)이 나빠서 못된 구렁에 빠짐 　②도심(道心)을 잃고 속심(俗心)으로 떨어짐 　③죄(罪)를 범(犯)하여 불신(不信)의 생활(生活)에 빠짐
漏落
누락
기록(記錄)에서 빠짐

島
섬 도 1. 섬 [부수]山(뫼산) [총획]10획 [난이도]중학용, 읽기 5급, 쓰기 4급
獨島
독도
경북(慶北) 울릉군(鬱陵郡) 울릉읍(鬱陵邑) 독도리(獨島里)에 딸린 섬
韓半島
한반도
＇우리나라＇를 지형적(地形的)으로 일컫는 말
汝矣島
여의도
서울 영등포(永登浦)구(永登浦區) 여의도동에 딸린 한강(漢江)의 하중도(河中島). 한강(漢江)에 발달(發達)한 범람원으로 영등포(永登浦) 쪽에 작은 샛강이 있음
鬱陵島
울릉도
경상북도(慶尙北道) 동쪽 동해(東海) 상(上)에 있는 섬


-----------------------------------
