단

*****DEFINITION*****
(다만) 어디에 가도 좋다. 단, 저녁까지는 돌아와라 You may go wherever you like, provided (that) you come back by evening.
但
但 dàn​   *但* | 但* | *但 but / yet / however / only / merely / still
但
다만 단,거짓 탄 1. 다만, 오직 2. 그러나, 그렇지만 3. 기탄없이(忌憚--), 거리낌없이 4. 다만 ~만 한다면 a. 거짓(=誕) (탄) [부수]亻(사람인변) [총획]7획 [난이도]중학용, 읽기 3급II, 쓰기 2급
但只
단지
다만, 겨우, 오직, 한갓
非但
비단
부정(否定)의 뜻을 가진 문맥(文脈) 속에서 ＇다만＇, ＇오직＇의 뜻을 나타냄
但書
단서
첫머리에 ＇단(但)＇자를 붙여 그 앞에 나옴. 본문(本文)의 설명(說明)이나 조건(條件)ㆍ예외(例外) 등(等)을 밝혀 나타내는 글
不但空
부단공
유(有)를 인정(認定)치 않는 공(空)도 역시 공하다는 절대(絶對) 부정(否定)의 공


-----------------------------------
나침반

*****DEFINITION*****
compass 나침반의 바늘이 북쪽을 가리키고 있다 A compass needle is pointing north.
羅針盤
羅 罗 Luó​   *罗* | 罗* | *罗 surname Luo 羅
  罗 luó​   *罗* | 罗* | *罗 gauze / to collect / to gather / to catch / to sift 羅
針 针 zhēn​   *针* | 针* | *针 needle / pin / injection / stitch / CL: 根, 支 針
盤 盘 pán​   *盘* | 盘* | *盘 plate / dish / tray / board / hard drive (computing) / to build / to coil / to check / to examine / to transfer (property) / to make over / classifier for food: dish, helping / to coil / classifier for coils of wire / classifier for games of chess 盤
羅
벌일 나,벌일 라,그물 나,그물 라 1. 벌이다(일을 계획하여 시작하거나 펼쳐 놓다) 2. 벌이어 놓다 3. 늘어서다 4. 두르다 5. 그물치다, 그물질하다 6. 망라하다(網羅--) 7. 체질하다, 체로 치다 8. 맞딱뜨리다, 걸려들다 9. 막다, 차단... [부수]罒(그물망머리) [총획]19획 [난이도]고등용, 읽기 4급II, 쓰기 3급II
新羅
신라
우리나라 삼국(三國) 시대(時代)의 한 나라. 박혁거세(朴赫居世)가 지금의 영남(嶺南) 지방(地方)을 중심(中心)으로 건국(建國)했는데, 29대 태종(太宗) 무열왕(武烈王) 때 백제(百濟)와 고구려(高句麗)를...
網羅
망라
물고기를 잡는 그물과 날짐승을 잡는 그물이란 뜻에서, 　①널리 빠짐없이 모음 　②모두 휘몰아 넣어 포함(包含)시킴
歐羅巴
구라파
유럽의 음역(音譯)
尸羅
시라
☞ 신라(新羅)

針
바늘 침 1. 바늘 2. 침(針: 바늘) 3. 가시 4. 바느질하다 5. 침을 놓다 6. 찌르다 [부수]金(쇠금) [총획]10획 [난이도]중학용, 읽기 4급, 쓰기 3급
方針
방침
①앞으로 일을 치러 나갈 방향(方向)과 계획(計劃) 　②방위(方位)를 가리키는 자석의 바늘
指針
지침
①지시(指示) 장치(裝置)에 붙어 있는 바늘 　②사물(事物)의 방침(方針) 　③지시(指示), 인도(引導)하는 요인(要因)
針葉樹
침엽수
소나무, 잣나무와 같이 잎이 바늘 모양(模樣)으로 생긴 나무의 총칭(總稱). 소나무ㆍ잣나무ㆍ향나무 따위. 바늘잎나무
針房
침방
궁중(宮中)에서 침모들이 바느질하는 곳

盤
소반 반 1. 소반 2. 쟁반 3. 받침 4. 바탕 5. 대야(둥글넓적한 그릇) 6. 넓고 큰 모양 7. 큰 돌 8. 굽다 9. 돌다 10. 돌다 11. 서리다 [부수]皿(그릇명) [총획]15획 [난이도]고등용, 읽기 3급II, 쓰기 2급
基盤
기반
사물(事物)의 밑바탕. 터전
初盤
초반
①바둑ㆍ장기(將棋) 등(等)에서, 승부(勝負)의 첫판 　②또는, 한 대국의 첫 단계(段階) 　③바둑의 포석의 단계(段階)
地盤
지반
①땅의 표면(表面) 　②공작물(工作物) 등(等)을 설치(設置)하는 기초(基礎)가 되는 땅 　③일을 이루는 근거지(根據地) 　④성공(成功)한 지위(地位) 또는 장소(場所)
音盤
음반
축음기(蓄音機)의 레코드(record)


-----------------------------------
만만하다

*****DEFINITION*****
그는 절대 만만하지 않다 He is not easy to deal with.

-----------------------------------
신세

*****DEFINITION*****
(형편, 처지) 신세를 망치다 ruin one's life 2개 뜻 더보기 : (형편, 처지)
身世
身世 shēn​shì​   *身世* | 身世* | *身世 one's life experience / one's lot / one's past history
身
몸 신,나라 이름 건 1. 몸, 신체(身體) 2. 줄기, 주(主)된 부분(部分) 3. 나, 1인칭 대명사(代名詞) 4. 자기(自己), 자신(自身) 5. 출신(出身), 신분(身分) 6. 몸소, 친히(親-) 7. 나이 8. (아이를)배다 9. 체험하다(體驗--)... [부수]身(몸신) [총획]7획 [난이도]중학용, 읽기 6급II, 쓰기 5급II
自身
자신
①제 몸 　②딴 말에 붙어서 딴 어떤 것도 아니고 그 스스로임을 강조(强調)할 때 쓰는 말
代身
대신
①남을 대리(代理) 함 　②새것으로나 다른 것으로 바꾸어 갈아 채움 　③어떠한 행위(行爲)나 현상(現象)에 상응(相應)하는 것이거나 그의 대가(代價)임을 나타내는 말
出身
출신
①무슨 지방(地方)이나 학교(學校)ㆍ직업(職業) 등(等)으로부터 나온 신분(身分) 　②처음으로 벼슬길에 나섬
身體
신체
사람의 몸

世
인간 세,대 세 1. 인간(人間) 2. 일생(一生) 3. 생애(生涯) 4. 한평생(-平生) 5. 대(代), 세대(世代) 6. 세간(世間: 세상 일반) 7. 시대(時代) 8. 시기(時期) 9. 백 년(百年) 10. 맏 11. 세상(世上) 12. 성(姓)의 하나... [부수]一(한일) [총획]5획 [난이도]중학용, 읽기 7급II, 쓰기 6급
世界
세계
①온 세상(世上) 　②지구(地球) 상(上)의 모든 나라 　③지구(地球) 전체(全體)
世上
세상
①인류(人類)가 살고 있는 지구(地球) 위 　②한 사람이 태어나서 죽을 때까지의 동안 　③활동(活動)하거나 생활(生活)하고 있는 사회(社會) 　④천상(天上)에 대(對)한 지상(地上) 　⑤제 마음대로 판을...
世襲
세습
그 집에 속(屬)하는 신분(身分), 재산(財産), 작위(爵位), 업무(業務) 등(等)을 대대(代代)로 물려받는 일
世界的
세계적
한 나라에 국한(局限)하지 않고 세계(世界) 전체(全體)의 범위(範圍)나 규모(規模)로 되는 것


-----------------------------------
타령

*****DEFINITION*****
(국악) taryeong, traditional Korean ballad 2개 뜻 더보기 : (국악) taryeong, traditional Korean ballad
打令
打 打 dá​   *打* | 打* | *打 dozen (loanword)
  打 dǎ​   *打* | 打* | *打 to beat / to strike / to hit / to break / to type / to mix up / to build / to fight / to fetch / to make / to tie up / to issue / to shoot / to calculate / to play (a game) / since / from
令 令 Líng​   *令* | 令* | *令 see 令狐
  令 líng​   *令* | 令* | *令 see 脊令
  令 lǐng​   *令* | 令* | *令 classifier for a ream of paper
  令 lìng​   *令* | 令* | *令 to order / to command / an order / warrant / writ / to cause / to make sth happen / virtuous / honorific title / season / government position (old)
打
칠 타 1. 치다, 때리다 2. 말하다, 사다, 세다, 더하다 3. 및, 와 4. 타, 다스 5. 어떤 동작(動作)을 함을 뜻하는 접두어 [부수]扌(재방변) [총획]5획 [난이도]중학용, 읽기 5급, 쓰기 4급
打擊
타격
①때리어 침 　②어떤 영향(影響)을 받아서 기운(氣運)이 크게 꺾임. 쇼크 　③손해(損害). 손실(損失) 　④야구(野球)에서, 투수(投手)가 던지는 공을 배트로 침. 타봉(打棒)
毆打
구타
사람을 때리고 침
打破
타파
①규정(規定)이나 관습(慣習) 등(等)을 깨뜨려 버림 　②또는, 장애(障礙)가 되던 것을 제거(除去)함
打撲
타박
(동물(動物)이나 사람을)때리어 침

令
하여금 령,하여금 영 1. 하여금 2. 가령(假令) 3. 이를테면 4. 법령(法令), 규칙(規則) 5. 벼슬 6. 남을 높이는 말 7. 장관, 관아(官衙)의 우두머리 8. 방울 소리 9. 철(계절) 10. ~하게 하다 11. 명령하다(命令--) 12. 포... [부수]人(사람인) [총획]5획 [난이도]중학용, 읽기 5급, 쓰기 4급
命令
명령
윗사람이 아랫사람에게 무엇을 하도록 시킴
令愛
영애
＇남의 딸＇의 높임말
令狀
영장
①법원(法院)이 형사(刑事) 사건(事件)에 관련(關聯)되는 사람이나 물건(物件)에 대(對)한 체포(逮捕), 구금(拘禁), 수색(搜索), 압수(押收) 따위 강제(强制) 처분(處分)을 하라고 내주는 문서(文書)....
司令官
사령관
군대(軍隊) 등(等)에서 군(軍), 함대(艦隊) 따위를 지휘(指揮), 통솔(統率)하는 직책(職責)


-----------------------------------
아련하다

*****DEFINITION*****
faint, dim 멀리 백두산이 아련히 보인다 I can see Mt. Baekdu dimly in the distance.

-----------------------------------
가련하다

*****DEFINITION*****
pitiful, pathetic, (S) poor, (formal) pitiable 가련히 여기다 pity

-----------------------------------
화려하다

*****DEFINITION*****
(모양·차림새 등이) fancy, showy, (formal) splendid; (색깔 등이) colorful 화려한 것을 좋아하다 like fancy things[stuff] 3개 뜻 더보기 : (모양·차림새 등이) fancy, showy, (formal) splendid; (색깔 등이) colorful
華麗
华丽 huá​lì​   *华丽* | 华丽* | *华丽 gorgeous 華麗 HSK 6
華
빛날 화 1. 빛나다 2. 찬란하다(燦爛ㆍ粲爛--) 3. 화려하다(華麗--) 4. 사치하다(奢侈--) 5. 호화롭다(豪華--) 6. 번성하다(蕃盛ㆍ繁盛--) 7. 머리 세다 8. 꽃 9. 광채(光彩) 10. 때 11. 세월(歲月) 12. 시간(時間)... [부수]艹(초두머리) [총획]12획 [난이도]중학용, 읽기 4급, 쓰기 3급
華婚
화혼
남의 혼인(婚姻)의 미칭(美稱)
華麗
화려
빛나고 아름다움
祝華婚
축화혼
결혼(結婚)을 축하(祝賀)함. 경조사(慶弔事)의 서식(書式)
昇華
승화
①(물리학(物理學), 화학(化學)) 고체(固體)가 액체(液體) 상태(狀態)를 거치지 않고 곧바로 기체(氣體)로 변(變)하는 현상(現象). 상온(常溫)에서는 나프탈렌ㆍ드라이 아이스 등(等)에서 그 예를 볼 수...

麗
고울 려,고울 여 1. 곱다 2. 아름답다 3. 맑다 4. 짝짓다 5. 빛나다 6. 매다 7. 붙다(부착) 8. 나라의 이름 9. 마룻대(용마루 밑에 서까래가 걸리게 된 도리) 10. 짝 11. 수, 수효(數爻) [부수]鹿(사슴록) [총획]19획 [난이도]고등용, 읽기 4급II, 쓰기 3급II
高句麗
고구려
B.C. 37년 북부여(北扶餘)의 주몽(朱蒙) 동명왕(東明王)이 세워 A.D. 668년 28대 보장왕(寶藏王) 27년에 이르러 나(羅)ㆍ당(唐) 연합군(聯合軍)에 망한 삼국(三國) 시대(時代)의 한 나라. 700여 년 동안...
高麗
고려
①중세에 세워진 통일(統一) 왕조(王朝). 태봉국(泰封國)의 장수(將帥) 왕건(王建)이 918년 임금인 궁예(弓裔)를 몰아내고 송악(松嶽)에 도읍(都邑)하여 세운 나라. 태조(太祖) 18(935)년에 신라(新羅)를...
華麗
화려
빛나고 아름다움
高麗葬
고려장
①삼국(三國) 시대(時代)에 후장(厚葬)하던 풍속(風俗), 또는 그 고분(古墳). 곧 관곽(棺槨) 봉토(封土)가 웅대(雄大)하며 재물(財物)과 인력(人力)을 기울여 금은 주옥(金銀珠玉)의 찬란(燦爛)한 수식...


-----------------------------------
낙오감

*****DEFINITION*****
-----------------------------------
괜하다

*****DEFINITION*****
(be) useless, fruitless, futile, unavailing, vain, unnecessary, needless, pointless, empty, idle, gratuitous 괜한 걱정 an idle fear

-----------------------------------
비관

*****DEFINITION*****
[명사] pessimism, [동사] be pessimistic (about), take a pessimistic[dark] view (on/of), be despondent (about) 그렇게 비관할 필요 없다 You don't have to be so pessimistic (about it).
悲觀
悲观 bēi​guān​   *悲观* | 悲观* | *悲观 pessimistic 悲觀 HSK 5
悲
슬플 비 1. 슬프다, 서럽다 2. 슬퍼하다, 마음을 아파하다 3. 슬픔, 비애 4. 동정(同情), 가엾이 여기는 마음, 가엾게 여겨 은혜(恩惠)를 베푸는 일 5. 가엾게 여겨 은혜(恩惠)를 베푸는 일 [부수]心(마음심) [총획]12획 [난이도]중학용, 읽기 4급II, 쓰기 3급II
悲劇
비극
①슬프고 비참(悲慘)한 세상(世上)이나 인생(人生)을 소재(素材)로 하여 죽음, 파멸(破滅), 패배(敗北), 고뇌(苦惱) 등(等) 불행(不幸)한 내용(內容)으로 된 연극(演劇) 　②인생(人生)에서 일어나는 ...
悲鳴
비명
갑작스러운 위험(危險)이나 두려움 때문에 지르는 외마디 소리
慈悲心
자비심
①사랑하고 가엽게 여기는 마음 　②중생(衆生)에게 자비(慈悲)를 베푸는 마음
悲嘆
비탄
☞ 비탄(悲歎)

觀
볼 관 1. 보다 2. 보이게 하다 3. 보게 하다 4. 나타내다 5. 점치다(占--) 6. 모양 7. 용모(容貌) 8. 생각 9. 누각(樓閣: 문과 벽이 없이 다락처럼 높이 지은 집) 10. 황새 11. 괘(卦)의 이름 [부수]見(볼견) [총획]25획 [난이도]중학용, 읽기 5급II, 쓰기 4급II
觀光
관광
다른 지방(地方)이나 나라의 명승(名勝)ㆍ고적(古蹟)과 풍속(風俗) 등(等)을 돌아다니며 구경하는 것
觀測
관측
①자연(自然) 현상(現象)의 추이 　②변화(變化)를 정확(正確), 세밀(細密)하게 관찰(觀察)하여 수량적(數量的)인 측정(測定)을 헤아림 　③사물(事物)을 살펴 봄
客觀的
객관적
객관(客觀)을 기초(基礎)로 한 모양(模樣)
觀察
관찰
사물(事物)을 잘 살펴 봄


-----------------------------------
